[0.275s] Invoking command in '/home/kush/UR5_Project_New/build/hello_moveit': AMENT_PREFIX_PATH=/home/kush/UR5_Project_New/install/moveit_ros_planning_interface:/home/kush/UR5_Project_New/install/moveit_ros_move_group:/home/kush/UR5_Project_New/install/moveit_ros_warehouse:/home/kush/UR5_Project_New/install/moveit_kinematics:/home/kush/UR5_Project_New/install/moveit_ros_planning:/home/kush/UR5_Project_New/install/moveit_ros_occupancy_map_monitor:/home/kush/UR5_Project_New/install/moveit_core:/home/kush/UR5_Project_New/install/srdfdom:/home/kush/UR5_Project_New/install/moveit_common:${AMENT_PREFIX_PATH} CMAKE_PREFIX_PATH=/home/kush/UR5_Project_New/install/moveit_ros_planning_interface:/home/kush/UR5_Project_New/install/moveit_ros_move_group:/home/kush/UR5_Project_New/install/moveit_ros_warehouse:/home/kush/UR5_Project_New/install/moveit_kinematics:/home/kush/UR5_Project_New/install/moveit_ros_planning:/home/kush/UR5_Project_New/install/moveit_ros_occupancy_map_monitor:/home/kush/UR5_Project_New/install/moveit_core:/home/kush/UR5_Project_New/install/srdfdom:/home/kush/UR5_Project_New/install/moveit_common:/opt/ros/humble LD_LIBRARY_PATH=/home/kush/UR5_Project_New/install/moveit_ros_planning_interface/lib:/home/kush/UR5_Project_New/install/moveit_ros_move_group/lib:/home/kush/UR5_Project_New/install/moveit_ros_warehouse/lib:/home/kush/UR5_Project_New/install/moveit_kinematics/lib:/home/kush/UR5_Project_New/install/moveit_ros_planning/lib:/home/kush/UR5_Project_New/install/moveit_ros_occupancy_map_monitor/lib:/home/kush/UR5_Project_New/install/moveit_core/lib:/home/kush/UR5_Project_New/install/srdfdom/lib:${LD_LIBRARY_PATH} PATH=/home/kush/UR5_Project_New/install/moveit_core/bin:${PATH} PYTHONPATH=/home/kush/UR5_Project_New/install/srdfdom/local/lib/python3.10/dist-packages:${PYTHONPATH} /usr/bin/cmake /home/kush/UR5_Project_New/src/hello_moveit -DCMAKE_INSTALL_PREFIX=/home/kush/UR5_Project_New/install/hello_moveit
[0.352s] -- Found ament_cmake: 1.3.5 (/opt/ros/humble/share/ament_cmake/cmake)
[0.847s] -- Found moveit_ros_planning_interface: 2.5.4 (/home/kush/UR5_Project_New/install/moveit_ros_planning_interface/share/moveit_ros_planning_interface/cmake)
[0.886s] -- Found Boost: /usr/lib/x86_64-linux-gnu/cmake/Boost-1.74.0/BoostConfig.cmake (found version "1.74.0") found components: date_time filesystem program_options system thread 
[1.002s] -- Found rosidl_generator_c: 3.1.5 (/opt/ros/humble/share/rosidl_generator_c/cmake)
[1.026s] -- Found rosidl_adapter: 3.1.5 (/opt/ros/humble/share/rosidl_adapter/cmake)
[1.077s] -- Found rosidl_generator_cpp: 3.1.5 (/opt/ros/humble/share/rosidl_generator_cpp/cmake)
[1.194s] -- Using all available rosidl_typesupport_c: rosidl_typesupport_fastrtps_c;rosidl_typesupport_introspection_c
[1.248s] -- Using all available rosidl_typesupport_cpp: rosidl_typesupport_fastrtps_cpp;rosidl_typesupport_introspection_cpp
[4.598s] -- Found Boost: /usr/lib/x86_64-linux-gnu/cmake/Boost-1.74.0/BoostConfig.cmake (found version "1.74.0") found components: chrono date_time filesystem iostreams program_options regex serialization system thread 
[4.637s] -- Found parameter_traits: 0.3.3 (/opt/ros/humble/share/parameter_traits/cmake)
[5.000s] -- Found rmw_implementation_cmake: 6.1.1 (/opt/ros/humble/share/rmw_implementation_cmake/cmake)
[5.017s] -- Found rmw_fastrtps_cpp: 6.2.3 (/opt/ros/humble/share/rmw_fastrtps_cpp/cmake)
[5.553s] -- Using RMW implementation 'rmw_fastrtps_cpp' as default
[6.277s] -- Found rclcpp_lifecycle: 16.0.5 (/opt/ros/humble/share/rclcpp_lifecycle/cmake)
[6.469s] -- Found Boost: /usr/lib/x86_64-linux-gnu/cmake/Boost-1.74.0/BoostConfig.cmake (found version "1.74.0") found components: filesystem 
[6.593s] -- library: /usr/lib/x86_64-linux-gnu/libcurl.so
[7.278s] -- Ensuring Eigen3 include directory is part of orocos-kdl CMake target
[9.247s] -- Found Boost: /usr/lib/x86_64-linux-gnu/cmake/Boost-1.74.0/BoostConfig.cmake (found version "1.74.0") found components: system filesystem date_time program_options thread chrono 
[11.365s] -- Found Boost: /usr/lib/x86_64-linux-gnu/cmake/Boost-1.74.0/BoostConfig.cmake (found version "1.74.0") found components: thread system filesystem regex date_time program_options 
[12.563s] -- Found Boost: /usr/lib/x86_64-linux-gnu/cmake/Boost-1.74.0/BoostConfig.cmake (found version "1.74.0") found components: system filesystem date_time program_options thread 
[14.610s] -- Found ament_lint_auto: 0.12.7 (/opt/ros/humble/share/ament_lint_auto/cmake)
[14.996s] -- Added test 'cppcheck' to perform static code analysis on C / C++ code
[14.999s] -- Configured cppcheck include dirs: $<BUILD_INTERFACE:/home/kush/UR5_Project_New/src/hello_moveit/include>
[15.000s] -- Configured cppcheck exclude dirs and/or files: 
[15.004s] -- Added test 'lint_cmake' to check CMake code style
[15.010s] -- Added test 'uncrustify' to check C / C++ code style
[15.011s] -- Configured uncrustify additional arguments: 
[15.014s] -- Added test 'xmllint' to check XML markup files
[15.034s] -- Configuring done
[15.184s] -- Generating done
[15.193s] -- Build files have been written to: /home/kush/UR5_Project_New/build/hello_moveit
[15.257s] Invoked command in '/home/kush/UR5_Project_New/build/hello_moveit' returned '0': AMENT_PREFIX_PATH=/home/kush/UR5_Project_New/install/moveit_ros_planning_interface:/home/kush/UR5_Project_New/install/moveit_ros_move_group:/home/kush/UR5_Project_New/install/moveit_ros_warehouse:/home/kush/UR5_Project_New/install/moveit_kinematics:/home/kush/UR5_Project_New/install/moveit_ros_planning:/home/kush/UR5_Project_New/install/moveit_ros_occupancy_map_monitor:/home/kush/UR5_Project_New/install/moveit_core:/home/kush/UR5_Project_New/install/srdfdom:/home/kush/UR5_Project_New/install/moveit_common:${AMENT_PREFIX_PATH} CMAKE_PREFIX_PATH=/home/kush/UR5_Project_New/install/moveit_ros_planning_interface:/home/kush/UR5_Project_New/install/moveit_ros_move_group:/home/kush/UR5_Project_New/install/moveit_ros_warehouse:/home/kush/UR5_Project_New/install/moveit_kinematics:/home/kush/UR5_Project_New/install/moveit_ros_planning:/home/kush/UR5_Project_New/install/moveit_ros_occupancy_map_monitor:/home/kush/UR5_Project_New/install/moveit_core:/home/kush/UR5_Project_New/install/srdfdom:/home/kush/UR5_Project_New/install/moveit_common:/opt/ros/humble LD_LIBRARY_PATH=/home/kush/UR5_Project_New/install/moveit_ros_planning_interface/lib:/home/kush/UR5_Project_New/install/moveit_ros_move_group/lib:/home/kush/UR5_Project_New/install/moveit_ros_warehouse/lib:/home/kush/UR5_Project_New/install/moveit_kinematics/lib:/home/kush/UR5_Project_New/install/moveit_ros_planning/lib:/home/kush/UR5_Project_New/install/moveit_ros_occupancy_map_monitor/lib:/home/kush/UR5_Project_New/install/moveit_core/lib:/home/kush/UR5_Project_New/install/srdfdom/lib:${LD_LIBRARY_PATH} PATH=/home/kush/UR5_Project_New/install/moveit_core/bin:${PATH} PYTHONPATH=/home/kush/UR5_Project_New/install/srdfdom/local/lib/python3.10/dist-packages:${PYTHONPATH} /usr/bin/cmake /home/kush/UR5_Project_New/src/hello_moveit -DCMAKE_INSTALL_PREFIX=/home/kush/UR5_Project_New/install/hello_moveit
[15.266s] Invoking command in '/home/kush/UR5_Project_New/build/hello_moveit': AMENT_PREFIX_PATH=/home/kush/UR5_Project_New/install/moveit_ros_planning_interface:/home/kush/UR5_Project_New/install/moveit_ros_move_group:/home/kush/UR5_Project_New/install/moveit_ros_warehouse:/home/kush/UR5_Project_New/install/moveit_kinematics:/home/kush/UR5_Project_New/install/moveit_ros_planning:/home/kush/UR5_Project_New/install/moveit_ros_occupancy_map_monitor:/home/kush/UR5_Project_New/install/moveit_core:/home/kush/UR5_Project_New/install/srdfdom:/home/kush/UR5_Project_New/install/moveit_common:${AMENT_PREFIX_PATH} CMAKE_PREFIX_PATH=/home/kush/UR5_Project_New/install/moveit_ros_planning_interface:/home/kush/UR5_Project_New/install/moveit_ros_move_group:/home/kush/UR5_Project_New/install/moveit_ros_warehouse:/home/kush/UR5_Project_New/install/moveit_kinematics:/home/kush/UR5_Project_New/install/moveit_ros_planning:/home/kush/UR5_Project_New/install/moveit_ros_occupancy_map_monitor:/home/kush/UR5_Project_New/install/moveit_core:/home/kush/UR5_Project_New/install/srdfdom:/home/kush/UR5_Project_New/install/moveit_common:/opt/ros/humble LD_LIBRARY_PATH=/home/kush/UR5_Project_New/install/moveit_ros_planning_interface/lib:/home/kush/UR5_Project_New/install/moveit_ros_move_group/lib:/home/kush/UR5_Project_New/install/moveit_ros_warehouse/lib:/home/kush/UR5_Project_New/install/moveit_kinematics/lib:/home/kush/UR5_Project_New/install/moveit_ros_planning/lib:/home/kush/UR5_Project_New/install/moveit_ros_occupancy_map_monitor/lib:/home/kush/UR5_Project_New/install/moveit_core/lib:/home/kush/UR5_Project_New/install/srdfdom/lib:${LD_LIBRARY_PATH} PATH=/home/kush/UR5_Project_New/install/moveit_core/bin:${PATH} PYTHONPATH=/home/kush/UR5_Project_New/install/srdfdom/local/lib/python3.10/dist-packages:${PYTHONPATH} /usr/bin/cmake --build /home/kush/UR5_Project_New/build/hello_moveit -- -j4 -l4
[15.594s] [35m[1mConsolidate compiler generated dependencies of target hello_moveit[0m
[15.706s] [ 50%] [32mBuilding CXX object CMakeFiles/hello_moveit.dir/src/hello_moveit.cpp.o[0m
[45.674s] [100%] [32m[1mLinking CXX executable hello_moveit[0m
[50.525s] [100%] Built target hello_moveit
[50.598s] Invoked command in '/home/kush/UR5_Project_New/build/hello_moveit' returned '0': AMENT_PREFIX_PATH=/home/kush/UR5_Project_New/install/moveit_ros_planning_interface:/home/kush/UR5_Project_New/install/moveit_ros_move_group:/home/kush/UR5_Project_New/install/moveit_ros_warehouse:/home/kush/UR5_Project_New/install/moveit_kinematics:/home/kush/UR5_Project_New/install/moveit_ros_planning:/home/kush/UR5_Project_New/install/moveit_ros_occupancy_map_monitor:/home/kush/UR5_Project_New/install/moveit_core:/home/kush/UR5_Project_New/install/srdfdom:/home/kush/UR5_Project_New/install/moveit_common:${AMENT_PREFIX_PATH} CMAKE_PREFIX_PATH=/home/kush/UR5_Project_New/install/moveit_ros_planning_interface:/home/kush/UR5_Project_New/install/moveit_ros_move_group:/home/kush/UR5_Project_New/install/moveit_ros_warehouse:/home/kush/UR5_Project_New/install/moveit_kinematics:/home/kush/UR5_Project_New/install/moveit_ros_planning:/home/kush/UR5_Project_New/install/moveit_ros_occupancy_map_monitor:/home/kush/UR5_Project_New/install/moveit_core:/home/kush/UR5_Project_New/install/srdfdom:/home/kush/UR5_Project_New/install/moveit_common:/opt/ros/humble LD_LIBRARY_PATH=/home/kush/UR5_Project_New/install/moveit_ros_planning_interface/lib:/home/kush/UR5_Project_New/install/moveit_ros_move_group/lib:/home/kush/UR5_Project_New/install/moveit_ros_warehouse/lib:/home/kush/UR5_Project_New/install/moveit_kinematics/lib:/home/kush/UR5_Project_New/install/moveit_ros_planning/lib:/home/kush/UR5_Project_New/install/moveit_ros_occupancy_map_monitor/lib:/home/kush/UR5_Project_New/install/moveit_core/lib:/home/kush/UR5_Project_New/install/srdfdom/lib:${LD_LIBRARY_PATH} PATH=/home/kush/UR5_Project_New/install/moveit_core/bin:${PATH} PYTHONPATH=/home/kush/UR5_Project_New/install/srdfdom/local/lib/python3.10/dist-packages:${PYTHONPATH} /usr/bin/cmake --build /home/kush/UR5_Project_New/build/hello_moveit -- -j4 -l4
[50.912s] Invoking command in '/home/kush/UR5_Project_New/build/hello_moveit': AMENT_PREFIX_PATH=/home/kush/UR5_Project_New/install/moveit_ros_planning_interface:/home/kush/UR5_Project_New/install/moveit_ros_move_group:/home/kush/UR5_Project_New/install/moveit_ros_warehouse:/home/kush/UR5_Project_New/install/moveit_kinematics:/home/kush/UR5_Project_New/install/moveit_ros_planning:/home/kush/UR5_Project_New/install/moveit_ros_occupancy_map_monitor:/home/kush/UR5_Project_New/install/moveit_core:/home/kush/UR5_Project_New/install/srdfdom:/home/kush/UR5_Project_New/install/moveit_common:${AMENT_PREFIX_PATH} CMAKE_PREFIX_PATH=/home/kush/UR5_Project_New/install/moveit_ros_planning_interface:/home/kush/UR5_Project_New/install/moveit_ros_move_group:/home/kush/UR5_Project_New/install/moveit_ros_warehouse:/home/kush/UR5_Project_New/install/moveit_kinematics:/home/kush/UR5_Project_New/install/moveit_ros_planning:/home/kush/UR5_Project_New/install/moveit_ros_occupancy_map_monitor:/home/kush/UR5_Project_New/install/moveit_core:/home/kush/UR5_Project_New/install/srdfdom:/home/kush/UR5_Project_New/install/moveit_common:/opt/ros/humble LD_LIBRARY_PATH=/home/kush/UR5_Project_New/install/moveit_ros_planning_interface/lib:/home/kush/UR5_Project_New/install/moveit_ros_move_group/lib:/home/kush/UR5_Project_New/install/moveit_ros_warehouse/lib:/home/kush/UR5_Project_New/install/moveit_kinematics/lib:/home/kush/UR5_Project_New/install/moveit_ros_planning/lib:/home/kush/UR5_Project_New/install/moveit_ros_occupancy_map_monitor/lib:/home/kush/UR5_Project_New/install/moveit_core/lib:/home/kush/UR5_Project_New/install/srdfdom/lib:${LD_LIBRARY_PATH} PATH=/home/kush/UR5_Project_New/install/moveit_core/bin:${PATH} PYTHONPATH=/home/kush/UR5_Project_New/install/srdfdom/local/lib/python3.10/dist-packages:${PYTHONPATH} /usr/bin/cmake --install /home/kush/UR5_Project_New/build/hello_moveit
[50.950s] -- Install configuration: "Debug"
[50.981s] -- Installing: /home/kush/UR5_Project_New/install/hello_moveit/lib/hello_moveit/hello_moveit
[51.012s] -- Set runtime path of "/home/kush/UR5_Project_New/install/hello_moveit/lib/hello_moveit/hello_moveit" to ""
[51.012s] -- Up-to-date: /home/kush/UR5_Project_New/install/hello_moveit/share/ament_index/resource_index/package_run_dependencies/hello_moveit
[51.013s] -- Up-to-date: /home/kush/UR5_Project_New/install/hello_moveit/share/ament_index/resource_index/parent_prefix_path/hello_moveit
[51.013s] -- Up-to-date: /home/kush/UR5_Project_New/install/hello_moveit/share/hello_moveit/environment/ament_prefix_path.sh
[51.014s] -- Installing: /home/kush/UR5_Project_New/install/hello_moveit/share/hello_moveit/environment/ament_prefix_path.dsv
[51.018s] -- Up-to-date: /home/kush/UR5_Project_New/install/hello_moveit/share/hello_moveit/environment/path.sh
[51.018s] -- Installing: /home/kush/UR5_Project_New/install/hello_moveit/share/hello_moveit/environment/path.dsv
[51.019s] -- Up-to-date: /home/kush/UR5_Project_New/install/hello_moveit/share/hello_moveit/local_setup.bash
[51.020s] -- Up-to-date: /home/kush/UR5_Project_New/install/hello_moveit/share/hello_moveit/local_setup.sh
[51.021s] -- Up-to-date: /home/kush/UR5_Project_New/install/hello_moveit/share/hello_moveit/local_setup.zsh
[51.021s] -- Installing: /home/kush/UR5_Project_New/install/hello_moveit/share/hello_moveit/local_setup.dsv
[51.022s] -- Installing: /home/kush/UR5_Project_New/install/hello_moveit/share/hello_moveit/package.dsv
[51.023s] -- Up-to-date: /home/kush/UR5_Project_New/install/hello_moveit/share/ament_index/resource_index/packages/hello_moveit
[51.031s] -- Up-to-date: /home/kush/UR5_Project_New/install/hello_moveit/share/hello_moveit/cmake/hello_moveitConfig.cmake
[51.031s] -- Up-to-date: /home/kush/UR5_Project_New/install/hello_moveit/share/hello_moveit/cmake/hello_moveitConfig-version.cmake
[51.032s] -- Up-to-date: /home/kush/UR5_Project_New/install/hello_moveit/share/hello_moveit/package.xml
[51.044s] Invoked command in '/home/kush/UR5_Project_New/build/hello_moveit' returned '0': AMENT_PREFIX_PATH=/home/kush/UR5_Project_New/install/moveit_ros_planning_interface:/home/kush/UR5_Project_New/install/moveit_ros_move_group:/home/kush/UR5_Project_New/install/moveit_ros_warehouse:/home/kush/UR5_Project_New/install/moveit_kinematics:/home/kush/UR5_Project_New/install/moveit_ros_planning:/home/kush/UR5_Project_New/install/moveit_ros_occupancy_map_monitor:/home/kush/UR5_Project_New/install/moveit_core:/home/kush/UR5_Project_New/install/srdfdom:/home/kush/UR5_Project_New/install/moveit_common:${AMENT_PREFIX_PATH} CMAKE_PREFIX_PATH=/home/kush/UR5_Project_New/install/moveit_ros_planning_interface:/home/kush/UR5_Project_New/install/moveit_ros_move_group:/home/kush/UR5_Project_New/install/moveit_ros_warehouse:/home/kush/UR5_Project_New/install/moveit_kinematics:/home/kush/UR5_Project_New/install/moveit_ros_planning:/home/kush/UR5_Project_New/install/moveit_ros_occupancy_map_monitor:/home/kush/UR5_Project_New/install/moveit_core:/home/kush/UR5_Project_New/install/srdfdom:/home/kush/UR5_Project_New/install/moveit_common:/opt/ros/humble LD_LIBRARY_PATH=/home/kush/UR5_Project_New/install/moveit_ros_planning_interface/lib:/home/kush/UR5_Project_New/install/moveit_ros_move_group/lib:/home/kush/UR5_Project_New/install/moveit_ros_warehouse/lib:/home/kush/UR5_Project_New/install/moveit_kinematics/lib:/home/kush/UR5_Project_New/install/moveit_ros_planning/lib:/home/kush/UR5_Project_New/install/moveit_ros_occupancy_map_monitor/lib:/home/kush/UR5_Project_New/install/moveit_core/lib:/home/kush/UR5_Project_New/install/srdfdom/lib:${LD_LIBRARY_PATH} PATH=/home/kush/UR5_Project_New/install/moveit_core/bin:${PATH} PYTHONPATH=/home/kush/UR5_Project_New/install/srdfdom/local/lib/python3.10/dist-packages:${PYTHONPATH} /usr/bin/cmake --install /home/kush/UR5_Project_New/build/hello_moveit
