[0.183s] Invoking command in '/home/kush/UR5_Project_New/build/moveit_simple_controller_manager': AMENT_PREFIX_PATH=/home/kush/UR5_Project_New/install/moveit_core:/home/kush/UR5_Project_New/install/srdfdom:/home/kush/UR5_Project_New/install/moveit_common:${AMENT_PREFIX_PATH} CMAKE_PREFIX_PATH=/home/kush/UR5_Project_New/install/moveit_core:/home/kush/UR5_Project_New/install/srdfdom:/home/kush/UR5_Project_New/install/moveit_common:/opt/ros/humble LD_LIBRARY_PATH=/home/kush/UR5_Project_New/install/moveit_core/lib:/home/kush/UR5_Project_New/install/srdfdom/lib:${LD_LIBRARY_PATH} PATH=/home/kush/UR5_Project_New/install/moveit_core/bin:${PATH} PYTHONPATH=/home/kush/UR5_Project_New/install/srdfdom/local/lib/python3.10/dist-packages:${PYTHONPATH} /usr/bin/cmake --build /home/kush/UR5_Project_New/build/moveit_simple_controller_manager -- -j4 -l4
[0.908s] [100%] Built target moveit_simple_controller_manager
[0.942s] Invoked command in '/home/kush/UR5_Project_New/build/moveit_simple_controller_manager' returned '0': AMENT_PREFIX_PATH=/home/kush/UR5_Project_New/install/moveit_core:/home/kush/UR5_Project_New/install/srdfdom:/home/kush/UR5_Project_New/install/moveit_common:${AMENT_PREFIX_PATH} CMAKE_PREFIX_PATH=/home/kush/UR5_Project_New/install/moveit_core:/home/kush/UR5_Project_New/install/srdfdom:/home/kush/UR5_Project_New/install/moveit_common:/opt/ros/humble LD_LIBRARY_PATH=/home/kush/UR5_Project_New/install/moveit_core/lib:/home/kush/UR5_Project_New/install/srdfdom/lib:${LD_LIBRARY_PATH} PATH=/home/kush/UR5_Project_New/install/moveit_core/bin:${PATH} PYTHONPATH=/home/kush/UR5_Project_New/install/srdfdom/local/lib/python3.10/dist-packages:${PYTHONPATH} /usr/bin/cmake --build /home/kush/UR5_Project_New/build/moveit_simple_controller_manager -- -j4 -l4
[0.987s] Invoking command in '/home/kush/UR5_Project_New/build/moveit_simple_controller_manager': AMENT_PREFIX_PATH=/home/kush/UR5_Project_New/install/moveit_core:/home/kush/UR5_Project_New/install/srdfdom:/home/kush/UR5_Project_New/install/moveit_common:${AMENT_PREFIX_PATH} CMAKE_PREFIX_PATH=/home/kush/UR5_Project_New/install/moveit_core:/home/kush/UR5_Project_New/install/srdfdom:/home/kush/UR5_Project_New/install/moveit_common:/opt/ros/humble LD_LIBRARY_PATH=/home/kush/UR5_Project_New/install/moveit_core/lib:/home/kush/UR5_Project_New/install/srdfdom/lib:${LD_LIBRARY_PATH} PATH=/home/kush/UR5_Project_New/install/moveit_core/bin:${PATH} PYTHONPATH=/home/kush/UR5_Project_New/install/srdfdom/local/lib/python3.10/dist-packages:${PYTHONPATH} /usr/bin/cmake --install /home/kush/UR5_Project_New/build/moveit_simple_controller_manager
[1.002s] -- Install configuration: "Release"
[1.060s] -- Up-to-date: /home/kush/UR5_Project_New/install/moveit_simple_controller_manager/lib/libmoveit_simple_controller_manager.so.2.5.4
[1.061s] -- Up-to-date: /home/kush/UR5_Project_New/install/moveit_simple_controller_manager/lib/libmoveit_simple_controller_manager.so
[1.062s] -- Up-to-date: /home/kush/UR5_Project_New/install/moveit_simple_controller_manager/include
[1.062s] -- Up-to-date: /home/kush/UR5_Project_New/install/moveit_simple_controller_manager/include/moveit_simple_controller_manager
[1.063s] -- Up-to-date: /home/kush/UR5_Project_New/install/moveit_simple_controller_manager/include/moveit_simple_controller_manager/action_based_controller_handle.h
[1.063s] -- Up-to-date: /home/kush/UR5_Project_New/install/moveit_simple_controller_manager/include/moveit_simple_controller_manager/follow_joint_trajectory_controller_handle.h
[1.063s] -- Up-to-date: /home/kush/UR5_Project_New/install/moveit_simple_controller_manager/include/moveit_simple_controller_manager/empty_controller_handle.h
[1.064s] -- Up-to-date: /home/kush/UR5_Project_New/install/moveit_simple_controller_manager/include/moveit_simple_controller_manager/gripper_controller_handle.h
[1.064s] -- Up-to-date: /home/kush/UR5_Project_New/install/moveit_simple_controller_manager/share/moveit_simple_controller_manager/environment/library_path.sh
[1.064s] -- Up-to-date: /home/kush/UR5_Project_New/install/moveit_simple_controller_manager/share/moveit_simple_controller_manager/environment/library_path.dsv
[1.065s] -- Up-to-date: /home/kush/UR5_Project_New/install/moveit_simple_controller_manager/share/moveit_simple_controller_manager/moveit_simple_controller_manager_plugin_description.xml
[1.065s] -- Up-to-date: /home/kush/UR5_Project_New/install/moveit_simple_controller_manager/share/ament_index/resource_index/package_run_dependencies/moveit_simple_controller_manager
[1.065s] -- Up-to-date: /home/kush/UR5_Project_New/install/moveit_simple_controller_manager/share/ament_index/resource_index/parent_prefix_path/moveit_simple_controller_manager
[1.069s] -- Up-to-date: /home/kush/UR5_Project_New/install/moveit_simple_controller_manager/share/moveit_simple_controller_manager/environment/ament_prefix_path.sh
[1.069s] -- Up-to-date: /home/kush/UR5_Project_New/install/moveit_simple_controller_manager/share/moveit_simple_controller_manager/environment/ament_prefix_path.dsv
[1.070s] -- Up-to-date: /home/kush/UR5_Project_New/install/moveit_simple_controller_manager/share/moveit_simple_controller_manager/environment/path.sh
[1.070s] -- Up-to-date: /home/kush/UR5_Project_New/install/moveit_simple_controller_manager/share/moveit_simple_controller_manager/environment/path.dsv
[1.070s] -- Up-to-date: /home/kush/UR5_Project_New/install/moveit_simple_controller_manager/share/moveit_simple_controller_manager/local_setup.bash
[1.070s] -- Up-to-date: /home/kush/UR5_Project_New/install/moveit_simple_controller_manager/share/moveit_simple_controller_manager/local_setup.sh
[1.070s] -- Up-to-date: /home/kush/UR5_Project_New/install/moveit_simple_controller_manager/share/moveit_simple_controller_manager/local_setup.zsh
[1.071s] -- Up-to-date: /home/kush/UR5_Project_New/install/moveit_simple_controller_manager/share/moveit_simple_controller_manager/local_setup.dsv
[1.071s] -- Installing: /home/kush/UR5_Project_New/install/moveit_simple_controller_manager/share/moveit_simple_controller_manager/package.dsv
[1.072s] -- Up-to-date: /home/kush/UR5_Project_New/install/moveit_simple_controller_manager/share/ament_index/resource_index/packages/moveit_simple_controller_manager
[1.072s] -- Up-to-date: /home/kush/UR5_Project_New/install/moveit_simple_controller_manager/share/ament_index/resource_index/moveit_core__pluginlib__plugin/moveit_simple_controller_manager
[1.105s] -- Up-to-date: /home/kush/UR5_Project_New/install/moveit_simple_controller_manager/share/moveit_simple_controller_manager/cmake/export_moveit_simple_controller_managerExport.cmake
[1.105s] -- Up-to-date: /home/kush/UR5_Project_New/install/moveit_simple_controller_manager/share/moveit_simple_controller_manager/cmake/export_moveit_simple_controller_managerExport-release.cmake
[1.110s] -- Up-to-date: /home/kush/UR5_Project_New/install/moveit_simple_controller_manager/share/moveit_simple_controller_manager/cmake/ConfigExtras.cmake
[1.110s] -- Up-to-date: /home/kush/UR5_Project_New/install/moveit_simple_controller_manager/share/moveit_simple_controller_manager/cmake/ament_cmake_export_targets-extras.cmake
[1.110s] -- Up-to-date: /home/kush/UR5_Project_New/install/moveit_simple_controller_manager/share/moveit_simple_controller_manager/cmake/ament_cmake_export_dependencies-extras.cmake
[1.110s] -- Up-to-date: /home/kush/UR5_Project_New/install/moveit_simple_controller_manager/share/moveit_simple_controller_manager/cmake/moveit_simple_controller_managerConfig.cmake
[1.111s] -- Up-to-date: /home/kush/UR5_Project_New/install/moveit_simple_controller_manager/share/moveit_simple_controller_manager/cmake/moveit_simple_controller_managerConfig-version.cmake
[1.111s] -- Up-to-date: /home/kush/UR5_Project_New/install/moveit_simple_controller_manager/share/moveit_simple_controller_manager/package.xml
[1.117s] Invoked command in '/home/kush/UR5_Project_New/build/moveit_simple_controller_manager' returned '0': AMENT_PREFIX_PATH=/home/kush/UR5_Project_New/install/moveit_core:/home/kush/UR5_Project_New/install/srdfdom:/home/kush/UR5_Project_New/install/moveit_common:${AMENT_PREFIX_PATH} CMAKE_PREFIX_PATH=/home/kush/UR5_Project_New/install/moveit_core:/home/kush/UR5_Project_New/install/srdfdom:/home/kush/UR5_Project_New/install/moveit_common:/opt/ros/humble LD_LIBRARY_PATH=/home/kush/UR5_Project_New/install/moveit_core/lib:/home/kush/UR5_Project_New/install/srdfdom/lib:${LD_LIBRARY_PATH} PATH=/home/kush/UR5_Project_New/install/moveit_core/bin:${PATH} PYTHONPATH=/home/kush/UR5_Project_New/install/srdfdom/local/lib/python3.10/dist-packages:${PYTHONPATH} /usr/bin/cmake --install /home/kush/UR5_Project_New/build/moveit_simple_controller_manager
