[0.102s] Invoking command in '/home/kush/UR5_Project_New/build/rosparam_shortcuts': CMAKE_PREFIX_PATH=/opt/ros/humble /usr/bin/cmake --build /home/kush/UR5_Project_New/build/rosparam_shortcuts -- -j4 -l4
[1.152s] [35m[1mConsolidate compiler generated dependencies of target gtest_main[0m
[1.170s] [35m[1mConsolidate compiler generated dependencies of target gtest[0m
[1.182s] [ 15%] Built target gtest_main
[1.198s] [ 30%] Built target gtest
[1.300s] [35m[1mConsolidate compiler generated dependencies of target rosparam_shortcuts[0m
[1.355s] [ 53%] Built target rosparam_shortcuts
[1.525s] [35m[1mConsolidate compiler generated dependencies of target rosparam_shortcuts_node_parameters_example[0m
[1.525s] [35m[1mConsolidate compiler generated dependencies of target rosparam_shortcuts_example[0m
[1.560s] [35m[1mConsolidate compiler generated dependencies of target test_node_parameters[0m
[1.579s] [ 69%] Built target rosparam_shortcuts_example
[1.600s] [ 84%] Built target rosparam_shortcuts_node_parameters_example
[1.628s] [100%] Built target test_node_parameters
[1.659s] Invoked command in '/home/kush/UR5_Project_New/build/rosparam_shortcuts' returned '0': CMAKE_PREFIX_PATH=/opt/ros/humble /usr/bin/cmake --build /home/kush/UR5_Project_New/build/rosparam_shortcuts -- -j4 -l4
[1.819s] Invoking command in '/home/kush/UR5_Project_New/build/rosparam_shortcuts': CMAKE_PREFIX_PATH=/opt/ros/humble /usr/bin/cmake --install /home/kush/UR5_Project_New/build/rosparam_shortcuts
[1.858s] -- Install configuration: "Release"
[1.919s] -- Up-to-date: /home/kush/UR5_Project_New/install/rosparam_shortcuts/lib/librosparam_shortcuts.so
[2.012s] -- Up-to-date: /home/kush/UR5_Project_New/install/rosparam_shortcuts/lib/rosparam_shortcuts/example
[2.115s] -- Up-to-date: /home/kush/UR5_Project_New/install/rosparam_shortcuts/lib/rosparam_shortcuts/node_parameters_example
[2.117s] -- Up-to-date: /home/kush/UR5_Project_New/install/rosparam_shortcuts/include
[2.117s] -- Up-to-date: /home/kush/UR5_Project_New/install/rosparam_shortcuts/include/rosparam_shortcuts
[2.117s] -- Up-to-date: /home/kush/UR5_Project_New/install/rosparam_shortcuts/include/rosparam_shortcuts/node_parameters.h
[2.118s] -- Up-to-date: /home/kush/UR5_Project_New/install/rosparam_shortcuts/include/rosparam_shortcuts/rosparam_shortcuts.h
[2.119s] -- Up-to-date: /home/kush/UR5_Project_New/install/rosparam_shortcuts/share/rosparam_shortcuts/launch
[2.119s] -- Up-to-date: /home/kush/UR5_Project_New/install/rosparam_shortcuts/share/rosparam_shortcuts/launch/example.launch.py
[2.119s] -- Up-to-date: /home/kush/UR5_Project_New/install/rosparam_shortcuts/share/rosparam_shortcuts/config
[2.119s] -- Up-to-date: /home/kush/UR5_Project_New/install/rosparam_shortcuts/share/rosparam_shortcuts/config/example.yaml
[2.120s] -- Up-to-date: /home/kush/UR5_Project_New/install/rosparam_shortcuts/share/rosparam_shortcuts/environment/library_path.sh
[2.120s] -- Up-to-date: /home/kush/UR5_Project_New/install/rosparam_shortcuts/share/rosparam_shortcuts/environment/library_path.dsv
[2.135s] -- Up-to-date: /home/kush/UR5_Project_New/install/rosparam_shortcuts/share/ament_index/resource_index/package_run_dependencies/rosparam_shortcuts
[2.136s] -- Up-to-date: /home/kush/UR5_Project_New/install/rosparam_shortcuts/share/ament_index/resource_index/parent_prefix_path/rosparam_shortcuts
[2.136s] -- Up-to-date: /home/kush/UR5_Project_New/install/rosparam_shortcuts/share/rosparam_shortcuts/environment/ament_prefix_path.sh
[2.138s] -- Up-to-date: /home/kush/UR5_Project_New/install/rosparam_shortcuts/share/rosparam_shortcuts/environment/ament_prefix_path.dsv
[2.138s] -- Up-to-date: /home/kush/UR5_Project_New/install/rosparam_shortcuts/share/rosparam_shortcuts/environment/path.sh
[2.138s] -- Up-to-date: /home/kush/UR5_Project_New/install/rosparam_shortcuts/share/rosparam_shortcuts/environment/path.dsv
[2.138s] -- Up-to-date: /home/kush/UR5_Project_New/install/rosparam_shortcuts/share/rosparam_shortcuts/local_setup.bash
[2.138s] -- Up-to-date: /home/kush/UR5_Project_New/install/rosparam_shortcuts/share/rosparam_shortcuts/local_setup.sh
[2.139s] -- Up-to-date: /home/kush/UR5_Project_New/install/rosparam_shortcuts/share/rosparam_shortcuts/local_setup.zsh
[2.140s] -- Up-to-date: /home/kush/UR5_Project_New/install/rosparam_shortcuts/share/rosparam_shortcuts/local_setup.dsv
[2.140s] -- Installing: /home/kush/UR5_Project_New/install/rosparam_shortcuts/share/rosparam_shortcuts/package.dsv
[2.161s] -- Up-to-date: /home/kush/UR5_Project_New/install/rosparam_shortcuts/share/ament_index/resource_index/packages/rosparam_shortcuts
[2.192s] -- Up-to-date: /home/kush/UR5_Project_New/install/rosparam_shortcuts/share/rosparam_shortcuts/cmake/export_rosparam_shortcutsExport.cmake
[2.192s] -- Up-to-date: /home/kush/UR5_Project_New/install/rosparam_shortcuts/share/rosparam_shortcuts/cmake/export_rosparam_shortcutsExport-release.cmake
[2.192s] -- Up-to-date: /home/kush/UR5_Project_New/install/rosparam_shortcuts/share/rosparam_shortcuts/cmake/ament_cmake_export_targets-extras.cmake
[2.192s] -- Up-to-date: /home/kush/UR5_Project_New/install/rosparam_shortcuts/share/rosparam_shortcuts/cmake/ament_cmake_export_dependencies-extras.cmake
[2.192s] -- Up-to-date: /home/kush/UR5_Project_New/install/rosparam_shortcuts/share/rosparam_shortcuts/cmake/rosparam_shortcutsConfig.cmake
[2.192s] -- Up-to-date: /home/kush/UR5_Project_New/install/rosparam_shortcuts/share/rosparam_shortcuts/cmake/rosparam_shortcutsConfig-version.cmake
[2.193s] -- Up-to-date: /home/kush/UR5_Project_New/install/rosparam_shortcuts/share/rosparam_shortcuts/package.xml
[2.200s] Invoked command in '/home/kush/UR5_Project_New/build/rosparam_shortcuts' returned '0': CMAKE_PREFIX_PATH=/opt/ros/humble /usr/bin/cmake --install /home/kush/UR5_Project_New/build/rosparam_shortcuts
