[0.096s] Invoking command in '/home/kush/UR5_Project_New/src/build/moveit_resources_pr2_description': CMAKE_PREFIX_PATH=/opt/ros/humble /usr/bin/cmake /home/kush/UR5_Project_New/src/moveit_resources/pr2_description -DCMAKE_INSTALL_PREFIX=/home/kush/UR5_Project_New/src/install/moveit_resources_pr2_description
[0.453s] -- The C compiler identification is GNU 11.4.0
[0.678s] -- The CXX compiler identification is GNU 11.4.0
[0.703s] -- Detecting C compiler ABI info
[1.226s] -- Detecting C compiler ABI info - done
[1.321s] -- Check for working C compiler: /usr/bin/cc - skipped
[1.322s] -- Detecting C compile features
[1.325s] -- Detecting C compile features - done
[1.367s] -- Detecting CXX compiler ABI info
[1.743s] -- Detecting CXX compiler ABI info - done
[1.810s] -- Check for working CXX compiler: /usr/bin/c++ - skipped
[1.812s] -- Detecting CXX compile features
[1.814s] -- Detecting CXX compile features - done
[1.832s] -- Found ament_cmake: 1.3.5 (/opt/ros/humble/share/ament_cmake/cmake)
[2.829s] -- Found Python3: /usr/bin/python3.10 (found version "3.10.12") found components: Interpreter 
[3.470s] -- Configuring done
[3.497s] -- Generating done
[3.501s] -- Build files have been written to: /home/kush/UR5_Project_New/src/build/moveit_resources_pr2_description
[3.525s] Invoked command in '/home/kush/UR5_Project_New/src/build/moveit_resources_pr2_description' returned '0': CMAKE_PREFIX_PATH=/opt/ros/humble /usr/bin/cmake /home/kush/UR5_Project_New/src/moveit_resources/pr2_description -DCMAKE_INSTALL_PREFIX=/home/kush/UR5_Project_New/src/install/moveit_resources_pr2_description
[3.526s] Invoking command in '/home/kush/UR5_Project_New/src/build/moveit_resources_pr2_description': CMAKE_PREFIX_PATH=/opt/ros/humble /usr/bin/cmake --build /home/kush/UR5_Project_New/src/build/moveit_resources_pr2_description -- -j4 -l4
[3.757s] Invoked command in '/home/kush/UR5_Project_New/src/build/moveit_resources_pr2_description' returned '0': CMAKE_PREFIX_PATH=/opt/ros/humble /usr/bin/cmake --build /home/kush/UR5_Project_New/src/build/moveit_resources_pr2_description -- -j4 -l4
[4.000s] Invoking command in '/home/kush/UR5_Project_New/src/build/moveit_resources_pr2_description': CMAKE_PREFIX_PATH=/opt/ros/humble /usr/bin/cmake --install /home/kush/UR5_Project_New/src/build/moveit_resources_pr2_description
[4.045s] -- Install configuration: ""
[4.046s] -- Installing: /home/kush/UR5_Project_New/src/install/moveit_resources_pr2_description/share/ament_index/resource_index/package_run_dependencies/moveit_resources_pr2_description
[4.048s] -- Installing: /home/kush/UR5_Project_New/src/install/moveit_resources_pr2_description/share/ament_index/resource_index/parent_prefix_path/moveit_resources_pr2_description
[4.049s] -- Installing: /home/kush/UR5_Project_New/src/install/moveit_resources_pr2_description/share/moveit_resources_pr2_description/environment/ament_prefix_path.sh
[4.050s] -- Installing: /home/kush/UR5_Project_New/src/install/moveit_resources_pr2_description/share/moveit_resources_pr2_description/environment/ament_prefix_path.dsv
[4.050s] -- Installing: /home/kush/UR5_Project_New/src/install/moveit_resources_pr2_description/share/moveit_resources_pr2_description/environment/path.sh
[4.051s] -- Installing: /home/kush/UR5_Project_New/src/install/moveit_resources_pr2_description/share/moveit_resources_pr2_description/environment/path.dsv
[4.052s] -- Installing: /home/kush/UR5_Project_New/src/install/moveit_resources_pr2_description/share/moveit_resources_pr2_description/local_setup.bash
[4.053s] -- Installing: /home/kush/UR5_Project_New/src/install/moveit_resources_pr2_description/share/moveit_resources_pr2_description/local_setup.sh
[4.054s] -- Installing: /home/kush/UR5_Project_New/src/install/moveit_resources_pr2_description/share/moveit_resources_pr2_description/local_setup.zsh
[4.055s] -- Installing: /home/kush/UR5_Project_New/src/install/moveit_resources_pr2_description/share/moveit_resources_pr2_description/local_setup.dsv
[4.056s] -- Installing: /home/kush/UR5_Project_New/src/install/moveit_resources_pr2_description/share/moveit_resources_pr2_description/package.dsv
[4.065s] -- Installing: /home/kush/UR5_Project_New/src/install/moveit_resources_pr2_description/share/ament_index/resource_index/packages/moveit_resources_pr2_description
[4.066s] -- Installing: /home/kush/UR5_Project_New/src/install/moveit_resources_pr2_description/share/moveit_resources_pr2_description/cmake/moveit_resources_pr2_descriptionConfig.cmake
[4.066s] -- Installing: /home/kush/UR5_Project_New/src/install/moveit_resources_pr2_description/share/moveit_resources_pr2_description/cmake/moveit_resources_pr2_descriptionConfig-version.cmake
[4.067s] -- Installing: /home/kush/UR5_Project_New/src/install/moveit_resources_pr2_description/share/moveit_resources_pr2_description/package.xml
[4.068s] -- Installing: /home/kush/UR5_Project_New/src/install/moveit_resources_pr2_description/share/moveit_resources_pr2_description/srdf
[4.069s] -- Installing: /home/kush/UR5_Project_New/src/install/moveit_resources_pr2_description/share/moveit_resources_pr2_description/srdf/robot.xml
[4.076s] -- Installing: /home/kush/UR5_Project_New/src/install/moveit_resources_pr2_description/share/moveit_resources_pr2_description/urdf
[4.077s] -- Installing: /home/kush/UR5_Project_New/src/install/moveit_resources_pr2_description/share/moveit_resources_pr2_description/urdf/materials
[4.077s] -- Installing: /home/kush/UR5_Project_New/src/install/moveit_resources_pr2_description/share/moveit_resources_pr2_description/urdf/materials/textures
[4.078s] -- Installing: /home/kush/UR5_Project_New/src/install/moveit_resources_pr2_description/share/moveit_resources_pr2_description/urdf/materials/textures/pr2_wheel_right.png
[4.079s] -- Installing: /home/kush/UR5_Project_New/src/install/moveit_resources_pr2_description/share/moveit_resources_pr2_description/urdf/materials/textures/pr2_caster_texture.png
[4.080s] -- Installing: /home/kush/UR5_Project_New/src/install/moveit_resources_pr2_description/share/moveit_resources_pr2_description/urdf/materials/textures/pr2_wheel_left.png
[4.081s] -- Installing: /home/kush/UR5_Project_New/src/install/moveit_resources_pr2_description/share/moveit_resources_pr2_description/urdf/meshes
[4.081s] -- Installing: /home/kush/UR5_Project_New/src/install/moveit_resources_pr2_description/share/moveit_resources_pr2_description/urdf/meshes/sensors
[4.082s] -- Installing: /home/kush/UR5_Project_New/src/install/moveit_resources_pr2_description/share/moveit_resources_pr2_description/urdf/meshes/sensors/kinect_v0
[4.083s] -- Installing: /home/kush/UR5_Project_New/src/install/moveit_resources_pr2_description/share/moveit_resources_pr2_description/urdf/meshes/sensors/kinect_v0/kinect_mount.stl
[4.107s] -- Installing: /home/kush/UR5_Project_New/src/install/moveit_resources_pr2_description/share/moveit_resources_pr2_description/urdf/meshes/sensors/kinect_v0/kinect.tga
[4.118s] -- Installing: /home/kush/UR5_Project_New/src/install/moveit_resources_pr2_description/share/moveit_resources_pr2_description/urdf/meshes/sensors/kinect_v0/kinect_color.tga
[4.120s] -- Installing: /home/kush/UR5_Project_New/src/install/moveit_resources_pr2_description/share/moveit_resources_pr2_description/urdf/meshes/sensors/kinect_v0/kinect.dae
[4.175s] -- Installing: /home/kush/UR5_Project_New/src/install/moveit_resources_pr2_description/share/moveit_resources_pr2_description/urdf/meshes/sensors/kinect_prosilica_v0
[4.175s] -- Installing: /home/kush/UR5_Project_New/src/install/moveit_resources_pr2_description/share/moveit_resources_pr2_description/urdf/meshes/sensors/kinect_prosilica_v0/115x100_swept_back_no_sensors--coarse.STL
[4.195s] -- Installing: /home/kush/UR5_Project_New/src/install/moveit_resources_pr2_description/share/moveit_resources_pr2_description/urdf/meshes/sensors/kinect_prosilica_v0/115x100_swept_fwd_no_sensors--coarse.STL
[4.215s] -- Installing: /home/kush/UR5_Project_New/src/install/moveit_resources_pr2_description/share/moveit_resources_pr2_description/urdf/meshes/sensors/kinect_prosilica_v0/115x100_swept_back--coarse.STL
[4.247s] -- Installing: /home/kush/UR5_Project_New/src/install/moveit_resources_pr2_description/share/moveit_resources_pr2_description/urdf/meshes/sensors/kinect_prosilica_v0/68-04546_Kinect_Sensor--coarse.STL
[4.270s] -- Installing: /home/kush/UR5_Project_New/src/install/moveit_resources_pr2_description/share/moveit_resources_pr2_description/urdf/meshes/sensors/kinect_prosilica_v0/Prosilica_w_Lens--coarse.STL
[4.311s] -- Installing: /home/kush/UR5_Project_New/src/install/moveit_resources_pr2_description/share/moveit_resources_pr2_description/urdf/meshes/sensors/kinect_prosilica_v0/115x100_swept_fwd--coarse.STL
[4.338s] -- Installing: /home/kush/UR5_Project_New/src/install/moveit_resources_pr2_description/share/moveit_resources_pr2_description/urdf/meshes/torso_v0
[4.339s] -- Installing: /home/kush/UR5_Project_New/src/install/moveit_resources_pr2_description/share/moveit_resources_pr2_description/urdf/meshes/torso_v0/torso.stl
[4.341s] -- Installing: /home/kush/UR5_Project_New/src/install/moveit_resources_pr2_description/share/moveit_resources_pr2_description/urdf/meshes/torso_v0/torso_lift_L.stl
[4.355s] -- Installing: /home/kush/UR5_Project_New/src/install/moveit_resources_pr2_description/share/moveit_resources_pr2_description/urdf/meshes/torso_v0/torso_lift.dae
[4.375s] -- Installing: /home/kush/UR5_Project_New/src/install/moveit_resources_pr2_description/share/moveit_resources_pr2_description/urdf/meshes/torso_v0/torso_lift.stl
[4.376s] -- Installing: /home/kush/UR5_Project_New/src/install/moveit_resources_pr2_description/share/moveit_resources_pr2_description/urdf/meshes/torso_v0/convex
[4.377s] -- Installing: /home/kush/UR5_Project_New/src/install/moveit_resources_pr2_description/share/moveit_resources_pr2_description/urdf/meshes/torso_v0/convex/torso_lift_convex.stla
[4.378s] -- Installing: /home/kush/UR5_Project_New/src/install/moveit_resources_pr2_description/share/moveit_resources_pr2_description/urdf/meshes/torso_v0/convex/torso_lift.xml
[4.398s] -- Installing: /home/kush/UR5_Project_New/src/install/moveit_resources_pr2_description/share/moveit_resources_pr2_description/urdf/meshes/torso_v0/convex/torso_lift_L_convex.stlb
[4.399s] -- Installing: /home/kush/UR5_Project_New/src/install/moveit_resources_pr2_description/share/moveit_resources_pr2_description/urdf/meshes/torso_v0/convex/torso_lift_L.dae
[4.400s] -- Installing: /home/kush/UR5_Project_New/src/install/moveit_resources_pr2_description/share/moveit_resources_pr2_description/urdf/meshes/torso_v0/convex/torso.xml
[4.401s] -- Installing: /home/kush/UR5_Project_New/src/install/moveit_resources_pr2_description/share/moveit_resources_pr2_description/urdf/meshes/torso_v0/convex/torso_convex.stlb
[4.401s] -- Installing: /home/kush/UR5_Project_New/src/install/moveit_resources_pr2_description/share/moveit_resources_pr2_description/urdf/meshes/torso_v0/convex/torso_lift.dae
[4.402s] -- Installing: /home/kush/UR5_Project_New/src/install/moveit_resources_pr2_description/share/moveit_resources_pr2_description/urdf/meshes/torso_v0/convex/torso_lift_L_convex.stla
[4.404s] -- Installing: /home/kush/UR5_Project_New/src/install/moveit_resources_pr2_description/share/moveit_resources_pr2_description/urdf/meshes/torso_v0/convex/torso.dae
[4.405s] -- Installing: /home/kush/UR5_Project_New/src/install/moveit_resources_pr2_description/share/moveit_resources_pr2_description/urdf/meshes/torso_v0/convex/torso_lift_convex.stlb
[4.405s] -- Installing: /home/kush/UR5_Project_New/src/install/moveit_resources_pr2_description/share/moveit_resources_pr2_description/urdf/meshes/torso_v0/convex/torso_convex.stla
[4.406s] -- Installing: /home/kush/UR5_Project_New/src/install/moveit_resources_pr2_description/share/moveit_resources_pr2_description/urdf/meshes/torso_v0/convex/torso_lift_L.xml
[4.407s] -- Installing: /home/kush/UR5_Project_New/src/install/moveit_resources_pr2_description/share/moveit_resources_pr2_description/urdf/meshes/torso_v0/torso_lift_normals.tif
[4.432s] -- Installing: /home/kush/UR5_Project_New/src/install/moveit_resources_pr2_description/share/moveit_resources_pr2_description/urdf/meshes/torso_v0/torso_lift_color.tif
[4.444s] -- Installing: /home/kush/UR5_Project_New/src/install/moveit_resources_pr2_description/share/moveit_resources_pr2_description/urdf/meshes/upper_arm_v0
[4.445s] -- Installing: /home/kush/UR5_Project_New/src/install/moveit_resources_pr2_description/share/moveit_resources_pr2_description/urdf/meshes/upper_arm_v0/forearm_roll_L.stl
[4.446s] -- Installing: /home/kush/UR5_Project_New/src/install/moveit_resources_pr2_description/share/moveit_resources_pr2_description/urdf/meshes/upper_arm_v0/upper_arm.jpg
[4.450s] -- Installing: /home/kush/UR5_Project_New/src/install/moveit_resources_pr2_description/share/moveit_resources_pr2_description/urdf/meshes/upper_arm_v0/upper_arm.dae
[4.452s] -- Installing: /home/kush/UR5_Project_New/src/install/moveit_resources_pr2_description/share/moveit_resources_pr2_description/urdf/meshes/upper_arm_v0/upper_arm_normals.tif
[4.493s] -- Installing: /home/kush/UR5_Project_New/src/install/moveit_resources_pr2_description/share/moveit_resources_pr2_description/urdf/meshes/upper_arm_v0/elbow_flex_color.tif
[4.521s] -- Installing: /home/kush/UR5_Project_New/src/install/moveit_resources_pr2_description/share/moveit_resources_pr2_description/urdf/meshes/upper_arm_v0/elbow_flex_normals.tif
[4.550s] -- Installing: /home/kush/UR5_Project_New/src/install/moveit_resources_pr2_description/share/moveit_resources_pr2_description/urdf/meshes/upper_arm_v0/elbow_flex.dae
[4.570s] -- Installing: /home/kush/UR5_Project_New/src/install/moveit_resources_pr2_description/share/moveit_resources_pr2_description/urdf/meshes/upper_arm_v0/elbow_flex.stl
[4.572s] -- Installing: /home/kush/UR5_Project_New/src/install/moveit_resources_pr2_description/share/moveit_resources_pr2_description/urdf/meshes/upper_arm_v0/upper_arm.stl
[4.593s] -- Installing: /home/kush/UR5_Project_New/src/install/moveit_resources_pr2_description/share/moveit_resources_pr2_description/urdf/meshes/upper_arm_v0/convex
[4.594s] -- Installing: /home/kush/UR5_Project_New/src/install/moveit_resources_pr2_description/share/moveit_resources_pr2_description/urdf/meshes/upper_arm_v0/convex/upper_arm_convex.stla
[4.644s] -- Installing: /home/kush/UR5_Project_New/src/install/moveit_resources_pr2_description/share/moveit_resources_pr2_description/urdf/meshes/upper_arm_v0/convex/forearm_roll_convex.stlb
[4.649s] -- Installing: /home/kush/UR5_Project_New/src/install/moveit_resources_pr2_description/share/moveit_resources_pr2_description/urdf/meshes/upper_arm_v0/convex/elbow_flex_convex.stlb
[5.534s] -- Installing: /home/kush/UR5_Project_New/src/install/moveit_resources_pr2_description/share/moveit_resources_pr2_description/urdf/meshes/upper_arm_v0/convex/upper_arm.dae
[5.821s] -- Installing: /home/kush/UR5_Project_New/src/install/moveit_resources_pr2_description/share/moveit_resources_pr2_description/urdf/meshes/upper_arm_v0/convex/forearm_roll_L_convex.stlb
[6.202s] -- Installing: /home/kush/UR5_Project_New/src/install/moveit_resources_pr2_description/share/moveit_resources_pr2_description/urdf/meshes/upper_arm_v0/convex/forearm_roll_L_convex.stla
[6.371s] -- Installing: /home/kush/UR5_Project_New/src/install/moveit_resources_pr2_description/share/moveit_resources_pr2_description/urdf/meshes/upper_arm_v0/convex/elbow_flex.xml
[6.388s] -- Installing: /home/kush/UR5_Project_New/src/install/moveit_resources_pr2_description/share/moveit_resources_pr2_description/urdf/meshes/upper_arm_v0/convex/upper_arm_convex.stlb
[6.388s] -- Installing: /home/kush/UR5_Project_New/src/install/moveit_resources_pr2_description/share/moveit_resources_pr2_description/urdf/meshes/upper_arm_v0/convex/forearm_roll_convex.stla
[6.402s] -- Installing: /home/kush/UR5_Project_New/src/install/moveit_resources_pr2_description/share/moveit_resources_pr2_description/urdf/meshes/upper_arm_v0/convex/elbow_flex.dae
[6.489s] -- Installing: /home/kush/UR5_Project_New/src/install/moveit_resources_pr2_description/share/moveit_resources_pr2_description/urdf/meshes/upper_arm_v0/convex/forearm_roll_L.xml
[6.512s] -- Installing: /home/kush/UR5_Project_New/src/install/moveit_resources_pr2_description/share/moveit_resources_pr2_description/urdf/meshes/upper_arm_v0/convex/forearm_roll_L.dae
[6.524s] -- Installing: /home/kush/UR5_Project_New/src/install/moveit_resources_pr2_description/share/moveit_resources_pr2_description/urdf/meshes/upper_arm_v0/convex/forearm_roll.dae
[6.525s] -- Installing: /home/kush/UR5_Project_New/src/install/moveit_resources_pr2_description/share/moveit_resources_pr2_description/urdf/meshes/upper_arm_v0/convex/forearm_roll.xml
[6.526s] -- Installing: /home/kush/UR5_Project_New/src/install/moveit_resources_pr2_description/share/moveit_resources_pr2_description/urdf/meshes/upper_arm_v0/convex/upper_arm.xml
[6.527s] -- Installing: /home/kush/UR5_Project_New/src/install/moveit_resources_pr2_description/share/moveit_resources_pr2_description/urdf/meshes/upper_arm_v0/convex/elbow_flex_convex.stla
[6.528s] -- Installing: /home/kush/UR5_Project_New/src/install/moveit_resources_pr2_description/share/moveit_resources_pr2_description/urdf/meshes/upper_arm_v0/forearm_roll.stl
[6.530s] -- Installing: /home/kush/UR5_Project_New/src/install/moveit_resources_pr2_description/share/moveit_resources_pr2_description/urdf/meshes/upper_arm_v0/upper_arm_color.tif
[6.549s] -- Installing: /home/kush/UR5_Project_New/src/install/moveit_resources_pr2_description/share/moveit_resources_pr2_description/urdf/meshes/forearm_v0
[6.551s] -- Installing: /home/kush/UR5_Project_New/src/install/moveit_resources_pr2_description/share/moveit_resources_pr2_description/urdf/meshes/forearm_v0/wrist_flex.dae
[6.565s] -- Installing: /home/kush/UR5_Project_New/src/install/moveit_resources_pr2_description/share/moveit_resources_pr2_description/urdf/meshes/forearm_v0/forearm_color.tif
[6.647s] -- Installing: /home/kush/UR5_Project_New/src/install/moveit_resources_pr2_description/share/moveit_resources_pr2_description/urdf/meshes/forearm_v0/wrist_normals.tif
[6.669s] -- Installing: /home/kush/UR5_Project_New/src/install/moveit_resources_pr2_description/share/moveit_resources_pr2_description/urdf/meshes/forearm_v0/forearm.jpg
[6.679s] -- Installing: /home/kush/UR5_Project_New/src/install/moveit_resources_pr2_description/share/moveit_resources_pr2_description/urdf/meshes/forearm_v0/forearm.stl
[6.691s] -- Installing: /home/kush/UR5_Project_New/src/install/moveit_resources_pr2_description/share/moveit_resources_pr2_description/urdf/meshes/forearm_v0/forearm_normals.tif
[6.729s] -- Installing: /home/kush/UR5_Project_New/src/install/moveit_resources_pr2_description/share/moveit_resources_pr2_description/urdf/meshes/forearm_v0/wrist_flex.stl
[6.744s] -- Installing: /home/kush/UR5_Project_New/src/install/moveit_resources_pr2_description/share/moveit_resources_pr2_description/urdf/meshes/forearm_v0/wrist_color.tif
[6.768s] -- Installing: /home/kush/UR5_Project_New/src/install/moveit_resources_pr2_description/share/moveit_resources_pr2_description/urdf/meshes/forearm_v0/forearm.dae
[6.789s] -- Installing: /home/kush/UR5_Project_New/src/install/moveit_resources_pr2_description/share/moveit_resources_pr2_description/urdf/meshes/forearm_v0/convex
[6.790s] -- Installing: /home/kush/UR5_Project_New/src/install/moveit_resources_pr2_description/share/moveit_resources_pr2_description/urdf/meshes/forearm_v0/convex/wrist_flex_convex.stlb
[6.791s] -- Installing: /home/kush/UR5_Project_New/src/install/moveit_resources_pr2_description/share/moveit_resources_pr2_description/urdf/meshes/forearm_v0/convex/wrist_roll_L_convex.stla
[6.792s] -- Installing: /home/kush/UR5_Project_New/src/install/moveit_resources_pr2_description/share/moveit_resources_pr2_description/urdf/meshes/forearm_v0/convex/wrist_flex_convex.stla
[6.793s] -- Installing: /home/kush/UR5_Project_New/src/install/moveit_resources_pr2_description/share/moveit_resources_pr2_description/urdf/meshes/forearm_v0/convex/wrist_flex.xml
[6.794s] -- Installing: /home/kush/UR5_Project_New/src/install/moveit_resources_pr2_description/share/moveit_resources_pr2_description/urdf/meshes/forearm_v0/convex/wrist_flex.dae
[6.795s] -- Installing: /home/kush/UR5_Project_New/src/install/moveit_resources_pr2_description/share/moveit_resources_pr2_description/urdf/meshes/forearm_v0/convex/wrist_roll_convex.stlb
[6.796s] -- Installing: /home/kush/UR5_Project_New/src/install/moveit_resources_pr2_description/share/moveit_resources_pr2_description/urdf/meshes/forearm_v0/convex/wrist_roll.xml
[6.797s] -- Installing: /home/kush/UR5_Project_New/src/install/moveit_resources_pr2_description/share/moveit_resources_pr2_description/urdf/meshes/forearm_v0/convex/forearm_convex.stla
[6.812s] -- Installing: /home/kush/UR5_Project_New/src/install/moveit_resources_pr2_description/share/moveit_resources_pr2_description/urdf/meshes/forearm_v0/convex/forearm.xml
[6.813s] -- Installing: /home/kush/UR5_Project_New/src/install/moveit_resources_pr2_description/share/moveit_resources_pr2_description/urdf/meshes/forearm_v0/convex/forearm.dae
[6.815s] -- Installing: /home/kush/UR5_Project_New/src/install/moveit_resources_pr2_description/share/moveit_resources_pr2_description/urdf/meshes/forearm_v0/convex/wrist_roll.dae
[6.815s] -- Installing: /home/kush/UR5_Project_New/src/install/moveit_resources_pr2_description/share/moveit_resources_pr2_description/urdf/meshes/forearm_v0/convex/forearm_convex.stlb
[6.816s] -- Installing: /home/kush/UR5_Project_New/src/install/moveit_resources_pr2_description/share/moveit_resources_pr2_description/urdf/meshes/forearm_v0/convex/wrist_roll_L_convex.stlb
[6.817s] -- Installing: /home/kush/UR5_Project_New/src/install/moveit_resources_pr2_description/share/moveit_resources_pr2_description/urdf/meshes/forearm_v0/convex/wrist_roll_convex.stla
[6.818s] -- Installing: /home/kush/UR5_Project_New/src/install/moveit_resources_pr2_description/share/moveit_resources_pr2_description/urdf/meshes/forearm_v0/convex/wrist_roll_L.xml
[6.819s] -- Installing: /home/kush/UR5_Project_New/src/install/moveit_resources_pr2_description/share/moveit_resources_pr2_description/urdf/meshes/forearm_v0/convex/wrist_roll_L.dae
[6.820s] -- Installing: /home/kush/UR5_Project_New/src/install/moveit_resources_pr2_description/share/moveit_resources_pr2_description/urdf/meshes/forearm_v0/wrist_roll.stl
[6.821s] -- Installing: /home/kush/UR5_Project_New/src/install/moveit_resources_pr2_description/share/moveit_resources_pr2_description/urdf/meshes/forearm_v0/wrist_roll_L.stl
[6.822s] -- Installing: /home/kush/UR5_Project_New/src/install/moveit_resources_pr2_description/share/moveit_resources_pr2_description/urdf/meshes/base_v0
[6.823s] -- Installing: /home/kush/UR5_Project_New/src/install/moveit_resources_pr2_description/share/moveit_resources_pr2_description/urdf/meshes/base_v0/pr2_wheel.stl
[6.838s] -- Installing: /home/kush/UR5_Project_New/src/install/moveit_resources_pr2_description/share/moveit_resources_pr2_description/urdf/meshes/base_v0/wheel_h.dae
[6.874s] -- Installing: /home/kush/UR5_Project_New/src/install/moveit_resources_pr2_description/share/moveit_resources_pr2_description/urdf/meshes/base_v0/base.stl
[6.891s] -- Installing: /home/kush/UR5_Project_New/src/install/moveit_resources_pr2_description/share/moveit_resources_pr2_description/urdf/meshes/base_v0/base_normals.tif
[6.923s] -- Installing: /home/kush/UR5_Project_New/src/install/moveit_resources_pr2_description/share/moveit_resources_pr2_description/urdf/meshes/base_v0/wheel_color.tif
[6.943s] -- Installing: /home/kush/UR5_Project_New/src/install/moveit_resources_pr2_description/share/moveit_resources_pr2_description/urdf/meshes/base_v0/base_color.tif
[6.951s] -- Installing: /home/kush/UR5_Project_New/src/install/moveit_resources_pr2_description/share/moveit_resources_pr2_description/urdf/meshes/base_v0/wheel.stl
[6.965s] -- Installing: /home/kush/UR5_Project_New/src/install/moveit_resources_pr2_description/share/moveit_resources_pr2_description/urdf/meshes/base_v0/wheel_h_color.tif
[6.993s] -- Installing: /home/kush/UR5_Project_New/src/install/moveit_resources_pr2_description/share/moveit_resources_pr2_description/urdf/meshes/base_v0/caster.stl
[6.995s] -- Installing: /home/kush/UR5_Project_New/src/install/moveit_resources_pr2_description/share/moveit_resources_pr2_description/urdf/meshes/base_v0/caster_L.stl
[6.997s] -- Installing: /home/kush/UR5_Project_New/src/install/moveit_resources_pr2_description/share/moveit_resources_pr2_description/urdf/meshes/base_v0/wheel_normals.tif
[7.029s] -- Installing: /home/kush/UR5_Project_New/src/install/moveit_resources_pr2_description/share/moveit_resources_pr2_description/urdf/meshes/base_v0/convex
[7.030s] -- Installing: /home/kush/UR5_Project_New/src/install/moveit_resources_pr2_description/share/moveit_resources_pr2_description/urdf/meshes/base_v0/convex/base_L_convex.stla
[7.040s] -- Installing: /home/kush/UR5_Project_New/src/install/moveit_resources_pr2_description/share/moveit_resources_pr2_description/urdf/meshes/base_v0/convex/caster_L_convex.stlb
[7.041s] -- Installing: /home/kush/UR5_Project_New/src/install/moveit_resources_pr2_description/share/moveit_resources_pr2_description/urdf/meshes/base_v0/convex/caster_L.xml
[7.049s] -- Installing: /home/kush/UR5_Project_New/src/install/moveit_resources_pr2_description/share/moveit_resources_pr2_description/urdf/meshes/base_v0/convex/caster.dae
[7.059s] -- Installing: /home/kush/UR5_Project_New/src/install/moveit_resources_pr2_description/share/moveit_resources_pr2_description/urdf/meshes/base_v0/convex/caster_convex.stla
[7.060s] -- Installing: /home/kush/UR5_Project_New/src/install/moveit_resources_pr2_description/share/moveit_resources_pr2_description/urdf/meshes/base_v0/convex/base_convex.stla
[7.062s] -- Installing: /home/kush/UR5_Project_New/src/install/moveit_resources_pr2_description/share/moveit_resources_pr2_description/urdf/meshes/base_v0/convex/base_L_convex.stlb
[7.063s] -- Installing: /home/kush/UR5_Project_New/src/install/moveit_resources_pr2_description/share/moveit_resources_pr2_description/urdf/meshes/base_v0/convex/wheel_convex.stla
[7.063s] -- Installing: /home/kush/UR5_Project_New/src/install/moveit_resources_pr2_description/share/moveit_resources_pr2_description/urdf/meshes/base_v0/convex/wheel_convex.stlb
[7.064s] -- Installing: /home/kush/UR5_Project_New/src/install/moveit_resources_pr2_description/share/moveit_resources_pr2_description/urdf/meshes/base_v0/convex/base_L.xml
[7.065s] -- Installing: /home/kush/UR5_Project_New/src/install/moveit_resources_pr2_description/share/moveit_resources_pr2_description/urdf/meshes/base_v0/convex/base.xml
[7.082s] -- Installing: /home/kush/UR5_Project_New/src/install/moveit_resources_pr2_description/share/moveit_resources_pr2_description/urdf/meshes/base_v0/convex/wheel.xml
[7.082s] -- Installing: /home/kush/UR5_Project_New/src/install/moveit_resources_pr2_description/share/moveit_resources_pr2_description/urdf/meshes/base_v0/convex/caster_L.dae
[7.083s] -- Installing: /home/kush/UR5_Project_New/src/install/moveit_resources_pr2_description/share/moveit_resources_pr2_description/urdf/meshes/base_v0/convex/pr2_wheel_convex.stla
[7.084s] -- Installing: /home/kush/UR5_Project_New/src/install/moveit_resources_pr2_description/share/moveit_resources_pr2_description/urdf/meshes/base_v0/convex/pr2_wheel.xml
[7.085s] -- Installing: /home/kush/UR5_Project_New/src/install/moveit_resources_pr2_description/share/moveit_resources_pr2_description/urdf/meshes/base_v0/convex/caster_convex.stlb
[7.086s] -- Installing: /home/kush/UR5_Project_New/src/install/moveit_resources_pr2_description/share/moveit_resources_pr2_description/urdf/meshes/base_v0/convex/caster.xml
[7.087s] -- Installing: /home/kush/UR5_Project_New/src/install/moveit_resources_pr2_description/share/moveit_resources_pr2_description/urdf/meshes/base_v0/convex/pr2_wheel.dae
[7.088s] -- Installing: /home/kush/UR5_Project_New/src/install/moveit_resources_pr2_description/share/moveit_resources_pr2_description/urdf/meshes/base_v0/convex/pr2_wheel_convex.stlb
[7.089s] -- Installing: /home/kush/UR5_Project_New/src/install/moveit_resources_pr2_description/share/moveit_resources_pr2_description/urdf/meshes/base_v0/convex/wheel.dae
[7.091s] -- Installing: /home/kush/UR5_Project_New/src/install/moveit_resources_pr2_description/share/moveit_resources_pr2_description/urdf/meshes/base_v0/convex/caster_L_convex.stla
[7.092s] -- Installing: /home/kush/UR5_Project_New/src/install/moveit_resources_pr2_description/share/moveit_resources_pr2_description/urdf/meshes/base_v0/convex/base.dae
[7.093s] -- Installing: /home/kush/UR5_Project_New/src/install/moveit_resources_pr2_description/share/moveit_resources_pr2_description/urdf/meshes/base_v0/convex/base_L.dae
[7.095s] -- Installing: /home/kush/UR5_Project_New/src/install/moveit_resources_pr2_description/share/moveit_resources_pr2_description/urdf/meshes/base_v0/convex/base_convex.stlb
[7.096s] -- Installing: /home/kush/UR5_Project_New/src/install/moveit_resources_pr2_description/share/moveit_resources_pr2_description/urdf/meshes/base_v0/wheel.dae
[7.130s] -- Installing: /home/kush/UR5_Project_New/src/install/moveit_resources_pr2_description/share/moveit_resources_pr2_description/urdf/meshes/base_v0/base_L.stl
[7.131s] -- Installing: /home/kush/UR5_Project_New/src/install/moveit_resources_pr2_description/share/moveit_resources_pr2_description/urdf/meshes/base_v0/base.dae
[7.144s] -- Installing: /home/kush/UR5_Project_New/src/install/moveit_resources_pr2_description/share/moveit_resources_pr2_description/urdf/meshes/shoulder_v0
[7.144s] -- Installing: /home/kush/UR5_Project_New/src/install/moveit_resources_pr2_description/share/moveit_resources_pr2_description/urdf/meshes/shoulder_v0/upper_arm_roll_normals.tif
[7.175s] -- Installing: /home/kush/UR5_Project_New/src/install/moveit_resources_pr2_description/share/moveit_resources_pr2_description/urdf/meshes/shoulder_v0/shoulder_pan_color.tif
[7.241s] -- Installing: /home/kush/UR5_Project_New/src/install/moveit_resources_pr2_description/share/moveit_resources_pr2_description/urdf/meshes/shoulder_v0/shoulder_yaw.stl
[7.252s] -- Installing: /home/kush/UR5_Project_New/src/install/moveit_resources_pr2_description/share/moveit_resources_pr2_description/urdf/meshes/shoulder_v0/shoulder_lift_color.tif
[7.259s] -- Installing: /home/kush/UR5_Project_New/src/install/moveit_resources_pr2_description/share/moveit_resources_pr2_description/urdf/meshes/shoulder_v0/upper_arm_roll.stl
[7.277s] -- Installing: /home/kush/UR5_Project_New/src/install/moveit_resources_pr2_description/share/moveit_resources_pr2_description/urdf/meshes/shoulder_v0/shoulder_lift.dae
[7.305s] -- Installing: /home/kush/UR5_Project_New/src/install/moveit_resources_pr2_description/share/moveit_resources_pr2_description/urdf/meshes/shoulder_v0/upper_arm_roll.dae
[7.324s] -- Installing: /home/kush/UR5_Project_New/src/install/moveit_resources_pr2_description/share/moveit_resources_pr2_description/urdf/meshes/shoulder_v0/shoulder_pan.stl
[7.325s] -- Installing: /home/kush/UR5_Project_New/src/install/moveit_resources_pr2_description/share/moveit_resources_pr2_description/urdf/meshes/shoulder_v0/upper_arm_roll_color.tif
[7.334s] -- Installing: /home/kush/UR5_Project_New/src/install/moveit_resources_pr2_description/share/moveit_resources_pr2_description/urdf/meshes/shoulder_v0/shoulder_pan_normals.tif
[7.366s] -- Installing: /home/kush/UR5_Project_New/src/install/moveit_resources_pr2_description/share/moveit_resources_pr2_description/urdf/meshes/shoulder_v0/shoulder_lift.stl
[7.367s] -- Installing: /home/kush/UR5_Project_New/src/install/moveit_resources_pr2_description/share/moveit_resources_pr2_description/urdf/meshes/shoulder_v0/shoulder_lift_normals.tif
[7.389s] -- Installing: /home/kush/UR5_Project_New/src/install/moveit_resources_pr2_description/share/moveit_resources_pr2_description/urdf/meshes/shoulder_v0/convex
[7.389s] -- Installing: /home/kush/UR5_Project_New/src/install/moveit_resources_pr2_description/share/moveit_resources_pr2_description/urdf/meshes/shoulder_v0/convex/shoulder_lift_convex.stlb
[7.406s] -- Installing: /home/kush/UR5_Project_New/src/install/moveit_resources_pr2_description/share/moveit_resources_pr2_description/urdf/meshes/shoulder_v0/convex/shoulder_lift_convex.stla
[7.416s] -- Installing: /home/kush/UR5_Project_New/src/install/moveit_resources_pr2_description/share/moveit_resources_pr2_description/urdf/meshes/shoulder_v0/convex/shoulder_lift.dae
[7.417s] -- Installing: /home/kush/UR5_Project_New/src/install/moveit_resources_pr2_description/share/moveit_resources_pr2_description/urdf/meshes/shoulder_v0/convex/upper_arm_roll.dae
[7.418s] -- Installing: /home/kush/UR5_Project_New/src/install/moveit_resources_pr2_description/share/moveit_resources_pr2_description/urdf/meshes/shoulder_v0/convex/shoulder_pan.xml
[7.419s] -- Installing: /home/kush/UR5_Project_New/src/install/moveit_resources_pr2_description/share/moveit_resources_pr2_description/urdf/meshes/shoulder_v0/convex/upper_arm_roll_L_convex.stla
[7.420s] -- Installing: /home/kush/UR5_Project_New/src/install/moveit_resources_pr2_description/share/moveit_resources_pr2_description/urdf/meshes/shoulder_v0/convex/upper_arm_roll_convex.stlb
[7.421s] -- Installing: /home/kush/UR5_Project_New/src/install/moveit_resources_pr2_description/share/moveit_resources_pr2_description/urdf/meshes/shoulder_v0/convex/shoulder_yaw.dae
[7.422s] -- Installing: /home/kush/UR5_Project_New/src/install/moveit_resources_pr2_description/share/moveit_resources_pr2_description/urdf/meshes/shoulder_v0/convex/shoulder_yaw_convex.stlb
[7.423s] -- Installing: /home/kush/UR5_Project_New/src/install/moveit_resources_pr2_description/share/moveit_resources_pr2_description/urdf/meshes/shoulder_v0/convex/shoulder_lift.xml
[7.460s] -- Installing: /home/kush/UR5_Project_New/src/install/moveit_resources_pr2_description/share/moveit_resources_pr2_description/urdf/meshes/shoulder_v0/convex/upper_arm_roll_L.xml
[7.461s] -- Installing: /home/kush/UR5_Project_New/src/install/moveit_resources_pr2_description/share/moveit_resources_pr2_description/urdf/meshes/shoulder_v0/convex/upper_arm_roll_L.dae
[7.462s] -- Installing: /home/kush/UR5_Project_New/src/install/moveit_resources_pr2_description/share/moveit_resources_pr2_description/urdf/meshes/shoulder_v0/convex/upper_arm_roll.xml
[7.463s] -- Installing: /home/kush/UR5_Project_New/src/install/moveit_resources_pr2_description/share/moveit_resources_pr2_description/urdf/meshes/shoulder_v0/convex/shoulder_pan_convex.stlb
[7.474s] -- Installing: /home/kush/UR5_Project_New/src/install/moveit_resources_pr2_description/share/moveit_resources_pr2_description/urdf/meshes/shoulder_v0/convex/shoulder_pan_convex.stla
[7.476s] -- Installing: /home/kush/UR5_Project_New/src/install/moveit_resources_pr2_description/share/moveit_resources_pr2_description/urdf/meshes/shoulder_v0/convex/upper_arm_roll_convex.stla
[7.477s] -- Installing: /home/kush/UR5_Project_New/src/install/moveit_resources_pr2_description/share/moveit_resources_pr2_description/urdf/meshes/shoulder_v0/convex/shoulder_yaw_convex.stla
[7.478s] -- Installing: /home/kush/UR5_Project_New/src/install/moveit_resources_pr2_description/share/moveit_resources_pr2_description/urdf/meshes/shoulder_v0/convex/shoulder_yaw.xml
[7.479s] -- Installing: /home/kush/UR5_Project_New/src/install/moveit_resources_pr2_description/share/moveit_resources_pr2_description/urdf/meshes/shoulder_v0/convex/upper_arm_roll_L_convex.stlb
[7.480s] -- Installing: /home/kush/UR5_Project_New/src/install/moveit_resources_pr2_description/share/moveit_resources_pr2_description/urdf/meshes/shoulder_v0/convex/shoulder_pan.dae
[7.481s] -- Installing: /home/kush/UR5_Project_New/src/install/moveit_resources_pr2_description/share/moveit_resources_pr2_description/urdf/meshes/shoulder_v0/upper_arm_roll_L.stl
[7.482s] -- Installing: /home/kush/UR5_Project_New/src/install/moveit_resources_pr2_description/share/moveit_resources_pr2_description/urdf/meshes/shoulder_v0/shoulder_pan.dae
[7.483s] -- Installing: /home/kush/UR5_Project_New/src/install/moveit_resources_pr2_description/share/moveit_resources_pr2_description/urdf/meshes/head_v0
[7.483s] -- Installing: /home/kush/UR5_Project_New/src/install/moveit_resources_pr2_description/share/moveit_resources_pr2_description/urdf/meshes/head_v0/head_tilt_color_yellow.tif
[7.498s] -- Installing: /home/kush/UR5_Project_New/src/install/moveit_resources_pr2_description/share/moveit_resources_pr2_description/urdf/meshes/head_v0/head_pan.stl
[7.512s] -- Installing: /home/kush/UR5_Project_New/src/install/moveit_resources_pr2_description/share/moveit_resources_pr2_description/urdf/meshes/head_v0/head_pan_L.stl
[7.513s] -- Installing: /home/kush/UR5_Project_New/src/install/moveit_resources_pr2_description/share/moveit_resources_pr2_description/urdf/meshes/head_v0/head_tilt_color.tif
[7.731s] -- Installing: /home/kush/UR5_Project_New/src/install/moveit_resources_pr2_description/share/moveit_resources_pr2_description/urdf/meshes/head_v0/head_tilt.stl
[7.776s] -- Installing: /home/kush/UR5_Project_New/src/install/moveit_resources_pr2_description/share/moveit_resources_pr2_description/urdf/meshes/head_v0/head_tilt_color_red.tif
[7.803s] -- Installing: /home/kush/UR5_Project_New/src/install/moveit_resources_pr2_description/share/moveit_resources_pr2_description/urdf/meshes/head_v0/head_pan_color.tif
[7.823s] -- Installing: /home/kush/UR5_Project_New/src/install/moveit_resources_pr2_description/share/moveit_resources_pr2_description/urdf/meshes/head_v0/head_tilt_normals.tif
[7.848s] -- Installing: /home/kush/UR5_Project_New/src/install/moveit_resources_pr2_description/share/moveit_resources_pr2_description/urdf/meshes/head_v0/convex
[7.849s] -- Installing: /home/kush/UR5_Project_New/src/install/moveit_resources_pr2_description/share/moveit_resources_pr2_description/urdf/meshes/head_v0/convex/head_pan_L_convex.stlb
[7.863s] -- Installing: /home/kush/UR5_Project_New/src/install/moveit_resources_pr2_description/share/moveit_resources_pr2_description/urdf/meshes/head_v0/convex/head_pan_convex.stla
[7.864s] -- Installing: /home/kush/UR5_Project_New/src/install/moveit_resources_pr2_description/share/moveit_resources_pr2_description/urdf/meshes/head_v0/convex/head_tilt_L_convex.stla
[7.866s] -- Installing: /home/kush/UR5_Project_New/src/install/moveit_resources_pr2_description/share/moveit_resources_pr2_description/urdf/meshes/head_v0/convex/head_pan_L_convex.stla
[7.867s] -- Installing: /home/kush/UR5_Project_New/src/install/moveit_resources_pr2_description/share/moveit_resources_pr2_description/urdf/meshes/head_v0/convex/head_pan.xml
[7.868s] -- Installing: /home/kush/UR5_Project_New/src/install/moveit_resources_pr2_description/share/moveit_resources_pr2_description/urdf/meshes/head_v0/convex/head_tilt_L.xml
[7.869s] -- Installing: /home/kush/UR5_Project_New/src/install/moveit_resources_pr2_description/share/moveit_resources_pr2_description/urdf/meshes/head_v0/convex/head_pan_L.xml
[7.870s] -- Installing: /home/kush/UR5_Project_New/src/install/moveit_resources_pr2_description/share/moveit_resources_pr2_description/urdf/meshes/head_v0/convex/head_tilt_L_convex.stlb
[7.871s] -- Installing: /home/kush/UR5_Project_New/src/install/moveit_resources_pr2_description/share/moveit_resources_pr2_description/urdf/meshes/head_v0/convex/head_tilt.xml
[7.872s] -- Installing: /home/kush/UR5_Project_New/src/install/moveit_resources_pr2_description/share/moveit_resources_pr2_description/urdf/meshes/head_v0/convex/head_tilt_convex.stla
[7.873s] -- Installing: /home/kush/UR5_Project_New/src/install/moveit_resources_pr2_description/share/moveit_resources_pr2_description/urdf/meshes/head_v0/convex/head_tilt_convex.stlb
[7.874s] -- Installing: /home/kush/UR5_Project_New/src/install/moveit_resources_pr2_description/share/moveit_resources_pr2_description/urdf/meshes/head_v0/convex/head_tilt_L.dae
[7.875s] -- Installing: /home/kush/UR5_Project_New/src/install/moveit_resources_pr2_description/share/moveit_resources_pr2_description/urdf/meshes/head_v0/convex/head_pan_L.dae
[7.876s] -- Installing: /home/kush/UR5_Project_New/src/install/moveit_resources_pr2_description/share/moveit_resources_pr2_description/urdf/meshes/head_v0/convex/head_pan.dae
[7.878s] -- Installing: /home/kush/UR5_Project_New/src/install/moveit_resources_pr2_description/share/moveit_resources_pr2_description/urdf/meshes/head_v0/convex/head_pan_convex.stlb
[7.879s] -- Installing: /home/kush/UR5_Project_New/src/install/moveit_resources_pr2_description/share/moveit_resources_pr2_description/urdf/meshes/head_v0/convex/head_tilt.dae
[7.880s] -- Installing: /home/kush/UR5_Project_New/src/install/moveit_resources_pr2_description/share/moveit_resources_pr2_description/urdf/meshes/head_v0/head_pan_normals.tif
[7.921s] -- Installing: /home/kush/UR5_Project_New/src/install/moveit_resources_pr2_description/share/moveit_resources_pr2_description/urdf/meshes/head_v0/head_tilt_L.stl
[7.922s] -- Installing: /home/kush/UR5_Project_New/src/install/moveit_resources_pr2_description/share/moveit_resources_pr2_description/urdf/meshes/head_v0/head_tilt_green.tif
[7.941s] -- Installing: /home/kush/UR5_Project_New/src/install/moveit_resources_pr2_description/share/moveit_resources_pr2_description/urdf/meshes/head_v0/head_pan.dae
[7.960s] -- Installing: /home/kush/UR5_Project_New/src/install/moveit_resources_pr2_description/share/moveit_resources_pr2_description/urdf/meshes/head_v0/head_tilt.dae
[7.971s] -- Installing: /home/kush/UR5_Project_New/src/install/moveit_resources_pr2_description/share/moveit_resources_pr2_description/urdf/meshes/tilting_laser_v0
[7.971s] -- Installing: /home/kush/UR5_Project_New/src/install/moveit_resources_pr2_description/share/moveit_resources_pr2_description/urdf/meshes/tilting_laser_v0/tilting_hokuyo_color.tif
[7.986s] -- Installing: /home/kush/UR5_Project_New/src/install/moveit_resources_pr2_description/share/moveit_resources_pr2_description/urdf/meshes/tilting_laser_v0/tilting_hokuyo.stl
[8.002s] -- Installing: /home/kush/UR5_Project_New/src/install/moveit_resources_pr2_description/share/moveit_resources_pr2_description/urdf/meshes/tilting_laser_v0/tilting_hokuyo.dae
[8.018s] -- Installing: /home/kush/UR5_Project_New/src/install/moveit_resources_pr2_description/share/moveit_resources_pr2_description/urdf/meshes/tilting_laser_v0/hok_tilt.stl
[8.019s] -- Installing: /home/kush/UR5_Project_New/src/install/moveit_resources_pr2_description/share/moveit_resources_pr2_description/urdf/meshes/tilting_laser_v0/tilting_hokuyo_normals.tif
[8.047s] -- Installing: /home/kush/UR5_Project_New/src/install/moveit_resources_pr2_description/share/moveit_resources_pr2_description/urdf/meshes/tilting_laser_v0/convex
[8.048s] -- Installing: /home/kush/UR5_Project_New/src/install/moveit_resources_pr2_description/share/moveit_resources_pr2_description/urdf/meshes/tilting_laser_v0/convex/tilting_hokuyo_L_convex.stlb
[8.050s] -- Installing: /home/kush/UR5_Project_New/src/install/moveit_resources_pr2_description/share/moveit_resources_pr2_description/urdf/meshes/tilting_laser_v0/convex/tilting_hokuyo_L.xml
[8.051s] -- Installing: /home/kush/UR5_Project_New/src/install/moveit_resources_pr2_description/share/moveit_resources_pr2_description/urdf/meshes/tilting_laser_v0/convex/hok_tilt_convex.stla
[8.052s] -- Installing: /home/kush/UR5_Project_New/src/install/moveit_resources_pr2_description/share/moveit_resources_pr2_description/urdf/meshes/tilting_laser_v0/convex/tilting_hokuyo.dae
[8.053s] -- Installing: /home/kush/UR5_Project_New/src/install/moveit_resources_pr2_description/share/moveit_resources_pr2_description/urdf/meshes/tilting_laser_v0/convex/hok_tilt_convex.stlb
[8.054s] -- Installing: /home/kush/UR5_Project_New/src/install/moveit_resources_pr2_description/share/moveit_resources_pr2_description/urdf/meshes/tilting_laser_v0/convex/tilting_hokuyo.xml
[8.055s] -- Installing: /home/kush/UR5_Project_New/src/install/moveit_resources_pr2_description/share/moveit_resources_pr2_description/urdf/meshes/tilting_laser_v0/convex/tilting_hokuyo_convex.stla
[8.069s] -- Installing: /home/kush/UR5_Project_New/src/install/moveit_resources_pr2_description/share/moveit_resources_pr2_description/urdf/meshes/tilting_laser_v0/convex/tilting_hokuyo_convex.stlb
[8.070s] -- Installing: /home/kush/UR5_Project_New/src/install/moveit_resources_pr2_description/share/moveit_resources_pr2_description/urdf/meshes/tilting_laser_v0/convex/tilting_hokuyo_L_convex.stla
[8.072s] -- Installing: /home/kush/UR5_Project_New/src/install/moveit_resources_pr2_description/share/moveit_resources_pr2_description/urdf/meshes/tilting_laser_v0/convex/hok_tilt.xml
[8.073s] -- Installing: /home/kush/UR5_Project_New/src/install/moveit_resources_pr2_description/share/moveit_resources_pr2_description/urdf/meshes/tilting_laser_v0/convex/tilting_hokuyo_L.dae
[8.074s] -- Installing: /home/kush/UR5_Project_New/src/install/moveit_resources_pr2_description/share/moveit_resources_pr2_description/urdf/meshes/tilting_laser_v0/convex/hok_tilt.dae
[8.088s] -- Installing: /home/kush/UR5_Project_New/src/install/moveit_resources_pr2_description/share/moveit_resources_pr2_description/urdf/meshes/tilting_laser_v0/tilting_hokuyo_L.stl
[8.089s] -- Installing: /home/kush/UR5_Project_New/src/install/moveit_resources_pr2_description/share/moveit_resources_pr2_description/urdf/meshes/gripper_v0
[8.090s] -- Installing: /home/kush/UR5_Project_New/src/install/moveit_resources_pr2_description/share/moveit_resources_pr2_description/urdf/meshes/gripper_v0/palm_H_Color_100430.tif
[8.106s] -- Installing: /home/kush/UR5_Project_New/src/install/moveit_resources_pr2_description/share/moveit_resources_pr2_description/urdf/meshes/gripper_v0/upper_finger_l.stl
[8.107s] -- Installing: /home/kush/UR5_Project_New/src/install/moveit_resources_pr2_description/share/moveit_resources_pr2_description/urdf/meshes/gripper_v0/palm_H_UV_100430.dae
[8.130s] -- Installing: /home/kush/UR5_Project_New/src/install/moveit_resources_pr2_description/share/moveit_resources_pr2_description/urdf/meshes/gripper_v0/l_finger_tip.stl
[8.145s] -- Installing: /home/kush/UR5_Project_New/src/install/moveit_resources_pr2_description/share/moveit_resources_pr2_description/urdf/meshes/gripper_v0/finger_tip_pad2_r.stl
[8.150s] -- Installing: /home/kush/UR5_Project_New/src/install/moveit_resources_pr2_description/share/moveit_resources_pr2_description/urdf/meshes/gripper_v0/gripper_palm.dae
[8.182s] -- Installing: /home/kush/UR5_Project_New/src/install/moveit_resources_pr2_description/share/moveit_resources_pr2_description/urdf/meshes/gripper_v0/finger_tip_l.stl
[8.183s] -- Installing: /home/kush/UR5_Project_New/src/install/moveit_resources_pr2_description/share/moveit_resources_pr2_description/urdf/meshes/gripper_v0/l_finger_tip_color.tif
[8.193s] -- Installing: /home/kush/UR5_Project_New/src/install/moveit_resources_pr2_description/share/moveit_resources_pr2_description/urdf/meshes/gripper_v0/l_float.dae
[8.214s] -- Installing: /home/kush/UR5_Project_New/src/install/moveit_resources_pr2_description/share/moveit_resources_pr2_description/urdf/meshes/gripper_v0/finger_tip_H_UV_100430.dae
[8.262s] -- Installing: /home/kush/UR5_Project_New/src/install/moveit_resources_pr2_description/share/moveit_resources_pr2_description/urdf/meshes/gripper_v0/finger_tip_pad2_l.stl
[8.263s] -- Installing: /home/kush/UR5_Project_New/src/install/moveit_resources_pr2_description/share/moveit_resources_pr2_description/urdf/meshes/gripper_v0/float_H_UV_100430.dae
[8.288s] -- Installing: /home/kush/UR5_Project_New/src/install/moveit_resources_pr2_description/share/moveit_resources_pr2_description/urdf/meshes/gripper_v0/upper_finger_r.stl
[8.289s] -- Installing: /home/kush/UR5_Project_New/src/install/moveit_resources_pr2_description/share/moveit_resources_pr2_description/urdf/meshes/gripper_v0/l_floating.stl
[8.291s] -- Installing: /home/kush/UR5_Project_New/src/install/moveit_resources_pr2_description/share/moveit_resources_pr2_description/urdf/meshes/gripper_v0/gripper_palm_normals.tif
[8.321s] -- Installing: /home/kush/UR5_Project_New/src/install/moveit_resources_pr2_description/share/moveit_resources_pr2_description/urdf/meshes/gripper_v0/finger_H_UV_100430.dae
[8.376s] -- Installing: /home/kush/UR5_Project_New/src/install/moveit_resources_pr2_description/share/moveit_resources_pr2_description/urdf/meshes/gripper_v0/finger_tip_r.stl
[8.378s] -- Installing: /home/kush/UR5_Project_New/src/install/moveit_resources_pr2_description/share/moveit_resources_pr2_description/urdf/meshes/gripper_v0/l_finger_tip_normals.tif
[8.404s] -- Installing: /home/kush/UR5_Project_New/src/install/moveit_resources_pr2_description/share/moveit_resources_pr2_description/urdf/meshes/gripper_v0/l_finger_color.tif
[8.433s] -- Installing: /home/kush/UR5_Project_New/src/install/moveit_resources_pr2_description/share/moveit_resources_pr2_description/urdf/meshes/gripper_v0/l_float_normals.tif
[8.468s] -- Installing: /home/kush/UR5_Project_New/src/install/moveit_resources_pr2_description/share/moveit_resources_pr2_description/urdf/meshes/gripper_v0/l_finger_tip.dae
[8.489s] -- Installing: /home/kush/UR5_Project_New/src/install/moveit_resources_pr2_description/share/moveit_resources_pr2_description/urdf/meshes/gripper_v0/convex
[8.490s] -- Installing: /home/kush/UR5_Project_New/src/install/moveit_resources_pr2_description/share/moveit_resources_pr2_description/urdf/meshes/gripper_v0/convex/finger_tip_pad2_r_convex.stlb
[8.501s] -- Installing: /home/kush/UR5_Project_New/src/install/moveit_resources_pr2_description/share/moveit_resources_pr2_description/urdf/meshes/gripper_v0/convex/upper_finger_l_convex.stlb
[8.504s] -- Installing: /home/kush/UR5_Project_New/src/install/moveit_resources_pr2_description/share/moveit_resources_pr2_description/urdf/meshes/gripper_v0/convex/l_finger_convex.stlb
[8.504s] -- Installing: /home/kush/UR5_Project_New/src/install/moveit_resources_pr2_description/share/moveit_resources_pr2_description/urdf/meshes/gripper_v0/convex/l_floating.dae
[8.505s] -- Installing: /home/kush/UR5_Project_New/src/install/moveit_resources_pr2_description/share/moveit_resources_pr2_description/urdf/meshes/gripper_v0/convex/finger_tip_l.dae
[8.509s] -- Installing: /home/kush/UR5_Project_New/src/install/moveit_resources_pr2_description/share/moveit_resources_pr2_description/urdf/meshes/gripper_v0/convex/l_floating_convex.stla
[8.510s] -- Installing: /home/kush/UR5_Project_New/src/install/moveit_resources_pr2_description/share/moveit_resources_pr2_description/urdf/meshes/gripper_v0/convex/gripper_palm.dae
[8.511s] -- Installing: /home/kush/UR5_Project_New/src/install/moveit_resources_pr2_description/share/moveit_resources_pr2_description/urdf/meshes/gripper_v0/convex/finger_tip_pad2_l_convex.stla
[8.511s] -- Installing: /home/kush/UR5_Project_New/src/install/moveit_resources_pr2_description/share/moveit_resources_pr2_description/urdf/meshes/gripper_v0/convex/l_finger_tip.xml
[8.511s] -- Installing: /home/kush/UR5_Project_New/src/install/moveit_resources_pr2_description/share/moveit_resources_pr2_description/urdf/meshes/gripper_v0/convex/finger_tip_pad2_r_convex.stla
[8.512s] -- Installing: /home/kush/UR5_Project_New/src/install/moveit_resources_pr2_description/share/moveit_resources_pr2_description/urdf/meshes/gripper_v0/convex/l_finger_convex.stla
[8.512s] -- Installing: /home/kush/UR5_Project_New/src/install/moveit_resources_pr2_description/share/moveit_resources_pr2_description/urdf/meshes/gripper_v0/convex/gripper_palm.xml
[8.512s] -- Installing: /home/kush/UR5_Project_New/src/install/moveit_resources_pr2_description/share/moveit_resources_pr2_description/urdf/meshes/gripper_v0/convex/finger_tip_pad2_r.xml
[8.513s] -- Installing: /home/kush/UR5_Project_New/src/install/moveit_resources_pr2_description/share/moveit_resources_pr2_description/urdf/meshes/gripper_v0/convex/finger_tip_r.dae
[8.513s] -- Installing: /home/kush/UR5_Project_New/src/install/moveit_resources_pr2_description/share/moveit_resources_pr2_description/urdf/meshes/gripper_v0/convex/upper_finger_l_convex.stla
[8.513s] -- Installing: /home/kush/UR5_Project_New/src/install/moveit_resources_pr2_description/share/moveit_resources_pr2_description/urdf/meshes/gripper_v0/convex/gripper_palm_convex.stla
[8.514s] -- Installing: /home/kush/UR5_Project_New/src/install/moveit_resources_pr2_description/share/moveit_resources_pr2_description/urdf/meshes/gripper_v0/convex/finger_tip_r.xml
[8.514s] -- Installing: /home/kush/UR5_Project_New/src/install/moveit_resources_pr2_description/share/moveit_resources_pr2_description/urdf/meshes/gripper_v0/convex/upper_finger_l.dae
[8.515s] -- Installing: /home/kush/UR5_Project_New/src/install/moveit_resources_pr2_description/share/moveit_resources_pr2_description/urdf/meshes/gripper_v0/convex/upper_finger_r_convex.stla
[8.515s] -- Installing: /home/kush/UR5_Project_New/src/install/moveit_resources_pr2_description/share/moveit_resources_pr2_description/urdf/meshes/gripper_v0/convex/l_finger_tip_convex.stlb
[8.515s] -- Installing: /home/kush/UR5_Project_New/src/install/moveit_resources_pr2_description/share/moveit_resources_pr2_description/urdf/meshes/gripper_v0/convex/l_floating_convex.stlb
[8.515s] -- Installing: /home/kush/UR5_Project_New/src/install/moveit_resources_pr2_description/share/moveit_resources_pr2_description/urdf/meshes/gripper_v0/convex/l_finger_tip.dae
[8.516s] -- Installing: /home/kush/UR5_Project_New/src/install/moveit_resources_pr2_description/share/moveit_resources_pr2_description/urdf/meshes/gripper_v0/convex/upper_finger_r_convex.stlb
[8.516s] -- Installing: /home/kush/UR5_Project_New/src/install/moveit_resources_pr2_description/share/moveit_resources_pr2_description/urdf/meshes/gripper_v0/convex/finger_tip_l_convex.stlb
[8.516s] -- Installing: /home/kush/UR5_Project_New/src/install/moveit_resources_pr2_description/share/moveit_resources_pr2_description/urdf/meshes/gripper_v0/convex/finger_tip_pad2_l.xml
[8.517s] -- Installing: /home/kush/UR5_Project_New/src/install/moveit_resources_pr2_description/share/moveit_resources_pr2_description/urdf/meshes/gripper_v0/convex/finger_tip_pad2_l.dae
[8.517s] -- Installing: /home/kush/UR5_Project_New/src/install/moveit_resources_pr2_description/share/moveit_resources_pr2_description/urdf/meshes/gripper_v0/convex/upper_finger_r.xml
[8.517s] -- Installing: /home/kush/UR5_Project_New/src/install/moveit_resources_pr2_description/share/moveit_resources_pr2_description/urdf/meshes/gripper_v0/convex/finger_tip_r_convex.stlb
[8.518s] -- Installing: /home/kush/UR5_Project_New/src/install/moveit_resources_pr2_description/share/moveit_resources_pr2_description/urdf/meshes/gripper_v0/convex/finger_tip_l_convex.stla
[8.519s] -- Installing: /home/kush/UR5_Project_New/src/install/moveit_resources_pr2_description/share/moveit_resources_pr2_description/urdf/meshes/gripper_v0/convex/gripper_palm_convex.stlb
[8.519s] -- Installing: /home/kush/UR5_Project_New/src/install/moveit_resources_pr2_description/share/moveit_resources_pr2_description/urdf/meshes/gripper_v0/convex/upper_finger_l.xml
[8.525s] -- Installing: /home/kush/UR5_Project_New/src/install/moveit_resources_pr2_description/share/moveit_resources_pr2_description/urdf/meshes/gripper_v0/convex/upper_finger_r.dae
[8.530s] -- Installing: /home/kush/UR5_Project_New/src/install/moveit_resources_pr2_description/share/moveit_resources_pr2_description/urdf/meshes/gripper_v0/convex/l_finger.dae
[8.530s] -- Installing: /home/kush/UR5_Project_New/src/install/moveit_resources_pr2_description/share/moveit_resources_pr2_description/urdf/meshes/gripper_v0/convex/finger_tip_pad2_l_convex.stlb
[8.531s] -- Installing: /home/kush/UR5_Project_New/src/install/moveit_resources_pr2_description/share/moveit_resources_pr2_description/urdf/meshes/gripper_v0/convex/l_finger.xml
[8.531s] -- Installing: /home/kush/UR5_Project_New/src/install/moveit_resources_pr2_description/share/moveit_resources_pr2_description/urdf/meshes/gripper_v0/convex/l_finger_tip_convex.stla
[8.531s] -- Installing: /home/kush/UR5_Project_New/src/install/moveit_resources_pr2_description/share/moveit_resources_pr2_description/urdf/meshes/gripper_v0/convex/finger_tip_pad2_r.dae
[8.532s] -- Installing: /home/kush/UR5_Project_New/src/install/moveit_resources_pr2_description/share/moveit_resources_pr2_description/urdf/meshes/gripper_v0/convex/finger_tip_r_convex.stla
[8.532s] -- Installing: /home/kush/UR5_Project_New/src/install/moveit_resources_pr2_description/share/moveit_resources_pr2_description/urdf/meshes/gripper_v0/convex/finger_tip_l.xml
[8.533s] -- Installing: /home/kush/UR5_Project_New/src/install/moveit_resources_pr2_description/share/moveit_resources_pr2_description/urdf/meshes/gripper_v0/convex/l_floating.xml
[8.533s] -- Installing: /home/kush/UR5_Project_New/src/install/moveit_resources_pr2_description/share/moveit_resources_pr2_description/urdf/meshes/gripper_v0/gripper_palm.stl
[8.534s] -- Installing: /home/kush/UR5_Project_New/src/install/moveit_resources_pr2_description/share/moveit_resources_pr2_description/urdf/meshes/gripper_v0/finger_H_Color_100430.tif
[8.534s] -- Installing: /home/kush/UR5_Project_New/src/install/moveit_resources_pr2_description/share/moveit_resources_pr2_description/urdf/meshes/gripper_v0/gripper_palm_color.tif
[8.555s] -- Installing: /home/kush/UR5_Project_New/src/install/moveit_resources_pr2_description/share/moveit_resources_pr2_description/urdf/meshes/gripper_v0/l_finger_normals.tif
[8.581s] -- Installing: /home/kush/UR5_Project_New/src/install/moveit_resources_pr2_description/share/moveit_resources_pr2_description/urdf/meshes/gripper_v0/l_finger.dae
[8.591s] -- Installing: /home/kush/UR5_Project_New/src/install/moveit_resources_pr2_description/share/moveit_resources_pr2_description/urdf/meshes/gripper_v0/l_finger.stl
[8.604s] -- Installing: /home/kush/UR5_Project_New/src/install/moveit_resources_pr2_description/share/moveit_resources_pr2_description/urdf/meshes/gripper_v0/float_H_Color_100430.tif
[8.604s] -- Installing: /home/kush/UR5_Project_New/src/install/moveit_resources_pr2_description/share/moveit_resources_pr2_description/urdf/meshes/gripper_v0/fingertip_H_Color_100430.tif
[8.604s] -- Installing: /home/kush/UR5_Project_New/src/install/moveit_resources_pr2_description/share/moveit_resources_pr2_description/urdf/meshes/gripper_v0/l_float_color.tif
[8.620s] -- Installing: /home/kush/UR5_Project_New/src/install/moveit_resources_pr2_description/share/moveit_resources_pr2_description/urdf/robot.xml
[8.626s] -- Installing: /home/kush/UR5_Project_New/src/install/moveit_resources_pr2_description/share/moveit_resources_pr2_description/kinect.dae
[8.664s] Invoked command in '/home/kush/UR5_Project_New/src/build/moveit_resources_pr2_description' returned '0': CMAKE_PREFIX_PATH=/opt/ros/humble /usr/bin/cmake --install /home/kush/UR5_Project_New/src/build/moveit_resources_pr2_description
