[0.068s] Invoking command in '/home/kush/UR5_Project_New/src/build/moveit_plugins': AMENT_PREFIX_PATH=/home/kush/UR5_Project_New/src/install/moveit_simple_controller_manager:/home/kush/UR5_Project_New/src/install/moveit_core:/home/kush/UR5_Project_New/src/install/srdfdom:/home/kush/UR5_Project_New/src/install/moveit_common:${AMENT_PREFIX_PATH} CMAKE_PREFIX_PATH=/home/kush/UR5_Project_New/src/install/moveit_simple_controller_manager:/home/kush/UR5_Project_New/src/install/moveit_core:/home/kush/UR5_Project_New/src/install/srdfdom:/home/kush/UR5_Project_New/src/install/moveit_common:/opt/ros/humble LD_LIBRARY_PATH=/home/kush/UR5_Project_New/src/install/moveit_simple_controller_manager/lib:/home/kush/UR5_Project_New/src/install/moveit_core/lib:/home/kush/UR5_Project_New/src/install/srdfdom/lib:${LD_LIBRARY_PATH} PATH=/home/kush/UR5_Project_New/src/install/moveit_core/bin:${PATH} PYTHONPATH=/home/kush/UR5_Project_New/src/install/srdfdom/local/lib/python3.10/dist-packages:${PYTHONPATH} /usr/bin/cmake /home/kush/UR5_Project_New/src/moveit2/moveit_plugins/moveit_plugins -DCMAKE_INSTALL_PREFIX=/home/kush/UR5_Project_New/src/install/moveit_plugins
[0.218s] -- The C compiler identification is GNU 11.4.0
[0.431s] -- The CXX compiler identification is GNU 11.4.0
[0.451s] -- Detecting C compiler ABI info
[0.764s] -- Detecting C compiler ABI info - done
[0.819s] -- Check for working C compiler: /usr/bin/cc - skipped
[0.819s] -- Detecting C compile features
[0.820s] -- Detecting C compile features - done
[0.856s] -- Detecting CXX compiler ABI info
[1.107s] -- Detecting CXX compiler ABI info - done
[1.156s] -- Check for working CXX compiler: /usr/bin/c++ - skipped
[1.157s] -- Detecting CXX compile features
[1.159s] -- Detecting CXX compile features - done
[1.175s] -- Found ament_cmake: 1.3.5 (/opt/ros/humble/share/ament_cmake/cmake)
[1.863s] -- Found Python3: /usr/bin/python3.10 (found version "3.10.12") found components: Interpreter 
[2.197s] -- Found ament_lint_auto: 0.12.7 (/opt/ros/humble/share/ament_lint_auto/cmake)
[2.539s] -- Added test 'copyright' to check source files copyright and LICENSE
[2.553s] -- Added test 'lint_cmake' to check CMake code style
[2.556s] -- Added test 'xmllint' to check XML markup files
[2.566s] -- Configuring done
[2.577s] -- Generating done
[2.579s] -- Build files have been written to: /home/kush/UR5_Project_New/src/build/moveit_plugins
[2.617s] Invoked command in '/home/kush/UR5_Project_New/src/build/moveit_plugins' returned '0': AMENT_PREFIX_PATH=/home/kush/UR5_Project_New/src/install/moveit_simple_controller_manager:/home/kush/UR5_Project_New/src/install/moveit_core:/home/kush/UR5_Project_New/src/install/srdfdom:/home/kush/UR5_Project_New/src/install/moveit_common:${AMENT_PREFIX_PATH} CMAKE_PREFIX_PATH=/home/kush/UR5_Project_New/src/install/moveit_simple_controller_manager:/home/kush/UR5_Project_New/src/install/moveit_core:/home/kush/UR5_Project_New/src/install/srdfdom:/home/kush/UR5_Project_New/src/install/moveit_common:/opt/ros/humble LD_LIBRARY_PATH=/home/kush/UR5_Project_New/src/install/moveit_simple_controller_manager/lib:/home/kush/UR5_Project_New/src/install/moveit_core/lib:/home/kush/UR5_Project_New/src/install/srdfdom/lib:${LD_LIBRARY_PATH} PATH=/home/kush/UR5_Project_New/src/install/moveit_core/bin:${PATH} PYTHONPATH=/home/kush/UR5_Project_New/src/install/srdfdom/local/lib/python3.10/dist-packages:${PYTHONPATH} /usr/bin/cmake /home/kush/UR5_Project_New/src/moveit2/moveit_plugins/moveit_plugins -DCMAKE_INSTALL_PREFIX=/home/kush/UR5_Project_New/src/install/moveit_plugins
[2.618s] Invoking command in '/home/kush/UR5_Project_New/src/build/moveit_plugins': AMENT_PREFIX_PATH=/home/kush/UR5_Project_New/src/install/moveit_simple_controller_manager:/home/kush/UR5_Project_New/src/install/moveit_core:/home/kush/UR5_Project_New/src/install/srdfdom:/home/kush/UR5_Project_New/src/install/moveit_common:${AMENT_PREFIX_PATH} CMAKE_PREFIX_PATH=/home/kush/UR5_Project_New/src/install/moveit_simple_controller_manager:/home/kush/UR5_Project_New/src/install/moveit_core:/home/kush/UR5_Project_New/src/install/srdfdom:/home/kush/UR5_Project_New/src/install/moveit_common:/opt/ros/humble LD_LIBRARY_PATH=/home/kush/UR5_Project_New/src/install/moveit_simple_controller_manager/lib:/home/kush/UR5_Project_New/src/install/moveit_core/lib:/home/kush/UR5_Project_New/src/install/srdfdom/lib:${LD_LIBRARY_PATH} PATH=/home/kush/UR5_Project_New/src/install/moveit_core/bin:${PATH} PYTHONPATH=/home/kush/UR5_Project_New/src/install/srdfdom/local/lib/python3.10/dist-packages:${PYTHONPATH} /usr/bin/cmake --build /home/kush/UR5_Project_New/src/build/moveit_plugins -- -j4 -l4
[2.761s] Invoked command in '/home/kush/UR5_Project_New/src/build/moveit_plugins' returned '0': AMENT_PREFIX_PATH=/home/kush/UR5_Project_New/src/install/moveit_simple_controller_manager:/home/kush/UR5_Project_New/src/install/moveit_core:/home/kush/UR5_Project_New/src/install/srdfdom:/home/kush/UR5_Project_New/src/install/moveit_common:${AMENT_PREFIX_PATH} CMAKE_PREFIX_PATH=/home/kush/UR5_Project_New/src/install/moveit_simple_controller_manager:/home/kush/UR5_Project_New/src/install/moveit_core:/home/kush/UR5_Project_New/src/install/srdfdom:/home/kush/UR5_Project_New/src/install/moveit_common:/opt/ros/humble LD_LIBRARY_PATH=/home/kush/UR5_Project_New/src/install/moveit_simple_controller_manager/lib:/home/kush/UR5_Project_New/src/install/moveit_core/lib:/home/kush/UR5_Project_New/src/install/srdfdom/lib:${LD_LIBRARY_PATH} PATH=/home/kush/UR5_Project_New/src/install/moveit_core/bin:${PATH} PYTHONPATH=/home/kush/UR5_Project_New/src/install/srdfdom/local/lib/python3.10/dist-packages:${PYTHONPATH} /usr/bin/cmake --build /home/kush/UR5_Project_New/src/build/moveit_plugins -- -j4 -l4
[2.819s] Invoking command in '/home/kush/UR5_Project_New/src/build/moveit_plugins': AMENT_PREFIX_PATH=/home/kush/UR5_Project_New/src/install/moveit_simple_controller_manager:/home/kush/UR5_Project_New/src/install/moveit_core:/home/kush/UR5_Project_New/src/install/srdfdom:/home/kush/UR5_Project_New/src/install/moveit_common:${AMENT_PREFIX_PATH} CMAKE_PREFIX_PATH=/home/kush/UR5_Project_New/src/install/moveit_simple_controller_manager:/home/kush/UR5_Project_New/src/install/moveit_core:/home/kush/UR5_Project_New/src/install/srdfdom:/home/kush/UR5_Project_New/src/install/moveit_common:/opt/ros/humble LD_LIBRARY_PATH=/home/kush/UR5_Project_New/src/install/moveit_simple_controller_manager/lib:/home/kush/UR5_Project_New/src/install/moveit_core/lib:/home/kush/UR5_Project_New/src/install/srdfdom/lib:${LD_LIBRARY_PATH} PATH=/home/kush/UR5_Project_New/src/install/moveit_core/bin:${PATH} PYTHONPATH=/home/kush/UR5_Project_New/src/install/srdfdom/local/lib/python3.10/dist-packages:${PYTHONPATH} /usr/bin/cmake --install /home/kush/UR5_Project_New/src/build/moveit_plugins
[2.847s] -- Install configuration: ""
[2.849s] -- Installing: /home/kush/UR5_Project_New/src/install/moveit_plugins/share/ament_index/resource_index/package_run_dependencies/moveit_plugins
[2.853s] -- Installing: /home/kush/UR5_Project_New/src/install/moveit_plugins/share/ament_index/resource_index/parent_prefix_path/moveit_plugins
[2.857s] -- Installing: /home/kush/UR5_Project_New/src/install/moveit_plugins/share/moveit_plugins/environment/ament_prefix_path.sh
[2.859s] -- Installing: /home/kush/UR5_Project_New/src/install/moveit_plugins/share/moveit_plugins/environment/ament_prefix_path.dsv
[2.860s] -- Installing: /home/kush/UR5_Project_New/src/install/moveit_plugins/share/moveit_plugins/environment/path.sh
[2.863s] -- Installing: /home/kush/UR5_Project_New/src/install/moveit_plugins/share/moveit_plugins/environment/path.dsv
[2.863s] -- Installing: /home/kush/UR5_Project_New/src/install/moveit_plugins/share/moveit_plugins/local_setup.bash
[2.864s] -- Installing: /home/kush/UR5_Project_New/src/install/moveit_plugins/share/moveit_plugins/local_setup.sh
[2.864s] -- Installing: /home/kush/UR5_Project_New/src/install/moveit_plugins/share/moveit_plugins/local_setup.zsh
[2.864s] -- Installing: /home/kush/UR5_Project_New/src/install/moveit_plugins/share/moveit_plugins/local_setup.dsv
[2.864s] -- Installing: /home/kush/UR5_Project_New/src/install/moveit_plugins/share/moveit_plugins/package.dsv
[2.865s] -- Installing: /home/kush/UR5_Project_New/src/install/moveit_plugins/share/ament_index/resource_index/packages/moveit_plugins
[2.865s] -- Installing: /home/kush/UR5_Project_New/src/install/moveit_plugins/share/moveit_plugins/cmake/moveit_pluginsConfig.cmake
[2.866s] -- Installing: /home/kush/UR5_Project_New/src/install/moveit_plugins/share/moveit_plugins/cmake/moveit_pluginsConfig-version.cmake
[2.866s] -- Installing: /home/kush/UR5_Project_New/src/install/moveit_plugins/share/moveit_plugins/package.xml
[2.883s] Invoked command in '/home/kush/UR5_Project_New/src/build/moveit_plugins' returned '0': AMENT_PREFIX_PATH=/home/kush/UR5_Project_New/src/install/moveit_simple_controller_manager:/home/kush/UR5_Project_New/src/install/moveit_core:/home/kush/UR5_Project_New/src/install/srdfdom:/home/kush/UR5_Project_New/src/install/moveit_common:${AMENT_PREFIX_PATH} CMAKE_PREFIX_PATH=/home/kush/UR5_Project_New/src/install/moveit_simple_controller_manager:/home/kush/UR5_Project_New/src/install/moveit_core:/home/kush/UR5_Project_New/src/install/srdfdom:/home/kush/UR5_Project_New/src/install/moveit_common:/opt/ros/humble LD_LIBRARY_PATH=/home/kush/UR5_Project_New/src/install/moveit_simple_controller_manager/lib:/home/kush/UR5_Project_New/src/install/moveit_core/lib:/home/kush/UR5_Project_New/src/install/srdfdom/lib:${LD_LIBRARY_PATH} PATH=/home/kush/UR5_Project_New/src/install/moveit_core/bin:${PATH} PYTHONPATH=/home/kush/UR5_Project_New/src/install/srdfdom/local/lib/python3.10/dist-packages:${PYTHONPATH} /usr/bin/cmake --install /home/kush/UR5_Project_New/src/build/moveit_plugins
