[0.194s] Invoking command in '/home/kush/UR5_Project_New/build/rosparam_shortcuts': CMAKE_PREFIX_PATH=/opt/ros/humble /usr/bin/cmake /home/kush/UR5_Project_New/src/rosparam_shortcuts -DCMAKE_INSTALL_PREFIX=/home/kush/UR5_Project_New/install/rosparam_shortcuts
[0.321s] -- Found ament_cmake: 1.3.5 (/opt/ros/humble/share/ament_cmake/cmake)
[0.800s] -- Found eigen3_cmake_module: 0.1.1 (/opt/ros/humble/share/eigen3_cmake_module/cmake)
[0.804s] -- Found geometry_msgs: 4.2.3 (/opt/ros/humble/share/geometry_msgs/cmake)
[0.878s] -- Found rosidl_generator_c: 3.1.5 (/opt/ros/humble/share/rosidl_generator_c/cmake)
[0.884s] -- Found rosidl_adapter: 3.1.5 (/opt/ros/humble/share/rosidl_adapter/cmake)
[0.903s] -- Found rosidl_generator_cpp: 3.1.5 (/opt/ros/humble/share/rosidl_generator_cpp/cmake)
[0.932s] -- Using all available rosidl_typesupport_c: rosidl_typesupport_fastrtps_c;rosidl_typesupport_introspection_c
[0.977s] -- Using all available rosidl_typesupport_cpp: rosidl_typesupport_fastrtps_cpp;rosidl_typesupport_introspection_cpp
[1.236s] -- Found rclcpp: 16.0.5 (/opt/ros/humble/share/rclcpp/cmake)
[1.338s] -- Found rmw_implementation_cmake: 6.1.1 (/opt/ros/humble/share/rmw_implementation_cmake/cmake)
[1.342s] -- Found rmw_fastrtps_cpp: 6.2.3 (/opt/ros/humble/share/rmw_fastrtps_cpp/cmake)
[1.600s] -- Using RMW implementation 'rmw_fastrtps_cpp' as default
[1.827s] -- Found tf2_eigen: 0.25.3 (/opt/ros/humble/share/tf2_eigen/cmake)
[2.474s] -- Found ament_lint_auto: 0.12.7 (/opt/ros/humble/share/ament_lint_auto/cmake)
[2.476s] -- Found ament_cmake_gtest: 1.3.5 (/opt/ros/humble/share/ament_cmake_gtest/cmake)
[2.609s] -- Found ros_testing: 0.4.0 (/opt/ros/humble/share/ros_testing/cmake)
[2.682s] -- Found launch_testing_ament_cmake: 1.0.4 (/opt/ros/humble/share/launch_testing_ament_cmake/cmake)
[2.701s] -- Found python_cmake_module: 0.10.0 (/opt/ros/humble/share/python_cmake_module/cmake)
[2.734s] -- Using PYTHON_EXECUTABLE: /usr/bin/python3
[2.734s] -- Using PYTHON_INCLUDE_DIRS: /usr/include/python3.10
[2.734s] -- Using PYTHON_LIBRARIES: /usr/lib/x86_64-linux-gnu/libpython3.10.so
[2.971s] -- Found gtest sources under '/opt/ros/humble/src/gtest_vendor': C++ tests using 'Google Test' will be built
[3.117s] -- Added test 'copyright' to check source files copyright and LICENSE
[3.119s] -- Added test 'lint_cmake' to check CMake code style
[3.120s] -- Added test 'pep257' to check Python code against some of the docstring style conventions in PEP 257
[3.121s] -- Added test 'xmllint' to check XML markup files
[3.233s] -- Configuring done
[4.099s] -- Generating done
[4.138s] -- Build files have been written to: /home/kush/UR5_Project_New/build/rosparam_shortcuts
[4.157s] Invoked command in '/home/kush/UR5_Project_New/build/rosparam_shortcuts' returned '0': CMAKE_PREFIX_PATH=/opt/ros/humble /usr/bin/cmake /home/kush/UR5_Project_New/src/rosparam_shortcuts -DCMAKE_INSTALL_PREFIX=/home/kush/UR5_Project_New/install/rosparam_shortcuts
[4.160s] Invoking command in '/home/kush/UR5_Project_New/build/rosparam_shortcuts': CMAKE_PREFIX_PATH=/opt/ros/humble /usr/bin/cmake --build /home/kush/UR5_Project_New/build/rosparam_shortcuts -- -j4 -l4
[4.350s] [35m[1mConsolidate compiler generated dependencies of target rosparam_shortcuts[0m
[4.390s] [ 23%] Built target rosparam_shortcuts
[4.469s] [35m[1mConsolidate compiler generated dependencies of target gtest[0m
[4.494s] [ 38%] Built target gtest
[4.596s] [35m[1mConsolidate compiler generated dependencies of target rosparam_shortcuts_node_parameters_example[0m
[4.627s] [ 53%] Built target rosparam_shortcuts_node_parameters_example
[4.699s] [35m[1mConsolidate compiler generated dependencies of target rosparam_shortcuts_example[0m
[4.737s] [ 69%] Built target rosparam_shortcuts_example
[4.769s] [35m[1mConsolidate compiler generated dependencies of target gtest_main[0m
[4.793s] [ 84%] Built target gtest_main
[4.897s] [35m[1mConsolidate compiler generated dependencies of target test_node_parameters[0m
[5.039s] [100%] Built target test_node_parameters
[5.055s] Invoked command in '/home/kush/UR5_Project_New/build/rosparam_shortcuts' returned '0': CMAKE_PREFIX_PATH=/opt/ros/humble /usr/bin/cmake --build /home/kush/UR5_Project_New/build/rosparam_shortcuts -- -j4 -l4
[5.111s] Invoking command in '/home/kush/UR5_Project_New/build/rosparam_shortcuts': CMAKE_PREFIX_PATH=/opt/ros/humble /usr/bin/cmake --install /home/kush/UR5_Project_New/build/rosparam_shortcuts
[5.121s] -- Install configuration: "Release"
[6.145s] -- Up-to-date: /home/kush/UR5_Project_New/install/rosparam_shortcuts/lib/librosparam_shortcuts.so
[6.174s] -- Up-to-date: /home/kush/UR5_Project_New/install/rosparam_shortcuts/lib/rosparam_shortcuts/example
[6.177s] -- Up-to-date: /home/kush/UR5_Project_New/install/rosparam_shortcuts/lib/rosparam_shortcuts/node_parameters_example
[6.178s] -- Up-to-date: /home/kush/UR5_Project_New/install/rosparam_shortcuts/include
[6.178s] -- Up-to-date: /home/kush/UR5_Project_New/install/rosparam_shortcuts/include/rosparam_shortcuts
[6.179s] -- Up-to-date: /home/kush/UR5_Project_New/install/rosparam_shortcuts/include/rosparam_shortcuts/node_parameters.h
[6.179s] -- Up-to-date: /home/kush/UR5_Project_New/install/rosparam_shortcuts/include/rosparam_shortcuts/rosparam_shortcuts.h
[6.179s] -- Up-to-date: /home/kush/UR5_Project_New/install/rosparam_shortcuts/share/rosparam_shortcuts/launch
[6.180s] -- Up-to-date: /home/kush/UR5_Project_New/install/rosparam_shortcuts/share/rosparam_shortcuts/launch/example.launch.py
[6.180s] -- Up-to-date: /home/kush/UR5_Project_New/install/rosparam_shortcuts/share/rosparam_shortcuts/config
[6.180s] -- Up-to-date: /home/kush/UR5_Project_New/install/rosparam_shortcuts/share/rosparam_shortcuts/config/example.yaml
[6.181s] -- Up-to-date: /home/kush/UR5_Project_New/install/rosparam_shortcuts/share/rosparam_shortcuts/environment/library_path.sh
[6.181s] -- Installing: /home/kush/UR5_Project_New/install/rosparam_shortcuts/share/rosparam_shortcuts/environment/library_path.dsv
[6.181s] -- Up-to-date: /home/kush/UR5_Project_New/install/rosparam_shortcuts/share/ament_index/resource_index/package_run_dependencies/rosparam_shortcuts
[6.182s] -- Installing: /home/kush/UR5_Project_New/install/rosparam_shortcuts/share/ament_index/resource_index/parent_prefix_path/rosparam_shortcuts
[6.182s] -- Up-to-date: /home/kush/UR5_Project_New/install/rosparam_shortcuts/share/rosparam_shortcuts/environment/ament_prefix_path.sh
[6.182s] -- Installing: /home/kush/UR5_Project_New/install/rosparam_shortcuts/share/rosparam_shortcuts/environment/ament_prefix_path.dsv
[6.182s] -- Up-to-date: /home/kush/UR5_Project_New/install/rosparam_shortcuts/share/rosparam_shortcuts/environment/path.sh
[6.182s] -- Installing: /home/kush/UR5_Project_New/install/rosparam_shortcuts/share/rosparam_shortcuts/environment/path.dsv
[6.182s] -- Up-to-date: /home/kush/UR5_Project_New/install/rosparam_shortcuts/share/rosparam_shortcuts/local_setup.bash
[6.182s] -- Up-to-date: /home/kush/UR5_Project_New/install/rosparam_shortcuts/share/rosparam_shortcuts/local_setup.sh
[6.182s] -- Up-to-date: /home/kush/UR5_Project_New/install/rosparam_shortcuts/share/rosparam_shortcuts/local_setup.zsh
[6.182s] -- Installing: /home/kush/UR5_Project_New/install/rosparam_shortcuts/share/rosparam_shortcuts/local_setup.dsv
[6.182s] -- Installing: /home/kush/UR5_Project_New/install/rosparam_shortcuts/share/rosparam_shortcuts/package.dsv
[6.183s] -- Up-to-date: /home/kush/UR5_Project_New/install/rosparam_shortcuts/share/ament_index/resource_index/packages/rosparam_shortcuts
[6.196s] -- Up-to-date: /home/kush/UR5_Project_New/install/rosparam_shortcuts/share/rosparam_shortcuts/cmake/export_rosparam_shortcutsExport.cmake
[6.196s] -- Up-to-date: /home/kush/UR5_Project_New/install/rosparam_shortcuts/share/rosparam_shortcuts/cmake/export_rosparam_shortcutsExport-release.cmake
[6.197s] -- Up-to-date: /home/kush/UR5_Project_New/install/rosparam_shortcuts/share/rosparam_shortcuts/cmake/ament_cmake_export_targets-extras.cmake
[6.197s] -- Up-to-date: /home/kush/UR5_Project_New/install/rosparam_shortcuts/share/rosparam_shortcuts/cmake/ament_cmake_export_dependencies-extras.cmake
[6.197s] -- Up-to-date: /home/kush/UR5_Project_New/install/rosparam_shortcuts/share/rosparam_shortcuts/cmake/rosparam_shortcutsConfig.cmake
[6.197s] -- Up-to-date: /home/kush/UR5_Project_New/install/rosparam_shortcuts/share/rosparam_shortcuts/cmake/rosparam_shortcutsConfig-version.cmake
[6.197s] -- Up-to-date: /home/kush/UR5_Project_New/install/rosparam_shortcuts/share/rosparam_shortcuts/package.xml
[6.203s] Invoked command in '/home/kush/UR5_Project_New/build/rosparam_shortcuts' returned '0': CMAKE_PREFIX_PATH=/opt/ros/humble /usr/bin/cmake --install /home/kush/UR5_Project_New/build/rosparam_shortcuts
