[0.362s] Invoking command in '/home/kush/UR5_Project_New/build/pilz_industrial_motion_planner': AMENT_PREFIX_PATH=/home/kush/UR5_Project_New/install/moveit_resources_prbt_pg70_support:/home/kush/UR5_Project_New/install/moveit_ros_planning_interface:/home/kush/UR5_Project_New/install/moveit_resources_prbt_moveit_config:/home/kush/UR5_Project_New/install/moveit_ros_move_group:/home/kush/UR5_Project_New/install/moveit_ros_warehouse:/home/kush/UR5_Project_New/install/moveit_kinematics:/home/kush/UR5_Project_New/install/moveit_ros_planning:/home/kush/UR5_Project_New/install/pilz_industrial_motion_planner_testutils:/home/kush/UR5_Project_New/install/moveit_ros_occupancy_map_monitor:/home/kush/UR5_Project_New/install/moveit_resources_prbt_ikfast_manipulator_plugin:/home/kush/UR5_Project_New/install/moveit_core:/home/kush/UR5_Project_New/install/moveit_resources_panda_moveit_config:/home/kush/UR5_Project_New/install/moveit_configs_utils:/home/kush/UR5_Project_New/install/srdfdom:/home/kush/UR5_Project_New/install/moveit_resources_prbt_support:/home/kush/UR5_Project_New/install/moveit_resources_panda_description:/home/kush/UR5_Project_New/install/moveit_common:/home/kush/UR5_Project_New/install/launch_param_builder:${AMENT_PREFIX_PATH} CMAKE_PREFIX_PATH=/home/kush/UR5_Project_New/install/moveit_resources_prbt_pg70_support:/home/kush/UR5_Project_New/install/moveit_ros_planning_interface:/home/kush/UR5_Project_New/install/moveit_resources_prbt_moveit_config:/home/kush/UR5_Project_New/install/moveit_ros_move_group:/home/kush/UR5_Project_New/install/moveit_ros_warehouse:/home/kush/UR5_Project_New/install/moveit_kinematics:/home/kush/UR5_Project_New/install/moveit_ros_planning:/home/kush/UR5_Project_New/install/pilz_industrial_motion_planner_testutils:/home/kush/UR5_Project_New/install/moveit_ros_occupancy_map_monitor:/home/kush/UR5_Project_New/install/moveit_resources_prbt_ikfast_manipulator_plugin:/home/kush/UR5_Project_New/install/moveit_core:/home/kush/UR5_Project_New/install/moveit_resources_panda_moveit_config:/home/kush/UR5_Project_New/install/srdfdom:/home/kush/UR5_Project_New/install/moveit_resources_prbt_support:/home/kush/UR5_Project_New/install/moveit_resources_panda_description:/home/kush/UR5_Project_New/install/moveit_common:/opt/ros/humble LD_LIBRARY_PATH=/home/kush/UR5_Project_New/install/moveit_ros_planning_interface/lib:/home/kush/UR5_Project_New/install/moveit_ros_move_group/lib:/home/kush/UR5_Project_New/install/moveit_ros_warehouse/lib:/home/kush/UR5_Project_New/install/moveit_kinematics/lib:/home/kush/UR5_Project_New/install/moveit_ros_planning/lib:/home/kush/UR5_Project_New/install/pilz_industrial_motion_planner_testutils/lib:/home/kush/UR5_Project_New/install/moveit_ros_occupancy_map_monitor/lib:/home/kush/UR5_Project_New/install/moveit_resources_prbt_ikfast_manipulator_plugin/lib:/home/kush/UR5_Project_New/install/moveit_core/lib:/home/kush/UR5_Project_New/install/srdfdom/lib:${LD_LIBRARY_PATH} PATH=/home/kush/UR5_Project_New/install/moveit_core/bin:${PATH} PYTHONPATH=/home/kush/UR5_Project_New/install/moveit_configs_utils/lib/python3.10/site-packages:/home/kush/UR5_Project_New/install/srdfdom/local/lib/python3.10/dist-packages:/home/kush/UR5_Project_New/install/launch_param_builder/lib/python3.10/site-packages:${PYTHONPATH} /usr/bin/cmake --build /home/kush/UR5_Project_New/build/pilz_industrial_motion_planner -- -j4 -l4
[0.796s] [  1%] [32mBuilding CXX object CMakeFiles/planning_context_loader_base.dir/src/planning_context_loader.cpp.o[0m
[31.206s] [  2%] [32m[1mLinking CXX shared library libplanning_context_loader_base.so[0m
[81.664s] [  2%] Built target planning_context_loader_base
[81.777s] [35m[1mConsolidate compiler generated dependencies of target gtest_main[0m
[81.833s] [  4%] Built target gtest_main
[81.957s] [  6%] [32mBuilding CXX object gtest/CMakeFiles/gtest.dir/src/gtest-all.cc.o[0m
[106.880s] [  7%] [32m[1mLinking CXX static library libgtest.a[0m
[107.176s] [  7%] Built target gtest
[107.356s] [  8%] [32mBuilding CXX object gmock/CMakeFiles/gmock_main.dir/src/gmock_main.cc.o[0m
[111.812s] [  9%] [32m[1mLinking CXX static library libgmock_main.a[0m
[112.071s] [  9%] Built target gmock_main
[112.202s] [ 10%] [32mBuilding CXX object gmock/CMakeFiles/gmock.dir/opt/ros/humble/src/gtest_vendor/src/gtest-all.cc.o[0m
[138.187s] [ 12%] [32mBuilding CXX object gmock/CMakeFiles/gmock.dir/src/gmock-all.cc.o[0m
[149.058s] [ 13%] [32m[1mLinking CXX static library libgmock.a[0m
[149.518s] [ 13%] Built target gmock
[149.715s] [ 14%] [32mBuilding CXX object CMakeFiles/trajectory_generation_common.dir/src/trajectory_functions.cpp.o[0m
[190.142s] [ 15%] [32mBuilding CXX object CMakeFiles/trajectory_generation_common.dir/src/trajectory_blender_transition_window.cpp.o[0m
[223.140s] [ 16%] [32mBuilding CXX object CMakeFiles/trajectory_generation_common.dir/src/trajectory_generator.cpp.o[0m
[257.073s] [ 18%] [32m[1mLinking CXX shared library libtrajectory_generation_common.so[0m
[258.026s] [ 18%] Built target trajectory_generation_common
[258.224s] [ 19%] [32mBuilding CXX object CMakeFiles/joint_limits_common.dir/src/joint_limits_aggregator.cpp.o[0m
[284.189s] [ 20%] [32mBuilding CXX object CMakeFiles/joint_limits_common.dir/src/limits_container.cpp.o[0m
[286.013s] [ 21%] [32mBuilding CXX object CMakeFiles/joint_limits_common.dir/src/cartesian_limit.cpp.o[0m
[286.226s] [ 22%] [32mBuilding CXX object CMakeFiles/joint_limits_common.dir/src/cartesian_limits_aggregator.cpp.o[0m
[298.508s] [ 24%] [32mBuilding CXX object CMakeFiles/joint_limits_common.dir/src/joint_limits_validator.cpp.o[0m
[313.980s] [ 25%] [32mBuilding CXX object CMakeFiles/joint_limits_common.dir/src/joint_limits_container.cpp.o[0m
[317.313s] [ 26%] [32m[1mLinking CXX shared library libjoint_limits_common.so[0m
[320.893s] [ 26%] Built target joint_limits_common
[321.094s] [ 27%] [32mBuilding CXX object CMakeFiles/command_list_manager.dir/src/command_list_manager.cpp.o[0m
[357.857s] [ 28%] [32mBuilding CXX object CMakeFiles/command_list_manager.dir/src/plan_components_builder.cpp.o[0m
[383.127s] [ 30%] [32m[1mLinking CXX shared library libcommand_list_manager.so[0m
[384.160s] [ 30%] Built target command_list_manager
[384.351s] [ 31%] [32mBuilding CXX object CMakeFiles/planning_context_loader_lin.dir/src/planning_context_loader_lin.cpp.o[0m
[411.184s] [ 32%] [32mBuilding CXX object CMakeFiles/planning_context_loader_lin.dir/src/trajectory_generator_lin.cpp.o[0m
[443.096s] [ 33%] [32mBuilding CXX object CMakeFiles/planning_context_loader_lin.dir/src/velocity_profile_atrap.cpp.o[0m
[445.380s] [ 34%] [32m[1mLinking CXX shared library libplanning_context_loader_lin.so[0m
[446.547s] [ 34%] Built target planning_context_loader_lin
[446.747s] [ 36%] [32mBuilding CXX object CMakeFiles/planning_context_loader_circ.dir/src/planning_context_loader_circ.cpp.o[0m
[477.307s] [ 37%] [32mBuilding CXX object CMakeFiles/planning_context_loader_circ.dir/src/trajectory_generator_circ.cpp.o[0m
[505.435s] [ 38%] [32mBuilding CXX object CMakeFiles/planning_context_loader_circ.dir/src/path_circle_generator.cpp.o[0m
[509.036s] [ 39%] [32m[1mLinking CXX shared library libplanning_context_loader_circ.so[0m
[509.829s] [ 39%] Built target planning_context_loader_circ
[509.882s] [ 40%] [32mBuilding CXX object CMakeFiles/sequence_capability.dir/src/move_group_sequence_action.cpp.o[0m
[545.990s] [ 42%] [32mBuilding CXX object CMakeFiles/sequence_capability.dir/src/move_group_sequence_service.cpp.o[0m
[578.192s] [ 43%] [32m[1mLinking CXX shared library libsequence_capability.so[0m
[579.094s] [ 43%] Built target sequence_capability
[579.144s] [ 44%] [32mBuilding CXX object test/CMakeFiles/pilz_industrial_motion_planner_test_utils.dir/test_utils.cpp.o[0m
[614.793s] [ 45%] [32m[1mLinking CXX static library libpilz_industrial_motion_planner_test_utils.a[0m
[615.207s] [ 45%] Built target pilz_industrial_motion_planner_test_utils
[615.333s] [ 46%] [32mBuilding CXX object test/unit_tests/CMakeFiles/unittest_joint_limit.dir/src/unittest_joint_limit.cpp.o[0m
[628.598s] [ 48%] [32m[1mLinking CXX executable unittest_joint_limit[0m
[629.586s] [ 48%] Built target unittest_joint_limit
[629.688s] [ 49%] [32mBuilding CXX object test/unit_tests/CMakeFiles/unittest_joint_limits_aggregator.dir/src/unittest_joint_limits_aggregator.cpp.o[0m
[651.588s] [ 50%] [32m[1mLinking CXX executable unittest_joint_limits_aggregator[0m
[652.602s] [ 50%] Built target unittest_joint_limits_aggregator
[652.699s] [ 51%] [32mBuilding CXX object test/unit_tests/CMakeFiles/unittest_joint_limits_container.dir/src/unittest_joint_limits_container.cpp.o[0m
[657.209s] [ 53%] [32m[1mLinking CXX executable unittest_joint_limits_container[0m
[657.872s] [ 53%] Built target unittest_joint_limits_container
[657.968s] [ 54%] [32mBuilding CXX object test/unit_tests/CMakeFiles/unittest_joint_limits_validator.dir/src/unittest_joint_limits_validator.cpp.o[0m
[663.794s] [ 55%] [32m[1mLinking CXX executable unittest_joint_limits_validator[0m
[664.381s] [ 55%] Built target unittest_joint_limits_validator
[664.467s] [ 56%] [32mBuilding CXX object test/unit_tests/CMakeFiles/unittest_cartesian_limits_aggregator.dir/src/unittest_cartesian_limits_aggregator.cpp.o[0m
[674.119s] [ 57%] [32m[1mLinking CXX executable unittest_cartesian_limits_aggregator[0m
[674.820s] [ 57%] Built target unittest_cartesian_limits_aggregator
[674.898s] [ 59%] [32mBuilding CXX object test/unit_tests/CMakeFiles/unittest_trajectory_functions.dir/src/unittest_trajectory_functions.cpp.o[0m
[706.815s] [ 60%] [32m[1mLinking CXX executable unittest_trajectory_functions[0m
[708.038s] [ 60%] Built target unittest_trajectory_functions
[708.105s] [ 61%] [32mBuilding CXX object test/unit_tests/CMakeFiles/unittest_trajectory_blender_transition_window.dir/src/unittest_trajectory_blender_transition_window.cpp.o[0m
[746.649s] [ 62%] [32mBuilding CXX object test/unit_tests/CMakeFiles/unittest_trajectory_blender_transition_window.dir/__/__/src/trajectory_blender_transition_window.cpp.o[0m
[773.359s] [ 63%] [32m[1mLinking CXX executable unittest_trajectory_blender_transition_window[0m
[774.618s] [ 63%] Built target unittest_trajectory_blender_transition_window
[774.681s] [ 65%] [32mBuilding CXX object test/unit_tests/CMakeFiles/unittest_trajectory_generator_circ.dir/src/unittest_trajectory_generator_circ.cpp.o[0m
[818.844s] [ 66%] [32m[1mLinking CXX executable unittest_trajectory_generator_circ[0m
[820.019s] [ 66%] Built target unittest_trajectory_generator_circ
[820.078s] [ 67%] [32mBuilding CXX object test/unit_tests/CMakeFiles/unittest_trajectory_generator_lin.dir/src/unittest_trajectory_generator_lin.cpp.o[0m
[851.556s] [ 68%] [32m[1mLinking CXX executable unittest_trajectory_generator_lin[0m
[852.582s] [ 68%] Built target unittest_trajectory_generator_lin
[852.771s] [ 69%] [32mBuilding CXX object CMakeFiles/planning_context_loader_ptp.dir/src/planning_context_loader_ptp.cpp.o[0m
[873.522s] [ 71%] [32mBuilding CXX object CMakeFiles/planning_context_loader_ptp.dir/src/velocity_profile_atrap.cpp.o[0m
[874.834s] [ 72%] [32mBuilding CXX object CMakeFiles/planning_context_loader_ptp.dir/src/trajectory_generator_ptp.cpp.o[0m
[899.370s] [ 73%] [32m[1mLinking CXX shared library libplanning_context_loader_ptp.so[0m
[900.131s] [ 73%] Built target planning_context_loader_ptp
[900.254s] [ 74%] [32mBuilding CXX object CMakeFiles/pilz_industrial_motion_planner.dir/src/pilz_industrial_motion_planner.cpp.o[0m
[927.625s] [ 75%] [32m[1mLinking CXX shared library libpilz_industrial_motion_planner.so[0m
[928.120s] [ 75%] Built target pilz_industrial_motion_planner
[928.235s] [ 77%] [32mBuilding CXX object test/unit_tests/CMakeFiles/unittest_trajectory_generator_ptp.dir/src/unittest_trajectory_generator_ptp.cpp.o[0m
[959.247s] [ 78%] [32m[1mLinking CXX executable unittest_trajectory_generator_ptp[0m
[959.986s] [ 78%] Built target unittest_trajectory_generator_ptp
[960.037s] [ 79%] [32mBuilding CXX object test/unit_tests/CMakeFiles/unittest_velocity_profile_atrap.dir/src/unittest_velocity_profile_atrap.cpp.o[0m
[968.172s] [ 80%] [32mBuilding CXX object test/unit_tests/CMakeFiles/unittest_velocity_profile_atrap.dir/__/__/src/velocity_profile_atrap.cpp.o[0m
[969.379s] [ 81%] [32m[1mLinking CXX executable unittest_velocity_profile_atrap[0m
[969.924s] [ 81%] Built target unittest_velocity_profile_atrap
[969.959s] [ 83%] [32mBuilding CXX object test/unit_tests/CMakeFiles/unittest_trajectory_generator.dir/src/unittest_trajectory_generator.cpp.o[0m
[985.932s] [ 84%] [32mBuilding CXX object test/unit_tests/CMakeFiles/unittest_trajectory_generator.dir/__/__/src/trajectory_generator.cpp.o[0m
[1002.065s] [ 85%] [32mBuilding CXX object test/unit_tests/CMakeFiles/unittest_pilz_industrial_motion_planner.dir/src/unittest_pilz_industrial_motion_planner.cpp.o[0m
[1002.169s] [ 86%] [32m[1mLinking CXX executable unittest_trajectory_generator[0m
[1003.195s] [ 86%] Built target unittest_trajectory_generator
[1004.279s] [ 87%] [32mBuilding CXX object test/unit_tests/CMakeFiles/unittest_planning_context_loaders.dir/src/unittest_planning_context_loaders.cpp.o[0m
[1006.462s] [ 89%] [32mBuilding CXX object test/unit_tests/CMakeFiles/unittest_pilz_industrial_motion_planner_direct.dir/src/unittest_pilz_industrial_motion_planner_direct.cpp.o[0m
[1058.377s] [ 90%] [32m[1mLinking CXX executable unittest_pilz_industrial_motion_planner_direct[0m
[1059.592s] [ 90%] Built target unittest_pilz_industrial_motion_planner_direct
[1061.810s] [ 91%] [32m[1mLinking CXX executable unittest_planning_context_loaders[0m
[1061.934s] [ 92%] [32m[1mLinking CXX executable unittest_pilz_industrial_motion_planner[0m
[1062.979s] [ 92%] Built target unittest_planning_context_loaders
[1063.042s] [ 92%] Built target unittest_pilz_industrial_motion_planner
[1063.096s] [ 93%] [32mBuilding CXX object test/unit_tests/CMakeFiles/unittest_get_solver_tip_frame.dir/src/unittest_get_solver_tip_frame.cpp.o[0m
[1074.930s] [ 95%] [32m[1mLinking CXX executable unittest_get_solver_tip_frame[0m
[1075.382s] [ 95%] Built target unittest_get_solver_tip_frame
[1075.440s] [ 96%] [32mBuilding CXX object test/unit_tests/CMakeFiles/unittest_planning_context.dir/src/unittest_planning_context.cpp.o[0m
[1100.721s] [ 97%] [32m[1mLinking CXX executable unittest_planning_context[0m
[1101.456s] [ 97%] Built target unittest_planning_context
[1101.536s] [ 98%] [32mBuilding CXX object test/unit_tests/CMakeFiles/unittest_trajectory_generator_common.dir/src/unittest_trajectory_generator_common.cpp.o[0m
[1131.580s] [100%] [32m[1mLinking CXX executable unittest_trajectory_generator_common[0m
[1132.382s] [100%] Built target unittest_trajectory_generator_common
[1132.419s] Invoked command in '/home/kush/UR5_Project_New/build/pilz_industrial_motion_planner' returned '0': AMENT_PREFIX_PATH=/home/kush/UR5_Project_New/install/moveit_resources_prbt_pg70_support:/home/kush/UR5_Project_New/install/moveit_ros_planning_interface:/home/kush/UR5_Project_New/install/moveit_resources_prbt_moveit_config:/home/kush/UR5_Project_New/install/moveit_ros_move_group:/home/kush/UR5_Project_New/install/moveit_ros_warehouse:/home/kush/UR5_Project_New/install/moveit_kinematics:/home/kush/UR5_Project_New/install/moveit_ros_planning:/home/kush/UR5_Project_New/install/pilz_industrial_motion_planner_testutils:/home/kush/UR5_Project_New/install/moveit_ros_occupancy_map_monitor:/home/kush/UR5_Project_New/install/moveit_resources_prbt_ikfast_manipulator_plugin:/home/kush/UR5_Project_New/install/moveit_core:/home/kush/UR5_Project_New/install/moveit_resources_panda_moveit_config:/home/kush/UR5_Project_New/install/moveit_configs_utils:/home/kush/UR5_Project_New/install/srdfdom:/home/kush/UR5_Project_New/install/moveit_resources_prbt_support:/home/kush/UR5_Project_New/install/moveit_resources_panda_description:/home/kush/UR5_Project_New/install/moveit_common:/home/kush/UR5_Project_New/install/launch_param_builder:${AMENT_PREFIX_PATH} CMAKE_PREFIX_PATH=/home/kush/UR5_Project_New/install/moveit_resources_prbt_pg70_support:/home/kush/UR5_Project_New/install/moveit_ros_planning_interface:/home/kush/UR5_Project_New/install/moveit_resources_prbt_moveit_config:/home/kush/UR5_Project_New/install/moveit_ros_move_group:/home/kush/UR5_Project_New/install/moveit_ros_warehouse:/home/kush/UR5_Project_New/install/moveit_kinematics:/home/kush/UR5_Project_New/install/moveit_ros_planning:/home/kush/UR5_Project_New/install/pilz_industrial_motion_planner_testutils:/home/kush/UR5_Project_New/install/moveit_ros_occupancy_map_monitor:/home/kush/UR5_Project_New/install/moveit_resources_prbt_ikfast_manipulator_plugin:/home/kush/UR5_Project_New/install/moveit_core:/home/kush/UR5_Project_New/install/moveit_resources_panda_moveit_config:/home/kush/UR5_Project_New/install/srdfdom:/home/kush/UR5_Project_New/install/moveit_resources_prbt_support:/home/kush/UR5_Project_New/install/moveit_resources_panda_description:/home/kush/UR5_Project_New/install/moveit_common:/opt/ros/humble LD_LIBRARY_PATH=/home/kush/UR5_Project_New/install/moveit_ros_planning_interface/lib:/home/kush/UR5_Project_New/install/moveit_ros_move_group/lib:/home/kush/UR5_Project_New/install/moveit_ros_warehouse/lib:/home/kush/UR5_Project_New/install/moveit_kinematics/lib:/home/kush/UR5_Project_New/install/moveit_ros_planning/lib:/home/kush/UR5_Project_New/install/pilz_industrial_motion_planner_testutils/lib:/home/kush/UR5_Project_New/install/moveit_ros_occupancy_map_monitor/lib:/home/kush/UR5_Project_New/install/moveit_resources_prbt_ikfast_manipulator_plugin/lib:/home/kush/UR5_Project_New/install/moveit_core/lib:/home/kush/UR5_Project_New/install/srdfdom/lib:${LD_LIBRARY_PATH} PATH=/home/kush/UR5_Project_New/install/moveit_core/bin:${PATH} PYTHONPATH=/home/kush/UR5_Project_New/install/moveit_configs_utils/lib/python3.10/site-packages:/home/kush/UR5_Project_New/install/srdfdom/local/lib/python3.10/dist-packages:/home/kush/UR5_Project_New/install/launch_param_builder/lib/python3.10/site-packages:${PYTHONPATH} /usr/bin/cmake --build /home/kush/UR5_Project_New/build/pilz_industrial_motion_planner -- -j4 -l4
[1132.583s] Invoking command in '/home/kush/UR5_Project_New/build/pilz_industrial_motion_planner': AMENT_PREFIX_PATH=/home/kush/UR5_Project_New/install/moveit_resources_prbt_pg70_support:/home/kush/UR5_Project_New/install/moveit_ros_planning_interface:/home/kush/UR5_Project_New/install/moveit_resources_prbt_moveit_config:/home/kush/UR5_Project_New/install/moveit_ros_move_group:/home/kush/UR5_Project_New/install/moveit_ros_warehouse:/home/kush/UR5_Project_New/install/moveit_kinematics:/home/kush/UR5_Project_New/install/moveit_ros_planning:/home/kush/UR5_Project_New/install/pilz_industrial_motion_planner_testutils:/home/kush/UR5_Project_New/install/moveit_ros_occupancy_map_monitor:/home/kush/UR5_Project_New/install/moveit_resources_prbt_ikfast_manipulator_plugin:/home/kush/UR5_Project_New/install/moveit_core:/home/kush/UR5_Project_New/install/moveit_resources_panda_moveit_config:/home/kush/UR5_Project_New/install/moveit_configs_utils:/home/kush/UR5_Project_New/install/srdfdom:/home/kush/UR5_Project_New/install/moveit_resources_prbt_support:/home/kush/UR5_Project_New/install/moveit_resources_panda_description:/home/kush/UR5_Project_New/install/moveit_common:/home/kush/UR5_Project_New/install/launch_param_builder:${AMENT_PREFIX_PATH} CMAKE_PREFIX_PATH=/home/kush/UR5_Project_New/install/moveit_resources_prbt_pg70_support:/home/kush/UR5_Project_New/install/moveit_ros_planning_interface:/home/kush/UR5_Project_New/install/moveit_resources_prbt_moveit_config:/home/kush/UR5_Project_New/install/moveit_ros_move_group:/home/kush/UR5_Project_New/install/moveit_ros_warehouse:/home/kush/UR5_Project_New/install/moveit_kinematics:/home/kush/UR5_Project_New/install/moveit_ros_planning:/home/kush/UR5_Project_New/install/pilz_industrial_motion_planner_testutils:/home/kush/UR5_Project_New/install/moveit_ros_occupancy_map_monitor:/home/kush/UR5_Project_New/install/moveit_resources_prbt_ikfast_manipulator_plugin:/home/kush/UR5_Project_New/install/moveit_core:/home/kush/UR5_Project_New/install/moveit_resources_panda_moveit_config:/home/kush/UR5_Project_New/install/srdfdom:/home/kush/UR5_Project_New/install/moveit_resources_prbt_support:/home/kush/UR5_Project_New/install/moveit_resources_panda_description:/home/kush/UR5_Project_New/install/moveit_common:/opt/ros/humble LD_LIBRARY_PATH=/home/kush/UR5_Project_New/install/moveit_ros_planning_interface/lib:/home/kush/UR5_Project_New/install/moveit_ros_move_group/lib:/home/kush/UR5_Project_New/install/moveit_ros_warehouse/lib:/home/kush/UR5_Project_New/install/moveit_kinematics/lib:/home/kush/UR5_Project_New/install/moveit_ros_planning/lib:/home/kush/UR5_Project_New/install/pilz_industrial_motion_planner_testutils/lib:/home/kush/UR5_Project_New/install/moveit_ros_occupancy_map_monitor/lib:/home/kush/UR5_Project_New/install/moveit_resources_prbt_ikfast_manipulator_plugin/lib:/home/kush/UR5_Project_New/install/moveit_core/lib:/home/kush/UR5_Project_New/install/srdfdom/lib:${LD_LIBRARY_PATH} PATH=/home/kush/UR5_Project_New/install/moveit_core/bin:${PATH} PYTHONPATH=/home/kush/UR5_Project_New/install/moveit_configs_utils/lib/python3.10/site-packages:/home/kush/UR5_Project_New/install/srdfdom/local/lib/python3.10/dist-packages:/home/kush/UR5_Project_New/install/launch_param_builder/lib/python3.10/site-packages:${PYTHONPATH} /usr/bin/cmake --install /home/kush/UR5_Project_New/build/pilz_industrial_motion_planner
[1132.601s] -- Install configuration: "Release"
[1132.601s] -- Installing: /home/kush/UR5_Project_New/install/pilz_industrial_motion_planner/share/pilz_industrial_motion_planner/plugins/pilz_industrial_motion_planner_plugin_description.xml
[1132.617s] -- Installing: /home/kush/UR5_Project_New/install/pilz_industrial_motion_planner/share/pilz_industrial_motion_planner/plugins/sequence_capability_plugin_description.xml
[1132.617s] -- Installing: /home/kush/UR5_Project_New/install/pilz_industrial_motion_planner/share/pilz_industrial_motion_planner/plugins/planning_context_plugin_description.xml
[1132.618s] -- Installing: /home/kush/UR5_Project_New/install/pilz_industrial_motion_planner/lib/libpilz_industrial_motion_planner.so
[1132.640s] -- Set runtime path of "/home/kush/UR5_Project_New/install/pilz_industrial_motion_planner/lib/libpilz_industrial_motion_planner.so" to ""
[1132.641s] -- Installing: /home/kush/UR5_Project_New/install/pilz_industrial_motion_planner/lib/libjoint_limits_common.so
[1132.661s] -- Set runtime path of "/home/kush/UR5_Project_New/install/pilz_industrial_motion_planner/lib/libjoint_limits_common.so" to ""
[1132.661s] -- Installing: /home/kush/UR5_Project_New/install/pilz_industrial_motion_planner/lib/libplanning_context_loader_base.so
[1132.662s] -- Set runtime path of "/home/kush/UR5_Project_New/install/pilz_industrial_motion_planner/lib/libplanning_context_loader_base.so" to ""
[1132.662s] -- Installing: /home/kush/UR5_Project_New/install/pilz_industrial_motion_planner/lib/libplanning_context_loader_ptp.so
[1132.675s] -- Set runtime path of "/home/kush/UR5_Project_New/install/pilz_industrial_motion_planner/lib/libplanning_context_loader_ptp.so" to ""
[1132.676s] -- Installing: /home/kush/UR5_Project_New/install/pilz_industrial_motion_planner/lib/libplanning_context_loader_lin.so
[1132.693s] -- Set runtime path of "/home/kush/UR5_Project_New/install/pilz_industrial_motion_planner/lib/libplanning_context_loader_lin.so" to ""
[1132.693s] -- Installing: /home/kush/UR5_Project_New/install/pilz_industrial_motion_planner/lib/libplanning_context_loader_circ.so
[1132.710s] -- Set runtime path of "/home/kush/UR5_Project_New/install/pilz_industrial_motion_planner/lib/libplanning_context_loader_circ.so" to ""
[1132.710s] -- Installing: /home/kush/UR5_Project_New/install/pilz_industrial_motion_planner/lib/libcommand_list_manager.so
[1132.729s] -- Set runtime path of "/home/kush/UR5_Project_New/install/pilz_industrial_motion_planner/lib/libcommand_list_manager.so" to ""
[1132.729s] -- Installing: /home/kush/UR5_Project_New/install/pilz_industrial_motion_planner/lib/libsequence_capability.so
[1132.755s] -- Set runtime path of "/home/kush/UR5_Project_New/install/pilz_industrial_motion_planner/lib/libsequence_capability.so" to ""
[1132.755s] -- Installing: /home/kush/UR5_Project_New/install/pilz_industrial_motion_planner/lib/libtrajectory_generation_common.so
[1132.775s] -- Set runtime path of "/home/kush/UR5_Project_New/install/pilz_industrial_motion_planner/lib/libtrajectory_generation_common.so" to ""
[1132.776s] -- Installing: /home/kush/UR5_Project_New/install/pilz_industrial_motion_planner/include
[1132.776s] -- Installing: /home/kush/UR5_Project_New/install/pilz_industrial_motion_planner/include/pilz_industrial_motion_planner
[1132.776s] -- Installing: /home/kush/UR5_Project_New/install/pilz_industrial_motion_planner/include/pilz_industrial_motion_planner/limits_container.h
[1132.777s] -- Installing: /home/kush/UR5_Project_New/install/pilz_industrial_motion_planner/include/pilz_industrial_motion_planner/trajectory_generator.h
[1132.777s] -- Installing: /home/kush/UR5_Project_New/install/pilz_industrial_motion_planner/include/pilz_industrial_motion_planner/joint_limits_extension.h
[1132.777s] -- Installing: /home/kush/UR5_Project_New/install/pilz_industrial_motion_planner/include/pilz_industrial_motion_planner/planning_context_loader.h
[1132.778s] -- Installing: /home/kush/UR5_Project_New/install/pilz_industrial_motion_planner/include/pilz_industrial_motion_planner/cartesian_limits_aggregator.h
[1132.778s] -- Installing: /home/kush/UR5_Project_New/install/pilz_industrial_motion_planner/include/pilz_industrial_motion_planner/planning_context_base.h
[1132.778s] -- Installing: /home/kush/UR5_Project_New/install/pilz_industrial_motion_planner/include/pilz_industrial_motion_planner/pilz_industrial_motion_planner.h
[1132.778s] -- Installing: /home/kush/UR5_Project_New/install/pilz_industrial_motion_planner/include/pilz_industrial_motion_planner/joint_limits_container.h
[1132.779s] -- Installing: /home/kush/UR5_Project_New/install/pilz_industrial_motion_planner/include/pilz_industrial_motion_planner/move_group_sequence_action.h
[1132.779s] -- Installing: /home/kush/UR5_Project_New/install/pilz_industrial_motion_planner/include/pilz_industrial_motion_planner/planning_context_loader_ptp.h
[1132.779s] -- Installing: /home/kush/UR5_Project_New/install/pilz_industrial_motion_planner/include/pilz_industrial_motion_planner/trajectory_blender.h
[1132.780s] -- Installing: /home/kush/UR5_Project_New/install/pilz_industrial_motion_planner/include/pilz_industrial_motion_planner/planning_exceptions.h
[1132.780s] -- Installing: /home/kush/UR5_Project_New/install/pilz_industrial_motion_planner/include/pilz_industrial_motion_planner/joint_limits_aggregator.h
[1132.780s] -- Installing: /home/kush/UR5_Project_New/install/pilz_industrial_motion_planner/include/pilz_industrial_motion_planner/cartesian_limit.h
[1132.780s] -- Installing: /home/kush/UR5_Project_New/install/pilz_industrial_motion_planner/include/pilz_industrial_motion_planner/trajectory_generator_circ.h
[1132.781s] -- Installing: /home/kush/UR5_Project_New/install/pilz_industrial_motion_planner/include/pilz_industrial_motion_planner/planning_context_lin.h
[1132.781s] -- Installing: /home/kush/UR5_Project_New/install/pilz_industrial_motion_planner/include/pilz_industrial_motion_planner/trajectory_blend_response.h
[1132.781s] -- Installing: /home/kush/UR5_Project_New/install/pilz_industrial_motion_planner/include/pilz_industrial_motion_planner/trajectory_blender_transition_window.h
[1132.782s] -- Installing: /home/kush/UR5_Project_New/install/pilz_industrial_motion_planner/include/pilz_industrial_motion_planner/planning_context_loader_lin.h
[1132.782s] -- Installing: /home/kush/UR5_Project_New/install/pilz_industrial_motion_planner/include/pilz_industrial_motion_planner/joint_limits_interface_extension.h
[1132.782s] -- Installing: /home/kush/UR5_Project_New/install/pilz_industrial_motion_planner/include/pilz_industrial_motion_planner/velocity_profile_atrap.h
[1132.782s] -- Installing: /home/kush/UR5_Project_New/install/pilz_industrial_motion_planner/include/pilz_industrial_motion_planner/path_circle_generator.h
[1132.783s] -- Installing: /home/kush/UR5_Project_New/install/pilz_industrial_motion_planner/include/pilz_industrial_motion_planner/move_group_sequence_service.h
[1132.783s] -- Installing: /home/kush/UR5_Project_New/install/pilz_industrial_motion_planner/include/pilz_industrial_motion_planner/command_list_manager.h
[1132.783s] -- Installing: /home/kush/UR5_Project_New/install/pilz_industrial_motion_planner/include/pilz_industrial_motion_planner/trajectory_generator_lin.h
[1132.783s] -- Installing: /home/kush/UR5_Project_New/install/pilz_industrial_motion_planner/include/pilz_industrial_motion_planner/trajectory_functions.h
[1132.784s] -- Installing: /home/kush/UR5_Project_New/install/pilz_industrial_motion_planner/include/pilz_industrial_motion_planner/capability_names.h
[1132.784s] -- Installing: /home/kush/UR5_Project_New/install/pilz_industrial_motion_planner/include/pilz_industrial_motion_planner/cartesian_trajectory.h
[1132.784s] -- Installing: /home/kush/UR5_Project_New/install/pilz_industrial_motion_planner/include/pilz_industrial_motion_planner/joint_limits_validator.h
[1132.785s] -- Installing: /home/kush/UR5_Project_New/install/pilz_industrial_motion_planner/include/pilz_industrial_motion_planner/planning_context_circ.h
[1132.785s] -- Installing: /home/kush/UR5_Project_New/install/pilz_industrial_motion_planner/include/pilz_industrial_motion_planner/planning_context_loader_circ.h
[1132.785s] -- Installing: /home/kush/UR5_Project_New/install/pilz_industrial_motion_planner/include/pilz_industrial_motion_planner/cartesian_trajectory_point.h
[1132.785s] -- Installing: /home/kush/UR5_Project_New/install/pilz_industrial_motion_planner/include/pilz_industrial_motion_planner/tip_frame_getter.h
[1132.785s] -- Installing: /home/kush/UR5_Project_New/install/pilz_industrial_motion_planner/include/pilz_industrial_motion_planner/trajectory_generator_ptp.h
[1132.785s] -- Installing: /home/kush/UR5_Project_New/install/pilz_industrial_motion_planner/include/pilz_industrial_motion_planner/plan_components_builder.h
[1132.786s] -- Installing: /home/kush/UR5_Project_New/install/pilz_industrial_motion_planner/include/pilz_industrial_motion_planner/trajectory_generation_exceptions.h
[1132.786s] -- Installing: /home/kush/UR5_Project_New/install/pilz_industrial_motion_planner/include/pilz_industrial_motion_planner/planning_context_ptp.h
[1132.786s] -- Installing: /home/kush/UR5_Project_New/install/pilz_industrial_motion_planner/include/pilz_industrial_motion_planner/trajectory_blend_request.h
[1132.786s] -- Installing: /home/kush/UR5_Project_New/install/pilz_industrial_motion_planner/include/joint_limits_copy
[1132.786s] -- Installing: /home/kush/UR5_Project_New/install/pilz_industrial_motion_planner/include/joint_limits_copy/joint_limits_rosparam.hpp
[1132.786s] -- Installing: /home/kush/UR5_Project_New/install/pilz_industrial_motion_planner/include/joint_limits_copy/joint_limits.hpp
[1132.786s] -- Installing: /home/kush/UR5_Project_New/install/pilz_industrial_motion_planner/share/pilz_industrial_motion_planner/environment/library_path.sh
[1132.786s] -- Installing: /home/kush/UR5_Project_New/install/pilz_industrial_motion_planner/share/pilz_industrial_motion_planner/environment/library_path.dsv
[1132.800s] -- Installing: /home/kush/UR5_Project_New/install/pilz_industrial_motion_planner/lib/pilz_industrial_motion_planner/unittest_pilz_industrial_motion_planner_direct
[1132.802s] -- Set runtime path of "/home/kush/UR5_Project_New/install/pilz_industrial_motion_planner/lib/pilz_industrial_motion_planner/unittest_pilz_industrial_motion_planner_direct" to ""
[1132.803s] -- Installing: /home/kush/UR5_Project_New/install/pilz_industrial_motion_planner/lib/pilz_industrial_motion_planner/unittest_velocity_profile_atrap
[1132.804s] -- Set runtime path of "/home/kush/UR5_Project_New/install/pilz_industrial_motion_planner/lib/pilz_industrial_motion_planner/unittest_velocity_profile_atrap" to ""
[1132.805s] -- Installing: /home/kush/UR5_Project_New/install/pilz_industrial_motion_planner/lib/pilz_industrial_motion_planner/unittest_trajectory_generator
[1132.806s] -- Set runtime path of "/home/kush/UR5_Project_New/install/pilz_industrial_motion_planner/lib/pilz_industrial_motion_planner/unittest_trajectory_generator" to ""
[1132.806s] -- Installing: /home/kush/UR5_Project_New/install/pilz_industrial_motion_planner/lib/pilz_industrial_motion_planner/unittest_trajectory_functions
[1132.833s] -- Set runtime path of "/home/kush/UR5_Project_New/install/pilz_industrial_motion_planner/lib/pilz_industrial_motion_planner/unittest_trajectory_functions" to ""
[1132.833s] -- Installing: /home/kush/UR5_Project_New/install/pilz_industrial_motion_planner/lib/pilz_industrial_motion_planner/unittest_trajectory_blender_transition_window
[1132.848s] -- Set runtime path of "/home/kush/UR5_Project_New/install/pilz_industrial_motion_planner/lib/pilz_industrial_motion_planner/unittest_trajectory_blender_transition_window" to ""
[1132.848s] -- Installing: /home/kush/UR5_Project_New/install/pilz_industrial_motion_planner/lib/pilz_industrial_motion_planner/unittest_trajectory_generator_common
[1132.854s] -- Set runtime path of "/home/kush/UR5_Project_New/install/pilz_industrial_motion_planner/lib/pilz_industrial_motion_planner/unittest_trajectory_generator_common" to ""
[1132.854s] -- Installing: /home/kush/UR5_Project_New/install/pilz_industrial_motion_planner/lib/pilz_industrial_motion_planner/unittest_trajectory_generator_circ
[1132.883s] -- Set runtime path of "/home/kush/UR5_Project_New/install/pilz_industrial_motion_planner/lib/pilz_industrial_motion_planner/unittest_trajectory_generator_circ" to ""
[1132.883s] -- Installing: /home/kush/UR5_Project_New/install/pilz_industrial_motion_planner/lib/pilz_industrial_motion_planner/unittest_trajectory_generator_lin
[1132.897s] -- Set runtime path of "/home/kush/UR5_Project_New/install/pilz_industrial_motion_planner/lib/pilz_industrial_motion_planner/unittest_trajectory_generator_lin" to ""
[1132.897s] -- Installing: /home/kush/UR5_Project_New/install/pilz_industrial_motion_planner/lib/pilz_industrial_motion_planner/unittest_trajectory_generator_ptp
[1132.901s] -- Set runtime path of "/home/kush/UR5_Project_New/install/pilz_industrial_motion_planner/lib/pilz_industrial_motion_planner/unittest_trajectory_generator_ptp" to ""
[1132.901s] -- Installing: /home/kush/UR5_Project_New/install/pilz_industrial_motion_planner/lib/pilz_industrial_motion_planner/unittest_pilz_industrial_motion_planner
[1132.905s] -- Set runtime path of "/home/kush/UR5_Project_New/install/pilz_industrial_motion_planner/lib/pilz_industrial_motion_planner/unittest_pilz_industrial_motion_planner" to ""
[1132.905s] -- Installing: /home/kush/UR5_Project_New/install/pilz_industrial_motion_planner/lib/pilz_industrial_motion_planner/unittest_joint_limit
[1132.928s] -- Set runtime path of "/home/kush/UR5_Project_New/install/pilz_industrial_motion_planner/lib/pilz_industrial_motion_planner/unittest_joint_limit" to ""
[1132.928s] -- Installing: /home/kush/UR5_Project_New/install/pilz_industrial_motion_planner/lib/pilz_industrial_motion_planner/unittest_joint_limits_aggregator
[1132.951s] -- Set runtime path of "/home/kush/UR5_Project_New/install/pilz_industrial_motion_planner/lib/pilz_industrial_motion_planner/unittest_joint_limits_aggregator" to ""
[1132.951s] -- Installing: /home/kush/UR5_Project_New/install/pilz_industrial_motion_planner/lib/pilz_industrial_motion_planner/unittest_joint_limits_container
[1132.972s] -- Set runtime path of "/home/kush/UR5_Project_New/install/pilz_industrial_motion_planner/lib/pilz_industrial_motion_planner/unittest_joint_limits_container" to ""
[1132.973s] -- Installing: /home/kush/UR5_Project_New/install/pilz_industrial_motion_planner/lib/pilz_industrial_motion_planner/unittest_joint_limits_validator
[1132.992s] -- Set runtime path of "/home/kush/UR5_Project_New/install/pilz_industrial_motion_planner/lib/pilz_industrial_motion_planner/unittest_joint_limits_validator" to ""
[1132.992s] -- Installing: /home/kush/UR5_Project_New/install/pilz_industrial_motion_planner/lib/pilz_industrial_motion_planner/unittest_cartesian_limits_aggregator
[1133.019s] -- Set runtime path of "/home/kush/UR5_Project_New/install/pilz_industrial_motion_planner/lib/pilz_industrial_motion_planner/unittest_cartesian_limits_aggregator" to ""
[1133.019s] -- Installing: /home/kush/UR5_Project_New/install/pilz_industrial_motion_planner/lib/pilz_industrial_motion_planner/unittest_planning_context_loaders
[1133.021s] -- Set runtime path of "/home/kush/UR5_Project_New/install/pilz_industrial_motion_planner/lib/pilz_industrial_motion_planner/unittest_planning_context_loaders" to ""
[1133.022s] -- Installing: /home/kush/UR5_Project_New/install/pilz_industrial_motion_planner/lib/pilz_industrial_motion_planner/unittest_planning_context
[1133.024s] -- Set runtime path of "/home/kush/UR5_Project_New/install/pilz_industrial_motion_planner/lib/pilz_industrial_motion_planner/unittest_planning_context" to ""
[1133.025s] -- Installing: /home/kush/UR5_Project_New/install/pilz_industrial_motion_planner/lib/pilz_industrial_motion_planner/unittest_get_solver_tip_frame
[1133.027s] -- Set runtime path of "/home/kush/UR5_Project_New/install/pilz_industrial_motion_planner/lib/pilz_industrial_motion_planner/unittest_get_solver_tip_frame" to ""
[1133.027s] -- Installing: /home/kush/UR5_Project_New/install/pilz_industrial_motion_planner/share/pilz_industrial_motion_planner/config
[1133.027s] -- Installing: /home/kush/UR5_Project_New/install/pilz_industrial_motion_planner/share/pilz_industrial_motion_planner/config/unittest_trajectory_generator_circ.yaml
[1133.035s] -- Installing: /home/kush/UR5_Project_New/install/pilz_industrial_motion_planner/share/pilz_industrial_motion_planner/config/unittest_trajectory_generator_lin.yaml
[1133.036s] -- Installing: /home/kush/UR5_Project_New/install/pilz_industrial_motion_planner/share/pilz_industrial_motion_planner/config/unittest_trajectory_generator_common.yaml
[1133.036s] -- Installing: /home/kush/UR5_Project_New/install/pilz_industrial_motion_planner/share/pilz_industrial_motion_planner/config/unittest_joint_limits_aggregator.yaml
[1133.047s] -- Installing: /home/kush/UR5_Project_New/install/pilz_industrial_motion_planner/share/pilz_industrial_motion_planner/config/unittest_cartesian_limits_aggregator.yaml
[1133.048s] -- Installing: /home/kush/UR5_Project_New/install/pilz_industrial_motion_planner/share/pilz_industrial_motion_planner/config/unittest_trajectory_functions.yaml
[1133.048s] -- Installing: /home/kush/UR5_Project_New/install/pilz_industrial_motion_planner/share/pilz_industrial_motion_planner/config/unittest_trajectory_blender_transition_window.yaml
[1133.048s] -- Installing: /home/kush/UR5_Project_New/install/pilz_industrial_motion_planner/share/pilz_industrial_motion_planner/config/unittest_trajectory_generator_ptp.yaml
[1133.048s] -- Installing: /home/kush/UR5_Project_New/install/pilz_industrial_motion_planner/share/pilz_industrial_motion_planner/config/unittest_joint_limit_config.yaml
[1133.049s] -- Installing: /home/kush/UR5_Project_New/install/pilz_industrial_motion_planner/share/pilz_industrial_motion_planner/launch
[1133.050s] -- Installing: /home/kush/UR5_Project_New/install/pilz_industrial_motion_planner/share/pilz_industrial_motion_planner/launch/unittest_planning_context.test.py
[1133.050s] -- Installing: /home/kush/UR5_Project_New/install/pilz_industrial_motion_planner/share/pilz_industrial_motion_planner/launch/unittest_trajectory_blender_transition_window.test.py
[1133.050s] -- Installing: /home/kush/UR5_Project_New/install/pilz_industrial_motion_planner/share/pilz_industrial_motion_planner/launch/unittest_joint_limit.test.py
[1133.051s] -- Installing: /home/kush/UR5_Project_New/install/pilz_industrial_motion_planner/share/pilz_industrial_motion_planner/launch/unittest_trajectory_generator_lin.test.py
[1133.051s] -- Installing: /home/kush/UR5_Project_New/install/pilz_industrial_motion_planner/share/pilz_industrial_motion_planner/launch/unittest_joint_limits_aggregator.test.py
[1133.052s] -- Installing: /home/kush/UR5_Project_New/install/pilz_industrial_motion_planner/share/pilz_industrial_motion_planner/launch/unittest_trajectory_generator_common.test.py
[1133.052s] -- Installing: /home/kush/UR5_Project_New/install/pilz_industrial_motion_planner/share/pilz_industrial_motion_planner/launch/unittest_trajectory_functions.test.py
[1133.052s] -- Installing: /home/kush/UR5_Project_New/install/pilz_industrial_motion_planner/share/pilz_industrial_motion_planner/launch/unittest_trajectory_generator_ptp.test.py
[1133.053s] -- Installing: /home/kush/UR5_Project_New/install/pilz_industrial_motion_planner/share/pilz_industrial_motion_planner/launch/unittest_trajectory_generator_circ.test.py
[1133.053s] -- Installing: /home/kush/UR5_Project_New/install/pilz_industrial_motion_planner/share/pilz_industrial_motion_planner/launch/unittest_pilz_industrial_motion_planner.test.py
[1133.053s] -- Installing: /home/kush/UR5_Project_New/install/pilz_industrial_motion_planner/share/pilz_industrial_motion_planner/launch/unittest_cartesian_limits_aggregator.test.py
[1133.054s] -- Installing: /home/kush/UR5_Project_New/install/pilz_industrial_motion_planner/share/pilz_industrial_motion_planner/launch/unittest_planning_context_loaders.test.py
[1133.054s] -- Installing: /home/kush/UR5_Project_New/install/pilz_industrial_motion_planner/share/pilz_industrial_motion_planner/launch/common_parameters.py
[1133.054s] -- Installing: /home/kush/UR5_Project_New/install/pilz_industrial_motion_planner/share/pilz_industrial_motion_planner/test_data
[1133.054s] -- Installing: /home/kush/UR5_Project_New/install/pilz_industrial_motion_planner/share/pilz_industrial_motion_planner/test_data/frankaemika_panda
[1133.054s] -- Installing: /home/kush/UR5_Project_New/install/pilz_industrial_motion_planner/share/pilz_industrial_motion_planner/test_data/frankaemika_panda/testdata_sequence.xml
[1133.067s] -- Installing: /home/kush/UR5_Project_New/install/pilz_industrial_motion_planner/share/pilz_industrial_motion_planner/test_data/testpoints.py
[1133.067s] -- Installing: /home/kush/UR5_Project_New/install/pilz_industrial_motion_planner/share/pilz_industrial_motion_planner/test_data/prbt
[1133.068s] -- Installing: /home/kush/UR5_Project_New/install/pilz_industrial_motion_planner/share/pilz_industrial_motion_planner/test_data/prbt/testdata_deprecated.xml
[1133.068s] -- Installing: /home/kush/UR5_Project_New/install/pilz_industrial_motion_planner/share/pilz_industrial_motion_planner/test_data/prbt/testdata_with_gripper.xml
[1133.068s] -- Installing: /home/kush/UR5_Project_New/install/pilz_industrial_motion_planner/share/pilz_industrial_motion_planner/test_data/prbt/testdata_sequence.xml
[1133.069s] -- Installing: /home/kush/UR5_Project_New/install/pilz_industrial_motion_planner/share/pilz_industrial_motion_planner/test_data/concept_testdata.png
[1133.093s] -- Installing: /home/kush/UR5_Project_New/install/pilz_industrial_motion_planner/share/pilz_industrial_motion_planner/test_data/concept_testdata.odp
[1133.094s] -- Installing: /home/kush/UR5_Project_New/install/pilz_industrial_motion_planner/share/ament_index/resource_index/package_run_dependencies/pilz_industrial_motion_planner
[1133.108s] -- Installing: /home/kush/UR5_Project_New/install/pilz_industrial_motion_planner/share/ament_index/resource_index/parent_prefix_path/pilz_industrial_motion_planner
[1133.109s] -- Installing: /home/kush/UR5_Project_New/install/pilz_industrial_motion_planner/share/pilz_industrial_motion_planner/environment/ament_prefix_path.sh
[1133.109s] -- Installing: /home/kush/UR5_Project_New/install/pilz_industrial_motion_planner/share/pilz_industrial_motion_planner/environment/ament_prefix_path.dsv
[1133.123s] -- Installing: /home/kush/UR5_Project_New/install/pilz_industrial_motion_planner/share/pilz_industrial_motion_planner/environment/path.sh
[1133.123s] -- Installing: /home/kush/UR5_Project_New/install/pilz_industrial_motion_planner/share/pilz_industrial_motion_planner/environment/path.dsv
[1133.123s] -- Installing: /home/kush/UR5_Project_New/install/pilz_industrial_motion_planner/share/pilz_industrial_motion_planner/local_setup.bash
[1133.123s] -- Installing: /home/kush/UR5_Project_New/install/pilz_industrial_motion_planner/share/pilz_industrial_motion_planner/local_setup.sh
[1133.124s] -- Installing: /home/kush/UR5_Project_New/install/pilz_industrial_motion_planner/share/pilz_industrial_motion_planner/local_setup.zsh
[1133.125s] -- Installing: /home/kush/UR5_Project_New/install/pilz_industrial_motion_planner/share/pilz_industrial_motion_planner/local_setup.dsv
[1133.125s] -- Installing: /home/kush/UR5_Project_New/install/pilz_industrial_motion_planner/share/pilz_industrial_motion_planner/package.dsv
[1133.125s] -- Installing: /home/kush/UR5_Project_New/install/pilz_industrial_motion_planner/share/ament_index/resource_index/packages/pilz_industrial_motion_planner
[1133.126s] -- Installing: /home/kush/UR5_Project_New/install/pilz_industrial_motion_planner/share/ament_index/resource_index/moveit_core__pluginlib__plugin/pilz_industrial_motion_planner
[1133.126s] -- Installing: /home/kush/UR5_Project_New/install/pilz_industrial_motion_planner/share/ament_index/resource_index/moveit_ros_move_group__pluginlib__plugin/pilz_industrial_motion_planner
[1133.127s] -- Installing: /home/kush/UR5_Project_New/install/pilz_industrial_motion_planner/share/ament_index/resource_index/pilz_industrial_motion_planner__pluginlib__plugin/pilz_industrial_motion_planner
[1133.127s] -- Installing: /home/kush/UR5_Project_New/install/pilz_industrial_motion_planner/share/pilz_industrial_motion_planner/cmake/pilz_industrial_motion_plannerTargetsExport.cmake
[1133.141s] -- Installing: /home/kush/UR5_Project_New/install/pilz_industrial_motion_planner/share/pilz_industrial_motion_planner/cmake/pilz_industrial_motion_plannerTargetsExport-release.cmake
[1133.141s] -- Installing: /home/kush/UR5_Project_New/install/pilz_industrial_motion_planner/share/pilz_industrial_motion_planner/cmake/ament_cmake_export_include_directories-extras.cmake
[1133.142s] -- Installing: /home/kush/UR5_Project_New/install/pilz_industrial_motion_planner/share/pilz_industrial_motion_planner/cmake/ament_cmake_export_targets-extras.cmake
[1133.142s] -- Installing: /home/kush/UR5_Project_New/install/pilz_industrial_motion_planner/share/pilz_industrial_motion_planner/cmake/ament_cmake_export_dependencies-extras.cmake
[1133.143s] -- Installing: /home/kush/UR5_Project_New/install/pilz_industrial_motion_planner/share/pilz_industrial_motion_planner/cmake/pilz_industrial_motion_plannerConfig.cmake
[1133.156s] -- Installing: /home/kush/UR5_Project_New/install/pilz_industrial_motion_planner/share/pilz_industrial_motion_planner/cmake/pilz_industrial_motion_plannerConfig-version.cmake
[1133.156s] -- Installing: /home/kush/UR5_Project_New/install/pilz_industrial_motion_planner/share/pilz_industrial_motion_planner/package.xml
[1133.177s] Invoked command in '/home/kush/UR5_Project_New/build/pilz_industrial_motion_planner' returned '0': AMENT_PREFIX_PATH=/home/kush/UR5_Project_New/install/moveit_resources_prbt_pg70_support:/home/kush/UR5_Project_New/install/moveit_ros_planning_interface:/home/kush/UR5_Project_New/install/moveit_resources_prbt_moveit_config:/home/kush/UR5_Project_New/install/moveit_ros_move_group:/home/kush/UR5_Project_New/install/moveit_ros_warehouse:/home/kush/UR5_Project_New/install/moveit_kinematics:/home/kush/UR5_Project_New/install/moveit_ros_planning:/home/kush/UR5_Project_New/install/pilz_industrial_motion_planner_testutils:/home/kush/UR5_Project_New/install/moveit_ros_occupancy_map_monitor:/home/kush/UR5_Project_New/install/moveit_resources_prbt_ikfast_manipulator_plugin:/home/kush/UR5_Project_New/install/moveit_core:/home/kush/UR5_Project_New/install/moveit_resources_panda_moveit_config:/home/kush/UR5_Project_New/install/moveit_configs_utils:/home/kush/UR5_Project_New/install/srdfdom:/home/kush/UR5_Project_New/install/moveit_resources_prbt_support:/home/kush/UR5_Project_New/install/moveit_resources_panda_description:/home/kush/UR5_Project_New/install/moveit_common:/home/kush/UR5_Project_New/install/launch_param_builder:${AMENT_PREFIX_PATH} CMAKE_PREFIX_PATH=/home/kush/UR5_Project_New/install/moveit_resources_prbt_pg70_support:/home/kush/UR5_Project_New/install/moveit_ros_planning_interface:/home/kush/UR5_Project_New/install/moveit_resources_prbt_moveit_config:/home/kush/UR5_Project_New/install/moveit_ros_move_group:/home/kush/UR5_Project_New/install/moveit_ros_warehouse:/home/kush/UR5_Project_New/install/moveit_kinematics:/home/kush/UR5_Project_New/install/moveit_ros_planning:/home/kush/UR5_Project_New/install/pilz_industrial_motion_planner_testutils:/home/kush/UR5_Project_New/install/moveit_ros_occupancy_map_monitor:/home/kush/UR5_Project_New/install/moveit_resources_prbt_ikfast_manipulator_plugin:/home/kush/UR5_Project_New/install/moveit_core:/home/kush/UR5_Project_New/install/moveit_resources_panda_moveit_config:/home/kush/UR5_Project_New/install/srdfdom:/home/kush/UR5_Project_New/install/moveit_resources_prbt_support:/home/kush/UR5_Project_New/install/moveit_resources_panda_description:/home/kush/UR5_Project_New/install/moveit_common:/opt/ros/humble LD_LIBRARY_PATH=/home/kush/UR5_Project_New/install/moveit_ros_planning_interface/lib:/home/kush/UR5_Project_New/install/moveit_ros_move_group/lib:/home/kush/UR5_Project_New/install/moveit_ros_warehouse/lib:/home/kush/UR5_Project_New/install/moveit_kinematics/lib:/home/kush/UR5_Project_New/install/moveit_ros_planning/lib:/home/kush/UR5_Project_New/install/pilz_industrial_motion_planner_testutils/lib:/home/kush/UR5_Project_New/install/moveit_ros_occupancy_map_monitor/lib:/home/kush/UR5_Project_New/install/moveit_resources_prbt_ikfast_manipulator_plugin/lib:/home/kush/UR5_Project_New/install/moveit_core/lib:/home/kush/UR5_Project_New/install/srdfdom/lib:${LD_LIBRARY_PATH} PATH=/home/kush/UR5_Project_New/install/moveit_core/bin:${PATH} PYTHONPATH=/home/kush/UR5_Project_New/install/moveit_configs_utils/lib/python3.10/site-packages:/home/kush/UR5_Project_New/install/srdfdom/local/lib/python3.10/dist-packages:/home/kush/UR5_Project_New/install/launch_param_builder/lib/python3.10/site-packages:${PYTHONPATH} /usr/bin/cmake --install /home/kush/UR5_Project_New/build/pilz_industrial_motion_planner
