[0.143s] Invoking command in '/home/kush/UR5_Project_New/build/moveit_plugins': AMENT_PREFIX_PATH=/home/kush/UR5_Project_New/install/moveit_simple_controller_manager:/home/kush/UR5_Project_New/install/moveit_core:/home/kush/UR5_Project_New/install/srdfdom:/home/kush/UR5_Project_New/install/moveit_common:${AMENT_PREFIX_PATH} CMAKE_PREFIX_PATH=/home/kush/UR5_Project_New/install/moveit_simple_controller_manager:/home/kush/UR5_Project_New/install/moveit_core:/home/kush/UR5_Project_New/install/srdfdom:/home/kush/UR5_Project_New/install/moveit_common:/opt/ros/humble LD_LIBRARY_PATH=/home/kush/UR5_Project_New/install/moveit_simple_controller_manager/lib:/home/kush/UR5_Project_New/install/moveit_core/lib:/home/kush/UR5_Project_New/install/srdfdom/lib:${LD_LIBRARY_PATH} PATH=/home/kush/UR5_Project_New/install/moveit_core/bin:${PATH} PYTHONPATH=/home/kush/UR5_Project_New/install/srdfdom/local/lib/python3.10/dist-packages:${PYTHONPATH} /usr/bin/cmake --build /home/kush/UR5_Project_New/build/moveit_plugins -- -j4 -l4
[0.334s] Invoked command in '/home/kush/UR5_Project_New/build/moveit_plugins' returned '0': AMENT_PREFIX_PATH=/home/kush/UR5_Project_New/install/moveit_simple_controller_manager:/home/kush/UR5_Project_New/install/moveit_core:/home/kush/UR5_Project_New/install/srdfdom:/home/kush/UR5_Project_New/install/moveit_common:${AMENT_PREFIX_PATH} CMAKE_PREFIX_PATH=/home/kush/UR5_Project_New/install/moveit_simple_controller_manager:/home/kush/UR5_Project_New/install/moveit_core:/home/kush/UR5_Project_New/install/srdfdom:/home/kush/UR5_Project_New/install/moveit_common:/opt/ros/humble LD_LIBRARY_PATH=/home/kush/UR5_Project_New/install/moveit_simple_controller_manager/lib:/home/kush/UR5_Project_New/install/moveit_core/lib:/home/kush/UR5_Project_New/install/srdfdom/lib:${LD_LIBRARY_PATH} PATH=/home/kush/UR5_Project_New/install/moveit_core/bin:${PATH} PYTHONPATH=/home/kush/UR5_Project_New/install/srdfdom/local/lib/python3.10/dist-packages:${PYTHONPATH} /usr/bin/cmake --build /home/kush/UR5_Project_New/build/moveit_plugins -- -j4 -l4
[0.367s] Invoking command in '/home/kush/UR5_Project_New/build/moveit_plugins': AMENT_PREFIX_PATH=/home/kush/UR5_Project_New/install/moveit_simple_controller_manager:/home/kush/UR5_Project_New/install/moveit_core:/home/kush/UR5_Project_New/install/srdfdom:/home/kush/UR5_Project_New/install/moveit_common:${AMENT_PREFIX_PATH} CMAKE_PREFIX_PATH=/home/kush/UR5_Project_New/install/moveit_simple_controller_manager:/home/kush/UR5_Project_New/install/moveit_core:/home/kush/UR5_Project_New/install/srdfdom:/home/kush/UR5_Project_New/install/moveit_common:/opt/ros/humble LD_LIBRARY_PATH=/home/kush/UR5_Project_New/install/moveit_simple_controller_manager/lib:/home/kush/UR5_Project_New/install/moveit_core/lib:/home/kush/UR5_Project_New/install/srdfdom/lib:${LD_LIBRARY_PATH} PATH=/home/kush/UR5_Project_New/install/moveit_core/bin:${PATH} PYTHONPATH=/home/kush/UR5_Project_New/install/srdfdom/local/lib/python3.10/dist-packages:${PYTHONPATH} /usr/bin/cmake --install /home/kush/UR5_Project_New/build/moveit_plugins
[0.394s] -- Install configuration: "Release"
[0.395s] -- Up-to-date: /home/kush/UR5_Project_New/install/moveit_plugins/share/ament_index/resource_index/package_run_dependencies/moveit_plugins
[0.395s] -- Up-to-date: /home/kush/UR5_Project_New/install/moveit_plugins/share/ament_index/resource_index/parent_prefix_path/moveit_plugins
[0.395s] -- Up-to-date: /home/kush/UR5_Project_New/install/moveit_plugins/share/moveit_plugins/environment/ament_prefix_path.sh
[0.395s] -- Up-to-date: /home/kush/UR5_Project_New/install/moveit_plugins/share/moveit_plugins/environment/ament_prefix_path.dsv
[0.395s] -- Up-to-date: /home/kush/UR5_Project_New/install/moveit_plugins/share/moveit_plugins/environment/path.sh
[0.396s] -- Up-to-date: /home/kush/UR5_Project_New/install/moveit_plugins/share/moveit_plugins/environment/path.dsv
[0.396s] -- Up-to-date: /home/kush/UR5_Project_New/install/moveit_plugins/share/moveit_plugins/local_setup.bash
[0.396s] -- Up-to-date: /home/kush/UR5_Project_New/install/moveit_plugins/share/moveit_plugins/local_setup.sh
[0.396s] -- Up-to-date: /home/kush/UR5_Project_New/install/moveit_plugins/share/moveit_plugins/local_setup.zsh
[0.396s] -- Up-to-date: /home/kush/UR5_Project_New/install/moveit_plugins/share/moveit_plugins/local_setup.dsv
[0.396s] -- Installing: /home/kush/UR5_Project_New/install/moveit_plugins/share/moveit_plugins/package.dsv
[0.397s] -- Up-to-date: /home/kush/UR5_Project_New/install/moveit_plugins/share/ament_index/resource_index/packages/moveit_plugins
[0.397s] -- Up-to-date: /home/kush/UR5_Project_New/install/moveit_plugins/share/moveit_plugins/cmake/moveit_pluginsConfig.cmake
[0.397s] -- Up-to-date: /home/kush/UR5_Project_New/install/moveit_plugins/share/moveit_plugins/cmake/moveit_pluginsConfig-version.cmake
[0.397s] -- Up-to-date: /home/kush/UR5_Project_New/install/moveit_plugins/share/moveit_plugins/package.xml
[0.398s] Invoked command in '/home/kush/UR5_Project_New/build/moveit_plugins' returned '0': AMENT_PREFIX_PATH=/home/kush/UR5_Project_New/install/moveit_simple_controller_manager:/home/kush/UR5_Project_New/install/moveit_core:/home/kush/UR5_Project_New/install/srdfdom:/home/kush/UR5_Project_New/install/moveit_common:${AMENT_PREFIX_PATH} CMAKE_PREFIX_PATH=/home/kush/UR5_Project_New/install/moveit_simple_controller_manager:/home/kush/UR5_Project_New/install/moveit_core:/home/kush/UR5_Project_New/install/srdfdom:/home/kush/UR5_Project_New/install/moveit_common:/opt/ros/humble LD_LIBRARY_PATH=/home/kush/UR5_Project_New/install/moveit_simple_controller_manager/lib:/home/kush/UR5_Project_New/install/moveit_core/lib:/home/kush/UR5_Project_New/install/srdfdom/lib:${LD_LIBRARY_PATH} PATH=/home/kush/UR5_Project_New/install/moveit_core/bin:${PATH} PYTHONPATH=/home/kush/UR5_Project_New/install/srdfdom/local/lib/python3.10/dist-packages:${PYTHONPATH} /usr/bin/cmake --install /home/kush/UR5_Project_New/build/moveit_plugins
