[0.552s] Invoking command in '/home/kush/UR5_Project_New/build/moveit_task_constructor_core': AMENT_PREFIX_PATH=/home/kush/UR5_Project_New/install/moveit_planners:/home/kush/UR5_Project_New/install/pilz_industrial_motion_planner:/home/kush/UR5_Project_New/install/moveit_ros_planning_interface:/home/kush/UR5_Project_New/install/moveit_ros_move_group:/home/kush/UR5_Project_New/install/moveit_ros_warehouse:/home/kush/UR5_Project_New/install/moveit_planners_ompl:/home/kush/UR5_Project_New/install/moveit_kinematics:/home/kush/UR5_Project_New/install/moveit_ros_planning:/home/kush/UR5_Project_New/install/moveit_ros_occupancy_map_monitor:/home/kush/UR5_Project_New/install/moveit_core:/home/kush/UR5_Project_New/install/rviz_marker_tools:/home/kush/UR5_Project_New/install/moveit_configs_utils:/home/kush/UR5_Project_New/install/srdfdom:/home/kush/UR5_Project_New/install/moveit_task_constructor_msgs:/home/kush/UR5_Project_New/install/moveit_common:/home/kush/UR5_Project_New/install/launch_param_builder:${AMENT_PREFIX_PATH} CMAKE_PREFIX_PATH=/home/kush/UR5_Project_New/install/moveit_planners:/home/kush/UR5_Project_New/install/pilz_industrial_motion_planner:/home/kush/UR5_Project_New/install/moveit_ros_planning_interface:/home/kush/UR5_Project_New/install/moveit_ros_move_group:/home/kush/UR5_Project_New/install/moveit_ros_warehouse:/home/kush/UR5_Project_New/install/moveit_planners_ompl:/home/kush/UR5_Project_New/install/moveit_kinematics:/home/kush/UR5_Project_New/install/moveit_ros_planning:/home/kush/UR5_Project_New/install/moveit_ros_occupancy_map_monitor:/home/kush/UR5_Project_New/install/moveit_core:/home/kush/UR5_Project_New/install/rviz_marker_tools:/home/kush/UR5_Project_New/install/srdfdom:/home/kush/UR5_Project_New/install/moveit_task_constructor_msgs:/home/kush/UR5_Project_New/install/moveit_common:/opt/ros/humble LD_LIBRARY_PATH=/home/kush/UR5_Project_New/install/pilz_industrial_motion_planner/lib:/home/kush/UR5_Project_New/install/moveit_ros_planning_interface/lib:/home/kush/UR5_Project_New/install/moveit_ros_move_group/lib:/home/kush/UR5_Project_New/install/moveit_ros_warehouse/lib:/home/kush/UR5_Project_New/install/moveit_planners_ompl/lib:/home/kush/UR5_Project_New/install/moveit_kinematics/lib:/home/kush/UR5_Project_New/install/moveit_ros_planning/lib:/home/kush/UR5_Project_New/install/moveit_ros_occupancy_map_monitor/lib:/home/kush/UR5_Project_New/install/moveit_core/lib:/home/kush/UR5_Project_New/install/rviz_marker_tools/lib:/home/kush/UR5_Project_New/install/srdfdom/lib:/home/kush/UR5_Project_New/install/moveit_task_constructor_msgs/lib:${LD_LIBRARY_PATH} PATH=/home/kush/UR5_Project_New/install/moveit_core/bin:${PATH} PYTHONPATH=/home/kush/UR5_Project_New/install/moveit_configs_utils/lib/python3.10/site-packages:/home/kush/UR5_Project_New/install/srdfdom/local/lib/python3.10/dist-packages:/home/kush/UR5_Project_New/install/moveit_task_constructor_msgs/local/lib/python3.10/dist-packages:/home/kush/UR5_Project_New/install/launch_param_builder/lib/python3.10/site-packages:${PYTHONPATH} /usr/bin/cmake --build /home/kush/UR5_Project_New/build/moveit_task_constructor_core -- -j4 -l4
[0.965s] [35m[1mConsolidate compiler generated dependencies of target moveit_task_constructor_core[0m
[1.477s] [ 21%] Built target moveit_task_constructor_core
[1.562s] [35m[1mConsolidate compiler generated dependencies of target gmock_main[0m
[1.657s] [ 23%] Built target gmock_main
[1.692s] [35m[1mConsolidate compiler generated dependencies of target gmock[0m
[1.737s] [ 27%] Built target gmock
[1.845s] [35m[1mConsolidate compiler generated dependencies of target moveit_task_constructor_core_stages[0m
[2.203s] [ 50%] Built target moveit_task_constructor_core_stages
[2.259s] [35m[1mConsolidate compiler generated dependencies of target gtest_utils[0m
[2.501s] [ 55%] Built target gtest_utils
[2.531s] [35m[1mConsolidate compiler generated dependencies of target moveit_task_constructor_core_stage_plugins[0m
[2.580s] [ 57%] Built target moveit_task_constructor_core_stage_plugins
[2.607s] [35m[1mConsolidate compiler generated dependencies of target gtest[0m
[2.645s] [ 60%] Built target gtest
[2.666s] [35m[1mConsolidate compiler generated dependencies of target gtest_main[0m
[2.700s] [ 63%] Built target gtest_main
[2.782s] [35m[1mConsolidate compiler generated dependencies of target moveit_task_constructor_core-test-stage[0m
[2.973s] [ 65%] Built target moveit_task_constructor_core-test-stage
[3.059s] [35m[1mConsolidate compiler generated dependencies of target moveit_task_constructor_core-test-pruning[0m
[3.215s] [ 68%] Built target moveit_task_constructor_core-test-pruning
[3.319s] [35m[1mConsolidate compiler generated dependencies of target moveit_task_constructor_core-test-properties[0m
[3.421s] [ 71%] Built target moveit_task_constructor_core-test-properties
[3.509s] [35m[1mConsolidate compiler generated dependencies of target moveit_task_constructor_core-test-cost-terms[0m
[3.666s] [ 73%] Built target moveit_task_constructor_core-test-cost-terms
[3.703s] [35m[1mConsolidate compiler generated dependencies of target moveit_task_constructor_core-test-fallback[0m
[3.869s] [ 76%] Built target moveit_task_constructor_core-test-fallback
[3.936s] [35m[1mConsolidate compiler generated dependencies of target moveit_task_constructor_core-test-cost-queue[0m
[3.992s] [ 78%] Built target moveit_task_constructor_core-test-cost-queue
[4.034s] [35m[1mConsolidate compiler generated dependencies of target moveit_task_constructor_core-test-interface-state[0m
[4.108s] [ 81%] Built target moveit_task_constructor_core-test-interface-state
[4.138s] [35m[1mConsolidate compiler generated dependencies of target moveit_task_constructor_core-test-move-to[0m
[4.209s] [ 84%] Built target moveit_task_constructor_core-test-move-to
[4.318s] [35m[1mConsolidate compiler generated dependencies of target moveit_task_constructor_core-test-move-relative[0m
[4.478s] [ 86%] Built target moveit_task_constructor_core-test-move-relative
[4.527s] [35m[1mConsolidate compiler generated dependencies of target pick_ur5[0m
[4.603s] [ 89%] Built target pick_ur5
[4.693s] [35m[1mConsolidate compiler generated dependencies of target pick_pr2[0m
[4.857s] [ 92%] Built target pick_pr2
[4.940s] [35m[1mConsolidate compiler generated dependencies of target pick_pa10[0m
[5.191s] [ 94%] Built target pick_pa10
[5.243s] [35m[1mConsolidate compiler generated dependencies of target moveit_task_constructor_core-test-serial[0m
[5.356s] [ 97%] Built target moveit_task_constructor_core-test-serial
[5.414s] [35m[1mConsolidate compiler generated dependencies of target moveit_task_constructor_core-test-container[0m
[5.524s] [100%] Built target moveit_task_constructor_core-test-container
[5.573s] Invoked command in '/home/kush/UR5_Project_New/build/moveit_task_constructor_core' returned '0': AMENT_PREFIX_PATH=/home/kush/UR5_Project_New/install/moveit_planners:/home/kush/UR5_Project_New/install/pilz_industrial_motion_planner:/home/kush/UR5_Project_New/install/moveit_ros_planning_interface:/home/kush/UR5_Project_New/install/moveit_ros_move_group:/home/kush/UR5_Project_New/install/moveit_ros_warehouse:/home/kush/UR5_Project_New/install/moveit_planners_ompl:/home/kush/UR5_Project_New/install/moveit_kinematics:/home/kush/UR5_Project_New/install/moveit_ros_planning:/home/kush/UR5_Project_New/install/moveit_ros_occupancy_map_monitor:/home/kush/UR5_Project_New/install/moveit_core:/home/kush/UR5_Project_New/install/rviz_marker_tools:/home/kush/UR5_Project_New/install/moveit_configs_utils:/home/kush/UR5_Project_New/install/srdfdom:/home/kush/UR5_Project_New/install/moveit_task_constructor_msgs:/home/kush/UR5_Project_New/install/moveit_common:/home/kush/UR5_Project_New/install/launch_param_builder:${AMENT_PREFIX_PATH} CMAKE_PREFIX_PATH=/home/kush/UR5_Project_New/install/moveit_planners:/home/kush/UR5_Project_New/install/pilz_industrial_motion_planner:/home/kush/UR5_Project_New/install/moveit_ros_planning_interface:/home/kush/UR5_Project_New/install/moveit_ros_move_group:/home/kush/UR5_Project_New/install/moveit_ros_warehouse:/home/kush/UR5_Project_New/install/moveit_planners_ompl:/home/kush/UR5_Project_New/install/moveit_kinematics:/home/kush/UR5_Project_New/install/moveit_ros_planning:/home/kush/UR5_Project_New/install/moveit_ros_occupancy_map_monitor:/home/kush/UR5_Project_New/install/moveit_core:/home/kush/UR5_Project_New/install/rviz_marker_tools:/home/kush/UR5_Project_New/install/srdfdom:/home/kush/UR5_Project_New/install/moveit_task_constructor_msgs:/home/kush/UR5_Project_New/install/moveit_common:/opt/ros/humble LD_LIBRARY_PATH=/home/kush/UR5_Project_New/install/pilz_industrial_motion_planner/lib:/home/kush/UR5_Project_New/install/moveit_ros_planning_interface/lib:/home/kush/UR5_Project_New/install/moveit_ros_move_group/lib:/home/kush/UR5_Project_New/install/moveit_ros_warehouse/lib:/home/kush/UR5_Project_New/install/moveit_planners_ompl/lib:/home/kush/UR5_Project_New/install/moveit_kinematics/lib:/home/kush/UR5_Project_New/install/moveit_ros_planning/lib:/home/kush/UR5_Project_New/install/moveit_ros_occupancy_map_monitor/lib:/home/kush/UR5_Project_New/install/moveit_core/lib:/home/kush/UR5_Project_New/install/rviz_marker_tools/lib:/home/kush/UR5_Project_New/install/srdfdom/lib:/home/kush/UR5_Project_New/install/moveit_task_constructor_msgs/lib:${LD_LIBRARY_PATH} PATH=/home/kush/UR5_Project_New/install/moveit_core/bin:${PATH} PYTHONPATH=/home/kush/UR5_Project_New/install/moveit_configs_utils/lib/python3.10/site-packages:/home/kush/UR5_Project_New/install/srdfdom/local/lib/python3.10/dist-packages:/home/kush/UR5_Project_New/install/moveit_task_constructor_msgs/local/lib/python3.10/dist-packages:/home/kush/UR5_Project_New/install/launch_param_builder/lib/python3.10/site-packages:${PYTHONPATH} /usr/bin/cmake --build /home/kush/UR5_Project_New/build/moveit_task_constructor_core -- -j4 -l4
[6.082s] Invoking command in '/home/kush/UR5_Project_New/build/moveit_task_constructor_core': AMENT_PREFIX_PATH=/home/kush/UR5_Project_New/install/moveit_planners:/home/kush/UR5_Project_New/install/pilz_industrial_motion_planner:/home/kush/UR5_Project_New/install/moveit_ros_planning_interface:/home/kush/UR5_Project_New/install/moveit_ros_move_group:/home/kush/UR5_Project_New/install/moveit_ros_warehouse:/home/kush/UR5_Project_New/install/moveit_planners_ompl:/home/kush/UR5_Project_New/install/moveit_kinematics:/home/kush/UR5_Project_New/install/moveit_ros_planning:/home/kush/UR5_Project_New/install/moveit_ros_occupancy_map_monitor:/home/kush/UR5_Project_New/install/moveit_core:/home/kush/UR5_Project_New/install/rviz_marker_tools:/home/kush/UR5_Project_New/install/moveit_configs_utils:/home/kush/UR5_Project_New/install/srdfdom:/home/kush/UR5_Project_New/install/moveit_task_constructor_msgs:/home/kush/UR5_Project_New/install/moveit_common:/home/kush/UR5_Project_New/install/launch_param_builder:${AMENT_PREFIX_PATH} CMAKE_PREFIX_PATH=/home/kush/UR5_Project_New/install/moveit_planners:/home/kush/UR5_Project_New/install/pilz_industrial_motion_planner:/home/kush/UR5_Project_New/install/moveit_ros_planning_interface:/home/kush/UR5_Project_New/install/moveit_ros_move_group:/home/kush/UR5_Project_New/install/moveit_ros_warehouse:/home/kush/UR5_Project_New/install/moveit_planners_ompl:/home/kush/UR5_Project_New/install/moveit_kinematics:/home/kush/UR5_Project_New/install/moveit_ros_planning:/home/kush/UR5_Project_New/install/moveit_ros_occupancy_map_monitor:/home/kush/UR5_Project_New/install/moveit_core:/home/kush/UR5_Project_New/install/rviz_marker_tools:/home/kush/UR5_Project_New/install/srdfdom:/home/kush/UR5_Project_New/install/moveit_task_constructor_msgs:/home/kush/UR5_Project_New/install/moveit_common:/opt/ros/humble LD_LIBRARY_PATH=/home/kush/UR5_Project_New/install/pilz_industrial_motion_planner/lib:/home/kush/UR5_Project_New/install/moveit_ros_planning_interface/lib:/home/kush/UR5_Project_New/install/moveit_ros_move_group/lib:/home/kush/UR5_Project_New/install/moveit_ros_warehouse/lib:/home/kush/UR5_Project_New/install/moveit_planners_ompl/lib:/home/kush/UR5_Project_New/install/moveit_kinematics/lib:/home/kush/UR5_Project_New/install/moveit_ros_planning/lib:/home/kush/UR5_Project_New/install/moveit_ros_occupancy_map_monitor/lib:/home/kush/UR5_Project_New/install/moveit_core/lib:/home/kush/UR5_Project_New/install/rviz_marker_tools/lib:/home/kush/UR5_Project_New/install/srdfdom/lib:/home/kush/UR5_Project_New/install/moveit_task_constructor_msgs/lib:${LD_LIBRARY_PATH} PATH=/home/kush/UR5_Project_New/install/moveit_core/bin:${PATH} PYTHONPATH=/home/kush/UR5_Project_New/install/moveit_configs_utils/lib/python3.10/site-packages:/home/kush/UR5_Project_New/install/srdfdom/local/lib/python3.10/dist-packages:/home/kush/UR5_Project_New/install/moveit_task_constructor_msgs/local/lib/python3.10/dist-packages:/home/kush/UR5_Project_New/install/launch_param_builder/lib/python3.10/site-packages:${PYTHONPATH} /usr/bin/cmake --install /home/kush/UR5_Project_New/build/moveit_task_constructor_core
[6.144s] -- Install configuration: "Release"
[6.145s] -- Up-to-date: /home/kush/UR5_Project_New/install/moveit_task_constructor_core/include
[6.145s] -- Up-to-date: /home/kush/UR5_Project_New/install/moveit_task_constructor_core/include/moveit
[6.145s] -- Up-to-date: /home/kush/UR5_Project_New/install/moveit_task_constructor_core/include/moveit/python
[6.145s] -- Up-to-date: /home/kush/UR5_Project_New/install/moveit_task_constructor_core/include/moveit/python/task_constructor
[6.145s] -- Up-to-date: /home/kush/UR5_Project_New/install/moveit_task_constructor_core/include/moveit/python/task_constructor/properties.h
[6.145s] -- Up-to-date: /home/kush/UR5_Project_New/install/moveit_task_constructor_core/include/moveit/python/python_tools
[6.146s] -- Up-to-date: /home/kush/UR5_Project_New/install/moveit_task_constructor_core/include/moveit/python/python_tools/ros_types.h
[6.146s] -- Up-to-date: /home/kush/UR5_Project_New/install/moveit_task_constructor_core/include/moveit/task_constructor
[6.149s] -- Up-to-date: /home/kush/UR5_Project_New/install/moveit_task_constructor_core/include/moveit/task_constructor/moveit_compat.h
[6.149s] -- Up-to-date: /home/kush/UR5_Project_New/install/moveit_task_constructor_core/include/moveit/task_constructor/merge.h
[6.150s] -- Up-to-date: /home/kush/UR5_Project_New/install/moveit_task_constructor_core/include/moveit/task_constructor/storage.h
[6.150s] -- Up-to-date: /home/kush/UR5_Project_New/install/moveit_task_constructor_core/include/moveit/task_constructor/solvers.h
[6.150s] -- Up-to-date: /home/kush/UR5_Project_New/install/moveit_task_constructor_core/include/moveit/task_constructor/properties.h
[6.151s] -- Up-to-date: /home/kush/UR5_Project_New/install/moveit_task_constructor_core/include/moveit/task_constructor/cost_terms.h
[6.151s] -- Up-to-date: /home/kush/UR5_Project_New/install/moveit_task_constructor_core/include/moveit/task_constructor/container.h
[6.151s] -- Up-to-date: /home/kush/UR5_Project_New/install/moveit_task_constructor_core/include/moveit/task_constructor/stage.h
[6.152s] -- Up-to-date: /home/kush/UR5_Project_New/install/moveit_task_constructor_core/include/moveit/task_constructor/utils.h
[6.152s] -- Up-to-date: /home/kush/UR5_Project_New/install/moveit_task_constructor_core/include/moveit/task_constructor/task.h
[6.152s] -- Up-to-date: /home/kush/UR5_Project_New/install/moveit_task_constructor_core/include/moveit/task_constructor/marker_tools.h
[6.152s] -- Up-to-date: /home/kush/UR5_Project_New/install/moveit_task_constructor_core/include/moveit/task_constructor/solvers
[6.153s] -- Up-to-date: /home/kush/UR5_Project_New/install/moveit_task_constructor_core/include/moveit/task_constructor/solvers/pipeline_planner.h
[6.154s] -- Up-to-date: /home/kush/UR5_Project_New/install/moveit_task_constructor_core/include/moveit/task_constructor/solvers/cartesian_path.h
[6.155s] -- Up-to-date: /home/kush/UR5_Project_New/install/moveit_task_constructor_core/include/moveit/task_constructor/solvers/planner_interface.h
[6.155s] -- Up-to-date: /home/kush/UR5_Project_New/install/moveit_task_constructor_core/include/moveit/task_constructor/solvers/multi_planner.h
[6.156s] -- Up-to-date: /home/kush/UR5_Project_New/install/moveit_task_constructor_core/include/moveit/task_constructor/solvers/joint_interpolation.h
[6.156s] -- Up-to-date: /home/kush/UR5_Project_New/install/moveit_task_constructor_core/include/moveit/task_constructor/stages.h
[6.156s] -- Up-to-date: /home/kush/UR5_Project_New/install/moveit_task_constructor_core/include/moveit/task_constructor/cost_queue.h
[6.156s] -- Up-to-date: /home/kush/UR5_Project_New/install/moveit_task_constructor_core/include/moveit/task_constructor/introspection.h
[6.156s] -- Up-to-date: /home/kush/UR5_Project_New/install/moveit_task_constructor_core/include/moveit/task_constructor/stages
[6.156s] -- Up-to-date: /home/kush/UR5_Project_New/install/moveit_task_constructor_core/include/moveit/task_constructor/stages/pick.h
[6.157s] -- Up-to-date: /home/kush/UR5_Project_New/install/moveit_task_constructor_core/include/moveit/task_constructor/stages/passthrough.h
[6.157s] -- Up-to-date: /home/kush/UR5_Project_New/install/moveit_task_constructor_core/include/moveit/task_constructor/stages/generate_pose.h
[6.157s] -- Up-to-date: /home/kush/UR5_Project_New/install/moveit_task_constructor_core/include/moveit/task_constructor/stages/current_state.h
[6.157s] -- Up-to-date: /home/kush/UR5_Project_New/install/moveit_task_constructor_core/include/moveit/task_constructor/stages/generate_place_pose.h
[6.157s] -- Up-to-date: /home/kush/UR5_Project_New/install/moveit_task_constructor_core/include/moveit/task_constructor/stages/fixed_cartesian_poses.h
[6.158s] -- Up-to-date: /home/kush/UR5_Project_New/install/moveit_task_constructor_core/include/moveit/task_constructor/stages/move_to.h
[6.158s] -- Up-to-date: /home/kush/UR5_Project_New/install/moveit_task_constructor_core/include/moveit/task_constructor/stages/connect.h
[6.158s] -- Up-to-date: /home/kush/UR5_Project_New/install/moveit_task_constructor_core/include/moveit/task_constructor/stages/compute_ik.h
[6.158s] -- Up-to-date: /home/kush/UR5_Project_New/install/moveit_task_constructor_core/include/moveit/task_constructor/stages/fixed_state.h
[6.158s] -- Up-to-date: /home/kush/UR5_Project_New/install/moveit_task_constructor_core/include/moveit/task_constructor/stages/move_relative.h
[6.159s] -- Up-to-date: /home/kush/UR5_Project_New/install/moveit_task_constructor_core/include/moveit/task_constructor/stages/modify_planning_scene.h
[6.159s] -- Up-to-date: /home/kush/UR5_Project_New/install/moveit_task_constructor_core/include/moveit/task_constructor/stages/fix_collision_objects.h
[6.165s] -- Up-to-date: /home/kush/UR5_Project_New/install/moveit_task_constructor_core/include/moveit/task_constructor/stages/predicate_filter.h
[6.165s] -- Up-to-date: /home/kush/UR5_Project_New/install/moveit_task_constructor_core/include/moveit/task_constructor/stages/generate_grasp_pose.h
[6.165s] -- Up-to-date: /home/kush/UR5_Project_New/install/moveit_task_constructor_core/include/moveit/task_constructor/stages/simple_grasp.h
[6.165s] -- Up-to-date: /home/kush/UR5_Project_New/install/moveit_task_constructor_core/include/moveit/task_constructor/type_traits.h
[6.165s] -- Up-to-date: /home/kush/UR5_Project_New/install/moveit_task_constructor_core/share/moveit_task_constructor_core/motion_planning_stages_plugin_description.xml
[6.166s] -- Up-to-date: /home/kush/UR5_Project_New/install/moveit_task_constructor_core/share/moveit_task_constructor_core/environment/library_path.sh
[6.166s] -- Up-to-date: /home/kush/UR5_Project_New/install/moveit_task_constructor_core/share/moveit_task_constructor_core/environment/library_path.dsv
[6.166s] -- Up-to-date: /home/kush/UR5_Project_New/install/moveit_task_constructor_core/share/ament_index/resource_index/package_run_dependencies/moveit_task_constructor_core
[6.166s] -- Up-to-date: /home/kush/UR5_Project_New/install/moveit_task_constructor_core/share/ament_index/resource_index/parent_prefix_path/moveit_task_constructor_core
[6.166s] -- Up-to-date: /home/kush/UR5_Project_New/install/moveit_task_constructor_core/share/moveit_task_constructor_core/environment/ament_prefix_path.sh
[6.167s] -- Up-to-date: /home/kush/UR5_Project_New/install/moveit_task_constructor_core/share/moveit_task_constructor_core/environment/ament_prefix_path.dsv
[6.167s] -- Up-to-date: /home/kush/UR5_Project_New/install/moveit_task_constructor_core/share/moveit_task_constructor_core/environment/path.sh
[6.167s] -- Up-to-date: /home/kush/UR5_Project_New/install/moveit_task_constructor_core/share/moveit_task_constructor_core/environment/path.dsv
[6.167s] -- Up-to-date: /home/kush/UR5_Project_New/install/moveit_task_constructor_core/share/moveit_task_constructor_core/local_setup.bash
[6.167s] -- Up-to-date: /home/kush/UR5_Project_New/install/moveit_task_constructor_core/share/moveit_task_constructor_core/local_setup.sh
[6.167s] -- Up-to-date: /home/kush/UR5_Project_New/install/moveit_task_constructor_core/share/moveit_task_constructor_core/local_setup.zsh
[6.168s] -- Up-to-date: /home/kush/UR5_Project_New/install/moveit_task_constructor_core/share/moveit_task_constructor_core/local_setup.dsv
[6.177s] -- Installing: /home/kush/UR5_Project_New/install/moveit_task_constructor_core/share/moveit_task_constructor_core/package.dsv
[6.179s] -- Up-to-date: /home/kush/UR5_Project_New/install/moveit_task_constructor_core/share/ament_index/resource_index/packages/moveit_task_constructor_core
[6.179s] -- Up-to-date: /home/kush/UR5_Project_New/install/moveit_task_constructor_core/share/ament_index/resource_index/moveit_task_constructor_core__pluginlib__plugin/moveit_task_constructor_core
[6.180s] -- Up-to-date: /home/kush/UR5_Project_New/install/moveit_task_constructor_core/share/moveit_task_constructor_core/cmake/moveit_task_constructor_coreTargetsExport.cmake
[6.181s] -- Up-to-date: /home/kush/UR5_Project_New/install/moveit_task_constructor_core/share/moveit_task_constructor_core/cmake/moveit_task_constructor_coreTargetsExport-release.cmake
[6.181s] -- Up-to-date: /home/kush/UR5_Project_New/install/moveit_task_constructor_core/share/moveit_task_constructor_core/cmake/ament_cmake_export_targets-extras.cmake
[6.181s] -- Up-to-date: /home/kush/UR5_Project_New/install/moveit_task_constructor_core/share/moveit_task_constructor_core/cmake/ament_cmake_export_dependencies-extras.cmake
[6.182s] -- Up-to-date: /home/kush/UR5_Project_New/install/moveit_task_constructor_core/share/moveit_task_constructor_core/cmake/moveit_task_constructor_coreConfig.cmake
[6.184s] -- Up-to-date: /home/kush/UR5_Project_New/install/moveit_task_constructor_core/share/moveit_task_constructor_core/cmake/moveit_task_constructor_coreConfig-version.cmake
[6.184s] -- Up-to-date: /home/kush/UR5_Project_New/install/moveit_task_constructor_core/share/moveit_task_constructor_core/package.xml
[6.192s] -- Up-to-date: /home/kush/UR5_Project_New/install/moveit_task_constructor_core/lib/libmoveit_task_constructor_core.so
[6.194s] -- Up-to-date: /home/kush/UR5_Project_New/install/moveit_task_constructor_core/lib/libmoveit_task_constructor_core_stages.so
[6.195s] -- Up-to-date: /home/kush/UR5_Project_New/install/moveit_task_constructor_core/lib/libmoveit_task_constructor_core_stage_plugins.so
[6.218s] Invoked command in '/home/kush/UR5_Project_New/build/moveit_task_constructor_core' returned '0': AMENT_PREFIX_PATH=/home/kush/UR5_Project_New/install/moveit_planners:/home/kush/UR5_Project_New/install/pilz_industrial_motion_planner:/home/kush/UR5_Project_New/install/moveit_ros_planning_interface:/home/kush/UR5_Project_New/install/moveit_ros_move_group:/home/kush/UR5_Project_New/install/moveit_ros_warehouse:/home/kush/UR5_Project_New/install/moveit_planners_ompl:/home/kush/UR5_Project_New/install/moveit_kinematics:/home/kush/UR5_Project_New/install/moveit_ros_planning:/home/kush/UR5_Project_New/install/moveit_ros_occupancy_map_monitor:/home/kush/UR5_Project_New/install/moveit_core:/home/kush/UR5_Project_New/install/rviz_marker_tools:/home/kush/UR5_Project_New/install/moveit_configs_utils:/home/kush/UR5_Project_New/install/srdfdom:/home/kush/UR5_Project_New/install/moveit_task_constructor_msgs:/home/kush/UR5_Project_New/install/moveit_common:/home/kush/UR5_Project_New/install/launch_param_builder:${AMENT_PREFIX_PATH} CMAKE_PREFIX_PATH=/home/kush/UR5_Project_New/install/moveit_planners:/home/kush/UR5_Project_New/install/pilz_industrial_motion_planner:/home/kush/UR5_Project_New/install/moveit_ros_planning_interface:/home/kush/UR5_Project_New/install/moveit_ros_move_group:/home/kush/UR5_Project_New/install/moveit_ros_warehouse:/home/kush/UR5_Project_New/install/moveit_planners_ompl:/home/kush/UR5_Project_New/install/moveit_kinematics:/home/kush/UR5_Project_New/install/moveit_ros_planning:/home/kush/UR5_Project_New/install/moveit_ros_occupancy_map_monitor:/home/kush/UR5_Project_New/install/moveit_core:/home/kush/UR5_Project_New/install/rviz_marker_tools:/home/kush/UR5_Project_New/install/srdfdom:/home/kush/UR5_Project_New/install/moveit_task_constructor_msgs:/home/kush/UR5_Project_New/install/moveit_common:/opt/ros/humble LD_LIBRARY_PATH=/home/kush/UR5_Project_New/install/pilz_industrial_motion_planner/lib:/home/kush/UR5_Project_New/install/moveit_ros_planning_interface/lib:/home/kush/UR5_Project_New/install/moveit_ros_move_group/lib:/home/kush/UR5_Project_New/install/moveit_ros_warehouse/lib:/home/kush/UR5_Project_New/install/moveit_planners_ompl/lib:/home/kush/UR5_Project_New/install/moveit_kinematics/lib:/home/kush/UR5_Project_New/install/moveit_ros_planning/lib:/home/kush/UR5_Project_New/install/moveit_ros_occupancy_map_monitor/lib:/home/kush/UR5_Project_New/install/moveit_core/lib:/home/kush/UR5_Project_New/install/rviz_marker_tools/lib:/home/kush/UR5_Project_New/install/srdfdom/lib:/home/kush/UR5_Project_New/install/moveit_task_constructor_msgs/lib:${LD_LIBRARY_PATH} PATH=/home/kush/UR5_Project_New/install/moveit_core/bin:${PATH} PYTHONPATH=/home/kush/UR5_Project_New/install/moveit_configs_utils/lib/python3.10/site-packages:/home/kush/UR5_Project_New/install/srdfdom/local/lib/python3.10/dist-packages:/home/kush/UR5_Project_New/install/moveit_task_constructor_msgs/local/lib/python3.10/dist-packages:/home/kush/UR5_Project_New/install/launch_param_builder/lib/python3.10/site-packages:${PYTHONPATH} /usr/bin/cmake --install /home/kush/UR5_Project_New/build/moveit_task_constructor_core
