[0.094s] Invoking command in '/home/kush/UR5_Project_New/build/moveit_common': CMAKE_PREFIX_PATH=/opt/ros/humble /usr/bin/cmake --build /home/kush/UR5_Project_New/build/moveit_common -- -j4 -l4
[0.683s] Invoked command in '/home/kush/UR5_Project_New/build/moveit_common' returned '0': CMAKE_PREFIX_PATH=/opt/ros/humble /usr/bin/cmake --build /home/kush/UR5_Project_New/build/moveit_common -- -j4 -l4
[0.750s] Invoking command in '/home/kush/UR5_Project_New/build/moveit_common': CMAKE_PREFIX_PATH=/opt/ros/humble /usr/bin/cmake --install /home/kush/UR5_Project_New/build/moveit_common
[0.762s] -- Install configuration: "Release"
[0.764s] -- Up-to-date: /home/kush/UR5_Project_New/install/moveit_common/share/ament_index/resource_index/package_run_dependencies/moveit_common
[0.765s] -- Up-to-date: /home/kush/UR5_Project_New/install/moveit_common/share/ament_index/resource_index/parent_prefix_path/moveit_common
[0.765s] -- Up-to-date: /home/kush/UR5_Project_New/install/moveit_common/share/moveit_common/environment/ament_prefix_path.sh
[0.767s] -- Up-to-date: /home/kush/UR5_Project_New/install/moveit_common/share/moveit_common/environment/ament_prefix_path.dsv
[0.767s] -- Up-to-date: /home/kush/UR5_Project_New/install/moveit_common/share/moveit_common/environment/path.sh
[0.768s] -- Up-to-date: /home/kush/UR5_Project_New/install/moveit_common/share/moveit_common/environment/path.dsv
[0.768s] -- Up-to-date: /home/kush/UR5_Project_New/install/moveit_common/share/moveit_common/local_setup.bash
[0.768s] -- Up-to-date: /home/kush/UR5_Project_New/install/moveit_common/share/moveit_common/local_setup.sh
[0.768s] -- Up-to-date: /home/kush/UR5_Project_New/install/moveit_common/share/moveit_common/local_setup.zsh
[0.768s] -- Up-to-date: /home/kush/UR5_Project_New/install/moveit_common/share/moveit_common/local_setup.dsv
[0.768s] -- Installing: /home/kush/UR5_Project_New/install/moveit_common/share/moveit_common/package.dsv
[0.769s] -- Up-to-date: /home/kush/UR5_Project_New/install/moveit_common/share/ament_index/resource_index/packages/moveit_common
[0.769s] -- Up-to-date: /home/kush/UR5_Project_New/install/moveit_common/share/moveit_common/cmake/moveit_common-extras.cmake
[0.769s] -- Up-to-date: /home/kush/UR5_Project_New/install/moveit_common/share/moveit_common/cmake/moveit_commonConfig.cmake
[0.769s] -- Up-to-date: /home/kush/UR5_Project_New/install/moveit_common/share/moveit_common/cmake/moveit_commonConfig-version.cmake
[0.769s] -- Up-to-date: /home/kush/UR5_Project_New/install/moveit_common/share/moveit_common/package.xml
[0.769s] -- Up-to-date: /home/kush/UR5_Project_New/install/moveit_common/share/moveit_common/cmake
[0.770s] -- Up-to-date: /home/kush/UR5_Project_New/install/moveit_common/share/moveit_common/cmake/moveit_package.cmake
[0.775s] Invoked command in '/home/kush/UR5_Project_New/build/moveit_common' returned '0': CMAKE_PREFIX_PATH=/opt/ros/humble /usr/bin/cmake --install /home/kush/UR5_Project_New/build/moveit_common
