[0.067s] Invoking command in '/home/kush/UR5_Project_New/build/moveit_task_constructor_msgs': CMAKE_PREFIX_PATH=/opt/ros/humble /usr/bin/cmake /home/kush/UR5_Project_New/src/moveit_task_constructor/msgs -DCMAKE_INSTALL_PREFIX=/home/kush/UR5_Project_New/install/moveit_task_constructor_msgs
[0.451s] -- Found ament_cmake: 1.3.5 (/opt/ros/humble/share/ament_cmake/cmake)
[0.897s] -- Found builtin_interfaces: 1.2.1 (/opt/ros/humble/share/builtin_interfaces/cmake)
[1.703s] -- Found rosidl_generator_c: 3.1.5 (/opt/ros/humble/share/rosidl_generator_c/cmake)
[1.765s] -- Found rosidl_adapter: 3.1.5 (/opt/ros/humble/share/rosidl_adapter/cmake)
[2.068s] -- Found rosidl_generator_cpp: 3.1.5 (/opt/ros/humble/share/rosidl_generator_cpp/cmake)
[2.555s] -- Using all available rosidl_typesupport_c: rosidl_typesupport_fastrtps_c;rosidl_typesupport_introspection_c
[2.952s] -- Using all available rosidl_typesupport_cpp: rosidl_typesupport_fastrtps_cpp;rosidl_typesupport_introspection_cpp
[3.627s] -- Found moveit_msgs: 2.2.1 (/opt/ros/humble/share/moveit_msgs/cmake)
[12.087s] -- Found rosidl_default_generators: 1.2.0 (/opt/ros/humble/share/rosidl_default_generators/cmake)
[12.211s] -- Found visualization_msgs: 4.2.3 (/opt/ros/humble/share/visualization_msgs/cmake)
[15.827s] -- Found ament_cmake_ros: 0.10.0 (/opt/ros/humble/share/ament_cmake_ros/cmake)
[17.669s] -- Using all available rosidl_typesupport_c: rosidl_typesupport_fastrtps_c;rosidl_typesupport_introspection_c
[18.153s] -- Using all available rosidl_typesupport_cpp: rosidl_typesupport_fastrtps_cpp;rosidl_typesupport_introspection_cpp
[18.202s] -- Found python_cmake_module: 0.10.0 (/opt/ros/humble/share/python_cmake_module/cmake)
[18.243s] -- Using PYTHON_EXECUTABLE: /usr/bin/python3
[18.243s] -- Using PYTHON_INCLUDE_DIRS: /usr/include/python3.10
[18.243s] -- Using PYTHON_LIBRARIES: /usr/lib/x86_64-linux-gnu/libpython3.10.so
[19.170s] -- Configuring done
[21.436s] -- Generating done
[21.479s] -- Build files have been written to: /home/kush/UR5_Project_New/build/moveit_task_constructor_msgs
[21.505s] Invoked command in '/home/kush/UR5_Project_New/build/moveit_task_constructor_msgs' returned '0': CMAKE_PREFIX_PATH=/opt/ros/humble /usr/bin/cmake /home/kush/UR5_Project_New/src/moveit_task_constructor/msgs -DCMAKE_INSTALL_PREFIX=/home/kush/UR5_Project_New/install/moveit_task_constructor_msgs
[21.506s] Invoking command in '/home/kush/UR5_Project_New/build/moveit_task_constructor_msgs': CMAKE_PREFIX_PATH=/opt/ros/humble /usr/bin/cmake --build /home/kush/UR5_Project_New/build/moveit_task_constructor_msgs -- -j4 -l4
[21.641s] [  0%] Built target moveit_task_constructor_msgs__cpp
[22.775s] [  0%] Built target ament_cmake_python_copy_moveit_task_constructor_msgs
[23.147s] [35m[1mConsolidate compiler generated dependencies of target moveit_task_constructor_msgs__rosidl_typesupport_fastrtps_cpp[0m
[23.949s] [ 11%] Built target moveit_task_constructor_msgs__rosidl_typesupport_fastrtps_cpp
[24.162s] [35m[1mConsolidate compiler generated dependencies of target moveit_task_constructor_msgs__rosidl_typesupport_introspection_cpp[0m
[24.209s] [ 23%] Built target moveit_task_constructor_msgs__rosidl_typesupport_introspection_cpp
[24.810s] running egg_info
[24.812s] writing moveit_task_constructor_msgs.egg-info/PKG-INFO
[24.813s] writing dependency_links to moveit_task_constructor_msgs.egg-info/dependency_links.txt
[24.813s] writing top-level names to moveit_task_constructor_msgs.egg-info/top_level.txt
[24.821s] reading manifest file 'moveit_task_constructor_msgs.egg-info/SOURCES.txt'
[24.866s] writing manifest file 'moveit_task_constructor_msgs.egg-info/SOURCES.txt'
[24.942s] [ 23%] Built target ament_cmake_python_build_moveit_task_constructor_msgs_egg
[25.151s] [35m[1mConsolidate compiler generated dependencies of target moveit_task_constructor_msgs__rosidl_typesupport_cpp[0m
[25.246s] [ 35%] Built target moveit_task_constructor_msgs__rosidl_typesupport_cpp
[25.621s] [35m[1mConsolidate compiler generated dependencies of target moveit_task_constructor_msgs__rosidl_generator_c[0m
[26.073s] [ 47%] Built target moveit_task_constructor_msgs__rosidl_generator_c
[26.493s] [35m[1mConsolidate compiler generated dependencies of target moveit_task_constructor_msgs__rosidl_typesupport_fastrtps_c[0m
[26.572s] [ 59%] Built target moveit_task_constructor_msgs__rosidl_typesupport_fastrtps_c
[26.770s] [35m[1mConsolidate compiler generated dependencies of target moveit_task_constructor_msgs__rosidl_typesupport_c[0m
[26.803s] [ 71%] Built target moveit_task_constructor_msgs__rosidl_typesupport_c
[27.085s] [35m[1mConsolidate compiler generated dependencies of target moveit_task_constructor_msgs__rosidl_typesupport_introspection_c[0m
[27.191s] [ 83%] Built target moveit_task_constructor_msgs__rosidl_typesupport_introspection_c
[27.293s] [ 83%] Built target moveit_task_constructor_msgs
[27.391s] [ 84%] Built target moveit_task_constructor_msgs__py
[27.713s] [35m[1mConsolidate compiler generated dependencies of target moveit_task_constructor_msgs__rosidl_generator_py[0m
[27.769s] [ 95%] Built target moveit_task_constructor_msgs__rosidl_generator_py
[27.840s] [35m[1mConsolidate compiler generated dependencies of target moveit_task_constructor_msgs__rosidl_typesupport_fastrtps_c__pyext[0m
[27.862s] [ 97%] Built target moveit_task_constructor_msgs__rosidl_typesupport_fastrtps_c__pyext
[27.897s] [35m[1mConsolidate compiler generated dependencies of target moveit_task_constructor_msgs__rosidl_typesupport_c__pyext[0m
[27.921s] [ 98%] Built target moveit_task_constructor_msgs__rosidl_typesupport_c__pyext
[27.965s] [35m[1mConsolidate compiler generated dependencies of target moveit_task_constructor_msgs__rosidl_typesupport_introspection_c__pyext[0m
[28.003s] [100%] Built target moveit_task_constructor_msgs__rosidl_typesupport_introspection_c__pyext
[28.043s] Invoked command in '/home/kush/UR5_Project_New/build/moveit_task_constructor_msgs' returned '0': CMAKE_PREFIX_PATH=/opt/ros/humble /usr/bin/cmake --build /home/kush/UR5_Project_New/build/moveit_task_constructor_msgs -- -j4 -l4
[28.556s] Invoking command in '/home/kush/UR5_Project_New/build/moveit_task_constructor_msgs': CMAKE_PREFIX_PATH=/opt/ros/humble /usr/bin/cmake --install /home/kush/UR5_Project_New/build/moveit_task_constructor_msgs
[28.580s] -- Install configuration: "Release"
[28.581s] -- Up-to-date: /home/kush/UR5_Project_New/install/moveit_task_constructor_msgs/share/ament_index/resource_index/rosidl_interfaces/moveit_task_constructor_msgs
[28.581s] -- Up-to-date: /home/kush/UR5_Project_New/install/moveit_task_constructor_msgs/include/moveit_task_constructor_msgs/moveit_task_constructor_msgs
[28.582s] -- Up-to-date: /home/kush/UR5_Project_New/install/moveit_task_constructor_msgs/include/moveit_task_constructor_msgs/moveit_task_constructor_msgs/srv
[28.582s] -- Up-to-date: /home/kush/UR5_Project_New/install/moveit_task_constructor_msgs/include/moveit_task_constructor_msgs/moveit_task_constructor_msgs/srv/detail
[28.582s] -- Up-to-date: /home/kush/UR5_Project_New/install/moveit_task_constructor_msgs/include/moveit_task_constructor_msgs/moveit_task_constructor_msgs/srv/detail/get_solution__functions.c
[28.583s] -- Up-to-date: /home/kush/UR5_Project_New/install/moveit_task_constructor_msgs/include/moveit_task_constructor_msgs/moveit_task_constructor_msgs/srv/detail/get_solution__type_support.h
[28.583s] -- Up-to-date: /home/kush/UR5_Project_New/install/moveit_task_constructor_msgs/include/moveit_task_constructor_msgs/moveit_task_constructor_msgs/srv/detail/get_solution__functions.h
[28.583s] -- Up-to-date: /home/kush/UR5_Project_New/install/moveit_task_constructor_msgs/include/moveit_task_constructor_msgs/moveit_task_constructor_msgs/srv/detail/get_solution__struct.h
[28.583s] -- Up-to-date: /home/kush/UR5_Project_New/install/moveit_task_constructor_msgs/include/moveit_task_constructor_msgs/moveit_task_constructor_msgs/srv/get_solution.h
[28.584s] -- Up-to-date: /home/kush/UR5_Project_New/install/moveit_task_constructor_msgs/include/moveit_task_constructor_msgs/moveit_task_constructor_msgs/msg
[28.584s] -- Up-to-date: /home/kush/UR5_Project_New/install/moveit_task_constructor_msgs/include/moveit_task_constructor_msgs/moveit_task_constructor_msgs/msg/rosidl_generator_c__visibility_control.h
[28.584s] -- Up-to-date: /home/kush/UR5_Project_New/install/moveit_task_constructor_msgs/include/moveit_task_constructor_msgs/moveit_task_constructor_msgs/msg/property.h
[28.584s] -- Up-to-date: /home/kush/UR5_Project_New/install/moveit_task_constructor_msgs/include/moveit_task_constructor_msgs/moveit_task_constructor_msgs/msg/task_description.h
[28.584s] -- Up-to-date: /home/kush/UR5_Project_New/install/moveit_task_constructor_msgs/include/moveit_task_constructor_msgs/moveit_task_constructor_msgs/msg/solution.h
[28.584s] -- Up-to-date: /home/kush/UR5_Project_New/install/moveit_task_constructor_msgs/include/moveit_task_constructor_msgs/moveit_task_constructor_msgs/msg/solution_info.h
[28.584s] -- Up-to-date: /home/kush/UR5_Project_New/install/moveit_task_constructor_msgs/include/moveit_task_constructor_msgs/moveit_task_constructor_msgs/msg/stage_statistics.h
[28.584s] -- Up-to-date: /home/kush/UR5_Project_New/install/moveit_task_constructor_msgs/include/moveit_task_constructor_msgs/moveit_task_constructor_msgs/msg/sub_solution.h
[28.584s] -- Up-to-date: /home/kush/UR5_Project_New/install/moveit_task_constructor_msgs/include/moveit_task_constructor_msgs/moveit_task_constructor_msgs/msg/task_statistics.h
[28.585s] -- Up-to-date: /home/kush/UR5_Project_New/install/moveit_task_constructor_msgs/include/moveit_task_constructor_msgs/moveit_task_constructor_msgs/msg/sub_trajectory.h
[28.585s] -- Up-to-date: /home/kush/UR5_Project_New/install/moveit_task_constructor_msgs/include/moveit_task_constructor_msgs/moveit_task_constructor_msgs/msg/detail
[28.585s] -- Up-to-date: /home/kush/UR5_Project_New/install/moveit_task_constructor_msgs/include/moveit_task_constructor_msgs/moveit_task_constructor_msgs/msg/detail/stage_statistics__functions.c
[28.585s] -- Up-to-date: /home/kush/UR5_Project_New/install/moveit_task_constructor_msgs/include/moveit_task_constructor_msgs/moveit_task_constructor_msgs/msg/detail/task_description__functions.c
[28.585s] -- Up-to-date: /home/kush/UR5_Project_New/install/moveit_task_constructor_msgs/include/moveit_task_constructor_msgs/moveit_task_constructor_msgs/msg/detail/stage_statistics__struct.h
[28.585s] -- Up-to-date: /home/kush/UR5_Project_New/install/moveit_task_constructor_msgs/include/moveit_task_constructor_msgs/moveit_task_constructor_msgs/msg/detail/solution__struct.h
[28.585s] -- Up-to-date: /home/kush/UR5_Project_New/install/moveit_task_constructor_msgs/include/moveit_task_constructor_msgs/moveit_task_constructor_msgs/msg/detail/solution__functions.c
[28.585s] -- Up-to-date: /home/kush/UR5_Project_New/install/moveit_task_constructor_msgs/include/moveit_task_constructor_msgs/moveit_task_constructor_msgs/msg/detail/sub_trajectory__struct.h
[28.585s] -- Up-to-date: /home/kush/UR5_Project_New/install/moveit_task_constructor_msgs/include/moveit_task_constructor_msgs/moveit_task_constructor_msgs/msg/detail/solution_info__functions.h
[28.585s] -- Up-to-date: /home/kush/UR5_Project_New/install/moveit_task_constructor_msgs/include/moveit_task_constructor_msgs/moveit_task_constructor_msgs/msg/detail/sub_trajectory__type_support.h
[28.585s] -- Up-to-date: /home/kush/UR5_Project_New/install/moveit_task_constructor_msgs/include/moveit_task_constructor_msgs/moveit_task_constructor_msgs/msg/detail/stage_description__functions.c
[28.586s] -- Up-to-date: /home/kush/UR5_Project_New/install/moveit_task_constructor_msgs/include/moveit_task_constructor_msgs/moveit_task_constructor_msgs/msg/detail/sub_trajectory__functions.c
[28.586s] -- Up-to-date: /home/kush/UR5_Project_New/install/moveit_task_constructor_msgs/include/moveit_task_constructor_msgs/moveit_task_constructor_msgs/msg/detail/sub_solution__functions.h
[28.586s] -- Up-to-date: /home/kush/UR5_Project_New/install/moveit_task_constructor_msgs/include/moveit_task_constructor_msgs/moveit_task_constructor_msgs/msg/detail/task_description__type_support.h
[28.586s] -- Up-to-date: /home/kush/UR5_Project_New/install/moveit_task_constructor_msgs/include/moveit_task_constructor_msgs/moveit_task_constructor_msgs/msg/detail/task_statistics__functions.h
[28.586s] -- Up-to-date: /home/kush/UR5_Project_New/install/moveit_task_constructor_msgs/include/moveit_task_constructor_msgs/moveit_task_constructor_msgs/msg/detail/property__type_support.h
[28.586s] -- Up-to-date: /home/kush/UR5_Project_New/install/moveit_task_constructor_msgs/include/moveit_task_constructor_msgs/moveit_task_constructor_msgs/msg/detail/sub_solution__struct.h
[28.586s] -- Up-to-date: /home/kush/UR5_Project_New/install/moveit_task_constructor_msgs/include/moveit_task_constructor_msgs/moveit_task_constructor_msgs/msg/detail/task_description__struct.h
[28.586s] -- Up-to-date: /home/kush/UR5_Project_New/install/moveit_task_constructor_msgs/include/moveit_task_constructor_msgs/moveit_task_constructor_msgs/msg/detail/sub_solution__type_support.h
[28.586s] -- Up-to-date: /home/kush/UR5_Project_New/install/moveit_task_constructor_msgs/include/moveit_task_constructor_msgs/moveit_task_constructor_msgs/msg/detail/task_description__functions.h
[28.586s] -- Up-to-date: /home/kush/UR5_Project_New/install/moveit_task_constructor_msgs/include/moveit_task_constructor_msgs/moveit_task_constructor_msgs/msg/detail/solution_info__struct.h
[28.587s] -- Up-to-date: /home/kush/UR5_Project_New/install/moveit_task_constructor_msgs/include/moveit_task_constructor_msgs/moveit_task_constructor_msgs/msg/detail/task_statistics__struct.h
[28.587s] -- Up-to-date: /home/kush/UR5_Project_New/install/moveit_task_constructor_msgs/include/moveit_task_constructor_msgs/moveit_task_constructor_msgs/msg/detail/stage_description__type_support.h
[28.587s] -- Up-to-date: /home/kush/UR5_Project_New/install/moveit_task_constructor_msgs/include/moveit_task_constructor_msgs/moveit_task_constructor_msgs/msg/detail/stage_description__functions.h
[28.587s] -- Up-to-date: /home/kush/UR5_Project_New/install/moveit_task_constructor_msgs/include/moveit_task_constructor_msgs/moveit_task_constructor_msgs/msg/detail/sub_solution__functions.c
[28.587s] -- Up-to-date: /home/kush/UR5_Project_New/install/moveit_task_constructor_msgs/include/moveit_task_constructor_msgs/moveit_task_constructor_msgs/msg/detail/stage_statistics__functions.h
[28.587s] -- Up-to-date: /home/kush/UR5_Project_New/install/moveit_task_constructor_msgs/include/moveit_task_constructor_msgs/moveit_task_constructor_msgs/msg/detail/property__functions.c
[28.587s] -- Up-to-date: /home/kush/UR5_Project_New/install/moveit_task_constructor_msgs/include/moveit_task_constructor_msgs/moveit_task_constructor_msgs/msg/detail/task_statistics__functions.c
[28.587s] -- Up-to-date: /home/kush/UR5_Project_New/install/moveit_task_constructor_msgs/include/moveit_task_constructor_msgs/moveit_task_constructor_msgs/msg/detail/solution__functions.h
[28.587s] -- Up-to-date: /home/kush/UR5_Project_New/install/moveit_task_constructor_msgs/include/moveit_task_constructor_msgs/moveit_task_constructor_msgs/msg/detail/task_statistics__type_support.h
[28.587s] -- Up-to-date: /home/kush/UR5_Project_New/install/moveit_task_constructor_msgs/include/moveit_task_constructor_msgs/moveit_task_constructor_msgs/msg/detail/sub_trajectory__functions.h
[28.587s] -- Up-to-date: /home/kush/UR5_Project_New/install/moveit_task_constructor_msgs/include/moveit_task_constructor_msgs/moveit_task_constructor_msgs/msg/detail/solution_info__type_support.h
[28.588s] -- Up-to-date: /home/kush/UR5_Project_New/install/moveit_task_constructor_msgs/include/moveit_task_constructor_msgs/moveit_task_constructor_msgs/msg/detail/solution_info__functions.c
[28.588s] -- Up-to-date: /home/kush/UR5_Project_New/install/moveit_task_constructor_msgs/include/moveit_task_constructor_msgs/moveit_task_constructor_msgs/msg/detail/property__struct.h
[28.588s] -- Up-to-date: /home/kush/UR5_Project_New/install/moveit_task_constructor_msgs/include/moveit_task_constructor_msgs/moveit_task_constructor_msgs/msg/detail/stage_statistics__type_support.h
[28.588s] -- Up-to-date: /home/kush/UR5_Project_New/install/moveit_task_constructor_msgs/include/moveit_task_constructor_msgs/moveit_task_constructor_msgs/msg/detail/solution__type_support.h
[28.588s] -- Up-to-date: /home/kush/UR5_Project_New/install/moveit_task_constructor_msgs/include/moveit_task_constructor_msgs/moveit_task_constructor_msgs/msg/detail/stage_description__struct.h
[28.588s] -- Up-to-date: /home/kush/UR5_Project_New/install/moveit_task_constructor_msgs/include/moveit_task_constructor_msgs/moveit_task_constructor_msgs/msg/detail/property__functions.h
[28.588s] -- Up-to-date: /home/kush/UR5_Project_New/install/moveit_task_constructor_msgs/include/moveit_task_constructor_msgs/moveit_task_constructor_msgs/msg/stage_description.h
[28.588s] -- Up-to-date: /home/kush/UR5_Project_New/install/moveit_task_constructor_msgs/include/moveit_task_constructor_msgs/moveit_task_constructor_msgs/action
[28.588s] -- Up-to-date: /home/kush/UR5_Project_New/install/moveit_task_constructor_msgs/include/moveit_task_constructor_msgs/moveit_task_constructor_msgs/action/execute_task_solution.h
[28.588s] -- Up-to-date: /home/kush/UR5_Project_New/install/moveit_task_constructor_msgs/include/moveit_task_constructor_msgs/moveit_task_constructor_msgs/action/detail
[28.588s] -- Up-to-date: /home/kush/UR5_Project_New/install/moveit_task_constructor_msgs/include/moveit_task_constructor_msgs/moveit_task_constructor_msgs/action/detail/execute_task_solution__functions.h
[28.589s] -- Up-to-date: /home/kush/UR5_Project_New/install/moveit_task_constructor_msgs/include/moveit_task_constructor_msgs/moveit_task_constructor_msgs/action/detail/execute_task_solution__type_support.h
[28.589s] -- Up-to-date: /home/kush/UR5_Project_New/install/moveit_task_constructor_msgs/include/moveit_task_constructor_msgs/moveit_task_constructor_msgs/action/detail/execute_task_solution__functions.c
[28.589s] -- Up-to-date: /home/kush/UR5_Project_New/install/moveit_task_constructor_msgs/include/moveit_task_constructor_msgs/moveit_task_constructor_msgs/action/detail/execute_task_solution__struct.h
[28.589s] -- Up-to-date: /home/kush/UR5_Project_New/install/moveit_task_constructor_msgs/share/moveit_task_constructor_msgs/environment/library_path.sh
[28.589s] -- Installing: /home/kush/UR5_Project_New/install/moveit_task_constructor_msgs/share/moveit_task_constructor_msgs/environment/library_path.dsv
[28.743s] -- Up-to-date: /home/kush/UR5_Project_New/install/moveit_task_constructor_msgs/lib/libmoveit_task_constructor_msgs__rosidl_generator_c.so
[28.744s] -- Up-to-date: /home/kush/UR5_Project_New/install/moveit_task_constructor_msgs/include/moveit_task_constructor_msgs/moveit_task_constructor_msgs
[28.744s] -- Up-to-date: /home/kush/UR5_Project_New/install/moveit_task_constructor_msgs/include/moveit_task_constructor_msgs/moveit_task_constructor_msgs/srv
[28.744s] -- Up-to-date: /home/kush/UR5_Project_New/install/moveit_task_constructor_msgs/include/moveit_task_constructor_msgs/moveit_task_constructor_msgs/srv/detail
[28.744s] -- Up-to-date: /home/kush/UR5_Project_New/install/moveit_task_constructor_msgs/include/moveit_task_constructor_msgs/moveit_task_constructor_msgs/srv/detail/get_solution__rosidl_typesupport_fastrtps_c.h
[28.745s] -- Up-to-date: /home/kush/UR5_Project_New/install/moveit_task_constructor_msgs/include/moveit_task_constructor_msgs/moveit_task_constructor_msgs/msg
[28.745s] -- Up-to-date: /home/kush/UR5_Project_New/install/moveit_task_constructor_msgs/include/moveit_task_constructor_msgs/moveit_task_constructor_msgs/msg/rosidl_typesupport_fastrtps_c__visibility_control.h
[28.745s] -- Up-to-date: /home/kush/UR5_Project_New/install/moveit_task_constructor_msgs/include/moveit_task_constructor_msgs/moveit_task_constructor_msgs/msg/detail
[28.745s] -- Up-to-date: /home/kush/UR5_Project_New/install/moveit_task_constructor_msgs/include/moveit_task_constructor_msgs/moveit_task_constructor_msgs/msg/detail/sub_solution__rosidl_typesupport_fastrtps_c.h
[28.745s] -- Up-to-date: /home/kush/UR5_Project_New/install/moveit_task_constructor_msgs/include/moveit_task_constructor_msgs/moveit_task_constructor_msgs/msg/detail/sub_trajectory__rosidl_typesupport_fastrtps_c.h
[28.745s] -- Up-to-date: /home/kush/UR5_Project_New/install/moveit_task_constructor_msgs/include/moveit_task_constructor_msgs/moveit_task_constructor_msgs/msg/detail/property__rosidl_typesupport_fastrtps_c.h
[28.745s] -- Up-to-date: /home/kush/UR5_Project_New/install/moveit_task_constructor_msgs/include/moveit_task_constructor_msgs/moveit_task_constructor_msgs/msg/detail/solution_info__rosidl_typesupport_fastrtps_c.h
[28.745s] -- Up-to-date: /home/kush/UR5_Project_New/install/moveit_task_constructor_msgs/include/moveit_task_constructor_msgs/moveit_task_constructor_msgs/msg/detail/solution__rosidl_typesupport_fastrtps_c.h
[28.745s] -- Up-to-date: /home/kush/UR5_Project_New/install/moveit_task_constructor_msgs/include/moveit_task_constructor_msgs/moveit_task_constructor_msgs/msg/detail/stage_statistics__rosidl_typesupport_fastrtps_c.h
[28.745s] -- Up-to-date: /home/kush/UR5_Project_New/install/moveit_task_constructor_msgs/include/moveit_task_constructor_msgs/moveit_task_constructor_msgs/msg/detail/stage_description__rosidl_typesupport_fastrtps_c.h
[28.746s] -- Up-to-date: /home/kush/UR5_Project_New/install/moveit_task_constructor_msgs/include/moveit_task_constructor_msgs/moveit_task_constructor_msgs/msg/detail/task_statistics__rosidl_typesupport_fastrtps_c.h
[28.746s] -- Up-to-date: /home/kush/UR5_Project_New/install/moveit_task_constructor_msgs/include/moveit_task_constructor_msgs/moveit_task_constructor_msgs/msg/detail/task_description__rosidl_typesupport_fastrtps_c.h
[28.746s] -- Up-to-date: /home/kush/UR5_Project_New/install/moveit_task_constructor_msgs/include/moveit_task_constructor_msgs/moveit_task_constructor_msgs/action
[28.746s] -- Up-to-date: /home/kush/UR5_Project_New/install/moveit_task_constructor_msgs/include/moveit_task_constructor_msgs/moveit_task_constructor_msgs/action/detail
[28.746s] -- Up-to-date: /home/kush/UR5_Project_New/install/moveit_task_constructor_msgs/include/moveit_task_constructor_msgs/moveit_task_constructor_msgs/action/detail/execute_task_solution__rosidl_typesupport_fastrtps_c.h
[28.780s] -- Up-to-date: /home/kush/UR5_Project_New/install/moveit_task_constructor_msgs/lib/libmoveit_task_constructor_msgs__rosidl_typesupport_fastrtps_c.so
[28.781s] -- Up-to-date: /home/kush/UR5_Project_New/install/moveit_task_constructor_msgs/include/moveit_task_constructor_msgs/moveit_task_constructor_msgs
[28.781s] -- Up-to-date: /home/kush/UR5_Project_New/install/moveit_task_constructor_msgs/include/moveit_task_constructor_msgs/moveit_task_constructor_msgs/srv
[28.782s] -- Up-to-date: /home/kush/UR5_Project_New/install/moveit_task_constructor_msgs/include/moveit_task_constructor_msgs/moveit_task_constructor_msgs/srv/get_solution.hpp
[28.782s] -- Up-to-date: /home/kush/UR5_Project_New/install/moveit_task_constructor_msgs/include/moveit_task_constructor_msgs/moveit_task_constructor_msgs/srv/detail
[28.782s] -- Up-to-date: /home/kush/UR5_Project_New/install/moveit_task_constructor_msgs/include/moveit_task_constructor_msgs/moveit_task_constructor_msgs/srv/detail/get_solution__traits.hpp
[28.783s] -- Up-to-date: /home/kush/UR5_Project_New/install/moveit_task_constructor_msgs/include/moveit_task_constructor_msgs/moveit_task_constructor_msgs/srv/detail/get_solution__struct.hpp
[28.783s] -- Up-to-date: /home/kush/UR5_Project_New/install/moveit_task_constructor_msgs/include/moveit_task_constructor_msgs/moveit_task_constructor_msgs/srv/detail/get_solution__builder.hpp
[28.783s] -- Up-to-date: /home/kush/UR5_Project_New/install/moveit_task_constructor_msgs/include/moveit_task_constructor_msgs/moveit_task_constructor_msgs/msg
[28.783s] -- Up-to-date: /home/kush/UR5_Project_New/install/moveit_task_constructor_msgs/include/moveit_task_constructor_msgs/moveit_task_constructor_msgs/msg/task_statistics.hpp
[28.784s] -- Up-to-date: /home/kush/UR5_Project_New/install/moveit_task_constructor_msgs/include/moveit_task_constructor_msgs/moveit_task_constructor_msgs/msg/stage_statistics.hpp
[28.784s] -- Up-to-date: /home/kush/UR5_Project_New/install/moveit_task_constructor_msgs/include/moveit_task_constructor_msgs/moveit_task_constructor_msgs/msg/task_description.hpp
[28.784s] -- Up-to-date: /home/kush/UR5_Project_New/install/moveit_task_constructor_msgs/include/moveit_task_constructor_msgs/moveit_task_constructor_msgs/msg/sub_solution.hpp
[28.785s] -- Up-to-date: /home/kush/UR5_Project_New/install/moveit_task_constructor_msgs/include/moveit_task_constructor_msgs/moveit_task_constructor_msgs/msg/stage_description.hpp
[28.785s] -- Up-to-date: /home/kush/UR5_Project_New/install/moveit_task_constructor_msgs/include/moveit_task_constructor_msgs/moveit_task_constructor_msgs/msg/solution_info.hpp
[28.785s] -- Up-to-date: /home/kush/UR5_Project_New/install/moveit_task_constructor_msgs/include/moveit_task_constructor_msgs/moveit_task_constructor_msgs/msg/solution.hpp
[28.785s] -- Up-to-date: /home/kush/UR5_Project_New/install/moveit_task_constructor_msgs/include/moveit_task_constructor_msgs/moveit_task_constructor_msgs/msg/sub_trajectory.hpp
[28.785s] -- Up-to-date: /home/kush/UR5_Project_New/install/moveit_task_constructor_msgs/include/moveit_task_constructor_msgs/moveit_task_constructor_msgs/msg/detail
[28.785s] -- Up-to-date: /home/kush/UR5_Project_New/install/moveit_task_constructor_msgs/include/moveit_task_constructor_msgs/moveit_task_constructor_msgs/msg/detail/stage_statistics__traits.hpp
[28.785s] -- Up-to-date: /home/kush/UR5_Project_New/install/moveit_task_constructor_msgs/include/moveit_task_constructor_msgs/moveit_task_constructor_msgs/msg/detail/task_description__traits.hpp
[28.785s] -- Up-to-date: /home/kush/UR5_Project_New/install/moveit_task_constructor_msgs/include/moveit_task_constructor_msgs/moveit_task_constructor_msgs/msg/detail/task_statistics__builder.hpp
[28.785s] -- Up-to-date: /home/kush/UR5_Project_New/install/moveit_task_constructor_msgs/include/moveit_task_constructor_msgs/moveit_task_constructor_msgs/msg/detail/task_description__struct.hpp
[28.786s] -- Up-to-date: /home/kush/UR5_Project_New/install/moveit_task_constructor_msgs/include/moveit_task_constructor_msgs/moveit_task_constructor_msgs/msg/detail/task_description__builder.hpp
[28.786s] -- Up-to-date: /home/kush/UR5_Project_New/install/moveit_task_constructor_msgs/include/moveit_task_constructor_msgs/moveit_task_constructor_msgs/msg/detail/stage_description__builder.hpp
[28.786s] -- Up-to-date: /home/kush/UR5_Project_New/install/moveit_task_constructor_msgs/include/moveit_task_constructor_msgs/moveit_task_constructor_msgs/msg/detail/sub_solution__struct.hpp
[28.786s] -- Up-to-date: /home/kush/UR5_Project_New/install/moveit_task_constructor_msgs/include/moveit_task_constructor_msgs/moveit_task_constructor_msgs/msg/detail/solution__struct.hpp
[28.786s] -- Up-to-date: /home/kush/UR5_Project_New/install/moveit_task_constructor_msgs/include/moveit_task_constructor_msgs/moveit_task_constructor_msgs/msg/detail/solution_info__traits.hpp
[28.786s] -- Up-to-date: /home/kush/UR5_Project_New/install/moveit_task_constructor_msgs/include/moveit_task_constructor_msgs/moveit_task_constructor_msgs/msg/detail/solution__builder.hpp
[28.786s] -- Up-to-date: /home/kush/UR5_Project_New/install/moveit_task_constructor_msgs/include/moveit_task_constructor_msgs/moveit_task_constructor_msgs/msg/detail/property__struct.hpp
[28.786s] -- Up-to-date: /home/kush/UR5_Project_New/install/moveit_task_constructor_msgs/include/moveit_task_constructor_msgs/moveit_task_constructor_msgs/msg/detail/sub_trajectory__struct.hpp
[28.786s] -- Up-to-date: /home/kush/UR5_Project_New/install/moveit_task_constructor_msgs/include/moveit_task_constructor_msgs/moveit_task_constructor_msgs/msg/detail/sub_trajectory__builder.hpp
[28.786s] -- Up-to-date: /home/kush/UR5_Project_New/install/moveit_task_constructor_msgs/include/moveit_task_constructor_msgs/moveit_task_constructor_msgs/msg/detail/property__builder.hpp
[28.786s] -- Up-to-date: /home/kush/UR5_Project_New/install/moveit_task_constructor_msgs/include/moveit_task_constructor_msgs/moveit_task_constructor_msgs/msg/detail/stage_statistics__builder.hpp
[28.787s] -- Up-to-date: /home/kush/UR5_Project_New/install/moveit_task_constructor_msgs/include/moveit_task_constructor_msgs/moveit_task_constructor_msgs/msg/detail/solution__traits.hpp
[28.787s] -- Up-to-date: /home/kush/UR5_Project_New/install/moveit_task_constructor_msgs/include/moveit_task_constructor_msgs/moveit_task_constructor_msgs/msg/detail/stage_statistics__struct.hpp
[28.787s] -- Up-to-date: /home/kush/UR5_Project_New/install/moveit_task_constructor_msgs/include/moveit_task_constructor_msgs/moveit_task_constructor_msgs/msg/detail/sub_solution__builder.hpp
[28.787s] -- Up-to-date: /home/kush/UR5_Project_New/install/moveit_task_constructor_msgs/include/moveit_task_constructor_msgs/moveit_task_constructor_msgs/msg/detail/solution_info__builder.hpp
[28.787s] -- Up-to-date: /home/kush/UR5_Project_New/install/moveit_task_constructor_msgs/include/moveit_task_constructor_msgs/moveit_task_constructor_msgs/msg/detail/stage_description__traits.hpp
[28.787s] -- Up-to-date: /home/kush/UR5_Project_New/install/moveit_task_constructor_msgs/include/moveit_task_constructor_msgs/moveit_task_constructor_msgs/msg/detail/sub_solution__traits.hpp
[28.787s] -- Up-to-date: /home/kush/UR5_Project_New/install/moveit_task_constructor_msgs/include/moveit_task_constructor_msgs/moveit_task_constructor_msgs/msg/detail/task_statistics__traits.hpp
[28.787s] -- Up-to-date: /home/kush/UR5_Project_New/install/moveit_task_constructor_msgs/include/moveit_task_constructor_msgs/moveit_task_constructor_msgs/msg/detail/sub_trajectory__traits.hpp
[28.787s] -- Up-to-date: /home/kush/UR5_Project_New/install/moveit_task_constructor_msgs/include/moveit_task_constructor_msgs/moveit_task_constructor_msgs/msg/detail/task_statistics__struct.hpp
[28.787s] -- Up-to-date: /home/kush/UR5_Project_New/install/moveit_task_constructor_msgs/include/moveit_task_constructor_msgs/moveit_task_constructor_msgs/msg/detail/property__traits.hpp
[28.787s] -- Up-to-date: /home/kush/UR5_Project_New/install/moveit_task_constructor_msgs/include/moveit_task_constructor_msgs/moveit_task_constructor_msgs/msg/detail/stage_description__struct.hpp
[28.788s] -- Up-to-date: /home/kush/UR5_Project_New/install/moveit_task_constructor_msgs/include/moveit_task_constructor_msgs/moveit_task_constructor_msgs/msg/detail/solution_info__struct.hpp
[28.788s] -- Up-to-date: /home/kush/UR5_Project_New/install/moveit_task_constructor_msgs/include/moveit_task_constructor_msgs/moveit_task_constructor_msgs/msg/property.hpp
[28.788s] -- Up-to-date: /home/kush/UR5_Project_New/install/moveit_task_constructor_msgs/include/moveit_task_constructor_msgs/moveit_task_constructor_msgs/action
[28.788s] -- Up-to-date: /home/kush/UR5_Project_New/install/moveit_task_constructor_msgs/include/moveit_task_constructor_msgs/moveit_task_constructor_msgs/action/execute_task_solution.hpp
[28.788s] -- Up-to-date: /home/kush/UR5_Project_New/install/moveit_task_constructor_msgs/include/moveit_task_constructor_msgs/moveit_task_constructor_msgs/action/detail
[28.788s] -- Up-to-date: /home/kush/UR5_Project_New/install/moveit_task_constructor_msgs/include/moveit_task_constructor_msgs/moveit_task_constructor_msgs/action/detail/execute_task_solution__traits.hpp
[28.788s] -- Up-to-date: /home/kush/UR5_Project_New/install/moveit_task_constructor_msgs/include/moveit_task_constructor_msgs/moveit_task_constructor_msgs/action/detail/execute_task_solution__builder.hpp
[28.788s] -- Up-to-date: /home/kush/UR5_Project_New/install/moveit_task_constructor_msgs/include/moveit_task_constructor_msgs/moveit_task_constructor_msgs/action/detail/execute_task_solution__struct.hpp
[28.788s] -- Up-to-date: /home/kush/UR5_Project_New/install/moveit_task_constructor_msgs/include/moveit_task_constructor_msgs/moveit_task_constructor_msgs
[28.788s] -- Up-to-date: /home/kush/UR5_Project_New/install/moveit_task_constructor_msgs/include/moveit_task_constructor_msgs/moveit_task_constructor_msgs/srv
[28.788s] -- Up-to-date: /home/kush/UR5_Project_New/install/moveit_task_constructor_msgs/include/moveit_task_constructor_msgs/moveit_task_constructor_msgs/srv/detail
[28.788s] -- Up-to-date: /home/kush/UR5_Project_New/install/moveit_task_constructor_msgs/include/moveit_task_constructor_msgs/moveit_task_constructor_msgs/srv/detail/get_solution__rosidl_typesupport_fastrtps_cpp.hpp
[28.789s] -- Up-to-date: /home/kush/UR5_Project_New/install/moveit_task_constructor_msgs/include/moveit_task_constructor_msgs/moveit_task_constructor_msgs/srv/detail/dds_fastrtps
[28.789s] -- Up-to-date: /home/kush/UR5_Project_New/install/moveit_task_constructor_msgs/include/moveit_task_constructor_msgs/moveit_task_constructor_msgs/msg
[28.789s] -- Up-to-date: /home/kush/UR5_Project_New/install/moveit_task_constructor_msgs/include/moveit_task_constructor_msgs/moveit_task_constructor_msgs/msg/rosidl_typesupport_fastrtps_cpp__visibility_control.h
[28.789s] -- Up-to-date: /home/kush/UR5_Project_New/install/moveit_task_constructor_msgs/include/moveit_task_constructor_msgs/moveit_task_constructor_msgs/msg/detail
[28.789s] -- Up-to-date: /home/kush/UR5_Project_New/install/moveit_task_constructor_msgs/include/moveit_task_constructor_msgs/moveit_task_constructor_msgs/msg/detail/task_description__rosidl_typesupport_fastrtps_cpp.hpp
[28.789s] -- Up-to-date: /home/kush/UR5_Project_New/install/moveit_task_constructor_msgs/include/moveit_task_constructor_msgs/moveit_task_constructor_msgs/msg/detail/solution__rosidl_typesupport_fastrtps_cpp.hpp
[28.789s] -- Up-to-date: /home/kush/UR5_Project_New/install/moveit_task_constructor_msgs/include/moveit_task_constructor_msgs/moveit_task_constructor_msgs/msg/detail/sub_trajectory__rosidl_typesupport_fastrtps_cpp.hpp
[28.789s] -- Up-to-date: /home/kush/UR5_Project_New/install/moveit_task_constructor_msgs/include/moveit_task_constructor_msgs/moveit_task_constructor_msgs/msg/detail/stage_description__rosidl_typesupport_fastrtps_cpp.hpp
[28.789s] -- Up-to-date: /home/kush/UR5_Project_New/install/moveit_task_constructor_msgs/include/moveit_task_constructor_msgs/moveit_task_constructor_msgs/msg/detail/property__rosidl_typesupport_fastrtps_cpp.hpp
[28.789s] -- Up-to-date: /home/kush/UR5_Project_New/install/moveit_task_constructor_msgs/include/moveit_task_constructor_msgs/moveit_task_constructor_msgs/msg/detail/sub_solution__rosidl_typesupport_fastrtps_cpp.hpp
[28.789s] -- Up-to-date: /home/kush/UR5_Project_New/install/moveit_task_constructor_msgs/include/moveit_task_constructor_msgs/moveit_task_constructor_msgs/msg/detail/task_statistics__rosidl_typesupport_fastrtps_cpp.hpp
[28.790s] -- Up-to-date: /home/kush/UR5_Project_New/install/moveit_task_constructor_msgs/include/moveit_task_constructor_msgs/moveit_task_constructor_msgs/msg/detail/stage_statistics__rosidl_typesupport_fastrtps_cpp.hpp
[28.790s] -- Up-to-date: /home/kush/UR5_Project_New/install/moveit_task_constructor_msgs/include/moveit_task_constructor_msgs/moveit_task_constructor_msgs/msg/detail/dds_fastrtps
[28.790s] -- Up-to-date: /home/kush/UR5_Project_New/install/moveit_task_constructor_msgs/include/moveit_task_constructor_msgs/moveit_task_constructor_msgs/msg/detail/solution_info__rosidl_typesupport_fastrtps_cpp.hpp
[28.790s] -- Up-to-date: /home/kush/UR5_Project_New/install/moveit_task_constructor_msgs/include/moveit_task_constructor_msgs/moveit_task_constructor_msgs/action
[28.790s] -- Up-to-date: /home/kush/UR5_Project_New/install/moveit_task_constructor_msgs/include/moveit_task_constructor_msgs/moveit_task_constructor_msgs/action/detail
[28.790s] -- Up-to-date: /home/kush/UR5_Project_New/install/moveit_task_constructor_msgs/include/moveit_task_constructor_msgs/moveit_task_constructor_msgs/action/detail/dds_fastrtps
[28.790s] -- Up-to-date: /home/kush/UR5_Project_New/install/moveit_task_constructor_msgs/include/moveit_task_constructor_msgs/moveit_task_constructor_msgs/action/detail/execute_task_solution__rosidl_typesupport_fastrtps_cpp.hpp
[28.827s] -- Up-to-date: /home/kush/UR5_Project_New/install/moveit_task_constructor_msgs/lib/libmoveit_task_constructor_msgs__rosidl_typesupport_fastrtps_cpp.so
[28.827s] -- Up-to-date: /home/kush/UR5_Project_New/install/moveit_task_constructor_msgs/include/moveit_task_constructor_msgs/moveit_task_constructor_msgs
[28.828s] -- Up-to-date: /home/kush/UR5_Project_New/install/moveit_task_constructor_msgs/include/moveit_task_constructor_msgs/moveit_task_constructor_msgs/srv
[28.828s] -- Up-to-date: /home/kush/UR5_Project_New/install/moveit_task_constructor_msgs/include/moveit_task_constructor_msgs/moveit_task_constructor_msgs/srv/detail
[28.829s] -- Up-to-date: /home/kush/UR5_Project_New/install/moveit_task_constructor_msgs/include/moveit_task_constructor_msgs/moveit_task_constructor_msgs/srv/detail/get_solution__rosidl_typesupport_introspection_c.h
[28.829s] -- Up-to-date: /home/kush/UR5_Project_New/install/moveit_task_constructor_msgs/include/moveit_task_constructor_msgs/moveit_task_constructor_msgs/srv/detail/get_solution__type_support.c
[28.829s] -- Up-to-date: /home/kush/UR5_Project_New/install/moveit_task_constructor_msgs/include/moveit_task_constructor_msgs/moveit_task_constructor_msgs/msg
[28.829s] -- Up-to-date: /home/kush/UR5_Project_New/install/moveit_task_constructor_msgs/include/moveit_task_constructor_msgs/moveit_task_constructor_msgs/msg/rosidl_typesupport_introspection_c__visibility_control.h
[28.829s] -- Up-to-date: /home/kush/UR5_Project_New/install/moveit_task_constructor_msgs/include/moveit_task_constructor_msgs/moveit_task_constructor_msgs/msg/detail
[28.829s] -- Up-to-date: /home/kush/UR5_Project_New/install/moveit_task_constructor_msgs/include/moveit_task_constructor_msgs/moveit_task_constructor_msgs/msg/detail/stage_description__type_support.c
[28.830s] -- Up-to-date: /home/kush/UR5_Project_New/install/moveit_task_constructor_msgs/include/moveit_task_constructor_msgs/moveit_task_constructor_msgs/msg/detail/solution_info__rosidl_typesupport_introspection_c.h
[28.830s] -- Up-to-date: /home/kush/UR5_Project_New/install/moveit_task_constructor_msgs/include/moveit_task_constructor_msgs/moveit_task_constructor_msgs/msg/detail/property__rosidl_typesupport_introspection_c.h
[28.830s] -- Up-to-date: /home/kush/UR5_Project_New/install/moveit_task_constructor_msgs/include/moveit_task_constructor_msgs/moveit_task_constructor_msgs/msg/detail/solution__type_support.c
[28.830s] -- Up-to-date: /home/kush/UR5_Project_New/install/moveit_task_constructor_msgs/include/moveit_task_constructor_msgs/moveit_task_constructor_msgs/msg/detail/solution_info__type_support.c
[28.830s] -- Up-to-date: /home/kush/UR5_Project_New/install/moveit_task_constructor_msgs/include/moveit_task_constructor_msgs/moveit_task_constructor_msgs/msg/detail/stage_statistics__type_support.c
[28.830s] -- Up-to-date: /home/kush/UR5_Project_New/install/moveit_task_constructor_msgs/include/moveit_task_constructor_msgs/moveit_task_constructor_msgs/msg/detail/sub_solution__rosidl_typesupport_introspection_c.h
[28.830s] -- Up-to-date: /home/kush/UR5_Project_New/install/moveit_task_constructor_msgs/include/moveit_task_constructor_msgs/moveit_task_constructor_msgs/msg/detail/property__type_support.c
[28.831s] -- Up-to-date: /home/kush/UR5_Project_New/install/moveit_task_constructor_msgs/include/moveit_task_constructor_msgs/moveit_task_constructor_msgs/msg/detail/task_description__rosidl_typesupport_introspection_c.h
[28.831s] -- Up-to-date: /home/kush/UR5_Project_New/install/moveit_task_constructor_msgs/include/moveit_task_constructor_msgs/moveit_task_constructor_msgs/msg/detail/task_description__type_support.c
[28.831s] -- Up-to-date: /home/kush/UR5_Project_New/install/moveit_task_constructor_msgs/include/moveit_task_constructor_msgs/moveit_task_constructor_msgs/msg/detail/sub_solution__type_support.c
[28.831s] -- Up-to-date: /home/kush/UR5_Project_New/install/moveit_task_constructor_msgs/include/moveit_task_constructor_msgs/moveit_task_constructor_msgs/msg/detail/task_statistics__type_support.c
[28.831s] -- Up-to-date: /home/kush/UR5_Project_New/install/moveit_task_constructor_msgs/include/moveit_task_constructor_msgs/moveit_task_constructor_msgs/msg/detail/stage_description__rosidl_typesupport_introspection_c.h
[28.831s] -- Up-to-date: /home/kush/UR5_Project_New/install/moveit_task_constructor_msgs/include/moveit_task_constructor_msgs/moveit_task_constructor_msgs/msg/detail/solution__rosidl_typesupport_introspection_c.h
[28.832s] -- Up-to-date: /home/kush/UR5_Project_New/install/moveit_task_constructor_msgs/include/moveit_task_constructor_msgs/moveit_task_constructor_msgs/msg/detail/sub_trajectory__rosidl_typesupport_introspection_c.h
[28.832s] -- Up-to-date: /home/kush/UR5_Project_New/install/moveit_task_constructor_msgs/include/moveit_task_constructor_msgs/moveit_task_constructor_msgs/msg/detail/stage_statistics__rosidl_typesupport_introspection_c.h
[28.832s] -- Up-to-date: /home/kush/UR5_Project_New/install/moveit_task_constructor_msgs/include/moveit_task_constructor_msgs/moveit_task_constructor_msgs/msg/detail/task_statistics__rosidl_typesupport_introspection_c.h
[28.832s] -- Up-to-date: /home/kush/UR5_Project_New/install/moveit_task_constructor_msgs/include/moveit_task_constructor_msgs/moveit_task_constructor_msgs/msg/detail/sub_trajectory__type_support.c
[28.832s] -- Up-to-date: /home/kush/UR5_Project_New/install/moveit_task_constructor_msgs/include/moveit_task_constructor_msgs/moveit_task_constructor_msgs/action
[28.832s] -- Up-to-date: /home/kush/UR5_Project_New/install/moveit_task_constructor_msgs/include/moveit_task_constructor_msgs/moveit_task_constructor_msgs/action/detail
[28.832s] -- Up-to-date: /home/kush/UR5_Project_New/install/moveit_task_constructor_msgs/include/moveit_task_constructor_msgs/moveit_task_constructor_msgs/action/detail/execute_task_solution__rosidl_typesupport_introspection_c.h
[28.833s] -- Up-to-date: /home/kush/UR5_Project_New/install/moveit_task_constructor_msgs/include/moveit_task_constructor_msgs/moveit_task_constructor_msgs/action/detail/execute_task_solution__type_support.c
[28.891s] -- Up-to-date: /home/kush/UR5_Project_New/install/moveit_task_constructor_msgs/lib/libmoveit_task_constructor_msgs__rosidl_typesupport_introspection_c.so
[28.990s] -- Up-to-date: /home/kush/UR5_Project_New/install/moveit_task_constructor_msgs/lib/libmoveit_task_constructor_msgs__rosidl_typesupport_c.so
[28.990s] -- Up-to-date: /home/kush/UR5_Project_New/install/moveit_task_constructor_msgs/include/moveit_task_constructor_msgs/moveit_task_constructor_msgs
[28.990s] -- Up-to-date: /home/kush/UR5_Project_New/install/moveit_task_constructor_msgs/include/moveit_task_constructor_msgs/moveit_task_constructor_msgs/srv
[28.991s] -- Up-to-date: /home/kush/UR5_Project_New/install/moveit_task_constructor_msgs/include/moveit_task_constructor_msgs/moveit_task_constructor_msgs/srv/detail
[28.991s] -- Up-to-date: /home/kush/UR5_Project_New/install/moveit_task_constructor_msgs/include/moveit_task_constructor_msgs/moveit_task_constructor_msgs/srv/detail/get_solution__type_support.cpp
[28.991s] -- Up-to-date: /home/kush/UR5_Project_New/install/moveit_task_constructor_msgs/include/moveit_task_constructor_msgs/moveit_task_constructor_msgs/srv/detail/get_solution__rosidl_typesupport_introspection_cpp.hpp
[28.991s] -- Up-to-date: /home/kush/UR5_Project_New/install/moveit_task_constructor_msgs/include/moveit_task_constructor_msgs/moveit_task_constructor_msgs/msg
[28.991s] -- Up-to-date: /home/kush/UR5_Project_New/install/moveit_task_constructor_msgs/include/moveit_task_constructor_msgs/moveit_task_constructor_msgs/msg/detail
[28.991s] -- Up-to-date: /home/kush/UR5_Project_New/install/moveit_task_constructor_msgs/include/moveit_task_constructor_msgs/moveit_task_constructor_msgs/msg/detail/solution_info__rosidl_typesupport_introspection_cpp.hpp
[28.992s] -- Up-to-date: /home/kush/UR5_Project_New/install/moveit_task_constructor_msgs/include/moveit_task_constructor_msgs/moveit_task_constructor_msgs/msg/detail/property__rosidl_typesupport_introspection_cpp.hpp
[28.992s] -- Up-to-date: /home/kush/UR5_Project_New/install/moveit_task_constructor_msgs/include/moveit_task_constructor_msgs/moveit_task_constructor_msgs/msg/detail/task_description__rosidl_typesupport_introspection_cpp.hpp
[28.992s] -- Up-to-date: /home/kush/UR5_Project_New/install/moveit_task_constructor_msgs/include/moveit_task_constructor_msgs/moveit_task_constructor_msgs/msg/detail/stage_statistics__rosidl_typesupport_introspection_cpp.hpp
[28.992s] -- Up-to-date: /home/kush/UR5_Project_New/install/moveit_task_constructor_msgs/include/moveit_task_constructor_msgs/moveit_task_constructor_msgs/msg/detail/task_description__type_support.cpp
[28.992s] -- Up-to-date: /home/kush/UR5_Project_New/install/moveit_task_constructor_msgs/include/moveit_task_constructor_msgs/moveit_task_constructor_msgs/msg/detail/sub_solution__rosidl_typesupport_introspection_cpp.hpp
[28.993s] -- Up-to-date: /home/kush/UR5_Project_New/install/moveit_task_constructor_msgs/include/moveit_task_constructor_msgs/moveit_task_constructor_msgs/msg/detail/solution__type_support.cpp
[28.993s] -- Up-to-date: /home/kush/UR5_Project_New/install/moveit_task_constructor_msgs/include/moveit_task_constructor_msgs/moveit_task_constructor_msgs/msg/detail/property__type_support.cpp
[28.993s] -- Up-to-date: /home/kush/UR5_Project_New/install/moveit_task_constructor_msgs/include/moveit_task_constructor_msgs/moveit_task_constructor_msgs/msg/detail/solution_info__type_support.cpp
[28.993s] -- Up-to-date: /home/kush/UR5_Project_New/install/moveit_task_constructor_msgs/include/moveit_task_constructor_msgs/moveit_task_constructor_msgs/msg/detail/solution__rosidl_typesupport_introspection_cpp.hpp
[28.993s] -- Up-to-date: /home/kush/UR5_Project_New/install/moveit_task_constructor_msgs/include/moveit_task_constructor_msgs/moveit_task_constructor_msgs/msg/detail/sub_solution__type_support.cpp
[28.993s] -- Up-to-date: /home/kush/UR5_Project_New/install/moveit_task_constructor_msgs/include/moveit_task_constructor_msgs/moveit_task_constructor_msgs/msg/detail/stage_description__type_support.cpp
[28.994s] -- Up-to-date: /home/kush/UR5_Project_New/install/moveit_task_constructor_msgs/include/moveit_task_constructor_msgs/moveit_task_constructor_msgs/msg/detail/task_statistics__rosidl_typesupport_introspection_cpp.hpp
[28.994s] -- Up-to-date: /home/kush/UR5_Project_New/install/moveit_task_constructor_msgs/include/moveit_task_constructor_msgs/moveit_task_constructor_msgs/msg/detail/stage_description__rosidl_typesupport_introspection_cpp.hpp
[28.994s] -- Up-to-date: /home/kush/UR5_Project_New/install/moveit_task_constructor_msgs/include/moveit_task_constructor_msgs/moveit_task_constructor_msgs/msg/detail/stage_statistics__type_support.cpp
[28.994s] -- Up-to-date: /home/kush/UR5_Project_New/install/moveit_task_constructor_msgs/include/moveit_task_constructor_msgs/moveit_task_constructor_msgs/msg/detail/sub_trajectory__rosidl_typesupport_introspection_cpp.hpp
[28.994s] -- Up-to-date: /home/kush/UR5_Project_New/install/moveit_task_constructor_msgs/include/moveit_task_constructor_msgs/moveit_task_constructor_msgs/msg/detail/sub_trajectory__type_support.cpp
[28.995s] -- Up-to-date: /home/kush/UR5_Project_New/install/moveit_task_constructor_msgs/include/moveit_task_constructor_msgs/moveit_task_constructor_msgs/msg/detail/task_statistics__type_support.cpp
[28.995s] -- Up-to-date: /home/kush/UR5_Project_New/install/moveit_task_constructor_msgs/include/moveit_task_constructor_msgs/moveit_task_constructor_msgs/action
[28.995s] -- Up-to-date: /home/kush/UR5_Project_New/install/moveit_task_constructor_msgs/include/moveit_task_constructor_msgs/moveit_task_constructor_msgs/action/detail
[28.995s] -- Up-to-date: /home/kush/UR5_Project_New/install/moveit_task_constructor_msgs/include/moveit_task_constructor_msgs/moveit_task_constructor_msgs/action/detail/execute_task_solution__type_support.cpp
[28.995s] -- Up-to-date: /home/kush/UR5_Project_New/install/moveit_task_constructor_msgs/include/moveit_task_constructor_msgs/moveit_task_constructor_msgs/action/detail/execute_task_solution__rosidl_typesupport_introspection_cpp.hpp
[29.080s] -- Up-to-date: /home/kush/UR5_Project_New/install/moveit_task_constructor_msgs/lib/libmoveit_task_constructor_msgs__rosidl_typesupport_introspection_cpp.so
[29.159s] -- Up-to-date: /home/kush/UR5_Project_New/install/moveit_task_constructor_msgs/lib/libmoveit_task_constructor_msgs__rosidl_typesupport_cpp.so
[29.159s] -- Up-to-date: /home/kush/UR5_Project_New/install/moveit_task_constructor_msgs/share/moveit_task_constructor_msgs/environment/pythonpath.sh
[29.159s] -- Installing: /home/kush/UR5_Project_New/install/moveit_task_constructor_msgs/share/moveit_task_constructor_msgs/environment/pythonpath.dsv
[29.160s] -- Up-to-date: /home/kush/UR5_Project_New/install/moveit_task_constructor_msgs/local/lib/python3.10/dist-packages/moveit_task_constructor_msgs-0.1.3-py3.10.egg-info
[29.160s] -- Installing: /home/kush/UR5_Project_New/install/moveit_task_constructor_msgs/local/lib/python3.10/dist-packages/moveit_task_constructor_msgs-0.1.3-py3.10.egg-info/SOURCES.txt
[29.161s] -- Installing: /home/kush/UR5_Project_New/install/moveit_task_constructor_msgs/local/lib/python3.10/dist-packages/moveit_task_constructor_msgs-0.1.3-py3.10.egg-info/dependency_links.txt
[29.161s] -- Installing: /home/kush/UR5_Project_New/install/moveit_task_constructor_msgs/local/lib/python3.10/dist-packages/moveit_task_constructor_msgs-0.1.3-py3.10.egg-info/PKG-INFO
[29.161s] -- Installing: /home/kush/UR5_Project_New/install/moveit_task_constructor_msgs/local/lib/python3.10/dist-packages/moveit_task_constructor_msgs-0.1.3-py3.10.egg-info/top_level.txt
[29.171s] -- Up-to-date: /home/kush/UR5_Project_New/install/moveit_task_constructor_msgs/local/lib/python3.10/dist-packages/moveit_task_constructor_msgs
[29.172s] -- Up-to-date: /home/kush/UR5_Project_New/install/moveit_task_constructor_msgs/local/lib/python3.10/dist-packages/moveit_task_constructor_msgs/moveit_task_constructor_msgs_s__rosidl_typesupport_fastrtps_c.cpython-310-x86_64-linux-gnu.so
[29.175s] -- Up-to-date: /home/kush/UR5_Project_New/install/moveit_task_constructor_msgs/local/lib/python3.10/dist-packages/moveit_task_constructor_msgs/_moveit_task_constructor_msgs_s.ep.rosidl_typesupport_introspection_c.c
[29.175s] -- Up-to-date: /home/kush/UR5_Project_New/install/moveit_task_constructor_msgs/local/lib/python3.10/dist-packages/moveit_task_constructor_msgs/libmoveit_task_constructor_msgs__rosidl_generator_py.so
[29.175s] -- Installing: /home/kush/UR5_Project_New/install/moveit_task_constructor_msgs/local/lib/python3.10/dist-packages/moveit_task_constructor_msgs/__init__.py
[29.176s] -- Up-to-date: /home/kush/UR5_Project_New/install/moveit_task_constructor_msgs/local/lib/python3.10/dist-packages/moveit_task_constructor_msgs/srv
[29.177s] -- Up-to-date: /home/kush/UR5_Project_New/install/moveit_task_constructor_msgs/local/lib/python3.10/dist-packages/moveit_task_constructor_msgs/srv/__init__.py
[29.177s] -- Up-to-date: /home/kush/UR5_Project_New/install/moveit_task_constructor_msgs/local/lib/python3.10/dist-packages/moveit_task_constructor_msgs/srv/_get_solution_s.c
[29.177s] -- Up-to-date: /home/kush/UR5_Project_New/install/moveit_task_constructor_msgs/local/lib/python3.10/dist-packages/moveit_task_constructor_msgs/srv/_get_solution.py
[29.178s] -- Up-to-date: /home/kush/UR5_Project_New/install/moveit_task_constructor_msgs/local/lib/python3.10/dist-packages/moveit_task_constructor_msgs/msg
[29.178s] -- Up-to-date: /home/kush/UR5_Project_New/install/moveit_task_constructor_msgs/local/lib/python3.10/dist-packages/moveit_task_constructor_msgs/msg/_task_statistics_s.c
[29.178s] -- Up-to-date: /home/kush/UR5_Project_New/install/moveit_task_constructor_msgs/local/lib/python3.10/dist-packages/moveit_task_constructor_msgs/msg/__init__.py
[29.178s] -- Up-to-date: /home/kush/UR5_Project_New/install/moveit_task_constructor_msgs/local/lib/python3.10/dist-packages/moveit_task_constructor_msgs/msg/_solution_s.c
[29.178s] -- Up-to-date: /home/kush/UR5_Project_New/install/moveit_task_constructor_msgs/local/lib/python3.10/dist-packages/moveit_task_constructor_msgs/msg/_stage_description_s.c
[29.179s] -- Up-to-date: /home/kush/UR5_Project_New/install/moveit_task_constructor_msgs/local/lib/python3.10/dist-packages/moveit_task_constructor_msgs/msg/_task_statistics.py
[29.179s] -- Up-to-date: /home/kush/UR5_Project_New/install/moveit_task_constructor_msgs/local/lib/python3.10/dist-packages/moveit_task_constructor_msgs/msg/_solution_info.py
[29.179s] -- Up-to-date: /home/kush/UR5_Project_New/install/moveit_task_constructor_msgs/local/lib/python3.10/dist-packages/moveit_task_constructor_msgs/msg/_sub_trajectory_s.c
[29.179s] -- Up-to-date: /home/kush/UR5_Project_New/install/moveit_task_constructor_msgs/local/lib/python3.10/dist-packages/moveit_task_constructor_msgs/msg/_solution_info_s.c
[29.179s] -- Up-to-date: /home/kush/UR5_Project_New/install/moveit_task_constructor_msgs/local/lib/python3.10/dist-packages/moveit_task_constructor_msgs/msg/_stage_statistics_s.c
[29.180s] -- Up-to-date: /home/kush/UR5_Project_New/install/moveit_task_constructor_msgs/local/lib/python3.10/dist-packages/moveit_task_constructor_msgs/msg/_task_description.py
[29.180s] -- Up-to-date: /home/kush/UR5_Project_New/install/moveit_task_constructor_msgs/local/lib/python3.10/dist-packages/moveit_task_constructor_msgs/msg/_property_s.c
[29.180s] -- Up-to-date: /home/kush/UR5_Project_New/install/moveit_task_constructor_msgs/local/lib/python3.10/dist-packages/moveit_task_constructor_msgs/msg/_sub_solution_s.c
[29.180s] -- Up-to-date: /home/kush/UR5_Project_New/install/moveit_task_constructor_msgs/local/lib/python3.10/dist-packages/moveit_task_constructor_msgs/msg/_solution.py
[29.180s] -- Up-to-date: /home/kush/UR5_Project_New/install/moveit_task_constructor_msgs/local/lib/python3.10/dist-packages/moveit_task_constructor_msgs/msg/_stage_statistics.py
[29.181s] -- Up-to-date: /home/kush/UR5_Project_New/install/moveit_task_constructor_msgs/local/lib/python3.10/dist-packages/moveit_task_constructor_msgs/msg/_stage_description.py
[29.181s] -- Up-to-date: /home/kush/UR5_Project_New/install/moveit_task_constructor_msgs/local/lib/python3.10/dist-packages/moveit_task_constructor_msgs/msg/_sub_solution.py
[29.181s] -- Up-to-date: /home/kush/UR5_Project_New/install/moveit_task_constructor_msgs/local/lib/python3.10/dist-packages/moveit_task_constructor_msgs/msg/_property.py
[29.181s] -- Up-to-date: /home/kush/UR5_Project_New/install/moveit_task_constructor_msgs/local/lib/python3.10/dist-packages/moveit_task_constructor_msgs/msg/_sub_trajectory.py
[29.181s] -- Up-to-date: /home/kush/UR5_Project_New/install/moveit_task_constructor_msgs/local/lib/python3.10/dist-packages/moveit_task_constructor_msgs/msg/_task_description_s.c
[29.181s] -- Up-to-date: /home/kush/UR5_Project_New/install/moveit_task_constructor_msgs/local/lib/python3.10/dist-packages/moveit_task_constructor_msgs/moveit_task_constructor_msgs_s__rosidl_typesupport_introspection_c.cpython-310-x86_64-linux-gnu.so
[29.183s] -- Up-to-date: /home/kush/UR5_Project_New/install/moveit_task_constructor_msgs/local/lib/python3.10/dist-packages/moveit_task_constructor_msgs/action
[29.183s] -- Up-to-date: /home/kush/UR5_Project_New/install/moveit_task_constructor_msgs/local/lib/python3.10/dist-packages/moveit_task_constructor_msgs/action/__init__.py
[29.183s] -- Up-to-date: /home/kush/UR5_Project_New/install/moveit_task_constructor_msgs/local/lib/python3.10/dist-packages/moveit_task_constructor_msgs/action/_execute_task_solution.py
[29.184s] -- Up-to-date: /home/kush/UR5_Project_New/install/moveit_task_constructor_msgs/local/lib/python3.10/dist-packages/moveit_task_constructor_msgs/action/_execute_task_solution_s.c
[29.184s] -- Up-to-date: /home/kush/UR5_Project_New/install/moveit_task_constructor_msgs/local/lib/python3.10/dist-packages/moveit_task_constructor_msgs/_moveit_task_constructor_msgs_s.ep.rosidl_typesupport_fastrtps_c.c
[29.184s] -- Up-to-date: /home/kush/UR5_Project_New/install/moveit_task_constructor_msgs/local/lib/python3.10/dist-packages/moveit_task_constructor_msgs/_moveit_task_constructor_msgs_s.ep.rosidl_typesupport_c.c
[29.185s] -- Up-to-date: /home/kush/UR5_Project_New/install/moveit_task_constructor_msgs/local/lib/python3.10/dist-packages/moveit_task_constructor_msgs/moveit_task_constructor_msgs_s__rosidl_typesupport_c.cpython-310-x86_64-linux-gnu.so
[29.348s] Listing '/home/kush/UR5_Project_New/install/moveit_task_constructor_msgs/local/lib/python3.10/dist-packages/moveit_task_constructor_msgs'...
[29.348s] Compiling '/home/kush/UR5_Project_New/install/moveit_task_constructor_msgs/local/lib/python3.10/dist-packages/moveit_task_constructor_msgs/__init__.py'...
[29.348s] Listing '/home/kush/UR5_Project_New/install/moveit_task_constructor_msgs/local/lib/python3.10/dist-packages/moveit_task_constructor_msgs/action'...
[29.348s] Listing '/home/kush/UR5_Project_New/install/moveit_task_constructor_msgs/local/lib/python3.10/dist-packages/moveit_task_constructor_msgs/msg'...
[29.348s] Listing '/home/kush/UR5_Project_New/install/moveit_task_constructor_msgs/local/lib/python3.10/dist-packages/moveit_task_constructor_msgs/srv'...
[29.413s] -- Up-to-date: /home/kush/UR5_Project_New/install/moveit_task_constructor_msgs/local/lib/python3.10/dist-packages/moveit_task_constructor_msgs/moveit_task_constructor_msgs_s__rosidl_typesupport_fastrtps_c.cpython-310-x86_64-linux-gnu.so
[29.429s] -- Up-to-date: /home/kush/UR5_Project_New/install/moveit_task_constructor_msgs/local/lib/python3.10/dist-packages/moveit_task_constructor_msgs/moveit_task_constructor_msgs_s__rosidl_typesupport_introspection_c.cpython-310-x86_64-linux-gnu.so
[29.493s] -- Up-to-date: /home/kush/UR5_Project_New/install/moveit_task_constructor_msgs/local/lib/python3.10/dist-packages/moveit_task_constructor_msgs/moveit_task_constructor_msgs_s__rosidl_typesupport_c.cpython-310-x86_64-linux-gnu.so
[29.511s] -- Up-to-date: /home/kush/UR5_Project_New/install/moveit_task_constructor_msgs/lib/libmoveit_task_constructor_msgs__rosidl_generator_py.so
[29.511s] -- Up-to-date: /home/kush/UR5_Project_New/install/moveit_task_constructor_msgs/share/moveit_task_constructor_msgs/msg/Property.idl
[29.511s] -- Up-to-date: /home/kush/UR5_Project_New/install/moveit_task_constructor_msgs/share/moveit_task_constructor_msgs/msg/Solution.idl
[29.512s] -- Up-to-date: /home/kush/UR5_Project_New/install/moveit_task_constructor_msgs/share/moveit_task_constructor_msgs/msg/SolutionInfo.idl
[29.512s] -- Up-to-date: /home/kush/UR5_Project_New/install/moveit_task_constructor_msgs/share/moveit_task_constructor_msgs/msg/StageDescription.idl
[29.513s] -- Up-to-date: /home/kush/UR5_Project_New/install/moveit_task_constructor_msgs/share/moveit_task_constructor_msgs/msg/StageStatistics.idl
[29.520s] -- Up-to-date: /home/kush/UR5_Project_New/install/moveit_task_constructor_msgs/share/moveit_task_constructor_msgs/msg/SubSolution.idl
[29.520s] -- Up-to-date: /home/kush/UR5_Project_New/install/moveit_task_constructor_msgs/share/moveit_task_constructor_msgs/msg/SubTrajectory.idl
[29.520s] -- Up-to-date: /home/kush/UR5_Project_New/install/moveit_task_constructor_msgs/share/moveit_task_constructor_msgs/msg/TaskDescription.idl
[29.521s] -- Up-to-date: /home/kush/UR5_Project_New/install/moveit_task_constructor_msgs/share/moveit_task_constructor_msgs/msg/TaskStatistics.idl
[29.521s] -- Up-to-date: /home/kush/UR5_Project_New/install/moveit_task_constructor_msgs/share/moveit_task_constructor_msgs/srv/GetSolution.idl
[29.521s] -- Up-to-date: /home/kush/UR5_Project_New/install/moveit_task_constructor_msgs/share/moveit_task_constructor_msgs/action/ExecuteTaskSolution.idl
[29.521s] -- Up-to-date: /home/kush/UR5_Project_New/install/moveit_task_constructor_msgs/share/moveit_task_constructor_msgs/msg/Property.msg
[29.521s] -- Up-to-date: /home/kush/UR5_Project_New/install/moveit_task_constructor_msgs/share/moveit_task_constructor_msgs/msg/Solution.msg
[29.522s] -- Up-to-date: /home/kush/UR5_Project_New/install/moveit_task_constructor_msgs/share/moveit_task_constructor_msgs/msg/SolutionInfo.msg
[29.522s] -- Up-to-date: /home/kush/UR5_Project_New/install/moveit_task_constructor_msgs/share/moveit_task_constructor_msgs/msg/StageDescription.msg
[29.522s] -- Up-to-date: /home/kush/UR5_Project_New/install/moveit_task_constructor_msgs/share/moveit_task_constructor_msgs/msg/StageStatistics.msg
[29.522s] -- Up-to-date: /home/kush/UR5_Project_New/install/moveit_task_constructor_msgs/share/moveit_task_constructor_msgs/msg/SubSolution.msg
[29.522s] -- Up-to-date: /home/kush/UR5_Project_New/install/moveit_task_constructor_msgs/share/moveit_task_constructor_msgs/msg/SubTrajectory.msg
[29.522s] -- Up-to-date: /home/kush/UR5_Project_New/install/moveit_task_constructor_msgs/share/moveit_task_constructor_msgs/msg/TaskDescription.msg
[29.523s] -- Up-to-date: /home/kush/UR5_Project_New/install/moveit_task_constructor_msgs/share/moveit_task_constructor_msgs/msg/TaskStatistics.msg
[29.535s] -- Up-to-date: /home/kush/UR5_Project_New/install/moveit_task_constructor_msgs/share/moveit_task_constructor_msgs/srv/GetSolution.srv
[29.550s] -- Up-to-date: /home/kush/UR5_Project_New/install/moveit_task_constructor_msgs/share/moveit_task_constructor_msgs/srv/GetSolution_Request.msg
[29.550s] -- Up-to-date: /home/kush/UR5_Project_New/install/moveit_task_constructor_msgs/share/moveit_task_constructor_msgs/srv/GetSolution_Response.msg
[29.550s] -- Up-to-date: /home/kush/UR5_Project_New/install/moveit_task_constructor_msgs/share/moveit_task_constructor_msgs/action/ExecuteTaskSolution.action
[29.551s] -- Up-to-date: /home/kush/UR5_Project_New/install/moveit_task_constructor_msgs/share/ament_index/resource_index/package_run_dependencies/moveit_task_constructor_msgs
[29.551s] -- Installing: /home/kush/UR5_Project_New/install/moveit_task_constructor_msgs/share/ament_index/resource_index/parent_prefix_path/moveit_task_constructor_msgs
[29.551s] -- Up-to-date: /home/kush/UR5_Project_New/install/moveit_task_constructor_msgs/share/moveit_task_constructor_msgs/environment/ament_prefix_path.sh
[29.551s] -- Installing: /home/kush/UR5_Project_New/install/moveit_task_constructor_msgs/share/moveit_task_constructor_msgs/environment/ament_prefix_path.dsv
[29.551s] -- Up-to-date: /home/kush/UR5_Project_New/install/moveit_task_constructor_msgs/share/moveit_task_constructor_msgs/environment/path.sh
[29.551s] -- Installing: /home/kush/UR5_Project_New/install/moveit_task_constructor_msgs/share/moveit_task_constructor_msgs/environment/path.dsv
[29.552s] -- Up-to-date: /home/kush/UR5_Project_New/install/moveit_task_constructor_msgs/share/moveit_task_constructor_msgs/local_setup.bash
[29.552s] -- Up-to-date: /home/kush/UR5_Project_New/install/moveit_task_constructor_msgs/share/moveit_task_constructor_msgs/local_setup.sh
[29.553s] -- Up-to-date: /home/kush/UR5_Project_New/install/moveit_task_constructor_msgs/share/moveit_task_constructor_msgs/local_setup.zsh
[29.554s] -- Installing: /home/kush/UR5_Project_New/install/moveit_task_constructor_msgs/share/moveit_task_constructor_msgs/local_setup.dsv
[29.554s] -- Installing: /home/kush/UR5_Project_New/install/moveit_task_constructor_msgs/share/moveit_task_constructor_msgs/package.dsv
[29.554s] -- Up-to-date: /home/kush/UR5_Project_New/install/moveit_task_constructor_msgs/share/ament_index/resource_index/packages/moveit_task_constructor_msgs
[29.554s] -- Up-to-date: /home/kush/UR5_Project_New/install/moveit_task_constructor_msgs/share/moveit_task_constructor_msgs/cmake/export_moveit_task_constructor_msgs__rosidl_generator_cExport.cmake
[29.554s] -- Up-to-date: /home/kush/UR5_Project_New/install/moveit_task_constructor_msgs/share/moveit_task_constructor_msgs/cmake/export_moveit_task_constructor_msgs__rosidl_generator_cExport-release.cmake
[29.554s] -- Up-to-date: /home/kush/UR5_Project_New/install/moveit_task_constructor_msgs/share/moveit_task_constructor_msgs/cmake/export_moveit_task_constructor_msgs__rosidl_typesupport_fastrtps_cExport.cmake
[29.555s] -- Up-to-date: /home/kush/UR5_Project_New/install/moveit_task_constructor_msgs/share/moveit_task_constructor_msgs/cmake/export_moveit_task_constructor_msgs__rosidl_typesupport_fastrtps_cExport-release.cmake
[29.555s] -- Up-to-date: /home/kush/UR5_Project_New/install/moveit_task_constructor_msgs/share/moveit_task_constructor_msgs/cmake/export_moveit_task_constructor_msgs__rosidl_generator_cppExport.cmake
[29.556s] -- Up-to-date: /home/kush/UR5_Project_New/install/moveit_task_constructor_msgs/share/moveit_task_constructor_msgs/cmake/export_moveit_task_constructor_msgs__rosidl_typesupport_fastrtps_cppExport.cmake
[29.556s] -- Up-to-date: /home/kush/UR5_Project_New/install/moveit_task_constructor_msgs/share/moveit_task_constructor_msgs/cmake/export_moveit_task_constructor_msgs__rosidl_typesupport_fastrtps_cppExport-release.cmake
[29.556s] -- Up-to-date: /home/kush/UR5_Project_New/install/moveit_task_constructor_msgs/share/moveit_task_constructor_msgs/cmake/moveit_task_constructor_msgs__rosidl_typesupport_introspection_cExport.cmake
[29.556s] -- Up-to-date: /home/kush/UR5_Project_New/install/moveit_task_constructor_msgs/share/moveit_task_constructor_msgs/cmake/moveit_task_constructor_msgs__rosidl_typesupport_introspection_cExport-release.cmake
[29.556s] -- Up-to-date: /home/kush/UR5_Project_New/install/moveit_task_constructor_msgs/share/moveit_task_constructor_msgs/cmake/moveit_task_constructor_msgs__rosidl_typesupport_cExport.cmake
[29.557s] -- Up-to-date: /home/kush/UR5_Project_New/install/moveit_task_constructor_msgs/share/moveit_task_constructor_msgs/cmake/moveit_task_constructor_msgs__rosidl_typesupport_cExport-release.cmake
[29.557s] -- Up-to-date: /home/kush/UR5_Project_New/install/moveit_task_constructor_msgs/share/moveit_task_constructor_msgs/cmake/moveit_task_constructor_msgs__rosidl_typesupport_introspection_cppExport.cmake
[29.557s] -- Up-to-date: /home/kush/UR5_Project_New/install/moveit_task_constructor_msgs/share/moveit_task_constructor_msgs/cmake/moveit_task_constructor_msgs__rosidl_typesupport_introspection_cppExport-release.cmake
[29.557s] -- Up-to-date: /home/kush/UR5_Project_New/install/moveit_task_constructor_msgs/share/moveit_task_constructor_msgs/cmake/moveit_task_constructor_msgs__rosidl_typesupport_cppExport.cmake
[29.557s] -- Up-to-date: /home/kush/UR5_Project_New/install/moveit_task_constructor_msgs/share/moveit_task_constructor_msgs/cmake/moveit_task_constructor_msgs__rosidl_typesupport_cppExport-release.cmake
[29.557s] -- Up-to-date: /home/kush/UR5_Project_New/install/moveit_task_constructor_msgs/share/moveit_task_constructor_msgs/cmake/export_moveit_task_constructor_msgs__rosidl_generator_pyExport.cmake
[29.559s] -- Up-to-date: /home/kush/UR5_Project_New/install/moveit_task_constructor_msgs/share/moveit_task_constructor_msgs/cmake/export_moveit_task_constructor_msgs__rosidl_generator_pyExport-release.cmake
[29.560s] -- Up-to-date: /home/kush/UR5_Project_New/install/moveit_task_constructor_msgs/share/moveit_task_constructor_msgs/cmake/rosidl_cmake-extras.cmake
[29.561s] -- Up-to-date: /home/kush/UR5_Project_New/install/moveit_task_constructor_msgs/share/moveit_task_constructor_msgs/cmake/ament_cmake_export_dependencies-extras.cmake
[29.561s] -- Up-to-date: /home/kush/UR5_Project_New/install/moveit_task_constructor_msgs/share/moveit_task_constructor_msgs/cmake/ament_cmake_export_include_directories-extras.cmake
[29.561s] -- Up-to-date: /home/kush/UR5_Project_New/install/moveit_task_constructor_msgs/share/moveit_task_constructor_msgs/cmake/ament_cmake_export_libraries-extras.cmake
[29.561s] -- Up-to-date: /home/kush/UR5_Project_New/install/moveit_task_constructor_msgs/share/moveit_task_constructor_msgs/cmake/ament_cmake_export_targets-extras.cmake
[29.561s] -- Up-to-date: /home/kush/UR5_Project_New/install/moveit_task_constructor_msgs/share/moveit_task_constructor_msgs/cmake/rosidl_cmake_export_typesupport_targets-extras.cmake
[29.561s] -- Up-to-date: /home/kush/UR5_Project_New/install/moveit_task_constructor_msgs/share/moveit_task_constructor_msgs/cmake/rosidl_cmake_export_typesupport_libraries-extras.cmake
[29.562s] -- Up-to-date: /home/kush/UR5_Project_New/install/moveit_task_constructor_msgs/share/moveit_task_constructor_msgs/cmake/moveit_task_constructor_msgsConfig.cmake
[29.562s] -- Up-to-date: /home/kush/UR5_Project_New/install/moveit_task_constructor_msgs/share/moveit_task_constructor_msgs/cmake/moveit_task_constructor_msgsConfig-version.cmake
[29.562s] -- Up-to-date: /home/kush/UR5_Project_New/install/moveit_task_constructor_msgs/share/moveit_task_constructor_msgs/package.xml
[29.641s] Invoked command in '/home/kush/UR5_Project_New/build/moveit_task_constructor_msgs' returned '0': CMAKE_PREFIX_PATH=/opt/ros/humble /usr/bin/cmake --install /home/kush/UR5_Project_New/build/moveit_task_constructor_msgs
