[1.250s] Invoking command in '/home/kush/UR5_Project_New/build/moveit_resources_panda_description': CMAKE_PREFIX_PATH=/opt/ros/humble /usr/bin/cmake /home/kush/UR5_Project_New/src/moveit_resources/panda_description -DCMAKE_INSTALL_PREFIX=/home/kush/UR5_Project_New/install/moveit_resources_panda_description
[1.607s] -- Found ament_cmake: 1.3.5 (/opt/ros/humble/share/ament_cmake/cmake)
[4.504s] -- Configuring done
[4.874s] -- Generating done
[4.893s] -- Build files have been written to: /home/kush/UR5_Project_New/build/moveit_resources_panda_description
[4.953s] Invoked command in '/home/kush/UR5_Project_New/build/moveit_resources_panda_description' returned '0': CMAKE_PREFIX_PATH=/opt/ros/humble /usr/bin/cmake /home/kush/UR5_Project_New/src/moveit_resources/panda_description -DCMAKE_INSTALL_PREFIX=/home/kush/UR5_Project_New/install/moveit_resources_panda_description
[4.955s] Invoking command in '/home/kush/UR5_Project_New/build/moveit_resources_panda_description': CMAKE_PREFIX_PATH=/opt/ros/humble /usr/bin/cmake --build /home/kush/UR5_Project_New/build/moveit_resources_panda_description -- -j4 -l4
[5.112s] Invoked command in '/home/kush/UR5_Project_New/build/moveit_resources_panda_description' returned '0': CMAKE_PREFIX_PATH=/opt/ros/humble /usr/bin/cmake --build /home/kush/UR5_Project_New/build/moveit_resources_panda_description -- -j4 -l4
[5.158s] Invoking command in '/home/kush/UR5_Project_New/build/moveit_resources_panda_description': CMAKE_PREFIX_PATH=/opt/ros/humble /usr/bin/cmake --install /home/kush/UR5_Project_New/build/moveit_resources_panda_description
[5.174s] -- Install configuration: "Release"
[5.174s] -- Up-to-date: /home/kush/UR5_Project_New/install/moveit_resources_panda_description/share/ament_index/resource_index/package_run_dependencies/moveit_resources_panda_description
[5.174s] -- Installing: /home/kush/UR5_Project_New/install/moveit_resources_panda_description/share/ament_index/resource_index/parent_prefix_path/moveit_resources_panda_description
[5.175s] -- Up-to-date: /home/kush/UR5_Project_New/install/moveit_resources_panda_description/share/moveit_resources_panda_description/environment/ament_prefix_path.sh
[5.175s] -- Installing: /home/kush/UR5_Project_New/install/moveit_resources_panda_description/share/moveit_resources_panda_description/environment/ament_prefix_path.dsv
[5.175s] -- Up-to-date: /home/kush/UR5_Project_New/install/moveit_resources_panda_description/share/moveit_resources_panda_description/environment/path.sh
[5.176s] -- Installing: /home/kush/UR5_Project_New/install/moveit_resources_panda_description/share/moveit_resources_panda_description/environment/path.dsv
[5.176s] -- Up-to-date: /home/kush/UR5_Project_New/install/moveit_resources_panda_description/share/moveit_resources_panda_description/local_setup.bash
[5.176s] -- Up-to-date: /home/kush/UR5_Project_New/install/moveit_resources_panda_description/share/moveit_resources_panda_description/local_setup.sh
[5.176s] -- Up-to-date: /home/kush/UR5_Project_New/install/moveit_resources_panda_description/share/moveit_resources_panda_description/local_setup.zsh
[5.176s] -- Installing: /home/kush/UR5_Project_New/install/moveit_resources_panda_description/share/moveit_resources_panda_description/local_setup.dsv
[5.176s] -- Installing: /home/kush/UR5_Project_New/install/moveit_resources_panda_description/share/moveit_resources_panda_description/package.dsv
[5.177s] -- Up-to-date: /home/kush/UR5_Project_New/install/moveit_resources_panda_description/share/ament_index/resource_index/packages/moveit_resources_panda_description
[5.177s] -- Up-to-date: /home/kush/UR5_Project_New/install/moveit_resources_panda_description/share/moveit_resources_panda_description/cmake/moveit_resources_panda_descriptionConfig.cmake
[5.177s] -- Up-to-date: /home/kush/UR5_Project_New/install/moveit_resources_panda_description/share/moveit_resources_panda_description/cmake/moveit_resources_panda_descriptionConfig-version.cmake
[5.177s] -- Up-to-date: /home/kush/UR5_Project_New/install/moveit_resources_panda_description/share/moveit_resources_panda_description/package.xml
[5.177s] -- Up-to-date: /home/kush/UR5_Project_New/install/moveit_resources_panda_description/share/moveit_resources_panda_description/meshes
[5.180s] -- Up-to-date: /home/kush/UR5_Project_New/install/moveit_resources_panda_description/share/moveit_resources_panda_description/meshes/visual
[5.180s] -- Up-to-date: /home/kush/UR5_Project_New/install/moveit_resources_panda_description/share/moveit_resources_panda_description/meshes/visual/link1.dae
[5.183s] -- Up-to-date: /home/kush/UR5_Project_New/install/moveit_resources_panda_description/share/moveit_resources_panda_description/meshes/visual/link7.dae
[5.183s] -- Up-to-date: /home/kush/UR5_Project_New/install/moveit_resources_panda_description/share/moveit_resources_panda_description/meshes/visual/link2.dae
[5.184s] -- Up-to-date: /home/kush/UR5_Project_New/install/moveit_resources_panda_description/share/moveit_resources_panda_description/meshes/visual/finger.dae
[5.184s] -- Up-to-date: /home/kush/UR5_Project_New/install/moveit_resources_panda_description/share/moveit_resources_panda_description/meshes/visual/link5.dae
[5.184s] -- Up-to-date: /home/kush/UR5_Project_New/install/moveit_resources_panda_description/share/moveit_resources_panda_description/meshes/visual/link0.dae
[5.184s] -- Up-to-date: /home/kush/UR5_Project_New/install/moveit_resources_panda_description/share/moveit_resources_panda_description/meshes/visual/link6.dae
[5.184s] -- Up-to-date: /home/kush/UR5_Project_New/install/moveit_resources_panda_description/share/moveit_resources_panda_description/meshes/visual/link4.dae
[5.184s] -- Up-to-date: /home/kush/UR5_Project_New/install/moveit_resources_panda_description/share/moveit_resources_panda_description/meshes/visual/hand.dae
[5.184s] -- Up-to-date: /home/kush/UR5_Project_New/install/moveit_resources_panda_description/share/moveit_resources_panda_description/meshes/visual/link3.dae
[5.185s] -- Up-to-date: /home/kush/UR5_Project_New/install/moveit_resources_panda_description/share/moveit_resources_panda_description/meshes/collision
[5.185s] -- Up-to-date: /home/kush/UR5_Project_New/install/moveit_resources_panda_description/share/moveit_resources_panda_description/meshes/collision/finger.stl
[5.185s] -- Up-to-date: /home/kush/UR5_Project_New/install/moveit_resources_panda_description/share/moveit_resources_panda_description/meshes/collision/link3.stl
[5.185s] -- Up-to-date: /home/kush/UR5_Project_New/install/moveit_resources_panda_description/share/moveit_resources_panda_description/meshes/collision/link2.stl
[5.185s] -- Up-to-date: /home/kush/UR5_Project_New/install/moveit_resources_panda_description/share/moveit_resources_panda_description/meshes/collision/link7.stl
[5.185s] -- Up-to-date: /home/kush/UR5_Project_New/install/moveit_resources_panda_description/share/moveit_resources_panda_description/meshes/collision/link4.stl
[5.185s] -- Up-to-date: /home/kush/UR5_Project_New/install/moveit_resources_panda_description/share/moveit_resources_panda_description/meshes/collision/hand.stl
[5.186s] -- Up-to-date: /home/kush/UR5_Project_New/install/moveit_resources_panda_description/share/moveit_resources_panda_description/meshes/collision/link1.stl
[5.186s] -- Up-to-date: /home/kush/UR5_Project_New/install/moveit_resources_panda_description/share/moveit_resources_panda_description/meshes/collision/link0.stl
[5.186s] -- Up-to-date: /home/kush/UR5_Project_New/install/moveit_resources_panda_description/share/moveit_resources_panda_description/meshes/collision/link6.stl
[5.186s] -- Up-to-date: /home/kush/UR5_Project_New/install/moveit_resources_panda_description/share/moveit_resources_panda_description/meshes/collision/link5.stl
[5.186s] -- Up-to-date: /home/kush/UR5_Project_New/install/moveit_resources_panda_description/share/moveit_resources_panda_description/urdf
[5.187s] -- Up-to-date: /home/kush/UR5_Project_New/install/moveit_resources_panda_description/share/moveit_resources_panda_description/urdf/panda.urdf
[5.187s] Invoked command in '/home/kush/UR5_Project_New/build/moveit_resources_panda_description' returned '0': CMAKE_PREFIX_PATH=/opt/ros/humble /usr/bin/cmake --install /home/kush/UR5_Project_New/build/moveit_resources_panda_description
