[0.311s] Invoking command in '/home/kush/UR5_Project_New/build/moveit_setup_core_plugins': AMENT_PREFIX_PATH=/home/kush/UR5_Project_New/install/moveit_setup_framework:/home/kush/UR5_Project_New/install/moveit_ros_visualization:/home/kush/UR5_Project_New/install/moveit_ros_planning_interface:/home/kush/UR5_Project_New/install/moveit_ros_move_group:/home/kush/UR5_Project_New/install/moveit_ros_warehouse:/home/kush/UR5_Project_New/install/moveit_ros_robot_interaction:/home/kush/UR5_Project_New/install/moveit_kinematics:/home/kush/UR5_Project_New/install/moveit_ros_planning:/home/kush/UR5_Project_New/install/moveit_ros_occupancy_map_monitor:/home/kush/UR5_Project_New/install/moveit_core:/home/kush/UR5_Project_New/install/srdfdom:/home/kush/UR5_Project_New/install/moveit_common:${AMENT_PREFIX_PATH} CMAKE_PREFIX_PATH=/home/kush/UR5_Project_New/install/moveit_setup_framework:/home/kush/UR5_Project_New/install/moveit_ros_visualization:/home/kush/UR5_Project_New/install/moveit_ros_planning_interface:/home/kush/UR5_Project_New/install/moveit_ros_move_group:/home/kush/UR5_Project_New/install/moveit_ros_warehouse:/home/kush/UR5_Project_New/install/moveit_ros_robot_interaction:/home/kush/UR5_Project_New/install/moveit_kinematics:/home/kush/UR5_Project_New/install/moveit_ros_planning:/home/kush/UR5_Project_New/install/moveit_ros_occupancy_map_monitor:/home/kush/UR5_Project_New/install/moveit_core:/home/kush/UR5_Project_New/install/srdfdom:/home/kush/UR5_Project_New/install/moveit_common:/opt/ros/humble LD_LIBRARY_PATH=/home/kush/UR5_Project_New/install/moveit_setup_framework/lib:/home/kush/UR5_Project_New/install/moveit_ros_visualization/lib:/home/kush/UR5_Project_New/install/moveit_ros_planning_interface/lib:/home/kush/UR5_Project_New/install/moveit_ros_move_group/lib:/home/kush/UR5_Project_New/install/moveit_ros_warehouse/lib:/home/kush/UR5_Project_New/install/moveit_ros_robot_interaction/lib:/home/kush/UR5_Project_New/install/moveit_kinematics/lib:/home/kush/UR5_Project_New/install/moveit_ros_planning/lib:/home/kush/UR5_Project_New/install/moveit_ros_occupancy_map_monitor/lib:/home/kush/UR5_Project_New/install/moveit_core/lib:/home/kush/UR5_Project_New/install/srdfdom/lib:${LD_LIBRARY_PATH} PATH=/home/kush/UR5_Project_New/install/moveit_core/bin:${PATH} PYTHONPATH=/home/kush/UR5_Project_New/install/srdfdom/local/lib/python3.10/dist-packages:${PYTHONPATH} /usr/bin/cmake /home/kush/UR5_Project_New/src/moveit2/moveit_setup_assistant/moveit_setup_core_plugins -DCMAKE_INSTALL_PREFIX=/home/kush/UR5_Project_New/install/moveit_setup_core_plugins
[0.441s] -- Found moveit_common: 2.5.4 (/home/kush/UR5_Project_New/install/moveit_common/share/moveit_common/cmake)
[0.441s] -- Found ament_cmake: 1.3.5 (/opt/ros/humble/share/ament_cmake/cmake)
[1.184s] -- Could NOT find libbfd (missing: LIBBFD_LIBRARY LIBBFD_INCLUDE_DIR) 
[1.185s] -- BACKWARD_HAS_UNWIND=1
[1.185s] -- BACKWARD_HAS_BACKTRACE=0
[1.185s] -- BACKWARD_HAS_BACKTRACE_SYMBOL=0
[1.185s] -- BACKWARD_HAS_DW=1
[1.185s] -- BACKWARD_HAS_BFD=0
[1.191s] -- Found Backward: /opt/ros/humble/share/backward_ros/cmake  
[1.191s] -- Found ament_cmake_ros: 0.10.0 (/opt/ros/humble/share/ament_cmake_ros/cmake)
[1.197s] -- Found ament_index_cpp: 1.4.0 (/opt/ros/humble/share/ament_index_cpp/cmake)
[1.197s] -- Found moveit_ros_visualization: 2.5.4 (/home/kush/UR5_Project_New/install/moveit_ros_visualization/share/moveit_ros_visualization/cmake)
[1.222s] -- Found Boost: /usr/lib/x86_64-linux-gnu/cmake/Boost-1.74.0/BoostConfig.cmake (found version "1.74.0") found components: thread date_time system filesystem 
[1.259s] -- Found Boost: /usr/lib/x86_64-linux-gnu/cmake/Boost-1.74.0/BoostConfig.cmake (found version "1.74.0") found components: filesystem 
[1.315s] -- Found rosidl_generator_c: 3.1.5 (/opt/ros/humble/share/rosidl_generator_c/cmake)
[1.322s] -- Found rosidl_adapter: 3.1.5 (/opt/ros/humble/share/rosidl_adapter/cmake)
[1.340s] -- Found rosidl_generator_cpp: 3.1.5 (/opt/ros/humble/share/rosidl_generator_cpp/cmake)
[1.370s] -- Using all available rosidl_typesupport_c: rosidl_typesupport_fastrtps_c;rosidl_typesupport_introspection_c
[1.411s] -- Using all available rosidl_typesupport_cpp: rosidl_typesupport_fastrtps_cpp;rosidl_typesupport_introspection_cpp
[1.987s] -- Found rmw_implementation_cmake: 6.1.1 (/opt/ros/humble/share/rmw_implementation_cmake/cmake)
[1.992s] -- Found rmw_fastrtps_cpp: 6.2.3 (/opt/ros/humble/share/rmw_fastrtps_cpp/cmake)
[2.343s] -- Using RMW implementation 'rmw_fastrtps_cpp' as default
[2.918s] -- library: /usr/lib/x86_64-linux-gnu/libcurl.so
[3.860s] -- Found Boost: /usr/lib/x86_64-linux-gnu/cmake/Boost-1.74.0/BoostConfig.cmake (found version "1.74.0") found components: system filesystem date_time program_options thread chrono 
[4.901s] -- Found Boost: /usr/lib/x86_64-linux-gnu/cmake/Boost-1.74.0/BoostConfig.cmake (found version "1.74.0") found components: chrono date_time filesystem iostreams program_options regex serialization system thread 
[4.923s] -- Found parameter_traits: 0.3.3 (/opt/ros/humble/share/parameter_traits/cmake)
[4.969s] -- Found rclcpp_lifecycle: 16.0.5 (/opt/ros/humble/share/rclcpp_lifecycle/cmake)
[5.162s] -- Ensuring Eigen3 include directory is part of orocos-kdl CMake target
[8.700s] -- Found Boost: /usr/lib/x86_64-linux-gnu/cmake/Boost-1.74.0/BoostConfig.cmake (found version "1.74.0") found components: date_time filesystem program_options system thread 
[9.202s] -- Found Boost: /usr/lib/x86_64-linux-gnu/cmake/Boost-1.74.0/BoostConfig.cmake (found version "1.74.0") found components: thread system filesystem regex date_time program_options 
[10.247s] -- Found Boost: /usr/lib/x86_64-linux-gnu/cmake/Boost-1.74.0/BoostConfig.cmake (found version "1.74.0") found components: system filesystem date_time program_options thread 
[14.890s] -- Setting OGRE_DIR to: '/opt/ros/humble/share/rviz_ogre_vendor/cmake/../../../opt/rviz_ogre_vendor/lib/OGRE/cmake'
[14.893s] -- Found OGRE
[14.893s] --   static     : OFF
[14.894s] --   components : HLMS;MeshLodGenerator;Overlay;Paging;Property;RTShaderSystem;Terrain;Volume
[14.896s] --   plugins    : Plugin_BSPSceneManager;Plugin_OctreeSceneManager;Plugin_PCZSceneManager;Plugin_ParticleFX;RenderSystem_GL;RenderSystem_GL3Plus;Codec_STBI
[14.896s] --   media      : /opt/ros/humble/opt/rviz_ogre_vendor/share/OGRE/Media
[14.896s] -- OGRE_LIBRARIES: OgreHLMS;OgreMeshLodGenerator;OgreOverlay;OgrePaging;OgreProperty;OgreRTShaderSystem;OgreTerrain;OgreVolume;OgreMain
[14.896s] -- OGRE_LIBRARY_DIRS: /opt/ros/humble/opt/rviz_ogre_vendor/lib
[14.897s] -- OGRE_PLUGINS: Plugin_BSPSceneManager;Plugin_OctreeSceneManager;Plugin_PCZSceneManager;Plugin_ParticleFX;RenderSystem_GL;RenderSystem_GL3Plus;Codec_STBI
[14.897s] -- OGRE_PLUGIN_DIR: /opt/ros/humble/opt/rviz_ogre_vendor/lib/OGRE
[14.897s] -- rviz_ogre_vendor::OgreOverlay for IMPORTED_LOCATION_RELEASE: /opt/ros/humble/opt/rviz_ogre_vendor/lib/libOgreOverlay.so
[14.897s] -- rviz_ogre_vendor::OgreOverlay for IMPORTED_LOCATION_DEBUG: /opt/ros/humble/opt/rviz_ogre_vendor/lib/libOgreOverlay.so
[14.897s] -- rviz_ogre_vendor::OgreMain for IMPORTED_LOCATION_RELEASE: /opt/ros/humble/opt/rviz_ogre_vendor/lib/libOgreMain.so
[14.897s] -- rviz_ogre_vendor::OgreMain for IMPORTED_LOCATION_DEBUG: /opt/ros/humble/opt/rviz_ogre_vendor/lib/libOgreMain.so
[14.901s] -- Could not find freeimage library
[15.110s] -- rviz_ogre_vendor::RenderSystem_GL for IMPORTED_LOCATION_RELEASE: _render_system_gl_static_library_abs-NOTFOUND
[15.110s] -- rviz_ogre_vendor::RenderSystem_GL for IMPORTED_LOCATION_DEBUG: _render_system_gl_static_library_abs-NOTFOUND
[17.652s] -- Found moveit_setup_framework: 2.5.4 (/home/kush/UR5_Project_New/install/moveit_setup_framework/share/moveit_setup_framework/cmake)
[18.480s] -- Found ament_lint_auto: 0.12.7 (/opt/ros/humble/share/ament_lint_auto/cmake)
[18.562s] -- Added test 'lint_cmake' to check CMake code style
[18.565s] -- Added test 'xmllint' to check XML markup files
[18.589s] -- Configuring done
[19.041s] -- Generating done
[19.065s] -- Build files have been written to: /home/kush/UR5_Project_New/build/moveit_setup_core_plugins
[19.181s] Invoked command in '/home/kush/UR5_Project_New/build/moveit_setup_core_plugins' returned '0': AMENT_PREFIX_PATH=/home/kush/UR5_Project_New/install/moveit_setup_framework:/home/kush/UR5_Project_New/install/moveit_ros_visualization:/home/kush/UR5_Project_New/install/moveit_ros_planning_interface:/home/kush/UR5_Project_New/install/moveit_ros_move_group:/home/kush/UR5_Project_New/install/moveit_ros_warehouse:/home/kush/UR5_Project_New/install/moveit_ros_robot_interaction:/home/kush/UR5_Project_New/install/moveit_kinematics:/home/kush/UR5_Project_New/install/moveit_ros_planning:/home/kush/UR5_Project_New/install/moveit_ros_occupancy_map_monitor:/home/kush/UR5_Project_New/install/moveit_core:/home/kush/UR5_Project_New/install/srdfdom:/home/kush/UR5_Project_New/install/moveit_common:${AMENT_PREFIX_PATH} CMAKE_PREFIX_PATH=/home/kush/UR5_Project_New/install/moveit_setup_framework:/home/kush/UR5_Project_New/install/moveit_ros_visualization:/home/kush/UR5_Project_New/install/moveit_ros_planning_interface:/home/kush/UR5_Project_New/install/moveit_ros_move_group:/home/kush/UR5_Project_New/install/moveit_ros_warehouse:/home/kush/UR5_Project_New/install/moveit_ros_robot_interaction:/home/kush/UR5_Project_New/install/moveit_kinematics:/home/kush/UR5_Project_New/install/moveit_ros_planning:/home/kush/UR5_Project_New/install/moveit_ros_occupancy_map_monitor:/home/kush/UR5_Project_New/install/moveit_core:/home/kush/UR5_Project_New/install/srdfdom:/home/kush/UR5_Project_New/install/moveit_common:/opt/ros/humble LD_LIBRARY_PATH=/home/kush/UR5_Project_New/install/moveit_setup_framework/lib:/home/kush/UR5_Project_New/install/moveit_ros_visualization/lib:/home/kush/UR5_Project_New/install/moveit_ros_planning_interface/lib:/home/kush/UR5_Project_New/install/moveit_ros_move_group/lib:/home/kush/UR5_Project_New/install/moveit_ros_warehouse/lib:/home/kush/UR5_Project_New/install/moveit_ros_robot_interaction/lib:/home/kush/UR5_Project_New/install/moveit_kinematics/lib:/home/kush/UR5_Project_New/install/moveit_ros_planning/lib:/home/kush/UR5_Project_New/install/moveit_ros_occupancy_map_monitor/lib:/home/kush/UR5_Project_New/install/moveit_core/lib:/home/kush/UR5_Project_New/install/srdfdom/lib:${LD_LIBRARY_PATH} PATH=/home/kush/UR5_Project_New/install/moveit_core/bin:${PATH} PYTHONPATH=/home/kush/UR5_Project_New/install/srdfdom/local/lib/python3.10/dist-packages:${PYTHONPATH} /usr/bin/cmake /home/kush/UR5_Project_New/src/moveit2/moveit_setup_assistant/moveit_setup_core_plugins -DCMAKE_INSTALL_PREFIX=/home/kush/UR5_Project_New/install/moveit_setup_core_plugins
[19.182s] Invoking command in '/home/kush/UR5_Project_New/build/moveit_setup_core_plugins': AMENT_PREFIX_PATH=/home/kush/UR5_Project_New/install/moveit_setup_framework:/home/kush/UR5_Project_New/install/moveit_ros_visualization:/home/kush/UR5_Project_New/install/moveit_ros_planning_interface:/home/kush/UR5_Project_New/install/moveit_ros_move_group:/home/kush/UR5_Project_New/install/moveit_ros_warehouse:/home/kush/UR5_Project_New/install/moveit_ros_robot_interaction:/home/kush/UR5_Project_New/install/moveit_kinematics:/home/kush/UR5_Project_New/install/moveit_ros_planning:/home/kush/UR5_Project_New/install/moveit_ros_occupancy_map_monitor:/home/kush/UR5_Project_New/install/moveit_core:/home/kush/UR5_Project_New/install/srdfdom:/home/kush/UR5_Project_New/install/moveit_common:${AMENT_PREFIX_PATH} CMAKE_PREFIX_PATH=/home/kush/UR5_Project_New/install/moveit_setup_framework:/home/kush/UR5_Project_New/install/moveit_ros_visualization:/home/kush/UR5_Project_New/install/moveit_ros_planning_interface:/home/kush/UR5_Project_New/install/moveit_ros_move_group:/home/kush/UR5_Project_New/install/moveit_ros_warehouse:/home/kush/UR5_Project_New/install/moveit_ros_robot_interaction:/home/kush/UR5_Project_New/install/moveit_kinematics:/home/kush/UR5_Project_New/install/moveit_ros_planning:/home/kush/UR5_Project_New/install/moveit_ros_occupancy_map_monitor:/home/kush/UR5_Project_New/install/moveit_core:/home/kush/UR5_Project_New/install/srdfdom:/home/kush/UR5_Project_New/install/moveit_common:/opt/ros/humble LD_LIBRARY_PATH=/home/kush/UR5_Project_New/install/moveit_setup_framework/lib:/home/kush/UR5_Project_New/install/moveit_ros_visualization/lib:/home/kush/UR5_Project_New/install/moveit_ros_planning_interface/lib:/home/kush/UR5_Project_New/install/moveit_ros_move_group/lib:/home/kush/UR5_Project_New/install/moveit_ros_warehouse/lib:/home/kush/UR5_Project_New/install/moveit_ros_robot_interaction/lib:/home/kush/UR5_Project_New/install/moveit_kinematics/lib:/home/kush/UR5_Project_New/install/moveit_ros_planning/lib:/home/kush/UR5_Project_New/install/moveit_ros_occupancy_map_monitor/lib:/home/kush/UR5_Project_New/install/moveit_core/lib:/home/kush/UR5_Project_New/install/srdfdom/lib:${LD_LIBRARY_PATH} PATH=/home/kush/UR5_Project_New/install/moveit_core/bin:${PATH} PYTHONPATH=/home/kush/UR5_Project_New/install/srdfdom/local/lib/python3.10/dist-packages:${PYTHONPATH} /usr/bin/cmake --build /home/kush/UR5_Project_New/build/moveit_setup_core_plugins -- -j4 -l4
[19.520s] [  6%] [34m[1mAutomatic MOC for target moveit_setup_core_plugins[0m
[19.637s] [  6%] Built target moveit_setup_core_plugins_autogen
[19.827s] [35m[1mConsolidate compiler generated dependencies of target moveit_setup_core_plugins[0m
[20.294s] [100%] Built target moveit_setup_core_plugins
[20.350s] Invoked command in '/home/kush/UR5_Project_New/build/moveit_setup_core_plugins' returned '0': AMENT_PREFIX_PATH=/home/kush/UR5_Project_New/install/moveit_setup_framework:/home/kush/UR5_Project_New/install/moveit_ros_visualization:/home/kush/UR5_Project_New/install/moveit_ros_planning_interface:/home/kush/UR5_Project_New/install/moveit_ros_move_group:/home/kush/UR5_Project_New/install/moveit_ros_warehouse:/home/kush/UR5_Project_New/install/moveit_ros_robot_interaction:/home/kush/UR5_Project_New/install/moveit_kinematics:/home/kush/UR5_Project_New/install/moveit_ros_planning:/home/kush/UR5_Project_New/install/moveit_ros_occupancy_map_monitor:/home/kush/UR5_Project_New/install/moveit_core:/home/kush/UR5_Project_New/install/srdfdom:/home/kush/UR5_Project_New/install/moveit_common:${AMENT_PREFIX_PATH} CMAKE_PREFIX_PATH=/home/kush/UR5_Project_New/install/moveit_setup_framework:/home/kush/UR5_Project_New/install/moveit_ros_visualization:/home/kush/UR5_Project_New/install/moveit_ros_planning_interface:/home/kush/UR5_Project_New/install/moveit_ros_move_group:/home/kush/UR5_Project_New/install/moveit_ros_warehouse:/home/kush/UR5_Project_New/install/moveit_ros_robot_interaction:/home/kush/UR5_Project_New/install/moveit_kinematics:/home/kush/UR5_Project_New/install/moveit_ros_planning:/home/kush/UR5_Project_New/install/moveit_ros_occupancy_map_monitor:/home/kush/UR5_Project_New/install/moveit_core:/home/kush/UR5_Project_New/install/srdfdom:/home/kush/UR5_Project_New/install/moveit_common:/opt/ros/humble LD_LIBRARY_PATH=/home/kush/UR5_Project_New/install/moveit_setup_framework/lib:/home/kush/UR5_Project_New/install/moveit_ros_visualization/lib:/home/kush/UR5_Project_New/install/moveit_ros_planning_interface/lib:/home/kush/UR5_Project_New/install/moveit_ros_move_group/lib:/home/kush/UR5_Project_New/install/moveit_ros_warehouse/lib:/home/kush/UR5_Project_New/install/moveit_ros_robot_interaction/lib:/home/kush/UR5_Project_New/install/moveit_kinematics/lib:/home/kush/UR5_Project_New/install/moveit_ros_planning/lib:/home/kush/UR5_Project_New/install/moveit_ros_occupancy_map_monitor/lib:/home/kush/UR5_Project_New/install/moveit_core/lib:/home/kush/UR5_Project_New/install/srdfdom/lib:${LD_LIBRARY_PATH} PATH=/home/kush/UR5_Project_New/install/moveit_core/bin:${PATH} PYTHONPATH=/home/kush/UR5_Project_New/install/srdfdom/local/lib/python3.10/dist-packages:${PYTHONPATH} /usr/bin/cmake --build /home/kush/UR5_Project_New/build/moveit_setup_core_plugins -- -j4 -l4
[20.534s] Invoking command in '/home/kush/UR5_Project_New/build/moveit_setup_core_plugins': AMENT_PREFIX_PATH=/home/kush/UR5_Project_New/install/moveit_setup_framework:/home/kush/UR5_Project_New/install/moveit_ros_visualization:/home/kush/UR5_Project_New/install/moveit_ros_planning_interface:/home/kush/UR5_Project_New/install/moveit_ros_move_group:/home/kush/UR5_Project_New/install/moveit_ros_warehouse:/home/kush/UR5_Project_New/install/moveit_ros_robot_interaction:/home/kush/UR5_Project_New/install/moveit_kinematics:/home/kush/UR5_Project_New/install/moveit_ros_planning:/home/kush/UR5_Project_New/install/moveit_ros_occupancy_map_monitor:/home/kush/UR5_Project_New/install/moveit_core:/home/kush/UR5_Project_New/install/srdfdom:/home/kush/UR5_Project_New/install/moveit_common:${AMENT_PREFIX_PATH} CMAKE_PREFIX_PATH=/home/kush/UR5_Project_New/install/moveit_setup_framework:/home/kush/UR5_Project_New/install/moveit_ros_visualization:/home/kush/UR5_Project_New/install/moveit_ros_planning_interface:/home/kush/UR5_Project_New/install/moveit_ros_move_group:/home/kush/UR5_Project_New/install/moveit_ros_warehouse:/home/kush/UR5_Project_New/install/moveit_ros_robot_interaction:/home/kush/UR5_Project_New/install/moveit_kinematics:/home/kush/UR5_Project_New/install/moveit_ros_planning:/home/kush/UR5_Project_New/install/moveit_ros_occupancy_map_monitor:/home/kush/UR5_Project_New/install/moveit_core:/home/kush/UR5_Project_New/install/srdfdom:/home/kush/UR5_Project_New/install/moveit_common:/opt/ros/humble LD_LIBRARY_PATH=/home/kush/UR5_Project_New/install/moveit_setup_framework/lib:/home/kush/UR5_Project_New/install/moveit_ros_visualization/lib:/home/kush/UR5_Project_New/install/moveit_ros_planning_interface/lib:/home/kush/UR5_Project_New/install/moveit_ros_move_group/lib:/home/kush/UR5_Project_New/install/moveit_ros_warehouse/lib:/home/kush/UR5_Project_New/install/moveit_ros_robot_interaction/lib:/home/kush/UR5_Project_New/install/moveit_kinematics/lib:/home/kush/UR5_Project_New/install/moveit_ros_planning/lib:/home/kush/UR5_Project_New/install/moveit_ros_occupancy_map_monitor/lib:/home/kush/UR5_Project_New/install/moveit_core/lib:/home/kush/UR5_Project_New/install/srdfdom/lib:${LD_LIBRARY_PATH} PATH=/home/kush/UR5_Project_New/install/moveit_core/bin:${PATH} PYTHONPATH=/home/kush/UR5_Project_New/install/srdfdom/local/lib/python3.10/dist-packages:${PYTHONPATH} /usr/bin/cmake --install /home/kush/UR5_Project_New/build/moveit_setup_core_plugins
[20.563s] -- Install configuration: "Release"
[20.664s] -- Up-to-date: /home/kush/UR5_Project_New/install/moveit_setup_core_plugins/lib/libmoveit_setup_core_plugins.so
[20.665s] -- Up-to-date: /home/kush/UR5_Project_New/install/moveit_setup_core_plugins/share/moveit_setup_core_plugins/moveit_setup_framework_plugins.xml
[20.665s] -- Up-to-date: /home/kush/UR5_Project_New/install/moveit_setup_core_plugins/include
[20.665s] -- Up-to-date: /home/kush/UR5_Project_New/install/moveit_setup_core_plugins/include/moveit_setup_core_plugins
[20.665s] -- Up-to-date: /home/kush/UR5_Project_New/install/moveit_setup_core_plugins/include/moveit_setup_core_plugins/author_information.hpp
[20.665s] -- Up-to-date: /home/kush/UR5_Project_New/install/moveit_setup_core_plugins/include/moveit_setup_core_plugins/configuration_files.hpp
[20.666s] -- Up-to-date: /home/kush/UR5_Project_New/install/moveit_setup_core_plugins/include/moveit_setup_core_plugins/author_information_widget.hpp
[20.666s] -- Up-to-date: /home/kush/UR5_Project_New/install/moveit_setup_core_plugins/include/moveit_setup_core_plugins/start_screen_widget.hpp
[20.669s] -- Up-to-date: /home/kush/UR5_Project_New/install/moveit_setup_core_plugins/include/moveit_setup_core_plugins/start_screen.hpp
[20.669s] -- Up-to-date: /home/kush/UR5_Project_New/install/moveit_setup_core_plugins/include/moveit_setup_core_plugins/configuration_files_widget.hpp
[20.670s] -- Up-to-date: /home/kush/UR5_Project_New/install/moveit_setup_core_plugins/share/moveit_setup_core_plugins/environment/library_path.sh
[20.670s] -- Installing: /home/kush/UR5_Project_New/install/moveit_setup_core_plugins/share/moveit_setup_core_plugins/environment/library_path.dsv
[20.671s] -- Up-to-date: /home/kush/UR5_Project_New/install/moveit_setup_core_plugins/share/moveit_setup_core_plugins/moveit_setup_framework_plugins.xml
[20.671s] -- Up-to-date: /home/kush/UR5_Project_New/install/moveit_setup_core_plugins/share/ament_index/resource_index/package_run_dependencies/moveit_setup_core_plugins
[20.672s] -- Up-to-date: /home/kush/UR5_Project_New/install/moveit_setup_core_plugins/share/ament_index/resource_index/parent_prefix_path/moveit_setup_core_plugins
[20.672s] -- Up-to-date: /home/kush/UR5_Project_New/install/moveit_setup_core_plugins/share/moveit_setup_core_plugins/environment/ament_prefix_path.sh
[20.672s] -- Installing: /home/kush/UR5_Project_New/install/moveit_setup_core_plugins/share/moveit_setup_core_plugins/environment/ament_prefix_path.dsv
[20.676s] -- Up-to-date: /home/kush/UR5_Project_New/install/moveit_setup_core_plugins/share/moveit_setup_core_plugins/environment/path.sh
[20.676s] -- Installing: /home/kush/UR5_Project_New/install/moveit_setup_core_plugins/share/moveit_setup_core_plugins/environment/path.dsv
[20.678s] -- Up-to-date: /home/kush/UR5_Project_New/install/moveit_setup_core_plugins/share/moveit_setup_core_plugins/local_setup.bash
[20.678s] -- Up-to-date: /home/kush/UR5_Project_New/install/moveit_setup_core_plugins/share/moveit_setup_core_plugins/local_setup.sh
[20.679s] -- Up-to-date: /home/kush/UR5_Project_New/install/moveit_setup_core_plugins/share/moveit_setup_core_plugins/local_setup.zsh
[20.680s] -- Installing: /home/kush/UR5_Project_New/install/moveit_setup_core_plugins/share/moveit_setup_core_plugins/local_setup.dsv
[20.681s] -- Installing: /home/kush/UR5_Project_New/install/moveit_setup_core_plugins/share/moveit_setup_core_plugins/package.dsv
[20.683s] -- Up-to-date: /home/kush/UR5_Project_New/install/moveit_setup_core_plugins/share/ament_index/resource_index/packages/moveit_setup_core_plugins
[20.683s] -- Up-to-date: /home/kush/UR5_Project_New/install/moveit_setup_core_plugins/share/ament_index/resource_index/moveit_setup_framework__pluginlib__plugin/moveit_setup_core_plugins
[20.699s] -- Up-to-date: /home/kush/UR5_Project_New/install/moveit_setup_core_plugins/share/moveit_setup_core_plugins/cmake/export_moveit_setup_core_pluginsExport.cmake
[20.700s] -- Up-to-date: /home/kush/UR5_Project_New/install/moveit_setup_core_plugins/share/moveit_setup_core_plugins/cmake/export_moveit_setup_core_pluginsExport-release.cmake
[20.701s] -- Up-to-date: /home/kush/UR5_Project_New/install/moveit_setup_core_plugins/share/moveit_setup_core_plugins/cmake/ament_cmake_export_include_directories-extras.cmake
[20.702s] -- Up-to-date: /home/kush/UR5_Project_New/install/moveit_setup_core_plugins/share/moveit_setup_core_plugins/cmake/ament_cmake_export_libraries-extras.cmake
[20.702s] -- Up-to-date: /home/kush/UR5_Project_New/install/moveit_setup_core_plugins/share/moveit_setup_core_plugins/cmake/ament_cmake_export_targets-extras.cmake
[20.704s] -- Up-to-date: /home/kush/UR5_Project_New/install/moveit_setup_core_plugins/share/moveit_setup_core_plugins/cmake/moveit_setup_core_pluginsConfig.cmake
[20.704s] -- Up-to-date: /home/kush/UR5_Project_New/install/moveit_setup_core_plugins/share/moveit_setup_core_plugins/cmake/moveit_setup_core_pluginsConfig-version.cmake
[20.704s] -- Up-to-date: /home/kush/UR5_Project_New/install/moveit_setup_core_plugins/share/moveit_setup_core_plugins/package.xml
[20.729s] Invoked command in '/home/kush/UR5_Project_New/build/moveit_setup_core_plugins' returned '0': AMENT_PREFIX_PATH=/home/kush/UR5_Project_New/install/moveit_setup_framework:/home/kush/UR5_Project_New/install/moveit_ros_visualization:/home/kush/UR5_Project_New/install/moveit_ros_planning_interface:/home/kush/UR5_Project_New/install/moveit_ros_move_group:/home/kush/UR5_Project_New/install/moveit_ros_warehouse:/home/kush/UR5_Project_New/install/moveit_ros_robot_interaction:/home/kush/UR5_Project_New/install/moveit_kinematics:/home/kush/UR5_Project_New/install/moveit_ros_planning:/home/kush/UR5_Project_New/install/moveit_ros_occupancy_map_monitor:/home/kush/UR5_Project_New/install/moveit_core:/home/kush/UR5_Project_New/install/srdfdom:/home/kush/UR5_Project_New/install/moveit_common:${AMENT_PREFIX_PATH} CMAKE_PREFIX_PATH=/home/kush/UR5_Project_New/install/moveit_setup_framework:/home/kush/UR5_Project_New/install/moveit_ros_visualization:/home/kush/UR5_Project_New/install/moveit_ros_planning_interface:/home/kush/UR5_Project_New/install/moveit_ros_move_group:/home/kush/UR5_Project_New/install/moveit_ros_warehouse:/home/kush/UR5_Project_New/install/moveit_ros_robot_interaction:/home/kush/UR5_Project_New/install/moveit_kinematics:/home/kush/UR5_Project_New/install/moveit_ros_planning:/home/kush/UR5_Project_New/install/moveit_ros_occupancy_map_monitor:/home/kush/UR5_Project_New/install/moveit_core:/home/kush/UR5_Project_New/install/srdfdom:/home/kush/UR5_Project_New/install/moveit_common:/opt/ros/humble LD_LIBRARY_PATH=/home/kush/UR5_Project_New/install/moveit_setup_framework/lib:/home/kush/UR5_Project_New/install/moveit_ros_visualization/lib:/home/kush/UR5_Project_New/install/moveit_ros_planning_interface/lib:/home/kush/UR5_Project_New/install/moveit_ros_move_group/lib:/home/kush/UR5_Project_New/install/moveit_ros_warehouse/lib:/home/kush/UR5_Project_New/install/moveit_ros_robot_interaction/lib:/home/kush/UR5_Project_New/install/moveit_kinematics/lib:/home/kush/UR5_Project_New/install/moveit_ros_planning/lib:/home/kush/UR5_Project_New/install/moveit_ros_occupancy_map_monitor/lib:/home/kush/UR5_Project_New/install/moveit_core/lib:/home/kush/UR5_Project_New/install/srdfdom/lib:${LD_LIBRARY_PATH} PATH=/home/kush/UR5_Project_New/install/moveit_core/bin:${PATH} PYTHONPATH=/home/kush/UR5_Project_New/install/srdfdom/local/lib/python3.10/dist-packages:${PYTHONPATH} /usr/bin/cmake --install /home/kush/UR5_Project_New/build/moveit_setup_core_plugins
