[0.064s] Invoking command in '/home/kush/UR5_Project_New/src/build/moveit_simple_controller_manager': AMENT_PREFIX_PATH=/home/kush/UR5_Project_New/src/install/moveit_core:/home/kush/UR5_Project_New/src/install/srdfdom:/home/kush/UR5_Project_New/src/install/moveit_common:${AMENT_PREFIX_PATH} CMAKE_PREFIX_PATH=/home/kush/UR5_Project_New/src/install/moveit_core:/home/kush/UR5_Project_New/src/install/srdfdom:/home/kush/UR5_Project_New/src/install/moveit_common:/opt/ros/humble LD_LIBRARY_PATH=/home/kush/UR5_Project_New/src/install/moveit_core/lib:/home/kush/UR5_Project_New/src/install/srdfdom/lib:${LD_LIBRARY_PATH} PATH=/home/kush/UR5_Project_New/src/install/moveit_core/bin:${PATH} PYTHONPATH=/home/kush/UR5_Project_New/src/install/srdfdom/local/lib/python3.10/dist-packages:${PYTHONPATH} /usr/bin/cmake /home/kush/UR5_Project_New/src/moveit2/moveit_plugins/moveit_simple_controller_manager -DCMAKE_INSTALL_PREFIX=/home/kush/UR5_Project_New/src/install/moveit_simple_controller_manager
[0.316s] -- The C compiler identification is GNU 11.4.0
[0.547s] -- The CXX compiler identification is GNU 11.4.0
[0.585s] -- Detecting C compiler ABI info
[0.885s] -- Detecting C compiler ABI info - done
[0.909s] -- Check for working C compiler: /usr/bin/cc - skipped
[0.909s] -- Detecting C compile features
[0.910s] -- Detecting C compile features - done
[0.918s] -- Detecting CXX compiler ABI info
[1.315s] -- Detecting CXX compiler ABI info - done
[1.345s] -- Check for working CXX compiler: /usr/bin/c++ - skipped
[1.346s] -- Detecting CXX compile features
[1.347s] -- Detecting CXX compile features - done
[1.351s] -- Found moveit_common: 2.5.4 (/home/kush/UR5_Project_New/src/install/moveit_common/share/moveit_common/cmake)
[1.356s] -- Found ament_cmake: 1.3.5 (/opt/ros/humble/share/ament_cmake/cmake)
[2.116s] -- Found Python3: /usr/bin/python3.10 (found version "3.10.12") found components: Interpreter 
[2.882s] -- Found libdw: /usr/lib/x86_64-linux-gnu/libdw.so  
[2.924s] -- Could NOT find libbfd (missing: LIBBFD_LIBRARY LIBBFD_INCLUDE_DIR) 
[2.927s] -- BACKWARD_HAS_UNWIND=1
[2.927s] -- BACKWARD_HAS_BACKTRACE=0
[2.927s] -- BACKWARD_HAS_BACKTRACE_SYMBOL=0
[2.927s] -- BACKWARD_HAS_DW=1
[2.927s] -- BACKWARD_HAS_BFD=0
[2.930s] -- Found Backward: /opt/ros/humble/share/backward_ros/cmake  
[2.939s] [0mmoveit_simple_controller_manager: You did not request a specific build type: Choosing 'Release' for maximum performance[0m
[2.940s] -- Found moveit_core: 2.5.4 (/home/kush/UR5_Project_New/src/install/moveit_core/share/moveit_core/cmake)
[3.929s] -- Found Boost: /usr/lib/x86_64-linux-gnu/cmake/Boost-1.74.0/BoostConfig.cmake (found version "1.74.0") found components: chrono date_time filesystem iostreams program_options regex serialization system thread 
[4.000s] -- Found parameter_traits: 0.3.3 (/opt/ros/humble/share/parameter_traits/cmake)
[4.122s] -- Found rosidl_generator_c: 3.1.5 (/opt/ros/humble/share/rosidl_generator_c/cmake)
[4.150s] -- Found rosidl_adapter: 3.1.5 (/opt/ros/humble/share/rosidl_adapter/cmake)
[4.219s] -- Found rosidl_generator_cpp: 3.1.5 (/opt/ros/humble/share/rosidl_generator_cpp/cmake)
[4.260s] -- Using all available rosidl_typesupport_c: rosidl_typesupport_fastrtps_c;rosidl_typesupport_introspection_c
[4.320s] -- Using all available rosidl_typesupport_cpp: rosidl_typesupport_fastrtps_cpp;rosidl_typesupport_introspection_cpp
[4.526s] -- Found rmw_implementation_cmake: 6.1.1 (/opt/ros/humble/share/rmw_implementation_cmake/cmake)
[4.534s] -- Found rmw_fastrtps_cpp: 6.2.3 (/opt/ros/humble/share/rmw_fastrtps_cpp/cmake)
[4.888s] -- Found OpenSSL: /usr/lib/x86_64-linux-gnu/libcrypto.so (found version "3.0.2")  
[4.995s] -- Found FastRTPS: /opt/ros/humble/include  
[5.143s] -- Using RMW implementation 'rmw_fastrtps_cpp' as default
[5.170s] -- Found Threads: TRUE  
[5.704s] -- Found rclcpp_lifecycle: 16.0.5 (/opt/ros/humble/share/rclcpp_lifecycle/cmake)
[5.842s] -- Found Boost: /usr/lib/x86_64-linux-gnu/cmake/Boost-1.74.0/BoostConfig.cmake (found version "1.74.0") found components: filesystem 
[6.250s] -- library: /usr/lib/x86_64-linux-gnu/libcurl.so
[7.402s] -- Found Eigen3: TRUE (found version "3.4.0") 
[7.402s] -- Ensuring Eigen3 include directory is part of orocos-kdl CMake target
[10.833s] -- Found control_msgs: 4.4.0 (/opt/ros/humble/share/control_msgs/cmake)
[11.716s] -- Found Boost: /usr/lib/x86_64-linux-gnu/cmake/Boost-1.74.0/BoostConfig.cmake (found version "1.74.0") found components: thread 
[11.733s] -- Found ament_lint_auto: 0.12.7 (/opt/ros/humble/share/ament_lint_auto/cmake)
[11.793s] -- Added test 'cppcheck' to perform static code analysis on C / C++ code
[11.793s] -- Configured cppcheck include dirs: /home/kush/UR5_Project_New/src/moveit2/moveit_plugins/moveit_simple_controller_manager/include
[11.794s] -- Configured cppcheck exclude dirs and/or files: 
[11.795s] -- Added test 'lint_cmake' to check CMake code style
[11.797s] -- Added test 'xmllint' to check XML markup files
[11.802s] -- Configuring done
[11.877s] -- Generating done
[11.882s] -- Build files have been written to: /home/kush/UR5_Project_New/src/build/moveit_simple_controller_manager
[11.935s] Invoked command in '/home/kush/UR5_Project_New/src/build/moveit_simple_controller_manager' returned '0': AMENT_PREFIX_PATH=/home/kush/UR5_Project_New/src/install/moveit_core:/home/kush/UR5_Project_New/src/install/srdfdom:/home/kush/UR5_Project_New/src/install/moveit_common:${AMENT_PREFIX_PATH} CMAKE_PREFIX_PATH=/home/kush/UR5_Project_New/src/install/moveit_core:/home/kush/UR5_Project_New/src/install/srdfdom:/home/kush/UR5_Project_New/src/install/moveit_common:/opt/ros/humble LD_LIBRARY_PATH=/home/kush/UR5_Project_New/src/install/moveit_core/lib:/home/kush/UR5_Project_New/src/install/srdfdom/lib:${LD_LIBRARY_PATH} PATH=/home/kush/UR5_Project_New/src/install/moveit_core/bin:${PATH} PYTHONPATH=/home/kush/UR5_Project_New/src/install/srdfdom/local/lib/python3.10/dist-packages:${PYTHONPATH} /usr/bin/cmake /home/kush/UR5_Project_New/src/moveit2/moveit_plugins/moveit_simple_controller_manager -DCMAKE_INSTALL_PREFIX=/home/kush/UR5_Project_New/src/install/moveit_simple_controller_manager
[11.936s] Invoking command in '/home/kush/UR5_Project_New/src/build/moveit_simple_controller_manager': AMENT_PREFIX_PATH=/home/kush/UR5_Project_New/src/install/moveit_core:/home/kush/UR5_Project_New/src/install/srdfdom:/home/kush/UR5_Project_New/src/install/moveit_common:${AMENT_PREFIX_PATH} CMAKE_PREFIX_PATH=/home/kush/UR5_Project_New/src/install/moveit_core:/home/kush/UR5_Project_New/src/install/srdfdom:/home/kush/UR5_Project_New/src/install/moveit_common:/opt/ros/humble LD_LIBRARY_PATH=/home/kush/UR5_Project_New/src/install/moveit_core/lib:/home/kush/UR5_Project_New/src/install/srdfdom/lib:${LD_LIBRARY_PATH} PATH=/home/kush/UR5_Project_New/src/install/moveit_core/bin:${PATH} PYTHONPATH=/home/kush/UR5_Project_New/src/install/srdfdom/local/lib/python3.10/dist-packages:${PYTHONPATH} /usr/bin/cmake --build /home/kush/UR5_Project_New/src/build/moveit_simple_controller_manager -- -j4 -l4
[12.238s] [ 33%] [32mBuilding CXX object CMakeFiles/moveit_simple_controller_manager.dir/src/moveit_simple_controller_manager.cpp.o[0m
[35.010s] [ 66%] [32mBuilding CXX object CMakeFiles/moveit_simple_controller_manager.dir/src/follow_joint_trajectory_controller_handle.cpp.o[0m
[51.043s] [100%] [32m[1mLinking CXX shared library libmoveit_simple_controller_manager.so[0m
[51.628s] [100%] Built target moveit_simple_controller_manager
[51.686s] Invoked command in '/home/kush/UR5_Project_New/src/build/moveit_simple_controller_manager' returned '0': AMENT_PREFIX_PATH=/home/kush/UR5_Project_New/src/install/moveit_core:/home/kush/UR5_Project_New/src/install/srdfdom:/home/kush/UR5_Project_New/src/install/moveit_common:${AMENT_PREFIX_PATH} CMAKE_PREFIX_PATH=/home/kush/UR5_Project_New/src/install/moveit_core:/home/kush/UR5_Project_New/src/install/srdfdom:/home/kush/UR5_Project_New/src/install/moveit_common:/opt/ros/humble LD_LIBRARY_PATH=/home/kush/UR5_Project_New/src/install/moveit_core/lib:/home/kush/UR5_Project_New/src/install/srdfdom/lib:${LD_LIBRARY_PATH} PATH=/home/kush/UR5_Project_New/src/install/moveit_core/bin:${PATH} PYTHONPATH=/home/kush/UR5_Project_New/src/install/srdfdom/local/lib/python3.10/dist-packages:${PYTHONPATH} /usr/bin/cmake --build /home/kush/UR5_Project_New/src/build/moveit_simple_controller_manager -- -j4 -l4
[51.763s] Invoking command in '/home/kush/UR5_Project_New/src/build/moveit_simple_controller_manager': AMENT_PREFIX_PATH=/home/kush/UR5_Project_New/src/install/moveit_core:/home/kush/UR5_Project_New/src/install/srdfdom:/home/kush/UR5_Project_New/src/install/moveit_common:${AMENT_PREFIX_PATH} CMAKE_PREFIX_PATH=/home/kush/UR5_Project_New/src/install/moveit_core:/home/kush/UR5_Project_New/src/install/srdfdom:/home/kush/UR5_Project_New/src/install/moveit_common:/opt/ros/humble LD_LIBRARY_PATH=/home/kush/UR5_Project_New/src/install/moveit_core/lib:/home/kush/UR5_Project_New/src/install/srdfdom/lib:${LD_LIBRARY_PATH} PATH=/home/kush/UR5_Project_New/src/install/moveit_core/bin:${PATH} PYTHONPATH=/home/kush/UR5_Project_New/src/install/srdfdom/local/lib/python3.10/dist-packages:${PYTHONPATH} /usr/bin/cmake --install /home/kush/UR5_Project_New/src/build/moveit_simple_controller_manager
[51.790s] -- Install configuration: "Release"
[51.790s] -- Installing: /home/kush/UR5_Project_New/src/install/moveit_simple_controller_manager/lib/libmoveit_simple_controller_manager.so.2.5.4
[51.790s] -- Set runtime path of "/home/kush/UR5_Project_New/src/install/moveit_simple_controller_manager/lib/libmoveit_simple_controller_manager.so.2.5.4" to ""
[51.790s] -- Installing: /home/kush/UR5_Project_New/src/install/moveit_simple_controller_manager/lib/libmoveit_simple_controller_manager.so
[51.791s] -- Installing: /home/kush/UR5_Project_New/src/install/moveit_simple_controller_manager/include
[51.791s] -- Installing: /home/kush/UR5_Project_New/src/install/moveit_simple_controller_manager/include/moveit_simple_controller_manager
[51.791s] -- Installing: /home/kush/UR5_Project_New/src/install/moveit_simple_controller_manager/include/moveit_simple_controller_manager/action_based_controller_handle.h
[51.792s] -- Installing: /home/kush/UR5_Project_New/src/install/moveit_simple_controller_manager/include/moveit_simple_controller_manager/follow_joint_trajectory_controller_handle.h
[51.795s] -- Installing: /home/kush/UR5_Project_New/src/install/moveit_simple_controller_manager/include/moveit_simple_controller_manager/empty_controller_handle.h
[51.798s] -- Installing: /home/kush/UR5_Project_New/src/install/moveit_simple_controller_manager/include/moveit_simple_controller_manager/gripper_controller_handle.h
[51.801s] -- Installing: /home/kush/UR5_Project_New/src/install/moveit_simple_controller_manager/share/moveit_simple_controller_manager/environment/library_path.sh
[51.804s] -- Installing: /home/kush/UR5_Project_New/src/install/moveit_simple_controller_manager/share/moveit_simple_controller_manager/environment/library_path.dsv
[51.805s] -- Installing: /home/kush/UR5_Project_New/src/install/moveit_simple_controller_manager/share/moveit_simple_controller_manager/moveit_simple_controller_manager_plugin_description.xml
[51.807s] -- Installing: /home/kush/UR5_Project_New/src/install/moveit_simple_controller_manager/share/ament_index/resource_index/package_run_dependencies/moveit_simple_controller_manager
[51.809s] -- Installing: /home/kush/UR5_Project_New/src/install/moveit_simple_controller_manager/share/ament_index/resource_index/parent_prefix_path/moveit_simple_controller_manager
[51.810s] -- Installing: /home/kush/UR5_Project_New/src/install/moveit_simple_controller_manager/share/moveit_simple_controller_manager/environment/ament_prefix_path.sh
[51.810s] -- Installing: /home/kush/UR5_Project_New/src/install/moveit_simple_controller_manager/share/moveit_simple_controller_manager/environment/ament_prefix_path.dsv
[51.812s] -- Installing: /home/kush/UR5_Project_New/src/install/moveit_simple_controller_manager/share/moveit_simple_controller_manager/environment/path.sh
[51.813s] -- Installing: /home/kush/UR5_Project_New/src/install/moveit_simple_controller_manager/share/moveit_simple_controller_manager/environment/path.dsv
[51.814s] -- Installing: /home/kush/UR5_Project_New/src/install/moveit_simple_controller_manager/share/moveit_simple_controller_manager/local_setup.bash
[51.814s] -- Installing: /home/kush/UR5_Project_New/src/install/moveit_simple_controller_manager/share/moveit_simple_controller_manager/local_setup.sh
[51.817s] -- Installing: /home/kush/UR5_Project_New/src/install/moveit_simple_controller_manager/share/moveit_simple_controller_manager/local_setup.zsh
[51.818s] -- Installing: /home/kush/UR5_Project_New/src/install/moveit_simple_controller_manager/share/moveit_simple_controller_manager/local_setup.dsv
[51.818s] -- Installing: /home/kush/UR5_Project_New/src/install/moveit_simple_controller_manager/share/moveit_simple_controller_manager/package.dsv
[51.819s] -- Installing: /home/kush/UR5_Project_New/src/install/moveit_simple_controller_manager/share/ament_index/resource_index/packages/moveit_simple_controller_manager
[51.825s] -- Installing: /home/kush/UR5_Project_New/src/install/moveit_simple_controller_manager/share/ament_index/resource_index/moveit_core__pluginlib__plugin/moveit_simple_controller_manager
[51.826s] -- Installing: /home/kush/UR5_Project_New/src/install/moveit_simple_controller_manager/share/moveit_simple_controller_manager/cmake/export_moveit_simple_controller_managerExport.cmake
[51.826s] -- Installing: /home/kush/UR5_Project_New/src/install/moveit_simple_controller_manager/share/moveit_simple_controller_manager/cmake/export_moveit_simple_controller_managerExport-release.cmake
[51.827s] -- Installing: /home/kush/UR5_Project_New/src/install/moveit_simple_controller_manager/share/moveit_simple_controller_manager/cmake/ConfigExtras.cmake
[51.827s] -- Installing: /home/kush/UR5_Project_New/src/install/moveit_simple_controller_manager/share/moveit_simple_controller_manager/cmake/ament_cmake_export_targets-extras.cmake
[51.827s] -- Installing: /home/kush/UR5_Project_New/src/install/moveit_simple_controller_manager/share/moveit_simple_controller_manager/cmake/ament_cmake_export_dependencies-extras.cmake
[51.828s] -- Installing: /home/kush/UR5_Project_New/src/install/moveit_simple_controller_manager/share/moveit_simple_controller_manager/cmake/moveit_simple_controller_managerConfig.cmake
[51.828s] -- Installing: /home/kush/UR5_Project_New/src/install/moveit_simple_controller_manager/share/moveit_simple_controller_manager/cmake/moveit_simple_controller_managerConfig-version.cmake
[51.829s] -- Installing: /home/kush/UR5_Project_New/src/install/moveit_simple_controller_manager/share/moveit_simple_controller_manager/package.xml
[51.839s] Invoked command in '/home/kush/UR5_Project_New/src/build/moveit_simple_controller_manager' returned '0': AMENT_PREFIX_PATH=/home/kush/UR5_Project_New/src/install/moveit_core:/home/kush/UR5_Project_New/src/install/srdfdom:/home/kush/UR5_Project_New/src/install/moveit_common:${AMENT_PREFIX_PATH} CMAKE_PREFIX_PATH=/home/kush/UR5_Project_New/src/install/moveit_core:/home/kush/UR5_Project_New/src/install/srdfdom:/home/kush/UR5_Project_New/src/install/moveit_common:/opt/ros/humble LD_LIBRARY_PATH=/home/kush/UR5_Project_New/src/install/moveit_core/lib:/home/kush/UR5_Project_New/src/install/srdfdom/lib:${LD_LIBRARY_PATH} PATH=/home/kush/UR5_Project_New/src/install/moveit_core/bin:${PATH} PYTHONPATH=/home/kush/UR5_Project_New/src/install/srdfdom/local/lib/python3.10/dist-packages:${PYTHONPATH} /usr/bin/cmake --install /home/kush/UR5_Project_New/src/build/moveit_simple_controller_manager
