[0.111s] Invoking command in '/home/kush/UR5_Project_New/build/moveit_common': CMAKE_PREFIX_PATH=${CMAKE_PREFIX_PATH}:/home/kush/ws_moveit2_ur5/install/moveit_configs_utils:/home/kush/ws_moveit2_ur5/install/launch_param_builder:/opt/ros/humble /usr/bin/cmake /home/kush/UR5_Project_New/src/moveit2/moveit_common -DCMAKE_BUILD_TYPE=Release -DCMAKE_INSTALL_PREFIX=/home/kush/UR5_Project_New/install/moveit_common
[0.912s] -- Found ament_cmake: 1.3.5 (/opt/ros/humble/share/ament_cmake/cmake)
[0.913s] -- Found Python3: /usr/bin/python3.10 (found version "3.10.12") found components: Interpreter 
[1.298s] -- Found ament_lint_auto: 0.12.7 (/opt/ros/humble/share/ament_lint_auto/cmake)
[1.806s] -- Added test 'copyright' to check source files copyright and LICENSE
[1.821s] -- Added test 'lint_cmake' to check CMake code style
[1.825s] -- Added test 'xmllint' to check XML markup files
[1.845s] -- Configuring done
[1.850s] -- Generating done
[1.852s] -- Build files have been written to: /home/kush/UR5_Project_New/build/moveit_common
[1.871s] Invoked command in '/home/kush/UR5_Project_New/build/moveit_common' returned '0': CMAKE_PREFIX_PATH=${CMAKE_PREFIX_PATH}:/home/kush/ws_moveit2_ur5/install/moveit_configs_utils:/home/kush/ws_moveit2_ur5/install/launch_param_builder:/opt/ros/humble /usr/bin/cmake /home/kush/UR5_Project_New/src/moveit2/moveit_common -DCMAKE_BUILD_TYPE=Release -DCMAKE_INSTALL_PREFIX=/home/kush/UR5_Project_New/install/moveit_common
[1.872s] Invoking command in '/home/kush/UR5_Project_New/build/moveit_common': CMAKE_PREFIX_PATH=${CMAKE_PREFIX_PATH}:/home/kush/ws_moveit2_ur5/install/moveit_configs_utils:/home/kush/ws_moveit2_ur5/install/launch_param_builder:/opt/ros/humble /usr/bin/cmake --build /home/kush/UR5_Project_New/build/moveit_common -- -j4 -l4
[2.160s] Invoked command in '/home/kush/UR5_Project_New/build/moveit_common' returned '0': CMAKE_PREFIX_PATH=${CMAKE_PREFIX_PATH}:/home/kush/ws_moveit2_ur5/install/moveit_configs_utils:/home/kush/ws_moveit2_ur5/install/launch_param_builder:/opt/ros/humble /usr/bin/cmake --build /home/kush/UR5_Project_New/build/moveit_common -- -j4 -l4
[2.385s] Invoking command in '/home/kush/UR5_Project_New/build/moveit_common': CMAKE_PREFIX_PATH=${CMAKE_PREFIX_PATH}:/home/kush/ws_moveit2_ur5/install/moveit_configs_utils:/home/kush/ws_moveit2_ur5/install/launch_param_builder:/opt/ros/humble /usr/bin/cmake --install /home/kush/UR5_Project_New/build/moveit_common
[2.428s] -- Install configuration: "Release"
[2.430s] -- Installing: /home/kush/UR5_Project_New/install/moveit_common/share/ament_index/resource_index/package_run_dependencies/moveit_common
[2.434s] -- Installing: /home/kush/UR5_Project_New/install/moveit_common/share/ament_index/resource_index/parent_prefix_path/moveit_common
[2.445s] -- Installing: /home/kush/UR5_Project_New/install/moveit_common/share/moveit_common/environment/ament_prefix_path.sh
[2.447s] -- Installing: /home/kush/UR5_Project_New/install/moveit_common/share/moveit_common/environment/ament_prefix_path.dsv
[2.447s] -- Installing: /home/kush/UR5_Project_New/install/moveit_common/share/moveit_common/environment/path.sh
[2.447s] -- Installing: /home/kush/UR5_Project_New/install/moveit_common/share/moveit_common/environment/path.dsv
[2.448s] -- Installing: /home/kush/UR5_Project_New/install/moveit_common/share/moveit_common/local_setup.bash
[2.448s] -- Installing: /home/kush/UR5_Project_New/install/moveit_common/share/moveit_common/local_setup.sh
[2.465s] -- Installing: /home/kush/UR5_Project_New/install/moveit_common/share/moveit_common/local_setup.zsh
[2.465s] -- Installing: /home/kush/UR5_Project_New/install/moveit_common/share/moveit_common/local_setup.dsv
[2.466s] -- Installing: /home/kush/UR5_Project_New/install/moveit_common/share/moveit_common/package.dsv
[2.466s] -- Installing: /home/kush/UR5_Project_New/install/moveit_common/share/ament_index/resource_index/packages/moveit_common
[2.469s] -- Installing: /home/kush/UR5_Project_New/install/moveit_common/share/moveit_common/cmake/moveit_common-extras.cmake
[2.469s] -- Installing: /home/kush/UR5_Project_New/install/moveit_common/share/moveit_common/cmake/moveit_commonConfig.cmake
[2.470s] -- Installing: /home/kush/UR5_Project_New/install/moveit_common/share/moveit_common/cmake/moveit_commonConfig-version.cmake
[2.473s] -- Installing: /home/kush/UR5_Project_New/install/moveit_common/share/moveit_common/package.xml
[2.473s] -- Up-to-date: /home/kush/UR5_Project_New/install/moveit_common/share/moveit_common/cmake
[2.473s] -- Installing: /home/kush/UR5_Project_New/install/moveit_common/share/moveit_common/cmake/moveit_package.cmake
[2.491s] Invoked command in '/home/kush/UR5_Project_New/build/moveit_common' returned '0': CMAKE_PREFIX_PATH=${CMAKE_PREFIX_PATH}:/home/kush/ws_moveit2_ur5/install/moveit_configs_utils:/home/kush/ws_moveit2_ur5/install/launch_param_builder:/opt/ros/humble /usr/bin/cmake --install /home/kush/UR5_Project_New/build/moveit_common
