[0.192s] Invoking command in '/home/kush/UR5_Project_New/build/srdfdom': CMAKE_PREFIX_PATH=/opt/ros/humble /usr/bin/cmake /home/kush/UR5_Project_New/src/srdfdom -DCMAKE_INSTALL_PREFIX=/home/kush/UR5_Project_New/install/srdfdom
[2.278s] -- Found ament_cmake: 1.3.5 (/opt/ros/humble/share/ament_cmake/cmake)
[4.008s] -- Found urdf: 2.6.0 (/opt/ros/humble/share/urdf/cmake)
[6.397s] -- Found ament_cmake_gtest: 1.3.5 (/opt/ros/humble/share/ament_cmake_gtest/cmake)
[6.464s] -- Found ament_cmake_pytest: 1.3.5 (/opt/ros/humble/share/ament_cmake_pytest/cmake)
[18.579s] -- Found gtest sources under '/opt/ros/humble/src/gtest_vendor': C++ tests using 'Google Test' will be built
[18.830s] -- Found ament_lint_auto: 0.12.7 (/opt/ros/humble/share/ament_lint_auto/cmake)
[18.968s] -- Configuring done
[19.258s] -- Generating done
[19.264s] -- Build files have been written to: /home/kush/UR5_Project_New/build/srdfdom
[19.280s] Invoked command in '/home/kush/UR5_Project_New/build/srdfdom' returned '0': CMAKE_PREFIX_PATH=/opt/ros/humble /usr/bin/cmake /home/kush/UR5_Project_New/src/srdfdom -DCMAKE_INSTALL_PREFIX=/home/kush/UR5_Project_New/install/srdfdom
[19.281s] Invoking command in '/home/kush/UR5_Project_New/build/srdfdom': CMAKE_PREFIX_PATH=/opt/ros/humble /usr/bin/cmake --build /home/kush/UR5_Project_New/build/srdfdom -- -j4 -l4
[19.626s] [35m[1mConsolidate compiler generated dependencies of target srdfdom[0m
[19.841s] [ 27%] Built target srdfdom
[19.875s] [35m[1mConsolidate compiler generated dependencies of target gtest[0m
[20.051s] [ 45%] Built target gtest
[20.087s] [35m[1mConsolidate compiler generated dependencies of target gtest_main[0m
[20.108s] [ 63%] Built target gtest_main
[20.254s] [ 63%] Built target ament_cmake_python_copy_srdfdom
[20.319s] [35m[1mConsolidate compiler generated dependencies of target test_cpp_nl_NL.UTF-8[0m
[20.580s] [ 81%] Built target test_cpp_nl_NL.UTF-8
[21.173s] running egg_info
[21.174s] writing srdfdom.egg-info/PKG-INFO
[21.175s] writing dependency_links to srdfdom.egg-info/dependency_links.txt
[21.175s] writing top-level names to srdfdom.egg-info/top_level.txt
[21.178s] reading manifest file 'srdfdom.egg-info/SOURCES.txt'
[21.216s] writing manifest file 'srdfdom.egg-info/SOURCES.txt'
[21.274s] [ 81%] Built target ament_cmake_python_build_srdfdom_egg
[21.361s] [35m[1mConsolidate compiler generated dependencies of target test_cpp_C[0m
[21.384s] [100%] Built target test_cpp_C
[21.403s] Invoked command in '/home/kush/UR5_Project_New/build/srdfdom' returned '0': CMAKE_PREFIX_PATH=/opt/ros/humble /usr/bin/cmake --build /home/kush/UR5_Project_New/build/srdfdom -- -j4 -l4
[21.473s] Invoking command in '/home/kush/UR5_Project_New/build/srdfdom': CMAKE_PREFIX_PATH=/opt/ros/humble /usr/bin/cmake --install /home/kush/UR5_Project_New/build/srdfdom
[21.486s] -- Install configuration: "Release"
[21.561s] -- Up-to-date: /home/kush/UR5_Project_New/install/srdfdom/lib/libsrdfdom.so.2.0.4
[21.562s] -- Up-to-date: /home/kush/UR5_Project_New/install/srdfdom/lib/libsrdfdom.so
[21.562s] -- Up-to-date: /home/kush/UR5_Project_New/install/srdfdom/include/srdfdom
[21.562s] -- Up-to-date: /home/kush/UR5_Project_New/install/srdfdom/include/srdfdom/visibility_control.h
[21.562s] -- Up-to-date: /home/kush/UR5_Project_New/install/srdfdom/include/srdfdom/model.h
[21.563s] -- Up-to-date: /home/kush/UR5_Project_New/install/srdfdom/include/srdfdom/srdf_writer.h
[21.563s] -- Up-to-date: /home/kush/UR5_Project_New/install/srdfdom/lib/srdfdom/display_srdf
[21.564s] -- Up-to-date: /home/kush/UR5_Project_New/install/srdfdom/share/srdfdom/environment/pythonpath.sh
[21.564s] -- Installing: /home/kush/UR5_Project_New/install/srdfdom/share/srdfdom/environment/pythonpath.dsv
[21.564s] -- Up-to-date: /home/kush/UR5_Project_New/install/srdfdom/local/lib/python3.10/dist-packages/srdfdom-2.0.4-py3.10.egg-info
[21.564s] -- Installing: /home/kush/UR5_Project_New/install/srdfdom/local/lib/python3.10/dist-packages/srdfdom-2.0.4-py3.10.egg-info/SOURCES.txt
[21.564s] -- Installing: /home/kush/UR5_Project_New/install/srdfdom/local/lib/python3.10/dist-packages/srdfdom-2.0.4-py3.10.egg-info/dependency_links.txt
[21.564s] -- Installing: /home/kush/UR5_Project_New/install/srdfdom/local/lib/python3.10/dist-packages/srdfdom-2.0.4-py3.10.egg-info/PKG-INFO
[21.565s] -- Installing: /home/kush/UR5_Project_New/install/srdfdom/local/lib/python3.10/dist-packages/srdfdom-2.0.4-py3.10.egg-info/top_level.txt
[21.565s] -- Up-to-date: /home/kush/UR5_Project_New/install/srdfdom/local/lib/python3.10/dist-packages/srdfdom
[21.567s] -- Up-to-date: /home/kush/UR5_Project_New/install/srdfdom/local/lib/python3.10/dist-packages/srdfdom/__init__.py
[21.568s] -- Up-to-date: /home/kush/UR5_Project_New/install/srdfdom/local/lib/python3.10/dist-packages/srdfdom/srdf.py
[21.785s] Listing '/home/kush/UR5_Project_New/install/srdfdom/local/lib/python3.10/dist-packages/srdfdom'...
[21.793s] -- Up-to-date: /home/kush/UR5_Project_New/install/srdfdom/share/srdfdom/environment/library_path.sh
[21.794s] -- Installing: /home/kush/UR5_Project_New/install/srdfdom/share/srdfdom/environment/library_path.dsv
[21.794s] -- Up-to-date: /home/kush/UR5_Project_New/install/srdfdom/share/ament_index/resource_index/package_run_dependencies/srdfdom
[21.795s] -- Installing: /home/kush/UR5_Project_New/install/srdfdom/share/ament_index/resource_index/parent_prefix_path/srdfdom
[21.796s] -- Up-to-date: /home/kush/UR5_Project_New/install/srdfdom/share/srdfdom/environment/ament_prefix_path.sh
[21.796s] -- Installing: /home/kush/UR5_Project_New/install/srdfdom/share/srdfdom/environment/ament_prefix_path.dsv
[21.796s] -- Up-to-date: /home/kush/UR5_Project_New/install/srdfdom/share/srdfdom/environment/path.sh
[21.796s] -- Installing: /home/kush/UR5_Project_New/install/srdfdom/share/srdfdom/environment/path.dsv
[21.796s] -- Up-to-date: /home/kush/UR5_Project_New/install/srdfdom/share/srdfdom/local_setup.bash
[21.797s] -- Up-to-date: /home/kush/UR5_Project_New/install/srdfdom/share/srdfdom/local_setup.sh
[21.797s] -- Up-to-date: /home/kush/UR5_Project_New/install/srdfdom/share/srdfdom/local_setup.zsh
[21.797s] -- Installing: /home/kush/UR5_Project_New/install/srdfdom/share/srdfdom/local_setup.dsv
[21.797s] -- Installing: /home/kush/UR5_Project_New/install/srdfdom/share/srdfdom/package.dsv
[21.798s] -- Up-to-date: /home/kush/UR5_Project_New/install/srdfdom/share/ament_index/resource_index/packages/srdfdom
[21.816s] -- Up-to-date: /home/kush/UR5_Project_New/install/srdfdom/share/srdfdom/cmake/srdfdomTargetsExport.cmake
[21.817s] -- Up-to-date: /home/kush/UR5_Project_New/install/srdfdom/share/srdfdom/cmake/srdfdomTargetsExport-release.cmake
[21.817s] -- Up-to-date: /home/kush/UR5_Project_New/install/srdfdom/share/srdfdom/cmake/ament_cmake_export_targets-extras.cmake
[21.817s] -- Up-to-date: /home/kush/UR5_Project_New/install/srdfdom/share/srdfdom/cmake/ament_cmake_export_dependencies-extras.cmake
[21.817s] -- Up-to-date: /home/kush/UR5_Project_New/install/srdfdom/share/srdfdom/cmake/srdfdomConfig.cmake
[21.817s] -- Up-to-date: /home/kush/UR5_Project_New/install/srdfdom/share/srdfdom/cmake/srdfdomConfig-version.cmake
[21.819s] -- Up-to-date: /home/kush/UR5_Project_New/install/srdfdom/share/srdfdom/package.xml
[21.827s] Invoked command in '/home/kush/UR5_Project_New/build/srdfdom' returned '0': CMAKE_PREFIX_PATH=/opt/ros/humble /usr/bin/cmake --install /home/kush/UR5_Project_New/build/srdfdom
