[0.046s] Invoking command in '/home/kush/UR5_Project_New/src/build/moveit_resources_fanuc_moveit_config': AMENT_PREFIX_PATH=/home/kush/UR5_Project_New/src/install/moveit_resources_fanuc_description:${AMENT_PREFIX_PATH} CMAKE_PREFIX_PATH=/home/kush/UR5_Project_New/src/install/moveit_resources_fanuc_description:/opt/ros/humble /usr/bin/cmake /home/kush/UR5_Project_New/src/moveit_resources/fanuc_moveit_config -DCMAKE_INSTALL_PREFIX=/home/kush/UR5_Project_New/src/install/moveit_resources_fanuc_moveit_config
[0.354s] -- The C compiler identification is GNU 11.4.0
[0.514s] -- The CXX compiler identification is GNU 11.4.0
[0.527s] -- Detecting C compiler ABI info
[0.689s] -- Detecting C compiler ABI info - done
[0.727s] -- Check for working C compiler: /usr/bin/cc - skipped
[0.727s] -- Detecting C compile features
[0.729s] -- Detecting C compile features - done
[0.755s] -- Detecting CXX compiler ABI info
[1.051s] -- Detecting CXX compiler ABI info - done
[1.073s] -- Check for working CXX compiler: /usr/bin/c++ - skipped
[1.073s] -- Detecting CXX compile features
[1.074s] -- Detecting CXX compile features - done
[1.079s] -- Found ament_cmake: 1.3.5 (/opt/ros/humble/share/ament_cmake/cmake)
[1.706s] -- Found Python3: /usr/bin/python3.10 (found version "3.10.12") found components: Interpreter 
[2.145s] -- Configuring done
[2.173s] -- Generating done
[2.176s] -- Build files have been written to: /home/kush/UR5_Project_New/src/build/moveit_resources_fanuc_moveit_config
[2.192s] Invoked command in '/home/kush/UR5_Project_New/src/build/moveit_resources_fanuc_moveit_config' returned '0': AMENT_PREFIX_PATH=/home/kush/UR5_Project_New/src/install/moveit_resources_fanuc_description:${AMENT_PREFIX_PATH} CMAKE_PREFIX_PATH=/home/kush/UR5_Project_New/src/install/moveit_resources_fanuc_description:/opt/ros/humble /usr/bin/cmake /home/kush/UR5_Project_New/src/moveit_resources/fanuc_moveit_config -DCMAKE_INSTALL_PREFIX=/home/kush/UR5_Project_New/src/install/moveit_resources_fanuc_moveit_config
[2.193s] Invoking command in '/home/kush/UR5_Project_New/src/build/moveit_resources_fanuc_moveit_config': AMENT_PREFIX_PATH=/home/kush/UR5_Project_New/src/install/moveit_resources_fanuc_description:${AMENT_PREFIX_PATH} CMAKE_PREFIX_PATH=/home/kush/UR5_Project_New/src/install/moveit_resources_fanuc_description:/opt/ros/humble /usr/bin/cmake --build /home/kush/UR5_Project_New/src/build/moveit_resources_fanuc_moveit_config -- -j4 -l4
[2.301s] Invoked command in '/home/kush/UR5_Project_New/src/build/moveit_resources_fanuc_moveit_config' returned '0': AMENT_PREFIX_PATH=/home/kush/UR5_Project_New/src/install/moveit_resources_fanuc_description:${AMENT_PREFIX_PATH} CMAKE_PREFIX_PATH=/home/kush/UR5_Project_New/src/install/moveit_resources_fanuc_description:/opt/ros/humble /usr/bin/cmake --build /home/kush/UR5_Project_New/src/build/moveit_resources_fanuc_moveit_config -- -j4 -l4
[2.377s] Invoking command in '/home/kush/UR5_Project_New/src/build/moveit_resources_fanuc_moveit_config': AMENT_PREFIX_PATH=/home/kush/UR5_Project_New/src/install/moveit_resources_fanuc_description:${AMENT_PREFIX_PATH} CMAKE_PREFIX_PATH=/home/kush/UR5_Project_New/src/install/moveit_resources_fanuc_description:/opt/ros/humble /usr/bin/cmake --install /home/kush/UR5_Project_New/src/build/moveit_resources_fanuc_moveit_config
[2.398s] -- Install configuration: ""
[2.399s] -- Installing: /home/kush/UR5_Project_New/src/install/moveit_resources_fanuc_moveit_config/share/ament_index/resource_index/package_run_dependencies/moveit_resources_fanuc_moveit_config
[2.400s] -- Installing: /home/kush/UR5_Project_New/src/install/moveit_resources_fanuc_moveit_config/share/ament_index/resource_index/parent_prefix_path/moveit_resources_fanuc_moveit_config
[2.401s] -- Installing: /home/kush/UR5_Project_New/src/install/moveit_resources_fanuc_moveit_config/share/moveit_resources_fanuc_moveit_config/environment/ament_prefix_path.sh
[2.402s] -- Installing: /home/kush/UR5_Project_New/src/install/moveit_resources_fanuc_moveit_config/share/moveit_resources_fanuc_moveit_config/environment/ament_prefix_path.dsv
[2.403s] -- Installing: /home/kush/UR5_Project_New/src/install/moveit_resources_fanuc_moveit_config/share/moveit_resources_fanuc_moveit_config/environment/path.sh
[2.403s] -- Installing: /home/kush/UR5_Project_New/src/install/moveit_resources_fanuc_moveit_config/share/moveit_resources_fanuc_moveit_config/environment/path.dsv
[2.404s] -- Installing: /home/kush/UR5_Project_New/src/install/moveit_resources_fanuc_moveit_config/share/moveit_resources_fanuc_moveit_config/local_setup.bash
[2.405s] -- Installing: /home/kush/UR5_Project_New/src/install/moveit_resources_fanuc_moveit_config/share/moveit_resources_fanuc_moveit_config/local_setup.sh
[2.405s] -- Installing: /home/kush/UR5_Project_New/src/install/moveit_resources_fanuc_moveit_config/share/moveit_resources_fanuc_moveit_config/local_setup.zsh
[2.406s] -- Installing: /home/kush/UR5_Project_New/src/install/moveit_resources_fanuc_moveit_config/share/moveit_resources_fanuc_moveit_config/local_setup.dsv
[2.406s] -- Installing: /home/kush/UR5_Project_New/src/install/moveit_resources_fanuc_moveit_config/share/moveit_resources_fanuc_moveit_config/package.dsv
[2.407s] -- Installing: /home/kush/UR5_Project_New/src/install/moveit_resources_fanuc_moveit_config/share/ament_index/resource_index/packages/moveit_resources_fanuc_moveit_config
[2.408s] -- Installing: /home/kush/UR5_Project_New/src/install/moveit_resources_fanuc_moveit_config/share/moveit_resources_fanuc_moveit_config/cmake/moveit_resources_fanuc_moveit_configConfig.cmake
[2.410s] -- Installing: /home/kush/UR5_Project_New/src/install/moveit_resources_fanuc_moveit_config/share/moveit_resources_fanuc_moveit_config/cmake/moveit_resources_fanuc_moveit_configConfig-version.cmake
[2.410s] -- Installing: /home/kush/UR5_Project_New/src/install/moveit_resources_fanuc_moveit_config/share/moveit_resources_fanuc_moveit_config/package.xml
[2.410s] -- Installing: /home/kush/UR5_Project_New/src/install/moveit_resources_fanuc_moveit_config/share/moveit_resources_fanuc_moveit_config/launch
[2.410s] -- Installing: /home/kush/UR5_Project_New/src/install/moveit_resources_fanuc_moveit_config/share/moveit_resources_fanuc_moveit_config/launch/demo.launch.py
[2.433s] -- Installing: /home/kush/UR5_Project_New/src/install/moveit_resources_fanuc_moveit_config/share/moveit_resources_fanuc_moveit_config/launch/moveit.rviz
[2.467s] -- Installing: /home/kush/UR5_Project_New/src/install/moveit_resources_fanuc_moveit_config/share/moveit_resources_fanuc_moveit_config/config
[2.468s] -- Installing: /home/kush/UR5_Project_New/src/install/moveit_resources_fanuc_moveit_config/share/moveit_resources_fanuc_moveit_config/config/pilz_cartesian_limits.yaml
[2.481s] -- Installing: /home/kush/UR5_Project_New/src/install/moveit_resources_fanuc_moveit_config/share/moveit_resources_fanuc_moveit_config/config/fanuc.ros2_control.xacro
[2.495s] -- Installing: /home/kush/UR5_Project_New/src/install/moveit_resources_fanuc_moveit_config/share/moveit_resources_fanuc_moveit_config/config/ompl_planning.yaml
[2.515s] -- Installing: /home/kush/UR5_Project_New/src/install/moveit_resources_fanuc_moveit_config/share/moveit_resources_fanuc_moveit_config/config/fanuc.srdf
[2.525s] -- Installing: /home/kush/UR5_Project_New/src/install/moveit_resources_fanuc_moveit_config/share/moveit_resources_fanuc_moveit_config/config/ros2_controllers.yaml
[2.525s] -- Installing: /home/kush/UR5_Project_New/src/install/moveit_resources_fanuc_moveit_config/share/moveit_resources_fanuc_moveit_config/config/sensors_3d.yaml
[2.525s] -- Installing: /home/kush/UR5_Project_New/src/install/moveit_resources_fanuc_moveit_config/share/moveit_resources_fanuc_moveit_config/config/chomp_planning.yaml
[2.526s] -- Installing: /home/kush/UR5_Project_New/src/install/moveit_resources_fanuc_moveit_config/share/moveit_resources_fanuc_moveit_config/config/joint_limits.yaml
[2.526s] -- Installing: /home/kush/UR5_Project_New/src/install/moveit_resources_fanuc_moveit_config/share/moveit_resources_fanuc_moveit_config/config/initial_positions.yaml
[2.526s] -- Installing: /home/kush/UR5_Project_New/src/install/moveit_resources_fanuc_moveit_config/share/moveit_resources_fanuc_moveit_config/config/fanuc.urdf.xacro
[2.527s] -- Installing: /home/kush/UR5_Project_New/src/install/moveit_resources_fanuc_moveit_config/share/moveit_resources_fanuc_moveit_config/config/moveit_controllers.yaml
[2.527s] -- Installing: /home/kush/UR5_Project_New/src/install/moveit_resources_fanuc_moveit_config/share/moveit_resources_fanuc_moveit_config/config/kinematics.yaml
[2.527s] -- Installing: /home/kush/UR5_Project_New/src/install/moveit_resources_fanuc_moveit_config/share/moveit_resources_fanuc_moveit_config/.setup_assistant
[2.539s] Invoked command in '/home/kush/UR5_Project_New/src/build/moveit_resources_fanuc_moveit_config' returned '0': AMENT_PREFIX_PATH=/home/kush/UR5_Project_New/src/install/moveit_resources_fanuc_description:${AMENT_PREFIX_PATH} CMAKE_PREFIX_PATH=/home/kush/UR5_Project_New/src/install/moveit_resources_fanuc_description:/opt/ros/humble /usr/bin/cmake --install /home/kush/UR5_Project_New/src/build/moveit_resources_fanuc_moveit_config
