[8.558s] Invoking command in '/home/kush/UR5_Project_New/src/launch_param_builder': PYTHONPATH=/home/kush/UR5_Project_New/src/build/launch_param_builder/prefix_override:/home/kush/UR5_Project_New/src/install/launch_param_builder/lib/python3.10/site-packages:${PYTHONPATH} /usr/bin/python3 setup.py egg_info --egg-base ../build/launch_param_builder build --build-base /home/kush/UR5_Project_New/src/build/launch_param_builder/build install --record /home/kush/UR5_Project_New/src/build/launch_param_builder/install.log --single-version-externally-managed
[9.131s] running egg_info
[9.133s] creating ../build/launch_param_builder/launch_param_builder.egg-info
[9.135s] writing ../build/launch_param_builder/launch_param_builder.egg-info/PKG-INFO
[9.142s] writing dependency_links to ../build/launch_param_builder/launch_param_builder.egg-info/dependency_links.txt
[9.144s] writing entry points to ../build/launch_param_builder/launch_param_builder.egg-info/entry_points.txt
[9.145s] writing requirements to ../build/launch_param_builder/launch_param_builder.egg-info/requires.txt
[9.145s] writing top-level names to ../build/launch_param_builder/launch_param_builder.egg-info/top_level.txt
[9.147s] writing manifest file '../build/launch_param_builder/launch_param_builder.egg-info/SOURCES.txt'
[9.155s] reading manifest file '../build/launch_param_builder/launch_param_builder.egg-info/SOURCES.txt'
[9.155s] adding license file 'LICENSE'
[9.158s] writing manifest file '../build/launch_param_builder/launch_param_builder.egg-info/SOURCES.txt'
[9.159s] running build
[9.159s] running build_py
[9.160s] creating /home/kush/UR5_Project_New/src/build/launch_param_builder/build
[9.160s] creating /home/kush/UR5_Project_New/src/build/launch_param_builder/build/lib
[9.160s] creating /home/kush/UR5_Project_New/src/build/launch_param_builder/build/lib/launch_param_builder
[9.161s] copying launch_param_builder/__init__.py -> /home/kush/UR5_Project_New/src/build/launch_param_builder/build/lib/launch_param_builder
[9.191s] copying launch_param_builder/launch_param_builder.py -> /home/kush/UR5_Project_New/src/build/launch_param_builder/build/lib/launch_param_builder
[9.191s] copying launch_param_builder/utils.py -> /home/kush/UR5_Project_New/src/build/launch_param_builder/build/lib/launch_param_builder
[9.204s] running install
[9.218s] /usr/lib/python3/dist-packages/setuptools/command/install.py:34: SetuptoolsDeprecationWarning: setup.py install is deprecated. Use build and pip and other standards-based tools.
[9.219s]   warnings.warn(
[9.219s] running install_lib
[9.222s] creating /home/kush/UR5_Project_New/src/install/launch_param_builder/lib/python3.10/site-packages/launch_param_builder
[9.226s] copying /home/kush/UR5_Project_New/src/build/launch_param_builder/build/lib/launch_param_builder/__init__.py -> /home/kush/UR5_Project_New/src/install/launch_param_builder/lib/python3.10/site-packages/launch_param_builder
[9.239s] copying /home/kush/UR5_Project_New/src/build/launch_param_builder/build/lib/launch_param_builder/launch_param_builder.py -> /home/kush/UR5_Project_New/src/install/launch_param_builder/lib/python3.10/site-packages/launch_param_builder
[9.240s] copying /home/kush/UR5_Project_New/src/build/launch_param_builder/build/lib/launch_param_builder/utils.py -> /home/kush/UR5_Project_New/src/install/launch_param_builder/lib/python3.10/site-packages/launch_param_builder
[9.240s] byte-compiling /home/kush/UR5_Project_New/src/install/launch_param_builder/lib/python3.10/site-packages/launch_param_builder/__init__.py to __init__.cpython-310.pyc
[9.240s] byte-compiling /home/kush/UR5_Project_New/src/install/launch_param_builder/lib/python3.10/site-packages/launch_param_builder/launch_param_builder.py to launch_param_builder.cpython-310.pyc
[9.240s] byte-compiling /home/kush/UR5_Project_New/src/install/launch_param_builder/lib/python3.10/site-packages/launch_param_builder/utils.py to utils.cpython-310.pyc
[9.241s] running install_data
[9.241s] creating /home/kush/UR5_Project_New/src/install/launch_param_builder/share/ament_index
[9.242s] creating /home/kush/UR5_Project_New/src/install/launch_param_builder/share/ament_index/resource_index
[9.242s] creating /home/kush/UR5_Project_New/src/install/launch_param_builder/share/ament_index/resource_index/packages
[9.242s] copying resource/launch_param_builder -> /home/kush/UR5_Project_New/src/install/launch_param_builder/share/ament_index/resource_index/packages
[9.242s] creating /home/kush/UR5_Project_New/src/install/launch_param_builder/share/launch_param_builder/launch
[9.242s] copying example/launch_param_builder_example.launch.py -> /home/kush/UR5_Project_New/src/install/launch_param_builder/share/launch_param_builder/launch
[9.244s] creating /home/kush/UR5_Project_New/src/install/launch_param_builder/share/launch_param_builder/config
[9.244s] copying test/data/param_file_to_inject.yaml -> /home/kush/UR5_Project_New/src/install/launch_param_builder/share/launch_param_builder/config
[9.253s] copying test/data/parameters.yaml -> /home/kush/UR5_Project_New/src/install/launch_param_builder/share/launch_param_builder/config
[9.255s] copying test/data/parameters_injection.yaml -> /home/kush/UR5_Project_New/src/install/launch_param_builder/share/launch_param_builder/config
[9.258s] copying test/data/parameter_file -> /home/kush/UR5_Project_New/src/install/launch_param_builder/share/launch_param_builder/config
[9.258s] copying test/data/parameter.xacro -> /home/kush/UR5_Project_New/src/install/launch_param_builder/share/launch_param_builder/config
[9.264s] copying package.xml -> /home/kush/UR5_Project_New/src/install/launch_param_builder/share/launch_param_builder
[9.266s] creating /home/kush/UR5_Project_New/src/install/launch_param_builder/lib/launch_param_builder
[9.266s] copying example/example_node.py -> /home/kush/UR5_Project_New/src/install/launch_param_builder/lib/launch_param_builder
[9.267s] running install_egg_info
[9.272s] Copying ../build/launch_param_builder/launch_param_builder.egg-info to /home/kush/UR5_Project_New/src/install/launch_param_builder/lib/python3.10/site-packages/launch_param_builder-0.1.1-py3.10.egg-info
[9.273s] running install_scripts
[9.345s] writing list of installed files to '/home/kush/UR5_Project_New/src/build/launch_param_builder/install.log'
[9.517s] Invoked command in '/home/kush/UR5_Project_New/src/launch_param_builder' returned '0': PYTHONPATH=/home/kush/UR5_Project_New/src/build/launch_param_builder/prefix_override:/home/kush/UR5_Project_New/src/install/launch_param_builder/lib/python3.10/site-packages:${PYTHONPATH} /usr/bin/python3 setup.py egg_info --egg-base ../build/launch_param_builder build --build-base /home/kush/UR5_Project_New/src/build/launch_param_builder/build install --record /home/kush/UR5_Project_New/src/build/launch_param_builder/install.log --single-version-externally-managed
