[0.113s] Invoking command in '/home/kush/UR5_Project_New/build/moveit_resources': AMENT_PREFIX_PATH=/home/kush/UR5_Project_New/install/moveit_resources_panda_moveit_config:/home/kush/UR5_Project_New/install/moveit_resources_fanuc_moveit_config:/home/kush/UR5_Project_New/install/moveit_resources_pr2_description:/home/kush/UR5_Project_New/install/moveit_resources_panda_description:/home/kush/UR5_Project_New/install/moveit_resources_fanuc_description:${AMENT_PREFIX_PATH} CMAKE_PREFIX_PATH=/home/kush/UR5_Project_New/install/moveit_resources_panda_moveit_config:/home/kush/UR5_Project_New/install/moveit_resources_fanuc_moveit_config:/home/kush/UR5_Project_New/install/moveit_resources_pr2_description:/home/kush/UR5_Project_New/install/moveit_resources_panda_description:/home/kush/UR5_Project_New/install/moveit_resources_fanuc_description:/opt/ros/humble /usr/bin/cmake --build /home/kush/UR5_Project_New/build/moveit_resources -- -j4 -l4
[0.288s] Invoked command in '/home/kush/UR5_Project_New/build/moveit_resources' returned '0': AMENT_PREFIX_PATH=/home/kush/UR5_Project_New/install/moveit_resources_panda_moveit_config:/home/kush/UR5_Project_New/install/moveit_resources_fanuc_moveit_config:/home/kush/UR5_Project_New/install/moveit_resources_pr2_description:/home/kush/UR5_Project_New/install/moveit_resources_panda_description:/home/kush/UR5_Project_New/install/moveit_resources_fanuc_description:${AMENT_PREFIX_PATH} CMAKE_PREFIX_PATH=/home/kush/UR5_Project_New/install/moveit_resources_panda_moveit_config:/home/kush/UR5_Project_New/install/moveit_resources_fanuc_moveit_config:/home/kush/UR5_Project_New/install/moveit_resources_pr2_description:/home/kush/UR5_Project_New/install/moveit_resources_panda_description:/home/kush/UR5_Project_New/install/moveit_resources_fanuc_description:/opt/ros/humble /usr/bin/cmake --build /home/kush/UR5_Project_New/build/moveit_resources -- -j4 -l4
[0.317s] Invoking command in '/home/kush/UR5_Project_New/build/moveit_resources': AMENT_PREFIX_PATH=/home/kush/UR5_Project_New/install/moveit_resources_panda_moveit_config:/home/kush/UR5_Project_New/install/moveit_resources_fanuc_moveit_config:/home/kush/UR5_Project_New/install/moveit_resources_pr2_description:/home/kush/UR5_Project_New/install/moveit_resources_panda_description:/home/kush/UR5_Project_New/install/moveit_resources_fanuc_description:${AMENT_PREFIX_PATH} CMAKE_PREFIX_PATH=/home/kush/UR5_Project_New/install/moveit_resources_panda_moveit_config:/home/kush/UR5_Project_New/install/moveit_resources_fanuc_moveit_config:/home/kush/UR5_Project_New/install/moveit_resources_pr2_description:/home/kush/UR5_Project_New/install/moveit_resources_panda_description:/home/kush/UR5_Project_New/install/moveit_resources_fanuc_description:/opt/ros/humble /usr/bin/cmake --install /home/kush/UR5_Project_New/build/moveit_resources
[0.348s] -- Install configuration: "Release"
[0.349s] -- Up-to-date: /home/kush/UR5_Project_New/install/moveit_resources/share/ament_index/resource_index/package_run_dependencies/moveit_resources
[0.349s] -- Up-to-date: /home/kush/UR5_Project_New/install/moveit_resources/share/ament_index/resource_index/parent_prefix_path/moveit_resources
[0.349s] -- Up-to-date: /home/kush/UR5_Project_New/install/moveit_resources/share/moveit_resources/environment/ament_prefix_path.sh
[0.349s] -- Up-to-date: /home/kush/UR5_Project_New/install/moveit_resources/share/moveit_resources/environment/ament_prefix_path.dsv
[0.350s] -- Up-to-date: /home/kush/UR5_Project_New/install/moveit_resources/share/moveit_resources/environment/path.sh
[0.350s] -- Up-to-date: /home/kush/UR5_Project_New/install/moveit_resources/share/moveit_resources/environment/path.dsv
[0.350s] -- Up-to-date: /home/kush/UR5_Project_New/install/moveit_resources/share/moveit_resources/local_setup.bash
[0.350s] -- Up-to-date: /home/kush/UR5_Project_New/install/moveit_resources/share/moveit_resources/local_setup.sh
[0.350s] -- Up-to-date: /home/kush/UR5_Project_New/install/moveit_resources/share/moveit_resources/local_setup.zsh
[0.350s] -- Up-to-date: /home/kush/UR5_Project_New/install/moveit_resources/share/moveit_resources/local_setup.dsv
[0.350s] -- Installing: /home/kush/UR5_Project_New/install/moveit_resources/share/moveit_resources/package.dsv
[0.383s] -- Up-to-date: /home/kush/UR5_Project_New/install/moveit_resources/share/ament_index/resource_index/packages/moveit_resources
[0.383s] -- Up-to-date: /home/kush/UR5_Project_New/install/moveit_resources/share/moveit_resources/cmake/moveit_resourcesConfig.cmake
[0.383s] -- Up-to-date: /home/kush/UR5_Project_New/install/moveit_resources/share/moveit_resources/cmake/moveit_resourcesConfig-version.cmake
[0.384s] -- Up-to-date: /home/kush/UR5_Project_New/install/moveit_resources/share/moveit_resources/package.xml
[0.388s] Invoked command in '/home/kush/UR5_Project_New/build/moveit_resources' returned '0': AMENT_PREFIX_PATH=/home/kush/UR5_Project_New/install/moveit_resources_panda_moveit_config:/home/kush/UR5_Project_New/install/moveit_resources_fanuc_moveit_config:/home/kush/UR5_Project_New/install/moveit_resources_pr2_description:/home/kush/UR5_Project_New/install/moveit_resources_panda_description:/home/kush/UR5_Project_New/install/moveit_resources_fanuc_description:${AMENT_PREFIX_PATH} CMAKE_PREFIX_PATH=/home/kush/UR5_Project_New/install/moveit_resources_panda_moveit_config:/home/kush/UR5_Project_New/install/moveit_resources_fanuc_moveit_config:/home/kush/UR5_Project_New/install/moveit_resources_pr2_description:/home/kush/UR5_Project_New/install/moveit_resources_panda_description:/home/kush/UR5_Project_New/install/moveit_resources_fanuc_description:/opt/ros/humble /usr/bin/cmake --install /home/kush/UR5_Project_New/build/moveit_resources
