[0.261s] Invoking command in '/home/kush/UR5_Project_New/build/moveit_hybrid_planning': AMENT_PREFIX_PATH=/home/kush/UR5_Project_New/install/moveit_ros_planning_interface:/home/kush/UR5_Project_New/install/moveit_ros_move_group:/home/kush/UR5_Project_New/install/moveit_ros_warehouse:/home/kush/UR5_Project_New/install/moveit_planners_ompl:/home/kush/UR5_Project_New/install/moveit_kinematics:/home/kush/UR5_Project_New/install/moveit_ros_planning:/home/kush/UR5_Project_New/install/moveit_ros_occupancy_map_monitor:/home/kush/UR5_Project_New/install/moveit_core:/home/kush/UR5_Project_New/install/moveit_resources_panda_moveit_config:/home/kush/UR5_Project_New/install/srdfdom:/home/kush/UR5_Project_New/install/moveit_resources_panda_description:/home/kush/UR5_Project_New/install/moveit_common:${AMENT_PREFIX_PATH} CMAKE_PREFIX_PATH=/home/kush/UR5_Project_New/install/moveit_ros_planning_interface:/home/kush/UR5_Project_New/install/moveit_ros_move_group:/home/kush/UR5_Project_New/install/moveit_ros_warehouse:/home/kush/UR5_Project_New/install/moveit_planners_ompl:/home/kush/UR5_Project_New/install/moveit_kinematics:/home/kush/UR5_Project_New/install/moveit_ros_planning:/home/kush/UR5_Project_New/install/moveit_ros_occupancy_map_monitor:/home/kush/UR5_Project_New/install/moveit_core:/home/kush/UR5_Project_New/install/moveit_resources_panda_moveit_config:/home/kush/UR5_Project_New/install/srdfdom:/home/kush/UR5_Project_New/install/moveit_resources_panda_description:/home/kush/UR5_Project_New/install/moveit_common:/opt/ros/humble LD_LIBRARY_PATH=/home/kush/UR5_Project_New/install/moveit_ros_planning_interface/lib:/home/kush/UR5_Project_New/install/moveit_ros_move_group/lib:/home/kush/UR5_Project_New/install/moveit_ros_warehouse/lib:/home/kush/UR5_Project_New/install/moveit_planners_ompl/lib:/home/kush/UR5_Project_New/install/moveit_kinematics/lib:/home/kush/UR5_Project_New/install/moveit_ros_planning/lib:/home/kush/UR5_Project_New/install/moveit_ros_occupancy_map_monitor/lib:/home/kush/UR5_Project_New/install/moveit_core/lib:/home/kush/UR5_Project_New/install/srdfdom/lib:${LD_LIBRARY_PATH} PATH=/home/kush/UR5_Project_New/install/moveit_core/bin:${PATH} PYTHONPATH=/home/kush/UR5_Project_New/install/srdfdom/local/lib/python3.10/dist-packages:${PYTHONPATH} /usr/bin/cmake /home/kush/UR5_Project_New/src/moveit2/moveit_ros/hybrid_planning -DCMAKE_INSTALL_PREFIX=/home/kush/UR5_Project_New/install/moveit_hybrid_planning
[0.367s] -- Found moveit_common: 2.5.4 (/home/kush/UR5_Project_New/install/moveit_common/share/moveit_common/cmake)
[0.377s] -- Found ament_cmake: 1.3.5 (/opt/ros/humble/share/ament_cmake/cmake)
[1.329s] -- Could NOT find libbfd (missing: LIBBFD_LIBRARY LIBBFD_INCLUDE_DIR) 
[1.330s] -- BACKWARD_HAS_UNWIND=1
[1.330s] -- BACKWARD_HAS_BACKTRACE=0
[1.330s] -- BACKWARD_HAS_BACKTRACE_SYMBOL=0
[1.330s] -- BACKWARD_HAS_DW=1
[1.330s] -- BACKWARD_HAS_BFD=0
[1.331s] -- Found Backward: /opt/ros/humble/share/backward_ros/cmake  
[1.333s] -- Found moveit_core: 2.5.4 (/home/kush/UR5_Project_New/install/moveit_core/share/moveit_core/cmake)
[1.370s] -- Found Boost: /usr/lib/x86_64-linux-gnu/cmake/Boost-1.74.0/BoostConfig.cmake (found version "1.74.0") found components: chrono date_time filesystem iostreams program_options regex serialization system thread 
[1.391s] -- Found parameter_traits: 0.3.3 (/opt/ros/humble/share/parameter_traits/cmake)
[1.456s] -- Found rosidl_generator_c: 3.1.5 (/opt/ros/humble/share/rosidl_generator_c/cmake)
[1.463s] -- Found rosidl_adapter: 3.1.5 (/opt/ros/humble/share/rosidl_adapter/cmake)
[1.479s] -- Found rosidl_generator_cpp: 3.1.5 (/opt/ros/humble/share/rosidl_generator_cpp/cmake)
[1.516s] -- Using all available rosidl_typesupport_c: rosidl_typesupport_fastrtps_c;rosidl_typesupport_introspection_c
[1.564s] -- Using all available rosidl_typesupport_cpp: rosidl_typesupport_fastrtps_cpp;rosidl_typesupport_introspection_cpp
[1.740s] -- Found rmw_implementation_cmake: 6.1.1 (/opt/ros/humble/share/rmw_implementation_cmake/cmake)
[1.746s] -- Found rmw_fastrtps_cpp: 6.2.3 (/opt/ros/humble/share/rmw_fastrtps_cpp/cmake)
[2.302s] -- Using RMW implementation 'rmw_fastrtps_cpp' as default
[3.472s] -- Found rclcpp_lifecycle: 16.0.5 (/opt/ros/humble/share/rclcpp_lifecycle/cmake)
[3.709s] -- Found Boost: /usr/lib/x86_64-linux-gnu/cmake/Boost-1.74.0/BoostConfig.cmake (found version "1.74.0") found components: filesystem 
[4.192s] -- library: /usr/lib/x86_64-linux-gnu/libcurl.so
[5.616s] -- Ensuring Eigen3 include directory is part of orocos-kdl CMake target
[11.357s] -- Found moveit_ros_planning: 2.5.4 (/home/kush/UR5_Project_New/install/moveit_ros_planning/share/moveit_ros_planning/cmake)
[11.382s] -- Found Boost: /usr/lib/x86_64-linux-gnu/cmake/Boost-1.74.0/BoostConfig.cmake (found version "1.74.0") found components: system filesystem date_time program_options thread chrono 
[12.520s] -- Found moveit_ros_planning_interface: 2.5.4 (/home/kush/UR5_Project_New/install/moveit_ros_planning_interface/share/moveit_ros_planning_interface/cmake)
[12.529s] -- Found Boost: /usr/lib/x86_64-linux-gnu/cmake/Boost-1.74.0/BoostConfig.cmake (found version "1.74.0") found components: date_time filesystem program_options system thread 
[13.050s] -- Found Boost: /usr/lib/x86_64-linux-gnu/cmake/Boost-1.74.0/BoostConfig.cmake (found version "1.74.0") found components: thread system filesystem regex date_time program_options 
[13.677s] -- Found Boost: /usr/lib/x86_64-linux-gnu/cmake/Boost-1.74.0/BoostConfig.cmake (found version "1.74.0") found components: system filesystem date_time program_options thread 
[16.218s] -- Found ament_lint_auto: 0.12.7 (/opt/ros/humble/share/ament_lint_auto/cmake)
[16.219s] -- Found ament_cmake_gtest: 1.3.5 (/opt/ros/humble/share/ament_cmake_gtest/cmake)
[16.220s] -- Found ros_testing: 0.4.0 (/opt/ros/humble/share/ros_testing/cmake)
[16.220s] -- Found launch_testing_ament_cmake: 1.0.4 (/opt/ros/humble/share/launch_testing_ament_cmake/cmake)
[16.221s] -- Found python_cmake_module: 0.10.0 (/opt/ros/humble/share/python_cmake_module/cmake)
[16.263s] -- Using PYTHON_EXECUTABLE: /usr/bin/python3
[16.263s] -- Using PYTHON_INCLUDE_DIRS: /usr/include/python3.10
[16.263s] -- Using PYTHON_LIBRARIES: /usr/lib/x86_64-linux-gnu/libpython3.10.so
[16.271s] -- Found Boost: /usr/lib/x86_64-linux-gnu/cmake/Boost-1.74.0/BoostConfig.cmake (found version "1.74.0") found components: filesystem 
[16.564s] -- Configuring done
[18.286s] -- Generating done
[18.325s] -- Build files have been written to: /home/kush/UR5_Project_New/build/moveit_hybrid_planning
[18.434s] Invoked command in '/home/kush/UR5_Project_New/build/moveit_hybrid_planning' returned '0': AMENT_PREFIX_PATH=/home/kush/UR5_Project_New/install/moveit_ros_planning_interface:/home/kush/UR5_Project_New/install/moveit_ros_move_group:/home/kush/UR5_Project_New/install/moveit_ros_warehouse:/home/kush/UR5_Project_New/install/moveit_planners_ompl:/home/kush/UR5_Project_New/install/moveit_kinematics:/home/kush/UR5_Project_New/install/moveit_ros_planning:/home/kush/UR5_Project_New/install/moveit_ros_occupancy_map_monitor:/home/kush/UR5_Project_New/install/moveit_core:/home/kush/UR5_Project_New/install/moveit_resources_panda_moveit_config:/home/kush/UR5_Project_New/install/srdfdom:/home/kush/UR5_Project_New/install/moveit_resources_panda_description:/home/kush/UR5_Project_New/install/moveit_common:${AMENT_PREFIX_PATH} CMAKE_PREFIX_PATH=/home/kush/UR5_Project_New/install/moveit_ros_planning_interface:/home/kush/UR5_Project_New/install/moveit_ros_move_group:/home/kush/UR5_Project_New/install/moveit_ros_warehouse:/home/kush/UR5_Project_New/install/moveit_planners_ompl:/home/kush/UR5_Project_New/install/moveit_kinematics:/home/kush/UR5_Project_New/install/moveit_ros_planning:/home/kush/UR5_Project_New/install/moveit_ros_occupancy_map_monitor:/home/kush/UR5_Project_New/install/moveit_core:/home/kush/UR5_Project_New/install/moveit_resources_panda_moveit_config:/home/kush/UR5_Project_New/install/srdfdom:/home/kush/UR5_Project_New/install/moveit_resources_panda_description:/home/kush/UR5_Project_New/install/moveit_common:/opt/ros/humble LD_LIBRARY_PATH=/home/kush/UR5_Project_New/install/moveit_ros_planning_interface/lib:/home/kush/UR5_Project_New/install/moveit_ros_move_group/lib:/home/kush/UR5_Project_New/install/moveit_ros_warehouse/lib:/home/kush/UR5_Project_New/install/moveit_planners_ompl/lib:/home/kush/UR5_Project_New/install/moveit_kinematics/lib:/home/kush/UR5_Project_New/install/moveit_ros_planning/lib:/home/kush/UR5_Project_New/install/moveit_ros_occupancy_map_monitor/lib:/home/kush/UR5_Project_New/install/moveit_core/lib:/home/kush/UR5_Project_New/install/srdfdom/lib:${LD_LIBRARY_PATH} PATH=/home/kush/UR5_Project_New/install/moveit_core/bin:${PATH} PYTHONPATH=/home/kush/UR5_Project_New/install/srdfdom/local/lib/python3.10/dist-packages:${PYTHONPATH} /usr/bin/cmake /home/kush/UR5_Project_New/src/moveit2/moveit_ros/hybrid_planning -DCMAKE_INSTALL_PREFIX=/home/kush/UR5_Project_New/install/moveit_hybrid_planning
[18.435s] Invoking command in '/home/kush/UR5_Project_New/build/moveit_hybrid_planning': AMENT_PREFIX_PATH=/home/kush/UR5_Project_New/install/moveit_ros_planning_interface:/home/kush/UR5_Project_New/install/moveit_ros_move_group:/home/kush/UR5_Project_New/install/moveit_ros_warehouse:/home/kush/UR5_Project_New/install/moveit_planners_ompl:/home/kush/UR5_Project_New/install/moveit_kinematics:/home/kush/UR5_Project_New/install/moveit_ros_planning:/home/kush/UR5_Project_New/install/moveit_ros_occupancy_map_monitor:/home/kush/UR5_Project_New/install/moveit_core:/home/kush/UR5_Project_New/install/moveit_resources_panda_moveit_config:/home/kush/UR5_Project_New/install/srdfdom:/home/kush/UR5_Project_New/install/moveit_resources_panda_description:/home/kush/UR5_Project_New/install/moveit_common:${AMENT_PREFIX_PATH} CMAKE_PREFIX_PATH=/home/kush/UR5_Project_New/install/moveit_ros_planning_interface:/home/kush/UR5_Project_New/install/moveit_ros_move_group:/home/kush/UR5_Project_New/install/moveit_ros_warehouse:/home/kush/UR5_Project_New/install/moveit_planners_ompl:/home/kush/UR5_Project_New/install/moveit_kinematics:/home/kush/UR5_Project_New/install/moveit_ros_planning:/home/kush/UR5_Project_New/install/moveit_ros_occupancy_map_monitor:/home/kush/UR5_Project_New/install/moveit_core:/home/kush/UR5_Project_New/install/moveit_resources_panda_moveit_config:/home/kush/UR5_Project_New/install/srdfdom:/home/kush/UR5_Project_New/install/moveit_resources_panda_description:/home/kush/UR5_Project_New/install/moveit_common:/opt/ros/humble LD_LIBRARY_PATH=/home/kush/UR5_Project_New/install/moveit_ros_planning_interface/lib:/home/kush/UR5_Project_New/install/moveit_ros_move_group/lib:/home/kush/UR5_Project_New/install/moveit_ros_warehouse/lib:/home/kush/UR5_Project_New/install/moveit_planners_ompl/lib:/home/kush/UR5_Project_New/install/moveit_kinematics/lib:/home/kush/UR5_Project_New/install/moveit_ros_planning/lib:/home/kush/UR5_Project_New/install/moveit_ros_occupancy_map_monitor/lib:/home/kush/UR5_Project_New/install/moveit_core/lib:/home/kush/UR5_Project_New/install/srdfdom/lib:${LD_LIBRARY_PATH} PATH=/home/kush/UR5_Project_New/install/moveit_core/bin:${PATH} PYTHONPATH=/home/kush/UR5_Project_New/install/srdfdom/local/lib/python3.10/dist-packages:${PYTHONPATH} /usr/bin/cmake --build /home/kush/UR5_Project_New/build/moveit_hybrid_planning -- -j4 -l4
[18.616s] [35m[1mConsolidate compiler generated dependencies of target moveit_hybrid_planning_manager[0m
[18.698s] [ 10%] Built target moveit_hybrid_planning_manager
[18.799s] [35m[1mConsolidate compiler generated dependencies of target moveit_local_planner_component[0m
[18.978s] [ 20%] Built target moveit_local_planner_component
[19.044s] [35m[1mConsolidate compiler generated dependencies of target simple_sampler_plugin[0m
[19.148s] [ 30%] Built target simple_sampler_plugin
[19.216s] [35m[1mConsolidate compiler generated dependencies of target forward_trajectory_plugin[0m
[19.359s] [ 40%] Built target forward_trajectory_plugin
[19.418s] [35m[1mConsolidate compiler generated dependencies of target single_plan_execution_plugin[0m
[19.505s] [ 50%] Built target single_plan_execution_plugin
[19.565s] [35m[1mConsolidate compiler generated dependencies of target motion_planning_pipeline_plugin[0m
[19.684s] [ 60%] Built target motion_planning_pipeline_plugin
[19.755s] [35m[1mConsolidate compiler generated dependencies of target replan_invalidated_trajectory_plugin[0m
[19.832s] [ 70%] Built target replan_invalidated_trajectory_plugin
[19.896s] [35m[1mConsolidate compiler generated dependencies of target moveit_global_planner_component[0m
[20.067s] [ 80%] Built target moveit_global_planner_component
[20.183s] [35m[1mConsolidate compiler generated dependencies of target cancel_action[0m
[20.284s] [ 90%] Built target cancel_action
[20.339s] [35m[1mConsolidate compiler generated dependencies of target hybrid_planning_demo_node[0m
[20.517s] [100%] Built target hybrid_planning_demo_node
[20.572s] Invoked command in '/home/kush/UR5_Project_New/build/moveit_hybrid_planning' returned '0': AMENT_PREFIX_PATH=/home/kush/UR5_Project_New/install/moveit_ros_planning_interface:/home/kush/UR5_Project_New/install/moveit_ros_move_group:/home/kush/UR5_Project_New/install/moveit_ros_warehouse:/home/kush/UR5_Project_New/install/moveit_planners_ompl:/home/kush/UR5_Project_New/install/moveit_kinematics:/home/kush/UR5_Project_New/install/moveit_ros_planning:/home/kush/UR5_Project_New/install/moveit_ros_occupancy_map_monitor:/home/kush/UR5_Project_New/install/moveit_core:/home/kush/UR5_Project_New/install/moveit_resources_panda_moveit_config:/home/kush/UR5_Project_New/install/srdfdom:/home/kush/UR5_Project_New/install/moveit_resources_panda_description:/home/kush/UR5_Project_New/install/moveit_common:${AMENT_PREFIX_PATH} CMAKE_PREFIX_PATH=/home/kush/UR5_Project_New/install/moveit_ros_planning_interface:/home/kush/UR5_Project_New/install/moveit_ros_move_group:/home/kush/UR5_Project_New/install/moveit_ros_warehouse:/home/kush/UR5_Project_New/install/moveit_planners_ompl:/home/kush/UR5_Project_New/install/moveit_kinematics:/home/kush/UR5_Project_New/install/moveit_ros_planning:/home/kush/UR5_Project_New/install/moveit_ros_occupancy_map_monitor:/home/kush/UR5_Project_New/install/moveit_core:/home/kush/UR5_Project_New/install/moveit_resources_panda_moveit_config:/home/kush/UR5_Project_New/install/srdfdom:/home/kush/UR5_Project_New/install/moveit_resources_panda_description:/home/kush/UR5_Project_New/install/moveit_common:/opt/ros/humble LD_LIBRARY_PATH=/home/kush/UR5_Project_New/install/moveit_ros_planning_interface/lib:/home/kush/UR5_Project_New/install/moveit_ros_move_group/lib:/home/kush/UR5_Project_New/install/moveit_ros_warehouse/lib:/home/kush/UR5_Project_New/install/moveit_planners_ompl/lib:/home/kush/UR5_Project_New/install/moveit_kinematics/lib:/home/kush/UR5_Project_New/install/moveit_ros_planning/lib:/home/kush/UR5_Project_New/install/moveit_ros_occupancy_map_monitor/lib:/home/kush/UR5_Project_New/install/moveit_core/lib:/home/kush/UR5_Project_New/install/srdfdom/lib:${LD_LIBRARY_PATH} PATH=/home/kush/UR5_Project_New/install/moveit_core/bin:${PATH} PYTHONPATH=/home/kush/UR5_Project_New/install/srdfdom/local/lib/python3.10/dist-packages:${PYTHONPATH} /usr/bin/cmake --build /home/kush/UR5_Project_New/build/moveit_hybrid_planning -- -j4 -l4
[20.656s] Invoking command in '/home/kush/UR5_Project_New/build/moveit_hybrid_planning': AMENT_PREFIX_PATH=/home/kush/UR5_Project_New/install/moveit_ros_planning_interface:/home/kush/UR5_Project_New/install/moveit_ros_move_group:/home/kush/UR5_Project_New/install/moveit_ros_warehouse:/home/kush/UR5_Project_New/install/moveit_planners_ompl:/home/kush/UR5_Project_New/install/moveit_kinematics:/home/kush/UR5_Project_New/install/moveit_ros_planning:/home/kush/UR5_Project_New/install/moveit_ros_occupancy_map_monitor:/home/kush/UR5_Project_New/install/moveit_core:/home/kush/UR5_Project_New/install/moveit_resources_panda_moveit_config:/home/kush/UR5_Project_New/install/srdfdom:/home/kush/UR5_Project_New/install/moveit_resources_panda_description:/home/kush/UR5_Project_New/install/moveit_common:${AMENT_PREFIX_PATH} CMAKE_PREFIX_PATH=/home/kush/UR5_Project_New/install/moveit_ros_planning_interface:/home/kush/UR5_Project_New/install/moveit_ros_move_group:/home/kush/UR5_Project_New/install/moveit_ros_warehouse:/home/kush/UR5_Project_New/install/moveit_planners_ompl:/home/kush/UR5_Project_New/install/moveit_kinematics:/home/kush/UR5_Project_New/install/moveit_ros_planning:/home/kush/UR5_Project_New/install/moveit_ros_occupancy_map_monitor:/home/kush/UR5_Project_New/install/moveit_core:/home/kush/UR5_Project_New/install/moveit_resources_panda_moveit_config:/home/kush/UR5_Project_New/install/srdfdom:/home/kush/UR5_Project_New/install/moveit_resources_panda_description:/home/kush/UR5_Project_New/install/moveit_common:/opt/ros/humble LD_LIBRARY_PATH=/home/kush/UR5_Project_New/install/moveit_ros_planning_interface/lib:/home/kush/UR5_Project_New/install/moveit_ros_move_group/lib:/home/kush/UR5_Project_New/install/moveit_ros_warehouse/lib:/home/kush/UR5_Project_New/install/moveit_planners_ompl/lib:/home/kush/UR5_Project_New/install/moveit_kinematics/lib:/home/kush/UR5_Project_New/install/moveit_ros_planning/lib:/home/kush/UR5_Project_New/install/moveit_ros_occupancy_map_monitor/lib:/home/kush/UR5_Project_New/install/moveit_core/lib:/home/kush/UR5_Project_New/install/srdfdom/lib:${LD_LIBRARY_PATH} PATH=/home/kush/UR5_Project_New/install/moveit_core/bin:${PATH} PYTHONPATH=/home/kush/UR5_Project_New/install/srdfdom/local/lib/python3.10/dist-packages:${PYTHONPATH} /usr/bin/cmake --install /home/kush/UR5_Project_New/build/moveit_hybrid_planning
[20.676s] -- Install configuration: "Release"
[20.711s] -- Up-to-date: /home/kush/UR5_Project_New/install/moveit_hybrid_planning/lib/libmoveit_global_planner_component.so.2.5.4
[20.711s] -- Up-to-date: /home/kush/UR5_Project_New/install/moveit_hybrid_planning/lib/libmoveit_global_planner_component.so
[20.750s] -- Up-to-date: /home/kush/UR5_Project_New/install/moveit_hybrid_planning/lib/libmoveit_hybrid_planning_manager.so.2.5.4
[20.751s] -- Up-to-date: /home/kush/UR5_Project_New/install/moveit_hybrid_planning/lib/libmoveit_hybrid_planning_manager.so
[20.779s] -- Up-to-date: /home/kush/UR5_Project_New/install/moveit_hybrid_planning/lib/libmoveit_local_planner_component.so.2.5.4
[20.779s] -- Up-to-date: /home/kush/UR5_Project_New/install/moveit_hybrid_planning/lib/libmoveit_local_planner_component.so
[20.840s] -- Up-to-date: /home/kush/UR5_Project_New/install/moveit_hybrid_planning/lib/libforward_trajectory_plugin.so.2.5.4
[20.840s] -- Up-to-date: /home/kush/UR5_Project_New/install/moveit_hybrid_planning/lib/libforward_trajectory_plugin.so
[20.909s] -- Up-to-date: /home/kush/UR5_Project_New/install/moveit_hybrid_planning/lib/libmotion_planning_pipeline_plugin.so.2.5.4
[20.910s] -- Up-to-date: /home/kush/UR5_Project_New/install/moveit_hybrid_planning/lib/libmotion_planning_pipeline_plugin.so
[20.968s] -- Up-to-date: /home/kush/UR5_Project_New/install/moveit_hybrid_planning/lib/libreplan_invalidated_trajectory_plugin.so.2.5.4
[20.972s] -- Up-to-date: /home/kush/UR5_Project_New/install/moveit_hybrid_planning/lib/libreplan_invalidated_trajectory_plugin.so
[21.030s] -- Up-to-date: /home/kush/UR5_Project_New/install/moveit_hybrid_planning/lib/libsimple_sampler_plugin.so.2.5.4
[21.032s] -- Up-to-date: /home/kush/UR5_Project_New/install/moveit_hybrid_planning/lib/libsimple_sampler_plugin.so
[21.083s] -- Up-to-date: /home/kush/UR5_Project_New/install/moveit_hybrid_planning/lib/libsingle_plan_execution_plugin.so.2.5.4
[21.084s] -- Up-to-date: /home/kush/UR5_Project_New/install/moveit_hybrid_planning/lib/libsingle_plan_execution_plugin.so
[21.148s] -- Up-to-date: /home/kush/UR5_Project_New/install/moveit_hybrid_planning/lib/moveit_hybrid_planning/cancel_action
[21.186s] -- Up-to-date: /home/kush/UR5_Project_New/install/moveit_hybrid_planning/lib/moveit_hybrid_planning/hybrid_planning_demo_node
[21.187s] -- Up-to-date: /home/kush/UR5_Project_New/install/moveit_hybrid_planning/include
[21.187s] -- Up-to-date: /home/kush/UR5_Project_New/install/moveit_hybrid_planning/include/moveit
[21.188s] -- Up-to-date: /home/kush/UR5_Project_New/install/moveit_hybrid_planning/include/moveit/global_planner
[21.188s] -- Up-to-date: /home/kush/UR5_Project_New/install/moveit_hybrid_planning/include/moveit/global_planner/global_planner_interface.h
[21.189s] -- Up-to-date: /home/kush/UR5_Project_New/install/moveit_hybrid_planning/include/moveit/global_planner/global_planner_component.h
[21.189s] -- Up-to-date: /home/kush/UR5_Project_New/install/moveit_hybrid_planning/include
[21.189s] -- Up-to-date: /home/kush/UR5_Project_New/install/moveit_hybrid_planning/include/moveit
[21.190s] -- Up-to-date: /home/kush/UR5_Project_New/install/moveit_hybrid_planning/include/moveit/global_planner
[21.191s] -- Up-to-date: /home/kush/UR5_Project_New/install/moveit_hybrid_planning/include/moveit/global_planner/moveit_planning_pipeline.h
[21.191s] -- Up-to-date: /home/kush/UR5_Project_New/install/moveit_hybrid_planning/include
[21.192s] -- Up-to-date: /home/kush/UR5_Project_New/install/moveit_hybrid_planning/include/moveit
[21.192s] -- Up-to-date: /home/kush/UR5_Project_New/install/moveit_hybrid_planning/include/moveit/hybrid_planning_manager
[21.193s] -- Up-to-date: /home/kush/UR5_Project_New/install/moveit_hybrid_planning/include/moveit/hybrid_planning_manager/hybrid_planning_events.h
[21.193s] -- Up-to-date: /home/kush/UR5_Project_New/install/moveit_hybrid_planning/include/moveit/hybrid_planning_manager/moveit_error_code_interface.h
[21.193s] -- Up-to-date: /home/kush/UR5_Project_New/install/moveit_hybrid_planning/include/moveit/hybrid_planning_manager/planner_logic_interface.h
[21.196s] -- Up-to-date: /home/kush/UR5_Project_New/install/moveit_hybrid_planning/include/moveit/hybrid_planning_manager/hybrid_planning_manager.h
[21.197s] -- Up-to-date: /home/kush/UR5_Project_New/install/moveit_hybrid_planning/include
[21.198s] -- Up-to-date: /home/kush/UR5_Project_New/install/moveit_hybrid_planning/include/moveit
[21.198s] -- Up-to-date: /home/kush/UR5_Project_New/install/moveit_hybrid_planning/include/moveit/planner_logic_plugins
[21.198s] -- Up-to-date: /home/kush/UR5_Project_New/install/moveit_hybrid_planning/include/moveit/planner_logic_plugins/replan_invalidated_trajectory.h
[21.198s] -- Up-to-date: /home/kush/UR5_Project_New/install/moveit_hybrid_planning/include/moveit/planner_logic_plugins/single_plan_execution.h
[21.198s] -- Up-to-date: /home/kush/UR5_Project_New/install/moveit_hybrid_planning/include
[21.198s] -- Up-to-date: /home/kush/UR5_Project_New/install/moveit_hybrid_planning/include/moveit
[21.199s] -- Up-to-date: /home/kush/UR5_Project_New/install/moveit_hybrid_planning/include/moveit/local_planner
[21.199s] -- Up-to-date: /home/kush/UR5_Project_New/install/moveit_hybrid_planning/include/moveit/local_planner/local_constraint_solver_interface.h
[21.199s] -- Up-to-date: /home/kush/UR5_Project_New/install/moveit_hybrid_planning/include/moveit/local_planner/trajectory_operator_interface.h
[21.202s] -- Up-to-date: /home/kush/UR5_Project_New/install/moveit_hybrid_planning/include/moveit/local_planner/feedback_types.h
[21.202s] -- Up-to-date: /home/kush/UR5_Project_New/install/moveit_hybrid_planning/include/moveit/local_planner/local_planner_component.h
[21.202s] -- Up-to-date: /home/kush/UR5_Project_New/install/moveit_hybrid_planning/include
[21.202s] -- Up-to-date: /home/kush/UR5_Project_New/install/moveit_hybrid_planning/include/moveit
[21.202s] -- Up-to-date: /home/kush/UR5_Project_New/install/moveit_hybrid_planning/include/moveit/trajectory_operator_plugins
[21.202s] -- Up-to-date: /home/kush/UR5_Project_New/install/moveit_hybrid_planning/include/moveit/trajectory_operator_plugins/simple_sampler.h
[21.203s] -- Up-to-date: /home/kush/UR5_Project_New/install/moveit_hybrid_planning/include
[21.205s] -- Up-to-date: /home/kush/UR5_Project_New/install/moveit_hybrid_planning/include/moveit
[21.205s] -- Up-to-date: /home/kush/UR5_Project_New/install/moveit_hybrid_planning/include/moveit/local_constraint_solver_plugins
[21.206s] -- Up-to-date: /home/kush/UR5_Project_New/install/moveit_hybrid_planning/include/moveit/local_constraint_solver_plugins/forward_trajectory.h
[21.206s] -- Up-to-date: /home/kush/UR5_Project_New/install/moveit_hybrid_planning/share/moveit_hybrid_planning/launch
[21.206s] -- Up-to-date: /home/kush/UR5_Project_New/install/moveit_hybrid_planning/share/moveit_hybrid_planning/launch/test_basic_integration.test.py
[21.206s] -- Up-to-date: /home/kush/UR5_Project_New/install/moveit_hybrid_planning/share/moveit_hybrid_planning/launch/hybrid_planning_common.py
[21.206s] -- Up-to-date: /home/kush/UR5_Project_New/install/moveit_hybrid_planning/share/moveit_hybrid_planning/launch/hybrid_planning_demo.launch.py
[21.206s] -- Up-to-date: /home/kush/UR5_Project_New/install/moveit_hybrid_planning/share/moveit_hybrid_planning/config
[21.207s] -- Up-to-date: /home/kush/UR5_Project_New/install/moveit_hybrid_planning/share/moveit_hybrid_planning/config/local_planner.yaml
[21.207s] -- Up-to-date: /home/kush/UR5_Project_New/install/moveit_hybrid_planning/share/moveit_hybrid_planning/config/hybrid_planning_demo.rviz
[21.207s] -- Up-to-date: /home/kush/UR5_Project_New/install/moveit_hybrid_planning/share/moveit_hybrid_planning/config/global_planner.yaml
[21.218s] -- Up-to-date: /home/kush/UR5_Project_New/install/moveit_hybrid_planning/share/moveit_hybrid_planning/config/demo_controller.yaml
[21.218s] -- Up-to-date: /home/kush/UR5_Project_New/install/moveit_hybrid_planning/share/moveit_hybrid_planning/config/hybrid_planning_manager.yaml
[21.218s] -- Up-to-date: /home/kush/UR5_Project_New/install/moveit_hybrid_planning/share/moveit_hybrid_planning/config/common_hybrid_planning_params.yaml
[21.218s] -- Up-to-date: /home/kush/UR5_Project_New/install/moveit_hybrid_planning/share/moveit_hybrid_planning/single_plan_execution_plugin.xml
[21.218s] -- Up-to-date: /home/kush/UR5_Project_New/install/moveit_hybrid_planning/share/moveit_hybrid_planning/moveit_planning_pipeline_plugin.xml
[21.219s] -- Up-to-date: /home/kush/UR5_Project_New/install/moveit_hybrid_planning/share/moveit_hybrid_planning/simple_sampler_plugin.xml
[21.219s] -- Up-to-date: /home/kush/UR5_Project_New/install/moveit_hybrid_planning/share/moveit_hybrid_planning/replan_invalidated_trajectory_plugin.xml
[21.219s] -- Up-to-date: /home/kush/UR5_Project_New/install/moveit_hybrid_planning/share/moveit_hybrid_planning/forward_trajectory_plugin.xml
[21.219s] -- Up-to-date: /home/kush/UR5_Project_New/install/moveit_hybrid_planning/share/moveit_hybrid_planning/environment/library_path.sh
[21.220s] -- Installing: /home/kush/UR5_Project_New/install/moveit_hybrid_planning/share/moveit_hybrid_planning/environment/library_path.dsv
[21.220s] -- Up-to-date: /home/kush/UR5_Project_New/install/moveit_hybrid_planning/share/ament_index/resource_index/package_run_dependencies/moveit_hybrid_planning
[21.220s] -- Installing: /home/kush/UR5_Project_New/install/moveit_hybrid_planning/share/ament_index/resource_index/parent_prefix_path/moveit_hybrid_planning
[21.220s] -- Up-to-date: /home/kush/UR5_Project_New/install/moveit_hybrid_planning/share/moveit_hybrid_planning/environment/ament_prefix_path.sh
[21.221s] -- Installing: /home/kush/UR5_Project_New/install/moveit_hybrid_planning/share/moveit_hybrid_planning/environment/ament_prefix_path.dsv
[21.221s] -- Up-to-date: /home/kush/UR5_Project_New/install/moveit_hybrid_planning/share/moveit_hybrid_planning/environment/path.sh
[21.221s] -- Installing: /home/kush/UR5_Project_New/install/moveit_hybrid_planning/share/moveit_hybrid_planning/environment/path.dsv
[21.221s] -- Up-to-date: /home/kush/UR5_Project_New/install/moveit_hybrid_planning/share/moveit_hybrid_planning/local_setup.bash
[21.221s] -- Up-to-date: /home/kush/UR5_Project_New/install/moveit_hybrid_planning/share/moveit_hybrid_planning/local_setup.sh
[21.221s] -- Up-to-date: /home/kush/UR5_Project_New/install/moveit_hybrid_planning/share/moveit_hybrid_planning/local_setup.zsh
[21.222s] -- Installing: /home/kush/UR5_Project_New/install/moveit_hybrid_planning/share/moveit_hybrid_planning/local_setup.dsv
[21.222s] -- Installing: /home/kush/UR5_Project_New/install/moveit_hybrid_planning/share/moveit_hybrid_planning/package.dsv
[21.222s] -- Up-to-date: /home/kush/UR5_Project_New/install/moveit_hybrid_planning/share/ament_index/resource_index/packages/moveit_hybrid_planning
[21.222s] -- Up-to-date: /home/kush/UR5_Project_New/install/moveit_hybrid_planning/share/ament_index/resource_index/moveit_hybrid_planning__pluginlib__plugin/moveit_hybrid_planning
[21.223s] -- Up-to-date: /home/kush/UR5_Project_New/install/moveit_hybrid_planning/share/ament_index/resource_index/rclcpp_components/moveit_hybrid_planning
[21.244s] -- Up-to-date: /home/kush/UR5_Project_New/install/moveit_hybrid_planning/share/moveit_hybrid_planning/cmake/export_moveit_hybrid_planningExport.cmake
[21.245s] -- Up-to-date: /home/kush/UR5_Project_New/install/moveit_hybrid_planning/share/moveit_hybrid_planning/cmake/export_moveit_hybrid_planningExport-release.cmake
[21.245s] -- Up-to-date: /home/kush/UR5_Project_New/install/moveit_hybrid_planning/share/moveit_hybrid_planning/cmake/ament_cmake_export_include_directories-extras.cmake
[21.245s] -- Up-to-date: /home/kush/UR5_Project_New/install/moveit_hybrid_planning/share/moveit_hybrid_planning/cmake/ament_cmake_export_libraries-extras.cmake
[21.246s] -- Up-to-date: /home/kush/UR5_Project_New/install/moveit_hybrid_planning/share/moveit_hybrid_planning/cmake/ament_cmake_export_dependencies-extras.cmake
[21.246s] -- Up-to-date: /home/kush/UR5_Project_New/install/moveit_hybrid_planning/share/moveit_hybrid_planning/cmake/ament_cmake_export_targets-extras.cmake
[21.246s] -- Up-to-date: /home/kush/UR5_Project_New/install/moveit_hybrid_planning/share/moveit_hybrid_planning/cmake/moveit_hybrid_planningConfig.cmake
[21.246s] -- Up-to-date: /home/kush/UR5_Project_New/install/moveit_hybrid_planning/share/moveit_hybrid_planning/cmake/moveit_hybrid_planningConfig-version.cmake
[21.247s] -- Up-to-date: /home/kush/UR5_Project_New/install/moveit_hybrid_planning/share/moveit_hybrid_planning/package.xml
[21.255s] Invoked command in '/home/kush/UR5_Project_New/build/moveit_hybrid_planning' returned '0': AMENT_PREFIX_PATH=/home/kush/UR5_Project_New/install/moveit_ros_planning_interface:/home/kush/UR5_Project_New/install/moveit_ros_move_group:/home/kush/UR5_Project_New/install/moveit_ros_warehouse:/home/kush/UR5_Project_New/install/moveit_planners_ompl:/home/kush/UR5_Project_New/install/moveit_kinematics:/home/kush/UR5_Project_New/install/moveit_ros_planning:/home/kush/UR5_Project_New/install/moveit_ros_occupancy_map_monitor:/home/kush/UR5_Project_New/install/moveit_core:/home/kush/UR5_Project_New/install/moveit_resources_panda_moveit_config:/home/kush/UR5_Project_New/install/srdfdom:/home/kush/UR5_Project_New/install/moveit_resources_panda_description:/home/kush/UR5_Project_New/install/moveit_common:${AMENT_PREFIX_PATH} CMAKE_PREFIX_PATH=/home/kush/UR5_Project_New/install/moveit_ros_planning_interface:/home/kush/UR5_Project_New/install/moveit_ros_move_group:/home/kush/UR5_Project_New/install/moveit_ros_warehouse:/home/kush/UR5_Project_New/install/moveit_planners_ompl:/home/kush/UR5_Project_New/install/moveit_kinematics:/home/kush/UR5_Project_New/install/moveit_ros_planning:/home/kush/UR5_Project_New/install/moveit_ros_occupancy_map_monitor:/home/kush/UR5_Project_New/install/moveit_core:/home/kush/UR5_Project_New/install/moveit_resources_panda_moveit_config:/home/kush/UR5_Project_New/install/srdfdom:/home/kush/UR5_Project_New/install/moveit_resources_panda_description:/home/kush/UR5_Project_New/install/moveit_common:/opt/ros/humble LD_LIBRARY_PATH=/home/kush/UR5_Project_New/install/moveit_ros_planning_interface/lib:/home/kush/UR5_Project_New/install/moveit_ros_move_group/lib:/home/kush/UR5_Project_New/install/moveit_ros_warehouse/lib:/home/kush/UR5_Project_New/install/moveit_planners_ompl/lib:/home/kush/UR5_Project_New/install/moveit_kinematics/lib:/home/kush/UR5_Project_New/install/moveit_ros_planning/lib:/home/kush/UR5_Project_New/install/moveit_ros_occupancy_map_monitor/lib:/home/kush/UR5_Project_New/install/moveit_core/lib:/home/kush/UR5_Project_New/install/srdfdom/lib:${LD_LIBRARY_PATH} PATH=/home/kush/UR5_Project_New/install/moveit_core/bin:${PATH} PYTHONPATH=/home/kush/UR5_Project_New/install/srdfdom/local/lib/python3.10/dist-packages:${PYTHONPATH} /usr/bin/cmake --install /home/kush/UR5_Project_New/build/moveit_hybrid_planning
