[0.214s] Invoking command in '/home/kush/UR5_Project_New/build/moveit_ros_planning': AMENT_PREFIX_PATH=/home/kush/UR5_Project_New/install/moveit_ros_occupancy_map_monitor:/home/kush/UR5_Project_New/install/moveit_core:/home/kush/UR5_Project_New/install/moveit_resources_panda_moveit_config:/home/kush/UR5_Project_New/install/srdfdom:/home/kush/UR5_Project_New/install/moveit_resources_panda_description:/home/kush/UR5_Project_New/install/moveit_common:${AMENT_PREFIX_PATH} CMAKE_PREFIX_PATH=/home/kush/UR5_Project_New/install/moveit_ros_occupancy_map_monitor:/home/kush/UR5_Project_New/install/moveit_core:/home/kush/UR5_Project_New/install/moveit_resources_panda_moveit_config:/home/kush/UR5_Project_New/install/srdfdom:/home/kush/UR5_Project_New/install/moveit_resources_panda_description:/home/kush/UR5_Project_New/install/moveit_common:/opt/ros/humble LD_LIBRARY_PATH=/home/kush/UR5_Project_New/install/moveit_ros_occupancy_map_monitor/lib:/home/kush/UR5_Project_New/install/moveit_core/lib:/home/kush/UR5_Project_New/install/srdfdom/lib:${LD_LIBRARY_PATH} PATH=/home/kush/UR5_Project_New/install/moveit_core/bin:${PATH} PYTHONPATH=/home/kush/UR5_Project_New/install/srdfdom/local/lib/python3.10/dist-packages:${PYTHONPATH} /usr/bin/cmake --build /home/kush/UR5_Project_New/build/moveit_ros_planning -- -j4 -l4
[0.556s] [  4%] Built target moveit_rdf_loader
[1.039s] [ 22%] Built target moveit_default_planning_request_adapter_plugins
[1.122s] [ 25%] Built target moveit_list_request_adapter_plugins
[1.247s] [ 29%] Built target gmock_main
[1.354s] [ 33%] Built target gmock
[1.486s] [ 37%] Built target moveit_kinematics_plugin_loader
[1.624s] [ 40%] Built target moveit_constraint_sampler_manager_loader
[1.717s] [ 43%] Built target moveit_robot_model_loader
[1.807s] [ 46%] Built target moveit_planning_pipeline
[1.849s] [ 50%] Built target moveit_print_planning_model_info
[1.947s] [ 53%] Built target moveit_collision_plugin_loader
[2.089s] [ 62%] Built target moveit_planning_scene_monitor
[2.155s] [ 66%] Built target demo_scene
[2.226s] [ 69%] Built target moveit_print_planning_scene_info
[2.318s] [ 72%] Built target moveit_display_random_state
[2.384s] [ 75%] Built target moveit_visualize_robot_collision_volume
[2.448s] [ 79%] Built target moveit_evaluate_collision_checking_speed
[2.540s] [ 82%] Built target moveit_publish_scene_from_text
[2.607s] [ 85%] Built target moveit_trajectory_execution_manager
[2.709s] [ 88%] Built target trajectory_monitor_tests
[2.807s] [ 93%] Built target moveit_cpp
[2.901s] [ 96%] Built target moveit_plan_execution
[3.508s] [100%] Built target current_state_monitor_tests
[3.525s] Invoked command in '/home/kush/UR5_Project_New/build/moveit_ros_planning' returned '0': AMENT_PREFIX_PATH=/home/kush/UR5_Project_New/install/moveit_ros_occupancy_map_monitor:/home/kush/UR5_Project_New/install/moveit_core:/home/kush/UR5_Project_New/install/moveit_resources_panda_moveit_config:/home/kush/UR5_Project_New/install/srdfdom:/home/kush/UR5_Project_New/install/moveit_resources_panda_description:/home/kush/UR5_Project_New/install/moveit_common:${AMENT_PREFIX_PATH} CMAKE_PREFIX_PATH=/home/kush/UR5_Project_New/install/moveit_ros_occupancy_map_monitor:/home/kush/UR5_Project_New/install/moveit_core:/home/kush/UR5_Project_New/install/moveit_resources_panda_moveit_config:/home/kush/UR5_Project_New/install/srdfdom:/home/kush/UR5_Project_New/install/moveit_resources_panda_description:/home/kush/UR5_Project_New/install/moveit_common:/opt/ros/humble LD_LIBRARY_PATH=/home/kush/UR5_Project_New/install/moveit_ros_occupancy_map_monitor/lib:/home/kush/UR5_Project_New/install/moveit_core/lib:/home/kush/UR5_Project_New/install/srdfdom/lib:${LD_LIBRARY_PATH} PATH=/home/kush/UR5_Project_New/install/moveit_core/bin:${PATH} PYTHONPATH=/home/kush/UR5_Project_New/install/srdfdom/local/lib/python3.10/dist-packages:${PYTHONPATH} /usr/bin/cmake --build /home/kush/UR5_Project_New/build/moveit_ros_planning -- -j4 -l4
[3.585s] Invoking command in '/home/kush/UR5_Project_New/build/moveit_ros_planning': AMENT_PREFIX_PATH=/home/kush/UR5_Project_New/install/moveit_ros_occupancy_map_monitor:/home/kush/UR5_Project_New/install/moveit_core:/home/kush/UR5_Project_New/install/moveit_resources_panda_moveit_config:/home/kush/UR5_Project_New/install/srdfdom:/home/kush/UR5_Project_New/install/moveit_resources_panda_description:/home/kush/UR5_Project_New/install/moveit_common:${AMENT_PREFIX_PATH} CMAKE_PREFIX_PATH=/home/kush/UR5_Project_New/install/moveit_ros_occupancy_map_monitor:/home/kush/UR5_Project_New/install/moveit_core:/home/kush/UR5_Project_New/install/moveit_resources_panda_moveit_config:/home/kush/UR5_Project_New/install/srdfdom:/home/kush/UR5_Project_New/install/moveit_resources_panda_description:/home/kush/UR5_Project_New/install/moveit_common:/opt/ros/humble LD_LIBRARY_PATH=/home/kush/UR5_Project_New/install/moveit_ros_occupancy_map_monitor/lib:/home/kush/UR5_Project_New/install/moveit_core/lib:/home/kush/UR5_Project_New/install/srdfdom/lib:${LD_LIBRARY_PATH} PATH=/home/kush/UR5_Project_New/install/moveit_core/bin:${PATH} PYTHONPATH=/home/kush/UR5_Project_New/install/srdfdom/local/lib/python3.10/dist-packages:${PYTHONPATH} /usr/bin/cmake --install /home/kush/UR5_Project_New/build/moveit_ros_planning
[3.666s] -- Install configuration: "Release"
[3.770s] -- Up-to-date: /home/kush/UR5_Project_New/install/moveit_ros_planning/include
[3.771s] -- Up-to-date: /home/kush/UR5_Project_New/install/moveit_ros_planning/include/moveit
[3.771s] -- Up-to-date: /home/kush/UR5_Project_New/install/moveit_ros_planning/include/moveit/rdf_loader
[3.772s] -- Up-to-date: /home/kush/UR5_Project_New/install/moveit_ros_planning/include/moveit/rdf_loader/synchronized_string_parameter.h
[3.772s] -- Up-to-date: /home/kush/UR5_Project_New/install/moveit_ros_planning/include/moveit/rdf_loader/rdf_loader.h
[3.772s] -- Up-to-date: /home/kush/UR5_Project_New/install/moveit_ros_planning/share/moveit_ros_planning/rdf_loader/test/data
[3.772s] -- Up-to-date: /home/kush/UR5_Project_New/install/moveit_ros_planning/share/moveit_ros_planning/rdf_loader/test/data/kermit.srdf
[3.772s] -- Up-to-date: /home/kush/UR5_Project_New/install/moveit_ros_planning/share/moveit_ros_planning/rdf_loader/test/data/gonzo.srdf
[3.772s] -- Up-to-date: /home/kush/UR5_Project_New/install/moveit_ros_planning/share/moveit_ros_planning/rdf_loader/test/data/kermit.urdf
[3.772s] -- Up-to-date: /home/kush/UR5_Project_New/install/moveit_ros_planning/share/moveit_ros_planning/rdf_loader/test/data/robin.srdf.xacro
[3.773s] -- Up-to-date: /home/kush/UR5_Project_New/install/moveit_ros_planning/share/moveit_ros_planning/rdf_loader/test/data/gonzo.urdf
[3.773s] -- Up-to-date: /home/kush/UR5_Project_New/install/moveit_ros_planning/share/moveit_ros_planning/rdf_loader/test/launch
[3.774s] -- Up-to-date: /home/kush/UR5_Project_New/install/moveit_ros_planning/share/moveit_ros_planning/rdf_loader/test/launch/test_rdf_integration.test.py
[3.777s] -- Up-to-date: /home/kush/UR5_Project_New/install/moveit_ros_planning/include
[3.777s] -- Up-to-date: /home/kush/UR5_Project_New/install/moveit_ros_planning/include/moveit
[3.778s] -- Up-to-date: /home/kush/UR5_Project_New/install/moveit_ros_planning/include/moveit/collision_plugin_loader
[3.778s] -- Up-to-date: /home/kush/UR5_Project_New/install/moveit_ros_planning/include/moveit/collision_plugin_loader/collision_plugin_loader.h
[3.781s] -- Up-to-date: /home/kush/UR5_Project_New/install/moveit_ros_planning/include
[3.782s] -- Up-to-date: /home/kush/UR5_Project_New/install/moveit_ros_planning/include/moveit
[3.782s] -- Up-to-date: /home/kush/UR5_Project_New/install/moveit_ros_planning/include/moveit/kinematics_plugin_loader
[3.783s] -- Up-to-date: /home/kush/UR5_Project_New/install/moveit_ros_planning/include/moveit/kinematics_plugin_loader/kinematics_plugin_loader.h
[3.786s] -- Up-to-date: /home/kush/UR5_Project_New/install/moveit_ros_planning/include
[3.786s] -- Up-to-date: /home/kush/UR5_Project_New/install/moveit_ros_planning/include/moveit
[3.786s] -- Up-to-date: /home/kush/UR5_Project_New/install/moveit_ros_planning/include/moveit/robot_model_loader
[3.786s] -- Up-to-date: /home/kush/UR5_Project_New/install/moveit_ros_planning/include/moveit/robot_model_loader/robot_model_loader.h
[3.873s] -- Up-to-date: /home/kush/UR5_Project_New/install/moveit_ros_planning/include
[3.873s] -- Up-to-date: /home/kush/UR5_Project_New/install/moveit_ros_planning/include/moveit
[3.873s] -- Up-to-date: /home/kush/UR5_Project_New/install/moveit_ros_planning/include/moveit/constraint_sampler_manager_loader
[3.874s] -- Up-to-date: /home/kush/UR5_Project_New/install/moveit_ros_planning/include/moveit/constraint_sampler_manager_loader/constraint_sampler_manager_loader.h
[3.880s] -- Up-to-date: /home/kush/UR5_Project_New/install/moveit_ros_planning/include
[3.881s] -- Up-to-date: /home/kush/UR5_Project_New/install/moveit_ros_planning/include/moveit
[3.881s] -- Up-to-date: /home/kush/UR5_Project_New/install/moveit_ros_planning/include/moveit/planning_pipeline
[3.881s] -- Up-to-date: /home/kush/UR5_Project_New/install/moveit_ros_planning/include/moveit/planning_pipeline/planning_pipeline.h
[3.882s] -- Up-to-date: /home/kush/UR5_Project_New/install/moveit_ros_planning/include/moveit_planning_pipeline_export.h
[4.124s] -- Up-to-date: /home/kush/UR5_Project_New/install/moveit_ros_planning/lib/moveit_ros_planning/moveit_list_request_adapter_plugins
[4.202s] -- Up-to-date: /home/kush/UR5_Project_New/install/moveit_ros_planning/lib/moveit_ros_planning/demo_scene
[4.202s] -- Up-to-date: /home/kush/UR5_Project_New/install/moveit_ros_planning/include
[4.202s] -- Up-to-date: /home/kush/UR5_Project_New/install/moveit_ros_planning/include/moveit
[4.202s] -- Up-to-date: /home/kush/UR5_Project_New/install/moveit_ros_planning/include/moveit/planning_scene_monitor
[4.202s] -- Up-to-date: /home/kush/UR5_Project_New/install/moveit_ros_planning/include/moveit/planning_scene_monitor/trajectory_monitor_middleware_handle.hpp
[4.203s] -- Up-to-date: /home/kush/UR5_Project_New/install/moveit_ros_planning/include/moveit/planning_scene_monitor/current_state_monitor_middleware_handle.hpp
[4.203s] -- Up-to-date: /home/kush/UR5_Project_New/install/moveit_ros_planning/include/moveit/planning_scene_monitor/trajectory_monitor.h
[4.203s] -- Up-to-date: /home/kush/UR5_Project_New/install/moveit_ros_planning/include/moveit/planning_scene_monitor/current_state_monitor.h
[4.203s] -- Up-to-date: /home/kush/UR5_Project_New/install/moveit_ros_planning/include/moveit/planning_scene_monitor/planning_scene_monitor.h
[4.203s] -- Up-to-date: /home/kush/UR5_Project_New/install/moveit_ros_planning/include/moveit_planning_scene_monitor_export.h
[4.324s] -- Up-to-date: /home/kush/UR5_Project_New/install/moveit_ros_planning/lib/moveit_ros_planning/moveit_print_planning_model_info
[4.333s] -- Up-to-date: /home/kush/UR5_Project_New/install/moveit_ros_planning/lib/moveit_ros_planning/moveit_print_planning_scene_info
[4.361s] -- Up-to-date: /home/kush/UR5_Project_New/install/moveit_ros_planning/lib/moveit_ros_planning/moveit_display_random_state
[4.383s] -- Up-to-date: /home/kush/UR5_Project_New/install/moveit_ros_planning/lib/moveit_ros_planning/moveit_visualize_robot_collision_volume
[4.396s] -- Up-to-date: /home/kush/UR5_Project_New/install/moveit_ros_planning/lib/moveit_ros_planning/moveit_evaluate_collision_checking_speed
[4.417s] -- Up-to-date: /home/kush/UR5_Project_New/install/moveit_ros_planning/lib/moveit_ros_planning/moveit_publish_scene_from_text
[4.429s] -- Up-to-date: /home/kush/UR5_Project_New/install/moveit_ros_planning/include
[4.430s] -- Up-to-date: /home/kush/UR5_Project_New/install/moveit_ros_planning/include/moveit
[4.430s] -- Up-to-date: /home/kush/UR5_Project_New/install/moveit_ros_planning/include/moveit/trajectory_execution_manager
[4.430s] -- Up-to-date: /home/kush/UR5_Project_New/install/moveit_ros_planning/include/moveit/trajectory_execution_manager/trajectory_execution_manager.h
[4.430s] -- Up-to-date: /home/kush/UR5_Project_New/install/moveit_ros_planning/include/moveit_trajectory_execution_manager_export.h
[4.431s] -- Up-to-date: /home/kush/UR5_Project_New/install/moveit_ros_planning/include
[4.431s] -- Up-to-date: /home/kush/UR5_Project_New/install/moveit_ros_planning/include/moveit
[4.431s] -- Up-to-date: /home/kush/UR5_Project_New/install/moveit_ros_planning/include/moveit/plan_execution
[4.435s] -- Up-to-date: /home/kush/UR5_Project_New/install/moveit_ros_planning/include/moveit/plan_execution/plan_representation.h
[4.435s] -- Up-to-date: /home/kush/UR5_Project_New/install/moveit_ros_planning/include/moveit/plan_execution/plan_execution.h
[4.435s] -- Up-to-date: /home/kush/UR5_Project_New/install/moveit_ros_planning/include
[4.435s] -- Up-to-date: /home/kush/UR5_Project_New/install/moveit_ros_planning/include/moveit
[4.435s] -- Up-to-date: /home/kush/UR5_Project_New/install/moveit_ros_planning/include/moveit/moveit_cpp
[4.435s] -- Up-to-date: /home/kush/UR5_Project_New/install/moveit_ros_planning/include/moveit/moveit_cpp/planning_component.h
[4.436s] -- Up-to-date: /home/kush/UR5_Project_New/install/moveit_ros_planning/include/moveit/moveit_cpp/moveit_cpp.h
[4.456s] -- Up-to-date: /home/kush/UR5_Project_New/install/moveit_ros_planning/lib/libmoveit_rdf_loader.so.2.5.4
[4.456s] -- Up-to-date: /home/kush/UR5_Project_New/install/moveit_ros_planning/lib/libmoveit_rdf_loader.so
[4.482s] -- Up-to-date: /home/kush/UR5_Project_New/install/moveit_ros_planning/lib/libmoveit_kinematics_plugin_loader.so.2.5.4
[4.482s] -- Up-to-date: /home/kush/UR5_Project_New/install/moveit_ros_planning/lib/libmoveit_kinematics_plugin_loader.so
[4.497s] -- Up-to-date: /home/kush/UR5_Project_New/install/moveit_ros_planning/lib/libmoveit_robot_model_loader.so.2.5.4
[4.498s] -- Up-to-date: /home/kush/UR5_Project_New/install/moveit_ros_planning/lib/libmoveit_robot_model_loader.so
[4.522s] -- Up-to-date: /home/kush/UR5_Project_New/install/moveit_ros_planning/lib/libmoveit_constraint_sampler_manager_loader.so.2.5.4
[4.523s] -- Up-to-date: /home/kush/UR5_Project_New/install/moveit_ros_planning/lib/libmoveit_constraint_sampler_manager_loader.so
[4.539s] -- Up-to-date: /home/kush/UR5_Project_New/install/moveit_ros_planning/lib/libmoveit_planning_pipeline.so.2.5.4
[4.539s] -- Up-to-date: /home/kush/UR5_Project_New/install/moveit_ros_planning/lib/libmoveit_planning_pipeline.so
[4.559s] -- Up-to-date: /home/kush/UR5_Project_New/install/moveit_ros_planning/lib/libmoveit_trajectory_execution_manager.so.2.5.4
[4.560s] -- Up-to-date: /home/kush/UR5_Project_New/install/moveit_ros_planning/lib/libmoveit_trajectory_execution_manager.so
[4.577s] -- Up-to-date: /home/kush/UR5_Project_New/install/moveit_ros_planning/lib/libmoveit_plan_execution.so.2.5.4
[4.577s] -- Up-to-date: /home/kush/UR5_Project_New/install/moveit_ros_planning/lib/libmoveit_plan_execution.so
[4.614s] -- Up-to-date: /home/kush/UR5_Project_New/install/moveit_ros_planning/lib/libmoveit_planning_scene_monitor.so.2.5.4
[4.614s] -- Up-to-date: /home/kush/UR5_Project_New/install/moveit_ros_planning/lib/libmoveit_planning_scene_monitor.so
[4.630s] -- Up-to-date: /home/kush/UR5_Project_New/install/moveit_ros_planning/lib/libmoveit_collision_plugin_loader.so.2.5.4
[4.630s] -- Up-to-date: /home/kush/UR5_Project_New/install/moveit_ros_planning/lib/libmoveit_collision_plugin_loader.so
[4.647s] -- Up-to-date: /home/kush/UR5_Project_New/install/moveit_ros_planning/lib/libmoveit_default_planning_request_adapter_plugins.so.2.5.4
[4.648s] -- Up-to-date: /home/kush/UR5_Project_New/install/moveit_ros_planning/lib/libmoveit_default_planning_request_adapter_plugins.so
[4.668s] -- Up-to-date: /home/kush/UR5_Project_New/install/moveit_ros_planning/lib/libmoveit_cpp.so.2.5.4
[4.668s] -- Up-to-date: /home/kush/UR5_Project_New/install/moveit_ros_planning/lib/libmoveit_cpp.so
[4.668s] -- Up-to-date: /home/kush/UR5_Project_New/install/moveit_ros_planning/share/moveit_ros_planning/environment/library_path.sh
[4.670s] -- Up-to-date: /home/kush/UR5_Project_New/install/moveit_ros_planning/share/moveit_ros_planning/environment/library_path.dsv
[4.671s] -- Up-to-date: /home/kush/UR5_Project_New/install/moveit_ros_planning/share/moveit_ros_planning/planning_request_adapters_plugin_description.xml
[4.671s] -- Up-to-date: /home/kush/UR5_Project_New/install/moveit_ros_planning/share/ament_index/resource_index/package_run_dependencies/moveit_ros_planning
[4.671s] -- Up-to-date: /home/kush/UR5_Project_New/install/moveit_ros_planning/share/ament_index/resource_index/parent_prefix_path/moveit_ros_planning
[4.672s] -- Up-to-date: /home/kush/UR5_Project_New/install/moveit_ros_planning/share/moveit_ros_planning/environment/ament_prefix_path.sh
[4.672s] -- Up-to-date: /home/kush/UR5_Project_New/install/moveit_ros_planning/share/moveit_ros_planning/environment/ament_prefix_path.dsv
[4.672s] -- Up-to-date: /home/kush/UR5_Project_New/install/moveit_ros_planning/share/moveit_ros_planning/environment/path.sh
[4.672s] -- Up-to-date: /home/kush/UR5_Project_New/install/moveit_ros_planning/share/moveit_ros_planning/environment/path.dsv
[4.672s] -- Up-to-date: /home/kush/UR5_Project_New/install/moveit_ros_planning/share/moveit_ros_planning/local_setup.bash
[4.673s] -- Up-to-date: /home/kush/UR5_Project_New/install/moveit_ros_planning/share/moveit_ros_planning/local_setup.sh
[4.673s] -- Up-to-date: /home/kush/UR5_Project_New/install/moveit_ros_planning/share/moveit_ros_planning/local_setup.zsh
[4.673s] -- Up-to-date: /home/kush/UR5_Project_New/install/moveit_ros_planning/share/moveit_ros_planning/local_setup.dsv
[4.673s] -- Installing: /home/kush/UR5_Project_New/install/moveit_ros_planning/share/moveit_ros_planning/package.dsv
[4.685s] -- Up-to-date: /home/kush/UR5_Project_New/install/moveit_ros_planning/share/ament_index/resource_index/packages/moveit_ros_planning
[4.685s] -- Up-to-date: /home/kush/UR5_Project_New/install/moveit_ros_planning/share/ament_index/resource_index/moveit_core__pluginlib__plugin/moveit_ros_planning
[4.711s] -- Up-to-date: /home/kush/UR5_Project_New/install/moveit_ros_planning/share/moveit_ros_planning/cmake/export_moveit_ros_planningExport.cmake
[4.711s] -- Up-to-date: /home/kush/UR5_Project_New/install/moveit_ros_planning/share/moveit_ros_planning/cmake/export_moveit_ros_planningExport-release.cmake
[4.711s] -- Up-to-date: /home/kush/UR5_Project_New/install/moveit_ros_planning/share/moveit_ros_planning/cmake/ConfigExtras.cmake
[4.711s] -- Up-to-date: /home/kush/UR5_Project_New/install/moveit_ros_planning/share/moveit_ros_planning/cmake/ament_cmake_export_targets-extras.cmake
[4.712s] -- Up-to-date: /home/kush/UR5_Project_New/install/moveit_ros_planning/share/moveit_ros_planning/cmake/ament_cmake_export_dependencies-extras.cmake
[4.712s] -- Up-to-date: /home/kush/UR5_Project_New/install/moveit_ros_planning/share/moveit_ros_planning/cmake/moveit_ros_planningConfig.cmake
[4.712s] -- Up-to-date: /home/kush/UR5_Project_New/install/moveit_ros_planning/share/moveit_ros_planning/cmake/moveit_ros_planningConfig-version.cmake
[4.712s] -- Up-to-date: /home/kush/UR5_Project_New/install/moveit_ros_planning/share/moveit_ros_planning/package.xml
[4.720s] Invoked command in '/home/kush/UR5_Project_New/build/moveit_ros_planning' returned '0': AMENT_PREFIX_PATH=/home/kush/UR5_Project_New/install/moveit_ros_occupancy_map_monitor:/home/kush/UR5_Project_New/install/moveit_core:/home/kush/UR5_Project_New/install/moveit_resources_panda_moveit_config:/home/kush/UR5_Project_New/install/srdfdom:/home/kush/UR5_Project_New/install/moveit_resources_panda_description:/home/kush/UR5_Project_New/install/moveit_common:${AMENT_PREFIX_PATH} CMAKE_PREFIX_PATH=/home/kush/UR5_Project_New/install/moveit_ros_occupancy_map_monitor:/home/kush/UR5_Project_New/install/moveit_core:/home/kush/UR5_Project_New/install/moveit_resources_panda_moveit_config:/home/kush/UR5_Project_New/install/srdfdom:/home/kush/UR5_Project_New/install/moveit_resources_panda_description:/home/kush/UR5_Project_New/install/moveit_common:/opt/ros/humble LD_LIBRARY_PATH=/home/kush/UR5_Project_New/install/moveit_ros_occupancy_map_monitor/lib:/home/kush/UR5_Project_New/install/moveit_core/lib:/home/kush/UR5_Project_New/install/srdfdom/lib:${LD_LIBRARY_PATH} PATH=/home/kush/UR5_Project_New/install/moveit_core/bin:${PATH} PYTHONPATH=/home/kush/UR5_Project_New/install/srdfdom/local/lib/python3.10/dist-packages:${PYTHONPATH} /usr/bin/cmake --install /home/kush/UR5_Project_New/build/moveit_ros_planning
