[0.133s] Invoking command in '/home/kush/UR5_Project_New/build/moveit_resources_fanuc_moveit_config': AMENT_PREFIX_PATH=/home/kush/UR5_Project_New/install/moveit_resources_fanuc_description:${AMENT_PREFIX_PATH} CMAKE_PREFIX_PATH=/home/kush/UR5_Project_New/install/moveit_resources_fanuc_description:/opt/ros/humble /usr/bin/cmake /home/kush/UR5_Project_New/src/moveit_resources/fanuc_moveit_config -DCMAKE_INSTALL_PREFIX=/home/kush/UR5_Project_New/install/moveit_resources_fanuc_moveit_config
[0.252s] -- Found ament_cmake: 1.3.5 (/opt/ros/humble/share/ament_cmake/cmake)
[0.818s] -- Configuring done
[1.037s] -- Generating done
[1.040s] -- Build files have been written to: /home/kush/UR5_Project_New/build/moveit_resources_fanuc_moveit_config
[1.047s] Invoked command in '/home/kush/UR5_Project_New/build/moveit_resources_fanuc_moveit_config' returned '0': AMENT_PREFIX_PATH=/home/kush/UR5_Project_New/install/moveit_resources_fanuc_description:${AMENT_PREFIX_PATH} CMAKE_PREFIX_PATH=/home/kush/UR5_Project_New/install/moveit_resources_fanuc_description:/opt/ros/humble /usr/bin/cmake /home/kush/UR5_Project_New/src/moveit_resources/fanuc_moveit_config -DCMAKE_INSTALL_PREFIX=/home/kush/UR5_Project_New/install/moveit_resources_fanuc_moveit_config
[1.048s] Invoking command in '/home/kush/UR5_Project_New/build/moveit_resources_fanuc_moveit_config': AMENT_PREFIX_PATH=/home/kush/UR5_Project_New/install/moveit_resources_fanuc_description:${AMENT_PREFIX_PATH} CMAKE_PREFIX_PATH=/home/kush/UR5_Project_New/install/moveit_resources_fanuc_description:/opt/ros/humble /usr/bin/cmake --build /home/kush/UR5_Project_New/build/moveit_resources_fanuc_moveit_config -- -j4 -l4
[1.122s] Invoked command in '/home/kush/UR5_Project_New/build/moveit_resources_fanuc_moveit_config' returned '0': AMENT_PREFIX_PATH=/home/kush/UR5_Project_New/install/moveit_resources_fanuc_description:${AMENT_PREFIX_PATH} CMAKE_PREFIX_PATH=/home/kush/UR5_Project_New/install/moveit_resources_fanuc_description:/opt/ros/humble /usr/bin/cmake --build /home/kush/UR5_Project_New/build/moveit_resources_fanuc_moveit_config -- -j4 -l4
[1.165s] Invoking command in '/home/kush/UR5_Project_New/build/moveit_resources_fanuc_moveit_config': AMENT_PREFIX_PATH=/home/kush/UR5_Project_New/install/moveit_resources_fanuc_description:${AMENT_PREFIX_PATH} CMAKE_PREFIX_PATH=/home/kush/UR5_Project_New/install/moveit_resources_fanuc_description:/opt/ros/humble /usr/bin/cmake --install /home/kush/UR5_Project_New/build/moveit_resources_fanuc_moveit_config
[1.177s] -- Install configuration: "Release"
[1.178s] -- Up-to-date: /home/kush/UR5_Project_New/install/moveit_resources_fanuc_moveit_config/share/ament_index/resource_index/package_run_dependencies/moveit_resources_fanuc_moveit_config
[1.178s] -- Installing: /home/kush/UR5_Project_New/install/moveit_resources_fanuc_moveit_config/share/ament_index/resource_index/parent_prefix_path/moveit_resources_fanuc_moveit_config
[1.178s] -- Up-to-date: /home/kush/UR5_Project_New/install/moveit_resources_fanuc_moveit_config/share/moveit_resources_fanuc_moveit_config/environment/ament_prefix_path.sh
[1.179s] -- Installing: /home/kush/UR5_Project_New/install/moveit_resources_fanuc_moveit_config/share/moveit_resources_fanuc_moveit_config/environment/ament_prefix_path.dsv
[1.179s] -- Up-to-date: /home/kush/UR5_Project_New/install/moveit_resources_fanuc_moveit_config/share/moveit_resources_fanuc_moveit_config/environment/path.sh
[1.179s] -- Installing: /home/kush/UR5_Project_New/install/moveit_resources_fanuc_moveit_config/share/moveit_resources_fanuc_moveit_config/environment/path.dsv
[1.179s] -- Up-to-date: /home/kush/UR5_Project_New/install/moveit_resources_fanuc_moveit_config/share/moveit_resources_fanuc_moveit_config/local_setup.bash
[1.180s] -- Up-to-date: /home/kush/UR5_Project_New/install/moveit_resources_fanuc_moveit_config/share/moveit_resources_fanuc_moveit_config/local_setup.sh
[1.181s] -- Up-to-date: /home/kush/UR5_Project_New/install/moveit_resources_fanuc_moveit_config/share/moveit_resources_fanuc_moveit_config/local_setup.zsh
[1.181s] -- Installing: /home/kush/UR5_Project_New/install/moveit_resources_fanuc_moveit_config/share/moveit_resources_fanuc_moveit_config/local_setup.dsv
[1.181s] -- Installing: /home/kush/UR5_Project_New/install/moveit_resources_fanuc_moveit_config/share/moveit_resources_fanuc_moveit_config/package.dsv
[1.181s] -- Up-to-date: /home/kush/UR5_Project_New/install/moveit_resources_fanuc_moveit_config/share/ament_index/resource_index/packages/moveit_resources_fanuc_moveit_config
[1.182s] -- Up-to-date: /home/kush/UR5_Project_New/install/moveit_resources_fanuc_moveit_config/share/moveit_resources_fanuc_moveit_config/cmake/moveit_resources_fanuc_moveit_configConfig.cmake
[1.182s] -- Up-to-date: /home/kush/UR5_Project_New/install/moveit_resources_fanuc_moveit_config/share/moveit_resources_fanuc_moveit_config/cmake/moveit_resources_fanuc_moveit_configConfig-version.cmake
[1.183s] -- Up-to-date: /home/kush/UR5_Project_New/install/moveit_resources_fanuc_moveit_config/share/moveit_resources_fanuc_moveit_config/package.xml
[1.183s] -- Up-to-date: /home/kush/UR5_Project_New/install/moveit_resources_fanuc_moveit_config/share/moveit_resources_fanuc_moveit_config/launch
[1.183s] -- Up-to-date: /home/kush/UR5_Project_New/install/moveit_resources_fanuc_moveit_config/share/moveit_resources_fanuc_moveit_config/launch/demo.launch.py
[1.193s] -- Up-to-date: /home/kush/UR5_Project_New/install/moveit_resources_fanuc_moveit_config/share/moveit_resources_fanuc_moveit_config/launch/moveit.rviz
[1.194s] -- Up-to-date: /home/kush/UR5_Project_New/install/moveit_resources_fanuc_moveit_config/share/moveit_resources_fanuc_moveit_config/config
[1.194s] -- Up-to-date: /home/kush/UR5_Project_New/install/moveit_resources_fanuc_moveit_config/share/moveit_resources_fanuc_moveit_config/config/pilz_cartesian_limits.yaml
[1.194s] -- Up-to-date: /home/kush/UR5_Project_New/install/moveit_resources_fanuc_moveit_config/share/moveit_resources_fanuc_moveit_config/config/fanuc.ros2_control.xacro
[1.195s] -- Up-to-date: /home/kush/UR5_Project_New/install/moveit_resources_fanuc_moveit_config/share/moveit_resources_fanuc_moveit_config/config/ompl_planning.yaml
[1.195s] -- Up-to-date: /home/kush/UR5_Project_New/install/moveit_resources_fanuc_moveit_config/share/moveit_resources_fanuc_moveit_config/config/fanuc.srdf
[1.196s] -- Up-to-date: /home/kush/UR5_Project_New/install/moveit_resources_fanuc_moveit_config/share/moveit_resources_fanuc_moveit_config/config/ros2_controllers.yaml
[1.196s] -- Up-to-date: /home/kush/UR5_Project_New/install/moveit_resources_fanuc_moveit_config/share/moveit_resources_fanuc_moveit_config/config/sensors_3d.yaml
[1.196s] -- Up-to-date: /home/kush/UR5_Project_New/install/moveit_resources_fanuc_moveit_config/share/moveit_resources_fanuc_moveit_config/config/chomp_planning.yaml
[1.196s] -- Up-to-date: /home/kush/UR5_Project_New/install/moveit_resources_fanuc_moveit_config/share/moveit_resources_fanuc_moveit_config/config/joint_limits.yaml
[1.196s] -- Up-to-date: /home/kush/UR5_Project_New/install/moveit_resources_fanuc_moveit_config/share/moveit_resources_fanuc_moveit_config/config/initial_positions.yaml
[1.198s] -- Up-to-date: /home/kush/UR5_Project_New/install/moveit_resources_fanuc_moveit_config/share/moveit_resources_fanuc_moveit_config/config/fanuc.urdf.xacro
[1.198s] -- Up-to-date: /home/kush/UR5_Project_New/install/moveit_resources_fanuc_moveit_config/share/moveit_resources_fanuc_moveit_config/config/moveit_controllers.yaml
[1.198s] -- Up-to-date: /home/kush/UR5_Project_New/install/moveit_resources_fanuc_moveit_config/share/moveit_resources_fanuc_moveit_config/config/kinematics.yaml
[1.198s] -- Up-to-date: /home/kush/UR5_Project_New/install/moveit_resources_fanuc_moveit_config/share/moveit_resources_fanuc_moveit_config/.setup_assistant
[1.207s] Invoked command in '/home/kush/UR5_Project_New/build/moveit_resources_fanuc_moveit_config' returned '0': AMENT_PREFIX_PATH=/home/kush/UR5_Project_New/install/moveit_resources_fanuc_description:${AMENT_PREFIX_PATH} CMAKE_PREFIX_PATH=/home/kush/UR5_Project_New/install/moveit_resources_fanuc_description:/opt/ros/humble /usr/bin/cmake --install /home/kush/UR5_Project_New/build/moveit_resources_fanuc_moveit_config
