[0.255s] Invoking command in '/home/kush/UR5_Project_New/build/moveit_common': CMAKE_PREFIX_PATH=/opt/ros/humble /usr/bin/cmake --build /home/kush/UR5_Project_New/build/moveit_common -- -j4 -l4
[1.201s] Invoked command in '/home/kush/UR5_Project_New/build/moveit_common' returned '0': CMAKE_PREFIX_PATH=/opt/ros/humble /usr/bin/cmake --build /home/kush/UR5_Project_New/build/moveit_common -- -j4 -l4
[1.246s] Invoking command in '/home/kush/UR5_Project_New/build/moveit_common': CMAKE_PREFIX_PATH=/opt/ros/humble /usr/bin/cmake --install /home/kush/UR5_Project_New/build/moveit_common
[1.276s] -- Install configuration: "Release"
[1.345s] -- Up-to-date: /home/kush/UR5_Project_New/install/moveit_common/share/ament_index/resource_index/package_run_dependencies/moveit_common
[1.346s] -- Up-to-date: /home/kush/UR5_Project_New/install/moveit_common/share/ament_index/resource_index/parent_prefix_path/moveit_common
[1.346s] -- Up-to-date: /home/kush/UR5_Project_New/install/moveit_common/share/moveit_common/environment/ament_prefix_path.sh
[1.346s] -- Up-to-date: /home/kush/UR5_Project_New/install/moveit_common/share/moveit_common/environment/ament_prefix_path.dsv
[1.347s] -- Up-to-date: /home/kush/UR5_Project_New/install/moveit_common/share/moveit_common/environment/path.sh
[1.347s] -- Up-to-date: /home/kush/UR5_Project_New/install/moveit_common/share/moveit_common/environment/path.dsv
[1.347s] -- Up-to-date: /home/kush/UR5_Project_New/install/moveit_common/share/moveit_common/local_setup.bash
[1.347s] -- Up-to-date: /home/kush/UR5_Project_New/install/moveit_common/share/moveit_common/local_setup.sh
[1.347s] -- Up-to-date: /home/kush/UR5_Project_New/install/moveit_common/share/moveit_common/local_setup.zsh
[1.348s] -- Up-to-date: /home/kush/UR5_Project_New/install/moveit_common/share/moveit_common/local_setup.dsv
[1.348s] -- Installing: /home/kush/UR5_Project_New/install/moveit_common/share/moveit_common/package.dsv
[1.398s] -- Up-to-date: /home/kush/UR5_Project_New/install/moveit_common/share/ament_index/resource_index/packages/moveit_common
[1.398s] -- Up-to-date: /home/kush/UR5_Project_New/install/moveit_common/share/moveit_common/cmake/moveit_common-extras.cmake
[1.398s] -- Up-to-date: /home/kush/UR5_Project_New/install/moveit_common/share/moveit_common/cmake/moveit_commonConfig.cmake
[1.398s] -- Up-to-date: /home/kush/UR5_Project_New/install/moveit_common/share/moveit_common/cmake/moveit_commonConfig-version.cmake
[1.399s] -- Up-to-date: /home/kush/UR5_Project_New/install/moveit_common/share/moveit_common/package.xml
[1.399s] -- Up-to-date: /home/kush/UR5_Project_New/install/moveit_common/share/moveit_common/cmake
[1.399s] -- Up-to-date: /home/kush/UR5_Project_New/install/moveit_common/share/moveit_common/cmake/moveit_package.cmake
[1.416s] Invoked command in '/home/kush/UR5_Project_New/build/moveit_common' returned '0': CMAKE_PREFIX_PATH=/opt/ros/humble /usr/bin/cmake --install /home/kush/UR5_Project_New/build/moveit_common
