[0.021s] Invoking command in '/home/kush/UR5_Project_New/build/ur_calibration': AMENT_PREFIX_PATH=/home/kush/UR5_Project_New/install/ur_robot_driver:/home/kush/UR5_Project_New/install/ur_controllers:/home/kush/UR5_Project_New/install/ur_dashboard_msgs:${AMENT_PREFIX_PATH} CMAKE_PREFIX_PATH=/home/kush/UR5_Project_New/install/ur_robot_driver:/home/kush/UR5_Project_New/install/ur_controllers:/home/kush/UR5_Project_New/install/ur_dashboard_msgs:/opt/ros/humble LD_LIBRARY_PATH=/home/kush/UR5_Project_New/install/ur_robot_driver/lib:/home/kush/UR5_Project_New/install/ur_controllers/lib:/home/kush/UR5_Project_New/install/ur_dashboard_msgs/lib:${LD_LIBRARY_PATH} PATH=/home/kush/UR5_Project_New/install/ur_robot_driver/bin:${PATH} PYTHONPATH=/home/kush/UR5_Project_New/install/ur_robot_driver/local/lib/python3.10/dist-packages:/home/kush/UR5_Project_New/install/ur_dashboard_msgs/local/lib/python3.10/dist-packages:${PYTHONPATH} /usr/bin/cmake /home/kush/UR5_Project_New/src/Universal_Robots_ROS2_Driver/ur_calibration -DCMAKE_BUILD_TYPE=Release -DCMAKE_INSTALL_PREFIX=/home/kush/UR5_Project_New/install/ur_calibration
[0.102s] -- The C compiler identification is GNU 11.4.0
[0.198s] -- The CXX compiler identification is GNU 11.4.0
[0.214s] -- Detecting C compiler ABI info
[0.310s] -- Detecting C compiler ABI info - done
[0.323s] -- Check for working C compiler: /usr/bin/cc - skipped
[0.323s] -- Detecting C compile features
[0.324s] -- Detecting C compile features - done
[0.328s] -- Detecting CXX compiler ABI info
[0.437s] -- Detecting CXX compiler ABI info - done
[0.453s] -- Check for working CXX compiler: /usr/bin/c++ - skipped
[0.453s] -- Detecting CXX compile features
[0.454s] -- Detecting CXX compile features - done
[0.458s] -- Found ament_cmake: 1.3.5 (/opt/ros/humble/share/ament_cmake/cmake)
[0.716s] -- Found Python3: /usr/bin/python3.10 (found version "3.10.12") found components: Interpreter 
[0.855s] -- Found rclcpp: 16.0.5 (/opt/ros/humble/share/rclcpp/cmake)
[0.918s] -- Found rosidl_generator_c: 3.1.5 (/opt/ros/humble/share/rosidl_generator_c/cmake)
[0.927s] -- Found rosidl_adapter: 3.1.5 (/opt/ros/humble/share/rosidl_adapter/cmake)
[0.941s] -- Found rosidl_generator_cpp: 3.1.5 (/opt/ros/humble/share/rosidl_generator_cpp/cmake)
[0.972s] -- Using all available rosidl_typesupport_c: rosidl_typesupport_fastrtps_c;rosidl_typesupport_introspection_c
[1.001s] -- Using all available rosidl_typesupport_cpp: rosidl_typesupport_fastrtps_cpp;rosidl_typesupport_introspection_cpp
[1.129s] -- Found rmw_implementation_cmake: 6.1.1 (/opt/ros/humble/share/rmw_implementation_cmake/cmake)
[1.135s] -- Found rmw_fastrtps_cpp: 6.2.3 (/opt/ros/humble/share/rmw_fastrtps_cpp/cmake)
[1.287s] -- Found OpenSSL: /usr/lib/x86_64-linux-gnu/libcrypto.so (found version "3.0.2")  
[1.329s] -- Found FastRTPS: /opt/ros/humble/include  
[1.393s] -- Using RMW implementation 'rmw_fastrtps_cpp' as default
[1.410s] -- Looking for pthread.h
[1.508s] -- Looking for pthread.h - found
[1.509s] -- Performing Test CMAKE_HAVE_LIBC_PTHREAD
[1.631s] -- Performing Test CMAKE_HAVE_LIBC_PTHREAD - Success
[1.632s] -- Found Threads: TRUE  
[1.875s] -- Found ur_robot_driver: 2.2.8 (/home/kush/UR5_Project_New/install/ur_robot_driver/share/ur_robot_driver/cmake)
[4.266s] -- Found eigen3_cmake_module: 0.1.1 (/opt/ros/humble/share/eigen3_cmake_module/cmake)
[4.268s] -- Found Eigen3: TRUE (found version "3.4.0") 
[4.269s] -- Ensuring Eigen3 include directory is part of orocos-kdl CMake target
[7.257s] -- Found ament_cmake_gmock: 1.3.5 (/opt/ros/humble/share/ament_cmake_gmock/cmake)
[7.260s] -- Found gmock sources under '/opt/ros/humble/src/gmock_vendor': C++ tests using 'Google Mock' will be built
[7.267s] -- Found ament_cmake_gtest: 1.3.5 (/opt/ros/humble/share/ament_cmake_gtest/cmake)
[7.269s] -- Found gtest sources under '/opt/ros/humble/src/gtest_vendor': C++ tests using 'Google Test' will be built
[7.376s] -- Configuring done
[7.617s] -- Generating done
[7.623s] -- Build files have been written to: /home/kush/UR5_Project_New/build/ur_calibration
[7.650s] Invoked command in '/home/kush/UR5_Project_New/build/ur_calibration' returned '0': AMENT_PREFIX_PATH=/home/kush/UR5_Project_New/install/ur_robot_driver:/home/kush/UR5_Project_New/install/ur_controllers:/home/kush/UR5_Project_New/install/ur_dashboard_msgs:${AMENT_PREFIX_PATH} CMAKE_PREFIX_PATH=/home/kush/UR5_Project_New/install/ur_robot_driver:/home/kush/UR5_Project_New/install/ur_controllers:/home/kush/UR5_Project_New/install/ur_dashboard_msgs:/opt/ros/humble LD_LIBRARY_PATH=/home/kush/UR5_Project_New/install/ur_robot_driver/lib:/home/kush/UR5_Project_New/install/ur_controllers/lib:/home/kush/UR5_Project_New/install/ur_dashboard_msgs/lib:${LD_LIBRARY_PATH} PATH=/home/kush/UR5_Project_New/install/ur_robot_driver/bin:${PATH} PYTHONPATH=/home/kush/UR5_Project_New/install/ur_robot_driver/local/lib/python3.10/dist-packages:/home/kush/UR5_Project_New/install/ur_dashboard_msgs/local/lib/python3.10/dist-packages:${PYTHONPATH} /usr/bin/cmake /home/kush/UR5_Project_New/src/Universal_Robots_ROS2_Driver/ur_calibration -DCMAKE_BUILD_TYPE=Release -DCMAKE_INSTALL_PREFIX=/home/kush/UR5_Project_New/install/ur_calibration
[7.651s] Invoking command in '/home/kush/UR5_Project_New/build/ur_calibration': AMENT_PREFIX_PATH=/home/kush/UR5_Project_New/install/ur_robot_driver:/home/kush/UR5_Project_New/install/ur_controllers:/home/kush/UR5_Project_New/install/ur_dashboard_msgs:${AMENT_PREFIX_PATH} CMAKE_PREFIX_PATH=/home/kush/UR5_Project_New/install/ur_robot_driver:/home/kush/UR5_Project_New/install/ur_controllers:/home/kush/UR5_Project_New/install/ur_dashboard_msgs:/opt/ros/humble LD_LIBRARY_PATH=/home/kush/UR5_Project_New/install/ur_robot_driver/lib:/home/kush/UR5_Project_New/install/ur_controllers/lib:/home/kush/UR5_Project_New/install/ur_dashboard_msgs/lib:${LD_LIBRARY_PATH} PATH=/home/kush/UR5_Project_New/install/ur_robot_driver/bin:${PATH} PYTHONPATH=/home/kush/UR5_Project_New/install/ur_robot_driver/local/lib/python3.10/dist-packages:/home/kush/UR5_Project_New/install/ur_dashboard_msgs/local/lib/python3.10/dist-packages:${PYTHONPATH} /usr/bin/cmake --build /home/kush/UR5_Project_New/build/ur_calibration -- -j4 -l4
[7.734s] [ 16%] [32mBuilding CXX object CMakeFiles/calibration.dir/src/calibration_consumer.cpp.o[0m
[7.735s] [ 16%] [32mBuilding CXX object CMakeFiles/calibration.dir/src/calibration.cpp.o[0m
[7.739s] [ 25%] [32mBuilding CXX object gmock/CMakeFiles/gmock_main.dir/src/gmock_main.cc.o[0m
[10.196s] [ 33%] [32m[1mLinking CXX static library libgmock_main.a[0m
[10.334s] [ 33%] Built target gmock_main
[10.384s] [ 41%] [32mBuilding CXX object gmock/CMakeFiles/gmock.dir/opt/ros/humble/src/gtest_vendor/src/gtest-all.cc.o[0m
[10.385s] [ 50%] [32mBuilding CXX object gmock/CMakeFiles/gmock.dir/src/gmock-all.cc.o[0m
[23.987s] [ 58%] [32m[1mLinking CXX static library libcalibration.a[0m
[24.079s] [ 58%] Built target calibration
[24.111s] [ 66%] [32mBuilding CXX object CMakeFiles/calibration_correction.dir/src/calibration_correction.cpp.o[0m
[26.656s] [ 75%] [32m[1mLinking CXX static library libgmock.a[0m
[26.768s] [ 75%] Built target gmock
[26.803s] [ 83%] [32mBuilding CXX object CMakeFiles/calibration_test.dir/test/calibration_test.cpp.o[0m
[33.327s] [ 91%] [32m[1mLinking CXX executable calibration_correction[0m
[33.741s] [ 91%] Built target calibration_correction
[35.573s] [100%] [32m[1mLinking CXX executable calibration_test[0m
[35.899s] [100%] Built target calibration_test
[35.916s] Invoked command in '/home/kush/UR5_Project_New/build/ur_calibration' returned '0': AMENT_PREFIX_PATH=/home/kush/UR5_Project_New/install/ur_robot_driver:/home/kush/UR5_Project_New/install/ur_controllers:/home/kush/UR5_Project_New/install/ur_dashboard_msgs:${AMENT_PREFIX_PATH} CMAKE_PREFIX_PATH=/home/kush/UR5_Project_New/install/ur_robot_driver:/home/kush/UR5_Project_New/install/ur_controllers:/home/kush/UR5_Project_New/install/ur_dashboard_msgs:/opt/ros/humble LD_LIBRARY_PATH=/home/kush/UR5_Project_New/install/ur_robot_driver/lib:/home/kush/UR5_Project_New/install/ur_controllers/lib:/home/kush/UR5_Project_New/install/ur_dashboard_msgs/lib:${LD_LIBRARY_PATH} PATH=/home/kush/UR5_Project_New/install/ur_robot_driver/bin:${PATH} PYTHONPATH=/home/kush/UR5_Project_New/install/ur_robot_driver/local/lib/python3.10/dist-packages:/home/kush/UR5_Project_New/install/ur_dashboard_msgs/local/lib/python3.10/dist-packages:${PYTHONPATH} /usr/bin/cmake --build /home/kush/UR5_Project_New/build/ur_calibration -- -j4 -l4
[35.967s] Invoking command in '/home/kush/UR5_Project_New/build/ur_calibration': AMENT_PREFIX_PATH=/home/kush/UR5_Project_New/install/ur_robot_driver:/home/kush/UR5_Project_New/install/ur_controllers:/home/kush/UR5_Project_New/install/ur_dashboard_msgs:${AMENT_PREFIX_PATH} CMAKE_PREFIX_PATH=/home/kush/UR5_Project_New/install/ur_robot_driver:/home/kush/UR5_Project_New/install/ur_controllers:/home/kush/UR5_Project_New/install/ur_dashboard_msgs:/opt/ros/humble LD_LIBRARY_PATH=/home/kush/UR5_Project_New/install/ur_robot_driver/lib:/home/kush/UR5_Project_New/install/ur_controllers/lib:/home/kush/UR5_Project_New/install/ur_dashboard_msgs/lib:${LD_LIBRARY_PATH} PATH=/home/kush/UR5_Project_New/install/ur_robot_driver/bin:${PATH} PYTHONPATH=/home/kush/UR5_Project_New/install/ur_robot_driver/local/lib/python3.10/dist-packages:/home/kush/UR5_Project_New/install/ur_dashboard_msgs/local/lib/python3.10/dist-packages:${PYTHONPATH} /usr/bin/cmake --install /home/kush/UR5_Project_New/build/ur_calibration
[35.977s] -- Install configuration: "Release"
[35.978s] -- Installing: /home/kush/UR5_Project_New/install/ur_calibration/lib/ur_calibration/calibration_correction
[35.979s] -- Set runtime path of "/home/kush/UR5_Project_New/install/ur_calibration/lib/ur_calibration/calibration_correction" to ""
[35.979s] -- Installing: /home/kush/UR5_Project_New/install/ur_calibration/include
[35.979s] -- Installing: /home/kush/UR5_Project_New/install/ur_calibration/include/ur_calibration
[35.980s] -- Installing: /home/kush/UR5_Project_New/install/ur_calibration/include/ur_calibration/calibration_consumer.hpp
[35.980s] -- Installing: /home/kush/UR5_Project_New/install/ur_calibration/include/ur_calibration/calibration.hpp
[35.980s] -- Installing: /home/kush/UR5_Project_New/install/ur_calibration/share/ur_calibration/launch
[35.980s] -- Installing: /home/kush/UR5_Project_New/install/ur_calibration/share/ur_calibration/launch/calibration_correction.launch.py
[35.981s] -- Installing: /home/kush/UR5_Project_New/install/ur_calibration/share/ament_index/resource_index/package_run_dependencies/ur_calibration
[35.981s] -- Installing: /home/kush/UR5_Project_New/install/ur_calibration/share/ament_index/resource_index/parent_prefix_path/ur_calibration
[35.981s] -- Installing: /home/kush/UR5_Project_New/install/ur_calibration/share/ur_calibration/environment/ament_prefix_path.sh
[35.981s] -- Installing: /home/kush/UR5_Project_New/install/ur_calibration/share/ur_calibration/environment/ament_prefix_path.dsv
[35.982s] -- Installing: /home/kush/UR5_Project_New/install/ur_calibration/share/ur_calibration/environment/path.sh
[35.982s] -- Installing: /home/kush/UR5_Project_New/install/ur_calibration/share/ur_calibration/environment/path.dsv
[35.982s] -- Installing: /home/kush/UR5_Project_New/install/ur_calibration/share/ur_calibration/local_setup.bash
[35.983s] -- Installing: /home/kush/UR5_Project_New/install/ur_calibration/share/ur_calibration/local_setup.sh
[35.983s] -- Installing: /home/kush/UR5_Project_New/install/ur_calibration/share/ur_calibration/local_setup.zsh
[35.983s] -- Installing: /home/kush/UR5_Project_New/install/ur_calibration/share/ur_calibration/local_setup.dsv
[35.983s] -- Installing: /home/kush/UR5_Project_New/install/ur_calibration/share/ur_calibration/package.dsv
[35.984s] -- Installing: /home/kush/UR5_Project_New/install/ur_calibration/share/ament_index/resource_index/packages/ur_calibration
[35.984s] -- Installing: /home/kush/UR5_Project_New/install/ur_calibration/share/ur_calibration/cmake/ament_cmake_export_include_directories-extras.cmake
[35.984s] -- Installing: /home/kush/UR5_Project_New/install/ur_calibration/share/ur_calibration/cmake/ament_cmake_export_dependencies-extras.cmake
[35.985s] -- Installing: /home/kush/UR5_Project_New/install/ur_calibration/share/ur_calibration/cmake/ur_calibrationConfig.cmake
[35.985s] -- Installing: /home/kush/UR5_Project_New/install/ur_calibration/share/ur_calibration/cmake/ur_calibrationConfig-version.cmake
[35.985s] -- Installing: /home/kush/UR5_Project_New/install/ur_calibration/share/ur_calibration/package.xml
[35.991s] Invoked command in '/home/kush/UR5_Project_New/build/ur_calibration' returned '0': AMENT_PREFIX_PATH=/home/kush/UR5_Project_New/install/ur_robot_driver:/home/kush/UR5_Project_New/install/ur_controllers:/home/kush/UR5_Project_New/install/ur_dashboard_msgs:${AMENT_PREFIX_PATH} CMAKE_PREFIX_PATH=/home/kush/UR5_Project_New/install/ur_robot_driver:/home/kush/UR5_Project_New/install/ur_controllers:/home/kush/UR5_Project_New/install/ur_dashboard_msgs:/opt/ros/humble LD_LIBRARY_PATH=/home/kush/UR5_Project_New/install/ur_robot_driver/lib:/home/kush/UR5_Project_New/install/ur_controllers/lib:/home/kush/UR5_Project_New/install/ur_dashboard_msgs/lib:${LD_LIBRARY_PATH} PATH=/home/kush/UR5_Project_New/install/ur_robot_driver/bin:${PATH} PYTHONPATH=/home/kush/UR5_Project_New/install/ur_robot_driver/local/lib/python3.10/dist-packages:/home/kush/UR5_Project_New/install/ur_dashboard_msgs/local/lib/python3.10/dist-packages:${PYTHONPATH} /usr/bin/cmake --install /home/kush/UR5_Project_New/build/ur_calibration
