[0.014s] Invoking command in '/home/kush/UR5_Project_New/src/build/moveit_resources_fanuc_description': CMAKE_PREFIX_PATH=/opt/ros/humble /usr/bin/cmake /home/kush/UR5_Project_New/src/moveit_resources/fanuc_description -DCMAKE_INSTALL_PREFIX=/home/kush/UR5_Project_New/src/install/moveit_resources_fanuc_description
[0.164s] -- The C compiler identification is GNU 11.4.0
[0.256s] -- The CXX compiler identification is GNU 11.4.0
[0.270s] -- Detecting C compiler ABI info
[0.408s] -- Detecting C compiler ABI info - done
[0.434s] -- Check for working C compiler: /usr/bin/cc - skipped
[0.435s] -- Detecting C compile features
[0.436s] -- Detecting C compile features - done
[0.444s] -- Detecting CXX compiler ABI info
[0.644s] -- Detecting CXX compiler ABI info - done
[0.671s] -- Check for working CXX compiler: /usr/bin/c++ - skipped
[0.671s] -- Detecting CXX compile features
[0.673s] -- Detecting CXX compile features - done
[0.680s] -- Found ament_cmake: 1.3.5 (/opt/ros/humble/share/ament_cmake/cmake)
[1.202s] -- Found Python3: /usr/bin/python3.10 (found version "3.10.12") found components: Interpreter 
[1.790s] -- Configuring done
[1.816s] -- Generating done
[1.823s] -- Build files have been written to: /home/kush/UR5_Project_New/src/build/moveit_resources_fanuc_description
[1.847s] Invoked command in '/home/kush/UR5_Project_New/src/build/moveit_resources_fanuc_description' returned '0': CMAKE_PREFIX_PATH=/opt/ros/humble /usr/bin/cmake /home/kush/UR5_Project_New/src/moveit_resources/fanuc_description -DCMAKE_INSTALL_PREFIX=/home/kush/UR5_Project_New/src/install/moveit_resources_fanuc_description
[1.848s] Invoking command in '/home/kush/UR5_Project_New/src/build/moveit_resources_fanuc_description': CMAKE_PREFIX_PATH=/opt/ros/humble /usr/bin/cmake --build /home/kush/UR5_Project_New/src/build/moveit_resources_fanuc_description -- -j4 -l4
[2.103s] Invoked command in '/home/kush/UR5_Project_New/src/build/moveit_resources_fanuc_description' returned '0': CMAKE_PREFIX_PATH=/opt/ros/humble /usr/bin/cmake --build /home/kush/UR5_Project_New/src/build/moveit_resources_fanuc_description -- -j4 -l4
[2.182s] Invoking command in '/home/kush/UR5_Project_New/src/build/moveit_resources_fanuc_description': CMAKE_PREFIX_PATH=/opt/ros/humble /usr/bin/cmake --install /home/kush/UR5_Project_New/src/build/moveit_resources_fanuc_description
[2.223s] -- Install configuration: ""
[2.225s] -- Installing: /home/kush/UR5_Project_New/src/install/moveit_resources_fanuc_description/share/ament_index/resource_index/package_run_dependencies/moveit_resources_fanuc_description
[2.225s] -- Installing: /home/kush/UR5_Project_New/src/install/moveit_resources_fanuc_description/share/ament_index/resource_index/parent_prefix_path/moveit_resources_fanuc_description
[2.225s] -- Installing: /home/kush/UR5_Project_New/src/install/moveit_resources_fanuc_description/share/moveit_resources_fanuc_description/environment/ament_prefix_path.sh
[2.225s] -- Installing: /home/kush/UR5_Project_New/src/install/moveit_resources_fanuc_description/share/moveit_resources_fanuc_description/environment/ament_prefix_path.dsv
[2.226s] -- Installing: /home/kush/UR5_Project_New/src/install/moveit_resources_fanuc_description/share/moveit_resources_fanuc_description/environment/path.sh
[2.226s] -- Installing: /home/kush/UR5_Project_New/src/install/moveit_resources_fanuc_description/share/moveit_resources_fanuc_description/environment/path.dsv
[2.226s] -- Installing: /home/kush/UR5_Project_New/src/install/moveit_resources_fanuc_description/share/moveit_resources_fanuc_description/local_setup.bash
[2.227s] -- Installing: /home/kush/UR5_Project_New/src/install/moveit_resources_fanuc_description/share/moveit_resources_fanuc_description/local_setup.sh
[2.227s] -- Installing: /home/kush/UR5_Project_New/src/install/moveit_resources_fanuc_description/share/moveit_resources_fanuc_description/local_setup.zsh
[2.227s] -- Installing: /home/kush/UR5_Project_New/src/install/moveit_resources_fanuc_description/share/moveit_resources_fanuc_description/local_setup.dsv
[2.227s] -- Installing: /home/kush/UR5_Project_New/src/install/moveit_resources_fanuc_description/share/moveit_resources_fanuc_description/package.dsv
[2.227s] -- Installing: /home/kush/UR5_Project_New/src/install/moveit_resources_fanuc_description/share/ament_index/resource_index/packages/moveit_resources_fanuc_description
[2.228s] -- Installing: /home/kush/UR5_Project_New/src/install/moveit_resources_fanuc_description/share/moveit_resources_fanuc_description/cmake/moveit_resources_fanuc_descriptionConfig.cmake
[2.228s] -- Installing: /home/kush/UR5_Project_New/src/install/moveit_resources_fanuc_description/share/moveit_resources_fanuc_description/cmake/moveit_resources_fanuc_descriptionConfig-version.cmake
[2.228s] -- Installing: /home/kush/UR5_Project_New/src/install/moveit_resources_fanuc_description/share/moveit_resources_fanuc_description/package.xml
[2.229s] -- Installing: /home/kush/UR5_Project_New/src/install/moveit_resources_fanuc_description/share/moveit_resources_fanuc_description/meshes
[2.229s] -- Installing: /home/kush/UR5_Project_New/src/install/moveit_resources_fanuc_description/share/moveit_resources_fanuc_description/meshes/visual
[2.229s] -- Installing: /home/kush/UR5_Project_New/src/install/moveit_resources_fanuc_description/share/moveit_resources_fanuc_description/meshes/visual/link_2.stl
[2.252s] -- Installing: /home/kush/UR5_Project_New/src/install/moveit_resources_fanuc_description/share/moveit_resources_fanuc_description/meshes/visual/link_5.stl
[2.270s] -- Installing: /home/kush/UR5_Project_New/src/install/moveit_resources_fanuc_description/share/moveit_resources_fanuc_description/meshes/visual/link_6.stl
[2.278s] -- Installing: /home/kush/UR5_Project_New/src/install/moveit_resources_fanuc_description/share/moveit_resources_fanuc_description/meshes/visual/link_4.stl
[2.329s] -- Installing: /home/kush/UR5_Project_New/src/install/moveit_resources_fanuc_description/share/moveit_resources_fanuc_description/meshes/visual/base_link.stl
[2.378s] -- Installing: /home/kush/UR5_Project_New/src/install/moveit_resources_fanuc_description/share/moveit_resources_fanuc_description/meshes/visual/link_1.stl
[2.423s] -- Installing: /home/kush/UR5_Project_New/src/install/moveit_resources_fanuc_description/share/moveit_resources_fanuc_description/meshes/visual/link_3.stl
[2.453s] -- Installing: /home/kush/UR5_Project_New/src/install/moveit_resources_fanuc_description/share/moveit_resources_fanuc_description/meshes/collision
[2.454s] -- Installing: /home/kush/UR5_Project_New/src/install/moveit_resources_fanuc_description/share/moveit_resources_fanuc_description/meshes/collision/link_2.stl
[2.502s] -- Installing: /home/kush/UR5_Project_New/src/install/moveit_resources_fanuc_description/share/moveit_resources_fanuc_description/meshes/collision/link_5.stl
[2.514s] -- Installing: /home/kush/UR5_Project_New/src/install/moveit_resources_fanuc_description/share/moveit_resources_fanuc_description/meshes/collision/link_6.stl
[2.515s] -- Installing: /home/kush/UR5_Project_New/src/install/moveit_resources_fanuc_description/share/moveit_resources_fanuc_description/meshes/collision/link_4.stl
[2.563s] -- Installing: /home/kush/UR5_Project_New/src/install/moveit_resources_fanuc_description/share/moveit_resources_fanuc_description/meshes/collision/base_link.stl
[2.607s] -- Installing: /home/kush/UR5_Project_New/src/install/moveit_resources_fanuc_description/share/moveit_resources_fanuc_description/meshes/collision/link_1.stl
[2.653s] -- Installing: /home/kush/UR5_Project_New/src/install/moveit_resources_fanuc_description/share/moveit_resources_fanuc_description/meshes/collision/link_3.stl
[2.670s] -- Installing: /home/kush/UR5_Project_New/src/install/moveit_resources_fanuc_description/share/moveit_resources_fanuc_description/urdf
[2.670s] -- Installing: /home/kush/UR5_Project_New/src/install/moveit_resources_fanuc_description/share/moveit_resources_fanuc_description/urdf/fanuc.urdf
[2.693s] Invoked command in '/home/kush/UR5_Project_New/src/build/moveit_resources_fanuc_description' returned '0': CMAKE_PREFIX_PATH=/opt/ros/humble /usr/bin/cmake --install /home/kush/UR5_Project_New/src/build/moveit_resources_fanuc_description
