[0.327s] Invoking command in '/home/kush/UR5_Project_New/build/moveit_ros_perception': AMENT_PREFIX_PATH=/home/kush/UR5_Project_New/install/moveit_ros_planning:/home/kush/UR5_Project_New/install/moveit_ros_occupancy_map_monitor:/home/kush/UR5_Project_New/install/moveit_core:/home/kush/UR5_Project_New/install/srdfdom:/home/kush/UR5_Project_New/install/moveit_common:${AMENT_PREFIX_PATH} CMAKE_PREFIX_PATH=/home/kush/UR5_Project_New/install/moveit_ros_planning:/home/kush/UR5_Project_New/install/moveit_ros_occupancy_map_monitor:/home/kush/UR5_Project_New/install/moveit_core:/home/kush/UR5_Project_New/install/srdfdom:/home/kush/UR5_Project_New/install/moveit_common:/home/kush/ws_moveit2_ur5/install/ur_description:/home/kush/ws_moveit2_ur5/install/pilz_industrial_motion_planner_testutils:/home/kush/ws_moveit2_ur5/install/moveit_runtime:/home/kush/ws_moveit2_ur5/install/moveit2_tutorials:/home/kush/ws_moveit2_ur5/install/moveit:/home/kush/ws_moveit2_ur5/install/moveit_planners:/home/kush/ws_moveit2_ur5/install/pilz_industrial_motion_planner:/home/kush/ws_moveit2_ur5/install/moveit_visual_tools:/home/kush/ws_moveit2_ur5/install/moveit_task_constructor_visualization:/home/kush/ws_moveit2_ur5/install/moveit_task_constructor_demo:/home/kush/ws_moveit2_ur5/install/moveit_task_constructor_capabilities:/home/kush/ws_moveit2_ur5/install/moveit_task_constructor_core:/home/kush/ws_moveit2_ur5/install/moveit_ros_control_interface:/home/kush/ws_moveit2_ur5/install/moveit_plugins:/home/kush/ws_moveit2_ur5/install/moveit_simple_controller_manager:/home/kush/ws_moveit2_ur5/install/moveit_setup_assistant:/home/kush/ws_moveit2_ur5/install/moveit_setup_srdf_plugins:/home/kush/ws_moveit2_ur5/install/moveit_setup_core_plugins:/home/kush/ws_moveit2_ur5/install/moveit_setup_controllers:/home/kush/ws_moveit2_ur5/install/moveit_setup_app_plugins:/home/kush/ws_moveit2_ur5/install/moveit_setup_framework:/home/kush/ws_moveit2_ur5/install/moveit_servo:/home/kush/ws_moveit2_ur5/install/moveit_ros:/home/kush/ws_moveit2_ur5/install/moveit_ros_visualization:/home/kush/ws_moveit2_ur5/install/moveit_hybrid_planning:/home/kush/ws_moveit2_ur5/install/moveit_ros_planning_interface:/home/kush/ws_moveit2_ur5/install/moveit_ros_benchmarks:/home/kush/ws_moveit2_ur5/install/moveit_ros_warehouse:/home/kush/ws_moveit2_ur5/install/moveit_ros_robot_interaction:/home/kush/ws_moveit2_ur5/install/moveit_ros_perception:/home/kush/ws_moveit2_ur5/install/moveit_resources_prbt_pg70_support:/home/kush/ws_moveit2_ur5/install/moveit_resources_prbt_moveit_config:/home/kush/ws_moveit2_ur5/install/moveit_ros_move_group:/home/kush/ws_moveit2_ur5/install/moveit_planners_ompl:/home/kush/ws_moveit2_ur5/install/moveit_ros_planning:/home/kush/ws_moveit2_ur5/install/moveit_ros_occupancy_map_monitor:/home/kush/ws_moveit2_ur5/install/moveit_resources_prbt_ikfast_manipulator_plugin:/home/kush/ws_moveit2_ur5/install/moveit_planners_chomp:/home/kush/ws_moveit2_ur5/install/moveit_kinematics:/home/kush/ws_moveit2_ur5/install/moveit_chomp_optimizer_adapter:/home/kush/ws_moveit2_ur5/install/chomp_motion_planner:/home/kush/ws_moveit2_ur5/install/moveit_core:/home/kush/ws_moveit2_ur5/install/srdfdom:/home/kush/ws_moveit2_ur5/install/rviz_marker_tools:/home/kush/ws_moveit2_ur5/install/rosparam_shortcuts:/home/kush/ws_moveit2_ur5/install/moveit_task_constructor_msgs:/home/kush/ws_moveit2_ur5/install/moveit_resources_prbt_support:/home/kush/ws_moveit2_ur5/install/moveit_resources:/home/kush/ws_moveit2_ur5/install/moveit_resources_pr2_description:/home/kush/ws_moveit2_ur5/install/moveit_resources_panda_moveit_config:/home/kush/ws_moveit2_ur5/install/moveit_resources_panda_description:/home/kush/ws_moveit2_ur5/install/moveit_resources_fanuc_moveit_config:/home/kush/ws_moveit2_ur5/install/moveit_resources_fanuc_description:/home/kush/ws_moveit2_ur5/install/moveit_common:/home/kush/ws_moveit2_ur5/install/moveit_configs_utils:/home/kush/ws_moveit2_ur5/install/launch_param_builder:/opt/ros/humble LD_LIBRARY_PATH=/home/kush/UR5_Project_New/install/moveit_ros_planning/lib:/home/kush/UR5_Project_New/install/moveit_ros_occupancy_map_monitor/lib:/home/kush/UR5_Project_New/install/moveit_core/lib:/home/kush/UR5_Project_New/install/srdfdom/lib:${LD_LIBRARY_PATH} PATH=/home/kush/UR5_Project_New/install/moveit_core/bin:${PATH} PYTHONPATH=/home/kush/UR5_Project_New/install/srdfdom/local/lib/python3.10/dist-packages:${PYTHONPATH} /usr/bin/cmake /home/kush/UR5_Project_New/src/moveit2/moveit_ros/perception -DCMAKE_BUILD_TYPE=Release -DCMAKE_INSTALL_PREFIX=/home/kush/UR5_Project_New/install/moveit_ros_perception
[0.749s] -- The C compiler identification is GNU 11.4.0
[1.113s] -- The CXX compiler identification is GNU 11.4.0
[1.146s] -- Detecting C compiler ABI info
[1.640s] -- Detecting C compiler ABI info - done
[1.692s] -- Check for working C compiler: /usr/bin/cc - skipped
[1.693s] -- Detecting C compile features
[1.694s] -- Detecting C compile features - done
[1.705s] -- Detecting CXX compiler ABI info
[1.996s] -- Detecting CXX compiler ABI info - done
[2.034s] -- Check for working CXX compiler: /usr/bin/c++ - skipped
[2.034s] -- Detecting CXX compile features
[2.035s] -- Detecting CXX compile features - done
[2.043s] -- Found moveit_common: 2.5.4 (/home/kush/UR5_Project_New/install/moveit_common/share/moveit_common/cmake)
[2.062s] -- Found ament_cmake: 1.3.5 (/opt/ros/humble/share/ament_cmake/cmake)
[2.837s] -- Found Python3: /usr/bin/python3.10 (found version "3.10.12") found components: Interpreter 
[3.657s] -- Found libdw: /usr/lib/x86_64-linux-gnu/libdw.so  
[3.690s] -- Could NOT find libbfd (missing: LIBBFD_LIBRARY LIBBFD_INCLUDE_DIR) 
[3.690s] -- BACKWARD_HAS_UNWIND=1
[3.691s] -- BACKWARD_HAS_BACKTRACE=0
[3.691s] -- BACKWARD_HAS_BACKTRACE_SYMBOL=0
[3.691s] -- BACKWARD_HAS_DW=1
[3.691s] -- BACKWARD_HAS_BFD=0
[3.694s] -- Found Backward: /opt/ros/humble/share/backward_ros/cmake  
[3.789s] -- Found OpenGL: /usr/lib/x86_64-linux-gnu/libOpenGL.so   
[4.074s] -- Found GLEW: /usr/include (found version "2.2.0") 
[4.117s] -- Found PkgConfig: /usr/bin/pkg-config (found version "0.29.2") 
[4.118s] -- Checking for module 'glut'
[4.151s] --   No package 'glut' found
[4.179s] -- Found GLUT: /usr/lib/x86_64-linux-gnu/libglut.so  
[4.245s] -- Found cv_bridge: 3.2.1 (/opt/ros/humble/share/cv_bridge/cmake)
[4.605s] -- Found rosidl_generator_c: 3.1.5 (/opt/ros/humble/share/rosidl_generator_c/cmake)
[4.681s] -- Found rosidl_adapter: 3.1.5 (/opt/ros/humble/share/rosidl_adapter/cmake)
[4.789s] -- Found rosidl_generator_cpp: 3.1.5 (/opt/ros/humble/share/rosidl_generator_cpp/cmake)
[4.937s] -- Using all available rosidl_typesupport_c: rosidl_typesupport_fastrtps_c;rosidl_typesupport_introspection_c
[5.170s] -- Using all available rosidl_typesupport_cpp: rosidl_typesupport_fastrtps_cpp;rosidl_typesupport_introspection_cpp
[6.500s] -- Found moveit_core: 2.5.4 (/home/kush/UR5_Project_New/install/moveit_core/share/moveit_core/cmake)
[8.573s] -- Found Boost: /usr/lib/x86_64-linux-gnu/cmake/Boost-1.74.0/BoostConfig.cmake (found version "1.74.0") found components: chrono date_time filesystem iostreams program_options regex serialization system thread 
[8.802s] -- Found parameter_traits: 0.3.3 (/opt/ros/humble/share/parameter_traits/cmake)
[9.377s] -- Found rmw_implementation_cmake: 6.1.1 (/opt/ros/humble/share/rmw_implementation_cmake/cmake)
[9.439s] -- Found rmw_fastrtps_cpp: 6.2.3 (/opt/ros/humble/share/rmw_fastrtps_cpp/cmake)
[10.457s] -- Found OpenSSL: /usr/lib/x86_64-linux-gnu/libcrypto.so (found version "3.0.2")  
[10.555s] -- Found FastRTPS: /opt/ros/humble/include  
[10.784s] -- Using RMW implementation 'rmw_fastrtps_cpp' as default
[10.878s] -- Found Threads: TRUE  
[11.668s] -- Found rclcpp_lifecycle: 16.0.5 (/opt/ros/humble/share/rclcpp_lifecycle/cmake)
[12.023s] -- Found Boost: /usr/lib/x86_64-linux-gnu/cmake/Boost-1.74.0/BoostConfig.cmake (found version "1.74.0") found components: filesystem 
[13.104s] -- library: /usr/lib/x86_64-linux-gnu/libcurl.so
[14.568s] -- Found Eigen3: TRUE (found version "3.4.0") 
[14.568s] -- Ensuring Eigen3 include directory is part of orocos-kdl CMake target
[19.691s] -- Found image_transport: 3.1.5 (/opt/ros/humble/share/image_transport/cmake)
[19.747s] -- Found moveit_ros_occupancy_map_monitor: 2.5.4 (/home/kush/UR5_Project_New/install/moveit_ros_occupancy_map_monitor/share/moveit_ros_occupancy_map_monitor/cmake)
[22.066s] -- Found OpenMP_C: -fopenmp (found version "4.5") 
[22.675s] -- Found OpenMP_CXX: -fopenmp (found version "4.5") 
[22.677s] -- Found OpenMP: TRUE (found version "4.5")  
[22.691s] -- Found OpenCV: /usr (found version "4.5.4") 
[22.721s] -- Found Boost: /usr/lib/x86_64-linux-gnu/cmake/Boost-1.74.0/BoostConfig.cmake (found version "1.74.0") found components: thread 
[23.112s] -- Performing Test COMPILER_HAS_HIDDEN_VISIBILITY
[23.838s] -- Performing Test COMPILER_HAS_HIDDEN_VISIBILITY - Success
[23.840s] -- Performing Test COMPILER_HAS_HIDDEN_INLINE_VISIBILITY
[24.553s] -- Performing Test COMPILER_HAS_HIDDEN_INLINE_VISIBILITY - Success
[24.554s] -- Performing Test COMPILER_HAS_DEPRECATED_ATTR
[25.081s] -- Performing Test COMPILER_HAS_DEPRECATED_ATTR - Success
[25.586s] -- Found ament_lint_auto: 0.12.7 (/opt/ros/humble/share/ament_lint_auto/cmake)
[25.779s] -- Added test 'cppcheck' to perform static code analysis on C / C++ code
[25.781s] -- Configured cppcheck include dirs: /home/kush/UR5_Project_New/src/moveit2/moveit_ros/perception/depth_image_octomap_updater/include;/home/kush/UR5_Project_New/src/moveit2/moveit_ros/perception/lazy_free_space_updater/include;/home/kush/UR5_Project_New/src/moveit2/moveit_ros/perception/mesh_filter/include;/home/kush/UR5_Project_New/src/moveit2/moveit_ros/perception/point_containment_filter/include;/home/kush/UR5_Project_New/src/moveit2/moveit_ros/perception/pointcloud_octomap_updater/include;/home/kush/UR5_Project_New/src/moveit2/moveit_ros/perception/semantic_world/include
[25.781s] -- Configured cppcheck exclude dirs and/or files: 
[25.789s] -- Added test 'lint_cmake' to check CMake code style
[25.795s] -- Added test 'xmllint' to check XML markup files
[25.821s] -- Configuring done
[26.563s] -- Generating done
[26.587s] -- Build files have been written to: /home/kush/UR5_Project_New/build/moveit_ros_perception
[26.658s] Invoked command in '/home/kush/UR5_Project_New/build/moveit_ros_perception' returned '0': AMENT_PREFIX_PATH=/home/kush/UR5_Project_New/install/moveit_ros_planning:/home/kush/UR5_Project_New/install/moveit_ros_occupancy_map_monitor:/home/kush/UR5_Project_New/install/moveit_core:/home/kush/UR5_Project_New/install/srdfdom:/home/kush/UR5_Project_New/install/moveit_common:${AMENT_PREFIX_PATH} CMAKE_PREFIX_PATH=/home/kush/UR5_Project_New/install/moveit_ros_planning:/home/kush/UR5_Project_New/install/moveit_ros_occupancy_map_monitor:/home/kush/UR5_Project_New/install/moveit_core:/home/kush/UR5_Project_New/install/srdfdom:/home/kush/UR5_Project_New/install/moveit_common:/home/kush/ws_moveit2_ur5/install/ur_description:/home/kush/ws_moveit2_ur5/install/pilz_industrial_motion_planner_testutils:/home/kush/ws_moveit2_ur5/install/moveit_runtime:/home/kush/ws_moveit2_ur5/install/moveit2_tutorials:/home/kush/ws_moveit2_ur5/install/moveit:/home/kush/ws_moveit2_ur5/install/moveit_planners:/home/kush/ws_moveit2_ur5/install/pilz_industrial_motion_planner:/home/kush/ws_moveit2_ur5/install/moveit_visual_tools:/home/kush/ws_moveit2_ur5/install/moveit_task_constructor_visualization:/home/kush/ws_moveit2_ur5/install/moveit_task_constructor_demo:/home/kush/ws_moveit2_ur5/install/moveit_task_constructor_capabilities:/home/kush/ws_moveit2_ur5/install/moveit_task_constructor_core:/home/kush/ws_moveit2_ur5/install/moveit_ros_control_interface:/home/kush/ws_moveit2_ur5/install/moveit_plugins:/home/kush/ws_moveit2_ur5/install/moveit_simple_controller_manager:/home/kush/ws_moveit2_ur5/install/moveit_setup_assistant:/home/kush/ws_moveit2_ur5/install/moveit_setup_srdf_plugins:/home/kush/ws_moveit2_ur5/install/moveit_setup_core_plugins:/home/kush/ws_moveit2_ur5/install/moveit_setup_controllers:/home/kush/ws_moveit2_ur5/install/moveit_setup_app_plugins:/home/kush/ws_moveit2_ur5/install/moveit_setup_framework:/home/kush/ws_moveit2_ur5/install/moveit_servo:/home/kush/ws_moveit2_ur5/install/moveit_ros:/home/kush/ws_moveit2_ur5/install/moveit_ros_visualization:/home/kush/ws_moveit2_ur5/install/moveit_hybrid_planning:/home/kush/ws_moveit2_ur5/install/moveit_ros_planning_interface:/home/kush/ws_moveit2_ur5/install/moveit_ros_benchmarks:/home/kush/ws_moveit2_ur5/install/moveit_ros_warehouse:/home/kush/ws_moveit2_ur5/install/moveit_ros_robot_interaction:/home/kush/ws_moveit2_ur5/install/moveit_ros_perception:/home/kush/ws_moveit2_ur5/install/moveit_resources_prbt_pg70_support:/home/kush/ws_moveit2_ur5/install/moveit_resources_prbt_moveit_config:/home/kush/ws_moveit2_ur5/install/moveit_ros_move_group:/home/kush/ws_moveit2_ur5/install/moveit_planners_ompl:/home/kush/ws_moveit2_ur5/install/moveit_ros_planning:/home/kush/ws_moveit2_ur5/install/moveit_ros_occupancy_map_monitor:/home/kush/ws_moveit2_ur5/install/moveit_resources_prbt_ikfast_manipulator_plugin:/home/kush/ws_moveit2_ur5/install/moveit_planners_chomp:/home/kush/ws_moveit2_ur5/install/moveit_kinematics:/home/kush/ws_moveit2_ur5/install/moveit_chomp_optimizer_adapter:/home/kush/ws_moveit2_ur5/install/chomp_motion_planner:/home/kush/ws_moveit2_ur5/install/moveit_core:/home/kush/ws_moveit2_ur5/install/srdfdom:/home/kush/ws_moveit2_ur5/install/rviz_marker_tools:/home/kush/ws_moveit2_ur5/install/rosparam_shortcuts:/home/kush/ws_moveit2_ur5/install/moveit_task_constructor_msgs:/home/kush/ws_moveit2_ur5/install/moveit_resources_prbt_support:/home/kush/ws_moveit2_ur5/install/moveit_resources:/home/kush/ws_moveit2_ur5/install/moveit_resources_pr2_description:/home/kush/ws_moveit2_ur5/install/moveit_resources_panda_moveit_config:/home/kush/ws_moveit2_ur5/install/moveit_resources_panda_description:/home/kush/ws_moveit2_ur5/install/moveit_resources_fanuc_moveit_config:/home/kush/ws_moveit2_ur5/install/moveit_resources_fanuc_description:/home/kush/ws_moveit2_ur5/install/moveit_common:/home/kush/ws_moveit2_ur5/install/moveit_configs_utils:/home/kush/ws_moveit2_ur5/install/launch_param_builder:/opt/ros/humble LD_LIBRARY_PATH=/home/kush/UR5_Project_New/install/moveit_ros_planning/lib:/home/kush/UR5_Project_New/install/moveit_ros_occupancy_map_monitor/lib:/home/kush/UR5_Project_New/install/moveit_core/lib:/home/kush/UR5_Project_New/install/srdfdom/lib:${LD_LIBRARY_PATH} PATH=/home/kush/UR5_Project_New/install/moveit_core/bin:${PATH} PYTHONPATH=/home/kush/UR5_Project_New/install/srdfdom/local/lib/python3.10/dist-packages:${PYTHONPATH} /usr/bin/cmake /home/kush/UR5_Project_New/src/moveit2/moveit_ros/perception -DCMAKE_BUILD_TYPE=Release -DCMAKE_INSTALL_PREFIX=/home/kush/UR5_Project_New/install/moveit_ros_perception
[26.659s] Invoking command in '/home/kush/UR5_Project_New/build/moveit_ros_perception': AMENT_PREFIX_PATH=/home/kush/UR5_Project_New/install/moveit_ros_planning:/home/kush/UR5_Project_New/install/moveit_ros_occupancy_map_monitor:/home/kush/UR5_Project_New/install/moveit_core:/home/kush/UR5_Project_New/install/srdfdom:/home/kush/UR5_Project_New/install/moveit_common:${AMENT_PREFIX_PATH} CMAKE_PREFIX_PATH=/home/kush/UR5_Project_New/install/moveit_ros_planning:/home/kush/UR5_Project_New/install/moveit_ros_occupancy_map_monitor:/home/kush/UR5_Project_New/install/moveit_core:/home/kush/UR5_Project_New/install/srdfdom:/home/kush/UR5_Project_New/install/moveit_common:/home/kush/ws_moveit2_ur5/install/ur_description:/home/kush/ws_moveit2_ur5/install/pilz_industrial_motion_planner_testutils:/home/kush/ws_moveit2_ur5/install/moveit_runtime:/home/kush/ws_moveit2_ur5/install/moveit2_tutorials:/home/kush/ws_moveit2_ur5/install/moveit:/home/kush/ws_moveit2_ur5/install/moveit_planners:/home/kush/ws_moveit2_ur5/install/pilz_industrial_motion_planner:/home/kush/ws_moveit2_ur5/install/moveit_visual_tools:/home/kush/ws_moveit2_ur5/install/moveit_task_constructor_visualization:/home/kush/ws_moveit2_ur5/install/moveit_task_constructor_demo:/home/kush/ws_moveit2_ur5/install/moveit_task_constructor_capabilities:/home/kush/ws_moveit2_ur5/install/moveit_task_constructor_core:/home/kush/ws_moveit2_ur5/install/moveit_ros_control_interface:/home/kush/ws_moveit2_ur5/install/moveit_plugins:/home/kush/ws_moveit2_ur5/install/moveit_simple_controller_manager:/home/kush/ws_moveit2_ur5/install/moveit_setup_assistant:/home/kush/ws_moveit2_ur5/install/moveit_setup_srdf_plugins:/home/kush/ws_moveit2_ur5/install/moveit_setup_core_plugins:/home/kush/ws_moveit2_ur5/install/moveit_setup_controllers:/home/kush/ws_moveit2_ur5/install/moveit_setup_app_plugins:/home/kush/ws_moveit2_ur5/install/moveit_setup_framework:/home/kush/ws_moveit2_ur5/install/moveit_servo:/home/kush/ws_moveit2_ur5/install/moveit_ros:/home/kush/ws_moveit2_ur5/install/moveit_ros_visualization:/home/kush/ws_moveit2_ur5/install/moveit_hybrid_planning:/home/kush/ws_moveit2_ur5/install/moveit_ros_planning_interface:/home/kush/ws_moveit2_ur5/install/moveit_ros_benchmarks:/home/kush/ws_moveit2_ur5/install/moveit_ros_warehouse:/home/kush/ws_moveit2_ur5/install/moveit_ros_robot_interaction:/home/kush/ws_moveit2_ur5/install/moveit_ros_perception:/home/kush/ws_moveit2_ur5/install/moveit_resources_prbt_pg70_support:/home/kush/ws_moveit2_ur5/install/moveit_resources_prbt_moveit_config:/home/kush/ws_moveit2_ur5/install/moveit_ros_move_group:/home/kush/ws_moveit2_ur5/install/moveit_planners_ompl:/home/kush/ws_moveit2_ur5/install/moveit_ros_planning:/home/kush/ws_moveit2_ur5/install/moveit_ros_occupancy_map_monitor:/home/kush/ws_moveit2_ur5/install/moveit_resources_prbt_ikfast_manipulator_plugin:/home/kush/ws_moveit2_ur5/install/moveit_planners_chomp:/home/kush/ws_moveit2_ur5/install/moveit_kinematics:/home/kush/ws_moveit2_ur5/install/moveit_chomp_optimizer_adapter:/home/kush/ws_moveit2_ur5/install/chomp_motion_planner:/home/kush/ws_moveit2_ur5/install/moveit_core:/home/kush/ws_moveit2_ur5/install/srdfdom:/home/kush/ws_moveit2_ur5/install/rviz_marker_tools:/home/kush/ws_moveit2_ur5/install/rosparam_shortcuts:/home/kush/ws_moveit2_ur5/install/moveit_task_constructor_msgs:/home/kush/ws_moveit2_ur5/install/moveit_resources_prbt_support:/home/kush/ws_moveit2_ur5/install/moveit_resources:/home/kush/ws_moveit2_ur5/install/moveit_resources_pr2_description:/home/kush/ws_moveit2_ur5/install/moveit_resources_panda_moveit_config:/home/kush/ws_moveit2_ur5/install/moveit_resources_panda_description:/home/kush/ws_moveit2_ur5/install/moveit_resources_fanuc_moveit_config:/home/kush/ws_moveit2_ur5/install/moveit_resources_fanuc_description:/home/kush/ws_moveit2_ur5/install/moveit_common:/home/kush/ws_moveit2_ur5/install/moveit_configs_utils:/home/kush/ws_moveit2_ur5/install/launch_param_builder:/opt/ros/humble LD_LIBRARY_PATH=/home/kush/UR5_Project_New/install/moveit_ros_planning/lib:/home/kush/UR5_Project_New/install/moveit_ros_occupancy_map_monitor/lib:/home/kush/UR5_Project_New/install/moveit_core/lib:/home/kush/UR5_Project_New/install/srdfdom/lib:${LD_LIBRARY_PATH} PATH=/home/kush/UR5_Project_New/install/moveit_core/bin:${PATH} PYTHONPATH=/home/kush/UR5_Project_New/install/srdfdom/local/lib/python3.10/dist-packages:${PYTHONPATH} /usr/bin/cmake --build /home/kush/UR5_Project_New/build/moveit_ros_perception -- -j4 -l4
[26.933s] [  5%] [32mBuilding CXX object lazy_free_space_updater/CMakeFiles/moveit_lazy_free_space_updater.dir/src/lazy_free_space_updater.cpp.o[0m
[34.887s] [ 10%] [32m[1mLinking CXX shared library libmoveit_lazy_free_space_updater.so[0m
[35.537s] [ 10%] Built target moveit_lazy_free_space_updater
[35.653s] [ 15%] [32mBuilding CXX object semantic_world/CMakeFiles/moveit_semantic_world.dir/src/semantic_world.cpp.o[0m
[100.783s] [ 20%] [32m[1mLinking CXX shared library libmoveit_semantic_world.so[0m
[103.287s] [ 20%] Built target moveit_semantic_world
[103.452s] [ 25%] [32mBuilding CXX object mesh_filter/CMakeFiles/moveit_mesh_filter.dir/src/mesh_filter_base.cpp.o[0m
[117.761s] [ 30%] [32mBuilding CXX object mesh_filter/CMakeFiles/moveit_mesh_filter.dir/src/stereo_camera_model.cpp.o[0m
[123.006s] [ 35%] [32mBuilding CXX object mesh_filter/CMakeFiles/moveit_mesh_filter.dir/src/gl_renderer.cpp.o[0m
[128.052s] [ 40%] [32mBuilding CXX object mesh_filter/CMakeFiles/moveit_mesh_filter.dir/src/gl_mesh.cpp.o[0m
[133.904s] [ 45%] [32mBuilding CXX object mesh_filter/CMakeFiles/moveit_mesh_filter.dir/src/sensor_model.cpp.o[0m
[138.115s] [ 50%] [32m[1mLinking CXX shared library libmoveit_mesh_filter.so[0m
[139.701s] [ 50%] Built target moveit_mesh_filter
[139.890s] [ 55%] [32mBuilding CXX object point_containment_filter/CMakeFiles/moveit_point_containment_filter.dir/src/shape_mask.cpp.o[0m
[151.391s] [ 60%] [32m[1mLinking CXX shared library libmoveit_point_containment_filter.so[0m
[152.046s] [ 60%] Built target moveit_point_containment_filter
[152.225s] [ 65%] [32mBuilding CXX object depth_image_octomap_updater/CMakeFiles/moveit_depth_image_octomap_updater_core.dir/src/depth_image_octomap_updater.cpp.o[0m
[175.205s] [ 70%] [32m[1mLinking CXX shared library libmoveit_depth_image_octomap_updater_core.so[0m
[176.113s] [ 70%] Built target moveit_depth_image_octomap_updater_core
[176.336s] [ 75%] [32mBuilding CXX object pointcloud_octomap_updater/CMakeFiles/moveit_pointcloud_octomap_updater_core.dir/src/pointcloud_octomap_updater.cpp.o[0m
[233.521s] [ 80%] [32m[1mLinking CXX shared library libmoveit_pointcloud_octomap_updater_core.so[0m
[234.693s] [ 80%] Built target moveit_pointcloud_octomap_updater_core
[234.929s] [ 85%] [32mBuilding CXX object depth_image_octomap_updater/CMakeFiles/moveit_depth_image_octomap_updater.dir/src/updater_plugin.cpp.o[0m
[253.088s] [ 90%] [32m[1mLinking CXX shared library libmoveit_depth_image_octomap_updater.so[0m
[253.923s] [ 90%] Built target moveit_depth_image_octomap_updater
[254.122s] [ 95%] [32mBuilding CXX object pointcloud_octomap_updater/CMakeFiles/moveit_pointcloud_octomap_updater.dir/src/plugin_init.cpp.o[0m
[271.773s] [100%] [32m[1mLinking CXX shared library libmoveit_pointcloud_octomap_updater.so[0m
[272.573s] [100%] Built target moveit_pointcloud_octomap_updater
[272.662s] Invoked command in '/home/kush/UR5_Project_New/build/moveit_ros_perception' returned '0': AMENT_PREFIX_PATH=/home/kush/UR5_Project_New/install/moveit_ros_planning:/home/kush/UR5_Project_New/install/moveit_ros_occupancy_map_monitor:/home/kush/UR5_Project_New/install/moveit_core:/home/kush/UR5_Project_New/install/srdfdom:/home/kush/UR5_Project_New/install/moveit_common:${AMENT_PREFIX_PATH} CMAKE_PREFIX_PATH=/home/kush/UR5_Project_New/install/moveit_ros_planning:/home/kush/UR5_Project_New/install/moveit_ros_occupancy_map_monitor:/home/kush/UR5_Project_New/install/moveit_core:/home/kush/UR5_Project_New/install/srdfdom:/home/kush/UR5_Project_New/install/moveit_common:/home/kush/ws_moveit2_ur5/install/ur_description:/home/kush/ws_moveit2_ur5/install/pilz_industrial_motion_planner_testutils:/home/kush/ws_moveit2_ur5/install/moveit_runtime:/home/kush/ws_moveit2_ur5/install/moveit2_tutorials:/home/kush/ws_moveit2_ur5/install/moveit:/home/kush/ws_moveit2_ur5/install/moveit_planners:/home/kush/ws_moveit2_ur5/install/pilz_industrial_motion_planner:/home/kush/ws_moveit2_ur5/install/moveit_visual_tools:/home/kush/ws_moveit2_ur5/install/moveit_task_constructor_visualization:/home/kush/ws_moveit2_ur5/install/moveit_task_constructor_demo:/home/kush/ws_moveit2_ur5/install/moveit_task_constructor_capabilities:/home/kush/ws_moveit2_ur5/install/moveit_task_constructor_core:/home/kush/ws_moveit2_ur5/install/moveit_ros_control_interface:/home/kush/ws_moveit2_ur5/install/moveit_plugins:/home/kush/ws_moveit2_ur5/install/moveit_simple_controller_manager:/home/kush/ws_moveit2_ur5/install/moveit_setup_assistant:/home/kush/ws_moveit2_ur5/install/moveit_setup_srdf_plugins:/home/kush/ws_moveit2_ur5/install/moveit_setup_core_plugins:/home/kush/ws_moveit2_ur5/install/moveit_setup_controllers:/home/kush/ws_moveit2_ur5/install/moveit_setup_app_plugins:/home/kush/ws_moveit2_ur5/install/moveit_setup_framework:/home/kush/ws_moveit2_ur5/install/moveit_servo:/home/kush/ws_moveit2_ur5/install/moveit_ros:/home/kush/ws_moveit2_ur5/install/moveit_ros_visualization:/home/kush/ws_moveit2_ur5/install/moveit_hybrid_planning:/home/kush/ws_moveit2_ur5/install/moveit_ros_planning_interface:/home/kush/ws_moveit2_ur5/install/moveit_ros_benchmarks:/home/kush/ws_moveit2_ur5/install/moveit_ros_warehouse:/home/kush/ws_moveit2_ur5/install/moveit_ros_robot_interaction:/home/kush/ws_moveit2_ur5/install/moveit_ros_perception:/home/kush/ws_moveit2_ur5/install/moveit_resources_prbt_pg70_support:/home/kush/ws_moveit2_ur5/install/moveit_resources_prbt_moveit_config:/home/kush/ws_moveit2_ur5/install/moveit_ros_move_group:/home/kush/ws_moveit2_ur5/install/moveit_planners_ompl:/home/kush/ws_moveit2_ur5/install/moveit_ros_planning:/home/kush/ws_moveit2_ur5/install/moveit_ros_occupancy_map_monitor:/home/kush/ws_moveit2_ur5/install/moveit_resources_prbt_ikfast_manipulator_plugin:/home/kush/ws_moveit2_ur5/install/moveit_planners_chomp:/home/kush/ws_moveit2_ur5/install/moveit_kinematics:/home/kush/ws_moveit2_ur5/install/moveit_chomp_optimizer_adapter:/home/kush/ws_moveit2_ur5/install/chomp_motion_planner:/home/kush/ws_moveit2_ur5/install/moveit_core:/home/kush/ws_moveit2_ur5/install/srdfdom:/home/kush/ws_moveit2_ur5/install/rviz_marker_tools:/home/kush/ws_moveit2_ur5/install/rosparam_shortcuts:/home/kush/ws_moveit2_ur5/install/moveit_task_constructor_msgs:/home/kush/ws_moveit2_ur5/install/moveit_resources_prbt_support:/home/kush/ws_moveit2_ur5/install/moveit_resources:/home/kush/ws_moveit2_ur5/install/moveit_resources_pr2_description:/home/kush/ws_moveit2_ur5/install/moveit_resources_panda_moveit_config:/home/kush/ws_moveit2_ur5/install/moveit_resources_panda_description:/home/kush/ws_moveit2_ur5/install/moveit_resources_fanuc_moveit_config:/home/kush/ws_moveit2_ur5/install/moveit_resources_fanuc_description:/home/kush/ws_moveit2_ur5/install/moveit_common:/home/kush/ws_moveit2_ur5/install/moveit_configs_utils:/home/kush/ws_moveit2_ur5/install/launch_param_builder:/opt/ros/humble LD_LIBRARY_PATH=/home/kush/UR5_Project_New/install/moveit_ros_planning/lib:/home/kush/UR5_Project_New/install/moveit_ros_occupancy_map_monitor/lib:/home/kush/UR5_Project_New/install/moveit_core/lib:/home/kush/UR5_Project_New/install/srdfdom/lib:${LD_LIBRARY_PATH} PATH=/home/kush/UR5_Project_New/install/moveit_core/bin:${PATH} PYTHONPATH=/home/kush/UR5_Project_New/install/srdfdom/local/lib/python3.10/dist-packages:${PYTHONPATH} /usr/bin/cmake --build /home/kush/UR5_Project_New/build/moveit_ros_perception -- -j4 -l4
[273.096s] Invoking command in '/home/kush/UR5_Project_New/build/moveit_ros_perception': AMENT_PREFIX_PATH=/home/kush/UR5_Project_New/install/moveit_ros_planning:/home/kush/UR5_Project_New/install/moveit_ros_occupancy_map_monitor:/home/kush/UR5_Project_New/install/moveit_core:/home/kush/UR5_Project_New/install/srdfdom:/home/kush/UR5_Project_New/install/moveit_common:${AMENT_PREFIX_PATH} CMAKE_PREFIX_PATH=/home/kush/UR5_Project_New/install/moveit_ros_planning:/home/kush/UR5_Project_New/install/moveit_ros_occupancy_map_monitor:/home/kush/UR5_Project_New/install/moveit_core:/home/kush/UR5_Project_New/install/srdfdom:/home/kush/UR5_Project_New/install/moveit_common:/home/kush/ws_moveit2_ur5/install/ur_description:/home/kush/ws_moveit2_ur5/install/pilz_industrial_motion_planner_testutils:/home/kush/ws_moveit2_ur5/install/moveit_runtime:/home/kush/ws_moveit2_ur5/install/moveit2_tutorials:/home/kush/ws_moveit2_ur5/install/moveit:/home/kush/ws_moveit2_ur5/install/moveit_planners:/home/kush/ws_moveit2_ur5/install/pilz_industrial_motion_planner:/home/kush/ws_moveit2_ur5/install/moveit_visual_tools:/home/kush/ws_moveit2_ur5/install/moveit_task_constructor_visualization:/home/kush/ws_moveit2_ur5/install/moveit_task_constructor_demo:/home/kush/ws_moveit2_ur5/install/moveit_task_constructor_capabilities:/home/kush/ws_moveit2_ur5/install/moveit_task_constructor_core:/home/kush/ws_moveit2_ur5/install/moveit_ros_control_interface:/home/kush/ws_moveit2_ur5/install/moveit_plugins:/home/kush/ws_moveit2_ur5/install/moveit_simple_controller_manager:/home/kush/ws_moveit2_ur5/install/moveit_setup_assistant:/home/kush/ws_moveit2_ur5/install/moveit_setup_srdf_plugins:/home/kush/ws_moveit2_ur5/install/moveit_setup_core_plugins:/home/kush/ws_moveit2_ur5/install/moveit_setup_controllers:/home/kush/ws_moveit2_ur5/install/moveit_setup_app_plugins:/home/kush/ws_moveit2_ur5/install/moveit_setup_framework:/home/kush/ws_moveit2_ur5/install/moveit_servo:/home/kush/ws_moveit2_ur5/install/moveit_ros:/home/kush/ws_moveit2_ur5/install/moveit_ros_visualization:/home/kush/ws_moveit2_ur5/install/moveit_hybrid_planning:/home/kush/ws_moveit2_ur5/install/moveit_ros_planning_interface:/home/kush/ws_moveit2_ur5/install/moveit_ros_benchmarks:/home/kush/ws_moveit2_ur5/install/moveit_ros_warehouse:/home/kush/ws_moveit2_ur5/install/moveit_ros_robot_interaction:/home/kush/ws_moveit2_ur5/install/moveit_ros_perception:/home/kush/ws_moveit2_ur5/install/moveit_resources_prbt_pg70_support:/home/kush/ws_moveit2_ur5/install/moveit_resources_prbt_moveit_config:/home/kush/ws_moveit2_ur5/install/moveit_ros_move_group:/home/kush/ws_moveit2_ur5/install/moveit_planners_ompl:/home/kush/ws_moveit2_ur5/install/moveit_ros_planning:/home/kush/ws_moveit2_ur5/install/moveit_ros_occupancy_map_monitor:/home/kush/ws_moveit2_ur5/install/moveit_resources_prbt_ikfast_manipulator_plugin:/home/kush/ws_moveit2_ur5/install/moveit_planners_chomp:/home/kush/ws_moveit2_ur5/install/moveit_kinematics:/home/kush/ws_moveit2_ur5/install/moveit_chomp_optimizer_adapter:/home/kush/ws_moveit2_ur5/install/chomp_motion_planner:/home/kush/ws_moveit2_ur5/install/moveit_core:/home/kush/ws_moveit2_ur5/install/srdfdom:/home/kush/ws_moveit2_ur5/install/rviz_marker_tools:/home/kush/ws_moveit2_ur5/install/rosparam_shortcuts:/home/kush/ws_moveit2_ur5/install/moveit_task_constructor_msgs:/home/kush/ws_moveit2_ur5/install/moveit_resources_prbt_support:/home/kush/ws_moveit2_ur5/install/moveit_resources:/home/kush/ws_moveit2_ur5/install/moveit_resources_pr2_description:/home/kush/ws_moveit2_ur5/install/moveit_resources_panda_moveit_config:/home/kush/ws_moveit2_ur5/install/moveit_resources_panda_description:/home/kush/ws_moveit2_ur5/install/moveit_resources_fanuc_moveit_config:/home/kush/ws_moveit2_ur5/install/moveit_resources_fanuc_description:/home/kush/ws_moveit2_ur5/install/moveit_common:/home/kush/ws_moveit2_ur5/install/moveit_configs_utils:/home/kush/ws_moveit2_ur5/install/launch_param_builder:/opt/ros/humble LD_LIBRARY_PATH=/home/kush/UR5_Project_New/install/moveit_ros_planning/lib:/home/kush/UR5_Project_New/install/moveit_ros_occupancy_map_monitor/lib:/home/kush/UR5_Project_New/install/moveit_core/lib:/home/kush/UR5_Project_New/install/srdfdom/lib:${LD_LIBRARY_PATH} PATH=/home/kush/UR5_Project_New/install/moveit_core/bin:${PATH} PYTHONPATH=/home/kush/UR5_Project_New/install/srdfdom/local/lib/python3.10/dist-packages:${PYTHONPATH} /usr/bin/cmake --install /home/kush/UR5_Project_New/build/moveit_ros_perception
[273.158s] -- Install configuration: "Release"
[273.159s] -- Installing: /home/kush/UR5_Project_New/install/moveit_ros_perception/include
[273.159s] -- Installing: /home/kush/UR5_Project_New/install/moveit_ros_perception/include/moveit
[273.159s] -- Installing: /home/kush/UR5_Project_New/install/moveit_ros_perception/include/moveit/lazy_free_space_updater
[273.160s] -- Installing: /home/kush/UR5_Project_New/install/moveit_ros_perception/include/moveit/lazy_free_space_updater/lazy_free_space_updater.h
[273.160s] -- Up-to-date: /home/kush/UR5_Project_New/install/moveit_ros_perception/include
[273.161s] -- Up-to-date: /home/kush/UR5_Project_New/install/moveit_ros_perception/include/moveit
[273.161s] -- Installing: /home/kush/UR5_Project_New/install/moveit_ros_perception/include/moveit/point_containment_filter
[273.161s] -- Installing: /home/kush/UR5_Project_New/install/moveit_ros_perception/include/moveit/point_containment_filter/shape_mask.h
[273.161s] -- Up-to-date: /home/kush/UR5_Project_New/install/moveit_ros_perception/include
[273.162s] -- Up-to-date: /home/kush/UR5_Project_New/install/moveit_ros_perception/include/moveit
[273.162s] -- Installing: /home/kush/UR5_Project_New/install/moveit_ros_perception/include/moveit/pointcloud_octomap_updater
[273.162s] -- Installing: /home/kush/UR5_Project_New/install/moveit_ros_perception/include/moveit/pointcloud_octomap_updater/pointcloud_octomap_updater.h
[273.162s] -- Up-to-date: /home/kush/UR5_Project_New/install/moveit_ros_perception/include
[273.163s] -- Up-to-date: /home/kush/UR5_Project_New/install/moveit_ros_perception/include/moveit
[273.163s] -- Installing: /home/kush/UR5_Project_New/install/moveit_ros_perception/include/moveit/mesh_filter
[273.163s] -- Installing: /home/kush/UR5_Project_New/install/moveit_ros_perception/include/moveit/mesh_filter/mesh_filter_base.h
[273.163s] -- Installing: /home/kush/UR5_Project_New/install/moveit_ros_perception/include/moveit/mesh_filter/gl_renderer.h
[273.164s] -- Installing: /home/kush/UR5_Project_New/install/moveit_ros_perception/include/moveit/mesh_filter/stereo_camera_model.h
[273.164s] -- Installing: /home/kush/UR5_Project_New/install/moveit_ros_perception/include/moveit/mesh_filter/depth_self_filter_nodelet.h
[273.182s] -- Installing: /home/kush/UR5_Project_New/install/moveit_ros_perception/include/moveit/mesh_filter/transform_provider.h
[273.183s] -- Installing: /home/kush/UR5_Project_New/install/moveit_ros_perception/include/moveit/mesh_filter/sensor_model.h
[273.183s] -- Installing: /home/kush/UR5_Project_New/install/moveit_ros_perception/include/moveit/mesh_filter/gl_mesh.h
[273.183s] -- Installing: /home/kush/UR5_Project_New/install/moveit_ros_perception/include/moveit/mesh_filter/filter_job.h
[273.184s] -- Installing: /home/kush/UR5_Project_New/install/moveit_ros_perception/include/moveit/mesh_filter/mesh_filter.h
[273.184s] -- Installing: /home/kush/UR5_Project_New/install/moveit_ros_perception/include/moveit_mesh_filter_export.h
[273.185s] -- Up-to-date: /home/kush/UR5_Project_New/install/moveit_ros_perception/include
[273.185s] -- Up-to-date: /home/kush/UR5_Project_New/install/moveit_ros_perception/include/moveit
[273.185s] -- Installing: /home/kush/UR5_Project_New/install/moveit_ros_perception/include/moveit/depth_image_octomap_updater
[273.185s] -- Installing: /home/kush/UR5_Project_New/install/moveit_ros_perception/include/moveit/depth_image_octomap_updater/depth_image_octomap_updater.h
[273.186s] -- Up-to-date: /home/kush/UR5_Project_New/install/moveit_ros_perception/include
[273.186s] -- Up-to-date: /home/kush/UR5_Project_New/install/moveit_ros_perception/include/moveit
[273.186s] -- Installing: /home/kush/UR5_Project_New/install/moveit_ros_perception/include/moveit/semantic_world
[273.187s] -- Installing: /home/kush/UR5_Project_New/install/moveit_ros_perception/include/moveit/semantic_world/semantic_world.h
[273.187s] -- Installing: /home/kush/UR5_Project_New/install/moveit_ros_perception/lib/libmoveit_depth_image_octomap_updater.so.2.5.4
[273.190s] -- Set runtime path of "/home/kush/UR5_Project_New/install/moveit_ros_perception/lib/libmoveit_depth_image_octomap_updater.so.2.5.4" to ""
[273.190s] -- Installing: /home/kush/UR5_Project_New/install/moveit_ros_perception/lib/libmoveit_depth_image_octomap_updater.so
[273.191s] -- Installing: /home/kush/UR5_Project_New/install/moveit_ros_perception/lib/libmoveit_depth_image_octomap_updater_core.so.2.5.4
[273.207s] -- Set runtime path of "/home/kush/UR5_Project_New/install/moveit_ros_perception/lib/libmoveit_depth_image_octomap_updater_core.so.2.5.4" to ""
[273.208s] -- Installing: /home/kush/UR5_Project_New/install/moveit_ros_perception/lib/libmoveit_depth_image_octomap_updater_core.so
[273.208s] -- Installing: /home/kush/UR5_Project_New/install/moveit_ros_perception/lib/libmoveit_lazy_free_space_updater.so.2.5.4
[273.221s] -- Set runtime path of "/home/kush/UR5_Project_New/install/moveit_ros_perception/lib/libmoveit_lazy_free_space_updater.so.2.5.4" to ""
[273.222s] -- Installing: /home/kush/UR5_Project_New/install/moveit_ros_perception/lib/libmoveit_lazy_free_space_updater.so
[273.222s] -- Installing: /home/kush/UR5_Project_New/install/moveit_ros_perception/lib/libmoveit_mesh_filter.so.2.5.4
[273.236s] -- Set runtime path of "/home/kush/UR5_Project_New/install/moveit_ros_perception/lib/libmoveit_mesh_filter.so.2.5.4" to ""
[273.236s] -- Installing: /home/kush/UR5_Project_New/install/moveit_ros_perception/lib/libmoveit_mesh_filter.so
[273.237s] -- Installing: /home/kush/UR5_Project_New/install/moveit_ros_perception/lib/libmoveit_point_containment_filter.so.2.5.4
[273.253s] -- Set runtime path of "/home/kush/UR5_Project_New/install/moveit_ros_perception/lib/libmoveit_point_containment_filter.so.2.5.4" to ""
[273.253s] -- Installing: /home/kush/UR5_Project_New/install/moveit_ros_perception/lib/libmoveit_point_containment_filter.so
[273.254s] -- Installing: /home/kush/UR5_Project_New/install/moveit_ros_perception/lib/libmoveit_pointcloud_octomap_updater.so.2.5.4
[273.255s] -- Set runtime path of "/home/kush/UR5_Project_New/install/moveit_ros_perception/lib/libmoveit_pointcloud_octomap_updater.so.2.5.4" to ""
[273.256s] -- Installing: /home/kush/UR5_Project_New/install/moveit_ros_perception/lib/libmoveit_pointcloud_octomap_updater.so
[273.256s] -- Installing: /home/kush/UR5_Project_New/install/moveit_ros_perception/lib/libmoveit_pointcloud_octomap_updater_core.so.2.5.4
[273.260s] -- Set runtime path of "/home/kush/UR5_Project_New/install/moveit_ros_perception/lib/libmoveit_pointcloud_octomap_updater_core.so.2.5.4" to ""
[273.261s] -- Installing: /home/kush/UR5_Project_New/install/moveit_ros_perception/lib/libmoveit_pointcloud_octomap_updater_core.so
[273.261s] -- Installing: /home/kush/UR5_Project_New/install/moveit_ros_perception/lib/libmoveit_semantic_world.so.2.5.4
[273.293s] -- Set runtime path of "/home/kush/UR5_Project_New/install/moveit_ros_perception/lib/libmoveit_semantic_world.so.2.5.4" to ""
[273.294s] -- Installing: /home/kush/UR5_Project_New/install/moveit_ros_perception/lib/libmoveit_semantic_world.so
[273.295s] -- Installing: /home/kush/UR5_Project_New/install/moveit_ros_perception/share/moveit_ros_perception/environment/library_path.sh
[273.296s] -- Installing: /home/kush/UR5_Project_New/install/moveit_ros_perception/share/moveit_ros_perception/environment/library_path.dsv
[273.297s] -- Installing: /home/kush/UR5_Project_New/install/moveit_ros_perception/share/moveit_ros_perception/pointcloud_octomap_updater_plugin_description.xml
[273.297s] -- Installing: /home/kush/UR5_Project_New/install/moveit_ros_perception/share/moveit_ros_perception/depth_image_octomap_updater_plugin_description.xml
[273.299s] -- Installing: /home/kush/UR5_Project_New/install/moveit_ros_perception/share/ament_index/resource_index/package_run_dependencies/moveit_ros_perception
[273.300s] -- Installing: /home/kush/UR5_Project_New/install/moveit_ros_perception/share/ament_index/resource_index/parent_prefix_path/moveit_ros_perception
[273.301s] -- Installing: /home/kush/UR5_Project_New/install/moveit_ros_perception/share/moveit_ros_perception/environment/ament_prefix_path.sh
[273.302s] -- Installing: /home/kush/UR5_Project_New/install/moveit_ros_perception/share/moveit_ros_perception/environment/ament_prefix_path.dsv
[273.302s] -- Installing: /home/kush/UR5_Project_New/install/moveit_ros_perception/share/moveit_ros_perception/environment/path.sh
[273.303s] -- Installing: /home/kush/UR5_Project_New/install/moveit_ros_perception/share/moveit_ros_perception/environment/path.dsv
[273.304s] -- Installing: /home/kush/UR5_Project_New/install/moveit_ros_perception/share/moveit_ros_perception/local_setup.bash
[273.305s] -- Installing: /home/kush/UR5_Project_New/install/moveit_ros_perception/share/moveit_ros_perception/local_setup.sh
[273.306s] -- Installing: /home/kush/UR5_Project_New/install/moveit_ros_perception/share/moveit_ros_perception/local_setup.zsh
[273.313s] -- Installing: /home/kush/UR5_Project_New/install/moveit_ros_perception/share/moveit_ros_perception/local_setup.dsv
[273.314s] -- Installing: /home/kush/UR5_Project_New/install/moveit_ros_perception/share/moveit_ros_perception/package.dsv
[273.315s] -- Installing: /home/kush/UR5_Project_New/install/moveit_ros_perception/share/ament_index/resource_index/packages/moveit_ros_perception
[273.315s] -- Installing: /home/kush/UR5_Project_New/install/moveit_ros_perception/share/ament_index/resource_index/moveit_ros_occupancy_map_monitor__pluginlib__plugin/moveit_ros_perception
[273.317s] -- Installing: /home/kush/UR5_Project_New/install/moveit_ros_perception/share/moveit_ros_perception/cmake/export_moveit_ros_perceptionExport.cmake
[273.318s] -- Installing: /home/kush/UR5_Project_New/install/moveit_ros_perception/share/moveit_ros_perception/cmake/export_moveit_ros_perceptionExport-release.cmake
[273.318s] -- Installing: /home/kush/UR5_Project_New/install/moveit_ros_perception/share/moveit_ros_perception/cmake/ConfigExtras.cmake
[273.319s] -- Installing: /home/kush/UR5_Project_New/install/moveit_ros_perception/share/moveit_ros_perception/cmake/ament_cmake_export_targets-extras.cmake
[273.320s] -- Installing: /home/kush/UR5_Project_New/install/moveit_ros_perception/share/moveit_ros_perception/cmake/ament_cmake_export_dependencies-extras.cmake
[273.321s] -- Installing: /home/kush/UR5_Project_New/install/moveit_ros_perception/share/moveit_ros_perception/cmake/moveit_ros_perceptionConfig.cmake
[273.322s] -- Installing: /home/kush/UR5_Project_New/install/moveit_ros_perception/share/moveit_ros_perception/cmake/moveit_ros_perceptionConfig-version.cmake
[273.322s] -- Installing: /home/kush/UR5_Project_New/install/moveit_ros_perception/share/moveit_ros_perception/package.xml
[273.333s] Invoked command in '/home/kush/UR5_Project_New/build/moveit_ros_perception' returned '0': AMENT_PREFIX_PATH=/home/kush/UR5_Project_New/install/moveit_ros_planning:/home/kush/UR5_Project_New/install/moveit_ros_occupancy_map_monitor:/home/kush/UR5_Project_New/install/moveit_core:/home/kush/UR5_Project_New/install/srdfdom:/home/kush/UR5_Project_New/install/moveit_common:${AMENT_PREFIX_PATH} CMAKE_PREFIX_PATH=/home/kush/UR5_Project_New/install/moveit_ros_planning:/home/kush/UR5_Project_New/install/moveit_ros_occupancy_map_monitor:/home/kush/UR5_Project_New/install/moveit_core:/home/kush/UR5_Project_New/install/srdfdom:/home/kush/UR5_Project_New/install/moveit_common:/home/kush/ws_moveit2_ur5/install/ur_description:/home/kush/ws_moveit2_ur5/install/pilz_industrial_motion_planner_testutils:/home/kush/ws_moveit2_ur5/install/moveit_runtime:/home/kush/ws_moveit2_ur5/install/moveit2_tutorials:/home/kush/ws_moveit2_ur5/install/moveit:/home/kush/ws_moveit2_ur5/install/moveit_planners:/home/kush/ws_moveit2_ur5/install/pilz_industrial_motion_planner:/home/kush/ws_moveit2_ur5/install/moveit_visual_tools:/home/kush/ws_moveit2_ur5/install/moveit_task_constructor_visualization:/home/kush/ws_moveit2_ur5/install/moveit_task_constructor_demo:/home/kush/ws_moveit2_ur5/install/moveit_task_constructor_capabilities:/home/kush/ws_moveit2_ur5/install/moveit_task_constructor_core:/home/kush/ws_moveit2_ur5/install/moveit_ros_control_interface:/home/kush/ws_moveit2_ur5/install/moveit_plugins:/home/kush/ws_moveit2_ur5/install/moveit_simple_controller_manager:/home/kush/ws_moveit2_ur5/install/moveit_setup_assistant:/home/kush/ws_moveit2_ur5/install/moveit_setup_srdf_plugins:/home/kush/ws_moveit2_ur5/install/moveit_setup_core_plugins:/home/kush/ws_moveit2_ur5/install/moveit_setup_controllers:/home/kush/ws_moveit2_ur5/install/moveit_setup_app_plugins:/home/kush/ws_moveit2_ur5/install/moveit_setup_framework:/home/kush/ws_moveit2_ur5/install/moveit_servo:/home/kush/ws_moveit2_ur5/install/moveit_ros:/home/kush/ws_moveit2_ur5/install/moveit_ros_visualization:/home/kush/ws_moveit2_ur5/install/moveit_hybrid_planning:/home/kush/ws_moveit2_ur5/install/moveit_ros_planning_interface:/home/kush/ws_moveit2_ur5/install/moveit_ros_benchmarks:/home/kush/ws_moveit2_ur5/install/moveit_ros_warehouse:/home/kush/ws_moveit2_ur5/install/moveit_ros_robot_interaction:/home/kush/ws_moveit2_ur5/install/moveit_ros_perception:/home/kush/ws_moveit2_ur5/install/moveit_resources_prbt_pg70_support:/home/kush/ws_moveit2_ur5/install/moveit_resources_prbt_moveit_config:/home/kush/ws_moveit2_ur5/install/moveit_ros_move_group:/home/kush/ws_moveit2_ur5/install/moveit_planners_ompl:/home/kush/ws_moveit2_ur5/install/moveit_ros_planning:/home/kush/ws_moveit2_ur5/install/moveit_ros_occupancy_map_monitor:/home/kush/ws_moveit2_ur5/install/moveit_resources_prbt_ikfast_manipulator_plugin:/home/kush/ws_moveit2_ur5/install/moveit_planners_chomp:/home/kush/ws_moveit2_ur5/install/moveit_kinematics:/home/kush/ws_moveit2_ur5/install/moveit_chomp_optimizer_adapter:/home/kush/ws_moveit2_ur5/install/chomp_motion_planner:/home/kush/ws_moveit2_ur5/install/moveit_core:/home/kush/ws_moveit2_ur5/install/srdfdom:/home/kush/ws_moveit2_ur5/install/rviz_marker_tools:/home/kush/ws_moveit2_ur5/install/rosparam_shortcuts:/home/kush/ws_moveit2_ur5/install/moveit_task_constructor_msgs:/home/kush/ws_moveit2_ur5/install/moveit_resources_prbt_support:/home/kush/ws_moveit2_ur5/install/moveit_resources:/home/kush/ws_moveit2_ur5/install/moveit_resources_pr2_description:/home/kush/ws_moveit2_ur5/install/moveit_resources_panda_moveit_config:/home/kush/ws_moveit2_ur5/install/moveit_resources_panda_description:/home/kush/ws_moveit2_ur5/install/moveit_resources_fanuc_moveit_config:/home/kush/ws_moveit2_ur5/install/moveit_resources_fanuc_description:/home/kush/ws_moveit2_ur5/install/moveit_common:/home/kush/ws_moveit2_ur5/install/moveit_configs_utils:/home/kush/ws_moveit2_ur5/install/launch_param_builder:/opt/ros/humble LD_LIBRARY_PATH=/home/kush/UR5_Project_New/install/moveit_ros_planning/lib:/home/kush/UR5_Project_New/install/moveit_ros_occupancy_map_monitor/lib:/home/kush/UR5_Project_New/install/moveit_core/lib:/home/kush/UR5_Project_New/install/srdfdom/lib:${LD_LIBRARY_PATH} PATH=/home/kush/UR5_Project_New/install/moveit_core/bin:${PATH} PYTHONPATH=/home/kush/UR5_Project_New/install/srdfdom/local/lib/python3.10/dist-packages:${PYTHONPATH} /usr/bin/cmake --install /home/kush/UR5_Project_New/build/moveit_ros_perception
