[0.094s] Invoking command in '/home/kush/UR5_Project_New/build/moveit_task_constructor_demo': AMENT_PREFIX_PATH=/home/kush/UR5_Project_New/install/moveit_task_constructor_capabilities:/home/kush/UR5_Project_New/install/moveit_task_constructor_core:/home/kush/UR5_Project_New/install/moveit_ros_planning_interface:/home/kush/UR5_Project_New/install/moveit_ros_move_group:/home/kush/UR5_Project_New/install/moveit_ros_warehouse:/home/kush/UR5_Project_New/install/moveit_kinematics:/home/kush/UR5_Project_New/install/moveit_ros_planning:/home/kush/UR5_Project_New/install/moveit_ros_occupancy_map_monitor:/home/kush/UR5_Project_New/install/moveit_core:/home/kush/UR5_Project_New/install/rviz_marker_tools:/home/kush/UR5_Project_New/install/moveit_resources_panda_moveit_config:/home/kush/UR5_Project_New/install/moveit_configs_utils:/home/kush/UR5_Project_New/install/srdfdom:/home/kush/UR5_Project_New/install/moveit_task_constructor_msgs:/home/kush/UR5_Project_New/install/moveit_resources_panda_description:/home/kush/UR5_Project_New/install/moveit_common:/home/kush/UR5_Project_New/install/launch_param_builder:${AMENT_PREFIX_PATH} CMAKE_PREFIX_PATH=/home/kush/UR5_Project_New/install/moveit_task_constructor_capabilities:/home/kush/UR5_Project_New/install/moveit_task_constructor_core:/home/kush/UR5_Project_New/install/moveit_ros_planning_interface:/home/kush/UR5_Project_New/install/moveit_ros_move_group:/home/kush/UR5_Project_New/install/moveit_ros_warehouse:/home/kush/UR5_Project_New/install/moveit_kinematics:/home/kush/UR5_Project_New/install/moveit_ros_planning:/home/kush/UR5_Project_New/install/moveit_ros_occupancy_map_monitor:/home/kush/UR5_Project_New/install/moveit_core:/home/kush/UR5_Project_New/install/rviz_marker_tools:/home/kush/UR5_Project_New/install/moveit_resources_panda_moveit_config:/home/kush/UR5_Project_New/install/srdfdom:/home/kush/UR5_Project_New/install/moveit_task_constructor_msgs:/home/kush/UR5_Project_New/install/moveit_resources_panda_description:/home/kush/UR5_Project_New/install/moveit_common:/opt/ros/humble LD_LIBRARY_PATH=/home/kush/UR5_Project_New/install/moveit_task_constructor_capabilities/lib:/home/kush/UR5_Project_New/install/moveit_task_constructor_core/lib:/home/kush/UR5_Project_New/install/moveit_ros_planning_interface/lib:/home/kush/UR5_Project_New/install/moveit_ros_move_group/lib:/home/kush/UR5_Project_New/install/moveit_ros_warehouse/lib:/home/kush/UR5_Project_New/install/moveit_kinematics/lib:/home/kush/UR5_Project_New/install/moveit_ros_planning/lib:/home/kush/UR5_Project_New/install/moveit_ros_occupancy_map_monitor/lib:/home/kush/UR5_Project_New/install/moveit_core/lib:/home/kush/UR5_Project_New/install/rviz_marker_tools/lib:/home/kush/UR5_Project_New/install/srdfdom/lib:/home/kush/UR5_Project_New/install/moveit_task_constructor_msgs/lib:${LD_LIBRARY_PATH} PATH=/home/kush/UR5_Project_New/install/moveit_core/bin:${PATH} PYTHONPATH=/home/kush/UR5_Project_New/install/moveit_configs_utils/lib/python3.10/site-packages:/home/kush/UR5_Project_New/install/srdfdom/local/lib/python3.10/dist-packages:/home/kush/UR5_Project_New/install/moveit_task_constructor_msgs/local/lib/python3.10/dist-packages:/home/kush/UR5_Project_New/install/launch_param_builder/lib/python3.10/site-packages:${PYTHONPATH} /usr/bin/cmake /home/kush/UR5_Project_New/src/moveit_task_constructor/demo -DCMAKE_BUILD_TYPE=Release -DCMAKE_INSTALL_PREFIX=/home/kush/UR5_Project_New/install/moveit_task_constructor_demo
[0.245s] -- The C compiler identification is GNU 11.4.0
[0.389s] -- The CXX compiler identification is GNU 11.4.0
[0.406s] -- Detecting C compiler ABI info
[0.583s] -- Detecting C compiler ABI info - done
[0.606s] -- Check for working C compiler: /usr/bin/cc - skipped
[0.606s] -- Detecting C compile features
[0.608s] -- Detecting C compile features - done
[0.615s] -- Detecting CXX compiler ABI info
[0.820s] -- Detecting CXX compiler ABI info - done
[0.844s] -- Check for working CXX compiler: /usr/bin/c++ - skipped
[0.845s] -- Detecting CXX compile features
[0.846s] -- Detecting CXX compile features - done
[0.855s] -- Found ament_cmake: 1.3.5 (/opt/ros/humble/share/ament_cmake/cmake)
[1.191s] -- Found Python3: /usr/bin/python3.10 (found version "3.10.12") found components: Interpreter 
[1.381s] -- Found generate_parameter_library: 0.3.3 (/opt/ros/humble/share/generate_parameter_library/cmake)
[1.392s] -- Found parameter_traits: 0.3.3 (/opt/ros/humble/share/parameter_traits/cmake)
[1.496s] -- Found rosidl_generator_c: 3.1.5 (/opt/ros/humble/share/rosidl_generator_c/cmake)
[1.509s] -- Found rosidl_adapter: 3.1.5 (/opt/ros/humble/share/rosidl_adapter/cmake)
[1.532s] -- Found rosidl_generator_cpp: 3.1.5 (/opt/ros/humble/share/rosidl_generator_cpp/cmake)
[1.567s] -- Using all available rosidl_typesupport_c: rosidl_typesupport_fastrtps_c;rosidl_typesupport_introspection_c
[1.609s] -- Using all available rosidl_typesupport_cpp: rosidl_typesupport_fastrtps_cpp;rosidl_typesupport_introspection_cpp
[1.756s] -- Found rmw_implementation_cmake: 6.1.1 (/opt/ros/humble/share/rmw_implementation_cmake/cmake)
[1.768s] -- Found rmw_fastrtps_cpp: 6.2.3 (/opt/ros/humble/share/rmw_fastrtps_cpp/cmake)
[1.959s] -- Found OpenSSL: /usr/lib/x86_64-linux-gnu/libcrypto.so (found version "3.0.2")  
[2.016s] -- Found FastRTPS: /opt/ros/humble/include  
[2.106s] -- Using RMW implementation 'rmw_fastrtps_cpp' as default
[2.127s] -- Looking for pthread.h
[2.441s] -- Looking for pthread.h - found
[2.442s] -- Performing Test CMAKE_HAVE_LIBC_PTHREAD
[2.627s] -- Performing Test CMAKE_HAVE_LIBC_PTHREAD - Success
[2.634s] -- Found Threads: TRUE  
[3.312s] -- Found rclcpp_lifecycle: 16.0.5 (/opt/ros/humble/share/rclcpp_lifecycle/cmake)
[3.452s] -- Found moveit_common: 2.5.4 (/home/kush/UR5_Project_New/install/moveit_common/share/moveit_common/cmake)
[3.652s] -- Found libdw: /usr/lib/x86_64-linux-gnu/libdw.so  
[3.664s] -- Could NOT find libbfd (missing: LIBBFD_LIBRARY LIBBFD_INCLUDE_DIR) 
[3.671s] -- BACKWARD_HAS_UNWIND=1
[3.673s] -- BACKWARD_HAS_BACKTRACE=0
[3.675s] -- BACKWARD_HAS_BACKTRACE_SYMBOL=0
[3.676s] -- BACKWARD_HAS_DW=1
[3.681s] -- BACKWARD_HAS_BFD=0
[3.685s] -- Found Backward: /opt/ros/humble/share/backward_ros/cmake  
[3.690s] -- Found moveit_core: 2.5.4 (/home/kush/UR5_Project_New/install/moveit_core/share/moveit_core/cmake)
[3.833s] -- Found Boost: /usr/lib/x86_64-linux-gnu/cmake/Boost-1.74.0/BoostConfig.cmake (found version "1.74.0") found components: chrono date_time filesystem iostreams program_options regex serialization system thread 
[3.892s] -- Found Boost: /usr/lib/x86_64-linux-gnu/cmake/Boost-1.74.0/BoostConfig.cmake (found version "1.74.0") found components: filesystem 
[4.424s] -- library: /usr/lib/x86_64-linux-gnu/libcurl.so
[5.131s] -- Found Eigen3: TRUE (found version "3.4.0") 
[5.132s] -- Ensuring Eigen3 include directory is part of orocos-kdl CMake target
[7.348s] -- Found moveit_ros_planning: 2.5.4 (/home/kush/UR5_Project_New/install/moveit_ros_planning/share/moveit_ros_planning/cmake)
[7.362s] -- Found Boost: /usr/lib/x86_64-linux-gnu/cmake/Boost-1.74.0/BoostConfig.cmake (found version "1.74.0") found components: system filesystem date_time program_options thread chrono 
[8.594s] -- Found moveit_ros_planning_interface: 2.5.4 (/home/kush/UR5_Project_New/install/moveit_ros_planning_interface/share/moveit_ros_planning_interface/cmake)
[8.608s] -- Found Boost: /usr/lib/x86_64-linux-gnu/cmake/Boost-1.74.0/BoostConfig.cmake (found version "1.74.0") found components: date_time filesystem program_options system thread 
[9.132s] -- Found Boost: /usr/lib/x86_64-linux-gnu/cmake/Boost-1.74.0/BoostConfig.cmake (found version "1.74.0") found components: thread system filesystem regex date_time program_options 
[9.566s] -- Found Boost: /usr/lib/x86_64-linux-gnu/cmake/Boost-1.74.0/BoostConfig.cmake (found version "1.74.0") found components: system filesystem date_time program_options thread 
[10.369s] -- Found moveit_task_constructor_core: 0.1.3 (/home/kush/UR5_Project_New/install/moveit_task_constructor_core/share/moveit_task_constructor_core/cmake)
[11.696s] -- Configuring done
[12.014s] -- Generating done
[12.021s] -- Build files have been written to: /home/kush/UR5_Project_New/build/moveit_task_constructor_demo
[12.063s] Invoked command in '/home/kush/UR5_Project_New/build/moveit_task_constructor_demo' returned '0': AMENT_PREFIX_PATH=/home/kush/UR5_Project_New/install/moveit_task_constructor_capabilities:/home/kush/UR5_Project_New/install/moveit_task_constructor_core:/home/kush/UR5_Project_New/install/moveit_ros_planning_interface:/home/kush/UR5_Project_New/install/moveit_ros_move_group:/home/kush/UR5_Project_New/install/moveit_ros_warehouse:/home/kush/UR5_Project_New/install/moveit_kinematics:/home/kush/UR5_Project_New/install/moveit_ros_planning:/home/kush/UR5_Project_New/install/moveit_ros_occupancy_map_monitor:/home/kush/UR5_Project_New/install/moveit_core:/home/kush/UR5_Project_New/install/rviz_marker_tools:/home/kush/UR5_Project_New/install/moveit_resources_panda_moveit_config:/home/kush/UR5_Project_New/install/moveit_configs_utils:/home/kush/UR5_Project_New/install/srdfdom:/home/kush/UR5_Project_New/install/moveit_task_constructor_msgs:/home/kush/UR5_Project_New/install/moveit_resources_panda_description:/home/kush/UR5_Project_New/install/moveit_common:/home/kush/UR5_Project_New/install/launch_param_builder:${AMENT_PREFIX_PATH} CMAKE_PREFIX_PATH=/home/kush/UR5_Project_New/install/moveit_task_constructor_capabilities:/home/kush/UR5_Project_New/install/moveit_task_constructor_core:/home/kush/UR5_Project_New/install/moveit_ros_planning_interface:/home/kush/UR5_Project_New/install/moveit_ros_move_group:/home/kush/UR5_Project_New/install/moveit_ros_warehouse:/home/kush/UR5_Project_New/install/moveit_kinematics:/home/kush/UR5_Project_New/install/moveit_ros_planning:/home/kush/UR5_Project_New/install/moveit_ros_occupancy_map_monitor:/home/kush/UR5_Project_New/install/moveit_core:/home/kush/UR5_Project_New/install/rviz_marker_tools:/home/kush/UR5_Project_New/install/moveit_resources_panda_moveit_config:/home/kush/UR5_Project_New/install/srdfdom:/home/kush/UR5_Project_New/install/moveit_task_constructor_msgs:/home/kush/UR5_Project_New/install/moveit_resources_panda_description:/home/kush/UR5_Project_New/install/moveit_common:/opt/ros/humble LD_LIBRARY_PATH=/home/kush/UR5_Project_New/install/moveit_task_constructor_capabilities/lib:/home/kush/UR5_Project_New/install/moveit_task_constructor_core/lib:/home/kush/UR5_Project_New/install/moveit_ros_planning_interface/lib:/home/kush/UR5_Project_New/install/moveit_ros_move_group/lib:/home/kush/UR5_Project_New/install/moveit_ros_warehouse/lib:/home/kush/UR5_Project_New/install/moveit_kinematics/lib:/home/kush/UR5_Project_New/install/moveit_ros_planning/lib:/home/kush/UR5_Project_New/install/moveit_ros_occupancy_map_monitor/lib:/home/kush/UR5_Project_New/install/moveit_core/lib:/home/kush/UR5_Project_New/install/rviz_marker_tools/lib:/home/kush/UR5_Project_New/install/srdfdom/lib:/home/kush/UR5_Project_New/install/moveit_task_constructor_msgs/lib:${LD_LIBRARY_PATH} PATH=/home/kush/UR5_Project_New/install/moveit_core/bin:${PATH} PYTHONPATH=/home/kush/UR5_Project_New/install/moveit_configs_utils/lib/python3.10/site-packages:/home/kush/UR5_Project_New/install/srdfdom/local/lib/python3.10/dist-packages:/home/kush/UR5_Project_New/install/moveit_task_constructor_msgs/local/lib/python3.10/dist-packages:/home/kush/UR5_Project_New/install/launch_param_builder/lib/python3.10/site-packages:${PYTHONPATH} /usr/bin/cmake /home/kush/UR5_Project_New/src/moveit_task_constructor/demo -DCMAKE_BUILD_TYPE=Release -DCMAKE_INSTALL_PREFIX=/home/kush/UR5_Project_New/install/moveit_task_constructor_demo
[12.065s] Invoking command in '/home/kush/UR5_Project_New/build/moveit_task_constructor_demo': AMENT_PREFIX_PATH=/home/kush/UR5_Project_New/install/moveit_task_constructor_capabilities:/home/kush/UR5_Project_New/install/moveit_task_constructor_core:/home/kush/UR5_Project_New/install/moveit_ros_planning_interface:/home/kush/UR5_Project_New/install/moveit_ros_move_group:/home/kush/UR5_Project_New/install/moveit_ros_warehouse:/home/kush/UR5_Project_New/install/moveit_kinematics:/home/kush/UR5_Project_New/install/moveit_ros_planning:/home/kush/UR5_Project_New/install/moveit_ros_occupancy_map_monitor:/home/kush/UR5_Project_New/install/moveit_core:/home/kush/UR5_Project_New/install/rviz_marker_tools:/home/kush/UR5_Project_New/install/moveit_resources_panda_moveit_config:/home/kush/UR5_Project_New/install/moveit_configs_utils:/home/kush/UR5_Project_New/install/srdfdom:/home/kush/UR5_Project_New/install/moveit_task_constructor_msgs:/home/kush/UR5_Project_New/install/moveit_resources_panda_description:/home/kush/UR5_Project_New/install/moveit_common:/home/kush/UR5_Project_New/install/launch_param_builder:${AMENT_PREFIX_PATH} CMAKE_PREFIX_PATH=/home/kush/UR5_Project_New/install/moveit_task_constructor_capabilities:/home/kush/UR5_Project_New/install/moveit_task_constructor_core:/home/kush/UR5_Project_New/install/moveit_ros_planning_interface:/home/kush/UR5_Project_New/install/moveit_ros_move_group:/home/kush/UR5_Project_New/install/moveit_ros_warehouse:/home/kush/UR5_Project_New/install/moveit_kinematics:/home/kush/UR5_Project_New/install/moveit_ros_planning:/home/kush/UR5_Project_New/install/moveit_ros_occupancy_map_monitor:/home/kush/UR5_Project_New/install/moveit_core:/home/kush/UR5_Project_New/install/rviz_marker_tools:/home/kush/UR5_Project_New/install/moveit_resources_panda_moveit_config:/home/kush/UR5_Project_New/install/srdfdom:/home/kush/UR5_Project_New/install/moveit_task_constructor_msgs:/home/kush/UR5_Project_New/install/moveit_resources_panda_description:/home/kush/UR5_Project_New/install/moveit_common:/opt/ros/humble LD_LIBRARY_PATH=/home/kush/UR5_Project_New/install/moveit_task_constructor_capabilities/lib:/home/kush/UR5_Project_New/install/moveit_task_constructor_core/lib:/home/kush/UR5_Project_New/install/moveit_ros_planning_interface/lib:/home/kush/UR5_Project_New/install/moveit_ros_move_group/lib:/home/kush/UR5_Project_New/install/moveit_ros_warehouse/lib:/home/kush/UR5_Project_New/install/moveit_kinematics/lib:/home/kush/UR5_Project_New/install/moveit_ros_planning/lib:/home/kush/UR5_Project_New/install/moveit_ros_occupancy_map_monitor/lib:/home/kush/UR5_Project_New/install/moveit_core/lib:/home/kush/UR5_Project_New/install/rviz_marker_tools/lib:/home/kush/UR5_Project_New/install/srdfdom/lib:/home/kush/UR5_Project_New/install/moveit_task_constructor_msgs/lib:${LD_LIBRARY_PATH} PATH=/home/kush/UR5_Project_New/install/moveit_core/bin:${PATH} PYTHONPATH=/home/kush/UR5_Project_New/install/moveit_configs_utils/lib/python3.10/site-packages:/home/kush/UR5_Project_New/install/srdfdom/local/lib/python3.10/dist-packages:/home/kush/UR5_Project_New/install/moveit_task_constructor_msgs/local/lib/python3.10/dist-packages:/home/kush/UR5_Project_New/install/launch_param_builder/lib/python3.10/site-packages:${PYTHONPATH} /usr/bin/cmake --build /home/kush/UR5_Project_New/build/moveit_task_constructor_demo -- -j4 -l4
[12.177s] [  6%] [34m[1mRunning `/opt/ros/humble/bin/generate_parameter_library_py /home/kush/UR5_Project_New/build/moveit_task_constructor_demo/pick_place_demo_parameters/include//pick_place_demo_parameters.hpp /home/kush/UR5_Project_New/src/moveit_task_constructor/demo/src/pick_place_demo_parameters.yaml `[0m
[14.289s] [  6%] Built target pick_place_demo_parameters
[14.343s] [ 12%] [32mBuilding CXX object CMakeFiles/moveit_task_constructor_demo_alternative_path_costs.dir/src/alternative_path_costs.cpp.o[0m
[33.426s] [ 18%] [32m[1mLinking CXX executable alternative_path_costs[0m
[34.335s] [ 18%] Built target moveit_task_constructor_demo_alternative_path_costs
[34.389s] [ 25%] [34m[1mRunning `/opt/ros/humble/bin/generate_parameter_library_py /home/kush/UR5_Project_New/build/moveit_task_constructor_demo/ik_clearance_cost_parameters/include//ik_clearance_cost_parameters.hpp /home/kush/UR5_Project_New/src/moveit_task_constructor/demo/src/ik_clearance_cost_parameters.yaml `[0m
[34.828s] [ 25%] Built target ik_clearance_cost_parameters
[34.884s] [ 31%] [32mBuilding CXX object CMakeFiles/moveit_task_constructor_demo_fallbacks_move_to.dir/src/fallbacks_move_to.cpp.o[0m
[55.230s] [ 37%] [32m[1mLinking CXX executable fallbacks_move_to[0m
[56.080s] [ 37%] Built target moveit_task_constructor_demo_fallbacks_move_to
[56.135s] [ 43%] [32mBuilding CXX object CMakeFiles/moveit_task_constructor_demo_pick_place_task.dir/src/pick_place_task.cpp.o[0m
[90.131s] [ 50%] [32m[1mLinking CXX shared library libmoveit_task_constructor_demo_pick_place_task.so[0m
[90.641s] [ 50%] Built target moveit_task_constructor_demo_pick_place_task
[90.678s] [ 56%] [32mBuilding CXX object CMakeFiles/moveit_task_constructor_demo_ik_clearance_cost.dir/src/ik_clearance_cost.cpp.o[0m
[109.479s] [ 62%] [32m[1mLinking CXX executable ik_clearance_cost[0m
[110.434s] [ 62%] Built target moveit_task_constructor_demo_ik_clearance_cost
[110.473s] [ 68%] [32mBuilding CXX object CMakeFiles/moveit_task_constructor_demo_pick_place_demo.dir/src/pick_place_demo.cpp.o[0m
[133.982s] [ 75%] [32m[1mLinking CXX executable pick_place_demo[0m
[134.838s] [ 75%] Built target moveit_task_constructor_demo_pick_place_demo
[134.896s] [ 81%] [32mBuilding CXX object CMakeFiles/moveit_task_constructor_demo_modular.dir/src/modular.cpp.o[0m
[158.324s] [ 87%] [32m[1mLinking CXX executable modular[0m
[159.276s] [ 87%] Built target moveit_task_constructor_demo_modular
[159.336s] [ 93%] [32mBuilding CXX object CMakeFiles/moveit_task_constructor_demo_cartesian.dir/src/cartesian.cpp.o[0m
[183.362s] [100%] [32m[1mLinking CXX executable cartesian[0m
[184.241s] [100%] Built target moveit_task_constructor_demo_cartesian
[184.281s] Invoked command in '/home/kush/UR5_Project_New/build/moveit_task_constructor_demo' returned '0': AMENT_PREFIX_PATH=/home/kush/UR5_Project_New/install/moveit_task_constructor_capabilities:/home/kush/UR5_Project_New/install/moveit_task_constructor_core:/home/kush/UR5_Project_New/install/moveit_ros_planning_interface:/home/kush/UR5_Project_New/install/moveit_ros_move_group:/home/kush/UR5_Project_New/install/moveit_ros_warehouse:/home/kush/UR5_Project_New/install/moveit_kinematics:/home/kush/UR5_Project_New/install/moveit_ros_planning:/home/kush/UR5_Project_New/install/moveit_ros_occupancy_map_monitor:/home/kush/UR5_Project_New/install/moveit_core:/home/kush/UR5_Project_New/install/rviz_marker_tools:/home/kush/UR5_Project_New/install/moveit_resources_panda_moveit_config:/home/kush/UR5_Project_New/install/moveit_configs_utils:/home/kush/UR5_Project_New/install/srdfdom:/home/kush/UR5_Project_New/install/moveit_task_constructor_msgs:/home/kush/UR5_Project_New/install/moveit_resources_panda_description:/home/kush/UR5_Project_New/install/moveit_common:/home/kush/UR5_Project_New/install/launch_param_builder:${AMENT_PREFIX_PATH} CMAKE_PREFIX_PATH=/home/kush/UR5_Project_New/install/moveit_task_constructor_capabilities:/home/kush/UR5_Project_New/install/moveit_task_constructor_core:/home/kush/UR5_Project_New/install/moveit_ros_planning_interface:/home/kush/UR5_Project_New/install/moveit_ros_move_group:/home/kush/UR5_Project_New/install/moveit_ros_warehouse:/home/kush/UR5_Project_New/install/moveit_kinematics:/home/kush/UR5_Project_New/install/moveit_ros_planning:/home/kush/UR5_Project_New/install/moveit_ros_occupancy_map_monitor:/home/kush/UR5_Project_New/install/moveit_core:/home/kush/UR5_Project_New/install/rviz_marker_tools:/home/kush/UR5_Project_New/install/moveit_resources_panda_moveit_config:/home/kush/UR5_Project_New/install/srdfdom:/home/kush/UR5_Project_New/install/moveit_task_constructor_msgs:/home/kush/UR5_Project_New/install/moveit_resources_panda_description:/home/kush/UR5_Project_New/install/moveit_common:/opt/ros/humble LD_LIBRARY_PATH=/home/kush/UR5_Project_New/install/moveit_task_constructor_capabilities/lib:/home/kush/UR5_Project_New/install/moveit_task_constructor_core/lib:/home/kush/UR5_Project_New/install/moveit_ros_planning_interface/lib:/home/kush/UR5_Project_New/install/moveit_ros_move_group/lib:/home/kush/UR5_Project_New/install/moveit_ros_warehouse/lib:/home/kush/UR5_Project_New/install/moveit_kinematics/lib:/home/kush/UR5_Project_New/install/moveit_ros_planning/lib:/home/kush/UR5_Project_New/install/moveit_ros_occupancy_map_monitor/lib:/home/kush/UR5_Project_New/install/moveit_core/lib:/home/kush/UR5_Project_New/install/rviz_marker_tools/lib:/home/kush/UR5_Project_New/install/srdfdom/lib:/home/kush/UR5_Project_New/install/moveit_task_constructor_msgs/lib:${LD_LIBRARY_PATH} PATH=/home/kush/UR5_Project_New/install/moveit_core/bin:${PATH} PYTHONPATH=/home/kush/UR5_Project_New/install/moveit_configs_utils/lib/python3.10/site-packages:/home/kush/UR5_Project_New/install/srdfdom/local/lib/python3.10/dist-packages:/home/kush/UR5_Project_New/install/moveit_task_constructor_msgs/local/lib/python3.10/dist-packages:/home/kush/UR5_Project_New/install/launch_param_builder/lib/python3.10/site-packages:${PYTHONPATH} /usr/bin/cmake --build /home/kush/UR5_Project_New/build/moveit_task_constructor_demo -- -j4 -l4
[184.357s] Invoking command in '/home/kush/UR5_Project_New/build/moveit_task_constructor_demo': AMENT_PREFIX_PATH=/home/kush/UR5_Project_New/install/moveit_task_constructor_capabilities:/home/kush/UR5_Project_New/install/moveit_task_constructor_core:/home/kush/UR5_Project_New/install/moveit_ros_planning_interface:/home/kush/UR5_Project_New/install/moveit_ros_move_group:/home/kush/UR5_Project_New/install/moveit_ros_warehouse:/home/kush/UR5_Project_New/install/moveit_kinematics:/home/kush/UR5_Project_New/install/moveit_ros_planning:/home/kush/UR5_Project_New/install/moveit_ros_occupancy_map_monitor:/home/kush/UR5_Project_New/install/moveit_core:/home/kush/UR5_Project_New/install/rviz_marker_tools:/home/kush/UR5_Project_New/install/moveit_resources_panda_moveit_config:/home/kush/UR5_Project_New/install/moveit_configs_utils:/home/kush/UR5_Project_New/install/srdfdom:/home/kush/UR5_Project_New/install/moveit_task_constructor_msgs:/home/kush/UR5_Project_New/install/moveit_resources_panda_description:/home/kush/UR5_Project_New/install/moveit_common:/home/kush/UR5_Project_New/install/launch_param_builder:${AMENT_PREFIX_PATH} CMAKE_PREFIX_PATH=/home/kush/UR5_Project_New/install/moveit_task_constructor_capabilities:/home/kush/UR5_Project_New/install/moveit_task_constructor_core:/home/kush/UR5_Project_New/install/moveit_ros_planning_interface:/home/kush/UR5_Project_New/install/moveit_ros_move_group:/home/kush/UR5_Project_New/install/moveit_ros_warehouse:/home/kush/UR5_Project_New/install/moveit_kinematics:/home/kush/UR5_Project_New/install/moveit_ros_planning:/home/kush/UR5_Project_New/install/moveit_ros_occupancy_map_monitor:/home/kush/UR5_Project_New/install/moveit_core:/home/kush/UR5_Project_New/install/rviz_marker_tools:/home/kush/UR5_Project_New/install/moveit_resources_panda_moveit_config:/home/kush/UR5_Project_New/install/srdfdom:/home/kush/UR5_Project_New/install/moveit_task_constructor_msgs:/home/kush/UR5_Project_New/install/moveit_resources_panda_description:/home/kush/UR5_Project_New/install/moveit_common:/opt/ros/humble LD_LIBRARY_PATH=/home/kush/UR5_Project_New/install/moveit_task_constructor_capabilities/lib:/home/kush/UR5_Project_New/install/moveit_task_constructor_core/lib:/home/kush/UR5_Project_New/install/moveit_ros_planning_interface/lib:/home/kush/UR5_Project_New/install/moveit_ros_move_group/lib:/home/kush/UR5_Project_New/install/moveit_ros_warehouse/lib:/home/kush/UR5_Project_New/install/moveit_kinematics/lib:/home/kush/UR5_Project_New/install/moveit_ros_planning/lib:/home/kush/UR5_Project_New/install/moveit_ros_occupancy_map_monitor/lib:/home/kush/UR5_Project_New/install/moveit_core/lib:/home/kush/UR5_Project_New/install/rviz_marker_tools/lib:/home/kush/UR5_Project_New/install/srdfdom/lib:/home/kush/UR5_Project_New/install/moveit_task_constructor_msgs/lib:${LD_LIBRARY_PATH} PATH=/home/kush/UR5_Project_New/install/moveit_core/bin:${PATH} PYTHONPATH=/home/kush/UR5_Project_New/install/moveit_configs_utils/lib/python3.10/site-packages:/home/kush/UR5_Project_New/install/srdfdom/local/lib/python3.10/dist-packages:/home/kush/UR5_Project_New/install/moveit_task_constructor_msgs/local/lib/python3.10/dist-packages:/home/kush/UR5_Project_New/install/launch_param_builder/lib/python3.10/site-packages:${PYTHONPATH} /usr/bin/cmake --install /home/kush/UR5_Project_New/build/moveit_task_constructor_demo
[184.377s] -- Install configuration: "Release"
[184.377s] -- Installing: /home/kush/UR5_Project_New/install/moveit_task_constructor_demo/lib/libmoveit_task_constructor_demo_pick_place_task.so
[184.379s] -- Set runtime path of "/home/kush/UR5_Project_New/install/moveit_task_constructor_demo/lib/libmoveit_task_constructor_demo_pick_place_task.so" to ""
[184.380s] -- Installing: /home/kush/UR5_Project_New/install/moveit_task_constructor_demo/lib/moveit_task_constructor_demo/cartesian
[184.382s] -- Set runtime path of "/home/kush/UR5_Project_New/install/moveit_task_constructor_demo/lib/moveit_task_constructor_demo/cartesian" to ""
[184.383s] -- Installing: /home/kush/UR5_Project_New/install/moveit_task_constructor_demo/lib/moveit_task_constructor_demo/modular
[184.384s] -- Set runtime path of "/home/kush/UR5_Project_New/install/moveit_task_constructor_demo/lib/moveit_task_constructor_demo/modular" to ""
[184.384s] -- Installing: /home/kush/UR5_Project_New/install/moveit_task_constructor_demo/lib/moveit_task_constructor_demo/alternative_path_costs
[184.384s] -- Set runtime path of "/home/kush/UR5_Project_New/install/moveit_task_constructor_demo/lib/moveit_task_constructor_demo/alternative_path_costs" to ""
[184.387s] -- Installing: /home/kush/UR5_Project_New/install/moveit_task_constructor_demo/include/ik_clearance_cost_parameters
[184.388s] -- Installing: /home/kush/UR5_Project_New/install/moveit_task_constructor_demo/include/ik_clearance_cost_parameters/ik_clearance_cost_parameters.hpp
[184.388s] -- Installing: /home/kush/UR5_Project_New/install/moveit_task_constructor_demo/lib/moveit_task_constructor_demo/ik_clearance_cost
[184.388s] -- Set runtime path of "/home/kush/UR5_Project_New/install/moveit_task_constructor_demo/lib/moveit_task_constructor_demo/ik_clearance_cost" to ""
[184.389s] -- Installing: /home/kush/UR5_Project_New/install/moveit_task_constructor_demo/lib/moveit_task_constructor_demo/fallbacks_move_to
[184.389s] -- Set runtime path of "/home/kush/UR5_Project_New/install/moveit_task_constructor_demo/lib/moveit_task_constructor_demo/fallbacks_move_to" to ""
[184.389s] -- Installing: /home/kush/UR5_Project_New/install/moveit_task_constructor_demo/include/pick_place_demo_parameters
[184.389s] -- Installing: /home/kush/UR5_Project_New/install/moveit_task_constructor_demo/include/pick_place_demo_parameters/pick_place_demo_parameters.hpp
[184.389s] -- Installing: /home/kush/UR5_Project_New/install/moveit_task_constructor_demo/lib/moveit_task_constructor_demo/pick_place_demo
[184.389s] -- Set runtime path of "/home/kush/UR5_Project_New/install/moveit_task_constructor_demo/lib/moveit_task_constructor_demo/pick_place_demo" to ""
[184.390s] -- Installing: /home/kush/UR5_Project_New/install/moveit_task_constructor_demo/share/moveit_task_constructor_demo/launch
[184.390s] -- Installing: /home/kush/UR5_Project_New/install/moveit_task_constructor_demo/share/moveit_task_constructor_demo/launch/ik_clearance_cost.launch.py
[184.403s] -- Installing: /home/kush/UR5_Project_New/install/moveit_task_constructor_demo/share/moveit_task_constructor_demo/launch/cartesian.launch.py
[184.404s] -- Installing: /home/kush/UR5_Project_New/install/moveit_task_constructor_demo/share/moveit_task_constructor_demo/launch/demo.launch.py
[184.404s] -- Installing: /home/kush/UR5_Project_New/install/moveit_task_constructor_demo/share/moveit_task_constructor_demo/launch/pickplace.launch.py
[184.405s] -- Installing: /home/kush/UR5_Project_New/install/moveit_task_constructor_demo/share/moveit_task_constructor_demo/launch/alternative_path_costs.launch.py
[184.405s] -- Installing: /home/kush/UR5_Project_New/install/moveit_task_constructor_demo/share/moveit_task_constructor_demo/launch/fallbacks_move_to.launch.py
[184.406s] -- Installing: /home/kush/UR5_Project_New/install/moveit_task_constructor_demo/share/moveit_task_constructor_demo/launch/modular.launch.py
[184.407s] -- Installing: /home/kush/UR5_Project_New/install/moveit_task_constructor_demo/share/moveit_task_constructor_demo/config
[184.407s] -- Installing: /home/kush/UR5_Project_New/install/moveit_task_constructor_demo/share/moveit_task_constructor_demo/config/panda_config.yaml
[184.408s] -- Installing: /home/kush/UR5_Project_New/install/moveit_task_constructor_demo/share/moveit_task_constructor_demo/config/mtc.rviz
[184.409s] -- Installing: /home/kush/UR5_Project_New/install/moveit_task_constructor_demo/share/ament_index/resource_index/package_run_dependencies/moveit_task_constructor_demo
[184.410s] -- Installing: /home/kush/UR5_Project_New/install/moveit_task_constructor_demo/share/ament_index/resource_index/parent_prefix_path/moveit_task_constructor_demo
[184.411s] -- Installing: /home/kush/UR5_Project_New/install/moveit_task_constructor_demo/share/moveit_task_constructor_demo/environment/ament_prefix_path.sh
[184.411s] -- Installing: /home/kush/UR5_Project_New/install/moveit_task_constructor_demo/share/moveit_task_constructor_demo/environment/ament_prefix_path.dsv
[184.412s] -- Installing: /home/kush/UR5_Project_New/install/moveit_task_constructor_demo/share/moveit_task_constructor_demo/environment/path.sh
[184.413s] -- Installing: /home/kush/UR5_Project_New/install/moveit_task_constructor_demo/share/moveit_task_constructor_demo/environment/path.dsv
[184.413s] -- Installing: /home/kush/UR5_Project_New/install/moveit_task_constructor_demo/share/moveit_task_constructor_demo/local_setup.bash
[184.414s] -- Installing: /home/kush/UR5_Project_New/install/moveit_task_constructor_demo/share/moveit_task_constructor_demo/local_setup.sh
[184.414s] -- Installing: /home/kush/UR5_Project_New/install/moveit_task_constructor_demo/share/moveit_task_constructor_demo/local_setup.zsh
[184.415s] -- Installing: /home/kush/UR5_Project_New/install/moveit_task_constructor_demo/share/moveit_task_constructor_demo/local_setup.dsv
[184.416s] -- Installing: /home/kush/UR5_Project_New/install/moveit_task_constructor_demo/share/moveit_task_constructor_demo/package.dsv
[184.416s] -- Installing: /home/kush/UR5_Project_New/install/moveit_task_constructor_demo/share/ament_index/resource_index/packages/moveit_task_constructor_demo
[184.417s] -- Installing: /home/kush/UR5_Project_New/install/moveit_task_constructor_demo/share/moveit_task_constructor_demo/cmake/moveit_task_constructor_demoConfig.cmake
[184.418s] -- Installing: /home/kush/UR5_Project_New/install/moveit_task_constructor_demo/share/moveit_task_constructor_demo/cmake/moveit_task_constructor_demoConfig-version.cmake
[184.418s] -- Installing: /home/kush/UR5_Project_New/install/moveit_task_constructor_demo/share/moveit_task_constructor_demo/package.xml
[184.427s] Invoked command in '/home/kush/UR5_Project_New/build/moveit_task_constructor_demo' returned '0': AMENT_PREFIX_PATH=/home/kush/UR5_Project_New/install/moveit_task_constructor_capabilities:/home/kush/UR5_Project_New/install/moveit_task_constructor_core:/home/kush/UR5_Project_New/install/moveit_ros_planning_interface:/home/kush/UR5_Project_New/install/moveit_ros_move_group:/home/kush/UR5_Project_New/install/moveit_ros_warehouse:/home/kush/UR5_Project_New/install/moveit_kinematics:/home/kush/UR5_Project_New/install/moveit_ros_planning:/home/kush/UR5_Project_New/install/moveit_ros_occupancy_map_monitor:/home/kush/UR5_Project_New/install/moveit_core:/home/kush/UR5_Project_New/install/rviz_marker_tools:/home/kush/UR5_Project_New/install/moveit_resources_panda_moveit_config:/home/kush/UR5_Project_New/install/moveit_configs_utils:/home/kush/UR5_Project_New/install/srdfdom:/home/kush/UR5_Project_New/install/moveit_task_constructor_msgs:/home/kush/UR5_Project_New/install/moveit_resources_panda_description:/home/kush/UR5_Project_New/install/moveit_common:/home/kush/UR5_Project_New/install/launch_param_builder:${AMENT_PREFIX_PATH} CMAKE_PREFIX_PATH=/home/kush/UR5_Project_New/install/moveit_task_constructor_capabilities:/home/kush/UR5_Project_New/install/moveit_task_constructor_core:/home/kush/UR5_Project_New/install/moveit_ros_planning_interface:/home/kush/UR5_Project_New/install/moveit_ros_move_group:/home/kush/UR5_Project_New/install/moveit_ros_warehouse:/home/kush/UR5_Project_New/install/moveit_kinematics:/home/kush/UR5_Project_New/install/moveit_ros_planning:/home/kush/UR5_Project_New/install/moveit_ros_occupancy_map_monitor:/home/kush/UR5_Project_New/install/moveit_core:/home/kush/UR5_Project_New/install/rviz_marker_tools:/home/kush/UR5_Project_New/install/moveit_resources_panda_moveit_config:/home/kush/UR5_Project_New/install/srdfdom:/home/kush/UR5_Project_New/install/moveit_task_constructor_msgs:/home/kush/UR5_Project_New/install/moveit_resources_panda_description:/home/kush/UR5_Project_New/install/moveit_common:/opt/ros/humble LD_LIBRARY_PATH=/home/kush/UR5_Project_New/install/moveit_task_constructor_capabilities/lib:/home/kush/UR5_Project_New/install/moveit_task_constructor_core/lib:/home/kush/UR5_Project_New/install/moveit_ros_planning_interface/lib:/home/kush/UR5_Project_New/install/moveit_ros_move_group/lib:/home/kush/UR5_Project_New/install/moveit_ros_warehouse/lib:/home/kush/UR5_Project_New/install/moveit_kinematics/lib:/home/kush/UR5_Project_New/install/moveit_ros_planning/lib:/home/kush/UR5_Project_New/install/moveit_ros_occupancy_map_monitor/lib:/home/kush/UR5_Project_New/install/moveit_core/lib:/home/kush/UR5_Project_New/install/rviz_marker_tools/lib:/home/kush/UR5_Project_New/install/srdfdom/lib:/home/kush/UR5_Project_New/install/moveit_task_constructor_msgs/lib:${LD_LIBRARY_PATH} PATH=/home/kush/UR5_Project_New/install/moveit_core/bin:${PATH} PYTHONPATH=/home/kush/UR5_Project_New/install/moveit_configs_utils/lib/python3.10/site-packages:/home/kush/UR5_Project_New/install/srdfdom/local/lib/python3.10/dist-packages:/home/kush/UR5_Project_New/install/moveit_task_constructor_msgs/local/lib/python3.10/dist-packages:/home/kush/UR5_Project_New/install/launch_param_builder/lib/python3.10/site-packages:${PYTHONPATH} /usr/bin/cmake --install /home/kush/UR5_Project_New/build/moveit_task_constructor_demo
