[0.073s] Invoking command in '/home/kush/UR5_Project_New/src/build/moveit_ros_move_group': AMENT_PREFIX_PATH=/home/kush/UR5_Project_New/src/install/moveit_kinematics:/home/kush/UR5_Project_New/src/install/moveit_ros_planning:/home/kush/UR5_Project_New/src/install/moveit_ros_occupancy_map_monitor:/home/kush/UR5_Project_New/src/install/moveit_core:/home/kush/UR5_Project_New/src/install/moveit_resources_fanuc_moveit_config:/home/kush/UR5_Project_New/src/install/srdfdom:/home/kush/UR5_Project_New/src/install/moveit_resources_fanuc_description:/home/kush/UR5_Project_New/src/install/moveit_common:${AMENT_PREFIX_PATH} CMAKE_PREFIX_PATH=/home/kush/UR5_Project_New/src/install/moveit_kinematics:/home/kush/UR5_Project_New/src/install/moveit_ros_planning:/home/kush/UR5_Project_New/src/install/moveit_ros_occupancy_map_monitor:/home/kush/UR5_Project_New/src/install/moveit_core:/home/kush/UR5_Project_New/src/install/moveit_resources_fanuc_moveit_config:/home/kush/UR5_Project_New/src/install/srdfdom:/home/kush/UR5_Project_New/src/install/moveit_resources_fanuc_description:/home/kush/UR5_Project_New/src/install/moveit_common:/opt/ros/humble LD_LIBRARY_PATH=/home/kush/UR5_Project_New/src/install/moveit_kinematics/lib:/home/kush/UR5_Project_New/src/install/moveit_ros_planning/lib:/home/kush/UR5_Project_New/src/install/moveit_ros_occupancy_map_monitor/lib:/home/kush/UR5_Project_New/src/install/moveit_core/lib:/home/kush/UR5_Project_New/src/install/srdfdom/lib:${LD_LIBRARY_PATH} PATH=/home/kush/UR5_Project_New/src/install/moveit_core/bin:${PATH} PYTHONPATH=/home/kush/UR5_Project_New/src/install/srdfdom/local/lib/python3.10/dist-packages:${PYTHONPATH} /usr/bin/cmake /home/kush/UR5_Project_New/src/moveit2/moveit_ros/move_group -DCMAKE_INSTALL_PREFIX=/home/kush/UR5_Project_New/src/install/moveit_ros_move_group
[0.393s] -- The C compiler identification is GNU 11.4.0
[0.547s] -- The CXX compiler identification is GNU 11.4.0
[0.567s] -- Detecting C compiler ABI info
[1.017s] -- Detecting C compiler ABI info - done
[1.043s] -- Check for working C compiler: /usr/bin/cc - skipped
[1.043s] -- Detecting C compile features
[1.044s] -- Detecting C compile features - done
[1.065s] -- Detecting CXX compiler ABI info
[1.551s] -- Detecting CXX compiler ABI info - done
[1.598s] -- Check for working CXX compiler: /usr/bin/c++ - skipped
[1.601s] -- Detecting CXX compile features
[1.603s] -- Detecting CXX compile features - done
[1.615s] -- Found moveit_common: 2.5.4 (/home/kush/UR5_Project_New/src/install/moveit_common/share/moveit_common/cmake)
[1.622s] -- Found ament_cmake: 1.3.5 (/opt/ros/humble/share/ament_cmake/cmake)
[2.085s] -- Found Python3: /usr/bin/python3.10 (found version "3.10.12") found components: Interpreter 
[2.750s] -- Found libdw: /usr/lib/x86_64-linux-gnu/libdw.so  
[2.768s] -- Could NOT find libbfd (missing: LIBBFD_LIBRARY LIBBFD_INCLUDE_DIR) 
[2.772s] -- BACKWARD_HAS_UNWIND=1
[2.772s] -- BACKWARD_HAS_BACKTRACE=0
[2.773s] -- BACKWARD_HAS_BACKTRACE_SYMBOL=0
[2.773s] -- BACKWARD_HAS_DW=1
[2.773s] -- BACKWARD_HAS_BFD=0
[2.776s] -- Found Backward: /opt/ros/humble/share/backward_ros/cmake  
[2.777s] [0mmoveit_ros_move_group: You did not request a specific build type: Choosing 'Release' for maximum performance[0m
[2.780s] -- Found moveit_core: 2.5.4 (/home/kush/UR5_Project_New/src/install/moveit_core/share/moveit_core/cmake)
[3.814s] -- Found Boost: /usr/lib/x86_64-linux-gnu/cmake/Boost-1.74.0/BoostConfig.cmake (found version "1.74.0") found components: chrono date_time filesystem iostreams program_options regex serialization system thread 
[3.882s] -- Found parameter_traits: 0.3.3 (/opt/ros/humble/share/parameter_traits/cmake)
[4.020s] -- Found rosidl_generator_c: 3.1.5 (/opt/ros/humble/share/rosidl_generator_c/cmake)
[4.039s] -- Found rosidl_adapter: 3.1.5 (/opt/ros/humble/share/rosidl_adapter/cmake)
[4.084s] -- Found rosidl_generator_cpp: 3.1.5 (/opt/ros/humble/share/rosidl_generator_cpp/cmake)
[4.181s] -- Using all available rosidl_typesupport_c: rosidl_typesupport_fastrtps_c;rosidl_typesupport_introspection_c
[4.243s] -- Using all available rosidl_typesupport_cpp: rosidl_typesupport_fastrtps_cpp;rosidl_typesupport_introspection_cpp
[4.560s] -- Found rmw_implementation_cmake: 6.1.1 (/opt/ros/humble/share/rmw_implementation_cmake/cmake)
[4.571s] -- Found rmw_fastrtps_cpp: 6.2.3 (/opt/ros/humble/share/rmw_fastrtps_cpp/cmake)
[5.171s] -- Found OpenSSL: /usr/lib/x86_64-linux-gnu/libcrypto.so (found version "3.0.2")  
[5.307s] -- Found FastRTPS: /opt/ros/humble/include  
[5.460s] -- Using RMW implementation 'rmw_fastrtps_cpp' as default
[5.516s] -- Found Threads: TRUE  
[6.267s] -- Found rclcpp_lifecycle: 16.0.5 (/opt/ros/humble/share/rclcpp_lifecycle/cmake)
[6.475s] -- Found Boost: /usr/lib/x86_64-linux-gnu/cmake/Boost-1.74.0/BoostConfig.cmake (found version "1.74.0") found components: filesystem 
[7.401s] -- library: /usr/lib/x86_64-linux-gnu/libcurl.so
[8.713s] -- Found Eigen3: TRUE (found version "3.4.0") 
[8.713s] -- Ensuring Eigen3 include directory is part of orocos-kdl CMake target
[13.472s] -- Found moveit_ros_planning: 2.5.4 (/home/kush/UR5_Project_New/src/install/moveit_ros_planning/share/moveit_ros_planning/cmake)
[13.494s] -- Found Boost: /usr/lib/x86_64-linux-gnu/cmake/Boost-1.74.0/BoostConfig.cmake (found version "1.74.0") found components: system filesystem date_time program_options thread chrono 
[14.941s] -- Found std_srvs: 4.2.3 (/opt/ros/humble/share/std_srvs/cmake)
[15.040s] -- Found Boost: /usr/lib/x86_64-linux-gnu/cmake/Boost-1.74.0/BoostConfig.cmake (found version "1.74.0") found components: system filesystem date_time program_options thread 
[15.169s] -- Found ament_lint_auto: 0.12.7 (/opt/ros/humble/share/ament_lint_auto/cmake)
[15.235s] -- Added test 'cppcheck' to perform static code analysis on C / C++ code
[15.241s] -- Configured cppcheck include dirs: /home/kush/UR5_Project_New/src/moveit2/moveit_ros/move_group/include
[15.241s] -- Configured cppcheck exclude dirs and/or files: 
[15.264s] -- Added test 'lint_cmake' to check CMake code style
[15.267s] -- Added test 'pep257' to check Python code against some of the docstring style conventions in PEP 257
[15.283s] -- Added test 'xmllint' to check XML markup files
[15.304s] -- Configuring done
[15.556s] -- Generating done
[15.562s] -- Build files have been written to: /home/kush/UR5_Project_New/src/build/moveit_ros_move_group
[15.593s] Invoked command in '/home/kush/UR5_Project_New/src/build/moveit_ros_move_group' returned '0': AMENT_PREFIX_PATH=/home/kush/UR5_Project_New/src/install/moveit_kinematics:/home/kush/UR5_Project_New/src/install/moveit_ros_planning:/home/kush/UR5_Project_New/src/install/moveit_ros_occupancy_map_monitor:/home/kush/UR5_Project_New/src/install/moveit_core:/home/kush/UR5_Project_New/src/install/moveit_resources_fanuc_moveit_config:/home/kush/UR5_Project_New/src/install/srdfdom:/home/kush/UR5_Project_New/src/install/moveit_resources_fanuc_description:/home/kush/UR5_Project_New/src/install/moveit_common:${AMENT_PREFIX_PATH} CMAKE_PREFIX_PATH=/home/kush/UR5_Project_New/src/install/moveit_kinematics:/home/kush/UR5_Project_New/src/install/moveit_ros_planning:/home/kush/UR5_Project_New/src/install/moveit_ros_occupancy_map_monitor:/home/kush/UR5_Project_New/src/install/moveit_core:/home/kush/UR5_Project_New/src/install/moveit_resources_fanuc_moveit_config:/home/kush/UR5_Project_New/src/install/srdfdom:/home/kush/UR5_Project_New/src/install/moveit_resources_fanuc_description:/home/kush/UR5_Project_New/src/install/moveit_common:/opt/ros/humble LD_LIBRARY_PATH=/home/kush/UR5_Project_New/src/install/moveit_kinematics/lib:/home/kush/UR5_Project_New/src/install/moveit_ros_planning/lib:/home/kush/UR5_Project_New/src/install/moveit_ros_occupancy_map_monitor/lib:/home/kush/UR5_Project_New/src/install/moveit_core/lib:/home/kush/UR5_Project_New/src/install/srdfdom/lib:${LD_LIBRARY_PATH} PATH=/home/kush/UR5_Project_New/src/install/moveit_core/bin:${PATH} PYTHONPATH=/home/kush/UR5_Project_New/src/install/srdfdom/local/lib/python3.10/dist-packages:${PYTHONPATH} /usr/bin/cmake /home/kush/UR5_Project_New/src/moveit2/moveit_ros/move_group -DCMAKE_INSTALL_PREFIX=/home/kush/UR5_Project_New/src/install/moveit_ros_move_group
[15.614s] Invoking command in '/home/kush/UR5_Project_New/src/build/moveit_ros_move_group': AMENT_PREFIX_PATH=/home/kush/UR5_Project_New/src/install/moveit_kinematics:/home/kush/UR5_Project_New/src/install/moveit_ros_planning:/home/kush/UR5_Project_New/src/install/moveit_ros_occupancy_map_monitor:/home/kush/UR5_Project_New/src/install/moveit_core:/home/kush/UR5_Project_New/src/install/moveit_resources_fanuc_moveit_config:/home/kush/UR5_Project_New/src/install/srdfdom:/home/kush/UR5_Project_New/src/install/moveit_resources_fanuc_description:/home/kush/UR5_Project_New/src/install/moveit_common:${AMENT_PREFIX_PATH} CMAKE_PREFIX_PATH=/home/kush/UR5_Project_New/src/install/moveit_kinematics:/home/kush/UR5_Project_New/src/install/moveit_ros_planning:/home/kush/UR5_Project_New/src/install/moveit_ros_occupancy_map_monitor:/home/kush/UR5_Project_New/src/install/moveit_core:/home/kush/UR5_Project_New/src/install/moveit_resources_fanuc_moveit_config:/home/kush/UR5_Project_New/src/install/srdfdom:/home/kush/UR5_Project_New/src/install/moveit_resources_fanuc_description:/home/kush/UR5_Project_New/src/install/moveit_common:/opt/ros/humble LD_LIBRARY_PATH=/home/kush/UR5_Project_New/src/install/moveit_kinematics/lib:/home/kush/UR5_Project_New/src/install/moveit_ros_planning/lib:/home/kush/UR5_Project_New/src/install/moveit_ros_occupancy_map_monitor/lib:/home/kush/UR5_Project_New/src/install/moveit_core/lib:/home/kush/UR5_Project_New/src/install/srdfdom/lib:${LD_LIBRARY_PATH} PATH=/home/kush/UR5_Project_New/src/install/moveit_core/bin:${PATH} PYTHONPATH=/home/kush/UR5_Project_New/src/install/srdfdom/local/lib/python3.10/dist-packages:${PYTHONPATH} /usr/bin/cmake --build /home/kush/UR5_Project_New/src/build/moveit_ros_move_group -- -j4 -l4
[15.931s] [  5%] [32mBuilding CXX object CMakeFiles/moveit_move_group_capabilities_base.dir/src/move_group_context.cpp.o[0m
[50.223s] [ 10%] [32mBuilding CXX object CMakeFiles/moveit_move_group_capabilities_base.dir/src/move_group_capability.cpp.o[0m
[94.483s] [ 15%] [32m[1mLinking CXX shared library libmoveit_move_group_capabilities_base.so[0m
[95.608s] [ 15%] Built target moveit_move_group_capabilities_base
[95.780s] [ 21%] [32mBuilding CXX object CMakeFiles/list_move_group_capabilities.dir/src/list_capabilities.cpp.o[0m
[147.688s] [ 26%] [32m[1mLinking CXX executable list_move_group_capabilities[0m
[148.399s] [ 26%] Built target list_move_group_capabilities
[148.614s] [ 31%] [32mBuilding CXX object CMakeFiles/move_group.dir/src/move_group.cpp.o[0m
[207.043s] [ 36%] [32m[1mLinking CXX executable move_group[0m
[208.977s] [ 36%] Built target move_group
[209.143s] [ 42%] [32mBuilding CXX object CMakeFiles/moveit_move_group_default_capabilities.dir/src/default_capabilities/move_action_capability.cpp.o[0m
[254.595s] [ 47%] [32mBuilding CXX object CMakeFiles/moveit_move_group_default_capabilities.dir/src/default_capabilities/query_planners_service_capability.cpp.o[0m
[297.682s] [ 52%] [32mBuilding CXX object CMakeFiles/moveit_move_group_default_capabilities.dir/src/default_capabilities/kinematics_service_capability.cpp.o[0m
[336.640s] [ 57%] [32mBuilding CXX object CMakeFiles/moveit_move_group_default_capabilities.dir/src/default_capabilities/state_validation_service_capability.cpp.o[0m
[367.203s] [ 63%] [32mBuilding CXX object CMakeFiles/moveit_move_group_default_capabilities.dir/src/default_capabilities/cartesian_path_service_capability.cpp.o[0m
[399.245s] [ 68%] [32mBuilding CXX object CMakeFiles/moveit_move_group_default_capabilities.dir/src/default_capabilities/get_planning_scene_service_capability.cpp.o[0m
[417.939s] [ 73%] [32mBuilding CXX object CMakeFiles/moveit_move_group_default_capabilities.dir/src/default_capabilities/apply_planning_scene_service_capability.cpp.o[0m
[434.976s] [ 78%] [32mBuilding CXX object CMakeFiles/moveit_move_group_default_capabilities.dir/src/default_capabilities/clear_octomap_service_capability.cpp.o[0m
[437.032s] [ 84%] [32mBuilding CXX object CMakeFiles/moveit_move_group_default_capabilities.dir/src/default_capabilities/execute_trajectory_action_capability.cpp.o[0m
[439.107s] [ 89%] [32mBuilding CXX object CMakeFiles/moveit_move_group_default_capabilities.dir/src/default_capabilities/plan_service_capability.cpp.o[0m
