[0.324s] Invoking command in '/home/kush/UR5_Project_New/build/moveit_ros_visualization': AMENT_PREFIX_PATH=/home/kush/UR5_Project_New/install/moveit_ros_planning_interface:/home/kush/UR5_Project_New/install/moveit_ros_move_group:/home/kush/UR5_Project_New/install/moveit_ros_warehouse:/home/kush/UR5_Project_New/install/moveit_ros_robot_interaction:/home/kush/UR5_Project_New/install/moveit_kinematics:/home/kush/UR5_Project_New/install/moveit_ros_planning:/home/kush/UR5_Project_New/install/moveit_ros_occupancy_map_monitor:/home/kush/UR5_Project_New/install/moveit_core:/home/kush/UR5_Project_New/install/srdfdom:/home/kush/UR5_Project_New/install/moveit_common:${AMENT_PREFIX_PATH} CMAKE_PREFIX_PATH=/home/kush/UR5_Project_New/install/moveit_ros_planning_interface:/home/kush/UR5_Project_New/install/moveit_ros_move_group:/home/kush/UR5_Project_New/install/moveit_ros_warehouse:/home/kush/UR5_Project_New/install/moveit_ros_robot_interaction:/home/kush/UR5_Project_New/install/moveit_kinematics:/home/kush/UR5_Project_New/install/moveit_ros_planning:/home/kush/UR5_Project_New/install/moveit_ros_occupancy_map_monitor:/home/kush/UR5_Project_New/install/moveit_core:/home/kush/UR5_Project_New/install/srdfdom:/home/kush/UR5_Project_New/install/moveit_common:/opt/ros/humble LD_LIBRARY_PATH=/home/kush/UR5_Project_New/install/moveit_ros_planning_interface/lib:/home/kush/UR5_Project_New/install/moveit_ros_move_group/lib:/home/kush/UR5_Project_New/install/moveit_ros_warehouse/lib:/home/kush/UR5_Project_New/install/moveit_ros_robot_interaction/lib:/home/kush/UR5_Project_New/install/moveit_kinematics/lib:/home/kush/UR5_Project_New/install/moveit_ros_planning/lib:/home/kush/UR5_Project_New/install/moveit_ros_occupancy_map_monitor/lib:/home/kush/UR5_Project_New/install/moveit_core/lib:/home/kush/UR5_Project_New/install/srdfdom/lib:${LD_LIBRARY_PATH} PATH=/home/kush/UR5_Project_New/install/moveit_core/bin:${PATH} PYTHONPATH=/home/kush/UR5_Project_New/install/srdfdom/local/lib/python3.10/dist-packages:${PYTHONPATH} /usr/bin/cmake --build /home/kush/UR5_Project_New/build/moveit_ros_visualization -- -j4 -l4
[0.740s] [  1%] [34m[1mAutomatic MOC for target moveit_rviz_plugin_render_tools[0m
[1.090s] [  1%] Built target moveit_rviz_plugin_render_tools_autogen
[1.253s] [  3%] [32mBuilding CXX object rviz_plugin_render_tools/CMakeFiles/moveit_rviz_plugin_render_tools.dir/moveit_rviz_plugin_render_tools_autogen/mocs_compilation.cpp.o[0m
[46.748s] [  5%] [32mBuilding CXX object rviz_plugin_render_tools/CMakeFiles/moveit_rviz_plugin_render_tools.dir/src/planning_scene_render.cpp.o[0m
[80.771s] [  6%] [32mBuilding CXX object rviz_plugin_render_tools/CMakeFiles/moveit_rviz_plugin_render_tools.dir/src/planning_link_updater.cpp.o[0m
[101.227s] [  8%] [32mBuilding CXX object rviz_plugin_render_tools/CMakeFiles/moveit_rviz_plugin_render_tools.dir/src/octomap_render.cpp.o[0m
[111.783s] [ 10%] [32mBuilding CXX object rviz_plugin_render_tools/CMakeFiles/moveit_rviz_plugin_render_tools.dir/src/trajectory_visualization.cpp.o[0m
[187.591s] [ 12%] [32mBuilding CXX object rviz_plugin_render_tools/CMakeFiles/moveit_rviz_plugin_render_tools.dir/src/trajectory_panel.cpp.o[0m
[203.062s] [ 13%] [32mBuilding CXX object rviz_plugin_render_tools/CMakeFiles/moveit_rviz_plugin_render_tools.dir/src/mesh_shape.cpp.o[0m
[210.938s] [ 15%] [32mBuilding CXX object rviz_plugin_render_tools/CMakeFiles/moveit_rviz_plugin_render_tools.dir/src/robot_state_visualization.cpp.o[0m
[243.506s] [ 17%] [32mBuilding CXX object rviz_plugin_render_tools/CMakeFiles/moveit_rviz_plugin_render_tools.dir/src/render_shapes.cpp.o[0m
[273.377s] [ 18%] [32m[1mLinking CXX shared library libmoveit_rviz_plugin_render_tools.so[0m
[282.880s] [ 18%] Built target moveit_rviz_plugin_render_tools
[283.088s] [ 20%] [34m[1mAutomatic MOC for target moveit_robot_state_rviz_plugin_core[0m
[284.222s] [ 20%] Built target moveit_robot_state_rviz_plugin_core_autogen
[284.440s] [ 22%] [34m[1mAutomatic MOC for target moveit_planning_scene_rviz_plugin_core[0m
[285.830s] [ 22%] Built target moveit_planning_scene_rviz_plugin_core_autogen
[286.022s] [ 24%] [32mBuilding CXX object robot_state_rviz_plugin/CMakeFiles/moveit_robot_state_rviz_plugin_core.dir/moveit_robot_state_rviz_plugin_core_autogen/mocs_compilation.cpp.o[0m
[316.224s] [ 25%] [32mBuilding CXX object robot_state_rviz_plugin/CMakeFiles/moveit_robot_state_rviz_plugin_core.dir/src/robot_state_display.cpp.o[0m
[382.276s] [ 27%] [32m[1mLinking CXX shared library libmoveit_robot_state_rviz_plugin_core.so[0m
[390.330s] [ 27%] Built target moveit_robot_state_rviz_plugin_core
[390.517s] [ 29%] [32mBuilding CXX object planning_scene_rviz_plugin/CMakeFiles/moveit_planning_scene_rviz_plugin_core.dir/moveit_planning_scene_rviz_plugin_core_autogen/mocs_compilation.cpp.o[0m
[434.294s] [ 31%] [32mBuilding CXX object planning_scene_rviz_plugin/CMakeFiles/moveit_planning_scene_rviz_plugin_core.dir/src/background_processing.cpp.o[0m
[438.475s] [ 32%] [32mBuilding CXX object planning_scene_rviz_plugin/CMakeFiles/moveit_planning_scene_rviz_plugin_core.dir/src/planning_scene_display.cpp.o[0m
[487.983s] [ 34%] [32m[1mLinking CXX shared library libmoveit_planning_scene_rviz_plugin_core.so[0m
[498.012s] [ 34%] Built target moveit_planning_scene_rviz_plugin_core
[498.169s] [ 36%] [34m[1mAutomatic MOC for target moveit_robot_state_rviz_plugin[0m
[498.322s] [ 36%] Built target moveit_robot_state_rviz_plugin_autogen
[498.475s] [ 37%] [34m[1mAutomatic MOC for target moveit_trajectory_rviz_plugin_core[0m
[500.091s] [ 37%] Built target moveit_trajectory_rviz_plugin_core_autogen
[500.278s] [ 39%] [32mBuilding CXX object robot_state_rviz_plugin/CMakeFiles/moveit_robot_state_rviz_plugin.dir/moveit_robot_state_rviz_plugin_autogen/mocs_compilation.cpp.o[0m
[500.446s] [ 41%] [32mBuilding CXX object robot_state_rviz_plugin/CMakeFiles/moveit_robot_state_rviz_plugin.dir/src/plugin_init.cpp.o[0m
[524.062s] [ 43%] [32m[1mLinking CXX shared library libmoveit_robot_state_rviz_plugin.so[0m
[526.460s] [ 43%] Built target moveit_robot_state_rviz_plugin
[526.546s] [ 44%] [32mBuilding CXX object trajectory_rviz_plugin/CMakeFiles/moveit_trajectory_rviz_plugin_core.dir/moveit_trajectory_rviz_plugin_core_autogen/mocs_compilation.cpp.o[0m
[554.850s] [ 46%] [32mBuilding CXX object trajectory_rviz_plugin/CMakeFiles/moveit_trajectory_rviz_plugin_core.dir/src/trajectory_display.cpp.o[0m
[581.677s] [ 48%] [32m[1mLinking CXX shared library libmoveit_trajectory_rviz_plugin_core.so[0m
[584.656s] [ 48%] Built target moveit_trajectory_rviz_plugin_core
[584.763s] [ 50%] [34m[1mAutomatic MOC for target moveit_planning_scene_rviz_plugin[0m
[584.861s] [ 50%] Built target moveit_planning_scene_rviz_plugin_autogen
[584.904s] [ 51%] [34m[1mAutomatic MOC for target moveit_trajectory_rviz_plugin[0m
[584.973s] [ 51%] Built target moveit_trajectory_rviz_plugin_autogen
[585.022s] [ 53%] [32mBuilding CXX object planning_scene_rviz_plugin/CMakeFiles/moveit_planning_scene_rviz_plugin.dir/moveit_planning_scene_rviz_plugin_autogen/mocs_compilation.cpp.o[0m
[585.067s] [ 55%] [32mBuilding CXX object planning_scene_rviz_plugin/CMakeFiles/moveit_planning_scene_rviz_plugin.dir/src/plugin_init.cpp.o[0m
[619.249s] [ 56%] [32m[1mLinking CXX shared library libmoveit_planning_scene_rviz_plugin.so[0m
[621.710s] [ 56%] Built target moveit_planning_scene_rviz_plugin
[621.791s] [ 58%] [32mBuilding CXX object trajectory_rviz_plugin/CMakeFiles/moveit_trajectory_rviz_plugin.dir/moveit_trajectory_rviz_plugin_autogen/mocs_compilation.cpp.o[0m
[621.835s] [ 60%] [32mBuilding CXX object trajectory_rviz_plugin/CMakeFiles/moveit_trajectory_rviz_plugin.dir/src/plugin_init.cpp.o[0m
[649.900s] [ 62%] [32m[1mLinking CXX shared library libmoveit_trajectory_rviz_plugin.so[0m
[652.788s] [ 62%] Built target moveit_trajectory_rviz_plugin
[652.872s] [ 63%] [34m[1mAutomatic MOC for target moveit_motion_planning_rviz_plugin_core[0m
[656.803s] [ 63%] Built target moveit_motion_planning_rviz_plugin_core_autogen
[656.901s] [ 65%] [34m[1mGenerating ui_motion_planning_rviz_plugin_frame_joints.h[0m
[657.312s] [ 67%] [34m[1mGenerating ui_motion_planning_rviz_plugin_frame.h[0m
[657.398s] [ 68%] [34m[1mAutomatic RCC for src/icons/icons.qrc[0m
[657.634s] [ 70%] [32mBuilding CXX object motion_planning_rviz_plugin/CMakeFiles/moveit_motion_planning_rviz_plugin_core.dir/moveit_motion_planning_rviz_plugin_core_autogen/mocs_compilation.cpp.o[0m
[701.545s] [ 72%] [32mBuilding CXX object motion_planning_rviz_plugin/CMakeFiles/moveit_motion_planning_rviz_plugin_core.dir/src/motion_planning_frame_planning.cpp.o[0m
[749.384s] [ 74%] [32mBuilding CXX object motion_planning_rviz_plugin/CMakeFiles/moveit_motion_planning_rviz_plugin_core.dir/src/motion_planning_frame_objects.cpp.o[0m
[807.366s] [ 75%] [32mBuilding CXX object motion_planning_rviz_plugin/CMakeFiles/moveit_motion_planning_rviz_plugin_core.dir/src/motion_planning_frame_scenes.cpp.o[0m
[851.413s] [ 77%] [32mBuilding CXX object motion_planning_rviz_plugin/CMakeFiles/moveit_motion_planning_rviz_plugin_core.dir/src/motion_planning_frame_states.cpp.o[0m
[891.176s] [ 79%] [32mBuilding CXX object motion_planning_rviz_plugin/CMakeFiles/moveit_motion_planning_rviz_plugin_core.dir/src/motion_planning_frame_joints_widget.cpp.o[0m
[944.650s] [ 81%] [32mBuilding CXX object motion_planning_rviz_plugin/CMakeFiles/moveit_motion_planning_rviz_plugin_core.dir/src/motion_planning_display.cpp.o[0m
[997.842s] [ 82%] [32mBuilding CXX object motion_planning_rviz_plugin/CMakeFiles/moveit_motion_planning_rviz_plugin_core.dir/src/motion_planning_frame_manipulation.cpp.o[0m
[1002.870s] [ 84%] [32mBuilding CXX object motion_planning_rviz_plugin/CMakeFiles/moveit_motion_planning_rviz_plugin_core.dir/src/motion_planning_param_widget.cpp.o[0m
[1004.943s] [ 86%] [32mBuilding CXX object motion_planning_rviz_plugin/CMakeFiles/moveit_motion_planning_rviz_plugin_core.dir/src/motion_planning_frame_context.cpp.o[0m
[1066.197s] [ 87%] [32mBuilding CXX object motion_planning_rviz_plugin/CMakeFiles/moveit_motion_planning_rviz_plugin_core.dir/moveit_motion_planning_rviz_plugin_core_autogen/2OST2OT5Q2/qrc_icons.cpp.o[0m
[1066.239s] [ 89%] [32mBuilding CXX object motion_planning_rviz_plugin/CMakeFiles/moveit_motion_planning_rviz_plugin_core.dir/src/interactive_marker_display.cpp.o[0m
[1079.436s] [ 91%] [32mBuilding CXX object motion_planning_rviz_plugin/CMakeFiles/moveit_motion_planning_rviz_plugin_core.dir/src/motion_planning_frame.cpp.o[0m
[1139.467s] [ 93%] [32m[1mLinking CXX shared library libmoveit_motion_planning_rviz_plugin_core.so[0m
[1147.768s] [ 93%] Built target moveit_motion_planning_rviz_plugin_core
[1147.860s] [ 94%] [34m[1mAutomatic MOC for target moveit_motion_planning_rviz_plugin[0m
[1147.930s] [ 94%] Built target moveit_motion_planning_rviz_plugin_autogen
[1148.072s] [ 98%] [32mBuilding CXX object motion_planning_rviz_plugin/CMakeFiles/moveit_motion_planning_rviz_plugin.dir/moveit_motion_planning_rviz_plugin_autogen/mocs_compilation.cpp.o[0m
[1148.073s] [ 98%] [32mBuilding CXX object motion_planning_rviz_plugin/CMakeFiles/moveit_motion_planning_rviz_plugin.dir/src/plugin_init.cpp.o[0m
[1193.528s] [100%] [32m[1mLinking CXX shared library libmoveit_motion_planning_rviz_plugin.so[0m
[1196.020s] [100%] Built target moveit_motion_planning_rviz_plugin
[1196.056s] Invoked command in '/home/kush/UR5_Project_New/build/moveit_ros_visualization' returned '0': AMENT_PREFIX_PATH=/home/kush/UR5_Project_New/install/moveit_ros_planning_interface:/home/kush/UR5_Project_New/install/moveit_ros_move_group:/home/kush/UR5_Project_New/install/moveit_ros_warehouse:/home/kush/UR5_Project_New/install/moveit_ros_robot_interaction:/home/kush/UR5_Project_New/install/moveit_kinematics:/home/kush/UR5_Project_New/install/moveit_ros_planning:/home/kush/UR5_Project_New/install/moveit_ros_occupancy_map_monitor:/home/kush/UR5_Project_New/install/moveit_core:/home/kush/UR5_Project_New/install/srdfdom:/home/kush/UR5_Project_New/install/moveit_common:${AMENT_PREFIX_PATH} CMAKE_PREFIX_PATH=/home/kush/UR5_Project_New/install/moveit_ros_planning_interface:/home/kush/UR5_Project_New/install/moveit_ros_move_group:/home/kush/UR5_Project_New/install/moveit_ros_warehouse:/home/kush/UR5_Project_New/install/moveit_ros_robot_interaction:/home/kush/UR5_Project_New/install/moveit_kinematics:/home/kush/UR5_Project_New/install/moveit_ros_planning:/home/kush/UR5_Project_New/install/moveit_ros_occupancy_map_monitor:/home/kush/UR5_Project_New/install/moveit_core:/home/kush/UR5_Project_New/install/srdfdom:/home/kush/UR5_Project_New/install/moveit_common:/opt/ros/humble LD_LIBRARY_PATH=/home/kush/UR5_Project_New/install/moveit_ros_planning_interface/lib:/home/kush/UR5_Project_New/install/moveit_ros_move_group/lib:/home/kush/UR5_Project_New/install/moveit_ros_warehouse/lib:/home/kush/UR5_Project_New/install/moveit_ros_robot_interaction/lib:/home/kush/UR5_Project_New/install/moveit_kinematics/lib:/home/kush/UR5_Project_New/install/moveit_ros_planning/lib:/home/kush/UR5_Project_New/install/moveit_ros_occupancy_map_monitor/lib:/home/kush/UR5_Project_New/install/moveit_core/lib:/home/kush/UR5_Project_New/install/srdfdom/lib:${LD_LIBRARY_PATH} PATH=/home/kush/UR5_Project_New/install/moveit_core/bin:${PATH} PYTHONPATH=/home/kush/UR5_Project_New/install/srdfdom/local/lib/python3.10/dist-packages:${PYTHONPATH} /usr/bin/cmake --build /home/kush/UR5_Project_New/build/moveit_ros_visualization -- -j4 -l4
[1196.106s] Invoking command in '/home/kush/UR5_Project_New/build/moveit_ros_visualization': AMENT_PREFIX_PATH=/home/kush/UR5_Project_New/install/moveit_ros_planning_interface:/home/kush/UR5_Project_New/install/moveit_ros_move_group:/home/kush/UR5_Project_New/install/moveit_ros_warehouse:/home/kush/UR5_Project_New/install/moveit_ros_robot_interaction:/home/kush/UR5_Project_New/install/moveit_kinematics:/home/kush/UR5_Project_New/install/moveit_ros_planning:/home/kush/UR5_Project_New/install/moveit_ros_occupancy_map_monitor:/home/kush/UR5_Project_New/install/moveit_core:/home/kush/UR5_Project_New/install/srdfdom:/home/kush/UR5_Project_New/install/moveit_common:${AMENT_PREFIX_PATH} CMAKE_PREFIX_PATH=/home/kush/UR5_Project_New/install/moveit_ros_planning_interface:/home/kush/UR5_Project_New/install/moveit_ros_move_group:/home/kush/UR5_Project_New/install/moveit_ros_warehouse:/home/kush/UR5_Project_New/install/moveit_ros_robot_interaction:/home/kush/UR5_Project_New/install/moveit_kinematics:/home/kush/UR5_Project_New/install/moveit_ros_planning:/home/kush/UR5_Project_New/install/moveit_ros_occupancy_map_monitor:/home/kush/UR5_Project_New/install/moveit_core:/home/kush/UR5_Project_New/install/srdfdom:/home/kush/UR5_Project_New/install/moveit_common:/opt/ros/humble LD_LIBRARY_PATH=/home/kush/UR5_Project_New/install/moveit_ros_planning_interface/lib:/home/kush/UR5_Project_New/install/moveit_ros_move_group/lib:/home/kush/UR5_Project_New/install/moveit_ros_warehouse/lib:/home/kush/UR5_Project_New/install/moveit_ros_robot_interaction/lib:/home/kush/UR5_Project_New/install/moveit_kinematics/lib:/home/kush/UR5_Project_New/install/moveit_ros_planning/lib:/home/kush/UR5_Project_New/install/moveit_ros_occupancy_map_monitor/lib:/home/kush/UR5_Project_New/install/moveit_core/lib:/home/kush/UR5_Project_New/install/srdfdom/lib:${LD_LIBRARY_PATH} PATH=/home/kush/UR5_Project_New/install/moveit_core/bin:${PATH} PYTHONPATH=/home/kush/UR5_Project_New/install/srdfdom/local/lib/python3.10/dist-packages:${PYTHONPATH} /usr/bin/cmake --install /home/kush/UR5_Project_New/build/moveit_ros_visualization
[1196.119s] -- Install configuration: "Release"
[1196.120s] -- Installing: /home/kush/UR5_Project_New/install/moveit_ros_visualization/include
[1196.120s] -- Installing: /home/kush/UR5_Project_New/install/moveit_ros_visualization/include/moveit
[1196.120s] -- Installing: /home/kush/UR5_Project_New/install/moveit_ros_visualization/include/moveit/rviz_plugin_render_tools
[1196.121s] -- Installing: /home/kush/UR5_Project_New/install/moveit_ros_visualization/include/moveit/rviz_plugin_render_tools/planning_link_updater.h
[1196.121s] -- Installing: /home/kush/UR5_Project_New/install/moveit_ros_visualization/include/moveit/rviz_plugin_render_tools/octomap_render.h
[1196.121s] -- Installing: /home/kush/UR5_Project_New/install/moveit_ros_visualization/include/moveit/rviz_plugin_render_tools/trajectory_panel.h
[1196.121s] -- Installing: /home/kush/UR5_Project_New/install/moveit_ros_visualization/include/moveit/rviz_plugin_render_tools/planning_scene_render.h
[1196.122s] -- Installing: /home/kush/UR5_Project_New/install/moveit_ros_visualization/include/moveit/rviz_plugin_render_tools/trajectory_visualization.h
[1196.122s] -- Installing: /home/kush/UR5_Project_New/install/moveit_ros_visualization/include/moveit/rviz_plugin_render_tools/render_shapes.h
[1196.122s] -- Installing: /home/kush/UR5_Project_New/install/moveit_ros_visualization/include/moveit/rviz_plugin_render_tools/robot_state_visualization.h
[1196.122s] -- Installing: /home/kush/UR5_Project_New/install/moveit_ros_visualization/include/ogre_helpers
[1196.123s] -- Installing: /home/kush/UR5_Project_New/install/moveit_ros_visualization/include/ogre_helpers/mesh_shape.hpp
[1196.123s] -- Up-to-date: /home/kush/UR5_Project_New/install/moveit_ros_visualization/include
[1196.123s] -- Up-to-date: /home/kush/UR5_Project_New/install/moveit_ros_visualization/include/moveit
[1196.124s] -- Installing: /home/kush/UR5_Project_New/install/moveit_ros_visualization/include/moveit/robot_state_rviz_plugin
[1196.124s] -- Installing: /home/kush/UR5_Project_New/install/moveit_ros_visualization/include/moveit/robot_state_rviz_plugin/robot_state_display.h
[1196.124s] -- Up-to-date: /home/kush/UR5_Project_New/install/moveit_ros_visualization/include
[1196.124s] -- Up-to-date: /home/kush/UR5_Project_New/install/moveit_ros_visualization/include/moveit
[1196.125s] -- Installing: /home/kush/UR5_Project_New/install/moveit_ros_visualization/include/moveit/planning_scene_rviz_plugin
[1196.125s] -- Installing: /home/kush/UR5_Project_New/install/moveit_ros_visualization/include/moveit/planning_scene_rviz_plugin/planning_scene_display.h
[1196.125s] -- Installing: /home/kush/UR5_Project_New/install/moveit_ros_visualization/include/moveit/planning_scene_rviz_plugin/background_processing.hpp
[1196.125s] -- Installing: /home/kush/UR5_Project_New/install/moveit_ros_visualization/include/moveit_planning_scene_rviz_plugin_core_export.h
[1196.126s] -- Up-to-date: /home/kush/UR5_Project_New/install/moveit_ros_visualization/include
[1196.126s] -- Up-to-date: /home/kush/UR5_Project_New/install/moveit_ros_visualization/include/moveit
[1196.126s] -- Installing: /home/kush/UR5_Project_New/install/moveit_ros_visualization/include/moveit/motion_planning_rviz_plugin
[1196.126s] -- Installing: /home/kush/UR5_Project_New/install/moveit_ros_visualization/include/moveit/motion_planning_rviz_plugin/interactive_marker_display.h
[1196.127s] -- Installing: /home/kush/UR5_Project_New/install/moveit_ros_visualization/include/moveit/motion_planning_rviz_plugin/motion_planning_param_widget.h
[1196.127s] -- Installing: /home/kush/UR5_Project_New/install/moveit_ros_visualization/include/moveit/motion_planning_rviz_plugin/motion_planning_frame_joints_widget.h
[1196.127s] -- Installing: /home/kush/UR5_Project_New/install/moveit_ros_visualization/include/moveit/motion_planning_rviz_plugin/motion_planning_frame.h
[1196.127s] -- Installing: /home/kush/UR5_Project_New/install/moveit_ros_visualization/include/moveit/motion_planning_rviz_plugin/motion_planning_display.h
[1196.138s] -- Up-to-date: /home/kush/UR5_Project_New/install/moveit_ros_visualization/include
[1196.138s] -- Up-to-date: /home/kush/UR5_Project_New/install/moveit_ros_visualization/include/moveit
[1196.138s] -- Installing: /home/kush/UR5_Project_New/install/moveit_ros_visualization/include/moveit/trajectory_rviz_plugin
[1196.139s] -- Installing: /home/kush/UR5_Project_New/install/moveit_ros_visualization/include/moveit/trajectory_rviz_plugin/trajectory_display.h
[1196.139s] -- Installing: /home/kush/UR5_Project_New/install/moveit_ros_visualization/share/moveit_ros_visualization/icons
[1196.139s] -- Installing: /home/kush/UR5_Project_New/install/moveit_ros_visualization/share/moveit_ros_visualization/icons/classes
[1196.139s] -- Installing: /home/kush/UR5_Project_New/install/moveit_ros_visualization/share/moveit_ros_visualization/icons/classes/PlanningScene.png
[1196.152s] -- Installing: /home/kush/UR5_Project_New/install/moveit_ros_visualization/share/moveit_ros_visualization/icons/classes/RobotState.png
[1196.152s] -- Installing: /home/kush/UR5_Project_New/install/moveit_ros_visualization/share/moveit_ros_visualization/icons/classes/MotionPlanning.png
[1196.169s] -- Installing: /home/kush/UR5_Project_New/install/moveit_ros_visualization/share/moveit_ros_visualization/icons/classes/Trajectory.png
[1196.169s] -- Installing: /home/kush/UR5_Project_New/install/moveit_ros_visualization/share/moveit_ros_visualization/motion_planning_rviz_plugin_description.xml
[1196.170s] -- Installing: /home/kush/UR5_Project_New/install/moveit_ros_visualization/share/moveit_ros_visualization/trajectory_rviz_plugin_description.xml
[1196.182s] -- Installing: /home/kush/UR5_Project_New/install/moveit_ros_visualization/share/moveit_ros_visualization/planning_scene_rviz_plugin_description.xml
[1196.183s] -- Installing: /home/kush/UR5_Project_New/install/moveit_ros_visualization/share/moveit_ros_visualization/robot_state_rviz_plugin_description.xml
[1196.183s] -- Installing: /home/kush/UR5_Project_New/install/moveit_ros_visualization/lib/libmoveit_motion_planning_rviz_plugin.so.2.5.4
[1196.184s] -- Set runtime path of "/home/kush/UR5_Project_New/install/moveit_ros_visualization/lib/libmoveit_motion_planning_rviz_plugin.so.2.5.4" to ""
[1196.185s] -- Installing: /home/kush/UR5_Project_New/install/moveit_ros_visualization/lib/libmoveit_motion_planning_rviz_plugin.so
[1196.185s] -- Installing: /home/kush/UR5_Project_New/install/moveit_ros_visualization/lib/libmoveit_motion_planning_rviz_plugin_core.so.2.5.4
[1196.197s] -- Set runtime path of "/home/kush/UR5_Project_New/install/moveit_ros_visualization/lib/libmoveit_motion_planning_rviz_plugin_core.so.2.5.4" to ""
[1196.197s] -- Installing: /home/kush/UR5_Project_New/install/moveit_ros_visualization/lib/libmoveit_motion_planning_rviz_plugin_core.so
[1196.197s] -- Installing: /home/kush/UR5_Project_New/install/moveit_ros_visualization/lib/libmoveit_planning_scene_rviz_plugin.so.2.5.4
[1196.198s] -- Set runtime path of "/home/kush/UR5_Project_New/install/moveit_ros_visualization/lib/libmoveit_planning_scene_rviz_plugin.so.2.5.4" to ""
[1196.198s] -- Installing: /home/kush/UR5_Project_New/install/moveit_ros_visualization/lib/libmoveit_planning_scene_rviz_plugin.so
[1196.198s] -- Installing: /home/kush/UR5_Project_New/install/moveit_ros_visualization/lib/libmoveit_planning_scene_rviz_plugin_core.so.2.5.4
[1196.235s] -- Set runtime path of "/home/kush/UR5_Project_New/install/moveit_ros_visualization/lib/libmoveit_planning_scene_rviz_plugin_core.so.2.5.4" to ""
[1196.235s] -- Installing: /home/kush/UR5_Project_New/install/moveit_ros_visualization/lib/libmoveit_planning_scene_rviz_plugin_core.so
[1196.235s] -- Installing: /home/kush/UR5_Project_New/install/moveit_ros_visualization/lib/libmoveit_robot_state_rviz_plugin.so.2.5.4
[1196.244s] -- Set runtime path of "/home/kush/UR5_Project_New/install/moveit_ros_visualization/lib/libmoveit_robot_state_rviz_plugin.so.2.5.4" to ""
[1196.245s] -- Installing: /home/kush/UR5_Project_New/install/moveit_ros_visualization/lib/libmoveit_robot_state_rviz_plugin.so
[1196.245s] -- Installing: /home/kush/UR5_Project_New/install/moveit_ros_visualization/lib/libmoveit_robot_state_rviz_plugin_core.so.2.5.4
[1196.272s] -- Set runtime path of "/home/kush/UR5_Project_New/install/moveit_ros_visualization/lib/libmoveit_robot_state_rviz_plugin_core.so.2.5.4" to ""
[1196.272s] -- Installing: /home/kush/UR5_Project_New/install/moveit_ros_visualization/lib/libmoveit_robot_state_rviz_plugin_core.so
[1196.272s] -- Installing: /home/kush/UR5_Project_New/install/moveit_ros_visualization/lib/libmoveit_rviz_plugin_render_tools.so.2.5.4
[1196.304s] -- Set runtime path of "/home/kush/UR5_Project_New/install/moveit_ros_visualization/lib/libmoveit_rviz_plugin_render_tools.so.2.5.4" to ""
[1196.304s] -- Installing: /home/kush/UR5_Project_New/install/moveit_ros_visualization/lib/libmoveit_rviz_plugin_render_tools.so
[1196.305s] -- Installing: /home/kush/UR5_Project_New/install/moveit_ros_visualization/lib/libmoveit_trajectory_rviz_plugin.so.2.5.4
[1196.313s] -- Set runtime path of "/home/kush/UR5_Project_New/install/moveit_ros_visualization/lib/libmoveit_trajectory_rviz_plugin.so.2.5.4" to ""
[1196.313s] -- Installing: /home/kush/UR5_Project_New/install/moveit_ros_visualization/lib/libmoveit_trajectory_rviz_plugin.so
[1196.313s] -- Installing: /home/kush/UR5_Project_New/install/moveit_ros_visualization/lib/libmoveit_trajectory_rviz_plugin_core.so.2.5.4
[1196.329s] -- Set runtime path of "/home/kush/UR5_Project_New/install/moveit_ros_visualization/lib/libmoveit_trajectory_rviz_plugin_core.so.2.5.4" to ""
[1196.330s] -- Installing: /home/kush/UR5_Project_New/install/moveit_ros_visualization/lib/libmoveit_trajectory_rviz_plugin_core.so
[1196.330s] -- Installing: /home/kush/UR5_Project_New/install/moveit_ros_visualization/share/moveit_ros_visualization/environment/library_path.sh
[1196.330s] -- Installing: /home/kush/UR5_Project_New/install/moveit_ros_visualization/share/moveit_ros_visualization/environment/library_path.dsv
[1196.342s] -- Installing: /home/kush/UR5_Project_New/install/moveit_ros_visualization/share/ament_index/resource_index/package_run_dependencies/moveit_ros_visualization
[1196.343s] -- Installing: /home/kush/UR5_Project_New/install/moveit_ros_visualization/share/ament_index/resource_index/parent_prefix_path/moveit_ros_visualization
[1196.344s] -- Installing: /home/kush/UR5_Project_New/install/moveit_ros_visualization/share/moveit_ros_visualization/environment/ament_prefix_path.sh
[1196.344s] -- Installing: /home/kush/UR5_Project_New/install/moveit_ros_visualization/share/moveit_ros_visualization/environment/ament_prefix_path.dsv
[1196.345s] -- Installing: /home/kush/UR5_Project_New/install/moveit_ros_visualization/share/moveit_ros_visualization/environment/path.sh
[1196.346s] -- Installing: /home/kush/UR5_Project_New/install/moveit_ros_visualization/share/moveit_ros_visualization/environment/path.dsv
[1196.347s] -- Installing: /home/kush/UR5_Project_New/install/moveit_ros_visualization/share/moveit_ros_visualization/local_setup.bash
[1196.348s] -- Installing: /home/kush/UR5_Project_New/install/moveit_ros_visualization/share/moveit_ros_visualization/local_setup.sh
[1196.349s] -- Installing: /home/kush/UR5_Project_New/install/moveit_ros_visualization/share/moveit_ros_visualization/local_setup.zsh
[1196.349s] -- Installing: /home/kush/UR5_Project_New/install/moveit_ros_visualization/share/moveit_ros_visualization/local_setup.dsv
[1196.351s] -- Installing: /home/kush/UR5_Project_New/install/moveit_ros_visualization/share/moveit_ros_visualization/package.dsv
[1196.352s] -- Installing: /home/kush/UR5_Project_New/install/moveit_ros_visualization/share/ament_index/resource_index/packages/moveit_ros_visualization
[1196.352s] -- Installing: /home/kush/UR5_Project_New/install/moveit_ros_visualization/share/ament_index/resource_index/rviz_common__pluginlib__plugin/moveit_ros_visualization
[1196.353s] -- Installing: /home/kush/UR5_Project_New/install/moveit_ros_visualization/share/moveit_ros_visualization/cmake/export_moveit_ros_visualizationExport.cmake
[1196.354s] -- Installing: /home/kush/UR5_Project_New/install/moveit_ros_visualization/share/moveit_ros_visualization/cmake/export_moveit_ros_visualizationExport-release.cmake
[1196.354s] -- Installing: /home/kush/UR5_Project_New/install/moveit_ros_visualization/share/moveit_ros_visualization/cmake/ConfigExtras.cmake
[1196.368s] -- Installing: /home/kush/UR5_Project_New/install/moveit_ros_visualization/share/moveit_ros_visualization/cmake/ament_cmake_export_targets-extras.cmake
[1196.369s] -- Installing: /home/kush/UR5_Project_New/install/moveit_ros_visualization/share/moveit_ros_visualization/cmake/ament_cmake_export_dependencies-extras.cmake
[1196.369s] -- Installing: /home/kush/UR5_Project_New/install/moveit_ros_visualization/share/moveit_ros_visualization/cmake/moveit_ros_visualizationConfig.cmake
[1196.370s] -- Installing: /home/kush/UR5_Project_New/install/moveit_ros_visualization/share/moveit_ros_visualization/cmake/moveit_ros_visualizationConfig-version.cmake
[1196.370s] -- Installing: /home/kush/UR5_Project_New/install/moveit_ros_visualization/share/moveit_ros_visualization/package.xml
[1196.380s] Invoked command in '/home/kush/UR5_Project_New/build/moveit_ros_visualization' returned '0': AMENT_PREFIX_PATH=/home/kush/UR5_Project_New/install/moveit_ros_planning_interface:/home/kush/UR5_Project_New/install/moveit_ros_move_group:/home/kush/UR5_Project_New/install/moveit_ros_warehouse:/home/kush/UR5_Project_New/install/moveit_ros_robot_interaction:/home/kush/UR5_Project_New/install/moveit_kinematics:/home/kush/UR5_Project_New/install/moveit_ros_planning:/home/kush/UR5_Project_New/install/moveit_ros_occupancy_map_monitor:/home/kush/UR5_Project_New/install/moveit_core:/home/kush/UR5_Project_New/install/srdfdom:/home/kush/UR5_Project_New/install/moveit_common:${AMENT_PREFIX_PATH} CMAKE_PREFIX_PATH=/home/kush/UR5_Project_New/install/moveit_ros_planning_interface:/home/kush/UR5_Project_New/install/moveit_ros_move_group:/home/kush/UR5_Project_New/install/moveit_ros_warehouse:/home/kush/UR5_Project_New/install/moveit_ros_robot_interaction:/home/kush/UR5_Project_New/install/moveit_kinematics:/home/kush/UR5_Project_New/install/moveit_ros_planning:/home/kush/UR5_Project_New/install/moveit_ros_occupancy_map_monitor:/home/kush/UR5_Project_New/install/moveit_core:/home/kush/UR5_Project_New/install/srdfdom:/home/kush/UR5_Project_New/install/moveit_common:/opt/ros/humble LD_LIBRARY_PATH=/home/kush/UR5_Project_New/install/moveit_ros_planning_interface/lib:/home/kush/UR5_Project_New/install/moveit_ros_move_group/lib:/home/kush/UR5_Project_New/install/moveit_ros_warehouse/lib:/home/kush/UR5_Project_New/install/moveit_ros_robot_interaction/lib:/home/kush/UR5_Project_New/install/moveit_kinematics/lib:/home/kush/UR5_Project_New/install/moveit_ros_planning/lib:/home/kush/UR5_Project_New/install/moveit_ros_occupancy_map_monitor/lib:/home/kush/UR5_Project_New/install/moveit_core/lib:/home/kush/UR5_Project_New/install/srdfdom/lib:${LD_LIBRARY_PATH} PATH=/home/kush/UR5_Project_New/install/moveit_core/bin:${PATH} PYTHONPATH=/home/kush/UR5_Project_New/install/srdfdom/local/lib/python3.10/dist-packages:${PYTHONPATH} /usr/bin/cmake --install /home/kush/UR5_Project_New/build/moveit_ros_visualization
