[0.124s] Invoking command in '/home/kush/UR5_Project_New/build/ur_bringup': AMENT_PREFIX_PATH=/home/kush/UR5_Project_New/install/ur_controllers:/home/kush/UR5_Project_New/install/ur_description:/home/kush/UR5_Project_New/install/ur_dashboard_msgs:${AMENT_PREFIX_PATH} CMAKE_PREFIX_PATH=/home/kush/UR5_Project_New/install/ur_controllers:/home/kush/UR5_Project_New/install/ur_description:/home/kush/UR5_Project_New/install/ur_dashboard_msgs:/opt/ros/humble LD_LIBRARY_PATH=/home/kush/UR5_Project_New/install/ur_controllers/lib:/home/kush/UR5_Project_New/install/ur_dashboard_msgs/lib:${LD_LIBRARY_PATH} PYTHONPATH=/home/kush/UR5_Project_New/install/ur_dashboard_msgs/local/lib/python3.10/dist-packages:${PYTHONPATH} /usr/bin/cmake /home/kush/UR5_Project_New/src/Universal_Robots_ROS2_Driver/ur_bringup -DCMAKE_INSTALL_PREFIX=/home/kush/UR5_Project_New/install/ur_bringup
[0.201s] -- Found ament_cmake: 1.3.5 (/opt/ros/humble/share/ament_cmake/cmake)
[0.777s] -- Configuring done
[0.796s] -- Generating done
[0.798s] -- Build files have been written to: /home/kush/UR5_Project_New/build/ur_bringup
[0.807s] Invoked command in '/home/kush/UR5_Project_New/build/ur_bringup' returned '0': AMENT_PREFIX_PATH=/home/kush/UR5_Project_New/install/ur_controllers:/home/kush/UR5_Project_New/install/ur_description:/home/kush/UR5_Project_New/install/ur_dashboard_msgs:${AMENT_PREFIX_PATH} CMAKE_PREFIX_PATH=/home/kush/UR5_Project_New/install/ur_controllers:/home/kush/UR5_Project_New/install/ur_description:/home/kush/UR5_Project_New/install/ur_dashboard_msgs:/opt/ros/humble LD_LIBRARY_PATH=/home/kush/UR5_Project_New/install/ur_controllers/lib:/home/kush/UR5_Project_New/install/ur_dashboard_msgs/lib:${LD_LIBRARY_PATH} PYTHONPATH=/home/kush/UR5_Project_New/install/ur_dashboard_msgs/local/lib/python3.10/dist-packages:${PYTHONPATH} /usr/bin/cmake /home/kush/UR5_Project_New/src/Universal_Robots_ROS2_Driver/ur_bringup -DCMAKE_INSTALL_PREFIX=/home/kush/UR5_Project_New/install/ur_bringup
[0.808s] Invoking command in '/home/kush/UR5_Project_New/build/ur_bringup': AMENT_PREFIX_PATH=/home/kush/UR5_Project_New/install/ur_controllers:/home/kush/UR5_Project_New/install/ur_description:/home/kush/UR5_Project_New/install/ur_dashboard_msgs:${AMENT_PREFIX_PATH} CMAKE_PREFIX_PATH=/home/kush/UR5_Project_New/install/ur_controllers:/home/kush/UR5_Project_New/install/ur_description:/home/kush/UR5_Project_New/install/ur_dashboard_msgs:/opt/ros/humble LD_LIBRARY_PATH=/home/kush/UR5_Project_New/install/ur_controllers/lib:/home/kush/UR5_Project_New/install/ur_dashboard_msgs/lib:${LD_LIBRARY_PATH} PYTHONPATH=/home/kush/UR5_Project_New/install/ur_dashboard_msgs/local/lib/python3.10/dist-packages:${PYTHONPATH} /usr/bin/cmake --build /home/kush/UR5_Project_New/build/ur_bringup -- -j4 -l4
[0.892s] Invoked command in '/home/kush/UR5_Project_New/build/ur_bringup' returned '0': AMENT_PREFIX_PATH=/home/kush/UR5_Project_New/install/ur_controllers:/home/kush/UR5_Project_New/install/ur_description:/home/kush/UR5_Project_New/install/ur_dashboard_msgs:${AMENT_PREFIX_PATH} CMAKE_PREFIX_PATH=/home/kush/UR5_Project_New/install/ur_controllers:/home/kush/UR5_Project_New/install/ur_description:/home/kush/UR5_Project_New/install/ur_dashboard_msgs:/opt/ros/humble LD_LIBRARY_PATH=/home/kush/UR5_Project_New/install/ur_controllers/lib:/home/kush/UR5_Project_New/install/ur_dashboard_msgs/lib:${LD_LIBRARY_PATH} PYTHONPATH=/home/kush/UR5_Project_New/install/ur_dashboard_msgs/local/lib/python3.10/dist-packages:${PYTHONPATH} /usr/bin/cmake --build /home/kush/UR5_Project_New/build/ur_bringup -- -j4 -l4
[0.944s] Invoking command in '/home/kush/UR5_Project_New/build/ur_bringup': AMENT_PREFIX_PATH=/home/kush/UR5_Project_New/install/ur_controllers:/home/kush/UR5_Project_New/install/ur_description:/home/kush/UR5_Project_New/install/ur_dashboard_msgs:${AMENT_PREFIX_PATH} CMAKE_PREFIX_PATH=/home/kush/UR5_Project_New/install/ur_controllers:/home/kush/UR5_Project_New/install/ur_description:/home/kush/UR5_Project_New/install/ur_dashboard_msgs:/opt/ros/humble LD_LIBRARY_PATH=/home/kush/UR5_Project_New/install/ur_controllers/lib:/home/kush/UR5_Project_New/install/ur_dashboard_msgs/lib:${LD_LIBRARY_PATH} PYTHONPATH=/home/kush/UR5_Project_New/install/ur_dashboard_msgs/local/lib/python3.10/dist-packages:${PYTHONPATH} /usr/bin/cmake --install /home/kush/UR5_Project_New/build/ur_bringup
[0.961s] -- Install configuration: "Release"
[0.961s] -- Up-to-date: /home/kush/UR5_Project_New/install/ur_bringup/share/ur_bringup/config
[0.962s] -- Up-to-date: /home/kush/UR5_Project_New/install/ur_bringup/share/ur_bringup/config/ur_controllers.yaml
[0.962s] -- Up-to-date: /home/kush/UR5_Project_New/install/ur_bringup/share/ur_bringup/config/ur3_update_rate.yaml
[0.962s] -- Up-to-date: /home/kush/UR5_Project_New/install/ur_bringup/share/ur_bringup/config/test_velocity_goal_publishers_config.yaml
[0.963s] -- Up-to-date: /home/kush/UR5_Project_New/install/ur_bringup/share/ur_bringup/config/ur5e_update_rate.yaml
[0.963s] -- Up-to-date: /home/kush/UR5_Project_New/install/ur_bringup/share/ur_bringup/config/test_goal_publishers_config.yaml
[0.963s] -- Up-to-date: /home/kush/UR5_Project_New/install/ur_bringup/share/ur_bringup/config/ur10_update_rate.yaml
[0.963s] -- Up-to-date: /home/kush/UR5_Project_New/install/ur_bringup/share/ur_bringup/config/ur16e_update_rate.yaml
[0.964s] -- Up-to-date: /home/kush/UR5_Project_New/install/ur_bringup/share/ur_bringup/config/ur10e_update_rate.yaml
[0.964s] -- Up-to-date: /home/kush/UR5_Project_New/install/ur_bringup/share/ur_bringup/config/ur5_update_rate.yaml
[0.964s] -- Up-to-date: /home/kush/UR5_Project_New/install/ur_bringup/share/ur_bringup/config/ur3e_update_rate.yaml
[0.964s] -- Up-to-date: /home/kush/UR5_Project_New/install/ur_bringup/share/ur_bringup/launch
[0.965s] -- Up-to-date: /home/kush/UR5_Project_New/install/ur_bringup/share/ur_bringup/launch/test_joint_trajectory_controller.launch.py
[0.965s] -- Up-to-date: /home/kush/UR5_Project_New/install/ur_bringup/share/ur_bringup/launch/ur10e.launch.py
[0.965s] -- Up-to-date: /home/kush/UR5_Project_New/install/ur_bringup/share/ur_bringup/launch/ur5e.launch.py
[0.966s] -- Up-to-date: /home/kush/UR5_Project_New/install/ur_bringup/share/ur_bringup/launch/test_scaled_joint_trajectory_controller.launch.py
[0.966s] -- Up-to-date: /home/kush/UR5_Project_New/install/ur_bringup/share/ur_bringup/launch/ur_control.launch.py
[0.966s] -- Up-to-date: /home/kush/UR5_Project_New/install/ur_bringup/share/ur_bringup/launch/ur3.launch.py
[0.967s] -- Up-to-date: /home/kush/UR5_Project_New/install/ur_bringup/share/ur_bringup/launch/ur16e.launch.py
[0.967s] -- Up-to-date: /home/kush/UR5_Project_New/install/ur_bringup/share/ur_bringup/launch/ur3e.launch.py
[0.967s] -- Up-to-date: /home/kush/UR5_Project_New/install/ur_bringup/share/ur_bringup/launch/test_forward_velocity_controller.launch.py
[0.967s] -- Up-to-date: /home/kush/UR5_Project_New/install/ur_bringup/share/ur_bringup/launch/ur5.launch.py
[0.968s] -- Up-to-date: /home/kush/UR5_Project_New/install/ur_bringup/share/ur_bringup/launch/ur10.launch.py
[0.968s] -- Up-to-date: /home/kush/UR5_Project_New/install/ur_bringup/share/ur_bringup/launch/ur_dashboard_client.launch.py
[0.968s] -- Up-to-date: /home/kush/UR5_Project_New/install/ur_bringup/lib/ur_bringup/start_ursim.sh
[0.969s] -- Up-to-date: /home/kush/UR5_Project_New/install/ur_bringup/share/ament_index/resource_index/package_run_dependencies/ur_bringup
[0.969s] -- Installing: /home/kush/UR5_Project_New/install/ur_bringup/share/ament_index/resource_index/parent_prefix_path/ur_bringup
[0.970s] -- Up-to-date: /home/kush/UR5_Project_New/install/ur_bringup/share/ur_bringup/environment/ament_prefix_path.sh
[0.970s] -- Installing: /home/kush/UR5_Project_New/install/ur_bringup/share/ur_bringup/environment/ament_prefix_path.dsv
[0.973s] -- Up-to-date: /home/kush/UR5_Project_New/install/ur_bringup/share/ur_bringup/environment/path.sh
[0.974s] -- Installing: /home/kush/UR5_Project_New/install/ur_bringup/share/ur_bringup/environment/path.dsv
[0.974s] -- Up-to-date: /home/kush/UR5_Project_New/install/ur_bringup/share/ur_bringup/local_setup.bash
[0.974s] -- Up-to-date: /home/kush/UR5_Project_New/install/ur_bringup/share/ur_bringup/local_setup.sh
[0.974s] -- Up-to-date: /home/kush/UR5_Project_New/install/ur_bringup/share/ur_bringup/local_setup.zsh
[0.974s] -- Installing: /home/kush/UR5_Project_New/install/ur_bringup/share/ur_bringup/local_setup.dsv
[0.974s] -- Installing: /home/kush/UR5_Project_New/install/ur_bringup/share/ur_bringup/package.dsv
[0.975s] -- Up-to-date: /home/kush/UR5_Project_New/install/ur_bringup/share/ament_index/resource_index/packages/ur_bringup
[0.975s] -- Up-to-date: /home/kush/UR5_Project_New/install/ur_bringup/share/ur_bringup/cmake/ur_bringupConfig.cmake
[0.975s] -- Up-to-date: /home/kush/UR5_Project_New/install/ur_bringup/share/ur_bringup/cmake/ur_bringupConfig-version.cmake
[0.975s] -- Up-to-date: /home/kush/UR5_Project_New/install/ur_bringup/share/ur_bringup/package.xml
[0.979s] Invoked command in '/home/kush/UR5_Project_New/build/ur_bringup' returned '0': AMENT_PREFIX_PATH=/home/kush/UR5_Project_New/install/ur_controllers:/home/kush/UR5_Project_New/install/ur_description:/home/kush/UR5_Project_New/install/ur_dashboard_msgs:${AMENT_PREFIX_PATH} CMAKE_PREFIX_PATH=/home/kush/UR5_Project_New/install/ur_controllers:/home/kush/UR5_Project_New/install/ur_description:/home/kush/UR5_Project_New/install/ur_dashboard_msgs:/opt/ros/humble LD_LIBRARY_PATH=/home/kush/UR5_Project_New/install/ur_controllers/lib:/home/kush/UR5_Project_New/install/ur_dashboard_msgs/lib:${LD_LIBRARY_PATH} PYTHONPATH=/home/kush/UR5_Project_New/install/ur_dashboard_msgs/local/lib/python3.10/dist-packages:${PYTHONPATH} /usr/bin/cmake --install /home/kush/UR5_Project_New/build/ur_bringup
