[0.069s] Invoking command in '/home/kush/UR5_Project_New/build/moveit_resources_fanuc_description': CMAKE_PREFIX_PATH=/opt/ros/humble /usr/bin/cmake /home/kush/UR5_Project_New/src/moveit_resources/fanuc_description -DCMAKE_INSTALL_PREFIX=/home/kush/UR5_Project_New/install/moveit_resources_fanuc_description
[0.121s] -- Found ament_cmake: 1.3.5 (/opt/ros/humble/share/ament_cmake/cmake)
[0.916s] -- Configuring done
[1.020s] -- Generating done
[1.059s] -- Build files have been written to: /home/kush/UR5_Project_New/build/moveit_resources_fanuc_description
[1.086s] Invoked command in '/home/kush/UR5_Project_New/build/moveit_resources_fanuc_description' returned '0': CMAKE_PREFIX_PATH=/opt/ros/humble /usr/bin/cmake /home/kush/UR5_Project_New/src/moveit_resources/fanuc_description -DCMAKE_INSTALL_PREFIX=/home/kush/UR5_Project_New/install/moveit_resources_fanuc_description
[1.089s] Invoking command in '/home/kush/UR5_Project_New/build/moveit_resources_fanuc_description': CMAKE_PREFIX_PATH=/opt/ros/humble /usr/bin/cmake --build /home/kush/UR5_Project_New/build/moveit_resources_fanuc_description -- -j4 -l4
[1.154s] Invoked command in '/home/kush/UR5_Project_New/build/moveit_resources_fanuc_description' returned '0': CMAKE_PREFIX_PATH=/opt/ros/humble /usr/bin/cmake --build /home/kush/UR5_Project_New/build/moveit_resources_fanuc_description -- -j4 -l4
[1.186s] Invoking command in '/home/kush/UR5_Project_New/build/moveit_resources_fanuc_description': CMAKE_PREFIX_PATH=/opt/ros/humble /usr/bin/cmake --install /home/kush/UR5_Project_New/build/moveit_resources_fanuc_description
[1.198s] -- Install configuration: "Release"
[1.198s] -- Up-to-date: /home/kush/UR5_Project_New/install/moveit_resources_fanuc_description/share/ament_index/resource_index/package_run_dependencies/moveit_resources_fanuc_description
[1.199s] -- Installing: /home/kush/UR5_Project_New/install/moveit_resources_fanuc_description/share/ament_index/resource_index/parent_prefix_path/moveit_resources_fanuc_description
[1.199s] -- Up-to-date: /home/kush/UR5_Project_New/install/moveit_resources_fanuc_description/share/moveit_resources_fanuc_description/environment/ament_prefix_path.sh
[1.199s] -- Installing: /home/kush/UR5_Project_New/install/moveit_resources_fanuc_description/share/moveit_resources_fanuc_description/environment/ament_prefix_path.dsv
[1.199s] -- Up-to-date: /home/kush/UR5_Project_New/install/moveit_resources_fanuc_description/share/moveit_resources_fanuc_description/environment/path.sh
[1.199s] -- Installing: /home/kush/UR5_Project_New/install/moveit_resources_fanuc_description/share/moveit_resources_fanuc_description/environment/path.dsv
[1.199s] -- Up-to-date: /home/kush/UR5_Project_New/install/moveit_resources_fanuc_description/share/moveit_resources_fanuc_description/local_setup.bash
[1.200s] -- Up-to-date: /home/kush/UR5_Project_New/install/moveit_resources_fanuc_description/share/moveit_resources_fanuc_description/local_setup.sh
[1.200s] -- Up-to-date: /home/kush/UR5_Project_New/install/moveit_resources_fanuc_description/share/moveit_resources_fanuc_description/local_setup.zsh
[1.201s] -- Installing: /home/kush/UR5_Project_New/install/moveit_resources_fanuc_description/share/moveit_resources_fanuc_description/local_setup.dsv
[1.201s] -- Installing: /home/kush/UR5_Project_New/install/moveit_resources_fanuc_description/share/moveit_resources_fanuc_description/package.dsv
[1.201s] -- Up-to-date: /home/kush/UR5_Project_New/install/moveit_resources_fanuc_description/share/ament_index/resource_index/packages/moveit_resources_fanuc_description
[1.201s] -- Up-to-date: /home/kush/UR5_Project_New/install/moveit_resources_fanuc_description/share/moveit_resources_fanuc_description/cmake/moveit_resources_fanuc_descriptionConfig.cmake
[1.202s] -- Up-to-date: /home/kush/UR5_Project_New/install/moveit_resources_fanuc_description/share/moveit_resources_fanuc_description/cmake/moveit_resources_fanuc_descriptionConfig-version.cmake
[1.202s] -- Up-to-date: /home/kush/UR5_Project_New/install/moveit_resources_fanuc_description/share/moveit_resources_fanuc_description/package.xml
[1.202s] -- Up-to-date: /home/kush/UR5_Project_New/install/moveit_resources_fanuc_description/share/moveit_resources_fanuc_description/meshes
[1.202s] -- Up-to-date: /home/kush/UR5_Project_New/install/moveit_resources_fanuc_description/share/moveit_resources_fanuc_description/meshes/visual
[1.202s] -- Up-to-date: /home/kush/UR5_Project_New/install/moveit_resources_fanuc_description/share/moveit_resources_fanuc_description/meshes/visual/link_2.stl
[1.202s] -- Up-to-date: /home/kush/UR5_Project_New/install/moveit_resources_fanuc_description/share/moveit_resources_fanuc_description/meshes/visual/link_5.stl
[1.203s] -- Up-to-date: /home/kush/UR5_Project_New/install/moveit_resources_fanuc_description/share/moveit_resources_fanuc_description/meshes/visual/link_6.stl
[1.203s] -- Up-to-date: /home/kush/UR5_Project_New/install/moveit_resources_fanuc_description/share/moveit_resources_fanuc_description/meshes/visual/link_4.stl
[1.203s] -- Up-to-date: /home/kush/UR5_Project_New/install/moveit_resources_fanuc_description/share/moveit_resources_fanuc_description/meshes/visual/base_link.stl
[1.203s] -- Up-to-date: /home/kush/UR5_Project_New/install/moveit_resources_fanuc_description/share/moveit_resources_fanuc_description/meshes/visual/link_1.stl
[1.204s] -- Up-to-date: /home/kush/UR5_Project_New/install/moveit_resources_fanuc_description/share/moveit_resources_fanuc_description/meshes/visual/link_3.stl
[1.204s] -- Up-to-date: /home/kush/UR5_Project_New/install/moveit_resources_fanuc_description/share/moveit_resources_fanuc_description/meshes/collision
[1.204s] -- Up-to-date: /home/kush/UR5_Project_New/install/moveit_resources_fanuc_description/share/moveit_resources_fanuc_description/meshes/collision/link_2.stl
[1.204s] -- Up-to-date: /home/kush/UR5_Project_New/install/moveit_resources_fanuc_description/share/moveit_resources_fanuc_description/meshes/collision/link_5.stl
[1.204s] -- Up-to-date: /home/kush/UR5_Project_New/install/moveit_resources_fanuc_description/share/moveit_resources_fanuc_description/meshes/collision/link_6.stl
[1.204s] -- Up-to-date: /home/kush/UR5_Project_New/install/moveit_resources_fanuc_description/share/moveit_resources_fanuc_description/meshes/collision/link_4.stl
[1.205s] -- Up-to-date: /home/kush/UR5_Project_New/install/moveit_resources_fanuc_description/share/moveit_resources_fanuc_description/meshes/collision/base_link.stl
[1.205s] -- Up-to-date: /home/kush/UR5_Project_New/install/moveit_resources_fanuc_description/share/moveit_resources_fanuc_description/meshes/collision/link_1.stl
[1.205s] -- Up-to-date: /home/kush/UR5_Project_New/install/moveit_resources_fanuc_description/share/moveit_resources_fanuc_description/meshes/collision/link_3.stl
[1.205s] -- Up-to-date: /home/kush/UR5_Project_New/install/moveit_resources_fanuc_description/share/moveit_resources_fanuc_description/urdf
[1.205s] -- Up-to-date: /home/kush/UR5_Project_New/install/moveit_resources_fanuc_description/share/moveit_resources_fanuc_description/urdf/fanuc.urdf
[1.212s] Invoked command in '/home/kush/UR5_Project_New/build/moveit_resources_fanuc_description' returned '0': CMAKE_PREFIX_PATH=/opt/ros/humble /usr/bin/cmake --install /home/kush/UR5_Project_New/build/moveit_resources_fanuc_description
