[0.182s] Invoking command in '/home/kush/UR5_Project_New/build/moveit_kinematics': AMENT_PREFIX_PATH=/home/kush/UR5_Project_New/install/moveit_ros_planning:/home/kush/UR5_Project_New/install/moveit_ros_occupancy_map_monitor:/home/kush/UR5_Project_New/install/moveit_core:/home/kush/UR5_Project_New/install/moveit_resources_panda_moveit_config:/home/kush/UR5_Project_New/install/moveit_resources_fanuc_moveit_config:/home/kush/UR5_Project_New/install/moveit_configs_utils:/home/kush/UR5_Project_New/install/srdfdom:/home/kush/UR5_Project_New/install/moveit_resources_panda_description:/home/kush/UR5_Project_New/install/moveit_resources_fanuc_description:/home/kush/UR5_Project_New/install/moveit_common:/home/kush/UR5_Project_New/install/launch_param_builder:${AMENT_PREFIX_PATH} CMAKE_PREFIX_PATH=/home/kush/UR5_Project_New/install/moveit_ros_planning:/home/kush/UR5_Project_New/install/moveit_ros_occupancy_map_monitor:/home/kush/UR5_Project_New/install/moveit_core:/home/kush/UR5_Project_New/install/moveit_resources_panda_moveit_config:/home/kush/UR5_Project_New/install/moveit_resources_fanuc_moveit_config:/home/kush/UR5_Project_New/install/srdfdom:/home/kush/UR5_Project_New/install/moveit_resources_panda_description:/home/kush/UR5_Project_New/install/moveit_resources_fanuc_description:/home/kush/UR5_Project_New/install/moveit_common:/opt/ros/humble LD_LIBRARY_PATH=/home/kush/UR5_Project_New/install/moveit_ros_planning/lib:/home/kush/UR5_Project_New/install/moveit_ros_occupancy_map_monitor/lib:/home/kush/UR5_Project_New/install/moveit_core/lib:/home/kush/UR5_Project_New/install/srdfdom/lib:${LD_LIBRARY_PATH} PATH=/home/kush/UR5_Project_New/install/moveit_core/bin:${PATH} PYTHONPATH=/home/kush/UR5_Project_New/install/moveit_configs_utils/lib/python3.10/site-packages:/home/kush/UR5_Project_New/install/srdfdom/local/lib/python3.10/dist-packages:/home/kush/UR5_Project_New/install/launch_param_builder/lib/python3.10/site-packages:${PYTHONPATH} /usr/bin/cmake /home/kush/UR5_Project_New/src/moveit2/moveit_kinematics -DCMAKE_INSTALL_PREFIX=/home/kush/UR5_Project_New/install/moveit_kinematics
[0.239s] -- Found moveit_common: 2.5.4 (/home/kush/UR5_Project_New/install/moveit_common/share/moveit_common/cmake)
[0.239s] -- Found ament_cmake: 1.3.5 (/opt/ros/humble/share/ament_cmake/cmake)
[1.065s] -- Could NOT find libbfd (missing: LIBBFD_LIBRARY LIBBFD_INCLUDE_DIR) 
[1.065s] -- BACKWARD_HAS_UNWIND=1
[1.066s] -- BACKWARD_HAS_BACKTRACE=0
[1.066s] -- BACKWARD_HAS_BACKTRACE_SYMBOL=0
[1.066s] -- BACKWARD_HAS_DW=1
[1.067s] -- BACKWARD_HAS_BFD=0
[1.069s] -- Found Backward: /opt/ros/humble/share/backward_ros/cmake  
[1.079s] -- Found tf2_kdl: 0.25.3 (/opt/ros/humble/share/tf2_kdl/cmake)
[1.146s] -- Found rosidl_generator_c: 3.1.5 (/opt/ros/humble/share/rosidl_generator_c/cmake)
[1.159s] -- Found rosidl_adapter: 3.1.5 (/opt/ros/humble/share/rosidl_adapter/cmake)
[1.194s] -- Found rosidl_generator_cpp: 3.1.5 (/opt/ros/humble/share/rosidl_generator_cpp/cmake)
[1.236s] -- Using all available rosidl_typesupport_c: rosidl_typesupport_fastrtps_c;rosidl_typesupport_introspection_c
[1.286s] -- Using all available rosidl_typesupport_cpp: rosidl_typesupport_fastrtps_cpp;rosidl_typesupport_introspection_cpp
[1.717s] -- Found eigen3_cmake_module: 0.1.1 (/opt/ros/humble/share/eigen3_cmake_module/cmake)
[1.727s] -- Ensuring Eigen3 include directory is part of orocos-kdl CMake target
[2.160s] -- Found rmw_implementation_cmake: 6.1.1 (/opt/ros/humble/share/rmw_implementation_cmake/cmake)
[2.167s] -- Found rmw_fastrtps_cpp: 6.2.3 (/opt/ros/humble/share/rmw_fastrtps_cpp/cmake)
[2.811s] -- Using RMW implementation 'rmw_fastrtps_cpp' as default
[4.456s] -- Found kdl_parser: 2.6.4 (/opt/ros/humble/share/kdl_parser/cmake)
[4.462s] -- Found random_numbers: 2.0.1 (/opt/ros/humble/share/random_numbers/cmake)
[4.495s] -- Found pluginlib: 5.1.0 (/opt/ros/humble/share/pluginlib/cmake)
[4.569s] -- Found moveit_core: 2.5.4 (/home/kush/UR5_Project_New/install/moveit_core/share/moveit_core/cmake)
[4.625s] -- Found Boost: /usr/lib/x86_64-linux-gnu/cmake/Boost-1.74.0/BoostConfig.cmake (found version "1.74.0") found components: chrono date_time filesystem iostreams program_options regex serialization system thread 
[4.646s] -- Found parameter_traits: 0.3.3 (/opt/ros/humble/share/parameter_traits/cmake)
[4.711s] -- Found rclcpp_lifecycle: 16.0.5 (/opt/ros/humble/share/rclcpp_lifecycle/cmake)
[4.886s] -- Found Boost: /usr/lib/x86_64-linux-gnu/cmake/Boost-1.74.0/BoostConfig.cmake (found version "1.74.0") found components: filesystem 
[5.041s] -- library: /usr/lib/x86_64-linux-gnu/libcurl.so
[8.677s] -- Found moveit_ros_planning: 2.5.4 (/home/kush/UR5_Project_New/install/moveit_ros_planning/share/moveit_ros_planning/cmake)
[8.703s] -- Found Boost: /usr/lib/x86_64-linux-gnu/cmake/Boost-1.74.0/BoostConfig.cmake (found version "1.74.0") found components: system filesystem date_time program_options thread chrono 
[10.421s] -- Found Boost: /usr/lib/x86_64-linux-gnu/cmake/Boost-1.74.0/BoostConfig.cmake (found version "1.74.0") found components: program_options system 
[10.682s] -- Found ament_cmake_gtest: 1.3.5 (/opt/ros/humble/share/ament_cmake_gtest/cmake)
[10.685s] -- Found ros_testing: 0.4.0 (/opt/ros/humble/share/ros_testing/cmake)
[10.687s] -- Found launch_testing_ament_cmake: 1.0.4 (/opt/ros/humble/share/launch_testing_ament_cmake/cmake)
[10.689s] -- Found python_cmake_module: 0.10.0 (/opt/ros/humble/share/python_cmake_module/cmake)
[10.839s] -- Using PYTHON_EXECUTABLE: /usr/bin/python3
[10.840s] -- Using PYTHON_INCLUDE_DIRS: /usr/include/python3.10
[10.840s] -- Using PYTHON_LIBRARIES: /usr/lib/x86_64-linux-gnu/libpython3.10.so
[10.861s] -- Found moveit_resources_fanuc_description: 2.0.6 (/home/kush/UR5_Project_New/install/moveit_resources_fanuc_description/share/moveit_resources_fanuc_description/cmake)
[10.883s] -- Found moveit_resources_fanuc_moveit_config: 2.0.6 (/home/kush/UR5_Project_New/install/moveit_resources_fanuc_moveit_config/share/moveit_resources_fanuc_moveit_config/cmake)
[10.899s] -- Found moveit_resources_panda_description: 2.0.6 (/home/kush/UR5_Project_New/install/moveit_resources_panda_description/share/moveit_resources_panda_description/cmake)
[10.899s] -- Found moveit_resources_panda_moveit_config: 2.0.6 (/home/kush/UR5_Project_New/install/moveit_resources_panda_moveit_config/share/moveit_resources_panda_moveit_config/cmake)
[10.900s] -- Found gtest sources under '/opt/ros/humble/src/gtest_vendor': C++ tests using 'Google Test' will be built
[10.970s] -- Found ament_lint_auto: 0.12.7 (/opt/ros/humble/share/ament_lint_auto/cmake)
[10.993s] -- Found launch_testing_ament_cmake: 1.0.4 (/opt/ros/humble/share/launch_testing_ament_cmake/cmake)
[10.995s] -- Found python_cmake_module: 0.10.0 (/opt/ros/humble/share/python_cmake_module/cmake)
[11.061s] -- Using PYTHON_EXECUTABLE: /usr/bin/python3
[11.061s] -- Using PYTHON_INCLUDE_DIRS: /usr/include/python3.10
[11.062s] -- Using PYTHON_LIBRARIES: /usr/lib/x86_64-linux-gnu/libpython3.10.so
[11.210s] -- Added test 'cppcheck' to perform static code analysis on C / C++ code
[11.210s] -- Configured cppcheck include dirs: /home/kush/UR5_Project_New/src/moveit2/moveit_kinematics/kdl_kinematics_plugin/include;/home/kush/UR5_Project_New/src/moveit2/moveit_kinematics/lma_kinematics_plugin/include;/home/kush/UR5_Project_New/src/moveit2/moveit_kinematics/srv_kinematics_plugin/include;/home/kush/UR5_Project_New/src/moveit2/moveit_kinematics/cached_ik_kinematics_plugin/include
[11.211s] -- Configured cppcheck exclude dirs and/or files: 
[11.214s] -- Added test 'lint_cmake' to check CMake code style
[11.245s] -- Configuring done
[11.969s] -- Generating done
[11.980s] -- Build files have been written to: /home/kush/UR5_Project_New/build/moveit_kinematics
[12.033s] Invoked command in '/home/kush/UR5_Project_New/build/moveit_kinematics' returned '0': AMENT_PREFIX_PATH=/home/kush/UR5_Project_New/install/moveit_ros_planning:/home/kush/UR5_Project_New/install/moveit_ros_occupancy_map_monitor:/home/kush/UR5_Project_New/install/moveit_core:/home/kush/UR5_Project_New/install/moveit_resources_panda_moveit_config:/home/kush/UR5_Project_New/install/moveit_resources_fanuc_moveit_config:/home/kush/UR5_Project_New/install/moveit_configs_utils:/home/kush/UR5_Project_New/install/srdfdom:/home/kush/UR5_Project_New/install/moveit_resources_panda_description:/home/kush/UR5_Project_New/install/moveit_resources_fanuc_description:/home/kush/UR5_Project_New/install/moveit_common:/home/kush/UR5_Project_New/install/launch_param_builder:${AMENT_PREFIX_PATH} CMAKE_PREFIX_PATH=/home/kush/UR5_Project_New/install/moveit_ros_planning:/home/kush/UR5_Project_New/install/moveit_ros_occupancy_map_monitor:/home/kush/UR5_Project_New/install/moveit_core:/home/kush/UR5_Project_New/install/moveit_resources_panda_moveit_config:/home/kush/UR5_Project_New/install/moveit_resources_fanuc_moveit_config:/home/kush/UR5_Project_New/install/srdfdom:/home/kush/UR5_Project_New/install/moveit_resources_panda_description:/home/kush/UR5_Project_New/install/moveit_resources_fanuc_description:/home/kush/UR5_Project_New/install/moveit_common:/opt/ros/humble LD_LIBRARY_PATH=/home/kush/UR5_Project_New/install/moveit_ros_planning/lib:/home/kush/UR5_Project_New/install/moveit_ros_occupancy_map_monitor/lib:/home/kush/UR5_Project_New/install/moveit_core/lib:/home/kush/UR5_Project_New/install/srdfdom/lib:${LD_LIBRARY_PATH} PATH=/home/kush/UR5_Project_New/install/moveit_core/bin:${PATH} PYTHONPATH=/home/kush/UR5_Project_New/install/moveit_configs_utils/lib/python3.10/site-packages:/home/kush/UR5_Project_New/install/srdfdom/local/lib/python3.10/dist-packages:/home/kush/UR5_Project_New/install/launch_param_builder/lib/python3.10/site-packages:${PYTHONPATH} /usr/bin/cmake /home/kush/UR5_Project_New/src/moveit2/moveit_kinematics -DCMAKE_INSTALL_PREFIX=/home/kush/UR5_Project_New/install/moveit_kinematics
[12.034s] Invoking command in '/home/kush/UR5_Project_New/build/moveit_kinematics': AMENT_PREFIX_PATH=/home/kush/UR5_Project_New/install/moveit_ros_planning:/home/kush/UR5_Project_New/install/moveit_ros_occupancy_map_monitor:/home/kush/UR5_Project_New/install/moveit_core:/home/kush/UR5_Project_New/install/moveit_resources_panda_moveit_config:/home/kush/UR5_Project_New/install/moveit_resources_fanuc_moveit_config:/home/kush/UR5_Project_New/install/moveit_configs_utils:/home/kush/UR5_Project_New/install/srdfdom:/home/kush/UR5_Project_New/install/moveit_resources_panda_description:/home/kush/UR5_Project_New/install/moveit_resources_fanuc_description:/home/kush/UR5_Project_New/install/moveit_common:/home/kush/UR5_Project_New/install/launch_param_builder:${AMENT_PREFIX_PATH} CMAKE_PREFIX_PATH=/home/kush/UR5_Project_New/install/moveit_ros_planning:/home/kush/UR5_Project_New/install/moveit_ros_occupancy_map_monitor:/home/kush/UR5_Project_New/install/moveit_core:/home/kush/UR5_Project_New/install/moveit_resources_panda_moveit_config:/home/kush/UR5_Project_New/install/moveit_resources_fanuc_moveit_config:/home/kush/UR5_Project_New/install/srdfdom:/home/kush/UR5_Project_New/install/moveit_resources_panda_description:/home/kush/UR5_Project_New/install/moveit_resources_fanuc_description:/home/kush/UR5_Project_New/install/moveit_common:/opt/ros/humble LD_LIBRARY_PATH=/home/kush/UR5_Project_New/install/moveit_ros_planning/lib:/home/kush/UR5_Project_New/install/moveit_ros_occupancy_map_monitor/lib:/home/kush/UR5_Project_New/install/moveit_core/lib:/home/kush/UR5_Project_New/install/srdfdom/lib:${LD_LIBRARY_PATH} PATH=/home/kush/UR5_Project_New/install/moveit_core/bin:${PATH} PYTHONPATH=/home/kush/UR5_Project_New/install/moveit_configs_utils/lib/python3.10/site-packages:/home/kush/UR5_Project_New/install/srdfdom/local/lib/python3.10/dist-packages:/home/kush/UR5_Project_New/install/launch_param_builder/lib/python3.10/site-packages:${PYTHONPATH} /usr/bin/cmake --build /home/kush/UR5_Project_New/build/moveit_kinematics -- -j4 -l4
[12.189s] [35m[1mConsolidate compiler generated dependencies of target moveit_cached_ik_kinematics_base[0m
[12.274s] [ 10%] Built target moveit_cached_ik_kinematics_base
[12.353s] [35m[1mConsolidate compiler generated dependencies of target moveit_lma_kinematics_plugin[0m
[12.536s] [ 21%] Built target moveit_lma_kinematics_plugin
[12.592s] [35m[1mConsolidate compiler generated dependencies of target gtest_main[0m
[12.688s] [ 31%] Built target gtest_main
[12.732s] [35m[1mConsolidate compiler generated dependencies of target gtest[0m
[12.776s] [ 42%] Built target gtest
[12.820s] [35m[1mConsolidate compiler generated dependencies of target benchmark_ik[0m
[12.966s] [ 52%] Built target benchmark_ik
[13.029s] [35m[1mConsolidate compiler generated dependencies of target moveit_kdl_kinematics_plugin[0m
[13.197s] [ 68%] Built target moveit_kdl_kinematics_plugin
[13.310s] [35m[1mConsolidate compiler generated dependencies of target moveit_srv_kinematics_plugin[0m
[13.376s] [ 78%] Built target moveit_srv_kinematics_plugin
[13.446s] [35m[1mConsolidate compiler generated dependencies of target test_kinematics_plugin[0m
[13.600s] [ 89%] Built target test_kinematics_plugin
[13.799s] [35m[1mConsolidate compiler generated dependencies of target moveit_cached_ik_kinematics_plugin[0m
[13.860s] [100%] Built target moveit_cached_ik_kinematics_plugin
[13.897s] Invoked command in '/home/kush/UR5_Project_New/build/moveit_kinematics' returned '0': AMENT_PREFIX_PATH=/home/kush/UR5_Project_New/install/moveit_ros_planning:/home/kush/UR5_Project_New/install/moveit_ros_occupancy_map_monitor:/home/kush/UR5_Project_New/install/moveit_core:/home/kush/UR5_Project_New/install/moveit_resources_panda_moveit_config:/home/kush/UR5_Project_New/install/moveit_resources_fanuc_moveit_config:/home/kush/UR5_Project_New/install/moveit_configs_utils:/home/kush/UR5_Project_New/install/srdfdom:/home/kush/UR5_Project_New/install/moveit_resources_panda_description:/home/kush/UR5_Project_New/install/moveit_resources_fanuc_description:/home/kush/UR5_Project_New/install/moveit_common:/home/kush/UR5_Project_New/install/launch_param_builder:${AMENT_PREFIX_PATH} CMAKE_PREFIX_PATH=/home/kush/UR5_Project_New/install/moveit_ros_planning:/home/kush/UR5_Project_New/install/moveit_ros_occupancy_map_monitor:/home/kush/UR5_Project_New/install/moveit_core:/home/kush/UR5_Project_New/install/moveit_resources_panda_moveit_config:/home/kush/UR5_Project_New/install/moveit_resources_fanuc_moveit_config:/home/kush/UR5_Project_New/install/srdfdom:/home/kush/UR5_Project_New/install/moveit_resources_panda_description:/home/kush/UR5_Project_New/install/moveit_resources_fanuc_description:/home/kush/UR5_Project_New/install/moveit_common:/opt/ros/humble LD_LIBRARY_PATH=/home/kush/UR5_Project_New/install/moveit_ros_planning/lib:/home/kush/UR5_Project_New/install/moveit_ros_occupancy_map_monitor/lib:/home/kush/UR5_Project_New/install/moveit_core/lib:/home/kush/UR5_Project_New/install/srdfdom/lib:${LD_LIBRARY_PATH} PATH=/home/kush/UR5_Project_New/install/moveit_core/bin:${PATH} PYTHONPATH=/home/kush/UR5_Project_New/install/moveit_configs_utils/lib/python3.10/site-packages:/home/kush/UR5_Project_New/install/srdfdom/local/lib/python3.10/dist-packages:/home/kush/UR5_Project_New/install/launch_param_builder/lib/python3.10/site-packages:${PYTHONPATH} /usr/bin/cmake --build /home/kush/UR5_Project_New/build/moveit_kinematics -- -j4 -l4
[14.069s] Invoking command in '/home/kush/UR5_Project_New/build/moveit_kinematics': AMENT_PREFIX_PATH=/home/kush/UR5_Project_New/install/moveit_ros_planning:/home/kush/UR5_Project_New/install/moveit_ros_occupancy_map_monitor:/home/kush/UR5_Project_New/install/moveit_core:/home/kush/UR5_Project_New/install/moveit_resources_panda_moveit_config:/home/kush/UR5_Project_New/install/moveit_resources_fanuc_moveit_config:/home/kush/UR5_Project_New/install/moveit_configs_utils:/home/kush/UR5_Project_New/install/srdfdom:/home/kush/UR5_Project_New/install/moveit_resources_panda_description:/home/kush/UR5_Project_New/install/moveit_resources_fanuc_description:/home/kush/UR5_Project_New/install/moveit_common:/home/kush/UR5_Project_New/install/launch_param_builder:${AMENT_PREFIX_PATH} CMAKE_PREFIX_PATH=/home/kush/UR5_Project_New/install/moveit_ros_planning:/home/kush/UR5_Project_New/install/moveit_ros_occupancy_map_monitor:/home/kush/UR5_Project_New/install/moveit_core:/home/kush/UR5_Project_New/install/moveit_resources_panda_moveit_config:/home/kush/UR5_Project_New/install/moveit_resources_fanuc_moveit_config:/home/kush/UR5_Project_New/install/srdfdom:/home/kush/UR5_Project_New/install/moveit_resources_panda_description:/home/kush/UR5_Project_New/install/moveit_resources_fanuc_description:/home/kush/UR5_Project_New/install/moveit_common:/opt/ros/humble LD_LIBRARY_PATH=/home/kush/UR5_Project_New/install/moveit_ros_planning/lib:/home/kush/UR5_Project_New/install/moveit_ros_occupancy_map_monitor/lib:/home/kush/UR5_Project_New/install/moveit_core/lib:/home/kush/UR5_Project_New/install/srdfdom/lib:${LD_LIBRARY_PATH} PATH=/home/kush/UR5_Project_New/install/moveit_core/bin:${PATH} PYTHONPATH=/home/kush/UR5_Project_New/install/moveit_configs_utils/lib/python3.10/site-packages:/home/kush/UR5_Project_New/install/srdfdom/local/lib/python3.10/dist-packages:/home/kush/UR5_Project_New/install/launch_param_builder/lib/python3.10/site-packages:${PYTHONPATH} /usr/bin/cmake --install /home/kush/UR5_Project_New/build/moveit_kinematics
[14.101s] -- Install configuration: "Release"
[14.102s] -- Up-to-date: /home/kush/UR5_Project_New/install/moveit_kinematics/share/moveit_kinematics/kdl_kinematics_plugin_description.xml
[14.102s] -- Up-to-date: /home/kush/UR5_Project_New/install/moveit_kinematics/share/moveit_kinematics/lma_kinematics_plugin_description.xml
[14.102s] -- Up-to-date: /home/kush/UR5_Project_New/install/moveit_kinematics/share/moveit_kinematics/srv_kinematics_plugin_description.xml
[14.102s] -- Up-to-date: /home/kush/UR5_Project_New/install/moveit_kinematics/share/moveit_kinematics/cached_ik_kinematics_plugin_description.xml
[14.102s] -- Up-to-date: /home/kush/UR5_Project_New/install/moveit_kinematics/include
[14.103s] -- Up-to-date: /home/kush/UR5_Project_New/install/moveit_kinematics/include/moveit
[14.106s] -- Up-to-date: /home/kush/UR5_Project_New/install/moveit_kinematics/include/moveit/cached_ik_kinematics_plugin
[14.107s] -- Up-to-date: /home/kush/UR5_Project_New/install/moveit_kinematics/include/moveit/cached_ik_kinematics_plugin/cached_ik_kinematics_plugin-inl.h
[14.107s] -- Up-to-date: /home/kush/UR5_Project_New/install/moveit_kinematics/include/moveit/cached_ik_kinematics_plugin/detail
[14.107s] -- Up-to-date: /home/kush/UR5_Project_New/install/moveit_kinematics/include/moveit/cached_ik_kinematics_plugin/detail/GreedyKCenters.h
[14.107s] -- Up-to-date: /home/kush/UR5_Project_New/install/moveit_kinematics/include/moveit/cached_ik_kinematics_plugin/detail/NearestNeighbors.h
[14.107s] -- Up-to-date: /home/kush/UR5_Project_New/install/moveit_kinematics/include/moveit/cached_ik_kinematics_plugin/detail/NearestNeighborsGNAT.h
[14.109s] -- Up-to-date: /home/kush/UR5_Project_New/install/moveit_kinematics/include/moveit/cached_ik_kinematics_plugin/cached_ik_kinematics_plugin.h
[14.109s] -- Up-to-date: /home/kush/UR5_Project_New/install/moveit_kinematics/share/moveit_kinematics/launch
[14.110s] -- Up-to-date: /home/kush/UR5_Project_New/install/moveit_kinematics/share/moveit_kinematics/launch/measure_ik_call_cost.launch
[14.110s] -- Up-to-date: /home/kush/UR5_Project_New/install/moveit_kinematics/lib/moveit_kinematics/auto_create_ikfast_moveit_plugin.sh
[14.110s] -- Up-to-date: /home/kush/UR5_Project_New/install/moveit_kinematics/lib/moveit_kinematics/create_ikfast_moveit_plugin.py
[14.110s] -- Up-to-date: /home/kush/UR5_Project_New/install/moveit_kinematics/lib/moveit_kinematics/round_collada_numbers.py
[14.111s] -- Up-to-date: /home/kush/UR5_Project_New/install/moveit_kinematics/share/moveit_kinematics/ikfast_kinematics_plugin/templates
[14.111s] -- Up-to-date: /home/kush/UR5_Project_New/install/moveit_kinematics/share/moveit_kinematics/ikfast_kinematics_plugin/templates/ikfast61_moveit_plugin_template.cpp
[14.111s] -- Up-to-date: /home/kush/UR5_Project_New/install/moveit_kinematics/share/moveit_kinematics/ikfast_kinematics_plugin/templates/CMakeLists.txt
[14.111s] -- Up-to-date: /home/kush/UR5_Project_New/install/moveit_kinematics/share/moveit_kinematics/ikfast_kinematics_plugin/templates/ikfast.h
[14.111s] -- Up-to-date: /home/kush/UR5_Project_New/install/moveit_kinematics/include
[14.112s] -- Up-to-date: /home/kush/UR5_Project_New/install/moveit_kinematics/include/moveit
[14.112s] -- Up-to-date: /home/kush/UR5_Project_New/install/moveit_kinematics/include/moveit/kdl_kinematics_plugin
[14.112s] -- Up-to-date: /home/kush/UR5_Project_New/install/moveit_kinematics/include/moveit/kdl_kinematics_plugin/joint_mimic.hpp
[14.112s] -- Up-to-date: /home/kush/UR5_Project_New/install/moveit_kinematics/include/moveit/kdl_kinematics_plugin/kdl_kinematics_plugin.h
[14.112s] -- Up-to-date: /home/kush/UR5_Project_New/install/moveit_kinematics/include/moveit/kdl_kinematics_plugin/chainiksolver_vel_mimic_svd.hpp
[14.112s] -- Up-to-date: /home/kush/UR5_Project_New/install/moveit_kinematics/include
[14.112s] -- Up-to-date: /home/kush/UR5_Project_New/install/moveit_kinematics/include/moveit
[14.113s] -- Up-to-date: /home/kush/UR5_Project_New/install/moveit_kinematics/include/moveit/lma_kinematics_plugin
[14.113s] -- Up-to-date: /home/kush/UR5_Project_New/install/moveit_kinematics/include/moveit/lma_kinematics_plugin/lma_kinematics_plugin.h
[14.113s] -- Up-to-date: /home/kush/UR5_Project_New/install/moveit_kinematics/include
[14.113s] -- Up-to-date: /home/kush/UR5_Project_New/install/moveit_kinematics/include/moveit
[14.113s] -- Up-to-date: /home/kush/UR5_Project_New/install/moveit_kinematics/include/moveit/srv_kinematics_plugin
[14.113s] -- Up-to-date: /home/kush/UR5_Project_New/install/moveit_kinematics/include/moveit/srv_kinematics_plugin/srv_kinematics_plugin.h
[14.114s] -- Up-to-date: /home/kush/UR5_Project_New/install/moveit_kinematics/share/moveit_kinematics/config
[14.114s] -- Up-to-date: /home/kush/UR5_Project_New/install/moveit_kinematics/share/moveit_kinematics/config/panda-lma-singular-test.yaml
[14.114s] -- Up-to-date: /home/kush/UR5_Project_New/install/moveit_kinematics/share/moveit_kinematics/config/panda-lma-test.yaml
[14.114s] -- Up-to-date: /home/kush/UR5_Project_New/install/moveit_kinematics/share/moveit_kinematics/config/panda-kdl-test.yaml
[14.114s] -- Up-to-date: /home/kush/UR5_Project_New/install/moveit_kinematics/share/moveit_kinematics/config/fanuc-kdl-test.yaml
[14.114s] -- Up-to-date: /home/kush/UR5_Project_New/install/moveit_kinematics/share/moveit_kinematics/config/fanuc-kdl-singular-test.yaml
[14.115s] -- Up-to-date: /home/kush/UR5_Project_New/install/moveit_kinematics/share/moveit_kinematics/config/fanuc-lma-test.yaml
[14.115s] -- Up-to-date: /home/kush/UR5_Project_New/install/moveit_kinematics/share/moveit_kinematics/config/panda-kdl-singular-test.yaml
[14.115s] -- Up-to-date: /home/kush/UR5_Project_New/install/moveit_kinematics/share/moveit_kinematics/config/fanuc-lma-singular-test.yaml
[14.115s] -- Up-to-date: /home/kush/UR5_Project_New/install/moveit_kinematics/share/moveit_kinematics/launch
[14.115s] -- Up-to-date: /home/kush/UR5_Project_New/install/moveit_kinematics/share/moveit_kinematics/launch/fanuc-lma-singular.test.py
[14.115s] -- Up-to-date: /home/kush/UR5_Project_New/install/moveit_kinematics/share/moveit_kinematics/launch/panda-lma-singular.test.py
[14.116s] -- Up-to-date: /home/kush/UR5_Project_New/install/moveit_kinematics/share/moveit_kinematics/launch/panda-kdl-singular.test.py
[14.116s] -- Up-to-date: /home/kush/UR5_Project_New/install/moveit_kinematics/share/moveit_kinematics/launch/panda-lma.test.py
[14.116s] -- Up-to-date: /home/kush/UR5_Project_New/install/moveit_kinematics/share/moveit_kinematics/launch/fanuc-kdl-singular.test.py
[14.116s] -- Up-to-date: /home/kush/UR5_Project_New/install/moveit_kinematics/share/moveit_kinematics/launch/fanuc-lma.test.py
[14.116s] -- Up-to-date: /home/kush/UR5_Project_New/install/moveit_kinematics/share/moveit_kinematics/launch/fanuc-kdl.test.py
[14.127s] -- Up-to-date: /home/kush/UR5_Project_New/install/moveit_kinematics/share/moveit_kinematics/launch/panda-kdl.test.py
[14.188s] -- Up-to-date: /home/kush/UR5_Project_New/install/moveit_kinematics/lib/moveit_kinematics/benchmark_ik
[14.210s] -- Up-to-date: /home/kush/UR5_Project_New/install/moveit_kinematics/lib/moveit_kinematics/test_kinematics_plugin
[14.277s] -- Up-to-date: /home/kush/UR5_Project_New/install/moveit_kinematics/lib/libmoveit_cached_ik_kinematics_base.so.2.5.4
[14.278s] -- Up-to-date: /home/kush/UR5_Project_New/install/moveit_kinematics/lib/libmoveit_cached_ik_kinematics_base.so
[14.395s] -- Up-to-date: /home/kush/UR5_Project_New/install/moveit_kinematics/lib/libmoveit_cached_ik_kinematics_plugin.so.2.5.4
[14.395s] -- Up-to-date: /home/kush/UR5_Project_New/install/moveit_kinematics/lib/libmoveit_cached_ik_kinematics_plugin.so
[14.396s] -- Up-to-date: /home/kush/UR5_Project_New/install/moveit_kinematics/lib/libmoveit_kdl_kinematics_plugin.so
[14.396s] -- Up-to-date: /home/kush/UR5_Project_New/install/moveit_kinematics/lib/libmoveit_lma_kinematics_plugin.so.2.5.4
[14.396s] -- Up-to-date: /home/kush/UR5_Project_New/install/moveit_kinematics/lib/libmoveit_lma_kinematics_plugin.so
[14.415s] -- Up-to-date: /home/kush/UR5_Project_New/install/moveit_kinematics/lib/libmoveit_srv_kinematics_plugin.so.2.5.4
[14.415s] -- Up-to-date: /home/kush/UR5_Project_New/install/moveit_kinematics/lib/libmoveit_srv_kinematics_plugin.so
[14.415s] -- Up-to-date: /home/kush/UR5_Project_New/install/moveit_kinematics/share/moveit_kinematics/environment/library_path.sh
[14.417s] -- Installing: /home/kush/UR5_Project_New/install/moveit_kinematics/share/moveit_kinematics/environment/library_path.dsv
[14.417s] -- Up-to-date: /home/kush/UR5_Project_New/install/moveit_kinematics/share/ament_index/resource_index/package_run_dependencies/moveit_kinematics
[14.417s] -- Installing: /home/kush/UR5_Project_New/install/moveit_kinematics/share/ament_index/resource_index/parent_prefix_path/moveit_kinematics
[14.418s] -- Up-to-date: /home/kush/UR5_Project_New/install/moveit_kinematics/share/moveit_kinematics/environment/ament_prefix_path.sh
[14.418s] -- Installing: /home/kush/UR5_Project_New/install/moveit_kinematics/share/moveit_kinematics/environment/ament_prefix_path.dsv
[14.418s] -- Up-to-date: /home/kush/UR5_Project_New/install/moveit_kinematics/share/moveit_kinematics/environment/path.sh
[14.419s] -- Installing: /home/kush/UR5_Project_New/install/moveit_kinematics/share/moveit_kinematics/environment/path.dsv
[14.419s] -- Up-to-date: /home/kush/UR5_Project_New/install/moveit_kinematics/share/moveit_kinematics/local_setup.bash
[14.424s] -- Up-to-date: /home/kush/UR5_Project_New/install/moveit_kinematics/share/moveit_kinematics/local_setup.sh
[14.424s] -- Up-to-date: /home/kush/UR5_Project_New/install/moveit_kinematics/share/moveit_kinematics/local_setup.zsh
[14.425s] -- Installing: /home/kush/UR5_Project_New/install/moveit_kinematics/share/moveit_kinematics/local_setup.dsv
[14.426s] -- Installing: /home/kush/UR5_Project_New/install/moveit_kinematics/share/moveit_kinematics/package.dsv
[14.426s] -- Up-to-date: /home/kush/UR5_Project_New/install/moveit_kinematics/share/ament_index/resource_index/packages/moveit_kinematics
[14.427s] -- Up-to-date: /home/kush/UR5_Project_New/install/moveit_kinematics/share/ament_index/resource_index/moveit_core__pluginlib__plugin/moveit_kinematics
[14.454s] -- Up-to-date: /home/kush/UR5_Project_New/install/moveit_kinematics/share/moveit_kinematics/cmake/export_moveit_kinematicsExport.cmake
[14.455s] -- Up-to-date: /home/kush/UR5_Project_New/install/moveit_kinematics/share/moveit_kinematics/cmake/export_moveit_kinematicsExport-release.cmake
[14.456s] -- Up-to-date: /home/kush/UR5_Project_New/install/moveit_kinematics/share/moveit_kinematics/cmake/ConfigExtras.cmake
[14.456s] -- Up-to-date: /home/kush/UR5_Project_New/install/moveit_kinematics/share/moveit_kinematics/cmake/ament_cmake_export_targets-extras.cmake
[14.456s] -- Up-to-date: /home/kush/UR5_Project_New/install/moveit_kinematics/share/moveit_kinematics/cmake/ament_cmake_export_dependencies-extras.cmake
[14.466s] -- Up-to-date: /home/kush/UR5_Project_New/install/moveit_kinematics/share/moveit_kinematics/cmake/moveit_kinematicsConfig.cmake
[14.466s] -- Up-to-date: /home/kush/UR5_Project_New/install/moveit_kinematics/share/moveit_kinematics/cmake/moveit_kinematicsConfig-version.cmake
[14.467s] -- Up-to-date: /home/kush/UR5_Project_New/install/moveit_kinematics/share/moveit_kinematics/package.xml
[14.467s] Invoked command in '/home/kush/UR5_Project_New/build/moveit_kinematics' returned '0': AMENT_PREFIX_PATH=/home/kush/UR5_Project_New/install/moveit_ros_planning:/home/kush/UR5_Project_New/install/moveit_ros_occupancy_map_monitor:/home/kush/UR5_Project_New/install/moveit_core:/home/kush/UR5_Project_New/install/moveit_resources_panda_moveit_config:/home/kush/UR5_Project_New/install/moveit_resources_fanuc_moveit_config:/home/kush/UR5_Project_New/install/moveit_configs_utils:/home/kush/UR5_Project_New/install/srdfdom:/home/kush/UR5_Project_New/install/moveit_resources_panda_description:/home/kush/UR5_Project_New/install/moveit_resources_fanuc_description:/home/kush/UR5_Project_New/install/moveit_common:/home/kush/UR5_Project_New/install/launch_param_builder:${AMENT_PREFIX_PATH} CMAKE_PREFIX_PATH=/home/kush/UR5_Project_New/install/moveit_ros_planning:/home/kush/UR5_Project_New/install/moveit_ros_occupancy_map_monitor:/home/kush/UR5_Project_New/install/moveit_core:/home/kush/UR5_Project_New/install/moveit_resources_panda_moveit_config:/home/kush/UR5_Project_New/install/moveit_resources_fanuc_moveit_config:/home/kush/UR5_Project_New/install/srdfdom:/home/kush/UR5_Project_New/install/moveit_resources_panda_description:/home/kush/UR5_Project_New/install/moveit_resources_fanuc_description:/home/kush/UR5_Project_New/install/moveit_common:/opt/ros/humble LD_LIBRARY_PATH=/home/kush/UR5_Project_New/install/moveit_ros_planning/lib:/home/kush/UR5_Project_New/install/moveit_ros_occupancy_map_monitor/lib:/home/kush/UR5_Project_New/install/moveit_core/lib:/home/kush/UR5_Project_New/install/srdfdom/lib:${LD_LIBRARY_PATH} PATH=/home/kush/UR5_Project_New/install/moveit_core/bin:${PATH} PYTHONPATH=/home/kush/UR5_Project_New/install/moveit_configs_utils/lib/python3.10/site-packages:/home/kush/UR5_Project_New/install/srdfdom/local/lib/python3.10/dist-packages:/home/kush/UR5_Project_New/install/launch_param_builder/lib/python3.10/site-packages:${PYTHONPATH} /usr/bin/cmake --install /home/kush/UR5_Project_New/build/moveit_kinematics
