[0.254s] Invoking command in '/home/kush/UR5_Project_New/build/chomp_motion_planner': AMENT_PREFIX_PATH=/home/kush/UR5_Project_New/install/moveit_core:/home/kush/UR5_Project_New/install/srdfdom:/home/kush/UR5_Project_New/install/moveit_common:${AMENT_PREFIX_PATH} CMAKE_PREFIX_PATH=/home/kush/UR5_Project_New/install/moveit_core:/home/kush/UR5_Project_New/install/srdfdom:/home/kush/UR5_Project_New/install/moveit_common:/opt/ros/humble LD_LIBRARY_PATH=/home/kush/UR5_Project_New/install/moveit_core/lib:/home/kush/UR5_Project_New/install/srdfdom/lib:${LD_LIBRARY_PATH} PATH=/home/kush/UR5_Project_New/install/moveit_core/bin:${PATH} PYTHONPATH=/home/kush/UR5_Project_New/install/srdfdom/local/lib/python3.10/dist-packages:${PYTHONPATH} /usr/bin/cmake /home/kush/UR5_Project_New/src/moveit2/moveit_planners/chomp/chomp_motion_planner -DCMAKE_INSTALL_PREFIX=/home/kush/UR5_Project_New/install/chomp_motion_planner
[0.401s] -- Found moveit_common: 2.5.4 (/home/kush/UR5_Project_New/install/moveit_common/share/moveit_common/cmake)
[0.423s] -- Found ament_cmake: 1.3.5 (/opt/ros/humble/share/ament_cmake/cmake)
[1.321s] -- Could NOT find libbfd (missing: LIBBFD_LIBRARY LIBBFD_INCLUDE_DIR) 
[1.322s] -- BACKWARD_HAS_UNWIND=1
[1.322s] -- BACKWARD_HAS_BACKTRACE=0
[1.322s] -- BACKWARD_HAS_BACKTRACE_SYMBOL=0
[1.322s] -- BACKWARD_HAS_DW=1
[1.323s] -- BACKWARD_HAS_BFD=0
[1.325s] -- Found Backward: /opt/ros/humble/share/backward_ros/cmake  
[1.327s] -- Found moveit_core: 2.5.4 (/home/kush/UR5_Project_New/install/moveit_core/share/moveit_core/cmake)
[1.398s] -- Found Boost: /usr/lib/x86_64-linux-gnu/cmake/Boost-1.74.0/BoostConfig.cmake (found version "1.74.0") found components: chrono date_time filesystem iostreams program_options regex serialization system thread 
[1.459s] -- Found parameter_traits: 0.3.3 (/opt/ros/humble/share/parameter_traits/cmake)
[1.588s] -- Found rosidl_generator_c: 3.1.5 (/opt/ros/humble/share/rosidl_generator_c/cmake)
[1.596s] -- Found rosidl_adapter: 3.1.5 (/opt/ros/humble/share/rosidl_adapter/cmake)
[1.632s] -- Found rosidl_generator_cpp: 3.1.5 (/opt/ros/humble/share/rosidl_generator_cpp/cmake)
[1.694s] -- Using all available rosidl_typesupport_c: rosidl_typesupport_fastrtps_c;rosidl_typesupport_introspection_c
[1.757s] -- Using all available rosidl_typesupport_cpp: rosidl_typesupport_fastrtps_cpp;rosidl_typesupport_introspection_cpp
[1.998s] -- Found rmw_implementation_cmake: 6.1.1 (/opt/ros/humble/share/rmw_implementation_cmake/cmake)
[2.011s] -- Found rmw_fastrtps_cpp: 6.2.3 (/opt/ros/humble/share/rmw_fastrtps_cpp/cmake)
[2.544s] -- Using RMW implementation 'rmw_fastrtps_cpp' as default
[3.346s] -- Found rclcpp_lifecycle: 16.0.5 (/opt/ros/humble/share/rclcpp_lifecycle/cmake)
[3.560s] -- Found Boost: /usr/lib/x86_64-linux-gnu/cmake/Boost-1.74.0/BoostConfig.cmake (found version "1.74.0") found components: filesystem 
[3.896s] -- library: /usr/lib/x86_64-linux-gnu/libcurl.so
[5.265s] -- Ensuring Eigen3 include directory is part of orocos-kdl CMake target
[8.897s] -- Found ament_lint_auto: 0.12.7 (/opt/ros/humble/share/ament_lint_auto/cmake)
[8.936s] -- Added test 'cppcheck' to perform static code analysis on C / C++ code
[8.937s] -- Configured cppcheck include dirs: /home/kush/UR5_Project_New/src/moveit2/moveit_planners/chomp/chomp_motion_planner/include
[8.937s] -- Configured cppcheck exclude dirs and/or files: 
[8.939s] -- Added test 'xmllint' to check XML markup files
[8.959s] -- Configuring done
[9.062s] -- Generating done
[9.098s] -- Build files have been written to: /home/kush/UR5_Project_New/build/chomp_motion_planner
[9.130s] Invoked command in '/home/kush/UR5_Project_New/build/chomp_motion_planner' returned '0': AMENT_PREFIX_PATH=/home/kush/UR5_Project_New/install/moveit_core:/home/kush/UR5_Project_New/install/srdfdom:/home/kush/UR5_Project_New/install/moveit_common:${AMENT_PREFIX_PATH} CMAKE_PREFIX_PATH=/home/kush/UR5_Project_New/install/moveit_core:/home/kush/UR5_Project_New/install/srdfdom:/home/kush/UR5_Project_New/install/moveit_common:/opt/ros/humble LD_LIBRARY_PATH=/home/kush/UR5_Project_New/install/moveit_core/lib:/home/kush/UR5_Project_New/install/srdfdom/lib:${LD_LIBRARY_PATH} PATH=/home/kush/UR5_Project_New/install/moveit_core/bin:${PATH} PYTHONPATH=/home/kush/UR5_Project_New/install/srdfdom/local/lib/python3.10/dist-packages:${PYTHONPATH} /usr/bin/cmake /home/kush/UR5_Project_New/src/moveit2/moveit_planners/chomp/chomp_motion_planner -DCMAKE_INSTALL_PREFIX=/home/kush/UR5_Project_New/install/chomp_motion_planner
[9.131s] Invoking command in '/home/kush/UR5_Project_New/build/chomp_motion_planner': AMENT_PREFIX_PATH=/home/kush/UR5_Project_New/install/moveit_core:/home/kush/UR5_Project_New/install/srdfdom:/home/kush/UR5_Project_New/install/moveit_common:${AMENT_PREFIX_PATH} CMAKE_PREFIX_PATH=/home/kush/UR5_Project_New/install/moveit_core:/home/kush/UR5_Project_New/install/srdfdom:/home/kush/UR5_Project_New/install/moveit_common:/opt/ros/humble LD_LIBRARY_PATH=/home/kush/UR5_Project_New/install/moveit_core/lib:/home/kush/UR5_Project_New/install/srdfdom/lib:${LD_LIBRARY_PATH} PATH=/home/kush/UR5_Project_New/install/moveit_core/bin:${PATH} PYTHONPATH=/home/kush/UR5_Project_New/install/srdfdom/local/lib/python3.10/dist-packages:${PYTHONPATH} /usr/bin/cmake --build /home/kush/UR5_Project_New/build/chomp_motion_planner -- -j4 -l4
[9.449s] [35m[1mConsolidate compiler generated dependencies of target chomp_motion_planner[0m
[9.609s] [100%] Built target chomp_motion_planner
[9.659s] Invoked command in '/home/kush/UR5_Project_New/build/chomp_motion_planner' returned '0': AMENT_PREFIX_PATH=/home/kush/UR5_Project_New/install/moveit_core:/home/kush/UR5_Project_New/install/srdfdom:/home/kush/UR5_Project_New/install/moveit_common:${AMENT_PREFIX_PATH} CMAKE_PREFIX_PATH=/home/kush/UR5_Project_New/install/moveit_core:/home/kush/UR5_Project_New/install/srdfdom:/home/kush/UR5_Project_New/install/moveit_common:/opt/ros/humble LD_LIBRARY_PATH=/home/kush/UR5_Project_New/install/moveit_core/lib:/home/kush/UR5_Project_New/install/srdfdom/lib:${LD_LIBRARY_PATH} PATH=/home/kush/UR5_Project_New/install/moveit_core/bin:${PATH} PYTHONPATH=/home/kush/UR5_Project_New/install/srdfdom/local/lib/python3.10/dist-packages:${PYTHONPATH} /usr/bin/cmake --build /home/kush/UR5_Project_New/build/chomp_motion_planner -- -j4 -l4
[9.806s] Invoking command in '/home/kush/UR5_Project_New/build/chomp_motion_planner': AMENT_PREFIX_PATH=/home/kush/UR5_Project_New/install/moveit_core:/home/kush/UR5_Project_New/install/srdfdom:/home/kush/UR5_Project_New/install/moveit_common:${AMENT_PREFIX_PATH} CMAKE_PREFIX_PATH=/home/kush/UR5_Project_New/install/moveit_core:/home/kush/UR5_Project_New/install/srdfdom:/home/kush/UR5_Project_New/install/moveit_common:/opt/ros/humble LD_LIBRARY_PATH=/home/kush/UR5_Project_New/install/moveit_core/lib:/home/kush/UR5_Project_New/install/srdfdom/lib:${LD_LIBRARY_PATH} PATH=/home/kush/UR5_Project_New/install/moveit_core/bin:${PATH} PYTHONPATH=/home/kush/UR5_Project_New/install/srdfdom/local/lib/python3.10/dist-packages:${PYTHONPATH} /usr/bin/cmake --install /home/kush/UR5_Project_New/build/chomp_motion_planner
[9.825s] -- Install configuration: "Release"
[9.882s] -- Up-to-date: /home/kush/UR5_Project_New/install/chomp_motion_planner/lib/libchomp_motion_planner.so.2.5.4
[9.882s] -- Up-to-date: /home/kush/UR5_Project_New/install/chomp_motion_planner/lib/libchomp_motion_planner.so
[9.883s] -- Up-to-date: /home/kush/UR5_Project_New/install/chomp_motion_planner/include
[9.883s] -- Up-to-date: /home/kush/UR5_Project_New/install/chomp_motion_planner/include/chomp_motion_planner
[9.883s] -- Up-to-date: /home/kush/UR5_Project_New/install/chomp_motion_planner/include/chomp_motion_planner/multivariate_gaussian.h
[9.883s] -- Up-to-date: /home/kush/UR5_Project_New/install/chomp_motion_planner/include/chomp_motion_planner/chomp_cost.h
[9.883s] -- Up-to-date: /home/kush/UR5_Project_New/install/chomp_motion_planner/include/chomp_motion_planner/chomp_utils.h
[9.884s] -- Up-to-date: /home/kush/UR5_Project_New/install/chomp_motion_planner/include/chomp_motion_planner/chomp_optimizer.h
[9.884s] -- Up-to-date: /home/kush/UR5_Project_New/install/chomp_motion_planner/include/chomp_motion_planner/chomp_planner.h
[9.884s] -- Up-to-date: /home/kush/UR5_Project_New/install/chomp_motion_planner/include/chomp_motion_planner/chomp_parameters.h
[9.884s] -- Up-to-date: /home/kush/UR5_Project_New/install/chomp_motion_planner/include/chomp_motion_planner/chomp_trajectory.h
[9.885s] -- Up-to-date: /home/kush/UR5_Project_New/install/chomp_motion_planner/share/chomp_motion_planner/environment/library_path.sh
[9.885s] -- Installing: /home/kush/UR5_Project_New/install/chomp_motion_planner/share/chomp_motion_planner/environment/library_path.dsv
[9.885s] -- Up-to-date: /home/kush/UR5_Project_New/install/chomp_motion_planner/share/ament_index/resource_index/package_run_dependencies/chomp_motion_planner
[9.885s] -- Installing: /home/kush/UR5_Project_New/install/chomp_motion_planner/share/ament_index/resource_index/parent_prefix_path/chomp_motion_planner
[9.886s] -- Up-to-date: /home/kush/UR5_Project_New/install/chomp_motion_planner/share/chomp_motion_planner/environment/ament_prefix_path.sh
[9.886s] -- Installing: /home/kush/UR5_Project_New/install/chomp_motion_planner/share/chomp_motion_planner/environment/ament_prefix_path.dsv
[9.886s] -- Up-to-date: /home/kush/UR5_Project_New/install/chomp_motion_planner/share/chomp_motion_planner/environment/path.sh
[9.886s] -- Installing: /home/kush/UR5_Project_New/install/chomp_motion_planner/share/chomp_motion_planner/environment/path.dsv
[9.886s] -- Up-to-date: /home/kush/UR5_Project_New/install/chomp_motion_planner/share/chomp_motion_planner/local_setup.bash
[9.886s] -- Up-to-date: /home/kush/UR5_Project_New/install/chomp_motion_planner/share/chomp_motion_planner/local_setup.sh
[9.890s] -- Up-to-date: /home/kush/UR5_Project_New/install/chomp_motion_planner/share/chomp_motion_planner/local_setup.zsh
[9.890s] -- Installing: /home/kush/UR5_Project_New/install/chomp_motion_planner/share/chomp_motion_planner/local_setup.dsv
[9.890s] -- Installing: /home/kush/UR5_Project_New/install/chomp_motion_planner/share/chomp_motion_planner/package.dsv
[9.890s] -- Up-to-date: /home/kush/UR5_Project_New/install/chomp_motion_planner/share/ament_index/resource_index/packages/chomp_motion_planner
[9.911s] -- Up-to-date: /home/kush/UR5_Project_New/install/chomp_motion_planner/share/chomp_motion_planner/cmake/chomp_motion_plannerTargetsExport.cmake
[9.911s] -- Up-to-date: /home/kush/UR5_Project_New/install/chomp_motion_planner/share/chomp_motion_planner/cmake/chomp_motion_plannerTargetsExport-release.cmake
[9.911s] -- Up-to-date: /home/kush/UR5_Project_New/install/chomp_motion_planner/share/chomp_motion_planner/cmake/ament_cmake_export_targets-extras.cmake
[9.913s] -- Up-to-date: /home/kush/UR5_Project_New/install/chomp_motion_planner/share/chomp_motion_planner/cmake/chomp_motion_plannerConfig.cmake
[9.913s] -- Up-to-date: /home/kush/UR5_Project_New/install/chomp_motion_planner/share/chomp_motion_planner/cmake/chomp_motion_plannerConfig-version.cmake
[9.913s] -- Up-to-date: /home/kush/UR5_Project_New/install/chomp_motion_planner/share/chomp_motion_planner/package.xml
[9.931s] Invoked command in '/home/kush/UR5_Project_New/build/chomp_motion_planner' returned '0': AMENT_PREFIX_PATH=/home/kush/UR5_Project_New/install/moveit_core:/home/kush/UR5_Project_New/install/srdfdom:/home/kush/UR5_Project_New/install/moveit_common:${AMENT_PREFIX_PATH} CMAKE_PREFIX_PATH=/home/kush/UR5_Project_New/install/moveit_core:/home/kush/UR5_Project_New/install/srdfdom:/home/kush/UR5_Project_New/install/moveit_common:/opt/ros/humble LD_LIBRARY_PATH=/home/kush/UR5_Project_New/install/moveit_core/lib:/home/kush/UR5_Project_New/install/srdfdom/lib:${LD_LIBRARY_PATH} PATH=/home/kush/UR5_Project_New/install/moveit_core/bin:${PATH} PYTHONPATH=/home/kush/UR5_Project_New/install/srdfdom/local/lib/python3.10/dist-packages:${PYTHONPATH} /usr/bin/cmake --install /home/kush/UR5_Project_New/build/chomp_motion_planner
