[0.656s] Invoking command in '/home/kush/UR5_Project_New/build/moveit_task_constructor_visualization': AMENT_PREFIX_PATH=/home/kush/UR5_Project_New/install/moveit_task_constructor_core:/home/kush/UR5_Project_New/install/moveit_ros_visualization:/home/kush/UR5_Project_New/install/moveit_ros_planning_interface:/home/kush/UR5_Project_New/install/moveit_ros_move_group:/home/kush/UR5_Project_New/install/moveit_ros_warehouse:/home/kush/UR5_Project_New/install/moveit_ros_robot_interaction:/home/kush/UR5_Project_New/install/moveit_kinematics:/home/kush/UR5_Project_New/install/moveit_ros_planning:/home/kush/UR5_Project_New/install/moveit_ros_occupancy_map_monitor:/home/kush/UR5_Project_New/install/moveit_core:/home/kush/UR5_Project_New/install/rviz_marker_tools:/home/kush/UR5_Project_New/install/srdfdom:/home/kush/UR5_Project_New/install/moveit_task_constructor_msgs:/home/kush/UR5_Project_New/install/moveit_common:${AMENT_PREFIX_PATH} CMAKE_PREFIX_PATH=/home/kush/UR5_Project_New/install/moveit_task_constructor_core:/home/kush/UR5_Project_New/install/moveit_ros_visualization:/home/kush/UR5_Project_New/install/moveit_ros_planning_interface:/home/kush/UR5_Project_New/install/moveit_ros_move_group:/home/kush/UR5_Project_New/install/moveit_ros_warehouse:/home/kush/UR5_Project_New/install/moveit_ros_robot_interaction:/home/kush/UR5_Project_New/install/moveit_kinematics:/home/kush/UR5_Project_New/install/moveit_ros_planning:/home/kush/UR5_Project_New/install/moveit_ros_occupancy_map_monitor:/home/kush/UR5_Project_New/install/moveit_core:/home/kush/UR5_Project_New/install/rviz_marker_tools:/home/kush/UR5_Project_New/install/srdfdom:/home/kush/UR5_Project_New/install/moveit_task_constructor_msgs:/home/kush/UR5_Project_New/install/moveit_common:/opt/ros/humble LD_LIBRARY_PATH=/home/kush/UR5_Project_New/install/moveit_task_constructor_core/lib:/home/kush/UR5_Project_New/install/moveit_ros_visualization/lib:/home/kush/UR5_Project_New/install/moveit_ros_planning_interface/lib:/home/kush/UR5_Project_New/install/moveit_ros_move_group/lib:/home/kush/UR5_Project_New/install/moveit_ros_warehouse/lib:/home/kush/UR5_Project_New/install/moveit_ros_robot_interaction/lib:/home/kush/UR5_Project_New/install/moveit_kinematics/lib:/home/kush/UR5_Project_New/install/moveit_ros_planning/lib:/home/kush/UR5_Project_New/install/moveit_ros_occupancy_map_monitor/lib:/home/kush/UR5_Project_New/install/moveit_core/lib:/home/kush/UR5_Project_New/install/rviz_marker_tools/lib:/home/kush/UR5_Project_New/install/srdfdom/lib:/home/kush/UR5_Project_New/install/moveit_task_constructor_msgs/lib:${LD_LIBRARY_PATH} PATH=/home/kush/UR5_Project_New/install/moveit_core/bin:${PATH} PYTHONPATH=/home/kush/UR5_Project_New/install/srdfdom/local/lib/python3.10/dist-packages:/home/kush/UR5_Project_New/install/moveit_task_constructor_msgs/local/lib/python3.10/dist-packages:${PYTHONPATH} /usr/bin/cmake /home/kush/UR5_Project_New/src/moveit_task_constructor/visualization -DCMAKE_INSTALL_PREFIX=/home/kush/UR5_Project_New/install/moveit_task_constructor_visualization
[0.767s] -- Found ament_cmake: 1.3.5 (/opt/ros/humble/share/ament_cmake/cmake)
[1.691s] -- Found Boost: /usr/lib/x86_64-linux-gnu/cmake/Boost-1.74.0/BoostConfig.cmake (found version "1.74.0")  
[1.704s] -- Found moveit_common: 2.5.4 (/home/kush/UR5_Project_New/install/moveit_common/share/moveit_common/cmake)
[2.019s] -- Could NOT find libbfd (missing: LIBBFD_LIBRARY LIBBFD_INCLUDE_DIR) 
[2.020s] -- BACKWARD_HAS_UNWIND=1
[2.020s] -- BACKWARD_HAS_BACKTRACE=0
[2.020s] -- BACKWARD_HAS_BACKTRACE_SYMBOL=0
[2.020s] -- BACKWARD_HAS_DW=1
[2.020s] -- BACKWARD_HAS_BFD=0
[2.026s] -- Found Backward: /opt/ros/humble/share/backward_ros/cmake  
[2.028s] -- Found moveit_core: 2.5.4 (/home/kush/UR5_Project_New/install/moveit_core/share/moveit_core/cmake)
[2.066s] -- Found Boost: /usr/lib/x86_64-linux-gnu/cmake/Boost-1.74.0/BoostConfig.cmake (found version "1.74.0") found components: chrono date_time filesystem iostreams program_options regex serialization system thread 
[2.088s] -- Found parameter_traits: 0.3.3 (/opt/ros/humble/share/parameter_traits/cmake)
[2.177s] -- Found rosidl_generator_c: 3.1.5 (/opt/ros/humble/share/rosidl_generator_c/cmake)
[2.184s] -- Found rosidl_adapter: 3.1.5 (/opt/ros/humble/share/rosidl_adapter/cmake)
[2.221s] -- Found rosidl_generator_cpp: 3.1.5 (/opt/ros/humble/share/rosidl_generator_cpp/cmake)
[2.285s] -- Using all available rosidl_typesupport_c: rosidl_typesupport_fastrtps_c;rosidl_typesupport_introspection_c
[2.332s] -- Using all available rosidl_typesupport_cpp: rosidl_typesupport_fastrtps_cpp;rosidl_typesupport_introspection_cpp
[2.498s] -- Found rmw_implementation_cmake: 6.1.1 (/opt/ros/humble/share/rmw_implementation_cmake/cmake)
[2.503s] -- Found rmw_fastrtps_cpp: 6.2.3 (/opt/ros/humble/share/rmw_fastrtps_cpp/cmake)
[2.842s] -- Using RMW implementation 'rmw_fastrtps_cpp' as default
[3.360s] -- Found rclcpp_lifecycle: 16.0.5 (/opt/ros/humble/share/rclcpp_lifecycle/cmake)
[3.488s] -- Found Boost: /usr/lib/x86_64-linux-gnu/cmake/Boost-1.74.0/BoostConfig.cmake (found version "1.74.0") found components: filesystem 
[3.758s] -- library: /usr/lib/x86_64-linux-gnu/libcurl.so
[5.088s] -- Ensuring Eigen3 include directory is part of orocos-kdl CMake target
[9.787s] -- Found moveit_ros_visualization: 2.5.4 (/home/kush/UR5_Project_New/install/moveit_ros_visualization/share/moveit_ros_visualization/cmake)
[9.800s] -- Found Boost: /usr/lib/x86_64-linux-gnu/cmake/Boost-1.74.0/BoostConfig.cmake (found version "1.74.0") found components: thread date_time system filesystem 
[9.908s] -- Found Boost: /usr/lib/x86_64-linux-gnu/cmake/Boost-1.74.0/BoostConfig.cmake (found version "1.74.0") found components: system filesystem date_time program_options thread chrono 
[11.715s] -- Found Boost: /usr/lib/x86_64-linux-gnu/cmake/Boost-1.74.0/BoostConfig.cmake (found version "1.74.0") found components: date_time filesystem program_options system thread 
[12.244s] -- Found Boost: /usr/lib/x86_64-linux-gnu/cmake/Boost-1.74.0/BoostConfig.cmake (found version "1.74.0") found components: thread system filesystem regex date_time program_options 
[13.017s] -- Found Boost: /usr/lib/x86_64-linux-gnu/cmake/Boost-1.74.0/BoostConfig.cmake (found version "1.74.0") found components: system filesystem date_time program_options thread 
[16.688s] -- Setting OGRE_DIR to: '/opt/ros/humble/share/rviz_ogre_vendor/cmake/../../../opt/rviz_ogre_vendor/lib/OGRE/cmake'
[16.693s] -- Found OGRE
[16.695s] --   static     : OFF
[16.696s] --   components : HLMS;MeshLodGenerator;Overlay;Paging;Property;RTShaderSystem;Terrain;Volume
[16.697s] --   plugins    : Plugin_BSPSceneManager;Plugin_OctreeSceneManager;Plugin_PCZSceneManager;Plugin_ParticleFX;RenderSystem_GL;RenderSystem_GL3Plus;Codec_STBI
[16.703s] --   media      : /opt/ros/humble/opt/rviz_ogre_vendor/share/OGRE/Media
[16.706s] -- OGRE_LIBRARIES: OgreHLMS;OgreMeshLodGenerator;OgreOverlay;OgrePaging;OgreProperty;OgreRTShaderSystem;OgreTerrain;OgreVolume;OgreMain
[16.707s] -- OGRE_LIBRARY_DIRS: /opt/ros/humble/opt/rviz_ogre_vendor/lib
[16.709s] -- OGRE_PLUGINS: Plugin_BSPSceneManager;Plugin_OctreeSceneManager;Plugin_PCZSceneManager;Plugin_ParticleFX;RenderSystem_GL;RenderSystem_GL3Plus;Codec_STBI
[16.711s] -- OGRE_PLUGIN_DIR: /opt/ros/humble/opt/rviz_ogre_vendor/lib/OGRE
[16.713s] -- rviz_ogre_vendor::OgreOverlay for IMPORTED_LOCATION_RELEASE: /opt/ros/humble/opt/rviz_ogre_vendor/lib/libOgreOverlay.so
[16.716s] -- rviz_ogre_vendor::OgreOverlay for IMPORTED_LOCATION_DEBUG: /opt/ros/humble/opt/rviz_ogre_vendor/lib/libOgreOverlay.so
[16.718s] -- rviz_ogre_vendor::OgreMain for IMPORTED_LOCATION_RELEASE: /opt/ros/humble/opt/rviz_ogre_vendor/lib/libOgreMain.so
[16.719s] -- rviz_ogre_vendor::OgreMain for IMPORTED_LOCATION_DEBUG: /opt/ros/humble/opt/rviz_ogre_vendor/lib/libOgreMain.so
[16.725s] -- Could not find freeimage library
[16.929s] -- rviz_ogre_vendor::RenderSystem_GL for IMPORTED_LOCATION_RELEASE: _render_system_gl_static_library_abs-NOTFOUND
[16.932s] -- rviz_ogre_vendor::RenderSystem_GL for IMPORTED_LOCATION_DEBUG: _render_system_gl_static_library_abs-NOTFOUND
[18.815s] -- Found moveit_task_constructor_core: 0.1.3 (/home/kush/UR5_Project_New/install/moveit_task_constructor_core/share/moveit_task_constructor_core/cmake)
[20.830s] -- Found ament_cmake_gtest: 1.3.5 (/opt/ros/humble/share/ament_cmake_gtest/cmake)
[20.832s] -- Found ament_cmake_gmock: 1.3.5 (/opt/ros/humble/share/ament_cmake_gmock/cmake)
[20.834s] -- Found launch_testing_ament_cmake: 1.0.4 (/opt/ros/humble/share/launch_testing_ament_cmake/cmake)
[20.835s] -- Found python_cmake_module: 0.10.0 (/opt/ros/humble/share/python_cmake_module/cmake)
[20.916s] -- Using PYTHON_EXECUTABLE: /usr/bin/python3
[20.917s] -- Using PYTHON_INCLUDE_DIRS: /usr/include/python3.10
[20.917s] -- Using PYTHON_LIBRARIES: /usr/lib/x86_64-linux-gnu/libpython3.10.so
[20.922s] -- Found gtest sources under '/opt/ros/humble/src/gtest_vendor': C++ tests using 'Google Test' will be built
[20.938s] -- Found gmock sources under '/opt/ros/humble/src/gmock_vendor': C++ tests using 'Google Mock' will be built
[21.015s] -- Configuring done
[22.030s] -- Generating done
[22.054s] -- Build files have been written to: /home/kush/UR5_Project_New/build/moveit_task_constructor_visualization
[22.159s] Invoked command in '/home/kush/UR5_Project_New/build/moveit_task_constructor_visualization' returned '0': AMENT_PREFIX_PATH=/home/kush/UR5_Project_New/install/moveit_task_constructor_core:/home/kush/UR5_Project_New/install/moveit_ros_visualization:/home/kush/UR5_Project_New/install/moveit_ros_planning_interface:/home/kush/UR5_Project_New/install/moveit_ros_move_group:/home/kush/UR5_Project_New/install/moveit_ros_warehouse:/home/kush/UR5_Project_New/install/moveit_ros_robot_interaction:/home/kush/UR5_Project_New/install/moveit_kinematics:/home/kush/UR5_Project_New/install/moveit_ros_planning:/home/kush/UR5_Project_New/install/moveit_ros_occupancy_map_monitor:/home/kush/UR5_Project_New/install/moveit_core:/home/kush/UR5_Project_New/install/rviz_marker_tools:/home/kush/UR5_Project_New/install/srdfdom:/home/kush/UR5_Project_New/install/moveit_task_constructor_msgs:/home/kush/UR5_Project_New/install/moveit_common:${AMENT_PREFIX_PATH} CMAKE_PREFIX_PATH=/home/kush/UR5_Project_New/install/moveit_task_constructor_core:/home/kush/UR5_Project_New/install/moveit_ros_visualization:/home/kush/UR5_Project_New/install/moveit_ros_planning_interface:/home/kush/UR5_Project_New/install/moveit_ros_move_group:/home/kush/UR5_Project_New/install/moveit_ros_warehouse:/home/kush/UR5_Project_New/install/moveit_ros_robot_interaction:/home/kush/UR5_Project_New/install/moveit_kinematics:/home/kush/UR5_Project_New/install/moveit_ros_planning:/home/kush/UR5_Project_New/install/moveit_ros_occupancy_map_monitor:/home/kush/UR5_Project_New/install/moveit_core:/home/kush/UR5_Project_New/install/rviz_marker_tools:/home/kush/UR5_Project_New/install/srdfdom:/home/kush/UR5_Project_New/install/moveit_task_constructor_msgs:/home/kush/UR5_Project_New/install/moveit_common:/opt/ros/humble LD_LIBRARY_PATH=/home/kush/UR5_Project_New/install/moveit_task_constructor_core/lib:/home/kush/UR5_Project_New/install/moveit_ros_visualization/lib:/home/kush/UR5_Project_New/install/moveit_ros_planning_interface/lib:/home/kush/UR5_Project_New/install/moveit_ros_move_group/lib:/home/kush/UR5_Project_New/install/moveit_ros_warehouse/lib:/home/kush/UR5_Project_New/install/moveit_ros_robot_interaction/lib:/home/kush/UR5_Project_New/install/moveit_kinematics/lib:/home/kush/UR5_Project_New/install/moveit_ros_planning/lib:/home/kush/UR5_Project_New/install/moveit_ros_occupancy_map_monitor/lib:/home/kush/UR5_Project_New/install/moveit_core/lib:/home/kush/UR5_Project_New/install/rviz_marker_tools/lib:/home/kush/UR5_Project_New/install/srdfdom/lib:/home/kush/UR5_Project_New/install/moveit_task_constructor_msgs/lib:${LD_LIBRARY_PATH} PATH=/home/kush/UR5_Project_New/install/moveit_core/bin:${PATH} PYTHONPATH=/home/kush/UR5_Project_New/install/srdfdom/local/lib/python3.10/dist-packages:/home/kush/UR5_Project_New/install/moveit_task_constructor_msgs/local/lib/python3.10/dist-packages:${PYTHONPATH} /usr/bin/cmake /home/kush/UR5_Project_New/src/moveit_task_constructor/visualization -DCMAKE_INSTALL_PREFIX=/home/kush/UR5_Project_New/install/moveit_task_constructor_visualization
[22.161s] Invoking command in '/home/kush/UR5_Project_New/build/moveit_task_constructor_visualization': AMENT_PREFIX_PATH=/home/kush/UR5_Project_New/install/moveit_task_constructor_core:/home/kush/UR5_Project_New/install/moveit_ros_visualization:/home/kush/UR5_Project_New/install/moveit_ros_planning_interface:/home/kush/UR5_Project_New/install/moveit_ros_move_group:/home/kush/UR5_Project_New/install/moveit_ros_warehouse:/home/kush/UR5_Project_New/install/moveit_ros_robot_interaction:/home/kush/UR5_Project_New/install/moveit_kinematics:/home/kush/UR5_Project_New/install/moveit_ros_planning:/home/kush/UR5_Project_New/install/moveit_ros_occupancy_map_monitor:/home/kush/UR5_Project_New/install/moveit_core:/home/kush/UR5_Project_New/install/rviz_marker_tools:/home/kush/UR5_Project_New/install/srdfdom:/home/kush/UR5_Project_New/install/moveit_task_constructor_msgs:/home/kush/UR5_Project_New/install/moveit_common:${AMENT_PREFIX_PATH} CMAKE_PREFIX_PATH=/home/kush/UR5_Project_New/install/moveit_task_constructor_core:/home/kush/UR5_Project_New/install/moveit_ros_visualization:/home/kush/UR5_Project_New/install/moveit_ros_planning_interface:/home/kush/UR5_Project_New/install/moveit_ros_move_group:/home/kush/UR5_Project_New/install/moveit_ros_warehouse:/home/kush/UR5_Project_New/install/moveit_ros_robot_interaction:/home/kush/UR5_Project_New/install/moveit_kinematics:/home/kush/UR5_Project_New/install/moveit_ros_planning:/home/kush/UR5_Project_New/install/moveit_ros_occupancy_map_monitor:/home/kush/UR5_Project_New/install/moveit_core:/home/kush/UR5_Project_New/install/rviz_marker_tools:/home/kush/UR5_Project_New/install/srdfdom:/home/kush/UR5_Project_New/install/moveit_task_constructor_msgs:/home/kush/UR5_Project_New/install/moveit_common:/opt/ros/humble LD_LIBRARY_PATH=/home/kush/UR5_Project_New/install/moveit_task_constructor_core/lib:/home/kush/UR5_Project_New/install/moveit_ros_visualization/lib:/home/kush/UR5_Project_New/install/moveit_ros_planning_interface/lib:/home/kush/UR5_Project_New/install/moveit_ros_move_group/lib:/home/kush/UR5_Project_New/install/moveit_ros_warehouse/lib:/home/kush/UR5_Project_New/install/moveit_ros_robot_interaction/lib:/home/kush/UR5_Project_New/install/moveit_kinematics/lib:/home/kush/UR5_Project_New/install/moveit_ros_planning/lib:/home/kush/UR5_Project_New/install/moveit_ros_occupancy_map_monitor/lib:/home/kush/UR5_Project_New/install/moveit_core/lib:/home/kush/UR5_Project_New/install/rviz_marker_tools/lib:/home/kush/UR5_Project_New/install/srdfdom/lib:/home/kush/UR5_Project_New/install/moveit_task_constructor_msgs/lib:${LD_LIBRARY_PATH} PATH=/home/kush/UR5_Project_New/install/moveit_core/bin:${PATH} PYTHONPATH=/home/kush/UR5_Project_New/install/srdfdom/local/lib/python3.10/dist-packages:/home/kush/UR5_Project_New/install/moveit_task_constructor_msgs/local/lib/python3.10/dist-packages:${PYTHONPATH} /usr/bin/cmake --build /home/kush/UR5_Project_New/build/moveit_task_constructor_visualization -- -j4 -l4
[22.366s] [  1%] [34m[1mAutomatic MOC for target moveit_task_visualization_tools[0m
[22.505s] [  1%] Built target moveit_task_visualization_tools_autogen
[22.607s] [  3%] [34m[1mAutomatic MOC for target gtest_main[0m
[22.722s] [  3%] Built target gtest_main_autogen
[22.807s] [  4%] [34m[1mAutomatic MOC for target gtest[0m
[22.874s] [  4%] Built target gtest_autogen
[22.935s] [  6%] [34m[1mAutomatic MOC for target gmock_main[0m
[22.985s] [  6%] Built target gmock_main_autogen
[23.064s] [  7%] [34m[1mAutomatic MOC for target gmock[0m
[23.131s] [  7%] Built target gmock_autogen
[23.187s] [35m[1mConsolidate compiler generated dependencies of target moveit_task_visualization_tools[0m
[23.375s] [ 16%] Built target moveit_task_visualization_tools
[23.428s] [35m[1mConsolidate compiler generated dependencies of target gtest_main[0m
[23.498s] [ 21%] Built target gtest_main
[23.554s] [35m[1mConsolidate compiler generated dependencies of target gtest[0m
[23.625s] [ 26%] Built target gtest
[23.674s] [35m[1mConsolidate compiler generated dependencies of target gmock_main[0m
[23.724s] [ 30%] Built target gmock_main
[23.795s] [35m[1mConsolidate compiler generated dependencies of target gmock[0m
[23.871s] [ 36%] Built target gmock
[24.003s] [ 38%] [34m[1mAutomatic MOC for target motion_planning_tasks_properties[0m
[24.070s] [ 38%] Built target motion_planning_tasks_properties_autogen
[24.139s] [ 40%] [34m[1mAutomatic MOC for target motion_planning_tasks_utils[0m
[24.193s] [ 40%] Built target motion_planning_tasks_utils_autogen
[24.253s] [35m[1mConsolidate compiler generated dependencies of target motion_planning_tasks_properties[0m
[24.312s] [ 46%] Built target motion_planning_tasks_properties
[24.390s] [35m[1mConsolidate compiler generated dependencies of target motion_planning_tasks_utils[0m
[24.454s] [ 53%] Built target motion_planning_tasks_utils
[24.628s] [ 55%] [34m[1mAutomatic MOC for target motion_planning_tasks_rviz_plugin[0m
[24.762s] [ 55%] Built target motion_planning_tasks_rviz_plugin_autogen
[24.836s] [ 56%] [34m[1mAutomatic MOC for target moveit_task_constructor_visualization-test-merge-models[0m
[24.908s] [ 56%] Built target moveit_task_constructor_visualization-test-merge-models_autogen
[25.098s] [35m[1mConsolidate compiler generated dependencies of target motion_planning_tasks_rviz_plugin[0m
[25.291s] [ 83%] Built target motion_planning_tasks_rviz_plugin
[25.340s] [35m[1mConsolidate compiler generated dependencies of target moveit_task_constructor_visualization-test-merge-models[0m
[25.393s] [ 87%] Built target moveit_task_constructor_visualization-test-merge-models
[25.461s] [ 89%] [34m[1mAutomatic MOC for target moveit_task_constructor_visualization-test-task_model[0m
[25.529s] [ 89%] Built target moveit_task_constructor_visualization-test-task_model_autogen
[25.593s] [ 90%] [34m[1mAutomatic MOC for target moveit_task_constructor_visualization-test-solution-models[0m
[25.657s] [ 90%] Built target moveit_task_constructor_visualization-test-solution-models_autogen
[25.701s] [35m[1mConsolidate compiler generated dependencies of target moveit_task_constructor_visualization-test-task_model[0m
[25.801s] [ 95%] Built target moveit_task_constructor_visualization-test-task_model
[25.855s] [35m[1mConsolidate compiler generated dependencies of target moveit_task_constructor_visualization-test-solution-models[0m
[25.943s] [100%] Built target moveit_task_constructor_visualization-test-solution-models
[25.984s] Invoked command in '/home/kush/UR5_Project_New/build/moveit_task_constructor_visualization' returned '0': AMENT_PREFIX_PATH=/home/kush/UR5_Project_New/install/moveit_task_constructor_core:/home/kush/UR5_Project_New/install/moveit_ros_visualization:/home/kush/UR5_Project_New/install/moveit_ros_planning_interface:/home/kush/UR5_Project_New/install/moveit_ros_move_group:/home/kush/UR5_Project_New/install/moveit_ros_warehouse:/home/kush/UR5_Project_New/install/moveit_ros_robot_interaction:/home/kush/UR5_Project_New/install/moveit_kinematics:/home/kush/UR5_Project_New/install/moveit_ros_planning:/home/kush/UR5_Project_New/install/moveit_ros_occupancy_map_monitor:/home/kush/UR5_Project_New/install/moveit_core:/home/kush/UR5_Project_New/install/rviz_marker_tools:/home/kush/UR5_Project_New/install/srdfdom:/home/kush/UR5_Project_New/install/moveit_task_constructor_msgs:/home/kush/UR5_Project_New/install/moveit_common:${AMENT_PREFIX_PATH} CMAKE_PREFIX_PATH=/home/kush/UR5_Project_New/install/moveit_task_constructor_core:/home/kush/UR5_Project_New/install/moveit_ros_visualization:/home/kush/UR5_Project_New/install/moveit_ros_planning_interface:/home/kush/UR5_Project_New/install/moveit_ros_move_group:/home/kush/UR5_Project_New/install/moveit_ros_warehouse:/home/kush/UR5_Project_New/install/moveit_ros_robot_interaction:/home/kush/UR5_Project_New/install/moveit_kinematics:/home/kush/UR5_Project_New/install/moveit_ros_planning:/home/kush/UR5_Project_New/install/moveit_ros_occupancy_map_monitor:/home/kush/UR5_Project_New/install/moveit_core:/home/kush/UR5_Project_New/install/rviz_marker_tools:/home/kush/UR5_Project_New/install/srdfdom:/home/kush/UR5_Project_New/install/moveit_task_constructor_msgs:/home/kush/UR5_Project_New/install/moveit_common:/opt/ros/humble LD_LIBRARY_PATH=/home/kush/UR5_Project_New/install/moveit_task_constructor_core/lib:/home/kush/UR5_Project_New/install/moveit_ros_visualization/lib:/home/kush/UR5_Project_New/install/moveit_ros_planning_interface/lib:/home/kush/UR5_Project_New/install/moveit_ros_move_group/lib:/home/kush/UR5_Project_New/install/moveit_ros_warehouse/lib:/home/kush/UR5_Project_New/install/moveit_ros_robot_interaction/lib:/home/kush/UR5_Project_New/install/moveit_kinematics/lib:/home/kush/UR5_Project_New/install/moveit_ros_planning/lib:/home/kush/UR5_Project_New/install/moveit_ros_occupancy_map_monitor/lib:/home/kush/UR5_Project_New/install/moveit_core/lib:/home/kush/UR5_Project_New/install/rviz_marker_tools/lib:/home/kush/UR5_Project_New/install/srdfdom/lib:/home/kush/UR5_Project_New/install/moveit_task_constructor_msgs/lib:${LD_LIBRARY_PATH} PATH=/home/kush/UR5_Project_New/install/moveit_core/bin:${PATH} PYTHONPATH=/home/kush/UR5_Project_New/install/srdfdom/local/lib/python3.10/dist-packages:/home/kush/UR5_Project_New/install/moveit_task_constructor_msgs/local/lib/python3.10/dist-packages:${PYTHONPATH} /usr/bin/cmake --build /home/kush/UR5_Project_New/build/moveit_task_constructor_visualization -- -j4 -l4
[26.089s] Invoking command in '/home/kush/UR5_Project_New/build/moveit_task_constructor_visualization': AMENT_PREFIX_PATH=/home/kush/UR5_Project_New/install/moveit_task_constructor_core:/home/kush/UR5_Project_New/install/moveit_ros_visualization:/home/kush/UR5_Project_New/install/moveit_ros_planning_interface:/home/kush/UR5_Project_New/install/moveit_ros_move_group:/home/kush/UR5_Project_New/install/moveit_ros_warehouse:/home/kush/UR5_Project_New/install/moveit_ros_robot_interaction:/home/kush/UR5_Project_New/install/moveit_kinematics:/home/kush/UR5_Project_New/install/moveit_ros_planning:/home/kush/UR5_Project_New/install/moveit_ros_occupancy_map_monitor:/home/kush/UR5_Project_New/install/moveit_core:/home/kush/UR5_Project_New/install/rviz_marker_tools:/home/kush/UR5_Project_New/install/srdfdom:/home/kush/UR5_Project_New/install/moveit_task_constructor_msgs:/home/kush/UR5_Project_New/install/moveit_common:${AMENT_PREFIX_PATH} CMAKE_PREFIX_PATH=/home/kush/UR5_Project_New/install/moveit_task_constructor_core:/home/kush/UR5_Project_New/install/moveit_ros_visualization:/home/kush/UR5_Project_New/install/moveit_ros_planning_interface:/home/kush/UR5_Project_New/install/moveit_ros_move_group:/home/kush/UR5_Project_New/install/moveit_ros_warehouse:/home/kush/UR5_Project_New/install/moveit_ros_robot_interaction:/home/kush/UR5_Project_New/install/moveit_kinematics:/home/kush/UR5_Project_New/install/moveit_ros_planning:/home/kush/UR5_Project_New/install/moveit_ros_occupancy_map_monitor:/home/kush/UR5_Project_New/install/moveit_core:/home/kush/UR5_Project_New/install/rviz_marker_tools:/home/kush/UR5_Project_New/install/srdfdom:/home/kush/UR5_Project_New/install/moveit_task_constructor_msgs:/home/kush/UR5_Project_New/install/moveit_common:/opt/ros/humble LD_LIBRARY_PATH=/home/kush/UR5_Project_New/install/moveit_task_constructor_core/lib:/home/kush/UR5_Project_New/install/moveit_ros_visualization/lib:/home/kush/UR5_Project_New/install/moveit_ros_planning_interface/lib:/home/kush/UR5_Project_New/install/moveit_ros_move_group/lib:/home/kush/UR5_Project_New/install/moveit_ros_warehouse/lib:/home/kush/UR5_Project_New/install/moveit_ros_robot_interaction/lib:/home/kush/UR5_Project_New/install/moveit_kinematics/lib:/home/kush/UR5_Project_New/install/moveit_ros_planning/lib:/home/kush/UR5_Project_New/install/moveit_ros_occupancy_map_monitor/lib:/home/kush/UR5_Project_New/install/moveit_core/lib:/home/kush/UR5_Project_New/install/rviz_marker_tools/lib:/home/kush/UR5_Project_New/install/srdfdom/lib:/home/kush/UR5_Project_New/install/moveit_task_constructor_msgs/lib:${LD_LIBRARY_PATH} PATH=/home/kush/UR5_Project_New/install/moveit_core/bin:${PATH} PYTHONPATH=/home/kush/UR5_Project_New/install/srdfdom/local/lib/python3.10/dist-packages:/home/kush/UR5_Project_New/install/moveit_task_constructor_msgs/local/lib/python3.10/dist-packages:${PYTHONPATH} /usr/bin/cmake --install /home/kush/UR5_Project_New/build/moveit_task_constructor_visualization
[26.114s] -- Install configuration: "Release"
[26.116s] -- Up-to-date: /home/kush/UR5_Project_New/install/moveit_task_constructor_visualization/share/icons
[26.118s] -- Up-to-date: /home/kush/UR5_Project_New/install/moveit_task_constructor_visualization/share/icons/classes
[26.121s] -- Up-to-date: /home/kush/UR5_Project_New/install/moveit_task_constructor_visualization/share/icons/classes/Motion Planning Tasks.svg
[26.123s] -- Up-to-date: /home/kush/UR5_Project_New/install/moveit_task_constructor_visualization/share/moveit_task_constructor_visualization/motion_planning_tasks_rviz_plugin_description.xml
[26.126s] -- Up-to-date: /home/kush/UR5_Project_New/install/moveit_task_constructor_visualization/share/moveit_task_constructor_visualization/environment/library_path.sh
[26.128s] -- Installing: /home/kush/UR5_Project_New/install/moveit_task_constructor_visualization/share/moveit_task_constructor_visualization/environment/library_path.dsv
[26.132s] -- Up-to-date: /home/kush/UR5_Project_New/install/moveit_task_constructor_visualization/share/ament_index/resource_index/package_run_dependencies/moveit_task_constructor_visualization
[26.133s] -- Up-to-date: /home/kush/UR5_Project_New/install/moveit_task_constructor_visualization/share/ament_index/resource_index/parent_prefix_path/moveit_task_constructor_visualization
[26.134s] -- Up-to-date: /home/kush/UR5_Project_New/install/moveit_task_constructor_visualization/share/moveit_task_constructor_visualization/environment/ament_prefix_path.sh
[26.140s] -- Installing: /home/kush/UR5_Project_New/install/moveit_task_constructor_visualization/share/moveit_task_constructor_visualization/environment/ament_prefix_path.dsv
[26.141s] -- Up-to-date: /home/kush/UR5_Project_New/install/moveit_task_constructor_visualization/share/moveit_task_constructor_visualization/environment/path.sh
[26.141s] -- Installing: /home/kush/UR5_Project_New/install/moveit_task_constructor_visualization/share/moveit_task_constructor_visualization/environment/path.dsv
[26.142s] -- Up-to-date: /home/kush/UR5_Project_New/install/moveit_task_constructor_visualization/share/moveit_task_constructor_visualization/local_setup.bash
[26.143s] -- Up-to-date: /home/kush/UR5_Project_New/install/moveit_task_constructor_visualization/share/moveit_task_constructor_visualization/local_setup.sh
[26.143s] -- Up-to-date: /home/kush/UR5_Project_New/install/moveit_task_constructor_visualization/share/moveit_task_constructor_visualization/local_setup.zsh
[26.144s] -- Installing: /home/kush/UR5_Project_New/install/moveit_task_constructor_visualization/share/moveit_task_constructor_visualization/local_setup.dsv
[26.145s] -- Installing: /home/kush/UR5_Project_New/install/moveit_task_constructor_visualization/share/moveit_task_constructor_visualization/package.dsv
[26.146s] -- Up-to-date: /home/kush/UR5_Project_New/install/moveit_task_constructor_visualization/share/ament_index/resource_index/packages/moveit_task_constructor_visualization
[26.146s] -- Up-to-date: /home/kush/UR5_Project_New/install/moveit_task_constructor_visualization/share/ament_index/resource_index/rviz_common__pluginlib__plugin/moveit_task_constructor_visualization
[26.147s] -- Up-to-date: /home/kush/UR5_Project_New/install/moveit_task_constructor_visualization/share/moveit_task_constructor_visualization/cmake/ament_cmake_export_include_directories-extras.cmake
[26.147s] -- Up-to-date: /home/kush/UR5_Project_New/install/moveit_task_constructor_visualization/share/moveit_task_constructor_visualization/cmake/ament_cmake_export_libraries-extras.cmake
[26.148s] -- Up-to-date: /home/kush/UR5_Project_New/install/moveit_task_constructor_visualization/share/moveit_task_constructor_visualization/cmake/ament_cmake_export_dependencies-extras.cmake
[26.149s] -- Up-to-date: /home/kush/UR5_Project_New/install/moveit_task_constructor_visualization/share/moveit_task_constructor_visualization/cmake/moveit_task_constructor_visualizationConfig.cmake
[26.149s] -- Up-to-date: /home/kush/UR5_Project_New/install/moveit_task_constructor_visualization/share/moveit_task_constructor_visualization/cmake/moveit_task_constructor_visualizationConfig-version.cmake
[26.150s] -- Up-to-date: /home/kush/UR5_Project_New/install/moveit_task_constructor_visualization/share/moveit_task_constructor_visualization/package.xml
[26.152s] -- Up-to-date: /home/kush/UR5_Project_New/install/moveit_task_constructor_visualization/include
[26.152s] -- Up-to-date: /home/kush/UR5_Project_New/install/moveit_task_constructor_visualization/include/moveit
[26.153s] -- Up-to-date: /home/kush/UR5_Project_New/install/moveit_task_constructor_visualization/include/moveit/visualization_tools
[26.153s] -- Up-to-date: /home/kush/UR5_Project_New/install/moveit_task_constructor_visualization/include/moveit/visualization_tools/task_solution_panel.h
[26.154s] -- Up-to-date: /home/kush/UR5_Project_New/install/moveit_task_constructor_visualization/include/moveit/visualization_tools/marker_visualization.h
[26.154s] -- Up-to-date: /home/kush/UR5_Project_New/install/moveit_task_constructor_visualization/include/moveit/visualization_tools/task_solution_visualization.h
[26.158s] -- Up-to-date: /home/kush/UR5_Project_New/install/moveit_task_constructor_visualization/include/moveit/visualization_tools/display_solution.h
[26.185s] -- Up-to-date: /home/kush/UR5_Project_New/install/moveit_task_constructor_visualization/lib/libmoveit_task_visualization_tools.so.0.1.3
[26.185s] -- Up-to-date: /home/kush/UR5_Project_New/install/moveit_task_constructor_visualization/lib/libmoveit_task_visualization_tools.so
[26.206s] -- Up-to-date: /home/kush/UR5_Project_New/install/moveit_task_constructor_visualization/lib/libmotion_planning_tasks_utils.so
[26.208s] -- Up-to-date: /home/kush/UR5_Project_New/install/moveit_task_constructor_visualization/lib/libmotion_planning_tasks_properties.so
[26.251s] -- Up-to-date: /home/kush/UR5_Project_New/install/moveit_task_constructor_visualization/lib/libmotion_planning_tasks_rviz_plugin.so.0.1.3
[26.251s] -- Up-to-date: /home/kush/UR5_Project_New/install/moveit_task_constructor_visualization/lib/libmotion_planning_tasks_rviz_plugin.so
[26.266s] Invoked command in '/home/kush/UR5_Project_New/build/moveit_task_constructor_visualization' returned '0': AMENT_PREFIX_PATH=/home/kush/UR5_Project_New/install/moveit_task_constructor_core:/home/kush/UR5_Project_New/install/moveit_ros_visualization:/home/kush/UR5_Project_New/install/moveit_ros_planning_interface:/home/kush/UR5_Project_New/install/moveit_ros_move_group:/home/kush/UR5_Project_New/install/moveit_ros_warehouse:/home/kush/UR5_Project_New/install/moveit_ros_robot_interaction:/home/kush/UR5_Project_New/install/moveit_kinematics:/home/kush/UR5_Project_New/install/moveit_ros_planning:/home/kush/UR5_Project_New/install/moveit_ros_occupancy_map_monitor:/home/kush/UR5_Project_New/install/moveit_core:/home/kush/UR5_Project_New/install/rviz_marker_tools:/home/kush/UR5_Project_New/install/srdfdom:/home/kush/UR5_Project_New/install/moveit_task_constructor_msgs:/home/kush/UR5_Project_New/install/moveit_common:${AMENT_PREFIX_PATH} CMAKE_PREFIX_PATH=/home/kush/UR5_Project_New/install/moveit_task_constructor_core:/home/kush/UR5_Project_New/install/moveit_ros_visualization:/home/kush/UR5_Project_New/install/moveit_ros_planning_interface:/home/kush/UR5_Project_New/install/moveit_ros_move_group:/home/kush/UR5_Project_New/install/moveit_ros_warehouse:/home/kush/UR5_Project_New/install/moveit_ros_robot_interaction:/home/kush/UR5_Project_New/install/moveit_kinematics:/home/kush/UR5_Project_New/install/moveit_ros_planning:/home/kush/UR5_Project_New/install/moveit_ros_occupancy_map_monitor:/home/kush/UR5_Project_New/install/moveit_core:/home/kush/UR5_Project_New/install/rviz_marker_tools:/home/kush/UR5_Project_New/install/srdfdom:/home/kush/UR5_Project_New/install/moveit_task_constructor_msgs:/home/kush/UR5_Project_New/install/moveit_common:/opt/ros/humble LD_LIBRARY_PATH=/home/kush/UR5_Project_New/install/moveit_task_constructor_core/lib:/home/kush/UR5_Project_New/install/moveit_ros_visualization/lib:/home/kush/UR5_Project_New/install/moveit_ros_planning_interface/lib:/home/kush/UR5_Project_New/install/moveit_ros_move_group/lib:/home/kush/UR5_Project_New/install/moveit_ros_warehouse/lib:/home/kush/UR5_Project_New/install/moveit_ros_robot_interaction/lib:/home/kush/UR5_Project_New/install/moveit_kinematics/lib:/home/kush/UR5_Project_New/install/moveit_ros_planning/lib:/home/kush/UR5_Project_New/install/moveit_ros_occupancy_map_monitor/lib:/home/kush/UR5_Project_New/install/moveit_core/lib:/home/kush/UR5_Project_New/install/rviz_marker_tools/lib:/home/kush/UR5_Project_New/install/srdfdom/lib:/home/kush/UR5_Project_New/install/moveit_task_constructor_msgs/lib:${LD_LIBRARY_PATH} PATH=/home/kush/UR5_Project_New/install/moveit_core/bin:${PATH} PYTHONPATH=/home/kush/UR5_Project_New/install/srdfdom/local/lib/python3.10/dist-packages:/home/kush/UR5_Project_New/install/moveit_task_constructor_msgs/local/lib/python3.10/dist-packages:${PYTHONPATH} /usr/bin/cmake --install /home/kush/UR5_Project_New/build/moveit_task_constructor_visualization
