[0.583s] Invoking command in '/home/kush/UR5_Project_New/build/moveit_setup_framework': AMENT_PREFIX_PATH=/home/kush/UR5_Project_New/install/moveit_ros_visualization:/home/kush/UR5_Project_New/install/moveit_ros_planning_interface:/home/kush/UR5_Project_New/install/moveit_ros_move_group:/home/kush/UR5_Project_New/install/moveit_ros_warehouse:/home/kush/UR5_Project_New/install/moveit_ros_robot_interaction:/home/kush/UR5_Project_New/install/moveit_kinematics:/home/kush/UR5_Project_New/install/moveit_ros_planning:/home/kush/UR5_Project_New/install/moveit_ros_occupancy_map_monitor:/home/kush/UR5_Project_New/install/moveit_core:/home/kush/UR5_Project_New/install/srdfdom:/home/kush/UR5_Project_New/install/moveit_common:${AMENT_PREFIX_PATH} CMAKE_PREFIX_PATH=/home/kush/UR5_Project_New/install/moveit_ros_visualization:/home/kush/UR5_Project_New/install/moveit_ros_planning_interface:/home/kush/UR5_Project_New/install/moveit_ros_move_group:/home/kush/UR5_Project_New/install/moveit_ros_warehouse:/home/kush/UR5_Project_New/install/moveit_ros_robot_interaction:/home/kush/UR5_Project_New/install/moveit_kinematics:/home/kush/UR5_Project_New/install/moveit_ros_planning:/home/kush/UR5_Project_New/install/moveit_ros_occupancy_map_monitor:/home/kush/UR5_Project_New/install/moveit_core:/home/kush/UR5_Project_New/install/srdfdom:/home/kush/UR5_Project_New/install/moveit_common:/opt/ros/humble LD_LIBRARY_PATH=/home/kush/UR5_Project_New/install/moveit_ros_visualization/lib:/home/kush/UR5_Project_New/install/moveit_ros_planning_interface/lib:/home/kush/UR5_Project_New/install/moveit_ros_move_group/lib:/home/kush/UR5_Project_New/install/moveit_ros_warehouse/lib:/home/kush/UR5_Project_New/install/moveit_ros_robot_interaction/lib:/home/kush/UR5_Project_New/install/moveit_kinematics/lib:/home/kush/UR5_Project_New/install/moveit_ros_planning/lib:/home/kush/UR5_Project_New/install/moveit_ros_occupancy_map_monitor/lib:/home/kush/UR5_Project_New/install/moveit_core/lib:/home/kush/UR5_Project_New/install/srdfdom/lib:${LD_LIBRARY_PATH} PATH=/home/kush/UR5_Project_New/install/moveit_core/bin:${PATH} PYTHONPATH=/home/kush/UR5_Project_New/install/srdfdom/local/lib/python3.10/dist-packages:${PYTHONPATH} /usr/bin/cmake --build /home/kush/UR5_Project_New/build/moveit_setup_framework -- -j4 -l4
[0.923s] [35m[1mConsolidate compiler generated dependencies of target moveit_setup_framework[0m
[1.247s] [100%] Built target moveit_setup_framework
[1.290s] Invoked command in '/home/kush/UR5_Project_New/build/moveit_setup_framework' returned '0': AMENT_PREFIX_PATH=/home/kush/UR5_Project_New/install/moveit_ros_visualization:/home/kush/UR5_Project_New/install/moveit_ros_planning_interface:/home/kush/UR5_Project_New/install/moveit_ros_move_group:/home/kush/UR5_Project_New/install/moveit_ros_warehouse:/home/kush/UR5_Project_New/install/moveit_ros_robot_interaction:/home/kush/UR5_Project_New/install/moveit_kinematics:/home/kush/UR5_Project_New/install/moveit_ros_planning:/home/kush/UR5_Project_New/install/moveit_ros_occupancy_map_monitor:/home/kush/UR5_Project_New/install/moveit_core:/home/kush/UR5_Project_New/install/srdfdom:/home/kush/UR5_Project_New/install/moveit_common:${AMENT_PREFIX_PATH} CMAKE_PREFIX_PATH=/home/kush/UR5_Project_New/install/moveit_ros_visualization:/home/kush/UR5_Project_New/install/moveit_ros_planning_interface:/home/kush/UR5_Project_New/install/moveit_ros_move_group:/home/kush/UR5_Project_New/install/moveit_ros_warehouse:/home/kush/UR5_Project_New/install/moveit_ros_robot_interaction:/home/kush/UR5_Project_New/install/moveit_kinematics:/home/kush/UR5_Project_New/install/moveit_ros_planning:/home/kush/UR5_Project_New/install/moveit_ros_occupancy_map_monitor:/home/kush/UR5_Project_New/install/moveit_core:/home/kush/UR5_Project_New/install/srdfdom:/home/kush/UR5_Project_New/install/moveit_common:/opt/ros/humble LD_LIBRARY_PATH=/home/kush/UR5_Project_New/install/moveit_ros_visualization/lib:/home/kush/UR5_Project_New/install/moveit_ros_planning_interface/lib:/home/kush/UR5_Project_New/install/moveit_ros_move_group/lib:/home/kush/UR5_Project_New/install/moveit_ros_warehouse/lib:/home/kush/UR5_Project_New/install/moveit_ros_robot_interaction/lib:/home/kush/UR5_Project_New/install/moveit_kinematics/lib:/home/kush/UR5_Project_New/install/moveit_ros_planning/lib:/home/kush/UR5_Project_New/install/moveit_ros_occupancy_map_monitor/lib:/home/kush/UR5_Project_New/install/moveit_core/lib:/home/kush/UR5_Project_New/install/srdfdom/lib:${LD_LIBRARY_PATH} PATH=/home/kush/UR5_Project_New/install/moveit_core/bin:${PATH} PYTHONPATH=/home/kush/UR5_Project_New/install/srdfdom/local/lib/python3.10/dist-packages:${PYTHONPATH} /usr/bin/cmake --build /home/kush/UR5_Project_New/build/moveit_setup_framework -- -j4 -l4
[2.058s] Invoking command in '/home/kush/UR5_Project_New/build/moveit_setup_framework': AMENT_PREFIX_PATH=/home/kush/UR5_Project_New/install/moveit_ros_visualization:/home/kush/UR5_Project_New/install/moveit_ros_planning_interface:/home/kush/UR5_Project_New/install/moveit_ros_move_group:/home/kush/UR5_Project_New/install/moveit_ros_warehouse:/home/kush/UR5_Project_New/install/moveit_ros_robot_interaction:/home/kush/UR5_Project_New/install/moveit_kinematics:/home/kush/UR5_Project_New/install/moveit_ros_planning:/home/kush/UR5_Project_New/install/moveit_ros_occupancy_map_monitor:/home/kush/UR5_Project_New/install/moveit_core:/home/kush/UR5_Project_New/install/srdfdom:/home/kush/UR5_Project_New/install/moveit_common:${AMENT_PREFIX_PATH} CMAKE_PREFIX_PATH=/home/kush/UR5_Project_New/install/moveit_ros_visualization:/home/kush/UR5_Project_New/install/moveit_ros_planning_interface:/home/kush/UR5_Project_New/install/moveit_ros_move_group:/home/kush/UR5_Project_New/install/moveit_ros_warehouse:/home/kush/UR5_Project_New/install/moveit_ros_robot_interaction:/home/kush/UR5_Project_New/install/moveit_kinematics:/home/kush/UR5_Project_New/install/moveit_ros_planning:/home/kush/UR5_Project_New/install/moveit_ros_occupancy_map_monitor:/home/kush/UR5_Project_New/install/moveit_core:/home/kush/UR5_Project_New/install/srdfdom:/home/kush/UR5_Project_New/install/moveit_common:/opt/ros/humble LD_LIBRARY_PATH=/home/kush/UR5_Project_New/install/moveit_ros_visualization/lib:/home/kush/UR5_Project_New/install/moveit_ros_planning_interface/lib:/home/kush/UR5_Project_New/install/moveit_ros_move_group/lib:/home/kush/UR5_Project_New/install/moveit_ros_warehouse/lib:/home/kush/UR5_Project_New/install/moveit_ros_robot_interaction/lib:/home/kush/UR5_Project_New/install/moveit_kinematics/lib:/home/kush/UR5_Project_New/install/moveit_ros_planning/lib:/home/kush/UR5_Project_New/install/moveit_ros_occupancy_map_monitor/lib:/home/kush/UR5_Project_New/install/moveit_core/lib:/home/kush/UR5_Project_New/install/srdfdom/lib:${LD_LIBRARY_PATH} PATH=/home/kush/UR5_Project_New/install/moveit_core/bin:${PATH} PYTHONPATH=/home/kush/UR5_Project_New/install/srdfdom/local/lib/python3.10/dist-packages:${PYTHONPATH} /usr/bin/cmake --install /home/kush/UR5_Project_New/build/moveit_setup_framework
[2.106s] -- Install configuration: "Release"
[2.106s] -- Up-to-date: /home/kush/UR5_Project_New/install/moveit_setup_framework/include
[2.106s] -- Up-to-date: /home/kush/UR5_Project_New/install/moveit_setup_framework/include/moveit_setup_framework
[2.107s] -- Up-to-date: /home/kush/UR5_Project_New/install/moveit_setup_framework/include/moveit_setup_framework/setup_step.hpp
[2.107s] -- Up-to-date: /home/kush/UR5_Project_New/install/moveit_setup_framework/include/moveit_setup_framework/data
[2.107s] -- Up-to-date: /home/kush/UR5_Project_New/install/moveit_setup_framework/include/moveit_setup_framework/data/srdf_config.hpp
[2.107s] -- Up-to-date: /home/kush/UR5_Project_New/install/moveit_setup_framework/include/moveit_setup_framework/data/urdf_config.hpp
[2.107s] -- Up-to-date: /home/kush/UR5_Project_New/install/moveit_setup_framework/include/moveit_setup_framework/data/package_settings_config.hpp
[2.107s] -- Up-to-date: /home/kush/UR5_Project_New/install/moveit_setup_framework/include/moveit_setup_framework/templates.hpp
[2.108s] -- Up-to-date: /home/kush/UR5_Project_New/install/moveit_setup_framework/include/moveit_setup_framework/testing_utils.hpp
[2.108s] -- Up-to-date: /home/kush/UR5_Project_New/install/moveit_setup_framework/include/moveit_setup_framework/config.hpp
[2.108s] -- Up-to-date: /home/kush/UR5_Project_New/install/moveit_setup_framework/include/moveit_setup_framework/qt
[2.108s] -- Up-to-date: /home/kush/UR5_Project_New/install/moveit_setup_framework/include/moveit_setup_framework/qt/double_list_widget.hpp
[2.108s] -- Up-to-date: /home/kush/UR5_Project_New/install/moveit_setup_framework/include/moveit_setup_framework/qt/rviz_panel.hpp
[2.109s] -- Up-to-date: /home/kush/UR5_Project_New/install/moveit_setup_framework/include/moveit_setup_framework/qt/xml_syntax_highlighter.hpp
[2.109s] -- Up-to-date: /home/kush/UR5_Project_New/install/moveit_setup_framework/include/moveit_setup_framework/qt/helper_widgets.hpp
[2.109s] -- Up-to-date: /home/kush/UR5_Project_New/install/moveit_setup_framework/include/moveit_setup_framework/qt/setup_step_widget.hpp
[2.109s] -- Up-to-date: /home/kush/UR5_Project_New/install/moveit_setup_framework/include/moveit_setup_framework/data_warehouse.hpp
[2.109s] -- Up-to-date: /home/kush/UR5_Project_New/install/moveit_setup_framework/include/moveit_setup_framework/utilities.hpp
[2.109s] -- Up-to-date: /home/kush/UR5_Project_New/install/moveit_setup_framework/include/moveit_setup_framework/generated_time.hpp
[2.110s] -- Up-to-date: /home/kush/UR5_Project_New/install/moveit_setup_framework/include/moveit_setup_framework/generated_file.hpp
[2.110s] -- Up-to-date: /home/kush/UR5_Project_New/install/moveit_setup_framework/share/moveit_setup_framework/moveit_setup_framework_plugins.xml
[2.110s] -- Up-to-date: /home/kush/UR5_Project_New/install/moveit_setup_framework/share/moveit_setup_framework/templates
[2.110s] -- Up-to-date: /home/kush/UR5_Project_New/install/moveit_setup_framework/share/moveit_setup_framework/templates/package.xml.template
[2.110s] -- Up-to-date: /home/kush/UR5_Project_New/install/moveit_setup_framework/share/moveit_setup_framework/templates/CMakeLists.txt
[2.110s] -- Up-to-date: /home/kush/UR5_Project_New/install/moveit_setup_framework/share/moveit_setup_framework/templates/config
[2.110s] -- Up-to-date: /home/kush/UR5_Project_New/install/moveit_setup_framework/share/moveit_setup_framework/templates/config/pilz_cartesian_limits.yaml
[2.111s] -- Up-to-date: /home/kush/UR5_Project_New/install/moveit_setup_framework/share/moveit_setup_framework/environment/library_path.sh
[2.111s] -- Up-to-date: /home/kush/UR5_Project_New/install/moveit_setup_framework/share/moveit_setup_framework/environment/library_path.dsv
[2.111s] -- Up-to-date: /home/kush/UR5_Project_New/install/moveit_setup_framework/lib/libmoveit_setup_framework.so
[2.112s] -- Up-to-date: /home/kush/UR5_Project_New/install/moveit_setup_framework/share/moveit_setup_framework/moveit_setup_framework_plugins.xml
[2.112s] -- Up-to-date: /home/kush/UR5_Project_New/install/moveit_setup_framework/share/ament_index/resource_index/package_run_dependencies/moveit_setup_framework
[2.112s] -- Up-to-date: /home/kush/UR5_Project_New/install/moveit_setup_framework/share/ament_index/resource_index/parent_prefix_path/moveit_setup_framework
[2.112s] -- Up-to-date: /home/kush/UR5_Project_New/install/moveit_setup_framework/share/moveit_setup_framework/environment/ament_prefix_path.sh
[2.112s] -- Up-to-date: /home/kush/UR5_Project_New/install/moveit_setup_framework/share/moveit_setup_framework/environment/ament_prefix_path.dsv
[2.112s] -- Up-to-date: /home/kush/UR5_Project_New/install/moveit_setup_framework/share/moveit_setup_framework/environment/path.sh
[2.113s] -- Up-to-date: /home/kush/UR5_Project_New/install/moveit_setup_framework/share/moveit_setup_framework/environment/path.dsv
[2.113s] -- Up-to-date: /home/kush/UR5_Project_New/install/moveit_setup_framework/share/moveit_setup_framework/local_setup.bash
[2.113s] -- Up-to-date: /home/kush/UR5_Project_New/install/moveit_setup_framework/share/moveit_setup_framework/local_setup.sh
[2.113s] -- Up-to-date: /home/kush/UR5_Project_New/install/moveit_setup_framework/share/moveit_setup_framework/local_setup.zsh
[2.113s] -- Up-to-date: /home/kush/UR5_Project_New/install/moveit_setup_framework/share/moveit_setup_framework/local_setup.dsv
[2.114s] -- Installing: /home/kush/UR5_Project_New/install/moveit_setup_framework/share/moveit_setup_framework/package.dsv
[2.114s] -- Up-to-date: /home/kush/UR5_Project_New/install/moveit_setup_framework/share/ament_index/resource_index/packages/moveit_setup_framework
[2.114s] -- Up-to-date: /home/kush/UR5_Project_New/install/moveit_setup_framework/share/ament_index/resource_index/moveit_setup_framework__pluginlib__plugin/moveit_setup_framework
[2.114s] -- Up-to-date: /home/kush/UR5_Project_New/install/moveit_setup_framework/share/moveit_setup_framework/cmake/export_moveit_setup_frameworkExport.cmake
[2.129s] -- Up-to-date: /home/kush/UR5_Project_New/install/moveit_setup_framework/share/moveit_setup_framework/cmake/export_moveit_setup_frameworkExport-release.cmake
[2.129s] -- Up-to-date: /home/kush/UR5_Project_New/install/moveit_setup_framework/share/moveit_setup_framework/cmake/ament_cmake_export_targets-extras.cmake
[2.129s] -- Up-to-date: /home/kush/UR5_Project_New/install/moveit_setup_framework/share/moveit_setup_framework/cmake/ament_cmake_export_include_directories-extras.cmake
[2.129s] -- Up-to-date: /home/kush/UR5_Project_New/install/moveit_setup_framework/share/moveit_setup_framework/cmake/ament_cmake_export_dependencies-extras.cmake
[2.130s] -- Up-to-date: /home/kush/UR5_Project_New/install/moveit_setup_framework/share/moveit_setup_framework/cmake/moveit_setup_frameworkConfig.cmake
[2.130s] -- Up-to-date: /home/kush/UR5_Project_New/install/moveit_setup_framework/share/moveit_setup_framework/cmake/moveit_setup_frameworkConfig-version.cmake
[2.130s] -- Up-to-date: /home/kush/UR5_Project_New/install/moveit_setup_framework/share/moveit_setup_framework/package.xml
[2.130s] Invoked command in '/home/kush/UR5_Project_New/build/moveit_setup_framework' returned '0': AMENT_PREFIX_PATH=/home/kush/UR5_Project_New/install/moveit_ros_visualization:/home/kush/UR5_Project_New/install/moveit_ros_planning_interface:/home/kush/UR5_Project_New/install/moveit_ros_move_group:/home/kush/UR5_Project_New/install/moveit_ros_warehouse:/home/kush/UR5_Project_New/install/moveit_ros_robot_interaction:/home/kush/UR5_Project_New/install/moveit_kinematics:/home/kush/UR5_Project_New/install/moveit_ros_planning:/home/kush/UR5_Project_New/install/moveit_ros_occupancy_map_monitor:/home/kush/UR5_Project_New/install/moveit_core:/home/kush/UR5_Project_New/install/srdfdom:/home/kush/UR5_Project_New/install/moveit_common:${AMENT_PREFIX_PATH} CMAKE_PREFIX_PATH=/home/kush/UR5_Project_New/install/moveit_ros_visualization:/home/kush/UR5_Project_New/install/moveit_ros_planning_interface:/home/kush/UR5_Project_New/install/moveit_ros_move_group:/home/kush/UR5_Project_New/install/moveit_ros_warehouse:/home/kush/UR5_Project_New/install/moveit_ros_robot_interaction:/home/kush/UR5_Project_New/install/moveit_kinematics:/home/kush/UR5_Project_New/install/moveit_ros_planning:/home/kush/UR5_Project_New/install/moveit_ros_occupancy_map_monitor:/home/kush/UR5_Project_New/install/moveit_core:/home/kush/UR5_Project_New/install/srdfdom:/home/kush/UR5_Project_New/install/moveit_common:/opt/ros/humble LD_LIBRARY_PATH=/home/kush/UR5_Project_New/install/moveit_ros_visualization/lib:/home/kush/UR5_Project_New/install/moveit_ros_planning_interface/lib:/home/kush/UR5_Project_New/install/moveit_ros_move_group/lib:/home/kush/UR5_Project_New/install/moveit_ros_warehouse/lib:/home/kush/UR5_Project_New/install/moveit_ros_robot_interaction/lib:/home/kush/UR5_Project_New/install/moveit_kinematics/lib:/home/kush/UR5_Project_New/install/moveit_ros_planning/lib:/home/kush/UR5_Project_New/install/moveit_ros_occupancy_map_monitor/lib:/home/kush/UR5_Project_New/install/moveit_core/lib:/home/kush/UR5_Project_New/install/srdfdom/lib:${LD_LIBRARY_PATH} PATH=/home/kush/UR5_Project_New/install/moveit_core/bin:${PATH} PYTHONPATH=/home/kush/UR5_Project_New/install/srdfdom/local/lib/python3.10/dist-packages:${PYTHONPATH} /usr/bin/cmake --install /home/kush/UR5_Project_New/build/moveit_setup_framework
