[0.070s] Invoking command in '/home/kush/UR5_Project_New/build/rosparam_shortcuts': CMAKE_PREFIX_PATH=/opt/ros/humble /usr/bin/cmake --build /home/kush/UR5_Project_New/build/rosparam_shortcuts -- -j4 -l4
[0.418s] [ 23%] Built target rosparam_shortcuts
[0.532s] [ 38%] Built target gtest
[0.649s] [ 53%] Built target rosparam_shortcuts_node_parameters_example
[0.855s] [ 69%] Built target rosparam_shortcuts_example
[1.121s] [ 84%] Built target gtest_main
[1.237s] [100%] Built target test_node_parameters
[1.253s] Invoked command in '/home/kush/UR5_Project_New/build/rosparam_shortcuts' returned '0': CMAKE_PREFIX_PATH=/opt/ros/humble /usr/bin/cmake --build /home/kush/UR5_Project_New/build/rosparam_shortcuts -- -j4 -l4
[1.302s] Invoking command in '/home/kush/UR5_Project_New/build/rosparam_shortcuts': CMAKE_PREFIX_PATH=/opt/ros/humble /usr/bin/cmake --install /home/kush/UR5_Project_New/build/rosparam_shortcuts
[1.330s] -- Install configuration: "Release"
[1.368s] -- Up-to-date: /home/kush/UR5_Project_New/install/rosparam_shortcuts/lib/librosparam_shortcuts.so
[1.665s] -- Up-to-date: /home/kush/UR5_Project_New/install/rosparam_shortcuts/lib/rosparam_shortcuts/example
[1.743s] -- Up-to-date: /home/kush/UR5_Project_New/install/rosparam_shortcuts/lib/rosparam_shortcuts/node_parameters_example
[1.743s] -- Up-to-date: /home/kush/UR5_Project_New/install/rosparam_shortcuts/include
[1.744s] -- Up-to-date: /home/kush/UR5_Project_New/install/rosparam_shortcuts/include/rosparam_shortcuts
[1.744s] -- Up-to-date: /home/kush/UR5_Project_New/install/rosparam_shortcuts/include/rosparam_shortcuts/node_parameters.h
[1.744s] -- Up-to-date: /home/kush/UR5_Project_New/install/rosparam_shortcuts/include/rosparam_shortcuts/rosparam_shortcuts.h
[1.744s] -- Up-to-date: /home/kush/UR5_Project_New/install/rosparam_shortcuts/share/rosparam_shortcuts/launch
[1.745s] -- Up-to-date: /home/kush/UR5_Project_New/install/rosparam_shortcuts/share/rosparam_shortcuts/launch/example.launch.py
[1.745s] -- Up-to-date: /home/kush/UR5_Project_New/install/rosparam_shortcuts/share/rosparam_shortcuts/config
[1.745s] -- Up-to-date: /home/kush/UR5_Project_New/install/rosparam_shortcuts/share/rosparam_shortcuts/config/example.yaml
[1.745s] -- Up-to-date: /home/kush/UR5_Project_New/install/rosparam_shortcuts/share/rosparam_shortcuts/environment/library_path.sh
[1.745s] -- Up-to-date: /home/kush/UR5_Project_New/install/rosparam_shortcuts/share/rosparam_shortcuts/environment/library_path.dsv
[1.783s] -- Up-to-date: /home/kush/UR5_Project_New/install/rosparam_shortcuts/share/ament_index/resource_index/package_run_dependencies/rosparam_shortcuts
[1.784s] -- Up-to-date: /home/kush/UR5_Project_New/install/rosparam_shortcuts/share/ament_index/resource_index/parent_prefix_path/rosparam_shortcuts
[1.784s] -- Up-to-date: /home/kush/UR5_Project_New/install/rosparam_shortcuts/share/rosparam_shortcuts/environment/ament_prefix_path.sh
[1.784s] -- Up-to-date: /home/kush/UR5_Project_New/install/rosparam_shortcuts/share/rosparam_shortcuts/environment/ament_prefix_path.dsv
[1.785s] -- Up-to-date: /home/kush/UR5_Project_New/install/rosparam_shortcuts/share/rosparam_shortcuts/environment/path.sh
[1.785s] -- Up-to-date: /home/kush/UR5_Project_New/install/rosparam_shortcuts/share/rosparam_shortcuts/environment/path.dsv
[1.785s] -- Up-to-date: /home/kush/UR5_Project_New/install/rosparam_shortcuts/share/rosparam_shortcuts/local_setup.bash
[1.785s] -- Up-to-date: /home/kush/UR5_Project_New/install/rosparam_shortcuts/share/rosparam_shortcuts/local_setup.sh
[1.786s] -- Up-to-date: /home/kush/UR5_Project_New/install/rosparam_shortcuts/share/rosparam_shortcuts/local_setup.zsh
[1.786s] -- Up-to-date: /home/kush/UR5_Project_New/install/rosparam_shortcuts/share/rosparam_shortcuts/local_setup.dsv
[1.786s] -- Installing: /home/kush/UR5_Project_New/install/rosparam_shortcuts/share/rosparam_shortcuts/package.dsv
[1.854s] -- Up-to-date: /home/kush/UR5_Project_New/install/rosparam_shortcuts/share/ament_index/resource_index/packages/rosparam_shortcuts
[1.880s] -- Up-to-date: /home/kush/UR5_Project_New/install/rosparam_shortcuts/share/rosparam_shortcuts/cmake/export_rosparam_shortcutsExport.cmake
[1.880s] -- Up-to-date: /home/kush/UR5_Project_New/install/rosparam_shortcuts/share/rosparam_shortcuts/cmake/export_rosparam_shortcutsExport-release.cmake
[1.881s] -- Up-to-date: /home/kush/UR5_Project_New/install/rosparam_shortcuts/share/rosparam_shortcuts/cmake/ament_cmake_export_targets-extras.cmake
[1.881s] -- Up-to-date: /home/kush/UR5_Project_New/install/rosparam_shortcuts/share/rosparam_shortcuts/cmake/ament_cmake_export_dependencies-extras.cmake
[1.882s] -- Up-to-date: /home/kush/UR5_Project_New/install/rosparam_shortcuts/share/rosparam_shortcuts/cmake/rosparam_shortcutsConfig.cmake
[1.882s] -- Up-to-date: /home/kush/UR5_Project_New/install/rosparam_shortcuts/share/rosparam_shortcuts/cmake/rosparam_shortcutsConfig-version.cmake
[1.883s] -- Up-to-date: /home/kush/UR5_Project_New/install/rosparam_shortcuts/share/rosparam_shortcuts/package.xml
[1.891s] Invoked command in '/home/kush/UR5_Project_New/build/rosparam_shortcuts' returned '0': CMAKE_PREFIX_PATH=/opt/ros/humble /usr/bin/cmake --install /home/kush/UR5_Project_New/build/rosparam_shortcuts
