[0.172s] Invoking command in '/home/kush/UR5_Project_New/build/moveit_ros_warehouse': AMENT_PREFIX_PATH=/home/kush/UR5_Project_New/install/moveit_ros_planning:/home/kush/UR5_Project_New/install/moveit_ros_occupancy_map_monitor:/home/kush/UR5_Project_New/install/moveit_core:/home/kush/UR5_Project_New/install/srdfdom:/home/kush/UR5_Project_New/install/moveit_common:${AMENT_PREFIX_PATH} CMAKE_PREFIX_PATH=/home/kush/UR5_Project_New/install/moveit_ros_planning:/home/kush/UR5_Project_New/install/moveit_ros_occupancy_map_monitor:/home/kush/UR5_Project_New/install/moveit_core:/home/kush/UR5_Project_New/install/srdfdom:/home/kush/UR5_Project_New/install/moveit_common:/opt/ros/humble LD_LIBRARY_PATH=/home/kush/UR5_Project_New/install/moveit_ros_planning/lib:/home/kush/UR5_Project_New/install/moveit_ros_occupancy_map_monitor/lib:/home/kush/UR5_Project_New/install/moveit_core/lib:/home/kush/UR5_Project_New/install/srdfdom/lib:${LD_LIBRARY_PATH} PATH=/home/kush/UR5_Project_New/install/moveit_core/bin:${PATH} PYTHONPATH=/home/kush/UR5_Project_New/install/srdfdom/local/lib/python3.10/dist-packages:${PYTHONPATH} /usr/bin/cmake --build /home/kush/UR5_Project_New/build/moveit_ros_warehouse -- -j4 -l4
[0.910s] [35m[1mConsolidate compiler generated dependencies of target moveit_warehouse[0m
[1.288s] [ 40%] Built target moveit_warehouse
[1.410s] [35m[1mConsolidate compiler generated dependencies of target moveit_warehouse_import_from_text[0m
[1.439s] [35m[1mConsolidate compiler generated dependencies of target moveit_warehouse_save_as_text[0m
[1.445s] [35m[1mConsolidate compiler generated dependencies of target moveit_save_to_warehouse[0m
[1.448s] [35m[1mConsolidate compiler generated dependencies of target moveit_warehouse_broadcast[0m
[1.570s] [ 50%] Built target moveit_warehouse_import_from_text
[1.604s] [ 60%] Built target moveit_warehouse_save_as_text
[1.605s] [ 70%] Built target moveit_save_to_warehouse
[1.607s] [ 80%] Built target moveit_warehouse_broadcast
[1.706s] [35m[1mConsolidate compiler generated dependencies of target moveit_warehouse_services[0m
[1.744s] [35m[1mConsolidate compiler generated dependencies of target moveit_init_demo_warehouse[0m
[1.816s] [ 90%] Built target moveit_warehouse_services
[1.833s] [100%] Built target moveit_init_demo_warehouse
[1.912s] Invoked command in '/home/kush/UR5_Project_New/build/moveit_ros_warehouse' returned '0': AMENT_PREFIX_PATH=/home/kush/UR5_Project_New/install/moveit_ros_planning:/home/kush/UR5_Project_New/install/moveit_ros_occupancy_map_monitor:/home/kush/UR5_Project_New/install/moveit_core:/home/kush/UR5_Project_New/install/srdfdom:/home/kush/UR5_Project_New/install/moveit_common:${AMENT_PREFIX_PATH} CMAKE_PREFIX_PATH=/home/kush/UR5_Project_New/install/moveit_ros_planning:/home/kush/UR5_Project_New/install/moveit_ros_occupancy_map_monitor:/home/kush/UR5_Project_New/install/moveit_core:/home/kush/UR5_Project_New/install/srdfdom:/home/kush/UR5_Project_New/install/moveit_common:/opt/ros/humble LD_LIBRARY_PATH=/home/kush/UR5_Project_New/install/moveit_ros_planning/lib:/home/kush/UR5_Project_New/install/moveit_ros_occupancy_map_monitor/lib:/home/kush/UR5_Project_New/install/moveit_core/lib:/home/kush/UR5_Project_New/install/srdfdom/lib:${LD_LIBRARY_PATH} PATH=/home/kush/UR5_Project_New/install/moveit_core/bin:${PATH} PYTHONPATH=/home/kush/UR5_Project_New/install/srdfdom/local/lib/python3.10/dist-packages:${PYTHONPATH} /usr/bin/cmake --build /home/kush/UR5_Project_New/build/moveit_ros_warehouse -- -j4 -l4
[2.006s] Invoking command in '/home/kush/UR5_Project_New/build/moveit_ros_warehouse': AMENT_PREFIX_PATH=/home/kush/UR5_Project_New/install/moveit_ros_planning:/home/kush/UR5_Project_New/install/moveit_ros_occupancy_map_monitor:/home/kush/UR5_Project_New/install/moveit_core:/home/kush/UR5_Project_New/install/srdfdom:/home/kush/UR5_Project_New/install/moveit_common:${AMENT_PREFIX_PATH} CMAKE_PREFIX_PATH=/home/kush/UR5_Project_New/install/moveit_ros_planning:/home/kush/UR5_Project_New/install/moveit_ros_occupancy_map_monitor:/home/kush/UR5_Project_New/install/moveit_core:/home/kush/UR5_Project_New/install/srdfdom:/home/kush/UR5_Project_New/install/moveit_common:/opt/ros/humble LD_LIBRARY_PATH=/home/kush/UR5_Project_New/install/moveit_ros_planning/lib:/home/kush/UR5_Project_New/install/moveit_ros_occupancy_map_monitor/lib:/home/kush/UR5_Project_New/install/moveit_core/lib:/home/kush/UR5_Project_New/install/srdfdom/lib:${LD_LIBRARY_PATH} PATH=/home/kush/UR5_Project_New/install/moveit_core/bin:${PATH} PYTHONPATH=/home/kush/UR5_Project_New/install/srdfdom/local/lib/python3.10/dist-packages:${PYTHONPATH} /usr/bin/cmake --install /home/kush/UR5_Project_New/build/moveit_ros_warehouse
[2.049s] -- Install configuration: "Release"
[2.151s] -- Up-to-date: /home/kush/UR5_Project_New/install/moveit_ros_warehouse/lib/moveit_ros_warehouse/moveit_save_to_warehouse
[2.235s] -- Up-to-date: /home/kush/UR5_Project_New/install/moveit_ros_warehouse/lib/moveit_ros_warehouse/moveit_warehouse_broadcast
[2.324s] -- Up-to-date: /home/kush/UR5_Project_New/install/moveit_ros_warehouse/lib/moveit_ros_warehouse/moveit_warehouse_import_from_text
[2.394s] -- Up-to-date: /home/kush/UR5_Project_New/install/moveit_ros_warehouse/lib/moveit_ros_warehouse/moveit_warehouse_save_as_text
[2.406s] -- Up-to-date: /home/kush/UR5_Project_New/install/moveit_ros_warehouse/lib/moveit_ros_warehouse/moveit_init_demo_warehouse
[2.586s] -- Up-to-date: /home/kush/UR5_Project_New/install/moveit_ros_warehouse/lib/moveit_ros_warehouse/moveit_warehouse_services
[2.587s] -- Up-to-date: /home/kush/UR5_Project_New/install/moveit_ros_warehouse/include
[2.588s] -- Up-to-date: /home/kush/UR5_Project_New/install/moveit_ros_warehouse/include/moveit
[2.588s] -- Up-to-date: /home/kush/UR5_Project_New/install/moveit_ros_warehouse/include/moveit/warehouse
[2.589s] -- Up-to-date: /home/kush/UR5_Project_New/install/moveit_ros_warehouse/include/moveit/warehouse/planning_scene_world_storage.h
[2.589s] -- Up-to-date: /home/kush/UR5_Project_New/install/moveit_ros_warehouse/include/moveit/warehouse/constraints_storage.h
[2.590s] -- Up-to-date: /home/kush/UR5_Project_New/install/moveit_ros_warehouse/include/moveit/warehouse/planning_scene_storage.h
[2.590s] -- Up-to-date: /home/kush/UR5_Project_New/install/moveit_ros_warehouse/include/moveit/warehouse/trajectory_constraints_storage.h
[2.590s] -- Up-to-date: /home/kush/UR5_Project_New/install/moveit_ros_warehouse/include/moveit/warehouse/state_storage.h
[2.591s] -- Up-to-date: /home/kush/UR5_Project_New/install/moveit_ros_warehouse/include/moveit/warehouse/moveit_message_storage.h
[2.591s] -- Up-to-date: /home/kush/UR5_Project_New/install/moveit_ros_warehouse/include/moveit/warehouse/warehouse_connector.h
[2.591s] -- Up-to-date: /home/kush/UR5_Project_New/install/moveit_ros_warehouse/include/moveit_warehouse_export.h
[2.628s] -- Up-to-date: /home/kush/UR5_Project_New/install/moveit_ros_warehouse/lib/libmoveit_warehouse.so.2.5.4
[2.632s] -- Up-to-date: /home/kush/UR5_Project_New/install/moveit_ros_warehouse/lib/libmoveit_warehouse.so
[2.632s] -- Up-to-date: /home/kush/UR5_Project_New/install/moveit_ros_warehouse/share/moveit_ros_warehouse/environment/library_path.sh
[2.633s] -- Up-to-date: /home/kush/UR5_Project_New/install/moveit_ros_warehouse/share/moveit_ros_warehouse/environment/library_path.dsv
[2.633s] -- Up-to-date: /home/kush/UR5_Project_New/install/moveit_ros_warehouse/share/ament_index/resource_index/package_run_dependencies/moveit_ros_warehouse
[2.633s] -- Up-to-date: /home/kush/UR5_Project_New/install/moveit_ros_warehouse/share/ament_index/resource_index/parent_prefix_path/moveit_ros_warehouse
[2.633s] -- Up-to-date: /home/kush/UR5_Project_New/install/moveit_ros_warehouse/share/moveit_ros_warehouse/environment/ament_prefix_path.sh
[2.633s] -- Up-to-date: /home/kush/UR5_Project_New/install/moveit_ros_warehouse/share/moveit_ros_warehouse/environment/ament_prefix_path.dsv
[2.633s] -- Up-to-date: /home/kush/UR5_Project_New/install/moveit_ros_warehouse/share/moveit_ros_warehouse/environment/path.sh
[2.633s] -- Up-to-date: /home/kush/UR5_Project_New/install/moveit_ros_warehouse/share/moveit_ros_warehouse/environment/path.dsv
[2.636s] -- Up-to-date: /home/kush/UR5_Project_New/install/moveit_ros_warehouse/share/moveit_ros_warehouse/local_setup.bash
[2.636s] -- Up-to-date: /home/kush/UR5_Project_New/install/moveit_ros_warehouse/share/moveit_ros_warehouse/local_setup.sh
[2.636s] -- Up-to-date: /home/kush/UR5_Project_New/install/moveit_ros_warehouse/share/moveit_ros_warehouse/local_setup.zsh
[2.637s] -- Up-to-date: /home/kush/UR5_Project_New/install/moveit_ros_warehouse/share/moveit_ros_warehouse/local_setup.dsv
[2.637s] -- Installing: /home/kush/UR5_Project_New/install/moveit_ros_warehouse/share/moveit_ros_warehouse/package.dsv
[2.640s] -- Up-to-date: /home/kush/UR5_Project_New/install/moveit_ros_warehouse/share/ament_index/resource_index/packages/moveit_ros_warehouse
[2.671s] -- Up-to-date: /home/kush/UR5_Project_New/install/moveit_ros_warehouse/share/moveit_ros_warehouse/cmake/export_moveit_ros_warehouseExport.cmake
[2.671s] -- Up-to-date: /home/kush/UR5_Project_New/install/moveit_ros_warehouse/share/moveit_ros_warehouse/cmake/export_moveit_ros_warehouseExport-release.cmake
[2.677s] -- Up-to-date: /home/kush/UR5_Project_New/install/moveit_ros_warehouse/share/moveit_ros_warehouse/cmake/ConfigExtras.cmake
[2.677s] -- Up-to-date: /home/kush/UR5_Project_New/install/moveit_ros_warehouse/share/moveit_ros_warehouse/cmake/ament_cmake_export_targets-extras.cmake
[2.677s] -- Up-to-date: /home/kush/UR5_Project_New/install/moveit_ros_warehouse/share/moveit_ros_warehouse/cmake/ament_cmake_export_dependencies-extras.cmake
[2.677s] -- Up-to-date: /home/kush/UR5_Project_New/install/moveit_ros_warehouse/share/moveit_ros_warehouse/cmake/moveit_ros_warehouseConfig.cmake
[2.678s] -- Up-to-date: /home/kush/UR5_Project_New/install/moveit_ros_warehouse/share/moveit_ros_warehouse/cmake/moveit_ros_warehouseConfig-version.cmake
[2.678s] -- Up-to-date: /home/kush/UR5_Project_New/install/moveit_ros_warehouse/share/moveit_ros_warehouse/package.xml
[2.678s] Invoked command in '/home/kush/UR5_Project_New/build/moveit_ros_warehouse' returned '0': AMENT_PREFIX_PATH=/home/kush/UR5_Project_New/install/moveit_ros_planning:/home/kush/UR5_Project_New/install/moveit_ros_occupancy_map_monitor:/home/kush/UR5_Project_New/install/moveit_core:/home/kush/UR5_Project_New/install/srdfdom:/home/kush/UR5_Project_New/install/moveit_common:${AMENT_PREFIX_PATH} CMAKE_PREFIX_PATH=/home/kush/UR5_Project_New/install/moveit_ros_planning:/home/kush/UR5_Project_New/install/moveit_ros_occupancy_map_monitor:/home/kush/UR5_Project_New/install/moveit_core:/home/kush/UR5_Project_New/install/srdfdom:/home/kush/UR5_Project_New/install/moveit_common:/opt/ros/humble LD_LIBRARY_PATH=/home/kush/UR5_Project_New/install/moveit_ros_planning/lib:/home/kush/UR5_Project_New/install/moveit_ros_occupancy_map_monitor/lib:/home/kush/UR5_Project_New/install/moveit_core/lib:/home/kush/UR5_Project_New/install/srdfdom/lib:${LD_LIBRARY_PATH} PATH=/home/kush/UR5_Project_New/install/moveit_core/bin:${PATH} PYTHONPATH=/home/kush/UR5_Project_New/install/srdfdom/local/lib/python3.10/dist-packages:${PYTHONPATH} /usr/bin/cmake --install /home/kush/UR5_Project_New/build/moveit_ros_warehouse
