[0.111s] Invoking command in '/home/kush/UR5_Project_New/build/moveit_setup_framework': AMENT_PREFIX_PATH=/home/kush/UR5_Project_New/install/moveit_ros_visualization:/home/kush/UR5_Project_New/install/moveit_ros_planning_interface:/home/kush/UR5_Project_New/install/moveit_ros_move_group:/home/kush/UR5_Project_New/install/moveit_ros_warehouse:/home/kush/UR5_Project_New/install/moveit_ros_robot_interaction:/home/kush/UR5_Project_New/install/moveit_kinematics:/home/kush/UR5_Project_New/install/moveit_ros_planning:/home/kush/UR5_Project_New/install/moveit_ros_occupancy_map_monitor:/home/kush/UR5_Project_New/install/moveit_core:/home/kush/UR5_Project_New/install/srdfdom:/home/kush/UR5_Project_New/install/moveit_common:${AMENT_PREFIX_PATH} CMAKE_PREFIX_PATH=/home/kush/UR5_Project_New/install/moveit_ros_visualization:/home/kush/UR5_Project_New/install/moveit_ros_planning_interface:/home/kush/UR5_Project_New/install/moveit_ros_move_group:/home/kush/UR5_Project_New/install/moveit_ros_warehouse:/home/kush/UR5_Project_New/install/moveit_ros_robot_interaction:/home/kush/UR5_Project_New/install/moveit_kinematics:/home/kush/UR5_Project_New/install/moveit_ros_planning:/home/kush/UR5_Project_New/install/moveit_ros_occupancy_map_monitor:/home/kush/UR5_Project_New/install/moveit_core:/home/kush/UR5_Project_New/install/srdfdom:/home/kush/UR5_Project_New/install/moveit_common:/opt/ros/humble LD_LIBRARY_PATH=/home/kush/UR5_Project_New/install/moveit_ros_visualization/lib:/home/kush/UR5_Project_New/install/moveit_ros_planning_interface/lib:/home/kush/UR5_Project_New/install/moveit_ros_move_group/lib:/home/kush/UR5_Project_New/install/moveit_ros_warehouse/lib:/home/kush/UR5_Project_New/install/moveit_ros_robot_interaction/lib:/home/kush/UR5_Project_New/install/moveit_kinematics/lib:/home/kush/UR5_Project_New/install/moveit_ros_planning/lib:/home/kush/UR5_Project_New/install/moveit_ros_occupancy_map_monitor/lib:/home/kush/UR5_Project_New/install/moveit_core/lib:/home/kush/UR5_Project_New/install/srdfdom/lib:${LD_LIBRARY_PATH} PATH=/home/kush/UR5_Project_New/install/moveit_core/bin:${PATH} PYTHONPATH=/home/kush/UR5_Project_New/install/srdfdom/local/lib/python3.10/dist-packages:${PYTHONPATH} /usr/bin/cmake /home/kush/UR5_Project_New/src/moveit2/moveit_setup_assistant/moveit_setup_framework -DCMAKE_BUILD_TYPE=Release -DCMAKE_INSTALL_PREFIX=/home/kush/UR5_Project_New/install/moveit_setup_framework
[0.199s] -- The C compiler identification is GNU 11.4.0
[0.297s] -- The CXX compiler identification is GNU 11.4.0
[0.309s] -- Detecting C compiler ABI info
[0.441s] -- Detecting C compiler ABI info - done
[0.462s] -- Check for working C compiler: /usr/bin/cc - skipped
[0.463s] -- Detecting C compile features
[0.464s] -- Detecting C compile features - done
[0.473s] -- Detecting CXX compiler ABI info
[0.736s] -- Detecting CXX compiler ABI info - done
[0.758s] -- Check for working CXX compiler: /usr/bin/c++ - skipped
[0.758s] -- Detecting CXX compile features
[0.760s] -- Detecting CXX compile features - done
[0.764s] -- Found moveit_common: 2.5.4 (/home/kush/UR5_Project_New/install/moveit_common/share/moveit_common/cmake)
[0.772s] -- Found ament_cmake: 1.3.5 (/opt/ros/humble/share/ament_cmake/cmake)
[1.228s] -- Found Python3: /usr/bin/python3.10 (found version "3.10.12") found components: Interpreter 
[1.633s] -- Found libdw: /usr/lib/x86_64-linux-gnu/libdw.so  
[1.644s] -- Could NOT find libbfd (missing: LIBBFD_LIBRARY LIBBFD_INCLUDE_DIR) 
[1.644s] -- BACKWARD_HAS_UNWIND=1
[1.644s] -- BACKWARD_HAS_BACKTRACE=0
[1.644s] -- BACKWARD_HAS_BACKTRACE_SYMBOL=0
[1.644s] -- BACKWARD_HAS_DW=1
[1.645s] -- BACKWARD_HAS_BFD=0
[1.648s] -- Found Backward: /opt/ros/humble/share/backward_ros/cmake  
[1.660s] -- Found ament_cmake_ros: 0.10.0 (/opt/ros/humble/share/ament_cmake_ros/cmake)
[1.740s] -- Found ament_index_cpp: 1.4.0 (/opt/ros/humble/share/ament_index_cpp/cmake)
[1.744s] -- Found moveit_core: 2.5.4 (/home/kush/UR5_Project_New/install/moveit_core/share/moveit_core/cmake)
[2.291s] -- Found Boost: /usr/lib/x86_64-linux-gnu/cmake/Boost-1.74.0/BoostConfig.cmake (found version "1.74.0") found components: chrono date_time filesystem iostreams program_options regex serialization system thread 
[2.338s] -- Found parameter_traits: 0.3.3 (/opt/ros/humble/share/parameter_traits/cmake)
[2.456s] -- Found rosidl_generator_c: 3.1.5 (/opt/ros/humble/share/rosidl_generator_c/cmake)
[2.473s] -- Found rosidl_adapter: 3.1.5 (/opt/ros/humble/share/rosidl_adapter/cmake)
[2.499s] -- Found rosidl_generator_cpp: 3.1.5 (/opt/ros/humble/share/rosidl_generator_cpp/cmake)
[2.541s] -- Using all available rosidl_typesupport_c: rosidl_typesupport_fastrtps_c;rosidl_typesupport_introspection_c
[2.600s] -- Using all available rosidl_typesupport_cpp: rosidl_typesupport_fastrtps_cpp;rosidl_typesupport_introspection_cpp
[2.754s] -- Found rmw_implementation_cmake: 6.1.1 (/opt/ros/humble/share/rmw_implementation_cmake/cmake)
[2.761s] -- Found rmw_fastrtps_cpp: 6.2.3 (/opt/ros/humble/share/rmw_fastrtps_cpp/cmake)
[2.946s] -- Found OpenSSL: /usr/lib/x86_64-linux-gnu/libcrypto.so (found version "3.0.2")  
[2.987s] -- Found FastRTPS: /opt/ros/humble/include  
[3.070s] -- Using RMW implementation 'rmw_fastrtps_cpp' as default
[3.093s] -- Found Threads: TRUE  
[3.415s] -- Found rclcpp_lifecycle: 16.0.5 (/opt/ros/humble/share/rclcpp_lifecycle/cmake)
[3.498s] -- Found Boost: /usr/lib/x86_64-linux-gnu/cmake/Boost-1.74.0/BoostConfig.cmake (found version "1.74.0") found components: filesystem 
[3.767s] -- library: /usr/lib/x86_64-linux-gnu/libcurl.so
[4.343s] -- Found Eigen3: TRUE (found version "3.4.0") 
[4.343s] -- Ensuring Eigen3 include directory is part of orocos-kdl CMake target
[6.318s] -- Found moveit_ros_planning: 2.5.4 (/home/kush/UR5_Project_New/install/moveit_ros_planning/share/moveit_ros_planning/cmake)
[6.328s] -- Found Boost: /usr/lib/x86_64-linux-gnu/cmake/Boost-1.74.0/BoostConfig.cmake (found version "1.74.0") found components: system filesystem date_time program_options thread chrono 
[7.125s] -- Found moveit_ros_visualization: 2.5.4 (/home/kush/UR5_Project_New/install/moveit_ros_visualization/share/moveit_ros_visualization/cmake)
[7.133s] -- Found Boost: /usr/lib/x86_64-linux-gnu/cmake/Boost-1.74.0/BoostConfig.cmake (found version "1.74.0") found components: thread date_time system filesystem 
[7.303s] -- Found Boost: /usr/lib/x86_64-linux-gnu/cmake/Boost-1.74.0/BoostConfig.cmake (found version "1.74.0") found components: date_time filesystem program_options system thread 
[7.612s] -- Found Boost: /usr/lib/x86_64-linux-gnu/cmake/Boost-1.74.0/BoostConfig.cmake (found version "1.74.0") found components: thread system filesystem regex date_time program_options 
[8.014s] -- Found Boost: /usr/lib/x86_64-linux-gnu/cmake/Boost-1.74.0/BoostConfig.cmake (found version "1.74.0") found components: system filesystem date_time program_options thread 
[9.973s] -- Setting OGRE_DIR to: '/opt/ros/humble/share/rviz_ogre_vendor/cmake/../../../opt/rviz_ogre_vendor/lib/OGRE/cmake'
[9.994s] -- Found OGRE
[9.994s] --   static     : OFF
[9.994s] --   components : HLMS;MeshLodGenerator;Overlay;Paging;Property;RTShaderSystem;Terrain;Volume
[9.995s] --   plugins    : Plugin_BSPSceneManager;Plugin_OctreeSceneManager;Plugin_PCZSceneManager;Plugin_ParticleFX;RenderSystem_GL;RenderSystem_GL3Plus;Codec_STBI
[9.995s] --   media      : /opt/ros/humble/opt/rviz_ogre_vendor/share/OGRE/Media
[9.995s] -- OGRE_LIBRARIES: OgreHLMS;OgreMeshLodGenerator;OgreOverlay;OgrePaging;OgreProperty;OgreRTShaderSystem;OgreTerrain;OgreVolume;OgreMain
[9.995s] -- OGRE_LIBRARY_DIRS: /opt/ros/humble/opt/rviz_ogre_vendor/lib
[9.995s] -- OGRE_PLUGINS: Plugin_BSPSceneManager;Plugin_OctreeSceneManager;Plugin_PCZSceneManager;Plugin_ParticleFX;RenderSystem_GL;RenderSystem_GL3Plus;Codec_STBI
[9.996s] -- OGRE_PLUGIN_DIR: /opt/ros/humble/opt/rviz_ogre_vendor/lib/OGRE
[9.996s] -- rviz_ogre_vendor::OgreOverlay for IMPORTED_LOCATION_RELEASE: /opt/ros/humble/opt/rviz_ogre_vendor/lib/libOgreOverlay.so
[9.996s] -- rviz_ogre_vendor::OgreOverlay for IMPORTED_LOCATION_DEBUG: /opt/ros/humble/opt/rviz_ogre_vendor/lib/libOgreOverlay.so
[9.996s] -- rviz_ogre_vendor::OgreMain for IMPORTED_LOCATION_RELEASE: /opt/ros/humble/opt/rviz_ogre_vendor/lib/libOgreMain.so
[9.996s] -- rviz_ogre_vendor::OgreMain for IMPORTED_LOCATION_DEBUG: /opt/ros/humble/opt/rviz_ogre_vendor/lib/libOgreMain.so
[9.999s] -- Could not find freeimage library
[10.081s] -- Found ZLIB: /usr/lib/x86_64-linux-gnu/libz.so (found version "1.2.11") 
[10.109s] -- Found OpenGL: /usr/lib/x86_64-linux-gnu/libOpenGL.so   
[10.378s] -- Found X11: /usr/include   
[10.391s] -- Looking for XOpenDisplay in /usr/lib/x86_64-linux-gnu/libX11.so;/usr/lib/x86_64-linux-gnu/libXext.so
[10.684s] -- Looking for XOpenDisplay in /usr/lib/x86_64-linux-gnu/libX11.so;/usr/lib/x86_64-linux-gnu/libXext.so - found
[10.684s] -- Looking for gethostbyname
[10.853s] -- Looking for gethostbyname - found
[10.854s] -- Looking for connect
[11.028s] -- Looking for connect - found
[11.029s] -- Looking for remove
[11.212s] -- Looking for remove - found
[11.212s] -- Looking for shmat
[11.376s] -- Looking for shmat - found
[11.376s] -- Looking for IceConnectionNumber in ICE
[11.538s] -- Looking for IceConnectionNumber in ICE - found
[11.544s] -- rviz_ogre_vendor::RenderSystem_GL for IMPORTED_LOCATION_RELEASE: _render_system_gl_static_library_abs-NOTFOUND
[11.544s] -- rviz_ogre_vendor::RenderSystem_GL for IMPORTED_LOCATION_DEBUG: _render_system_gl_static_library_abs-NOTFOUND
[13.147s] -- Found ament_lint_auto: 0.12.7 (/opt/ros/humble/share/ament_lint_auto/cmake)
[13.200s] -- Added test 'lint_cmake' to check CMake code style
[13.201s] -- Added test 'xmllint' to check XML markup files
[13.221s] -- Configuring done
[13.492s] -- Generating done
[13.499s] -- Build files have been written to: /home/kush/UR5_Project_New/build/moveit_setup_framework
[13.525s] Invoked command in '/home/kush/UR5_Project_New/build/moveit_setup_framework' returned '0': AMENT_PREFIX_PATH=/home/kush/UR5_Project_New/install/moveit_ros_visualization:/home/kush/UR5_Project_New/install/moveit_ros_planning_interface:/home/kush/UR5_Project_New/install/moveit_ros_move_group:/home/kush/UR5_Project_New/install/moveit_ros_warehouse:/home/kush/UR5_Project_New/install/moveit_ros_robot_interaction:/home/kush/UR5_Project_New/install/moveit_kinematics:/home/kush/UR5_Project_New/install/moveit_ros_planning:/home/kush/UR5_Project_New/install/moveit_ros_occupancy_map_monitor:/home/kush/UR5_Project_New/install/moveit_core:/home/kush/UR5_Project_New/install/srdfdom:/home/kush/UR5_Project_New/install/moveit_common:${AMENT_PREFIX_PATH} CMAKE_PREFIX_PATH=/home/kush/UR5_Project_New/install/moveit_ros_visualization:/home/kush/UR5_Project_New/install/moveit_ros_planning_interface:/home/kush/UR5_Project_New/install/moveit_ros_move_group:/home/kush/UR5_Project_New/install/moveit_ros_warehouse:/home/kush/UR5_Project_New/install/moveit_ros_robot_interaction:/home/kush/UR5_Project_New/install/moveit_kinematics:/home/kush/UR5_Project_New/install/moveit_ros_planning:/home/kush/UR5_Project_New/install/moveit_ros_occupancy_map_monitor:/home/kush/UR5_Project_New/install/moveit_core:/home/kush/UR5_Project_New/install/srdfdom:/home/kush/UR5_Project_New/install/moveit_common:/opt/ros/humble LD_LIBRARY_PATH=/home/kush/UR5_Project_New/install/moveit_ros_visualization/lib:/home/kush/UR5_Project_New/install/moveit_ros_planning_interface/lib:/home/kush/UR5_Project_New/install/moveit_ros_move_group/lib:/home/kush/UR5_Project_New/install/moveit_ros_warehouse/lib:/home/kush/UR5_Project_New/install/moveit_ros_robot_interaction/lib:/home/kush/UR5_Project_New/install/moveit_kinematics/lib:/home/kush/UR5_Project_New/install/moveit_ros_planning/lib:/home/kush/UR5_Project_New/install/moveit_ros_occupancy_map_monitor/lib:/home/kush/UR5_Project_New/install/moveit_core/lib:/home/kush/UR5_Project_New/install/srdfdom/lib:${LD_LIBRARY_PATH} PATH=/home/kush/UR5_Project_New/install/moveit_core/bin:${PATH} PYTHONPATH=/home/kush/UR5_Project_New/install/srdfdom/local/lib/python3.10/dist-packages:${PYTHONPATH} /usr/bin/cmake /home/kush/UR5_Project_New/src/moveit2/moveit_setup_assistant/moveit_setup_framework -DCMAKE_BUILD_TYPE=Release -DCMAKE_INSTALL_PREFIX=/home/kush/UR5_Project_New/install/moveit_setup_framework
[13.529s] Invoking command in '/home/kush/UR5_Project_New/build/moveit_setup_framework': AMENT_PREFIX_PATH=/home/kush/UR5_Project_New/install/moveit_ros_visualization:/home/kush/UR5_Project_New/install/moveit_ros_planning_interface:/home/kush/UR5_Project_New/install/moveit_ros_move_group:/home/kush/UR5_Project_New/install/moveit_ros_warehouse:/home/kush/UR5_Project_New/install/moveit_ros_robot_interaction:/home/kush/UR5_Project_New/install/moveit_kinematics:/home/kush/UR5_Project_New/install/moveit_ros_planning:/home/kush/UR5_Project_New/install/moveit_ros_occupancy_map_monitor:/home/kush/UR5_Project_New/install/moveit_core:/home/kush/UR5_Project_New/install/srdfdom:/home/kush/UR5_Project_New/install/moveit_common:${AMENT_PREFIX_PATH} CMAKE_PREFIX_PATH=/home/kush/UR5_Project_New/install/moveit_ros_visualization:/home/kush/UR5_Project_New/install/moveit_ros_planning_interface:/home/kush/UR5_Project_New/install/moveit_ros_move_group:/home/kush/UR5_Project_New/install/moveit_ros_warehouse:/home/kush/UR5_Project_New/install/moveit_ros_robot_interaction:/home/kush/UR5_Project_New/install/moveit_kinematics:/home/kush/UR5_Project_New/install/moveit_ros_planning:/home/kush/UR5_Project_New/install/moveit_ros_occupancy_map_monitor:/home/kush/UR5_Project_New/install/moveit_core:/home/kush/UR5_Project_New/install/srdfdom:/home/kush/UR5_Project_New/install/moveit_common:/opt/ros/humble LD_LIBRARY_PATH=/home/kush/UR5_Project_New/install/moveit_ros_visualization/lib:/home/kush/UR5_Project_New/install/moveit_ros_planning_interface/lib:/home/kush/UR5_Project_New/install/moveit_ros_move_group/lib:/home/kush/UR5_Project_New/install/moveit_ros_warehouse/lib:/home/kush/UR5_Project_New/install/moveit_ros_robot_interaction/lib:/home/kush/UR5_Project_New/install/moveit_kinematics/lib:/home/kush/UR5_Project_New/install/moveit_ros_planning/lib:/home/kush/UR5_Project_New/install/moveit_ros_occupancy_map_monitor/lib:/home/kush/UR5_Project_New/install/moveit_core/lib:/home/kush/UR5_Project_New/install/srdfdom/lib:${LD_LIBRARY_PATH} PATH=/home/kush/UR5_Project_New/install/moveit_core/bin:${PATH} PYTHONPATH=/home/kush/UR5_Project_New/install/srdfdom/local/lib/python3.10/dist-packages:${PYTHONPATH} /usr/bin/cmake --build /home/kush/UR5_Project_New/build/moveit_setup_framework -- -j4 -l4
[13.600s] [  5%] [34m[1mGenerating include/moveit_setup_framework/qt/moc_setup_step_widget.cpp[0m
[13.634s] [ 10%] [34m[1mGenerating include/moveit_setup_framework/qt/moc_rviz_panel.cpp[0m
[13.654s] [ 15%] [34m[1mGenerating include/moveit_setup_framework/qt/moc_helper_widgets.cpp[0m
[13.684s] [ 21%] [34m[1mGenerating include/moveit_setup_framework/qt/moc_double_list_widget.cpp[0m
[13.731s] [ 26%] [32mBuilding CXX object CMakeFiles/moveit_setup_framework.dir/src/helper_widgets.cpp.o[0m
[16.113s] [ 31%] [32mBuilding CXX object CMakeFiles/moveit_setup_framework.dir/src/package_settings_config.cpp.o[0m
[21.138s] [ 36%] [32mBuilding CXX object CMakeFiles/moveit_setup_framework.dir/src/srdf_config.cpp.o[0m
[23.208s] [ 42%] [32mBuilding CXX object CMakeFiles/moveit_setup_framework.dir/src/urdf_config.cpp.o[0m
[25.313s] [ 47%] [32mBuilding CXX object CMakeFiles/moveit_setup_framework.dir/src/double_list_widget.cpp.o[0m
[54.325s] [ 52%] [32mBuilding CXX object CMakeFiles/moveit_setup_framework.dir/src/templates.cpp.o[0m
[62.412s] [ 57%] [32mBuilding CXX object CMakeFiles/moveit_setup_framework.dir/src/utilities.cpp.o[0m
[64.439s] [ 63%] [32mBuilding CXX object CMakeFiles/moveit_setup_framework.dir/src/xml_syntax_highlighter.cpp.o[0m
[66.895s] [ 68%] [32mBuilding CXX object CMakeFiles/moveit_setup_framework.dir/include/moveit_setup_framework/qt/moc_helper_widgets.cpp.o[0m
[68.794s] [ 73%] [32mBuilding CXX object CMakeFiles/moveit_setup_framework.dir/include/moveit_setup_framework/qt/moc_setup_step_widget.cpp.o[0m
[85.831s] [ 78%] [32mBuilding CXX object CMakeFiles/moveit_setup_framework.dir/include/moveit_setup_framework/qt/moc_rviz_panel.cpp.o[0m
[86.896s] [ 84%] [32mBuilding CXX object CMakeFiles/moveit_setup_framework.dir/src/data_warehouse.cpp.o[0m
[87.984s] [ 89%] [32mBuilding CXX object CMakeFiles/moveit_setup_framework.dir/src/rviz_panel.cpp.o[0m
[89.607s] [ 94%] [32mBuilding CXX object CMakeFiles/moveit_setup_framework.dir/include/moveit_setup_framework/qt/moc_double_list_widget.cpp.o[0m
[138.756s] [100%] [32m[1mLinking CXX shared library libmoveit_setup_framework.so[0m
[143.966s] [100%] Built target moveit_setup_framework
[143.983s] Invoked command in '/home/kush/UR5_Project_New/build/moveit_setup_framework' returned '0': AMENT_PREFIX_PATH=/home/kush/UR5_Project_New/install/moveit_ros_visualization:/home/kush/UR5_Project_New/install/moveit_ros_planning_interface:/home/kush/UR5_Project_New/install/moveit_ros_move_group:/home/kush/UR5_Project_New/install/moveit_ros_warehouse:/home/kush/UR5_Project_New/install/moveit_ros_robot_interaction:/home/kush/UR5_Project_New/install/moveit_kinematics:/home/kush/UR5_Project_New/install/moveit_ros_planning:/home/kush/UR5_Project_New/install/moveit_ros_occupancy_map_monitor:/home/kush/UR5_Project_New/install/moveit_core:/home/kush/UR5_Project_New/install/srdfdom:/home/kush/UR5_Project_New/install/moveit_common:${AMENT_PREFIX_PATH} CMAKE_PREFIX_PATH=/home/kush/UR5_Project_New/install/moveit_ros_visualization:/home/kush/UR5_Project_New/install/moveit_ros_planning_interface:/home/kush/UR5_Project_New/install/moveit_ros_move_group:/home/kush/UR5_Project_New/install/moveit_ros_warehouse:/home/kush/UR5_Project_New/install/moveit_ros_robot_interaction:/home/kush/UR5_Project_New/install/moveit_kinematics:/home/kush/UR5_Project_New/install/moveit_ros_planning:/home/kush/UR5_Project_New/install/moveit_ros_occupancy_map_monitor:/home/kush/UR5_Project_New/install/moveit_core:/home/kush/UR5_Project_New/install/srdfdom:/home/kush/UR5_Project_New/install/moveit_common:/opt/ros/humble LD_LIBRARY_PATH=/home/kush/UR5_Project_New/install/moveit_ros_visualization/lib:/home/kush/UR5_Project_New/install/moveit_ros_planning_interface/lib:/home/kush/UR5_Project_New/install/moveit_ros_move_group/lib:/home/kush/UR5_Project_New/install/moveit_ros_warehouse/lib:/home/kush/UR5_Project_New/install/moveit_ros_robot_interaction/lib:/home/kush/UR5_Project_New/install/moveit_kinematics/lib:/home/kush/UR5_Project_New/install/moveit_ros_planning/lib:/home/kush/UR5_Project_New/install/moveit_ros_occupancy_map_monitor/lib:/home/kush/UR5_Project_New/install/moveit_core/lib:/home/kush/UR5_Project_New/install/srdfdom/lib:${LD_LIBRARY_PATH} PATH=/home/kush/UR5_Project_New/install/moveit_core/bin:${PATH} PYTHONPATH=/home/kush/UR5_Project_New/install/srdfdom/local/lib/python3.10/dist-packages:${PYTHONPATH} /usr/bin/cmake --build /home/kush/UR5_Project_New/build/moveit_setup_framework -- -j4 -l4
[144.063s] Invoking command in '/home/kush/UR5_Project_New/build/moveit_setup_framework': AMENT_PREFIX_PATH=/home/kush/UR5_Project_New/install/moveit_ros_visualization:/home/kush/UR5_Project_New/install/moveit_ros_planning_interface:/home/kush/UR5_Project_New/install/moveit_ros_move_group:/home/kush/UR5_Project_New/install/moveit_ros_warehouse:/home/kush/UR5_Project_New/install/moveit_ros_robot_interaction:/home/kush/UR5_Project_New/install/moveit_kinematics:/home/kush/UR5_Project_New/install/moveit_ros_planning:/home/kush/UR5_Project_New/install/moveit_ros_occupancy_map_monitor:/home/kush/UR5_Project_New/install/moveit_core:/home/kush/UR5_Project_New/install/srdfdom:/home/kush/UR5_Project_New/install/moveit_common:${AMENT_PREFIX_PATH} CMAKE_PREFIX_PATH=/home/kush/UR5_Project_New/install/moveit_ros_visualization:/home/kush/UR5_Project_New/install/moveit_ros_planning_interface:/home/kush/UR5_Project_New/install/moveit_ros_move_group:/home/kush/UR5_Project_New/install/moveit_ros_warehouse:/home/kush/UR5_Project_New/install/moveit_ros_robot_interaction:/home/kush/UR5_Project_New/install/moveit_kinematics:/home/kush/UR5_Project_New/install/moveit_ros_planning:/home/kush/UR5_Project_New/install/moveit_ros_occupancy_map_monitor:/home/kush/UR5_Project_New/install/moveit_core:/home/kush/UR5_Project_New/install/srdfdom:/home/kush/UR5_Project_New/install/moveit_common:/opt/ros/humble LD_LIBRARY_PATH=/home/kush/UR5_Project_New/install/moveit_ros_visualization/lib:/home/kush/UR5_Project_New/install/moveit_ros_planning_interface/lib:/home/kush/UR5_Project_New/install/moveit_ros_move_group/lib:/home/kush/UR5_Project_New/install/moveit_ros_warehouse/lib:/home/kush/UR5_Project_New/install/moveit_ros_robot_interaction/lib:/home/kush/UR5_Project_New/install/moveit_kinematics/lib:/home/kush/UR5_Project_New/install/moveit_ros_planning/lib:/home/kush/UR5_Project_New/install/moveit_ros_occupancy_map_monitor/lib:/home/kush/UR5_Project_New/install/moveit_core/lib:/home/kush/UR5_Project_New/install/srdfdom/lib:${LD_LIBRARY_PATH} PATH=/home/kush/UR5_Project_New/install/moveit_core/bin:${PATH} PYTHONPATH=/home/kush/UR5_Project_New/install/srdfdom/local/lib/python3.10/dist-packages:${PYTHONPATH} /usr/bin/cmake --install /home/kush/UR5_Project_New/build/moveit_setup_framework
[144.076s] -- Install configuration: "Release"
[144.077s] -- Installing: /home/kush/UR5_Project_New/install/moveit_setup_framework/include
[144.077s] -- Installing: /home/kush/UR5_Project_New/install/moveit_setup_framework/include/moveit_setup_framework
[144.077s] -- Installing: /home/kush/UR5_Project_New/install/moveit_setup_framework/include/moveit_setup_framework/setup_step.hpp
[144.077s] -- Installing: /home/kush/UR5_Project_New/install/moveit_setup_framework/include/moveit_setup_framework/data
[144.078s] -- Installing: /home/kush/UR5_Project_New/install/moveit_setup_framework/include/moveit_setup_framework/data/srdf_config.hpp
[144.078s] -- Installing: /home/kush/UR5_Project_New/install/moveit_setup_framework/include/moveit_setup_framework/data/urdf_config.hpp
[144.078s] -- Installing: /home/kush/UR5_Project_New/install/moveit_setup_framework/include/moveit_setup_framework/data/package_settings_config.hpp
[144.078s] -- Installing: /home/kush/UR5_Project_New/install/moveit_setup_framework/include/moveit_setup_framework/templates.hpp
[144.078s] -- Installing: /home/kush/UR5_Project_New/install/moveit_setup_framework/include/moveit_setup_framework/testing_utils.hpp
[144.086s] -- Installing: /home/kush/UR5_Project_New/install/moveit_setup_framework/include/moveit_setup_framework/config.hpp
[144.087s] -- Installing: /home/kush/UR5_Project_New/install/moveit_setup_framework/include/moveit_setup_framework/qt
[144.087s] -- Installing: /home/kush/UR5_Project_New/install/moveit_setup_framework/include/moveit_setup_framework/qt/double_list_widget.hpp
[144.087s] -- Installing: /home/kush/UR5_Project_New/install/moveit_setup_framework/include/moveit_setup_framework/qt/rviz_panel.hpp
[144.088s] -- Installing: /home/kush/UR5_Project_New/install/moveit_setup_framework/include/moveit_setup_framework/qt/xml_syntax_highlighter.hpp
[144.088s] -- Installing: /home/kush/UR5_Project_New/install/moveit_setup_framework/include/moveit_setup_framework/qt/helper_widgets.hpp
[144.088s] -- Installing: /home/kush/UR5_Project_New/install/moveit_setup_framework/include/moveit_setup_framework/qt/setup_step_widget.hpp
[144.088s] -- Installing: /home/kush/UR5_Project_New/install/moveit_setup_framework/include/moveit_setup_framework/data_warehouse.hpp
[144.089s] -- Installing: /home/kush/UR5_Project_New/install/moveit_setup_framework/include/moveit_setup_framework/utilities.hpp
[144.089s] -- Installing: /home/kush/UR5_Project_New/install/moveit_setup_framework/include/moveit_setup_framework/generated_time.hpp
[144.089s] -- Installing: /home/kush/UR5_Project_New/install/moveit_setup_framework/include/moveit_setup_framework/generated_file.hpp
[144.089s] -- Installing: /home/kush/UR5_Project_New/install/moveit_setup_framework/share/moveit_setup_framework/moveit_setup_framework_plugins.xml
[144.089s] -- Installing: /home/kush/UR5_Project_New/install/moveit_setup_framework/share/moveit_setup_framework/templates
[144.090s] -- Installing: /home/kush/UR5_Project_New/install/moveit_setup_framework/share/moveit_setup_framework/templates/package.xml.template
[144.090s] -- Installing: /home/kush/UR5_Project_New/install/moveit_setup_framework/share/moveit_setup_framework/templates/CMakeLists.txt
[144.090s] -- Installing: /home/kush/UR5_Project_New/install/moveit_setup_framework/share/moveit_setup_framework/templates/config
[144.090s] -- Installing: /home/kush/UR5_Project_New/install/moveit_setup_framework/share/moveit_setup_framework/templates/config/pilz_cartesian_limits.yaml
[144.091s] -- Installing: /home/kush/UR5_Project_New/install/moveit_setup_framework/share/moveit_setup_framework/environment/library_path.sh
[144.091s] -- Installing: /home/kush/UR5_Project_New/install/moveit_setup_framework/share/moveit_setup_framework/environment/library_path.dsv
[144.091s] -- Installing: /home/kush/UR5_Project_New/install/moveit_setup_framework/lib/libmoveit_setup_framework.so
[144.093s] -- Set runtime path of "/home/kush/UR5_Project_New/install/moveit_setup_framework/lib/libmoveit_setup_framework.so" to ""
[144.094s] -- Up-to-date: /home/kush/UR5_Project_New/install/moveit_setup_framework/share/moveit_setup_framework/moveit_setup_framework_plugins.xml
[144.094s] -- Installing: /home/kush/UR5_Project_New/install/moveit_setup_framework/share/ament_index/resource_index/package_run_dependencies/moveit_setup_framework
[144.094s] -- Installing: /home/kush/UR5_Project_New/install/moveit_setup_framework/share/ament_index/resource_index/parent_prefix_path/moveit_setup_framework
[144.095s] -- Installing: /home/kush/UR5_Project_New/install/moveit_setup_framework/share/moveit_setup_framework/environment/ament_prefix_path.sh
[144.095s] -- Installing: /home/kush/UR5_Project_New/install/moveit_setup_framework/share/moveit_setup_framework/environment/ament_prefix_path.dsv
[144.095s] -- Installing: /home/kush/UR5_Project_New/install/moveit_setup_framework/share/moveit_setup_framework/environment/path.sh
[144.096s] -- Installing: /home/kush/UR5_Project_New/install/moveit_setup_framework/share/moveit_setup_framework/environment/path.dsv
[144.096s] -- Installing: /home/kush/UR5_Project_New/install/moveit_setup_framework/share/moveit_setup_framework/local_setup.bash
[144.096s] -- Installing: /home/kush/UR5_Project_New/install/moveit_setup_framework/share/moveit_setup_framework/local_setup.sh
[144.096s] -- Installing: /home/kush/UR5_Project_New/install/moveit_setup_framework/share/moveit_setup_framework/local_setup.zsh
[144.097s] -- Installing: /home/kush/UR5_Project_New/install/moveit_setup_framework/share/moveit_setup_framework/local_setup.dsv
[144.097s] -- Installing: /home/kush/UR5_Project_New/install/moveit_setup_framework/share/moveit_setup_framework/package.dsv
[144.097s] -- Installing: /home/kush/UR5_Project_New/install/moveit_setup_framework/share/ament_index/resource_index/packages/moveit_setup_framework
[144.098s] -- Installing: /home/kush/UR5_Project_New/install/moveit_setup_framework/share/ament_index/resource_index/moveit_setup_framework__pluginlib__plugin/moveit_setup_framework
[144.098s] -- Installing: /home/kush/UR5_Project_New/install/moveit_setup_framework/share/moveit_setup_framework/cmake/export_moveit_setup_frameworkExport.cmake
[144.098s] -- Installing: /home/kush/UR5_Project_New/install/moveit_setup_framework/share/moveit_setup_framework/cmake/export_moveit_setup_frameworkExport-release.cmake
[144.099s] -- Installing: /home/kush/UR5_Project_New/install/moveit_setup_framework/share/moveit_setup_framework/cmake/ament_cmake_export_targets-extras.cmake
[144.099s] -- Installing: /home/kush/UR5_Project_New/install/moveit_setup_framework/share/moveit_setup_framework/cmake/ament_cmake_export_include_directories-extras.cmake
[144.099s] -- Installing: /home/kush/UR5_Project_New/install/moveit_setup_framework/share/moveit_setup_framework/cmake/ament_cmake_export_dependencies-extras.cmake
[144.100s] -- Installing: /home/kush/UR5_Project_New/install/moveit_setup_framework/share/moveit_setup_framework/cmake/moveit_setup_frameworkConfig.cmake
[144.100s] -- Installing: /home/kush/UR5_Project_New/install/moveit_setup_framework/share/moveit_setup_framework/cmake/moveit_setup_frameworkConfig-version.cmake
[144.100s] -- Installing: /home/kush/UR5_Project_New/install/moveit_setup_framework/share/moveit_setup_framework/package.xml
[144.106s] Invoked command in '/home/kush/UR5_Project_New/build/moveit_setup_framework' returned '0': AMENT_PREFIX_PATH=/home/kush/UR5_Project_New/install/moveit_ros_visualization:/home/kush/UR5_Project_New/install/moveit_ros_planning_interface:/home/kush/UR5_Project_New/install/moveit_ros_move_group:/home/kush/UR5_Project_New/install/moveit_ros_warehouse:/home/kush/UR5_Project_New/install/moveit_ros_robot_interaction:/home/kush/UR5_Project_New/install/moveit_kinematics:/home/kush/UR5_Project_New/install/moveit_ros_planning:/home/kush/UR5_Project_New/install/moveit_ros_occupancy_map_monitor:/home/kush/UR5_Project_New/install/moveit_core:/home/kush/UR5_Project_New/install/srdfdom:/home/kush/UR5_Project_New/install/moveit_common:${AMENT_PREFIX_PATH} CMAKE_PREFIX_PATH=/home/kush/UR5_Project_New/install/moveit_ros_visualization:/home/kush/UR5_Project_New/install/moveit_ros_planning_interface:/home/kush/UR5_Project_New/install/moveit_ros_move_group:/home/kush/UR5_Project_New/install/moveit_ros_warehouse:/home/kush/UR5_Project_New/install/moveit_ros_robot_interaction:/home/kush/UR5_Project_New/install/moveit_kinematics:/home/kush/UR5_Project_New/install/moveit_ros_planning:/home/kush/UR5_Project_New/install/moveit_ros_occupancy_map_monitor:/home/kush/UR5_Project_New/install/moveit_core:/home/kush/UR5_Project_New/install/srdfdom:/home/kush/UR5_Project_New/install/moveit_common:/opt/ros/humble LD_LIBRARY_PATH=/home/kush/UR5_Project_New/install/moveit_ros_visualization/lib:/home/kush/UR5_Project_New/install/moveit_ros_planning_interface/lib:/home/kush/UR5_Project_New/install/moveit_ros_move_group/lib:/home/kush/UR5_Project_New/install/moveit_ros_warehouse/lib:/home/kush/UR5_Project_New/install/moveit_ros_robot_interaction/lib:/home/kush/UR5_Project_New/install/moveit_kinematics/lib:/home/kush/UR5_Project_New/install/moveit_ros_planning/lib:/home/kush/UR5_Project_New/install/moveit_ros_occupancy_map_monitor/lib:/home/kush/UR5_Project_New/install/moveit_core/lib:/home/kush/UR5_Project_New/install/srdfdom/lib:${LD_LIBRARY_PATH} PATH=/home/kush/UR5_Project_New/install/moveit_core/bin:${PATH} PYTHONPATH=/home/kush/UR5_Project_New/install/srdfdom/local/lib/python3.10/dist-packages:${PYTHONPATH} /usr/bin/cmake --install /home/kush/UR5_Project_New/build/moveit_setup_framework
