[0.167s] Invoking command in '/home/kush/UR5_Project_New/src/build/moveit_core': AMENT_PREFIX_PATH=/home/kush/UR5_Project_New/src/install/moveit_resources_panda_moveit_config:/home/kush/UR5_Project_New/src/install/srdfdom:/home/kush/UR5_Project_New/src/install/moveit_resources_pr2_description:/home/kush/UR5_Project_New/src/install/moveit_resources_panda_description:/home/kush/UR5_Project_New/src/install/moveit_common:${AMENT_PREFIX_PATH} CMAKE_PREFIX_PATH=/home/kush/UR5_Project_New/src/install/moveit_resources_panda_moveit_config:/home/kush/UR5_Project_New/src/install/srdfdom:/home/kush/UR5_Project_New/src/install/moveit_resources_pr2_description:/home/kush/UR5_Project_New/src/install/moveit_resources_panda_description:/home/kush/UR5_Project_New/src/install/moveit_common:/opt/ros/humble LD_LIBRARY_PATH=/home/kush/UR5_Project_New/src/install/srdfdom/lib:${LD_LIBRARY_PATH} PYTHONPATH=/home/kush/UR5_Project_New/src/install/srdfdom/local/lib/python3.10/dist-packages:${PYTHONPATH} /usr/bin/cmake /home/kush/UR5_Project_New/src/moveit2/moveit_core -DCMAKE_INSTALL_PREFIX=/home/kush/UR5_Project_New/src/install/moveit_core
[0.717s] -- The CXX compiler identification is GNU 11.4.0
[0.761s] -- Detecting CXX compiler ABI info
[1.212s] -- Detecting CXX compiler ABI info - done
[1.270s] -- Check for working CXX compiler: /usr/bin/c++ - skipped
[1.272s] -- Detecting CXX compile features
[1.273s] -- Detecting CXX compile features - done
[1.279s] -- Found moveit_common: 2.5.4 (/home/kush/UR5_Project_New/src/install/moveit_common/share/moveit_common/cmake)
[1.294s] -- Found ament_cmake: 1.3.5 (/opt/ros/humble/share/ament_cmake/cmake)
[2.099s] -- Found Python3: /usr/bin/python3.10 (found version "3.10.12") found components: Interpreter 
[2.813s] -- Found libdw: /usr/lib/x86_64-linux-gnu/libdw.so  
[2.832s] -- Could NOT find libbfd (missing: LIBBFD_LIBRARY LIBBFD_INCLUDE_DIR) 
[2.833s] -- BACKWARD_HAS_UNWIND=1
[2.833s] -- BACKWARD_HAS_BACKTRACE=0
[2.834s] -- BACKWARD_HAS_BACKTRACE_SYMBOL=0
[2.834s] -- BACKWARD_HAS_DW=1
[2.834s] -- BACKWARD_HAS_BFD=0
[2.837s] -- Found Backward: /opt/ros/humble/share/backward_ros/cmake  
[2.838s] [0mmoveit_core: You did not request a specific build type: Choosing 'Release' for maximum performance[0m
[2.844s] -- Found rclcpp: 16.0.5 (/opt/ros/humble/share/rclcpp/cmake)
[2.968s] -- Found rosidl_generator_c: 3.1.5 (/opt/ros/humble/share/rosidl_generator_c/cmake)
[2.984s] -- Found rosidl_adapter: 3.1.5 (/opt/ros/humble/share/rosidl_adapter/cmake)
[3.012s] -- Found rosidl_generator_cpp: 3.1.5 (/opt/ros/humble/share/rosidl_generator_cpp/cmake)
[3.059s] -- Using all available rosidl_typesupport_c: rosidl_typesupport_fastrtps_c;rosidl_typesupport_introspection_c
[3.143s] -- Using all available rosidl_typesupport_cpp: rosidl_typesupport_fastrtps_cpp;rosidl_typesupport_introspection_cpp
[3.463s] -- Found rmw_implementation_cmake: 6.1.1 (/opt/ros/humble/share/rmw_implementation_cmake/cmake)
[3.472s] -- Found rmw_fastrtps_cpp: 6.2.3 (/opt/ros/humble/share/rmw_fastrtps_cpp/cmake)
[3.809s] -- Found OpenSSL: /usr/lib/x86_64-linux-gnu/libcrypto.so (found version "3.0.2")  
[3.891s] -- Found FastRTPS: /opt/ros/humble/include  
[4.075s] -- Using RMW implementation 'rmw_fastrtps_cpp' as default
[4.108s] -- Looking for C++ include pthread.h
[4.434s] -- Looking for C++ include pthread.h - found
[4.435s] -- Performing Test CMAKE_HAVE_LIBC_PTHREAD
[5.090s] -- Performing Test CMAKE_HAVE_LIBC_PTHREAD - Success
[5.090s] -- Found Threads: TRUE  
[6.056s] -- Found eigen3_cmake_module: 0.1.1 (/opt/ros/humble/share/eigen3_cmake_module/cmake)
[6.101s] -- Found Eigen3: TRUE (found version "3.4.0") 
[6.109s] -- Found PkgConfig: /usr/bin/pkg-config (found version "0.29.2") 
[6.114s] -- Checking for module 'fcl>=0.5.0'
[6.224s] --   Found fcl, version 0.7.0
[6.555s] -- Found Bullet: /usr/lib/x86_64-linux-gnu/libBulletDynamics.so (Required is at least version "2.87") 
[6.593s] -- Found angles: 1.15.0 (/opt/ros/humble/share/angles/cmake)
[6.664s] -- Found urdf: 2.6.0 (/opt/ros/humble/share/urdf/cmake)
[6.808s] -- Found tf2_eigen: 0.25.3 (/opt/ros/humble/share/tf2_eigen/cmake)
[8.108s] -- Found tf2_kdl: 0.25.3 (/opt/ros/humble/share/tf2_kdl/cmake)
[8.215s] -- Ensuring Eigen3 include directory is part of orocos-kdl CMake target
[8.330s] -- Found tf2_geometry_msgs: 0.25.3 (/opt/ros/humble/share/tf2_geometry_msgs/cmake)
[8.465s] -- Found eigen_stl_containers: 1.0.0 (/opt/ros/humble/share/eigen_stl_containers/cmake)
[8.531s] -- Found generate_parameter_library: 0.3.3 (/opt/ros/humble/share/generate_parameter_library/cmake)
[8.560s] -- Found parameter_traits: 0.3.3 (/opt/ros/humble/share/parameter_traits/cmake)
[8.778s] -- Found rclcpp_lifecycle: 16.0.5 (/opt/ros/humble/share/rclcpp_lifecycle/cmake)
[9.079s] -- Found geometric_shapes: 2.1.3 (/opt/ros/humble/share/geometric_shapes/cmake)
[9.140s] -- Found Boost: /usr/lib/x86_64-linux-gnu/cmake/Boost-1.74.0/BoostConfig.cmake (found version "1.74.0") found components: filesystem 
[9.764s] -- library: /usr/lib/x86_64-linux-gnu/libcurl.so
[10.722s] -- Found kdl_parser: 2.6.4 (/opt/ros/humble/share/kdl_parser/cmake)
[10.731s] -- Found moveit_msgs: 2.2.1 (/opt/ros/humble/share/moveit_msgs/cmake)
[12.703s] -- Found srdfdom: 2.0.4 (/home/kush/UR5_Project_New/src/install/srdfdom/share/srdfdom/cmake)
[12.735s] -- Found common_interfaces: 4.2.3 (/opt/ros/humble/share/common_interfaces/cmake)
[12.991s] -- Found Boost: /usr/lib/x86_64-linux-gnu/cmake/Boost-1.74.0/BoostConfig.cmake (found version "1.74.0") found components: chrono date_time filesystem iostreams program_options regex serialization system thread 
[13.000s] --  *** Building MoveIt 2.5.4-Alpha ***
[13.059s] -- Performing Test COMPILER_HAS_HIDDEN_VISIBILITY
[13.632s] -- Performing Test COMPILER_HAS_HIDDEN_VISIBILITY - Success
[13.635s] -- Performing Test COMPILER_HAS_HIDDEN_INLINE_VISIBILITY
[14.355s] -- Performing Test COMPILER_HAS_HIDDEN_INLINE_VISIBILITY - Success
[14.356s] -- Performing Test COMPILER_HAS_DEPRECATED_ATTR
[15.102s] -- Performing Test COMPILER_HAS_DEPRECATED_ATTR - Success
[15.150s] -- Found ament_cmake_gtest: 1.3.5 (/opt/ros/humble/share/ament_cmake_gtest/cmake)
[15.169s] -- Found gtest sources under '/opt/ros/humble/src/gtest_vendor': C++ tests using 'Google Test' will be built
[15.466s] -- The C compiler identification is GNU 11.4.0
[15.518s] -- Detecting C compiler ABI info
[15.976s] -- Detecting C compiler ABI info - done
[16.039s] -- Check for working C compiler: /usr/bin/cc - skipped
[16.041s] -- Detecting C compile features
[16.052s] -- Detecting C compile features - done
[16.100s] -- Found ament_cmake_gmock: 1.3.5 (/opt/ros/humble/share/ament_cmake_gmock/cmake)
[16.156s] -- Found gmock sources under '/opt/ros/humble/src/gmock_vendor': C++ tests using 'Google Mock' will be built
[16.165s] -- Found ament_cmake_gtest: 1.3.5 (/opt/ros/humble/share/ament_cmake_gtest/cmake)
[16.166s] -- Found gtest sources under '/opt/ros/humble/src/gtest_vendor': C++ tests using 'Google Test' will be built
[16.217s] -- Found ament_cmake_gtest: 1.3.5 (/opt/ros/humble/share/ament_cmake_gtest/cmake)
[16.218s] -- Found gtest sources under '/opt/ros/humble/src/gtest_vendor': C++ tests using 'Google Test' will be built
[16.349s] -- Found ament_cmake_gtest: 1.3.5 (/opt/ros/humble/share/ament_cmake_gtest/cmake)
[16.351s] -- Found gtest sources under '/opt/ros/humble/src/gtest_vendor': C++ tests using 'Google Test' will be built
[16.458s] -- Found ament_lint_auto: 0.12.7 (/opt/ros/humble/share/ament_lint_auto/cmake)
[16.460s] -- Found ament_cmake_gtest: 1.3.5 (/opt/ros/humble/share/ament_cmake_gtest/cmake)
[16.462s] -- Found gtest sources under '/opt/ros/humble/src/gtest_vendor': C++ tests using 'Google Test' will be built
[16.575s] -- Found ament_cmake_gtest: 1.3.5 (/opt/ros/humble/share/ament_cmake_gtest/cmake)
[16.577s] -- Found gtest sources under '/opt/ros/humble/src/gtest_vendor': C++ tests using 'Google Test' will be built
[16.640s] -- Found ament_cmake_gtest: 1.3.5 (/opt/ros/humble/share/ament_cmake_gtest/cmake)
[16.641s] -- Found gtest sources under '/opt/ros/humble/src/gtest_vendor': C++ tests using 'Google Test' will be built
[16.697s] -- Found ament_cmake_gtest: 1.3.5 (/opt/ros/humble/share/ament_cmake_gtest/cmake)
[16.706s] -- Found gtest sources under '/opt/ros/humble/src/gtest_vendor': C++ tests using 'Google Test' will be built
[16.768s] -- Found gtest sources under '/opt/ros/humble/src/gtest_vendor': C++ tests using 'Google Test' will be built
[16.826s] -- Found gtest sources under '/opt/ros/humble/src/gtest_vendor': C++ tests using 'Google Test' will be built
[16.894s] -- Found ament_cmake_gtest: 1.3.5 (/opt/ros/humble/share/ament_cmake_gtest/cmake)
[16.895s] -- Found gtest sources under '/opt/ros/humble/src/gtest_vendor': C++ tests using 'Google Test' will be built
[17.010s] -- Found gtest sources under '/opt/ros/humble/src/gtest_vendor': C++ tests using 'Google Test' will be built
[17.061s] -- Found gtest sources under '/opt/ros/humble/src/gtest_vendor': C++ tests using 'Google Test' will be built
[17.101s] -- Found gtest sources under '/opt/ros/humble/src/gtest_vendor': C++ tests using 'Google Test' will be built
[17.122s] -- Found ament_lint_auto: 0.12.7 (/opt/ros/humble/share/ament_lint_auto/cmake)
[17.243s] -- Added test 'cppcheck' to perform static code analysis on C / C++ code
[17.253s] -- Configured cppcheck include dirs: /home/kush/UR5_Project_New/src/moveit2/moveit_core/exceptions/include;/home/kush/UR5_Project_New/src/moveit2/moveit_core/collision_detection/include;/home/kush/UR5_Project_New/src/moveit2/moveit_core/collision_detection_fcl/include;/home/kush/UR5_Project_New/src/moveit2/moveit_core/collision_detection_bullet/include;/home/kush/UR5_Project_New/src/moveit2/moveit_core/constraint_samplers/include;/home/kush/UR5_Project_New/src/moveit2/moveit_core/controller_manager/include;/home/kush/UR5_Project_New/src/moveit2/moveit_core/distance_field/include;/home/kush/UR5_Project_New/src/moveit2/moveit_core/collision_distance_field/include;/home/kush/UR5_Project_New/src/moveit2/moveit_core/dynamics_solver/include;/home/kush/UR5_Project_New/src/moveit2/moveit_core/kinematics_base/include;/home/kush/UR5_Project_New/src/moveit2/moveit_core/kinematics_metrics/include;/home/kush/UR5_Project_New/src/moveit2/moveit_core/robot_model/include;/home/kush/UR5_Project_New/src/moveit2/moveit_core/transforms/include;/home/kush/UR5_Project_New/src/moveit2/moveit_core/robot_state/include;/home/kush/UR5_Project_New/src/moveit2/moveit_core/robot_trajectory/include;/home/kush/UR5_Project_New/src/moveit2/moveit_core/kinematic_constraints/include;/home/kush/UR5_Project_New/src/moveit2/moveit_core/macros/include;/home/kush/UR5_Project_New/src/moveit2/moveit_core/online_signal_smoothing/include;/home/kush/UR5_Project_New/src/moveit2/moveit_core/planning_interface/include;/home/kush/UR5_Project_New/src/moveit2/moveit_core/planning_request_adapter/include;/home/kush/UR5_Project_New/src/moveit2/moveit_core/planning_scene/include;/home/kush/UR5_Project_New/src/moveit2/moveit_core/sensor_manager/include;/home/kush/UR5_Project_New/src/moveit2/moveit_core/trajectory_processing/include;/home/kush/UR5_Project_New/src/moveit2/moveit_core/utils/include
[17.253s] -- Configured cppcheck exclude dirs and/or files: 
[17.269s] -- Added test 'pep257' to check Python code against some of the docstring style conventions in PEP 257
[17.277s] -- Added test 'xmllint' to check XML markup files
[17.293s] -- Configuring done
[20.962s] -- Generating done
[21.042s] -- Build files have been written to: /home/kush/UR5_Project_New/src/build/moveit_core
[21.286s] Invoked command in '/home/kush/UR5_Project_New/src/build/moveit_core' returned '0': AMENT_PREFIX_PATH=/home/kush/UR5_Project_New/src/install/moveit_resources_panda_moveit_config:/home/kush/UR5_Project_New/src/install/srdfdom:/home/kush/UR5_Project_New/src/install/moveit_resources_pr2_description:/home/kush/UR5_Project_New/src/install/moveit_resources_panda_description:/home/kush/UR5_Project_New/src/install/moveit_common:${AMENT_PREFIX_PATH} CMAKE_PREFIX_PATH=/home/kush/UR5_Project_New/src/install/moveit_resources_panda_moveit_config:/home/kush/UR5_Project_New/src/install/srdfdom:/home/kush/UR5_Project_New/src/install/moveit_resources_pr2_description:/home/kush/UR5_Project_New/src/install/moveit_resources_panda_description:/home/kush/UR5_Project_New/src/install/moveit_common:/opt/ros/humble LD_LIBRARY_PATH=/home/kush/UR5_Project_New/src/install/srdfdom/lib:${LD_LIBRARY_PATH} PYTHONPATH=/home/kush/UR5_Project_New/src/install/srdfdom/local/lib/python3.10/dist-packages:${PYTHONPATH} /usr/bin/cmake /home/kush/UR5_Project_New/src/moveit2/moveit_core -DCMAKE_INSTALL_PREFIX=/home/kush/UR5_Project_New/src/install/moveit_core
[21.291s] Invoking command in '/home/kush/UR5_Project_New/src/build/moveit_core': AMENT_PREFIX_PATH=/home/kush/UR5_Project_New/src/install/moveit_resources_panda_moveit_config:/home/kush/UR5_Project_New/src/install/srdfdom:/home/kush/UR5_Project_New/src/install/moveit_resources_pr2_description:/home/kush/UR5_Project_New/src/install/moveit_resources_panda_description:/home/kush/UR5_Project_New/src/install/moveit_common:${AMENT_PREFIX_PATH} CMAKE_PREFIX_PATH=/home/kush/UR5_Project_New/src/install/moveit_resources_panda_moveit_config:/home/kush/UR5_Project_New/src/install/srdfdom:/home/kush/UR5_Project_New/src/install/moveit_resources_pr2_description:/home/kush/UR5_Project_New/src/install/moveit_resources_panda_description:/home/kush/UR5_Project_New/src/install/moveit_common:/opt/ros/humble LD_LIBRARY_PATH=/home/kush/UR5_Project_New/src/install/srdfdom/lib:${LD_LIBRARY_PATH} PYTHONPATH=/home/kush/UR5_Project_New/src/install/srdfdom/local/lib/python3.10/dist-packages:${PYTHONPATH} /usr/bin/cmake --build /home/kush/UR5_Project_New/src/build/moveit_core -- -j4 -l4
[21.626s] [  0%] [32mBuilding CXX object transforms/CMakeFiles/moveit_transforms.dir/src/transforms.cpp.o[0m
[47.089s] [  1%] [32m[1mLinking CXX shared library libmoveit_transforms.so[0m
[47.960s] [  1%] Built target moveit_transforms
[48.091s] [  2%] [32mBuilding CXX object distance_field/CMakeFiles/moveit_distance_field.dir/src/distance_field.cpp.o[0m
[73.630s] [  2%] [32mBuilding CXX object distance_field/CMakeFiles/moveit_distance_field.dir/src/find_internal_points.cpp.o[0m
[79.412s] [  3%] [32mBuilding CXX object distance_field/CMakeFiles/moveit_distance_field.dir/src/propagation_distance_field.cpp.o[0m
[105.599s] [  3%] [32m[1mLinking CXX shared library libmoveit_distance_field.so[0m
[106.244s] [  3%] Built target moveit_distance_field
[106.306s] [  4%] [32mBuilding CXX object utils/CMakeFiles/moveit_utils.dir/src/lexical_casts.cpp.o[0m
[107.941s] [  4%] [32mBuilding CXX object utils/CMakeFiles/moveit_utils.dir/src/message_checks.cpp.o[0m
[112.765s] [  5%] [32mBuilding CXX object utils/CMakeFiles/moveit_utils.dir/src/rclcpp_utils.cpp.o[0m
[114.111s] [  5%] [32m[1mLinking CXX shared library libmoveit_utils.so[0m
[116.765s] [  5%] Built target moveit_utils
[116.865s] [  5%] [32mBuilding CXX object gtest/CMakeFiles/gtest.dir/src/gtest-all.cc.o[0m
[141.584s] [  6%] [32m[1mLinking CXX static library libgtest.a[0m
[141.767s] [  6%] Built target gtest
[141.810s] [  7%] [32mBuilding CXX object gtest/CMakeFiles/gtest_main.dir/src/gtest_main.cc.o[0m
[144.352s] [  7%] [32m[1mLinking CXX static library libgtest_main.a[0m
[144.461s] [  7%] Built target gtest_main
[144.491s] [  7%] [32mBuilding CXX object gmock/CMakeFiles/gmock.dir/opt/ros/humble/src/gtest_vendor/src/gtest-all.cc.o[0m
[163.130s] [  8%] [32mBuilding CXX object gmock/CMakeFiles/gmock.dir/src/gmock-all.cc.o[0m
[171.033s] [  9%] [32m[1mLinking CXX static library libgmock.a[0m
[171.189s] [  9%] Built target gmock
[171.231s] [  9%] [32mBuilding CXX object gmock/CMakeFiles/gmock_main.dir/src/gmock_main.cc.o[0m
[175.269s] [ 10%] [32m[1mLinking CXX static library libgmock_main.a[0m
[175.405s] [ 10%] Built target gmock_main
[175.453s] [ 11%] [32mBuilding CXX object distance_field/CMakeFiles/test_voxel_grid.dir/test/test_voxel_grid.cpp.o[0m
[186.806s] [ 11%] [32m[1mLinking CXX executable test_voxel_grid[0m
[187.112s] [ 11%] Built target test_voxel_grid
[187.146s] [ 11%] [32mBuilding CXX object distance_field/CMakeFiles/test_distance_field.dir/test/test_distance_field.cpp.o[0m
[212.952s] [ 12%] [32m[1mLinking CXX executable test_distance_field[0m
[213.785s] [ 12%] Built target test_distance_field
[213.838s] [ 12%] [32mBuilding CXX object online_signal_smoothing/CMakeFiles/moveit_smoothing_base.dir/src/smoothing_base_class.cpp.o[0m
[221.815s] [ 13%] [32m[1mLinking CXX shared library libmoveit_smoothing_base.so[0m
[222.090s] [ 13%] Built target moveit_smoothing_base
[222.133s] [ 14%] [34m[1mRunning `/opt/ros/humble/bin/generate_parameter_library_py /home/kush/UR5_Project_New/src/build/moveit_core/online_signal_smoothing/moveit_butterworth_parameters/include//moveit_butterworth_parameters.hpp /home/kush/UR5_Project_New/src/moveit2/moveit_core/online_signal_smoothing/src/butterworth_parameters.yaml `[0m
[222.450s] [ 14%] Built target moveit_butterworth_parameters
[222.490s] [ 14%] [32mBuilding CXX object transforms/CMakeFiles/test_transforms.dir/test/test_transforms.cpp.o[0m
[230.250s] [ 15%] [32m[1mLinking CXX executable test_transforms[0m
[230.594s] [ 15%] Built target test_transforms
[230.641s] [ 16%] [32mBuilding CXX object version/CMakeFiles/moveit_version.dir/version.cpp.o[0m
[230.723s] [ 17%] [32m[1mLinking CXX executable moveit_version[0m
[230.867s] [ 17%] Built target moveit_version
[230.913s] [ 17%] [32mBuilding CXX object kinematics_base/CMakeFiles/moveit_kinematics_base.dir/src/kinematics_base.cpp.o[0m
[241.568s] [ 18%] [32m[1mLinking CXX shared library libmoveit_kinematics_base.so[0m
[241.922s] [ 18%] Built target moveit_kinematics_base
[241.953s] [ 18%] [32mBuilding CXX object exceptions/CMakeFiles/moveit_exceptions.dir/src/exceptions.cpp.o[0m
[243.695s] [ 19%] [32m[1mLinking CXX shared library libmoveit_exceptions.so[0m
[244.004s] [ 19%] Built target moveit_exceptions
[244.068s] [ 20%] [32mBuilding CXX object robot_model/CMakeFiles/moveit_robot_model.dir/src/aabb.cpp.o[0m
[248.971s] [ 21%] [32mBuilding CXX object robot_model/CMakeFiles/moveit_robot_model.dir/src/joint_model.cpp.o[0m
[255.796s] [ 21%] [32mBuilding CXX object robot_model/CMakeFiles/moveit_robot_model.dir/src/joint_model_group.cpp.o[0m
[272.899s] [ 22%] [32mBuilding CXX object robot_model/CMakeFiles/moveit_robot_model.dir/src/link_model.cpp.o[0m
[283.289s] [ 22%] [32mBuilding CXX object robot_model/CMakeFiles/moveit_robot_model.dir/src/planar_joint_model.cpp.o[0m
[294.163s] [ 23%] [32mBuilding CXX object robot_model/CMakeFiles/moveit_robot_model.dir/src/prismatic_joint_model.cpp.o[0m
[299.031s] [ 24%] [32mBuilding CXX object robot_model/CMakeFiles/moveit_robot_model.dir/src/revolute_joint_model.cpp.o[0m
[308.393s] [ 24%] [32mBuilding CXX object robot_model/CMakeFiles/moveit_robot_model.dir/src/robot_model.cpp.o[0m
[334.280s] [ 25%] [32mBuilding CXX object robot_model/CMakeFiles/moveit_robot_model.dir/src/floating_joint_model.cpp.o[0m
[341.923s] [ 25%] [32mBuilding CXX object robot_model/CMakeFiles/moveit_robot_model.dir/src/fixed_joint_model.cpp.o[0m
[345.494s] [ 26%] [32m[1mLinking CXX shared library libmoveit_robot_model.so[0m
[345.980s] [ 26%] Built target moveit_robot_model
[346.026s] [ 26%] [32mBuilding CXX object robot_state/CMakeFiles/moveit_robot_state.dir/src/attached_body.cpp.o[0m
[353.762s] [ 27%] [32mBuilding CXX object robot_state/CMakeFiles/moveit_robot_state.dir/src/conversions.cpp.o[0m
[375.523s] [ 28%] [32mBuilding CXX object robot_state/CMakeFiles/moveit_robot_state.dir/src/robot_state.cpp.o[0m
[422.961s] [ 28%] [32mBuilding CXX object robot_state/CMakeFiles/moveit_robot_state.dir/src/cartesian_interpolator.cpp.o[0m
[436.722s] [ 29%] [32m[1mLinking CXX shared library libmoveit_robot_state.so[0m
[437.207s] [ 29%] Built target moveit_robot_state
[437.260s] [ 30%] [32mBuilding CXX object online_signal_smoothing/CMakeFiles/moveit_butterworth_filter.dir/src/butterworth_filter.cpp.o[0m
[452.027s] [ 30%] [32m[1mLinking CXX shared library libmoveit_butterworth_filter.so[0m
[452.439s] [ 30%] Built target moveit_butterworth_filter
[452.474s] [ 30%] [32mBuilding CXX object robot_trajectory/CMakeFiles/moveit_robot_trajectory.dir/src/robot_trajectory.cpp.o[0m
[470.376s] [ 31%] [32m[1mLinking CXX shared library libmoveit_robot_trajectory.so[0m
[470.780s] [ 31%] Built target moveit_robot_trajectory
[470.848s] [ 32%] [32mBuilding CXX object dynamics_solver/CMakeFiles/moveit_dynamics_solver.dir/src/dynamics_solver.cpp.o[0m
[482.607s] [ 33%] [32m[1mLinking CXX shared library libmoveit_dynamics_solver.so[0m
[483.006s] [ 33%] Built target moveit_dynamics_solver
[483.045s] [ 33%] [32mBuilding CXX object kinematics_metrics/CMakeFiles/moveit_kinematics_metrics.dir/src/kinematics_metrics.cpp.o[0m
[513.004s] [ 34%] [32m[1mLinking CXX shared library libmoveit_kinematics_metrics.so[0m
[513.375s] [ 34%] Built target moveit_kinematics_metrics
[513.424s] [ 34%] [32mBuilding CXX object online_signal_smoothing/CMakeFiles/test_butterworth_filter.dir/test/test_butterworth_filter.cpp.o[0m
[525.472s] [ 35%] [32m[1mLinking CXX executable test_butterworth_filter[0m
[525.880s] [ 35%] Built target test_butterworth_filter
[525.939s] [ 36%] [32mBuilding CXX object planning_interface/CMakeFiles/moveit_planning_interface.dir/src/planning_interface.cpp.o[0m
[542.455s] [ 36%] [32mBuilding CXX object planning_interface/CMakeFiles/moveit_planning_interface.dir/src/planning_response.cpp.o[0m
[553.625s] [ 37%] [32m[1mLinking CXX shared library libmoveit_planning_interface.so[0m
[553.985s] [ 37%] Built target moveit_planning_interface
[554.030s] [ 38%] [32mBuilding CXX object trajectory_processing/CMakeFiles/moveit_trajectory_processing.dir/src/iterative_time_parameterization.cpp.o[0m
[561.050s] [ 38%] [32mBuilding CXX object trajectory_processing/CMakeFiles/moveit_trajectory_processing.dir/src/iterative_spline_parameterization.cpp.o[0m
[564.339s] [ 39%] [32mBuilding CXX object trajectory_processing/CMakeFiles/moveit_trajectory_processing.dir/src/ruckig_traj_smoothing.cpp.o[0m
[573.001s] [ 40%] [32mBuilding CXX object trajectory_processing/CMakeFiles/moveit_trajectory_processing.dir/src/trajectory_tools.cpp.o[0m
[574.425s] [ 40%] [32mBuilding CXX object trajectory_processing/CMakeFiles/moveit_trajectory_processing.dir/src/time_optimal_trajectory_generation.cpp.o[0m
[586.844s] [ 41%] [32m[1mLinking CXX shared library libmoveit_trajectory_processing.so[0m
[587.130s] [ 41%] Built target moveit_trajectory_processing
[587.166s] [ 43%] [32mBuilding CXX object collision_detection/CMakeFiles/moveit_collision_detection.dir/src/collision_common.cpp.o[0m
[587.166s] [ 43%] [32mBuilding CXX object utils/CMakeFiles/moveit_test_utils.dir/src/robot_model_test_utils.cpp.o[0m
[587.166s] [ 44%] [32mBuilding CXX object collision_detection/CMakeFiles/moveit_collision_detection.dir/src/collision_matrix.cpp.o[0m
[587.166s] [ 44%] [32mBuilding CXX object collision_detection/CMakeFiles/moveit_collision_detection.dir/src/allvalid/collision_env_allvalid.cpp.o[0m
[599.324s] [ 44%] [32mBuilding CXX object collision_detection/CMakeFiles/moveit_collision_detection.dir/src/collision_octomap_filter.cpp.o[0m
[602.204s] [ 45%] [32mBuilding CXX object collision_detection/CMakeFiles/moveit_collision_detection.dir/src/collision_tools.cpp.o[0m
[602.599s] [ 46%] [32mBuilding CXX object collision_detection/CMakeFiles/moveit_collision_detection.dir/src/world.cpp.o[0m
[611.964s] [ 46%] [32m[1mLinking CXX shared library libmoveit_test_utils.so[0m
[612.793s] [ 46%] Built target moveit_test_utils
[612.855s] [ 47%] [32mBuilding CXX object robot_model/CMakeFiles/test_robot_model.dir/test/test.cpp.o[0m
[613.968s] [ 47%] [32mBuilding CXX object collision_detection/CMakeFiles/moveit_collision_detection.dir/src/world_diff.cpp.o[0m
[614.486s] [ 48%] [32mBuilding CXX object collision_detection/CMakeFiles/moveit_collision_detection.dir/src/collision_env.cpp.o[0m
[626.195s] [ 48%] [32m[1mLinking CXX executable test_robot_model[0m
[626.781s] [ 48%] Built target test_robot_model
[626.820s] [ 49%] [32mBuilding CXX object robot_state/CMakeFiles/test_robot_state.dir/test/robot_state_test.cpp.o[0m
[627.227s] [ 49%] [32mBuilding CXX object collision_detection/CMakeFiles/moveit_collision_detection.dir/src/collision_plugin_cache.cpp.o[0m
[628.264s] [ 49%] [32mBuilding CXX object robot_state/CMakeFiles/test_robot_state_complex.dir/test/test_kinematic_complex.cpp.o[0m
[630.330s] [ 49%] [32mBuilding CXX object robot_state/CMakeFiles/test_robot_state_benchmark.dir/test/robot_state_benchmark.cpp.o[0m
[648.936s] [ 50%] [32m[1mLinking CXX executable test_robot_state_benchmark[0m
[650.049s] [ 50%] Built target test_robot_state_benchmark
[652.962s] [ 51%] [32m[1mLinking CXX executable test_robot_state[0m
[653.698s] [ 52%] [32m[1mLinking CXX executable test_robot_state_complex[0m
[654.205s] [ 52%] Built target test_robot_state
[654.500s] [ 52%] Built target test_robot_state_complex
[658.380s] [ 53%] [32m[1mLinking CXX shared library libmoveit_collision_detection.so[0m
[658.811s] [ 53%] Built target moveit_collision_detection
[658.841s] [ 54%] [32mBuilding CXX object robot_trajectory/CMakeFiles/test_robot_trajectory.dir/test/test_robot_trajectory.cpp.o[0m
[661.871s] [ 54%] [32mBuilding CXX object trajectory_processing/CMakeFiles/test_time_parameterization.dir/test/test_time_parameterization.cpp.o[0m
[661.893s] [ 54%] [32mBuilding CXX object robot_state/CMakeFiles/test_cartesian_interpolator.dir/test/test_cartesian_interpolator.cpp.o[0m
[662.920s] [ 54%] [32mBuilding CXX object robot_state/CMakeFiles/test_aabb.dir/test/test_aabb.cpp.o[0m
[678.793s] [ 55%] [32m[1mLinking CXX executable test_cartesian_interpolator[0m
[679.639s] [ 55%] [32m[1mLinking CXX executable test_robot_trajectory[0m
[679.780s] [ 55%] Built target test_cartesian_interpolator
[680.389s] [ 55%] Built target test_robot_trajectory
[683.056s] [ 56%] [32m[1mLinking CXX executable test_time_parameterization[0m
[683.712s] [ 56%] Built target test_time_parameterization
[683.848s] [ 57%] [32m[1mLinking CXX executable test_aabb[0m
[684.300s] [ 57%] Built target test_aabb
[684.328s] [ 58%] [32mBuilding CXX object collision_detection/CMakeFiles/test_world.dir/test/test_world.cpp.o[0m
[691.349s] [ 59%] [32mBuilding CXX object collision_detection/CMakeFiles/test_world_diff.dir/test/test_world_diff.cpp.o[0m
[692.372s] [ 60%] [32mBuilding CXX object trajectory_processing/CMakeFiles/test_ruckig_traj_smoothing.dir/test/test_ruckig_traj_smoothing.cpp.o[0m
[693.424s] [ 61%] [32mBuilding CXX object trajectory_processing/CMakeFiles/test_time_optimal_trajectory_generation.dir/test/test_time_optimal_trajectory_generation.cpp.o[0m
[695.598s] [ 61%] [32m[1mLinking CXX executable test_world[0m
[696.580s] [ 61%] Built target test_world
[704.542s] [ 62%] [32m[1mLinking CXX executable test_world_diff[0m
[705.236s] [ 62%] Built target test_world_diff
[709.481s] [ 62%] [32m[1mLinking CXX executable test_ruckig_traj_smoothing[0m
[710.085s] [ 62%] Built target test_ruckig_traj_smoothing
[713.206s] [ 63%] [32m[1mLinking CXX executable test_time_optimal_trajectory_generation[0m
[713.697s] [ 63%] Built target test_time_optimal_trajectory_generation
[713.730s] [ 63%] [32mBuilding CXX object collision_detection_fcl/CMakeFiles/moveit_collision_detection_fcl.dir/src/collision_common.cpp.o[0m
[713.735s] [ 64%] [32mBuilding CXX object collision_detection_fcl/CMakeFiles/moveit_collision_detection_fcl.dir/src/collision_env_fcl.cpp.o[0m
[713.735s] [ 65%] [32mBuilding CXX object collision_detection_bullet/CMakeFiles/moveit_collision_detection_bullet.dir/src/bullet_integration/bullet_utils.cpp.o[0m
[731.246s] [ 65%] [32mBuilding CXX object collision_detection_bullet/CMakeFiles/moveit_collision_detection_bullet.dir/src/bullet_integration/bullet_discrete_bvh_manager.cpp.o[0m
[732.263s] [ 66%] [32mBuilding CXX object collision_detection_bullet/CMakeFiles/moveit_collision_detection_bullet.dir/src/bullet_integration/bullet_cast_bvh_manager.cpp.o[0m
[733.001s] [ 67%] [32m[1mLinking CXX shared library libmoveit_collision_detection_fcl.so[0m
[733.701s] [ 67%] Built target moveit_collision_detection_fcl
[733.728s] [ 67%] [32mBuilding CXX object collision_detection_bullet/CMakeFiles/moveit_collision_detection_bullet.dir/src/collision_env_bullet.cpp.o[0m
[733.790s] [ 67%] [32mBuilding CXX object collision_detection/CMakeFiles/test_all_valid.dir/test/test_all_valid.cpp.o[0m
[750.063s] [ 68%] [32m[1mLinking CXX executable test_all_valid[0m
[750.528s] [ 68%] Built target test_all_valid
[751.542s] [ 69%] [32mBuilding CXX object collision_detection_bullet/CMakeFiles/moveit_collision_detection_bullet.dir/src/bullet_integration/contact_checker_common.cpp.o[0m
[751.582s] [ 69%] [32mBuilding CXX object kinematic_constraints/CMakeFiles/moveit_kinematic_constraints.dir/src/kinematic_constraint.cpp.o[0m
[752.017s] [ 70%] [32mBuilding CXX object kinematic_constraints/CMakeFiles/moveit_kinematic_constraints.dir/src/utils.cpp.o[0m
[752.038s] [ 71%] [32mBuilding CXX object collision_detection_bullet/CMakeFiles/moveit_collision_detection_bullet.dir/src/bullet_integration/bullet_bvh_manager.cpp.o[0m
[766.488s] [ 71%] [32mBuilding CXX object collision_detection_bullet/CMakeFiles/moveit_collision_detection_bullet.dir/src/bullet_integration/ros_bullet_utils.cpp.o[0m
[776.682s] [ 72%] [32m[1mLinking CXX shared library libmoveit_collision_detection_bullet.so[0m
[777.432s] [ 72%] Built target moveit_collision_detection_bullet
[784.235s] [ 73%] [32m[1mLinking CXX shared library libmoveit_kinematic_constraints.so[0m
[784.570s] [ 73%] Built target moveit_kinematic_constraints
[784.604s] [ 74%] [32mBuilding CXX object collision_detection_fcl/CMakeFiles/test_fcl_collision_detection_panda.dir/test/test_fcl_collision_detection_panda.cpp.o[0m
[784.604s] [ 75%] [32mBuilding CXX object collision_detection_fcl/CMakeFiles/test_fcl_collision_detection.dir/test/test_fcl_collision_detection_pr2.cpp.o[0m
[786.637s] [ 76%] [32mBuilding CXX object planning_scene/CMakeFiles/moveit_planning_scene.dir/src/planning_scene.cpp.o[0m
[788.704s] [ 77%] [32mBuilding CXX object collision_detection_fcl/CMakeFiles/test_fcl_collision_env.dir/test/test_fcl_env.cpp.o[0m
[810.199s] [ 77%] [32m[1mLinking CXX executable test_fcl_collision_detection_panda[0m
[811.361s] [ 77%] Built target test_fcl_collision_detection_panda
[813.599s] [ 77%] [32m[1mLinking CXX executable test_fcl_collision_detection[0m
[813.709s] [ 78%] [32m[1mLinking CXX executable test_fcl_collision_env[0m
[814.530s] [ 78%] Built target test_fcl_collision_detection
[814.636s] [ 78%] Built target test_fcl_collision_env
[821.694s] [ 79%] [32mBuilding CXX object collision_detection_bullet/CMakeFiles/test_bullet_collision_detection.dir/test/test_bullet_collision_detection_pr2.cpp.o[0m
[822.734s] [ 79%] [32mBuilding CXX object kinematic_constraints/CMakeFiles/test_orientation_constraints.dir/test/test_orientation_constraints.cpp.o[0m
[823.778s] [ 79%] [32mBuilding CXX object kinematic_constraints/CMakeFiles/test_constraints.dir/test/test_constraints.cpp.o[0m
[831.657s] [ 79%] [32m[1mLinking CXX shared library libmoveit_planning_scene.so[0m
[832.436s] [ 79%] Built target moveit_planning_scene
[844.910s] [ 79%] [32m[1mLinking CXX executable test_bullet_collision_detection[0m
[845.762s] [ 79%] Built target test_bullet_collision_detection
[846.856s] [ 80%] [32m[1mLinking CXX executable test_orientation_constraints[0m
[847.411s] [ 80%] Built target test_orientation_constraints
[850.574s] [ 81%] [32m[1mLinking CXX executable test_constraints[0m
[851.045s] [ 81%] Built target test_constraints
[851.074s] [ 81%] [32mBuilding CXX object collision_detection_fcl/CMakeFiles/collision_detector_fcl_plugin.dir/src/collision_detector_fcl_plugin_loader.cpp.o[0m
[852.091s] [ 81%] [32mBuilding CXX object collision_distance_field/CMakeFiles/moveit_collision_distance_field.dir/src/collision_distance_field_types.cpp.o[0m
[853.122s] [ 82%] [32mBuilding CXX object collision_detection_bullet/CMakeFiles/test_bullet_continuous_collision_checking.dir/test/test_bullet_continuous_collision_checking.cpp.o[0m
[854.207s] [ 83%] [32mBuilding CXX object collision_detection_bullet/CMakeFiles/test_bullet_collision_detection_panda.dir/test/test_bullet_collision_detection_panda.cpp.o[0m
[869.675s] [ 84%] [32mBuilding CXX object collision_distance_field/CMakeFiles/moveit_collision_distance_field.dir/src/collision_common_distance_field.cpp.o[0m
[874.072s] [ 85%] [32m[1mLinking CXX shared library libcollision_detector_fcl_plugin.so[0m
[874.680s] [ 85%] Built target collision_detector_fcl_plugin
[877.508s] [ 85%] [32m[1mLinking CXX executable test_bullet_collision_detection_panda[0m
[878.308s] [ 85%] Built target test_bullet_collision_detection_panda
[880.439s] [ 86%] [32m[1mLinking CXX executable test_bullet_continuous_collision_checking[0m
[881.033s] [ 86%] Built target test_bullet_continuous_collision_checking
[882.049s] [ 86%] [32mBuilding CXX object collision_distance_field/CMakeFiles/moveit_collision_distance_field.dir/src/collision_env_distance_field.cpp.o[0m
[882.072s] [ 86%] [32mBuilding CXX object planning_request_adapter/CMakeFiles/moveit_planning_request_adapter.dir/src/planning_request_adapter.cpp.o[0m
[884.187s] [ 86%] [32mBuilding CXX object constraint_samplers/CMakeFiles/moveit_constraint_samplers.dir/src/constraint_sampler.cpp.o[0m
[899.993s] [ 87%] [32m[1mLinking CXX shared library libmoveit_planning_request_adapter.so[0m
[900.432s] [ 87%] Built target moveit_planning_request_adapter
[901.109s] [ 88%] [32mBuilding CXX object constraint_samplers/CMakeFiles/moveit_constraint_samplers.dir/src/constraint_sampler_manager.cpp.o[0m
[910.226s] [ 89%] [32mBuilding CXX object collision_distance_field/CMakeFiles/moveit_collision_distance_field.dir/src/collision_env_hybrid.cpp.o[0m
[915.479s] [ 89%] [32mBuilding CXX object constraint_samplers/CMakeFiles/moveit_constraint_samplers.dir/src/constraint_sampler_tools.cpp.o[0m
[924.716s] [ 90%] [32m[1mLinking CXX shared library libmoveit_collision_distance_field.so[0m
[925.278s] [ 90%] Built target moveit_collision_distance_field
[926.996s] [ 91%] [32mBuilding CXX object constraint_samplers/CMakeFiles/moveit_constraint_samplers.dir/src/default_constraint_samplers.cpp.o[0m
[927.312s] [ 91%] [32mBuilding CXX object planning_scene/CMakeFiles/test_multi_threaded.dir/test/test_multi_threaded.cpp.o[0m
[928.344s] [ 92%] [32mBuilding CXX object planning_scene/CMakeFiles/test_collision_objects.dir/test/test_collision_objects.cpp.o[0m
[929.387s] [ 93%] [32mBuilding CXX object planning_scene/CMakeFiles/test_planning_scene.dir/test/test_planning_scene.cpp.o[0m
[950.225s] [ 94%] [32m[1mLinking CXX executable test_multi_threaded[0m
[951.378s] [ 94%] Built target test_multi_threaded
[954.845s] [ 94%] [32mBuilding CXX object constraint_samplers/CMakeFiles/moveit_constraint_samplers.dir/src/union_constraint_sampler.cpp.o[0m
[957.470s] [ 94%] [32m[1mLinking CXX executable test_collision_objects[0m
[958.219s] [ 94%] Built target test_collision_objects
[965.034s] [ 94%] [32m[1mLinking CXX executable test_planning_scene[0m
[965.666s] [ 94%] Built target test_planning_scene
[967.851s] [ 95%] [32m[1mLinking CXX shared library libmoveit_constraint_samplers.so[0m
[968.172s] [ 95%] Built target moveit_constraint_samplers
[968.200s] [ 96%] [32mBuilding CXX object collision_distance_field/CMakeFiles/test_collision_distance_field.dir/test/test_collision_distance_field.cpp.o[0m
[983.936s] [ 96%] [32m[1mLinking CXX executable test_collision_distance_field[0m
[984.417s] [ 96%] Built target test_collision_distance_field
[984.457s] [ 96%] [32mBuilding CXX object constraint_samplers/CMakeFiles/test_constraint_samplers.dir/test/pr2_arm_ik.cpp.o[0m
[984.457s] [ 98%] [32mBuilding CXX object constraint_samplers/CMakeFiles/test_constraint_samplers.dir/test/test_constraint_samplers.cpp.o[0m
[984.458s] [ 96%] [32mBuilding CXX object collision_detection_bullet/CMakeFiles/collision_detector_bullet_plugin.dir/src/collision_detector_bullet_plugin_loader.cpp.o[0m
[984.458s] [ 98%] [32mBuilding CXX object constraint_samplers/CMakeFiles/test_constraint_samplers.dir/test/pr2_arm_kinematics_plugin.cpp.o[0m
[1004.349s] [ 99%] [32m[1mLinking CXX shared library libcollision_detector_bullet_plugin.so[0m
[1004.710s] [ 99%] Built target collision_detector_bullet_plugin
[1015.281s] [100%] [32m[1mLinking CXX executable test_constraint_samplers[0m
[1015.860s] [100%] Built target test_constraint_samplers
[1015.896s] Invoked command in '/home/kush/UR5_Project_New/src/build/moveit_core' returned '0': AMENT_PREFIX_PATH=/home/kush/UR5_Project_New/src/install/moveit_resources_panda_moveit_config:/home/kush/UR5_Project_New/src/install/srdfdom:/home/kush/UR5_Project_New/src/install/moveit_resources_pr2_description:/home/kush/UR5_Project_New/src/install/moveit_resources_panda_description:/home/kush/UR5_Project_New/src/install/moveit_common:${AMENT_PREFIX_PATH} CMAKE_PREFIX_PATH=/home/kush/UR5_Project_New/src/install/moveit_resources_panda_moveit_config:/home/kush/UR5_Project_New/src/install/srdfdom:/home/kush/UR5_Project_New/src/install/moveit_resources_pr2_description:/home/kush/UR5_Project_New/src/install/moveit_resources_panda_description:/home/kush/UR5_Project_New/src/install/moveit_common:/opt/ros/humble LD_LIBRARY_PATH=/home/kush/UR5_Project_New/src/install/srdfdom/lib:${LD_LIBRARY_PATH} PYTHONPATH=/home/kush/UR5_Project_New/src/install/srdfdom/local/lib/python3.10/dist-packages:${PYTHONPATH} /usr/bin/cmake --build /home/kush/UR5_Project_New/src/build/moveit_core -- -j4 -l4
[1015.993s] Invoking command in '/home/kush/UR5_Project_New/src/build/moveit_core': AMENT_PREFIX_PATH=/home/kush/UR5_Project_New/src/install/moveit_resources_panda_moveit_config:/home/kush/UR5_Project_New/src/install/srdfdom:/home/kush/UR5_Project_New/src/install/moveit_resources_pr2_description:/home/kush/UR5_Project_New/src/install/moveit_resources_panda_description:/home/kush/UR5_Project_New/src/install/moveit_common:${AMENT_PREFIX_PATH} CMAKE_PREFIX_PATH=/home/kush/UR5_Project_New/src/install/moveit_resources_panda_moveit_config:/home/kush/UR5_Project_New/src/install/srdfdom:/home/kush/UR5_Project_New/src/install/moveit_resources_pr2_description:/home/kush/UR5_Project_New/src/install/moveit_resources_panda_description:/home/kush/UR5_Project_New/src/install/moveit_common:/opt/ros/humble LD_LIBRARY_PATH=/home/kush/UR5_Project_New/src/install/srdfdom/lib:${LD_LIBRARY_PATH} PYTHONPATH=/home/kush/UR5_Project_New/src/install/srdfdom/local/lib/python3.10/dist-packages:${PYTHONPATH} /usr/bin/cmake --install /home/kush/UR5_Project_New/src/build/moveit_core
[1016.004s] -- Install configuration: "Release"
[1016.005s] -- Installing: /home/kush/UR5_Project_New/src/install/moveit_core/include/moveit/version.h
[1016.005s] -- Up-to-date: /home/kush/UR5_Project_New/src/install/moveit_core/include
[1016.005s] -- Up-to-date: /home/kush/UR5_Project_New/src/install/moveit_core/include/moveit
[1016.005s] -- Installing: /home/kush/UR5_Project_New/src/install/moveit_core/include/moveit/collision_distance_field
[1016.006s] -- Installing: /home/kush/UR5_Project_New/src/install/moveit_core/include/moveit/collision_distance_field/collision_common_distance_field.h
[1016.006s] -- Installing: /home/kush/UR5_Project_New/src/install/moveit_core/include/moveit/collision_distance_field/collision_detector_allocator_distance_field.h
[1016.006s] -- Installing: /home/kush/UR5_Project_New/src/install/moveit_core/include/moveit/collision_distance_field/collision_detector_allocator_hybrid.h
[1016.006s] -- Installing: /home/kush/UR5_Project_New/src/install/moveit_core/include/moveit/collision_distance_field/collision_env_distance_field.h
[1016.007s] -- Installing: /home/kush/UR5_Project_New/src/install/moveit_core/include/moveit/collision_distance_field/collision_env_hybrid.h
[1016.007s] -- Installing: /home/kush/UR5_Project_New/src/install/moveit_core/include/moveit/collision_distance_field/collision_distance_field_types.h
[1016.007s] -- Installing: /home/kush/UR5_Project_New/src/install/moveit_core/include/moveit_collision_distance_field_export.h
[1016.007s] -- Up-to-date: /home/kush/UR5_Project_New/src/install/moveit_core/include
[1016.008s] -- Up-to-date: /home/kush/UR5_Project_New/src/install/moveit_core/include/moveit
[1016.008s] -- Installing: /home/kush/UR5_Project_New/src/install/moveit_core/include/moveit/constraint_samplers
[1016.008s] -- Installing: /home/kush/UR5_Project_New/src/install/moveit_core/include/moveit/constraint_samplers/default_constraint_samplers.h
[1016.008s] -- Installing: /home/kush/UR5_Project_New/src/install/moveit_core/include/moveit/constraint_samplers/constraint_sampler_tools.h
[1016.009s] -- Installing: /home/kush/UR5_Project_New/src/install/moveit_core/include/moveit/constraint_samplers/constraint_sampler_allocator.h
[1016.009s] -- Installing: /home/kush/UR5_Project_New/src/install/moveit_core/include/moveit/constraint_samplers/constraint_sampler_manager.h
[1016.009s] -- Installing: /home/kush/UR5_Project_New/src/install/moveit_core/include/moveit/constraint_samplers/union_constraint_sampler.h
[1016.009s] -- Installing: /home/kush/UR5_Project_New/src/install/moveit_core/include/moveit/constraint_samplers/constraint_sampler.h
[1016.010s] -- Up-to-date: /home/kush/UR5_Project_New/src/install/moveit_core/include
[1016.010s] -- Up-to-date: /home/kush/UR5_Project_New/src/install/moveit_core/include/moveit
[1016.010s] -- Installing: /home/kush/UR5_Project_New/src/install/moveit_core/include/moveit/controller_manager
[1016.010s] -- Installing: /home/kush/UR5_Project_New/src/install/moveit_core/include/moveit/controller_manager/controller_manager.h
[1016.023s] -- Up-to-date: /home/kush/UR5_Project_New/src/install/moveit_core/include
[1016.024s] -- Up-to-date: /home/kush/UR5_Project_New/src/install/moveit_core/include/moveit
[1016.025s] -- Installing: /home/kush/UR5_Project_New/src/install/moveit_core/include/moveit/distance_field
[1016.025s] -- Installing: /home/kush/UR5_Project_New/src/install/moveit_core/include/moveit/distance_field/propagation_distance_field.h
[1016.025s] -- Installing: /home/kush/UR5_Project_New/src/install/moveit_core/include/moveit/distance_field/find_internal_points.h
[1016.026s] -- Installing: /home/kush/UR5_Project_New/src/install/moveit_core/include/moveit/distance_field/voxel_grid.h
[1016.026s] -- Installing: /home/kush/UR5_Project_New/src/install/moveit_core/include/moveit/distance_field/distance_field.h
[1016.026s] -- Up-to-date: /home/kush/UR5_Project_New/src/install/moveit_core/include
[1016.026s] -- Up-to-date: /home/kush/UR5_Project_New/src/install/moveit_core/include/moveit
[1016.026s] -- Installing: /home/kush/UR5_Project_New/src/install/moveit_core/include/moveit/dynamics_solver
[1016.026s] -- Installing: /home/kush/UR5_Project_New/src/install/moveit_core/include/moveit/dynamics_solver/dynamics_solver.h
[1016.027s] -- Up-to-date: /home/kush/UR5_Project_New/src/install/moveit_core/include
[1016.027s] -- Up-to-date: /home/kush/UR5_Project_New/src/install/moveit_core/include/moveit
[1016.027s] -- Installing: /home/kush/UR5_Project_New/src/install/moveit_core/include/moveit/exceptions
[1016.027s] -- Installing: /home/kush/UR5_Project_New/src/install/moveit_core/include/moveit/exceptions/exceptions.h
[1016.028s] -- Up-to-date: /home/kush/UR5_Project_New/src/install/moveit_core/include
[1016.028s] -- Up-to-date: /home/kush/UR5_Project_New/src/install/moveit_core/include/moveit
[1016.028s] -- Installing: /home/kush/UR5_Project_New/src/install/moveit_core/include/moveit/kinematics_base
[1016.029s] -- Installing: /home/kush/UR5_Project_New/src/install/moveit_core/include/moveit/kinematics_base/kinematics_base.h
[1016.029s] -- Installing: /home/kush/UR5_Project_New/src/install/moveit_core/include/moveit_kinematics_base_export.h
[1016.030s] -- Up-to-date: /home/kush/UR5_Project_New/src/install/moveit_core/include
[1016.030s] -- Up-to-date: /home/kush/UR5_Project_New/src/install/moveit_core/include/moveit
[1016.030s] -- Installing: /home/kush/UR5_Project_New/src/install/moveit_core/include/moveit/kinematic_constraints
[1016.030s] -- Installing: /home/kush/UR5_Project_New/src/install/moveit_core/include/moveit/kinematic_constraints/kinematic_constraint.h
[1016.031s] -- Installing: /home/kush/UR5_Project_New/src/install/moveit_core/include/moveit/kinematic_constraints/utils.h
[1016.031s] -- Up-to-date: /home/kush/UR5_Project_New/src/install/moveit_core/include
[1016.031s] -- Up-to-date: /home/kush/UR5_Project_New/src/install/moveit_core/include/moveit
[1016.031s] -- Installing: /home/kush/UR5_Project_New/src/install/moveit_core/include/moveit/kinematics_metrics
[1016.032s] -- Installing: /home/kush/UR5_Project_New/src/install/moveit_core/include/moveit/kinematics_metrics/kinematics_metrics.h
[1016.032s] -- Up-to-date: /home/kush/UR5_Project_New/src/install/moveit_core/include
[1016.032s] -- Up-to-date: /home/kush/UR5_Project_New/src/install/moveit_core/include/moveit
[1016.032s] -- Installing: /home/kush/UR5_Project_New/src/install/moveit_core/include/moveit/macros
[1016.033s] -- Installing: /home/kush/UR5_Project_New/src/install/moveit_core/include/moveit/macros/class_forward.h
[1016.033s] -- Installing: /home/kush/UR5_Project_New/src/install/moveit_core/include/moveit/macros/console_colors.h
[1016.033s] -- Installing: /home/kush/UR5_Project_New/src/install/moveit_core/include/moveit/macros/deprecation.h
[1016.033s] -- Installing: /home/kush/UR5_Project_New/src/install/moveit_core/include/moveit/macros/declare_ptr.h
[1016.034s] -- Installing: /home/kush/UR5_Project_New/src/install/moveit_core/include/moveit_butterworth_parameters
[1016.034s] -- Installing: /home/kush/UR5_Project_New/src/install/moveit_core/include/moveit_butterworth_parameters/moveit_butterworth_parameters.hpp
[1016.034s] -- Up-to-date: /home/kush/UR5_Project_New/src/install/moveit_core/include
[1016.034s] -- Up-to-date: /home/kush/UR5_Project_New/src/install/moveit_core/include/moveit
[1016.034s] -- Installing: /home/kush/UR5_Project_New/src/install/moveit_core/include/moveit/online_signal_smoothing
[1016.035s] -- Installing: /home/kush/UR5_Project_New/src/install/moveit_core/include/moveit/online_signal_smoothing/smoothing_base_class.h
[1016.035s] -- Installing: /home/kush/UR5_Project_New/src/install/moveit_core/include/moveit/online_signal_smoothing/butterworth_filter.h
[1016.035s] -- Installing: /home/kush/UR5_Project_New/src/install/moveit_core/include/moveit_smoothing_base_export.h
[1016.035s] -- Installing: /home/kush/UR5_Project_New/src/install/moveit_core/include/moveit_butterworth_filter_export.h
[1016.035s] -- Up-to-date: /home/kush/UR5_Project_New/src/install/moveit_core/include
[1016.035s] -- Up-to-date: /home/kush/UR5_Project_New/src/install/moveit_core/include/moveit
[1016.036s] -- Installing: /home/kush/UR5_Project_New/src/install/moveit_core/include/moveit/planning_interface
[1016.036s] -- Installing: /home/kush/UR5_Project_New/src/install/moveit_core/include/moveit/planning_interface/planning_request.h
[1016.036s] -- Installing: /home/kush/UR5_Project_New/src/install/moveit_core/include/moveit/planning_interface/planning_response.h
[1016.036s] -- Installing: /home/kush/UR5_Project_New/src/install/moveit_core/include/moveit/planning_interface/planning_interface.h
[1016.037s] -- Up-to-date: /home/kush/UR5_Project_New/src/install/moveit_core/include
[1016.037s] -- Up-to-date: /home/kush/UR5_Project_New/src/install/moveit_core/include/moveit
[1016.037s] -- Installing: /home/kush/UR5_Project_New/src/install/moveit_core/include/moveit/planning_request_adapter
[1016.037s] -- Installing: /home/kush/UR5_Project_New/src/install/moveit_core/include/moveit/planning_request_adapter/planning_request_adapter.h
[1016.038s] -- Up-to-date: /home/kush/UR5_Project_New/src/install/moveit_core/include
[1016.038s] -- Up-to-date: /home/kush/UR5_Project_New/src/install/moveit_core/include/moveit
[1016.038s] -- Installing: /home/kush/UR5_Project_New/src/install/moveit_core/include/moveit/planning_scene
[1016.038s] -- Installing: /home/kush/UR5_Project_New/src/install/moveit_core/include/moveit/planning_scene/planning_scene.h
[1016.038s] -- Installing: /home/kush/UR5_Project_New/src/install/moveit_core/include/moveit_planning_scene_export.h
[1016.039s] -- Up-to-date: /home/kush/UR5_Project_New/src/install/moveit_core/include
[1016.039s] -- Up-to-date: /home/kush/UR5_Project_New/src/install/moveit_core/include/moveit
[1016.039s] -- Installing: /home/kush/UR5_Project_New/src/install/moveit_core/include/moveit/robot_model
[1016.040s] -- Installing: /home/kush/UR5_Project_New/src/install/moveit_core/include/moveit/robot_model/revolute_joint_model.h
[1016.040s] -- Installing: /home/kush/UR5_Project_New/src/install/moveit_core/include/moveit/robot_model/prismatic_joint_model.h
[1016.040s] -- Installing: /home/kush/UR5_Project_New/src/install/moveit_core/include/moveit/robot_model/floating_joint_model.h
[1016.040s] -- Installing: /home/kush/UR5_Project_New/src/install/moveit_core/include/moveit/robot_model/robot_model.h
[1016.040s] -- Installing: /home/kush/UR5_Project_New/src/install/moveit_core/include/moveit/robot_model/fixed_joint_model.h
[1016.041s] -- Installing: /home/kush/UR5_Project_New/src/install/moveit_core/include/moveit/robot_model/link_model.h
[1016.041s] -- Installing: /home/kush/UR5_Project_New/src/install/moveit_core/include/moveit/robot_model/joint_model.h
[1016.041s] -- Installing: /home/kush/UR5_Project_New/src/install/moveit_core/include/moveit/robot_model/planar_joint_model.h
[1016.041s] -- Installing: /home/kush/UR5_Project_New/src/install/moveit_core/include/moveit/robot_model/joint_model_group.h
[1016.041s] -- Installing: /home/kush/UR5_Project_New/src/install/moveit_core/include/moveit/robot_model/aabb.h
[1016.042s] -- Up-to-date: /home/kush/UR5_Project_New/src/install/moveit_core/include
[1016.042s] -- Up-to-date: /home/kush/UR5_Project_New/src/install/moveit_core/include/moveit
[1016.042s] -- Installing: /home/kush/UR5_Project_New/src/install/moveit_core/include/moveit/robot_state
[1016.042s] -- Installing: /home/kush/UR5_Project_New/src/install/moveit_core/include/moveit/robot_state/conversions.h
[1016.042s] -- Installing: /home/kush/UR5_Project_New/src/install/moveit_core/include/moveit/robot_state/attached_body.h
[1016.042s] -- Installing: /home/kush/UR5_Project_New/src/install/moveit_core/include/moveit/robot_state/cartesian_interpolator.h
[1016.043s] -- Installing: /home/kush/UR5_Project_New/src/install/moveit_core/include/moveit/robot_state/robot_state.h
[1016.043s] -- Up-to-date: /home/kush/UR5_Project_New/src/install/moveit_core/include
[1016.043s] -- Up-to-date: /home/kush/UR5_Project_New/src/install/moveit_core/include/moveit
[1016.043s] -- Installing: /home/kush/UR5_Project_New/src/install/moveit_core/include/moveit/robot_trajectory
[1016.043s] -- Installing: /home/kush/UR5_Project_New/src/install/moveit_core/include/moveit/robot_trajectory/robot_trajectory.h
[1016.044s] -- Up-to-date: /home/kush/UR5_Project_New/src/install/moveit_core/include
[1016.044s] -- Up-to-date: /home/kush/UR5_Project_New/src/install/moveit_core/include/moveit
[1016.044s] -- Installing: /home/kush/UR5_Project_New/src/install/moveit_core/include/moveit/sensor_manager
[1016.044s] -- Installing: /home/kush/UR5_Project_New/src/install/moveit_core/include/moveit/sensor_manager/sensor_manager.h
[1016.044s] -- Up-to-date: /home/kush/UR5_Project_New/src/install/moveit_core/include
[1016.045s] -- Up-to-date: /home/kush/UR5_Project_New/src/install/moveit_core/include/moveit
[1016.045s] -- Installing: /home/kush/UR5_Project_New/src/install/moveit_core/include/moveit/trajectory_processing
[1016.045s] -- Installing: /home/kush/UR5_Project_New/src/install/moveit_core/include/moveit/trajectory_processing/trajectory_tools.h
[1016.045s] -- Installing: /home/kush/UR5_Project_New/src/install/moveit_core/include/moveit/trajectory_processing/iterative_spline_parameterization.h
[1016.046s] -- Installing: /home/kush/UR5_Project_New/src/install/moveit_core/include/moveit/trajectory_processing/time_parameterization.h
[1016.046s] -- Installing: /home/kush/UR5_Project_New/src/install/moveit_core/include/moveit/trajectory_processing/ruckig_traj_smoothing.h
[1016.046s] -- Installing: /home/kush/UR5_Project_New/src/install/moveit_core/include/moveit/trajectory_processing/iterative_time_parameterization.h
[1016.046s] -- Installing: /home/kush/UR5_Project_New/src/install/moveit_core/include/moveit/trajectory_processing/time_optimal_trajectory_generation.h
[1016.046s] -- Up-to-date: /home/kush/UR5_Project_New/src/install/moveit_core/include
[1016.047s] -- Up-to-date: /home/kush/UR5_Project_New/src/install/moveit_core/include/moveit
[1016.047s] -- Installing: /home/kush/UR5_Project_New/src/install/moveit_core/include/moveit/transforms
[1016.047s] -- Installing: /home/kush/UR5_Project_New/src/install/moveit_core/include/moveit/transforms/transforms.h
[1016.047s] -- Up-to-date: /home/kush/UR5_Project_New/src/install/moveit_core/include
[1016.047s] -- Up-to-date: /home/kush/UR5_Project_New/src/install/moveit_core/include/moveit
[1016.047s] -- Installing: /home/kush/UR5_Project_New/src/install/moveit_core/include/moveit/utils
[1016.047s] -- Installing: /home/kush/UR5_Project_New/src/install/moveit_core/include/moveit/utils/message_checks.h
[1016.047s] -- Installing: /home/kush/UR5_Project_New/src/install/moveit_core/include/moveit/utils/lexical_casts.h
[1016.048s] -- Installing: /home/kush/UR5_Project_New/src/install/moveit_core/include/moveit/utils/rclcpp_utils.h
[1016.048s] -- Installing: /home/kush/UR5_Project_New/src/install/moveit_core/include/moveit/utils/robot_model_test_utils.h
[1016.048s] -- Installing: /home/kush/UR5_Project_New/src/install/moveit_core/include/moveit/utils/moveit_error_code.h
[1016.048s] -- Installing: /home/kush/UR5_Project_New/src/install/moveit_core/bin/moveit_version
[1016.048s] -- Up-to-date: /home/kush/UR5_Project_New/src/install/moveit_core/include
[1016.048s] -- Up-to-date: /home/kush/UR5_Project_New/src/install/moveit_core/include/moveit
[1016.048s] -- Installing: /home/kush/UR5_Project_New/src/install/moveit_core/include/moveit/collision_detection
[1016.049s] -- Installing: /home/kush/UR5_Project_New/src/install/moveit_core/include/moveit/collision_detection/test_collision_common_pr2.h
[1016.049s] -- Installing: /home/kush/UR5_Project_New/src/install/moveit_core/include/moveit/collision_detection/world_diff.h
[1016.049s] -- Installing: /home/kush/UR5_Project_New/src/install/moveit_core/include/moveit/collision_detection/occupancy_map.h
[1016.049s] -- Installing: /home/kush/UR5_Project_New/src/install/moveit_core/include/moveit/collision_detection/collision_env.h
[1016.049s] -- Installing: /home/kush/UR5_Project_New/src/install/moveit_core/include/moveit/collision_detection/world.h
[1016.049s] -- Installing: /home/kush/UR5_Project_New/src/install/moveit_core/include/moveit/collision_detection/collision_matrix.h
[1016.049s] -- Installing: /home/kush/UR5_Project_New/src/install/moveit_core/include/moveit/collision_detection/collision_tools.h
[1016.050s] -- Installing: /home/kush/UR5_Project_New/src/install/moveit_core/include/moveit/collision_detection/collision_plugin_cache.h
[1016.050s] -- Installing: /home/kush/UR5_Project_New/src/install/moveit_core/include/moveit/collision_detection/collision_plugin.h
[1016.050s] -- Installing: /home/kush/UR5_Project_New/src/install/moveit_core/include/moveit/collision_detection/allvalid
[1016.050s] -- Installing: /home/kush/UR5_Project_New/src/install/moveit_core/include/moveit/collision_detection/allvalid/collision_env_allvalid.h
[1016.050s] -- Installing: /home/kush/UR5_Project_New/src/install/moveit_core/include/moveit/collision_detection/allvalid/collision_detector_allocator_allvalid.h
[1016.050s] -- Installing: /home/kush/UR5_Project_New/src/install/moveit_core/include/moveit/collision_detection/test_collision_common_panda.h
[1016.050s] -- Installing: /home/kush/UR5_Project_New/src/install/moveit_core/include/moveit/collision_detection/collision_detector_allocator.h
[1016.050s] -- Installing: /home/kush/UR5_Project_New/src/install/moveit_core/include/moveit/collision_detection/collision_octomap_filter.h
[1016.051s] -- Installing: /home/kush/UR5_Project_New/src/install/moveit_core/include/moveit/collision_detection/collision_common.h
[1016.051s] -- Installing: /home/kush/UR5_Project_New/src/install/moveit_core/include/moveit_collision_detection_export.h
[1016.051s] -- Up-to-date: /home/kush/UR5_Project_New/src/install/moveit_core/include
[1016.051s] -- Up-to-date: /home/kush/UR5_Project_New/src/install/moveit_core/include/moveit
[1016.052s] -- Installing: /home/kush/UR5_Project_New/src/install/moveit_core/include/moveit/collision_detection_bullet
[1016.052s] -- Installing: /home/kush/UR5_Project_New/src/install/moveit_core/include/moveit/collision_detection_bullet/collision_detector_allocator_bullet.h
[1016.052s] -- Installing: /home/kush/UR5_Project_New/src/install/moveit_core/include/moveit/collision_detection_bullet/bullet_integration
[1016.052s] -- Installing: /home/kush/UR5_Project_New/src/install/moveit_core/include/moveit/collision_detection_bullet/bullet_integration/bullet_utils.h
[1016.052s] -- Installing: /home/kush/UR5_Project_New/src/install/moveit_core/include/moveit/collision_detection_bullet/bullet_integration/contact_checker_common.h
[1016.052s] -- Installing: /home/kush/UR5_Project_New/src/install/moveit_core/include/moveit/collision_detection_bullet/bullet_integration/bullet_bvh_manager.h
[1016.053s] -- Installing: /home/kush/UR5_Project_New/src/install/moveit_core/include/moveit/collision_detection_bullet/bullet_integration/bullet_cast_bvh_manager.h
[1016.053s] -- Installing: /home/kush/UR5_Project_New/src/install/moveit_core/include/moveit/collision_detection_bullet/bullet_integration/bullet_discrete_bvh_manager.h
[1016.053s] -- Installing: /home/kush/UR5_Project_New/src/install/moveit_core/include/moveit/collision_detection_bullet/bullet_integration/basic_types.h
[1016.053s] -- Installing: /home/kush/UR5_Project_New/src/install/moveit_core/include/moveit/collision_detection_bullet/bullet_integration/ros_bullet_utils.h
[1016.053s] -- Installing: /home/kush/UR5_Project_New/src/install/moveit_core/include/moveit/collision_detection_bullet/collision_env_bullet.h
[1016.054s] -- Installing: /home/kush/UR5_Project_New/src/install/moveit_core/include/moveit/collision_detection_bullet/collision_detector_bullet_plugin_loader.h
[1016.054s] -- Installing: /home/kush/UR5_Project_New/src/install/moveit_core/include/moveit_collision_detection_bullet_export.h
[1016.054s] -- Installing: /home/kush/UR5_Project_New/src/install/moveit_core/lib/libmoveit_collision_detection_bullet.so.2.5.4
[1016.058s] -- Set runtime path of "/home/kush/UR5_Project_New/src/install/moveit_core/lib/libmoveit_collision_detection_bullet.so.2.5.4" to ""
[1016.058s] -- Installing: /home/kush/UR5_Project_New/src/install/moveit_core/lib/libmoveit_collision_detection_bullet.so
[1016.059s] -- Installing: /home/kush/UR5_Project_New/src/install/moveit_core/lib/libcollision_detector_bullet_plugin.so.2.5.4
[1016.059s] -- Set runtime path of "/home/kush/UR5_Project_New/src/install/moveit_core/lib/libcollision_detector_bullet_plugin.so.2.5.4" to ""
[1016.059s] -- Installing: /home/kush/UR5_Project_New/src/install/moveit_core/lib/libcollision_detector_bullet_plugin.so
[1016.059s] -- Installing: /home/kush/UR5_Project_New/src/install/moveit_core/share/moveit_core/environment/library_path.sh
[1016.060s] -- Installing: /home/kush/UR5_Project_New/src/install/moveit_core/share/moveit_core/environment/library_path.dsv
[1016.060s] -- Up-to-date: /home/kush/UR5_Project_New/src/install/moveit_core/include
[1016.060s] -- Up-to-date: /home/kush/UR5_Project_New/src/install/moveit_core/include/moveit
[1016.060s] -- Installing: /home/kush/UR5_Project_New/src/install/moveit_core/include/moveit/collision_detection_fcl
[1016.060s] -- Installing: /home/kush/UR5_Project_New/src/install/moveit_core/include/moveit/collision_detection_fcl/collision_detector_fcl_plugin_loader.h
[1016.060s] -- Installing: /home/kush/UR5_Project_New/src/install/moveit_core/include/moveit/collision_detection_fcl/fcl_compat.h
[1016.060s] -- Installing: /home/kush/UR5_Project_New/src/install/moveit_core/include/moveit/collision_detection_fcl/collision_env_fcl.h
[1016.060s] -- Installing: /home/kush/UR5_Project_New/src/install/moveit_core/include/moveit/collision_detection_fcl/collision_detector_allocator_fcl.h
[1016.060s] -- Installing: /home/kush/UR5_Project_New/src/install/moveit_core/include/moveit/collision_detection_fcl/collision_common.h
[1016.061s] -- Installing: /home/kush/UR5_Project_New/src/install/moveit_core/include/moveit_collision_detection_fcl_export.h
[1016.061s] -- Installing: /home/kush/UR5_Project_New/src/install/moveit_core/lib/libmoveit_butterworth_filter.so.2.5.4
[1016.062s] -- Set runtime path of "/home/kush/UR5_Project_New/src/install/moveit_core/lib/libmoveit_butterworth_filter.so.2.5.4" to ""
[1016.062s] -- Installing: /home/kush/UR5_Project_New/src/install/moveit_core/lib/libmoveit_butterworth_filter.so
[1016.062s] -- Installing: /home/kush/UR5_Project_New/src/install/moveit_core/lib/libmoveit_collision_distance_field.so.2.5.4
[1016.065s] -- Set runtime path of "/home/kush/UR5_Project_New/src/install/moveit_core/lib/libmoveit_collision_distance_field.so.2.5.4" to ""
[1016.065s] -- Installing: /home/kush/UR5_Project_New/src/install/moveit_core/lib/libmoveit_collision_distance_field.so
[1016.065s] -- Installing: /home/kush/UR5_Project_New/src/install/moveit_core/lib/libmoveit_collision_detection.so.2.5.4
[1016.067s] -- Set runtime path of "/home/kush/UR5_Project_New/src/install/moveit_core/lib/libmoveit_collision_detection.so.2.5.4" to ""
[1016.067s] -- Installing: /home/kush/UR5_Project_New/src/install/moveit_core/lib/libmoveit_collision_detection.so
[1016.068s] -- Installing: /home/kush/UR5_Project_New/src/install/moveit_core/lib/libmoveit_collision_detection_fcl.so.2.5.4
[1016.069s] -- Set runtime path of "/home/kush/UR5_Project_New/src/install/moveit_core/lib/libmoveit_collision_detection_fcl.so.2.5.4" to ""
[1016.069s] -- Installing: /home/kush/UR5_Project_New/src/install/moveit_core/lib/libmoveit_collision_detection_fcl.so
[1016.070s] -- Up-to-date: /home/kush/UR5_Project_New/src/install/moveit_core/lib/libmoveit_collision_detection_bullet.so.2.5.4
[1016.070s] -- Up-to-date: /home/kush/UR5_Project_New/src/install/moveit_core/lib/libmoveit_collision_detection_bullet.so
[1016.070s] -- Installing: /home/kush/UR5_Project_New/src/install/moveit_core/lib/libmoveit_dynamics_solver.so.2.5.4
[1016.072s] -- Set runtime path of "/home/kush/UR5_Project_New/src/install/moveit_core/lib/libmoveit_dynamics_solver.so.2.5.4" to ""
[1016.072s] -- Installing: /home/kush/UR5_Project_New/src/install/moveit_core/lib/libmoveit_dynamics_solver.so
[1016.072s] -- Installing: /home/kush/UR5_Project_New/src/install/moveit_core/lib/libmoveit_constraint_samplers.so.2.5.4
[1016.073s] -- Set runtime path of "/home/kush/UR5_Project_New/src/install/moveit_core/lib/libmoveit_constraint_samplers.so.2.5.4" to ""
[1016.074s] -- Installing: /home/kush/UR5_Project_New/src/install/moveit_core/lib/libmoveit_constraint_samplers.so
[1016.074s] -- Installing: /home/kush/UR5_Project_New/src/install/moveit_core/lib/libmoveit_distance_field.so.2.5.4
[1016.075s] -- Set runtime path of "/home/kush/UR5_Project_New/src/install/moveit_core/lib/libmoveit_distance_field.so.2.5.4" to ""
[1016.075s] -- Installing: /home/kush/UR5_Project_New/src/install/moveit_core/lib/libmoveit_distance_field.so
[1016.075s] -- Installing: /home/kush/UR5_Project_New/src/install/moveit_core/lib/libmoveit_exceptions.so.2.5.4
[1016.076s] -- Set runtime path of "/home/kush/UR5_Project_New/src/install/moveit_core/lib/libmoveit_exceptions.so.2.5.4" to ""
[1016.076s] -- Installing: /home/kush/UR5_Project_New/src/install/moveit_core/lib/libmoveit_exceptions.so
[1016.076s] -- Installing: /home/kush/UR5_Project_New/src/install/moveit_core/lib/libmoveit_kinematics_base.so
[1016.077s] -- Set runtime path of "/home/kush/UR5_Project_New/src/install/moveit_core/lib/libmoveit_kinematics_base.so" to ""
[1016.077s] -- Installing: /home/kush/UR5_Project_New/src/install/moveit_core/lib/libmoveit_kinematic_constraints.so.2.5.4
[1016.079s] -- Set runtime path of "/home/kush/UR5_Project_New/src/install/moveit_core/lib/libmoveit_kinematic_constraints.so.2.5.4" to ""
[1016.079s] -- Installing: /home/kush/UR5_Project_New/src/install/moveit_core/lib/libmoveit_kinematic_constraints.so
[1016.079s] -- Installing: /home/kush/UR5_Project_New/src/install/moveit_core/lib/libmoveit_kinematics_metrics.so.2.5.4
[1016.081s] -- Set runtime path of "/home/kush/UR5_Project_New/src/install/moveit_core/lib/libmoveit_kinematics_metrics.so.2.5.4" to ""
[1016.081s] -- Installing: /home/kush/UR5_Project_New/src/install/moveit_core/lib/libmoveit_kinematics_metrics.so
[1016.081s] -- Installing: /home/kush/UR5_Project_New/src/install/moveit_core/lib/libmoveit_planning_interface.so.2.5.4
[1016.082s] -- Set runtime path of "/home/kush/UR5_Project_New/src/install/moveit_core/lib/libmoveit_planning_interface.so.2.5.4" to ""
[1016.082s] -- Installing: /home/kush/UR5_Project_New/src/install/moveit_core/lib/libmoveit_planning_interface.so
[1016.083s] -- Installing: /home/kush/UR5_Project_New/src/install/moveit_core/lib/libmoveit_planning_scene.so.2.5.4
[1016.085s] -- Set runtime path of "/home/kush/UR5_Project_New/src/install/moveit_core/lib/libmoveit_planning_scene.so.2.5.4" to ""
[1016.085s] -- Installing: /home/kush/UR5_Project_New/src/install/moveit_core/lib/libmoveit_planning_scene.so
[1016.085s] -- Installing: /home/kush/UR5_Project_New/src/install/moveit_core/lib/libmoveit_planning_request_adapter.so.2.5.4
[1016.086s] -- Set runtime path of "/home/kush/UR5_Project_New/src/install/moveit_core/lib/libmoveit_planning_request_adapter.so.2.5.4" to ""
[1016.086s] -- Installing: /home/kush/UR5_Project_New/src/install/moveit_core/lib/libmoveit_planning_request_adapter.so
[1016.087s] -- Installing: /home/kush/UR5_Project_New/src/install/moveit_core/lib/libmoveit_robot_model.so.2.5.4
[1016.088s] -- Set runtime path of "/home/kush/UR5_Project_New/src/install/moveit_core/lib/libmoveit_robot_model.so.2.5.4" to ""
[1016.089s] -- Installing: /home/kush/UR5_Project_New/src/install/moveit_core/lib/libmoveit_robot_model.so
[1016.089s] -- Installing: /home/kush/UR5_Project_New/src/install/moveit_core/lib/libmoveit_robot_state.so.2.5.4
[1016.091s] -- Set runtime path of "/home/kush/UR5_Project_New/src/install/moveit_core/lib/libmoveit_robot_state.so.2.5.4" to ""
[1016.091s] -- Installing: /home/kush/UR5_Project_New/src/install/moveit_core/lib/libmoveit_robot_state.so
[1016.091s] -- Installing: /home/kush/UR5_Project_New/src/install/moveit_core/lib/libmoveit_robot_trajectory.so.2.5.4
[1016.092s] -- Set runtime path of "/home/kush/UR5_Project_New/src/install/moveit_core/lib/libmoveit_robot_trajectory.so.2.5.4" to ""
[1016.092s] -- Installing: /home/kush/UR5_Project_New/src/install/moveit_core/lib/libmoveit_robot_trajectory.so
[1016.092s] -- Installing: /home/kush/UR5_Project_New/src/install/moveit_core/lib/libmoveit_smoothing_base.so.2.5.4
[1016.093s] -- Set runtime path of "/home/kush/UR5_Project_New/src/install/moveit_core/lib/libmoveit_smoothing_base.so.2.5.4" to ""
[1016.093s] -- Installing: /home/kush/UR5_Project_New/src/install/moveit_core/lib/libmoveit_smoothing_base.so
[1016.093s] -- Installing: /home/kush/UR5_Project_New/src/install/moveit_core/lib/libmoveit_test_utils.so.2.5.4
[1016.095s] -- Set runtime path of "/home/kush/UR5_Project_New/src/install/moveit_core/lib/libmoveit_test_utils.so.2.5.4" to ""
[1016.095s] -- Installing: /home/kush/UR5_Project_New/src/install/moveit_core/lib/libmoveit_test_utils.so
[1016.095s] -- Installing: /home/kush/UR5_Project_New/src/install/moveit_core/lib/libmoveit_trajectory_processing.so.2.5.4
[1016.097s] -- Set runtime path of "/home/kush/UR5_Project_New/src/install/moveit_core/lib/libmoveit_trajectory_processing.so.2.5.4" to ""
[1016.097s] -- Installing: /home/kush/UR5_Project_New/src/install/moveit_core/lib/libmoveit_trajectory_processing.so
[1016.097s] -- Installing: /home/kush/UR5_Project_New/src/install/moveit_core/lib/libmoveit_transforms.so.2.5.4
[1016.098s] -- Set runtime path of "/home/kush/UR5_Project_New/src/install/moveit_core/lib/libmoveit_transforms.so.2.5.4" to ""
[1016.098s] -- Installing: /home/kush/UR5_Project_New/src/install/moveit_core/lib/libmoveit_transforms.so
[1016.098s] -- Installing: /home/kush/UR5_Project_New/src/install/moveit_core/lib/libmoveit_utils.so.2.5.4
[1016.099s] -- Set runtime path of "/home/kush/UR5_Project_New/src/install/moveit_core/lib/libmoveit_utils.so.2.5.4" to ""
[1016.099s] -- Installing: /home/kush/UR5_Project_New/src/install/moveit_core/lib/libmoveit_utils.so
[1016.099s] -- Up-to-date: /home/kush/UR5_Project_New/src/install/moveit_core/share/moveit_core/environment/library_path.sh
[1016.099s] -- Up-to-date: /home/kush/UR5_Project_New/src/install/moveit_core/share/moveit_core/environment/library_path.dsv
[1016.099s] -- Installing: /home/kush/UR5_Project_New/src/install/moveit_core/share/moveit_core/collision_detector_fcl_description.xml
[1016.104s] -- Installing: /home/kush/UR5_Project_New/src/install/moveit_core/share/moveit_core/collision_detector_bullet_description.xml
[1016.105s] -- Installing: /home/kush/UR5_Project_New/src/install/moveit_core/share/moveit_core/filter_plugin_butterworth.xml
[1016.105s] -- Installing: /home/kush/UR5_Project_New/src/install/moveit_core/share/ament_index/resource_index/package_run_dependencies/moveit_core
[1016.105s] -- Installing: /home/kush/UR5_Project_New/src/install/moveit_core/share/ament_index/resource_index/parent_prefix_path/moveit_core
[1016.105s] -- Installing: /home/kush/UR5_Project_New/src/install/moveit_core/share/moveit_core/environment/ament_prefix_path.sh
[1016.106s] -- Installing: /home/kush/UR5_Project_New/src/install/moveit_core/share/moveit_core/environment/ament_prefix_path.dsv
[1016.106s] -- Installing: /home/kush/UR5_Project_New/src/install/moveit_core/share/moveit_core/environment/path.sh
[1016.106s] -- Installing: /home/kush/UR5_Project_New/src/install/moveit_core/share/moveit_core/environment/path.dsv
[1016.106s] -- Installing: /home/kush/UR5_Project_New/src/install/moveit_core/share/moveit_core/local_setup.bash
[1016.107s] -- Installing: /home/kush/UR5_Project_New/src/install/moveit_core/share/moveit_core/local_setup.sh
[1016.107s] -- Installing: /home/kush/UR5_Project_New/src/install/moveit_core/share/moveit_core/local_setup.zsh
[1016.107s] -- Installing: /home/kush/UR5_Project_New/src/install/moveit_core/share/moveit_core/local_setup.dsv
[1016.107s] -- Installing: /home/kush/UR5_Project_New/src/install/moveit_core/share/moveit_core/package.dsv
[1016.107s] -- Installing: /home/kush/UR5_Project_New/src/install/moveit_core/share/ament_index/resource_index/packages/moveit_core
[1016.108s] -- Installing: /home/kush/UR5_Project_New/src/install/moveit_core/share/ament_index/resource_index/moveit_core__pluginlib__plugin/moveit_core
[1016.108s] -- Installing: /home/kush/UR5_Project_New/src/install/moveit_core/share/moveit_core/cmake/export_moveit_coreExport.cmake
[1016.108s] -- Installing: /home/kush/UR5_Project_New/src/install/moveit_core/share/moveit_core/cmake/export_moveit_coreExport-release.cmake
[1016.109s] -- Installing: /home/kush/UR5_Project_New/src/install/moveit_core/share/moveit_core/cmake/ConfigExtras.cmake
[1016.109s] -- Installing: /home/kush/UR5_Project_New/src/install/moveit_core/share/moveit_core/cmake/ament_cmake_export_targets-extras.cmake
[1016.109s] -- Installing: /home/kush/UR5_Project_New/src/install/moveit_core/share/moveit_core/cmake/ament_cmake_export_dependencies-extras.cmake
[1016.110s] -- Installing: /home/kush/UR5_Project_New/src/install/moveit_core/share/moveit_core/cmake/moveit_coreConfig.cmake
[1016.110s] -- Installing: /home/kush/UR5_Project_New/src/install/moveit_core/share/moveit_core/cmake/moveit_coreConfig-version.cmake
[1016.110s] -- Installing: /home/kush/UR5_Project_New/src/install/moveit_core/share/moveit_core/package.xml
[1016.115s] Invoked command in '/home/kush/UR5_Project_New/src/build/moveit_core' returned '0': AMENT_PREFIX_PATH=/home/kush/UR5_Project_New/src/install/moveit_resources_panda_moveit_config:/home/kush/UR5_Project_New/src/install/srdfdom:/home/kush/UR5_Project_New/src/install/moveit_resources_pr2_description:/home/kush/UR5_Project_New/src/install/moveit_resources_panda_description:/home/kush/UR5_Project_New/src/install/moveit_common:${AMENT_PREFIX_PATH} CMAKE_PREFIX_PATH=/home/kush/UR5_Project_New/src/install/moveit_resources_panda_moveit_config:/home/kush/UR5_Project_New/src/install/srdfdom:/home/kush/UR5_Project_New/src/install/moveit_resources_pr2_description:/home/kush/UR5_Project_New/src/install/moveit_resources_panda_description:/home/kush/UR5_Project_New/src/install/moveit_common:/opt/ros/humble LD_LIBRARY_PATH=/home/kush/UR5_Project_New/src/install/srdfdom/lib:${LD_LIBRARY_PATH} PYTHONPATH=/home/kush/UR5_Project_New/src/install/srdfdom/local/lib/python3.10/dist-packages:${PYTHONPATH} /usr/bin/cmake --install /home/kush/UR5_Project_New/src/build/moveit_core
