[0.129s] Invoking command in '/home/kush/UR5_Project_New/src/build/ur_bringup': AMENT_PREFIX_PATH=/home/kush/UR5_Project_New/src/install/ur_controllers:/home/kush/UR5_Project_New/src/install/ur_description:/home/kush/UR5_Project_New/src/install/ur_dashboard_msgs:${AMENT_PREFIX_PATH} CMAKE_PREFIX_PATH=/home/kush/UR5_Project_New/src/install/ur_controllers:/home/kush/UR5_Project_New/src/install/ur_description:/home/kush/UR5_Project_New/src/install/ur_dashboard_msgs:/opt/ros/humble LD_LIBRARY_PATH=/home/kush/UR5_Project_New/src/install/ur_controllers/lib:/home/kush/UR5_Project_New/src/install/ur_dashboard_msgs/lib:${LD_LIBRARY_PATH} PYTHONPATH=/home/kush/UR5_Project_New/src/install/ur_dashboard_msgs/local/lib/python3.10/dist-packages:${PYTHONPATH} /usr/bin/cmake /home/kush/UR5_Project_New/src/Universal_Robots_ROS2_Driver/ur_bringup -DCMAKE_INSTALL_PREFIX=/home/kush/UR5_Project_New/src/install/ur_bringup
[0.320s] -- The C compiler identification is GNU 11.4.0
[0.479s] -- The CXX compiler identification is GNU 11.4.0
[0.501s] -- Detecting C compiler ABI info
[0.764s] -- Detecting C compiler ABI info - done
[0.817s] -- Check for working C compiler: /usr/bin/cc - skipped
[0.817s] -- Detecting C compile features
[0.818s] -- Detecting C compile features - done
[0.833s] -- Detecting CXX compiler ABI info
[1.200s] -- Detecting CXX compiler ABI info - done
[1.244s] -- Check for working CXX compiler: /usr/bin/c++ - skipped
[1.245s] -- Detecting CXX compile features
[1.246s] -- Detecting CXX compile features - done
[1.261s] -- Found ament_cmake: 1.3.5 (/opt/ros/humble/share/ament_cmake/cmake)
[2.025s] -- Found Python3: /usr/bin/python3.10 (found version "3.10.12") found components: Interpreter 
[2.530s] -- Configuring done
[2.552s] -- Generating done
[2.555s] -- Build files have been written to: /home/kush/UR5_Project_New/src/build/ur_bringup
[2.574s] Invoked command in '/home/kush/UR5_Project_New/src/build/ur_bringup' returned '0': AMENT_PREFIX_PATH=/home/kush/UR5_Project_New/src/install/ur_controllers:/home/kush/UR5_Project_New/src/install/ur_description:/home/kush/UR5_Project_New/src/install/ur_dashboard_msgs:${AMENT_PREFIX_PATH} CMAKE_PREFIX_PATH=/home/kush/UR5_Project_New/src/install/ur_controllers:/home/kush/UR5_Project_New/src/install/ur_description:/home/kush/UR5_Project_New/src/install/ur_dashboard_msgs:/opt/ros/humble LD_LIBRARY_PATH=/home/kush/UR5_Project_New/src/install/ur_controllers/lib:/home/kush/UR5_Project_New/src/install/ur_dashboard_msgs/lib:${LD_LIBRARY_PATH} PYTHONPATH=/home/kush/UR5_Project_New/src/install/ur_dashboard_msgs/local/lib/python3.10/dist-packages:${PYTHONPATH} /usr/bin/cmake /home/kush/UR5_Project_New/src/Universal_Robots_ROS2_Driver/ur_bringup -DCMAKE_INSTALL_PREFIX=/home/kush/UR5_Project_New/src/install/ur_bringup
[2.575s] Invoking command in '/home/kush/UR5_Project_New/src/build/ur_bringup': AMENT_PREFIX_PATH=/home/kush/UR5_Project_New/src/install/ur_controllers:/home/kush/UR5_Project_New/src/install/ur_description:/home/kush/UR5_Project_New/src/install/ur_dashboard_msgs:${AMENT_PREFIX_PATH} CMAKE_PREFIX_PATH=/home/kush/UR5_Project_New/src/install/ur_controllers:/home/kush/UR5_Project_New/src/install/ur_description:/home/kush/UR5_Project_New/src/install/ur_dashboard_msgs:/opt/ros/humble LD_LIBRARY_PATH=/home/kush/UR5_Project_New/src/install/ur_controllers/lib:/home/kush/UR5_Project_New/src/install/ur_dashboard_msgs/lib:${LD_LIBRARY_PATH} PYTHONPATH=/home/kush/UR5_Project_New/src/install/ur_dashboard_msgs/local/lib/python3.10/dist-packages:${PYTHONPATH} /usr/bin/cmake --build /home/kush/UR5_Project_New/src/build/ur_bringup -- -j4 -l4
[2.660s] Invoked command in '/home/kush/UR5_Project_New/src/build/ur_bringup' returned '0': AMENT_PREFIX_PATH=/home/kush/UR5_Project_New/src/install/ur_controllers:/home/kush/UR5_Project_New/src/install/ur_description:/home/kush/UR5_Project_New/src/install/ur_dashboard_msgs:${AMENT_PREFIX_PATH} CMAKE_PREFIX_PATH=/home/kush/UR5_Project_New/src/install/ur_controllers:/home/kush/UR5_Project_New/src/install/ur_description:/home/kush/UR5_Project_New/src/install/ur_dashboard_msgs:/opt/ros/humble LD_LIBRARY_PATH=/home/kush/UR5_Project_New/src/install/ur_controllers/lib:/home/kush/UR5_Project_New/src/install/ur_dashboard_msgs/lib:${LD_LIBRARY_PATH} PYTHONPATH=/home/kush/UR5_Project_New/src/install/ur_dashboard_msgs/local/lib/python3.10/dist-packages:${PYTHONPATH} /usr/bin/cmake --build /home/kush/UR5_Project_New/src/build/ur_bringup -- -j4 -l4
[2.734s] Invoking command in '/home/kush/UR5_Project_New/src/build/ur_bringup': AMENT_PREFIX_PATH=/home/kush/UR5_Project_New/src/install/ur_controllers:/home/kush/UR5_Project_New/src/install/ur_description:/home/kush/UR5_Project_New/src/install/ur_dashboard_msgs:${AMENT_PREFIX_PATH} CMAKE_PREFIX_PATH=/home/kush/UR5_Project_New/src/install/ur_controllers:/home/kush/UR5_Project_New/src/install/ur_description:/home/kush/UR5_Project_New/src/install/ur_dashboard_msgs:/opt/ros/humble LD_LIBRARY_PATH=/home/kush/UR5_Project_New/src/install/ur_controllers/lib:/home/kush/UR5_Project_New/src/install/ur_dashboard_msgs/lib:${LD_LIBRARY_PATH} PYTHONPATH=/home/kush/UR5_Project_New/src/install/ur_dashboard_msgs/local/lib/python3.10/dist-packages:${PYTHONPATH} /usr/bin/cmake --install /home/kush/UR5_Project_New/src/build/ur_bringup
[2.754s] -- Install configuration: ""
[2.755s] -- Installing: /home/kush/UR5_Project_New/src/install/ur_bringup/share/ur_bringup/config
[2.756s] -- Installing: /home/kush/UR5_Project_New/src/install/ur_bringup/share/ur_bringup/config/ur_controllers.yaml
[2.759s] -- Installing: /home/kush/UR5_Project_New/src/install/ur_bringup/share/ur_bringup/config/ur3_update_rate.yaml
[2.759s] -- Installing: /home/kush/UR5_Project_New/src/install/ur_bringup/share/ur_bringup/config/test_velocity_goal_publishers_config.yaml
[2.760s] -- Installing: /home/kush/UR5_Project_New/src/install/ur_bringup/share/ur_bringup/config/ur5e_update_rate.yaml
[2.761s] -- Installing: /home/kush/UR5_Project_New/src/install/ur_bringup/share/ur_bringup/config/test_goal_publishers_config.yaml
[2.761s] -- Installing: /home/kush/UR5_Project_New/src/install/ur_bringup/share/ur_bringup/config/ur10_update_rate.yaml
[2.763s] -- Installing: /home/kush/UR5_Project_New/src/install/ur_bringup/share/ur_bringup/config/ur16e_update_rate.yaml
[2.763s] -- Installing: /home/kush/UR5_Project_New/src/install/ur_bringup/share/ur_bringup/config/ur10e_update_rate.yaml
[2.764s] -- Installing: /home/kush/UR5_Project_New/src/install/ur_bringup/share/ur_bringup/config/ur5_update_rate.yaml
[2.765s] -- Installing: /home/kush/UR5_Project_New/src/install/ur_bringup/share/ur_bringup/config/ur3e_update_rate.yaml
[2.766s] -- Installing: /home/kush/UR5_Project_New/src/install/ur_bringup/share/ur_bringup/launch
[2.766s] -- Installing: /home/kush/UR5_Project_New/src/install/ur_bringup/share/ur_bringup/launch/test_joint_trajectory_controller.launch.py
[2.767s] -- Installing: /home/kush/UR5_Project_New/src/install/ur_bringup/share/ur_bringup/launch/ur10e.launch.py
[2.769s] -- Installing: /home/kush/UR5_Project_New/src/install/ur_bringup/share/ur_bringup/launch/ur5e.launch.py
[2.769s] -- Installing: /home/kush/UR5_Project_New/src/install/ur_bringup/share/ur_bringup/launch/test_scaled_joint_trajectory_controller.launch.py
[2.770s] -- Installing: /home/kush/UR5_Project_New/src/install/ur_bringup/share/ur_bringup/launch/ur_control.launch.py
[2.771s] -- Installing: /home/kush/UR5_Project_New/src/install/ur_bringup/share/ur_bringup/launch/ur3.launch.py
[2.772s] -- Installing: /home/kush/UR5_Project_New/src/install/ur_bringup/share/ur_bringup/launch/ur16e.launch.py
[2.772s] -- Installing: /home/kush/UR5_Project_New/src/install/ur_bringup/share/ur_bringup/launch/ur3e.launch.py
[2.784s] -- Installing: /home/kush/UR5_Project_New/src/install/ur_bringup/share/ur_bringup/launch/test_forward_velocity_controller.launch.py
[2.785s] -- Installing: /home/kush/UR5_Project_New/src/install/ur_bringup/share/ur_bringup/launch/ur5.launch.py
[2.786s] -- Installing: /home/kush/UR5_Project_New/src/install/ur_bringup/share/ur_bringup/launch/ur10.launch.py
[2.787s] -- Installing: /home/kush/UR5_Project_New/src/install/ur_bringup/share/ur_bringup/launch/ur_dashboard_client.launch.py
[2.788s] -- Installing: /home/kush/UR5_Project_New/src/install/ur_bringup/lib/ur_bringup/start_ursim.sh
[2.795s] -- Installing: /home/kush/UR5_Project_New/src/install/ur_bringup/share/ament_index/resource_index/package_run_dependencies/ur_bringup
[2.796s] -- Installing: /home/kush/UR5_Project_New/src/install/ur_bringup/share/ament_index/resource_index/parent_prefix_path/ur_bringup
[2.797s] -- Installing: /home/kush/UR5_Project_New/src/install/ur_bringup/share/ur_bringup/environment/ament_prefix_path.sh
[2.798s] -- Installing: /home/kush/UR5_Project_New/src/install/ur_bringup/share/ur_bringup/environment/ament_prefix_path.dsv
[2.798s] -- Installing: /home/kush/UR5_Project_New/src/install/ur_bringup/share/ur_bringup/environment/path.sh
[2.799s] -- Installing: /home/kush/UR5_Project_New/src/install/ur_bringup/share/ur_bringup/environment/path.dsv
[2.800s] -- Installing: /home/kush/UR5_Project_New/src/install/ur_bringup/share/ur_bringup/local_setup.bash
[2.800s] -- Installing: /home/kush/UR5_Project_New/src/install/ur_bringup/share/ur_bringup/local_setup.sh
[2.801s] -- Installing: /home/kush/UR5_Project_New/src/install/ur_bringup/share/ur_bringup/local_setup.zsh
[2.802s] -- Installing: /home/kush/UR5_Project_New/src/install/ur_bringup/share/ur_bringup/local_setup.dsv
[2.802s] -- Installing: /home/kush/UR5_Project_New/src/install/ur_bringup/share/ur_bringup/package.dsv
[2.803s] -- Installing: /home/kush/UR5_Project_New/src/install/ur_bringup/share/ament_index/resource_index/packages/ur_bringup
[2.804s] -- Installing: /home/kush/UR5_Project_New/src/install/ur_bringup/share/ur_bringup/cmake/ur_bringupConfig.cmake
[2.804s] -- Installing: /home/kush/UR5_Project_New/src/install/ur_bringup/share/ur_bringup/cmake/ur_bringupConfig-version.cmake
[2.804s] -- Installing: /home/kush/UR5_Project_New/src/install/ur_bringup/share/ur_bringup/package.xml
[2.817s] Invoked command in '/home/kush/UR5_Project_New/src/build/ur_bringup' returned '0': AMENT_PREFIX_PATH=/home/kush/UR5_Project_New/src/install/ur_controllers:/home/kush/UR5_Project_New/src/install/ur_description:/home/kush/UR5_Project_New/src/install/ur_dashboard_msgs:${AMENT_PREFIX_PATH} CMAKE_PREFIX_PATH=/home/kush/UR5_Project_New/src/install/ur_controllers:/home/kush/UR5_Project_New/src/install/ur_description:/home/kush/UR5_Project_New/src/install/ur_dashboard_msgs:/opt/ros/humble LD_LIBRARY_PATH=/home/kush/UR5_Project_New/src/install/ur_controllers/lib:/home/kush/UR5_Project_New/src/install/ur_dashboard_msgs/lib:${LD_LIBRARY_PATH} PYTHONPATH=/home/kush/UR5_Project_New/src/install/ur_dashboard_msgs/local/lib/python3.10/dist-packages:${PYTHONPATH} /usr/bin/cmake --install /home/kush/UR5_Project_New/src/build/ur_bringup
