[0.099s] Invoking command in '/home/kush/UR5_Project_New/build/moveit_resources_panda_moveit_config': AMENT_PREFIX_PATH=/home/kush/UR5_Project_New/install/moveit_resources_panda_description:${AMENT_PREFIX_PATH} CMAKE_PREFIX_PATH=/home/kush/UR5_Project_New/install/moveit_resources_panda_description:/opt/ros/humble /usr/bin/cmake --build /home/kush/UR5_Project_New/build/moveit_resources_panda_moveit_config -- -j4 -l4
[0.208s] Invoked command in '/home/kush/UR5_Project_New/build/moveit_resources_panda_moveit_config' returned '0': AMENT_PREFIX_PATH=/home/kush/UR5_Project_New/install/moveit_resources_panda_description:${AMENT_PREFIX_PATH} CMAKE_PREFIX_PATH=/home/kush/UR5_Project_New/install/moveit_resources_panda_description:/opt/ros/humble /usr/bin/cmake --build /home/kush/UR5_Project_New/build/moveit_resources_panda_moveit_config -- -j4 -l4
[0.240s] Invoking command in '/home/kush/UR5_Project_New/build/moveit_resources_panda_moveit_config': AMENT_PREFIX_PATH=/home/kush/UR5_Project_New/install/moveit_resources_panda_description:${AMENT_PREFIX_PATH} CMAKE_PREFIX_PATH=/home/kush/UR5_Project_New/install/moveit_resources_panda_description:/opt/ros/humble /usr/bin/cmake --install /home/kush/UR5_Project_New/build/moveit_resources_panda_moveit_config
[0.279s] -- Install configuration: "Release"
[0.280s] -- Up-to-date: /home/kush/UR5_Project_New/install/moveit_resources_panda_moveit_config/share/ament_index/resource_index/package_run_dependencies/moveit_resources_panda_moveit_config
[0.281s] -- Up-to-date: /home/kush/UR5_Project_New/install/moveit_resources_panda_moveit_config/share/ament_index/resource_index/parent_prefix_path/moveit_resources_panda_moveit_config
[0.282s] -- Up-to-date: /home/kush/UR5_Project_New/install/moveit_resources_panda_moveit_config/share/moveit_resources_panda_moveit_config/environment/ament_prefix_path.sh
[0.282s] -- Up-to-date: /home/kush/UR5_Project_New/install/moveit_resources_panda_moveit_config/share/moveit_resources_panda_moveit_config/environment/ament_prefix_path.dsv
[0.283s] -- Up-to-date: /home/kush/UR5_Project_New/install/moveit_resources_panda_moveit_config/share/moveit_resources_panda_moveit_config/environment/path.sh
[0.284s] -- Up-to-date: /home/kush/UR5_Project_New/install/moveit_resources_panda_moveit_config/share/moveit_resources_panda_moveit_config/environment/path.dsv
[0.284s] -- Up-to-date: /home/kush/UR5_Project_New/install/moveit_resources_panda_moveit_config/share/moveit_resources_panda_moveit_config/local_setup.bash
[0.284s] -- Up-to-date: /home/kush/UR5_Project_New/install/moveit_resources_panda_moveit_config/share/moveit_resources_panda_moveit_config/local_setup.sh
[0.285s] -- Up-to-date: /home/kush/UR5_Project_New/install/moveit_resources_panda_moveit_config/share/moveit_resources_panda_moveit_config/local_setup.zsh
[0.291s] -- Up-to-date: /home/kush/UR5_Project_New/install/moveit_resources_panda_moveit_config/share/moveit_resources_panda_moveit_config/local_setup.dsv
[0.292s] -- Up-to-date: /home/kush/UR5_Project_New/install/moveit_resources_panda_moveit_config/share/moveit_resources_panda_moveit_config/package.dsv
[0.292s] -- Up-to-date: /home/kush/UR5_Project_New/install/moveit_resources_panda_moveit_config/share/ament_index/resource_index/packages/moveit_resources_panda_moveit_config
[0.292s] -- Up-to-date: /home/kush/UR5_Project_New/install/moveit_resources_panda_moveit_config/share/moveit_resources_panda_moveit_config/cmake/moveit_resources_panda_moveit_configConfig.cmake
[0.293s] -- Up-to-date: /home/kush/UR5_Project_New/install/moveit_resources_panda_moveit_config/share/moveit_resources_panda_moveit_config/cmake/moveit_resources_panda_moveit_configConfig-version.cmake
[0.293s] -- Up-to-date: /home/kush/UR5_Project_New/install/moveit_resources_panda_moveit_config/share/moveit_resources_panda_moveit_config/package.xml
[0.293s] -- Up-to-date: /home/kush/UR5_Project_New/install/moveit_resources_panda_moveit_config/share/moveit_resources_panda_moveit_config/launch
[0.294s] -- Up-to-date: /home/kush/UR5_Project_New/install/moveit_resources_panda_moveit_config/share/moveit_resources_panda_moveit_config/launch/demo.launch.py
[0.294s] -- Up-to-date: /home/kush/UR5_Project_New/install/moveit_resources_panda_moveit_config/share/moveit_resources_panda_moveit_config/launch/moveit_empty.rviz
[0.294s] -- Up-to-date: /home/kush/UR5_Project_New/install/moveit_resources_panda_moveit_config/share/moveit_resources_panda_moveit_config/launch/moveit.rviz
[0.295s] -- Up-to-date: /home/kush/UR5_Project_New/install/moveit_resources_panda_moveit_config/share/moveit_resources_panda_moveit_config/launch/moveit_rviz.launch.py
[0.298s] -- Up-to-date: /home/kush/UR5_Project_New/install/moveit_resources_panda_moveit_config/share/moveit_resources_panda_moveit_config/config
[0.299s] -- Up-to-date: /home/kush/UR5_Project_New/install/moveit_resources_panda_moveit_config/share/moveit_resources_panda_moveit_config/config/pilz_industrial_motion_planner_planning.yaml
[0.299s] -- Up-to-date: /home/kush/UR5_Project_New/install/moveit_resources_panda_moveit_config/share/moveit_resources_panda_moveit_config/config/panda_arm.srdf.xacro
[0.300s] -- Up-to-date: /home/kush/UR5_Project_New/install/moveit_resources_panda_moveit_config/share/moveit_resources_panda_moveit_config/config/pilz_cartesian_limits.yaml
[0.300s] -- Up-to-date: /home/kush/UR5_Project_New/install/moveit_resources_panda_moveit_config/share/moveit_resources_panda_moveit_config/config/trajopt_planning.yaml
[0.301s] -- Up-to-date: /home/kush/UR5_Project_New/install/moveit_resources_panda_moveit_config/share/moveit_resources_panda_moveit_config/config/panda_arm.xacro
[0.301s] -- Up-to-date: /home/kush/UR5_Project_New/install/moveit_resources_panda_moveit_config/share/moveit_resources_panda_moveit_config/config/lerp_planning.yaml
[0.301s] -- Up-to-date: /home/kush/UR5_Project_New/install/moveit_resources_panda_moveit_config/share/moveit_resources_panda_moveit_config/config/gripper_moveit_controllers.yaml
[0.302s] -- Up-to-date: /home/kush/UR5_Project_New/install/moveit_resources_panda_moveit_config/share/moveit_resources_panda_moveit_config/config/ompl_planning.yaml
[0.308s] -- Up-to-date: /home/kush/UR5_Project_New/install/moveit_resources_panda_moveit_config/share/moveit_resources_panda_moveit_config/config/panda.ros2_control.xacro
[0.308s] -- Up-to-date: /home/kush/UR5_Project_New/install/moveit_resources_panda_moveit_config/share/moveit_resources_panda_moveit_config/config/ros2_controllers.yaml
[0.309s] -- Up-to-date: /home/kush/UR5_Project_New/install/moveit_resources_panda_moveit_config/share/moveit_resources_panda_moveit_config/config/hand.xacro
[0.309s] -- Up-to-date: /home/kush/UR5_Project_New/install/moveit_resources_panda_moveit_config/share/moveit_resources_panda_moveit_config/config/panda_arm_hand.srdf.xacro
[0.309s] -- Up-to-date: /home/kush/UR5_Project_New/install/moveit_resources_panda_moveit_config/share/moveit_resources_panda_moveit_config/config/panda.urdf.xacro
[0.309s] -- Up-to-date: /home/kush/UR5_Project_New/install/moveit_resources_panda_moveit_config/share/moveit_resources_panda_moveit_config/config/panda_hand.ros2_control.xacro
[0.310s] -- Up-to-date: /home/kush/UR5_Project_New/install/moveit_resources_panda_moveit_config/share/moveit_resources_panda_moveit_config/config/panda.srdf
[0.310s] -- Up-to-date: /home/kush/UR5_Project_New/install/moveit_resources_panda_moveit_config/share/moveit_resources_panda_moveit_config/config/chomp_planning.yaml
[0.311s] -- Up-to-date: /home/kush/UR5_Project_New/install/moveit_resources_panda_moveit_config/share/moveit_resources_panda_moveit_config/config/joint_limits.yaml
[0.311s] -- Up-to-date: /home/kush/UR5_Project_New/install/moveit_resources_panda_moveit_config/share/moveit_resources_panda_moveit_config/config/sensors_kinect_pointcloud.yaml
[0.311s] -- Up-to-date: /home/kush/UR5_Project_New/install/moveit_resources_panda_moveit_config/share/moveit_resources_panda_moveit_config/config/initial_positions.yaml
[0.311s] -- Up-to-date: /home/kush/UR5_Project_New/install/moveit_resources_panda_moveit_config/share/moveit_resources_panda_moveit_config/config/sensors_kinect_depthmap.yaml
[0.311s] -- Up-to-date: /home/kush/UR5_Project_New/install/moveit_resources_panda_moveit_config/share/moveit_resources_panda_moveit_config/config/moveit_controllers.yaml
[0.312s] -- Up-to-date: /home/kush/UR5_Project_New/install/moveit_resources_panda_moveit_config/share/moveit_resources_panda_moveit_config/config/kinematics.yaml
[0.312s] -- Up-to-date: /home/kush/UR5_Project_New/install/moveit_resources_panda_moveit_config/share/moveit_resources_panda_moveit_config/.setup_assistant
[0.313s] Invoked command in '/home/kush/UR5_Project_New/build/moveit_resources_panda_moveit_config' returned '0': AMENT_PREFIX_PATH=/home/kush/UR5_Project_New/install/moveit_resources_panda_description:${AMENT_PREFIX_PATH} CMAKE_PREFIX_PATH=/home/kush/UR5_Project_New/install/moveit_resources_panda_description:/opt/ros/humble /usr/bin/cmake --install /home/kush/UR5_Project_New/build/moveit_resources_panda_moveit_config
