[0.140s] Invoking command in '/home/kush/UR5_Project_New/build/rviz_marker_tools': AMENT_PREFIX_PATH=/home/kush/UR5_Project_New/install/moveit_common:${AMENT_PREFIX_PATH} CMAKE_PREFIX_PATH=/home/kush/UR5_Project_New/install/moveit_common:/opt/ros/humble /usr/bin/cmake --build /home/kush/UR5_Project_New/build/rviz_marker_tools -- -j4 -l4
[3.551s] [100%] Built target rviz_marker_tools
[3.574s] Invoked command in '/home/kush/UR5_Project_New/build/rviz_marker_tools' returned '0': AMENT_PREFIX_PATH=/home/kush/UR5_Project_New/install/moveit_common:${AMENT_PREFIX_PATH} CMAKE_PREFIX_PATH=/home/kush/UR5_Project_New/install/moveit_common:/opt/ros/humble /usr/bin/cmake --build /home/kush/UR5_Project_New/build/rviz_marker_tools -- -j4 -l4
[3.609s] Invoking command in '/home/kush/UR5_Project_New/build/rviz_marker_tools': AMENT_PREFIX_PATH=/home/kush/UR5_Project_New/install/moveit_common:${AMENT_PREFIX_PATH} CMAKE_PREFIX_PATH=/home/kush/UR5_Project_New/install/moveit_common:/opt/ros/humble /usr/bin/cmake --install /home/kush/UR5_Project_New/build/rviz_marker_tools
[3.698s] -- Install configuration: "Release"
[3.698s] -- Up-to-date: /home/kush/UR5_Project_New/install/rviz_marker_tools/include
[3.699s] -- Up-to-date: /home/kush/UR5_Project_New/install/rviz_marker_tools/include/rviz_marker_tools
[3.699s] -- Up-to-date: /home/kush/UR5_Project_New/install/rviz_marker_tools/include/rviz_marker_tools/marker_creation.h
[3.764s] -- Up-to-date: /home/kush/UR5_Project_New/install/rviz_marker_tools/lib/librviz_marker_tools.so
[3.764s] -- Up-to-date: /home/kush/UR5_Project_New/install/rviz_marker_tools/share/rviz_marker_tools/environment/library_path.sh
[3.764s] -- Up-to-date: /home/kush/UR5_Project_New/install/rviz_marker_tools/share/rviz_marker_tools/environment/library_path.dsv
[3.765s] -- Up-to-date: /home/kush/UR5_Project_New/install/rviz_marker_tools/share/ament_index/resource_index/package_run_dependencies/rviz_marker_tools
[3.766s] -- Up-to-date: /home/kush/UR5_Project_New/install/rviz_marker_tools/share/ament_index/resource_index/parent_prefix_path/rviz_marker_tools
[3.766s] -- Up-to-date: /home/kush/UR5_Project_New/install/rviz_marker_tools/share/rviz_marker_tools/environment/ament_prefix_path.sh
[3.766s] -- Up-to-date: /home/kush/UR5_Project_New/install/rviz_marker_tools/share/rviz_marker_tools/environment/ament_prefix_path.dsv
[3.766s] -- Up-to-date: /home/kush/UR5_Project_New/install/rviz_marker_tools/share/rviz_marker_tools/environment/path.sh
[3.766s] -- Up-to-date: /home/kush/UR5_Project_New/install/rviz_marker_tools/share/rviz_marker_tools/environment/path.dsv
[3.766s] -- Up-to-date: /home/kush/UR5_Project_New/install/rviz_marker_tools/share/rviz_marker_tools/local_setup.bash
[3.766s] -- Up-to-date: /home/kush/UR5_Project_New/install/rviz_marker_tools/share/rviz_marker_tools/local_setup.sh
[3.766s] -- Up-to-date: /home/kush/UR5_Project_New/install/rviz_marker_tools/share/rviz_marker_tools/local_setup.zsh
[3.766s] -- Up-to-date: /home/kush/UR5_Project_New/install/rviz_marker_tools/share/rviz_marker_tools/local_setup.dsv
[3.766s] -- Installing: /home/kush/UR5_Project_New/install/rviz_marker_tools/share/rviz_marker_tools/package.dsv
[3.816s] -- Up-to-date: /home/kush/UR5_Project_New/install/rviz_marker_tools/share/ament_index/resource_index/packages/rviz_marker_tools
[3.843s] -- Up-to-date: /home/kush/UR5_Project_New/install/rviz_marker_tools/share/rviz_marker_tools/cmake/rviz_marker_toolsTargetsExport.cmake
[3.844s] -- Up-to-date: /home/kush/UR5_Project_New/install/rviz_marker_tools/share/rviz_marker_tools/cmake/rviz_marker_toolsTargetsExport-release.cmake
[3.844s] -- Up-to-date: /home/kush/UR5_Project_New/install/rviz_marker_tools/share/rviz_marker_tools/cmake/ament_cmake_export_targets-extras.cmake
[3.844s] -- Up-to-date: /home/kush/UR5_Project_New/install/rviz_marker_tools/share/rviz_marker_tools/cmake/ament_cmake_export_dependencies-extras.cmake
[3.845s] -- Up-to-date: /home/kush/UR5_Project_New/install/rviz_marker_tools/share/rviz_marker_tools/cmake/rviz_marker_toolsConfig.cmake
[3.845s] -- Up-to-date: /home/kush/UR5_Project_New/install/rviz_marker_tools/share/rviz_marker_tools/cmake/rviz_marker_toolsConfig-version.cmake
[3.845s] -- Up-to-date: /home/kush/UR5_Project_New/install/rviz_marker_tools/share/rviz_marker_tools/package.xml
[3.850s] Invoked command in '/home/kush/UR5_Project_New/build/rviz_marker_tools' returned '0': AMENT_PREFIX_PATH=/home/kush/UR5_Project_New/install/moveit_common:${AMENT_PREFIX_PATH} CMAKE_PREFIX_PATH=/home/kush/UR5_Project_New/install/moveit_common:/opt/ros/humble /usr/bin/cmake --install /home/kush/UR5_Project_New/build/rviz_marker_tools
