[0.722s] Invoking command in '/home/kush/UR5_Project_New/build/moveit_task_constructor_visualization': AMENT_PREFIX_PATH=/home/kush/UR5_Project_New/install/moveit_task_constructor_core:/home/kush/UR5_Project_New/install/moveit_ros_visualization:/home/kush/UR5_Project_New/install/moveit_ros_planning_interface:/home/kush/UR5_Project_New/install/moveit_ros_move_group:/home/kush/UR5_Project_New/install/moveit_ros_warehouse:/home/kush/UR5_Project_New/install/moveit_ros_robot_interaction:/home/kush/UR5_Project_New/install/moveit_kinematics:/home/kush/UR5_Project_New/install/moveit_ros_planning:/home/kush/UR5_Project_New/install/moveit_ros_occupancy_map_monitor:/home/kush/UR5_Project_New/install/moveit_core:/home/kush/UR5_Project_New/install/rviz_marker_tools:/home/kush/UR5_Project_New/install/srdfdom:/home/kush/UR5_Project_New/install/moveit_task_constructor_msgs:/home/kush/UR5_Project_New/install/moveit_common:${AMENT_PREFIX_PATH} CMAKE_PREFIX_PATH=/home/kush/UR5_Project_New/install/moveit_task_constructor_core:/home/kush/UR5_Project_New/install/moveit_ros_visualization:/home/kush/UR5_Project_New/install/moveit_ros_planning_interface:/home/kush/UR5_Project_New/install/moveit_ros_move_group:/home/kush/UR5_Project_New/install/moveit_ros_warehouse:/home/kush/UR5_Project_New/install/moveit_ros_robot_interaction:/home/kush/UR5_Project_New/install/moveit_kinematics:/home/kush/UR5_Project_New/install/moveit_ros_planning:/home/kush/UR5_Project_New/install/moveit_ros_occupancy_map_monitor:/home/kush/UR5_Project_New/install/moveit_core:/home/kush/UR5_Project_New/install/rviz_marker_tools:/home/kush/UR5_Project_New/install/srdfdom:/home/kush/UR5_Project_New/install/moveit_task_constructor_msgs:/home/kush/UR5_Project_New/install/moveit_common:/opt/ros/humble LD_LIBRARY_PATH=/home/kush/UR5_Project_New/install/moveit_task_constructor_core/lib:/home/kush/UR5_Project_New/install/moveit_ros_visualization/lib:/home/kush/UR5_Project_New/install/moveit_ros_planning_interface/lib:/home/kush/UR5_Project_New/install/moveit_ros_move_group/lib:/home/kush/UR5_Project_New/install/moveit_ros_warehouse/lib:/home/kush/UR5_Project_New/install/moveit_ros_robot_interaction/lib:/home/kush/UR5_Project_New/install/moveit_kinematics/lib:/home/kush/UR5_Project_New/install/moveit_ros_planning/lib:/home/kush/UR5_Project_New/install/moveit_ros_occupancy_map_monitor/lib:/home/kush/UR5_Project_New/install/moveit_core/lib:/home/kush/UR5_Project_New/install/rviz_marker_tools/lib:/home/kush/UR5_Project_New/install/srdfdom/lib:/home/kush/UR5_Project_New/install/moveit_task_constructor_msgs/lib:${LD_LIBRARY_PATH} PATH=/home/kush/UR5_Project_New/install/moveit_core/bin:${PATH} PYTHONPATH=/home/kush/UR5_Project_New/install/srdfdom/local/lib/python3.10/dist-packages:/home/kush/UR5_Project_New/install/moveit_task_constructor_msgs/local/lib/python3.10/dist-packages:${PYTHONPATH} /usr/bin/cmake --build /home/kush/UR5_Project_New/build/moveit_task_constructor_visualization -- -j4 -l4
[1.177s] [  1%] [34m[1mAutomatic MOC for target moveit_task_visualization_tools[0m
[1.348s] [  1%] Built target moveit_task_visualization_tools_autogen
[1.447s] [  3%] [34m[1mAutomatic MOC for target gtest_main[0m
[1.552s] [  3%] Built target gtest_main_autogen
[1.660s] [  4%] [34m[1mAutomatic MOC for target gtest[0m
[1.775s] [  4%] Built target gtest_autogen
[1.896s] [  6%] [34m[1mAutomatic MOC for target gmock_main[0m
[2.008s] [  6%] Built target gmock_main_autogen
[2.132s] [  7%] [34m[1mAutomatic MOC for target gmock[0m
[2.239s] [  7%] Built target gmock_autogen
[2.317s] [35m[1mConsolidate compiler generated dependencies of target moveit_task_visualization_tools[0m
[2.571s] [ 16%] Built target moveit_task_visualization_tools
[2.613s] [35m[1mConsolidate compiler generated dependencies of target gtest_main[0m
[2.667s] [ 21%] Built target gtest_main
[2.683s] [35m[1mConsolidate compiler generated dependencies of target gtest[0m
[2.717s] [ 26%] Built target gtest
[2.747s] [35m[1mConsolidate compiler generated dependencies of target gmock_main[0m
[2.810s] [ 30%] Built target gmock_main
[2.842s] [35m[1mConsolidate compiler generated dependencies of target gmock[0m
[2.911s] [ 36%] Built target gmock
[2.994s] [ 38%] [34m[1mAutomatic MOC for target motion_planning_tasks_properties[0m
[3.060s] [ 38%] Built target motion_planning_tasks_properties_autogen
[3.117s] [ 40%] [34m[1mAutomatic MOC for target motion_planning_tasks_utils[0m
[3.199s] [ 40%] Built target motion_planning_tasks_utils_autogen
[3.254s] [35m[1mConsolidate compiler generated dependencies of target motion_planning_tasks_properties[0m
[3.351s] [ 46%] Built target motion_planning_tasks_properties
[3.418s] [35m[1mConsolidate compiler generated dependencies of target motion_planning_tasks_utils[0m
[3.464s] [ 53%] Built target motion_planning_tasks_utils
[3.577s] [ 55%] [34m[1mAutomatic MOC for target motion_planning_tasks_rviz_plugin[0m
[3.675s] [ 55%] Built target motion_planning_tasks_rviz_plugin_autogen
[3.809s] [ 56%] [34m[1mAutomatic MOC for target moveit_task_constructor_visualization-test-merge-models[0m
[3.903s] [ 56%] Built target moveit_task_constructor_visualization-test-merge-models_autogen
[3.986s] [35m[1mConsolidate compiler generated dependencies of target motion_planning_tasks_rviz_plugin[0m
[4.337s] [ 83%] Built target motion_planning_tasks_rviz_plugin
[4.366s] [35m[1mConsolidate compiler generated dependencies of target moveit_task_constructor_visualization-test-merge-models[0m
[4.452s] [ 87%] Built target moveit_task_constructor_visualization-test-merge-models
[4.544s] [ 89%] [34m[1mAutomatic MOC for target moveit_task_constructor_visualization-test-task_model[0m
[4.626s] [ 89%] Built target moveit_task_constructor_visualization-test-task_model_autogen
[4.756s] [ 90%] [34m[1mAutomatic MOC for target moveit_task_constructor_visualization-test-solution-models[0m
[4.912s] [ 90%] Built target moveit_task_constructor_visualization-test-solution-models_autogen
[5.007s] [35m[1mConsolidate compiler generated dependencies of target moveit_task_constructor_visualization-test-task_model[0m
[5.095s] [ 95%] Built target moveit_task_constructor_visualization-test-task_model
[5.158s] [35m[1mConsolidate compiler generated dependencies of target moveit_task_constructor_visualization-test-solution-models[0m
[5.274s] [100%] Built target moveit_task_constructor_visualization-test-solution-models
[5.355s] Invoked command in '/home/kush/UR5_Project_New/build/moveit_task_constructor_visualization' returned '0': AMENT_PREFIX_PATH=/home/kush/UR5_Project_New/install/moveit_task_constructor_core:/home/kush/UR5_Project_New/install/moveit_ros_visualization:/home/kush/UR5_Project_New/install/moveit_ros_planning_interface:/home/kush/UR5_Project_New/install/moveit_ros_move_group:/home/kush/UR5_Project_New/install/moveit_ros_warehouse:/home/kush/UR5_Project_New/install/moveit_ros_robot_interaction:/home/kush/UR5_Project_New/install/moveit_kinematics:/home/kush/UR5_Project_New/install/moveit_ros_planning:/home/kush/UR5_Project_New/install/moveit_ros_occupancy_map_monitor:/home/kush/UR5_Project_New/install/moveit_core:/home/kush/UR5_Project_New/install/rviz_marker_tools:/home/kush/UR5_Project_New/install/srdfdom:/home/kush/UR5_Project_New/install/moveit_task_constructor_msgs:/home/kush/UR5_Project_New/install/moveit_common:${AMENT_PREFIX_PATH} CMAKE_PREFIX_PATH=/home/kush/UR5_Project_New/install/moveit_task_constructor_core:/home/kush/UR5_Project_New/install/moveit_ros_visualization:/home/kush/UR5_Project_New/install/moveit_ros_planning_interface:/home/kush/UR5_Project_New/install/moveit_ros_move_group:/home/kush/UR5_Project_New/install/moveit_ros_warehouse:/home/kush/UR5_Project_New/install/moveit_ros_robot_interaction:/home/kush/UR5_Project_New/install/moveit_kinematics:/home/kush/UR5_Project_New/install/moveit_ros_planning:/home/kush/UR5_Project_New/install/moveit_ros_occupancy_map_monitor:/home/kush/UR5_Project_New/install/moveit_core:/home/kush/UR5_Project_New/install/rviz_marker_tools:/home/kush/UR5_Project_New/install/srdfdom:/home/kush/UR5_Project_New/install/moveit_task_constructor_msgs:/home/kush/UR5_Project_New/install/moveit_common:/opt/ros/humble LD_LIBRARY_PATH=/home/kush/UR5_Project_New/install/moveit_task_constructor_core/lib:/home/kush/UR5_Project_New/install/moveit_ros_visualization/lib:/home/kush/UR5_Project_New/install/moveit_ros_planning_interface/lib:/home/kush/UR5_Project_New/install/moveit_ros_move_group/lib:/home/kush/UR5_Project_New/install/moveit_ros_warehouse/lib:/home/kush/UR5_Project_New/install/moveit_ros_robot_interaction/lib:/home/kush/UR5_Project_New/install/moveit_kinematics/lib:/home/kush/UR5_Project_New/install/moveit_ros_planning/lib:/home/kush/UR5_Project_New/install/moveit_ros_occupancy_map_monitor/lib:/home/kush/UR5_Project_New/install/moveit_core/lib:/home/kush/UR5_Project_New/install/rviz_marker_tools/lib:/home/kush/UR5_Project_New/install/srdfdom/lib:/home/kush/UR5_Project_New/install/moveit_task_constructor_msgs/lib:${LD_LIBRARY_PATH} PATH=/home/kush/UR5_Project_New/install/moveit_core/bin:${PATH} PYTHONPATH=/home/kush/UR5_Project_New/install/srdfdom/local/lib/python3.10/dist-packages:/home/kush/UR5_Project_New/install/moveit_task_constructor_msgs/local/lib/python3.10/dist-packages:${PYTHONPATH} /usr/bin/cmake --build /home/kush/UR5_Project_New/build/moveit_task_constructor_visualization -- -j4 -l4
[5.537s] Invoking command in '/home/kush/UR5_Project_New/build/moveit_task_constructor_visualization': AMENT_PREFIX_PATH=/home/kush/UR5_Project_New/install/moveit_task_constructor_core:/home/kush/UR5_Project_New/install/moveit_ros_visualization:/home/kush/UR5_Project_New/install/moveit_ros_planning_interface:/home/kush/UR5_Project_New/install/moveit_ros_move_group:/home/kush/UR5_Project_New/install/moveit_ros_warehouse:/home/kush/UR5_Project_New/install/moveit_ros_robot_interaction:/home/kush/UR5_Project_New/install/moveit_kinematics:/home/kush/UR5_Project_New/install/moveit_ros_planning:/home/kush/UR5_Project_New/install/moveit_ros_occupancy_map_monitor:/home/kush/UR5_Project_New/install/moveit_core:/home/kush/UR5_Project_New/install/rviz_marker_tools:/home/kush/UR5_Project_New/install/srdfdom:/home/kush/UR5_Project_New/install/moveit_task_constructor_msgs:/home/kush/UR5_Project_New/install/moveit_common:${AMENT_PREFIX_PATH} CMAKE_PREFIX_PATH=/home/kush/UR5_Project_New/install/moveit_task_constructor_core:/home/kush/UR5_Project_New/install/moveit_ros_visualization:/home/kush/UR5_Project_New/install/moveit_ros_planning_interface:/home/kush/UR5_Project_New/install/moveit_ros_move_group:/home/kush/UR5_Project_New/install/moveit_ros_warehouse:/home/kush/UR5_Project_New/install/moveit_ros_robot_interaction:/home/kush/UR5_Project_New/install/moveit_kinematics:/home/kush/UR5_Project_New/install/moveit_ros_planning:/home/kush/UR5_Project_New/install/moveit_ros_occupancy_map_monitor:/home/kush/UR5_Project_New/install/moveit_core:/home/kush/UR5_Project_New/install/rviz_marker_tools:/home/kush/UR5_Project_New/install/srdfdom:/home/kush/UR5_Project_New/install/moveit_task_constructor_msgs:/home/kush/UR5_Project_New/install/moveit_common:/opt/ros/humble LD_LIBRARY_PATH=/home/kush/UR5_Project_New/install/moveit_task_constructor_core/lib:/home/kush/UR5_Project_New/install/moveit_ros_visualization/lib:/home/kush/UR5_Project_New/install/moveit_ros_planning_interface/lib:/home/kush/UR5_Project_New/install/moveit_ros_move_group/lib:/home/kush/UR5_Project_New/install/moveit_ros_warehouse/lib:/home/kush/UR5_Project_New/install/moveit_ros_robot_interaction/lib:/home/kush/UR5_Project_New/install/moveit_kinematics/lib:/home/kush/UR5_Project_New/install/moveit_ros_planning/lib:/home/kush/UR5_Project_New/install/moveit_ros_occupancy_map_monitor/lib:/home/kush/UR5_Project_New/install/moveit_core/lib:/home/kush/UR5_Project_New/install/rviz_marker_tools/lib:/home/kush/UR5_Project_New/install/srdfdom/lib:/home/kush/UR5_Project_New/install/moveit_task_constructor_msgs/lib:${LD_LIBRARY_PATH} PATH=/home/kush/UR5_Project_New/install/moveit_core/bin:${PATH} PYTHONPATH=/home/kush/UR5_Project_New/install/srdfdom/local/lib/python3.10/dist-packages:/home/kush/UR5_Project_New/install/moveit_task_constructor_msgs/local/lib/python3.10/dist-packages:${PYTHONPATH} /usr/bin/cmake --install /home/kush/UR5_Project_New/build/moveit_task_constructor_visualization
[5.560s] -- Install configuration: "Release"
[5.560s] -- Up-to-date: /home/kush/UR5_Project_New/install/moveit_task_constructor_visualization/share/icons
[5.561s] -- Up-to-date: /home/kush/UR5_Project_New/install/moveit_task_constructor_visualization/share/icons/classes
[5.561s] -- Up-to-date: /home/kush/UR5_Project_New/install/moveit_task_constructor_visualization/share/icons/classes/Motion Planning Tasks.svg
[5.562s] -- Up-to-date: /home/kush/UR5_Project_New/install/moveit_task_constructor_visualization/share/moveit_task_constructor_visualization/motion_planning_tasks_rviz_plugin_description.xml
[5.562s] -- Up-to-date: /home/kush/UR5_Project_New/install/moveit_task_constructor_visualization/share/moveit_task_constructor_visualization/environment/library_path.sh
[5.563s] -- Up-to-date: /home/kush/UR5_Project_New/install/moveit_task_constructor_visualization/share/moveit_task_constructor_visualization/environment/library_path.dsv
[5.564s] -- Up-to-date: /home/kush/UR5_Project_New/install/moveit_task_constructor_visualization/share/ament_index/resource_index/package_run_dependencies/moveit_task_constructor_visualization
[5.565s] -- Up-to-date: /home/kush/UR5_Project_New/install/moveit_task_constructor_visualization/share/ament_index/resource_index/parent_prefix_path/moveit_task_constructor_visualization
[5.566s] -- Up-to-date: /home/kush/UR5_Project_New/install/moveit_task_constructor_visualization/share/moveit_task_constructor_visualization/environment/ament_prefix_path.sh
[5.567s] -- Up-to-date: /home/kush/UR5_Project_New/install/moveit_task_constructor_visualization/share/moveit_task_constructor_visualization/environment/ament_prefix_path.dsv
[5.567s] -- Up-to-date: /home/kush/UR5_Project_New/install/moveit_task_constructor_visualization/share/moveit_task_constructor_visualization/environment/path.sh
[5.568s] -- Up-to-date: /home/kush/UR5_Project_New/install/moveit_task_constructor_visualization/share/moveit_task_constructor_visualization/environment/path.dsv
[5.568s] -- Up-to-date: /home/kush/UR5_Project_New/install/moveit_task_constructor_visualization/share/moveit_task_constructor_visualization/local_setup.bash
[5.569s] -- Up-to-date: /home/kush/UR5_Project_New/install/moveit_task_constructor_visualization/share/moveit_task_constructor_visualization/local_setup.sh
[5.570s] -- Up-to-date: /home/kush/UR5_Project_New/install/moveit_task_constructor_visualization/share/moveit_task_constructor_visualization/local_setup.zsh
[5.570s] -- Up-to-date: /home/kush/UR5_Project_New/install/moveit_task_constructor_visualization/share/moveit_task_constructor_visualization/local_setup.dsv
[5.571s] -- Installing: /home/kush/UR5_Project_New/install/moveit_task_constructor_visualization/share/moveit_task_constructor_visualization/package.dsv
[5.572s] -- Up-to-date: /home/kush/UR5_Project_New/install/moveit_task_constructor_visualization/share/ament_index/resource_index/packages/moveit_task_constructor_visualization
[5.573s] -- Up-to-date: /home/kush/UR5_Project_New/install/moveit_task_constructor_visualization/share/ament_index/resource_index/rviz_common__pluginlib__plugin/moveit_task_constructor_visualization
[5.574s] -- Up-to-date: /home/kush/UR5_Project_New/install/moveit_task_constructor_visualization/share/moveit_task_constructor_visualization/cmake/ament_cmake_export_include_directories-extras.cmake
[5.575s] -- Up-to-date: /home/kush/UR5_Project_New/install/moveit_task_constructor_visualization/share/moveit_task_constructor_visualization/cmake/ament_cmake_export_libraries-extras.cmake
[5.576s] -- Up-to-date: /home/kush/UR5_Project_New/install/moveit_task_constructor_visualization/share/moveit_task_constructor_visualization/cmake/ament_cmake_export_dependencies-extras.cmake
[5.577s] -- Up-to-date: /home/kush/UR5_Project_New/install/moveit_task_constructor_visualization/share/moveit_task_constructor_visualization/cmake/moveit_task_constructor_visualizationConfig.cmake
[5.577s] -- Up-to-date: /home/kush/UR5_Project_New/install/moveit_task_constructor_visualization/share/moveit_task_constructor_visualization/cmake/moveit_task_constructor_visualizationConfig-version.cmake
[5.578s] -- Up-to-date: /home/kush/UR5_Project_New/install/moveit_task_constructor_visualization/share/moveit_task_constructor_visualization/package.xml
[5.579s] -- Up-to-date: /home/kush/UR5_Project_New/install/moveit_task_constructor_visualization/include
[5.579s] -- Up-to-date: /home/kush/UR5_Project_New/install/moveit_task_constructor_visualization/include/moveit
[5.580s] -- Up-to-date: /home/kush/UR5_Project_New/install/moveit_task_constructor_visualization/include/moveit/visualization_tools
[5.580s] -- Up-to-date: /home/kush/UR5_Project_New/install/moveit_task_constructor_visualization/include/moveit/visualization_tools/task_solution_panel.h
[5.581s] -- Up-to-date: /home/kush/UR5_Project_New/install/moveit_task_constructor_visualization/include/moveit/visualization_tools/marker_visualization.h
[5.581s] -- Up-to-date: /home/kush/UR5_Project_New/install/moveit_task_constructor_visualization/include/moveit/visualization_tools/task_solution_visualization.h
[5.582s] -- Up-to-date: /home/kush/UR5_Project_New/install/moveit_task_constructor_visualization/include/moveit/visualization_tools/display_solution.h
[5.583s] -- Up-to-date: /home/kush/UR5_Project_New/install/moveit_task_constructor_visualization/lib/libmoveit_task_visualization_tools.so.0.1.3
[5.584s] -- Up-to-date: /home/kush/UR5_Project_New/install/moveit_task_constructor_visualization/lib/libmoveit_task_visualization_tools.so
[5.587s] -- Up-to-date: /home/kush/UR5_Project_New/install/moveit_task_constructor_visualization/lib/libmotion_planning_tasks_utils.so
[5.589s] -- Up-to-date: /home/kush/UR5_Project_New/install/moveit_task_constructor_visualization/lib/libmotion_planning_tasks_properties.so
[5.591s] -- Up-to-date: /home/kush/UR5_Project_New/install/moveit_task_constructor_visualization/lib/libmotion_planning_tasks_rviz_plugin.so.0.1.3
[5.593s] -- Up-to-date: /home/kush/UR5_Project_New/install/moveit_task_constructor_visualization/lib/libmotion_planning_tasks_rviz_plugin.so
[5.603s] Invoked command in '/home/kush/UR5_Project_New/build/moveit_task_constructor_visualization' returned '0': AMENT_PREFIX_PATH=/home/kush/UR5_Project_New/install/moveit_task_constructor_core:/home/kush/UR5_Project_New/install/moveit_ros_visualization:/home/kush/UR5_Project_New/install/moveit_ros_planning_interface:/home/kush/UR5_Project_New/install/moveit_ros_move_group:/home/kush/UR5_Project_New/install/moveit_ros_warehouse:/home/kush/UR5_Project_New/install/moveit_ros_robot_interaction:/home/kush/UR5_Project_New/install/moveit_kinematics:/home/kush/UR5_Project_New/install/moveit_ros_planning:/home/kush/UR5_Project_New/install/moveit_ros_occupancy_map_monitor:/home/kush/UR5_Project_New/install/moveit_core:/home/kush/UR5_Project_New/install/rviz_marker_tools:/home/kush/UR5_Project_New/install/srdfdom:/home/kush/UR5_Project_New/install/moveit_task_constructor_msgs:/home/kush/UR5_Project_New/install/moveit_common:${AMENT_PREFIX_PATH} CMAKE_PREFIX_PATH=/home/kush/UR5_Project_New/install/moveit_task_constructor_core:/home/kush/UR5_Project_New/install/moveit_ros_visualization:/home/kush/UR5_Project_New/install/moveit_ros_planning_interface:/home/kush/UR5_Project_New/install/moveit_ros_move_group:/home/kush/UR5_Project_New/install/moveit_ros_warehouse:/home/kush/UR5_Project_New/install/moveit_ros_robot_interaction:/home/kush/UR5_Project_New/install/moveit_kinematics:/home/kush/UR5_Project_New/install/moveit_ros_planning:/home/kush/UR5_Project_New/install/moveit_ros_occupancy_map_monitor:/home/kush/UR5_Project_New/install/moveit_core:/home/kush/UR5_Project_New/install/rviz_marker_tools:/home/kush/UR5_Project_New/install/srdfdom:/home/kush/UR5_Project_New/install/moveit_task_constructor_msgs:/home/kush/UR5_Project_New/install/moveit_common:/opt/ros/humble LD_LIBRARY_PATH=/home/kush/UR5_Project_New/install/moveit_task_constructor_core/lib:/home/kush/UR5_Project_New/install/moveit_ros_visualization/lib:/home/kush/UR5_Project_New/install/moveit_ros_planning_interface/lib:/home/kush/UR5_Project_New/install/moveit_ros_move_group/lib:/home/kush/UR5_Project_New/install/moveit_ros_warehouse/lib:/home/kush/UR5_Project_New/install/moveit_ros_robot_interaction/lib:/home/kush/UR5_Project_New/install/moveit_kinematics/lib:/home/kush/UR5_Project_New/install/moveit_ros_planning/lib:/home/kush/UR5_Project_New/install/moveit_ros_occupancy_map_monitor/lib:/home/kush/UR5_Project_New/install/moveit_core/lib:/home/kush/UR5_Project_New/install/rviz_marker_tools/lib:/home/kush/UR5_Project_New/install/srdfdom/lib:/home/kush/UR5_Project_New/install/moveit_task_constructor_msgs/lib:${LD_LIBRARY_PATH} PATH=/home/kush/UR5_Project_New/install/moveit_core/bin:${PATH} PYTHONPATH=/home/kush/UR5_Project_New/install/srdfdom/local/lib/python3.10/dist-packages:/home/kush/UR5_Project_New/install/moveit_task_constructor_msgs/local/lib/python3.10/dist-packages:${PYTHONPATH} /usr/bin/cmake --install /home/kush/UR5_Project_New/build/moveit_task_constructor_visualization
