[0.133s] Invoking command in '/home/kush/UR5_Project_New/build/moveit_ros_perception': AMENT_PREFIX_PATH=/home/kush/UR5_Project_New/install/moveit_ros_planning:/home/kush/UR5_Project_New/install/moveit_ros_occupancy_map_monitor:/home/kush/UR5_Project_New/install/moveit_core:/home/kush/UR5_Project_New/install/srdfdom:/home/kush/UR5_Project_New/install/moveit_common:${AMENT_PREFIX_PATH} CMAKE_PREFIX_PATH=/home/kush/UR5_Project_New/install/moveit_ros_planning:/home/kush/UR5_Project_New/install/moveit_ros_occupancy_map_monitor:/home/kush/UR5_Project_New/install/moveit_core:/home/kush/UR5_Project_New/install/srdfdom:/home/kush/UR5_Project_New/install/moveit_common:/opt/ros/humble LD_LIBRARY_PATH=/home/kush/UR5_Project_New/install/moveit_ros_planning/lib:/home/kush/UR5_Project_New/install/moveit_ros_occupancy_map_monitor/lib:/home/kush/UR5_Project_New/install/moveit_core/lib:/home/kush/UR5_Project_New/install/srdfdom/lib:${LD_LIBRARY_PATH} PATH=/home/kush/UR5_Project_New/install/moveit_core/bin:${PATH} PYTHONPATH=/home/kush/UR5_Project_New/install/srdfdom/local/lib/python3.10/dist-packages:${PYTHONPATH} /usr/bin/cmake --build /home/kush/UR5_Project_New/build/moveit_ros_perception -- -j4 -l4
[0.785s] [ 10%] Built target moveit_lazy_free_space_updater
[1.005s] [ 20%] Built target moveit_semantic_world
[1.260s] [ 50%] Built target moveit_mesh_filter
[1.724s] [ 60%] Built target moveit_point_containment_filter
[1.954s] [ 70%] Built target moveit_depth_image_octomap_updater_core
[2.268s] [ 80%] Built target moveit_pointcloud_octomap_updater_core
[2.469s] [ 90%] Built target moveit_depth_image_octomap_updater
[2.784s] [100%] Built target moveit_pointcloud_octomap_updater
[2.806s] Invoked command in '/home/kush/UR5_Project_New/build/moveit_ros_perception' returned '0': AMENT_PREFIX_PATH=/home/kush/UR5_Project_New/install/moveit_ros_planning:/home/kush/UR5_Project_New/install/moveit_ros_occupancy_map_monitor:/home/kush/UR5_Project_New/install/moveit_core:/home/kush/UR5_Project_New/install/srdfdom:/home/kush/UR5_Project_New/install/moveit_common:${AMENT_PREFIX_PATH} CMAKE_PREFIX_PATH=/home/kush/UR5_Project_New/install/moveit_ros_planning:/home/kush/UR5_Project_New/install/moveit_ros_occupancy_map_monitor:/home/kush/UR5_Project_New/install/moveit_core:/home/kush/UR5_Project_New/install/srdfdom:/home/kush/UR5_Project_New/install/moveit_common:/opt/ros/humble LD_LIBRARY_PATH=/home/kush/UR5_Project_New/install/moveit_ros_planning/lib:/home/kush/UR5_Project_New/install/moveit_ros_occupancy_map_monitor/lib:/home/kush/UR5_Project_New/install/moveit_core/lib:/home/kush/UR5_Project_New/install/srdfdom/lib:${LD_LIBRARY_PATH} PATH=/home/kush/UR5_Project_New/install/moveit_core/bin:${PATH} PYTHONPATH=/home/kush/UR5_Project_New/install/srdfdom/local/lib/python3.10/dist-packages:${PYTHONPATH} /usr/bin/cmake --build /home/kush/UR5_Project_New/build/moveit_ros_perception -- -j4 -l4
[2.843s] Invoking command in '/home/kush/UR5_Project_New/build/moveit_ros_perception': AMENT_PREFIX_PATH=/home/kush/UR5_Project_New/install/moveit_ros_planning:/home/kush/UR5_Project_New/install/moveit_ros_occupancy_map_monitor:/home/kush/UR5_Project_New/install/moveit_core:/home/kush/UR5_Project_New/install/srdfdom:/home/kush/UR5_Project_New/install/moveit_common:${AMENT_PREFIX_PATH} CMAKE_PREFIX_PATH=/home/kush/UR5_Project_New/install/moveit_ros_planning:/home/kush/UR5_Project_New/install/moveit_ros_occupancy_map_monitor:/home/kush/UR5_Project_New/install/moveit_core:/home/kush/UR5_Project_New/install/srdfdom:/home/kush/UR5_Project_New/install/moveit_common:/opt/ros/humble LD_LIBRARY_PATH=/home/kush/UR5_Project_New/install/moveit_ros_planning/lib:/home/kush/UR5_Project_New/install/moveit_ros_occupancy_map_monitor/lib:/home/kush/UR5_Project_New/install/moveit_core/lib:/home/kush/UR5_Project_New/install/srdfdom/lib:${LD_LIBRARY_PATH} PATH=/home/kush/UR5_Project_New/install/moveit_core/bin:${PATH} PYTHONPATH=/home/kush/UR5_Project_New/install/srdfdom/local/lib/python3.10/dist-packages:${PYTHONPATH} /usr/bin/cmake --install /home/kush/UR5_Project_New/build/moveit_ros_perception
[2.972s] -- Install configuration: "Release"
[2.997s] -- Up-to-date: /home/kush/UR5_Project_New/install/moveit_ros_perception/include
[2.997s] -- Up-to-date: /home/kush/UR5_Project_New/install/moveit_ros_perception/include/moveit
[2.997s] -- Up-to-date: /home/kush/UR5_Project_New/install/moveit_ros_perception/include/moveit/lazy_free_space_updater
[2.997s] -- Up-to-date: /home/kush/UR5_Project_New/install/moveit_ros_perception/include/moveit/lazy_free_space_updater/lazy_free_space_updater.h
[3.022s] -- Up-to-date: /home/kush/UR5_Project_New/install/moveit_ros_perception/include
[3.022s] -- Up-to-date: /home/kush/UR5_Project_New/install/moveit_ros_perception/include/moveit
[3.022s] -- Up-to-date: /home/kush/UR5_Project_New/install/moveit_ros_perception/include/moveit/point_containment_filter
[3.022s] -- Up-to-date: /home/kush/UR5_Project_New/install/moveit_ros_perception/include/moveit/point_containment_filter/shape_mask.h
[3.061s] -- Up-to-date: /home/kush/UR5_Project_New/install/moveit_ros_perception/include
[3.061s] -- Up-to-date: /home/kush/UR5_Project_New/install/moveit_ros_perception/include/moveit
[3.062s] -- Up-to-date: /home/kush/UR5_Project_New/install/moveit_ros_perception/include/moveit/pointcloud_octomap_updater
[3.062s] -- Up-to-date: /home/kush/UR5_Project_New/install/moveit_ros_perception/include/moveit/pointcloud_octomap_updater/pointcloud_octomap_updater.h
[3.170s] -- Up-to-date: /home/kush/UR5_Project_New/install/moveit_ros_perception/include
[3.171s] -- Up-to-date: /home/kush/UR5_Project_New/install/moveit_ros_perception/include/moveit
[3.171s] -- Up-to-date: /home/kush/UR5_Project_New/install/moveit_ros_perception/include/moveit/mesh_filter
[3.171s] -- Up-to-date: /home/kush/UR5_Project_New/install/moveit_ros_perception/include/moveit/mesh_filter/mesh_filter_base.h
[3.171s] -- Up-to-date: /home/kush/UR5_Project_New/install/moveit_ros_perception/include/moveit/mesh_filter/gl_renderer.h
[3.171s] -- Up-to-date: /home/kush/UR5_Project_New/install/moveit_ros_perception/include/moveit/mesh_filter/stereo_camera_model.h
[3.172s] -- Up-to-date: /home/kush/UR5_Project_New/install/moveit_ros_perception/include/moveit/mesh_filter/depth_self_filter_nodelet.h
[3.172s] -- Up-to-date: /home/kush/UR5_Project_New/install/moveit_ros_perception/include/moveit/mesh_filter/transform_provider.h
[3.172s] -- Up-to-date: /home/kush/UR5_Project_New/install/moveit_ros_perception/include/moveit/mesh_filter/sensor_model.h
[3.172s] -- Up-to-date: /home/kush/UR5_Project_New/install/moveit_ros_perception/include/moveit/mesh_filter/gl_mesh.h
[3.172s] -- Up-to-date: /home/kush/UR5_Project_New/install/moveit_ros_perception/include/moveit/mesh_filter/filter_job.h
[3.172s] -- Up-to-date: /home/kush/UR5_Project_New/install/moveit_ros_perception/include/moveit/mesh_filter/mesh_filter.h
[3.173s] -- Up-to-date: /home/kush/UR5_Project_New/install/moveit_ros_perception/include/moveit_mesh_filter_export.h
[3.185s] -- Up-to-date: /home/kush/UR5_Project_New/install/moveit_ros_perception/include
[3.185s] -- Up-to-date: /home/kush/UR5_Project_New/install/moveit_ros_perception/include/moveit
[3.185s] -- Up-to-date: /home/kush/UR5_Project_New/install/moveit_ros_perception/include/moveit/depth_image_octomap_updater
[3.185s] -- Up-to-date: /home/kush/UR5_Project_New/install/moveit_ros_perception/include/moveit/depth_image_octomap_updater/depth_image_octomap_updater.h
[3.196s] -- Up-to-date: /home/kush/UR5_Project_New/install/moveit_ros_perception/include
[3.196s] -- Up-to-date: /home/kush/UR5_Project_New/install/moveit_ros_perception/include/moveit
[3.196s] -- Up-to-date: /home/kush/UR5_Project_New/install/moveit_ros_perception/include/moveit/semantic_world
[3.198s] -- Up-to-date: /home/kush/UR5_Project_New/install/moveit_ros_perception/include/moveit/semantic_world/semantic_world.h
[3.211s] -- Up-to-date: /home/kush/UR5_Project_New/install/moveit_ros_perception/lib/libmoveit_depth_image_octomap_updater.so.2.5.4
[3.214s] -- Up-to-date: /home/kush/UR5_Project_New/install/moveit_ros_perception/lib/libmoveit_depth_image_octomap_updater.so
[3.224s] -- Up-to-date: /home/kush/UR5_Project_New/install/moveit_ros_perception/lib/libmoveit_depth_image_octomap_updater_core.so.2.5.4
[3.224s] -- Up-to-date: /home/kush/UR5_Project_New/install/moveit_ros_perception/lib/libmoveit_depth_image_octomap_updater_core.so
[3.228s] -- Up-to-date: /home/kush/UR5_Project_New/install/moveit_ros_perception/lib/libmoveit_lazy_free_space_updater.so.2.5.4
[3.229s] -- Up-to-date: /home/kush/UR5_Project_New/install/moveit_ros_perception/lib/libmoveit_lazy_free_space_updater.so
[3.229s] -- Up-to-date: /home/kush/UR5_Project_New/install/moveit_ros_perception/lib/libmoveit_mesh_filter.so.2.5.4
[3.229s] -- Up-to-date: /home/kush/UR5_Project_New/install/moveit_ros_perception/lib/libmoveit_mesh_filter.so
[3.229s] -- Up-to-date: /home/kush/UR5_Project_New/install/moveit_ros_perception/lib/libmoveit_point_containment_filter.so.2.5.4
[3.229s] -- Up-to-date: /home/kush/UR5_Project_New/install/moveit_ros_perception/lib/libmoveit_point_containment_filter.so
[3.232s] -- Up-to-date: /home/kush/UR5_Project_New/install/moveit_ros_perception/lib/libmoveit_pointcloud_octomap_updater.so.2.5.4
[3.232s] -- Up-to-date: /home/kush/UR5_Project_New/install/moveit_ros_perception/lib/libmoveit_pointcloud_octomap_updater.so
[3.330s] -- Up-to-date: /home/kush/UR5_Project_New/install/moveit_ros_perception/lib/libmoveit_pointcloud_octomap_updater_core.so.2.5.4
[3.330s] -- Up-to-date: /home/kush/UR5_Project_New/install/moveit_ros_perception/lib/libmoveit_pointcloud_octomap_updater_core.so
[3.414s] -- Up-to-date: /home/kush/UR5_Project_New/install/moveit_ros_perception/lib/libmoveit_semantic_world.so.2.5.4
[3.415s] -- Up-to-date: /home/kush/UR5_Project_New/install/moveit_ros_perception/lib/libmoveit_semantic_world.so
[3.415s] -- Up-to-date: /home/kush/UR5_Project_New/install/moveit_ros_perception/share/moveit_ros_perception/environment/library_path.sh
[3.415s] -- Up-to-date: /home/kush/UR5_Project_New/install/moveit_ros_perception/share/moveit_ros_perception/environment/library_path.dsv
[3.416s] -- Up-to-date: /home/kush/UR5_Project_New/install/moveit_ros_perception/share/moveit_ros_perception/pointcloud_octomap_updater_plugin_description.xml
[3.416s] -- Up-to-date: /home/kush/UR5_Project_New/install/moveit_ros_perception/share/moveit_ros_perception/depth_image_octomap_updater_plugin_description.xml
[3.417s] -- Up-to-date: /home/kush/UR5_Project_New/install/moveit_ros_perception/share/ament_index/resource_index/package_run_dependencies/moveit_ros_perception
[3.417s] -- Up-to-date: /home/kush/UR5_Project_New/install/moveit_ros_perception/share/ament_index/resource_index/parent_prefix_path/moveit_ros_perception
[3.417s] -- Up-to-date: /home/kush/UR5_Project_New/install/moveit_ros_perception/share/moveit_ros_perception/environment/ament_prefix_path.sh
[3.417s] -- Up-to-date: /home/kush/UR5_Project_New/install/moveit_ros_perception/share/moveit_ros_perception/environment/ament_prefix_path.dsv
[3.417s] -- Up-to-date: /home/kush/UR5_Project_New/install/moveit_ros_perception/share/moveit_ros_perception/environment/path.sh
[3.417s] -- Up-to-date: /home/kush/UR5_Project_New/install/moveit_ros_perception/share/moveit_ros_perception/environment/path.dsv
[3.417s] -- Up-to-date: /home/kush/UR5_Project_New/install/moveit_ros_perception/share/moveit_ros_perception/local_setup.bash
[3.418s] -- Up-to-date: /home/kush/UR5_Project_New/install/moveit_ros_perception/share/moveit_ros_perception/local_setup.sh
[3.418s] -- Up-to-date: /home/kush/UR5_Project_New/install/moveit_ros_perception/share/moveit_ros_perception/local_setup.zsh
[3.418s] -- Up-to-date: /home/kush/UR5_Project_New/install/moveit_ros_perception/share/moveit_ros_perception/local_setup.dsv
[3.418s] -- Installing: /home/kush/UR5_Project_New/install/moveit_ros_perception/share/moveit_ros_perception/package.dsv
[3.468s] -- Up-to-date: /home/kush/UR5_Project_New/install/moveit_ros_perception/share/ament_index/resource_index/packages/moveit_ros_perception
[3.468s] -- Up-to-date: /home/kush/UR5_Project_New/install/moveit_ros_perception/share/ament_index/resource_index/moveit_ros_occupancy_map_monitor__pluginlib__plugin/moveit_ros_perception
[3.706s] -- Up-to-date: /home/kush/UR5_Project_New/install/moveit_ros_perception/share/moveit_ros_perception/cmake/export_moveit_ros_perceptionExport.cmake
[3.708s] -- Up-to-date: /home/kush/UR5_Project_New/install/moveit_ros_perception/share/moveit_ros_perception/cmake/export_moveit_ros_perceptionExport-release.cmake
[3.709s] -- Up-to-date: /home/kush/UR5_Project_New/install/moveit_ros_perception/share/moveit_ros_perception/cmake/ConfigExtras.cmake
[3.709s] -- Up-to-date: /home/kush/UR5_Project_New/install/moveit_ros_perception/share/moveit_ros_perception/cmake/ament_cmake_export_targets-extras.cmake
[3.710s] -- Up-to-date: /home/kush/UR5_Project_New/install/moveit_ros_perception/share/moveit_ros_perception/cmake/ament_cmake_export_dependencies-extras.cmake
[3.714s] -- Up-to-date: /home/kush/UR5_Project_New/install/moveit_ros_perception/share/moveit_ros_perception/cmake/moveit_ros_perceptionConfig.cmake
[3.714s] -- Up-to-date: /home/kush/UR5_Project_New/install/moveit_ros_perception/share/moveit_ros_perception/cmake/moveit_ros_perceptionConfig-version.cmake
[3.714s] -- Up-to-date: /home/kush/UR5_Project_New/install/moveit_ros_perception/share/moveit_ros_perception/package.xml
[3.715s] Invoked command in '/home/kush/UR5_Project_New/build/moveit_ros_perception' returned '0': AMENT_PREFIX_PATH=/home/kush/UR5_Project_New/install/moveit_ros_planning:/home/kush/UR5_Project_New/install/moveit_ros_occupancy_map_monitor:/home/kush/UR5_Project_New/install/moveit_core:/home/kush/UR5_Project_New/install/srdfdom:/home/kush/UR5_Project_New/install/moveit_common:${AMENT_PREFIX_PATH} CMAKE_PREFIX_PATH=/home/kush/UR5_Project_New/install/moveit_ros_planning:/home/kush/UR5_Project_New/install/moveit_ros_occupancy_map_monitor:/home/kush/UR5_Project_New/install/moveit_core:/home/kush/UR5_Project_New/install/srdfdom:/home/kush/UR5_Project_New/install/moveit_common:/opt/ros/humble LD_LIBRARY_PATH=/home/kush/UR5_Project_New/install/moveit_ros_planning/lib:/home/kush/UR5_Project_New/install/moveit_ros_occupancy_map_monitor/lib:/home/kush/UR5_Project_New/install/moveit_core/lib:/home/kush/UR5_Project_New/install/srdfdom/lib:${LD_LIBRARY_PATH} PATH=/home/kush/UR5_Project_New/install/moveit_core/bin:${PATH} PYTHONPATH=/home/kush/UR5_Project_New/install/srdfdom/local/lib/python3.10/dist-packages:${PYTHONPATH} /usr/bin/cmake --install /home/kush/UR5_Project_New/build/moveit_ros_perception
