[0.103s] Invoking command in '/home/kush/UR5_Project_New/src/build/rviz_marker_tools': AMENT_PREFIX_PATH=/home/kush/UR5_Project_New/src/install/moveit_common:${AMENT_PREFIX_PATH} CMAKE_PREFIX_PATH=/home/kush/UR5_Project_New/src/install/moveit_common:/opt/ros/humble /usr/bin/cmake /home/kush/UR5_Project_New/src/moveit_task_constructor/rviz_marker_tools -DCMAKE_INSTALL_PREFIX=/home/kush/UR5_Project_New/src/install/rviz_marker_tools
[0.426s] -- The C compiler identification is GNU 11.4.0
[0.839s] -- The CXX compiler identification is GNU 11.4.0
[0.866s] -- Detecting C compiler ABI info
[1.388s] -- Detecting C compiler ABI info - done
[1.513s] -- Check for working C compiler: /usr/bin/cc - skipped
[1.514s] -- Detecting C compile features
[1.524s] -- Detecting C compile features - done
[1.557s] -- Detecting CXX compiler ABI info
[1.984s] -- Detecting CXX compiler ABI info - done
[2.063s] -- Check for working CXX compiler: /usr/bin/c++ - skipped
[2.063s] -- Detecting CXX compile features
[2.065s] -- Detecting CXX compile features - done
[2.074s] -- Found ament_cmake: 1.3.5 (/opt/ros/humble/share/ament_cmake/cmake)
[3.066s] -- Found Python3: /usr/bin/python3.10 (found version "3.10.12") found components: Interpreter 
[3.362s] -- Found moveit_common: 2.5.4 (/home/kush/UR5_Project_New/src/install/moveit_common/share/moveit_common/cmake)
[3.919s] -- Found libdw: /usr/lib/x86_64-linux-gnu/libdw.so  
[3.956s] -- Could NOT find libbfd (missing: LIBBFD_LIBRARY LIBBFD_INCLUDE_DIR) 
[3.956s] -- BACKWARD_HAS_UNWIND=1
[3.956s] -- BACKWARD_HAS_BACKTRACE=0
[3.956s] -- BACKWARD_HAS_BACKTRACE_SYMBOL=0
[3.956s] -- BACKWARD_HAS_DW=1
[3.957s] -- BACKWARD_HAS_BFD=0
[3.958s] -- Found Backward: /opt/ros/humble/share/backward_ros/cmake  
[3.968s] [0mrviz_marker_tools: You did not request a specific build type: Choosing 'Release' for maximum performance[0m
[3.992s] -- Found eigen3_cmake_module: 0.1.1 (/opt/ros/humble/share/eigen3_cmake_module/cmake)
[4.040s] -- Found Eigen3: TRUE (found version "3.4.0") 
[4.043s] -- Found geometry_msgs: 4.2.3 (/opt/ros/humble/share/geometry_msgs/cmake)
[4.231s] -- Found rosidl_generator_c: 3.1.5 (/opt/ros/humble/share/rosidl_generator_c/cmake)
[4.265s] -- Found rosidl_adapter: 3.1.5 (/opt/ros/humble/share/rosidl_adapter/cmake)
[4.328s] -- Found rosidl_generator_cpp: 3.1.5 (/opt/ros/humble/share/rosidl_generator_cpp/cmake)
[4.434s] -- Using all available rosidl_typesupport_c: rosidl_typesupport_fastrtps_c;rosidl_typesupport_introspection_c
[4.510s] -- Using all available rosidl_typesupport_cpp: rosidl_typesupport_fastrtps_cpp;rosidl_typesupport_introspection_cpp
[5.629s] -- Found rclcpp: 16.0.5 (/opt/ros/humble/share/rclcpp/cmake)
[6.161s] -- Found rmw_implementation_cmake: 6.1.1 (/opt/ros/humble/share/rmw_implementation_cmake/cmake)
[6.182s] -- Found rmw_fastrtps_cpp: 6.2.3 (/opt/ros/humble/share/rmw_fastrtps_cpp/cmake)
[7.299s] -- Found OpenSSL: /usr/lib/x86_64-linux-gnu/libcrypto.so (found version "3.0.2")  
[7.512s] -- Found FastRTPS: /opt/ros/humble/include  
[7.752s] -- Using RMW implementation 'rmw_fastrtps_cpp' as default
[7.901s] -- Looking for pthread.h
[8.851s] -- Looking for pthread.h - found
[8.852s] -- Performing Test CMAKE_HAVE_LIBC_PTHREAD
[9.429s] -- Performing Test CMAKE_HAVE_LIBC_PTHREAD - Success
[9.432s] -- Found Threads: TRUE  
[10.376s] -- Found rviz2: 11.2.6 (/opt/ros/humble/share/rviz2/cmake)
[10.406s] -- Found tf2_eigen: 0.25.3 (/opt/ros/humble/share/tf2_eigen/cmake)
[12.245s] -- Found visualization_msgs: 4.2.3 (/opt/ros/humble/share/visualization_msgs/cmake)
[13.333s] -- Configuring done
[13.369s] -- Generating done
[13.383s] -- Build files have been written to: /home/kush/UR5_Project_New/src/build/rviz_marker_tools
[13.425s] Invoked command in '/home/kush/UR5_Project_New/src/build/rviz_marker_tools' returned '0': AMENT_PREFIX_PATH=/home/kush/UR5_Project_New/src/install/moveit_common:${AMENT_PREFIX_PATH} CMAKE_PREFIX_PATH=/home/kush/UR5_Project_New/src/install/moveit_common:/opt/ros/humble /usr/bin/cmake /home/kush/UR5_Project_New/src/moveit_task_constructor/rviz_marker_tools -DCMAKE_INSTALL_PREFIX=/home/kush/UR5_Project_New/src/install/rviz_marker_tools
[13.426s] Invoking command in '/home/kush/UR5_Project_New/src/build/rviz_marker_tools': AMENT_PREFIX_PATH=/home/kush/UR5_Project_New/src/install/moveit_common:${AMENT_PREFIX_PATH} CMAKE_PREFIX_PATH=/home/kush/UR5_Project_New/src/install/moveit_common:/opt/ros/humble /usr/bin/cmake --build /home/kush/UR5_Project_New/src/build/rviz_marker_tools -- -j4 -l4
[13.679s] [ 50%] [32mBuilding CXX object CMakeFiles/rviz_marker_tools.dir/src/marker_creation.cpp.o[0m
[38.270s] [100%] [32m[1mLinking CXX shared library librviz_marker_tools.so[0m
[39.657s] [100%] Built target rviz_marker_tools
[39.713s] Invoked command in '/home/kush/UR5_Project_New/src/build/rviz_marker_tools' returned '0': AMENT_PREFIX_PATH=/home/kush/UR5_Project_New/src/install/moveit_common:${AMENT_PREFIX_PATH} CMAKE_PREFIX_PATH=/home/kush/UR5_Project_New/src/install/moveit_common:/opt/ros/humble /usr/bin/cmake --build /home/kush/UR5_Project_New/src/build/rviz_marker_tools -- -j4 -l4
[39.822s] Invoking command in '/home/kush/UR5_Project_New/src/build/rviz_marker_tools': AMENT_PREFIX_PATH=/home/kush/UR5_Project_New/src/install/moveit_common:${AMENT_PREFIX_PATH} CMAKE_PREFIX_PATH=/home/kush/UR5_Project_New/src/install/moveit_common:/opt/ros/humble /usr/bin/cmake --install /home/kush/UR5_Project_New/src/build/rviz_marker_tools
[39.840s] -- Install configuration: "Release"
[39.840s] -- Installing: /home/kush/UR5_Project_New/src/install/rviz_marker_tools/include
[39.841s] -- Installing: /home/kush/UR5_Project_New/src/install/rviz_marker_tools/include/rviz_marker_tools
[39.841s] -- Installing: /home/kush/UR5_Project_New/src/install/rviz_marker_tools/include/rviz_marker_tools/marker_creation.h
[39.842s] -- Installing: /home/kush/UR5_Project_New/src/install/rviz_marker_tools/lib/librviz_marker_tools.so
[39.844s] -- Set runtime path of "/home/kush/UR5_Project_New/src/install/rviz_marker_tools/lib/librviz_marker_tools.so" to ""
[39.844s] -- Installing: /home/kush/UR5_Project_New/src/install/rviz_marker_tools/share/rviz_marker_tools/environment/library_path.sh
[39.845s] -- Installing: /home/kush/UR5_Project_New/src/install/rviz_marker_tools/share/rviz_marker_tools/environment/library_path.dsv
[39.846s] -- Installing: /home/kush/UR5_Project_New/src/install/rviz_marker_tools/share/ament_index/resource_index/package_run_dependencies/rviz_marker_tools
[39.848s] -- Installing: /home/kush/UR5_Project_New/src/install/rviz_marker_tools/share/ament_index/resource_index/parent_prefix_path/rviz_marker_tools
[39.849s] -- Installing: /home/kush/UR5_Project_New/src/install/rviz_marker_tools/share/rviz_marker_tools/environment/ament_prefix_path.sh
[39.850s] -- Installing: /home/kush/UR5_Project_New/src/install/rviz_marker_tools/share/rviz_marker_tools/environment/ament_prefix_path.dsv
[39.851s] -- Installing: /home/kush/UR5_Project_New/src/install/rviz_marker_tools/share/rviz_marker_tools/environment/path.sh
[39.852s] -- Installing: /home/kush/UR5_Project_New/src/install/rviz_marker_tools/share/rviz_marker_tools/environment/path.dsv
[39.853s] -- Installing: /home/kush/UR5_Project_New/src/install/rviz_marker_tools/share/rviz_marker_tools/local_setup.bash
[39.854s] -- Installing: /home/kush/UR5_Project_New/src/install/rviz_marker_tools/share/rviz_marker_tools/local_setup.sh
[39.855s] -- Installing: /home/kush/UR5_Project_New/src/install/rviz_marker_tools/share/rviz_marker_tools/local_setup.zsh
[39.855s] -- Installing: /home/kush/UR5_Project_New/src/install/rviz_marker_tools/share/rviz_marker_tools/local_setup.dsv
[39.856s] -- Installing: /home/kush/UR5_Project_New/src/install/rviz_marker_tools/share/rviz_marker_tools/package.dsv
[39.858s] -- Installing: /home/kush/UR5_Project_New/src/install/rviz_marker_tools/share/ament_index/resource_index/packages/rviz_marker_tools
[39.859s] -- Installing: /home/kush/UR5_Project_New/src/install/rviz_marker_tools/share/rviz_marker_tools/cmake/rviz_marker_toolsTargetsExport.cmake
[39.860s] -- Installing: /home/kush/UR5_Project_New/src/install/rviz_marker_tools/share/rviz_marker_tools/cmake/rviz_marker_toolsTargetsExport-release.cmake
[39.860s] -- Installing: /home/kush/UR5_Project_New/src/install/rviz_marker_tools/share/rviz_marker_tools/cmake/ament_cmake_export_targets-extras.cmake
[39.861s] -- Installing: /home/kush/UR5_Project_New/src/install/rviz_marker_tools/share/rviz_marker_tools/cmake/ament_cmake_export_dependencies-extras.cmake
[39.863s] -- Installing: /home/kush/UR5_Project_New/src/install/rviz_marker_tools/share/rviz_marker_tools/cmake/rviz_marker_toolsConfig.cmake
[39.863s] -- Installing: /home/kush/UR5_Project_New/src/install/rviz_marker_tools/share/rviz_marker_tools/cmake/rviz_marker_toolsConfig-version.cmake
[39.864s] -- Installing: /home/kush/UR5_Project_New/src/install/rviz_marker_tools/share/rviz_marker_tools/package.xml
[39.876s] Invoked command in '/home/kush/UR5_Project_New/src/build/rviz_marker_tools' returned '0': AMENT_PREFIX_PATH=/home/kush/UR5_Project_New/src/install/moveit_common:${AMENT_PREFIX_PATH} CMAKE_PREFIX_PATH=/home/kush/UR5_Project_New/src/install/moveit_common:/opt/ros/humble /usr/bin/cmake --install /home/kush/UR5_Project_New/src/build/rviz_marker_tools
