[0.142s] Invoking command in '/home/kush/UR5_Project_New/build/moveit_ros_robot_interaction': AMENT_PREFIX_PATH=/home/kush/UR5_Project_New/install/moveit_ros_planning:/home/kush/UR5_Project_New/install/moveit_ros_occupancy_map_monitor:/home/kush/UR5_Project_New/install/moveit_core:/home/kush/UR5_Project_New/install/srdfdom:/home/kush/UR5_Project_New/install/moveit_common:${AMENT_PREFIX_PATH} CMAKE_PREFIX_PATH=/home/kush/UR5_Project_New/install/moveit_ros_planning:/home/kush/UR5_Project_New/install/moveit_ros_occupancy_map_monitor:/home/kush/UR5_Project_New/install/moveit_core:/home/kush/UR5_Project_New/install/srdfdom:/home/kush/UR5_Project_New/install/moveit_common:/opt/ros/humble LD_LIBRARY_PATH=/home/kush/UR5_Project_New/install/moveit_ros_planning/lib:/home/kush/UR5_Project_New/install/moveit_ros_occupancy_map_monitor/lib:/home/kush/UR5_Project_New/install/moveit_core/lib:/home/kush/UR5_Project_New/install/srdfdom/lib:${LD_LIBRARY_PATH} PATH=/home/kush/UR5_Project_New/install/moveit_core/bin:${PATH} PYTHONPATH=/home/kush/UR5_Project_New/install/srdfdom/local/lib/python3.10/dist-packages:${PYTHONPATH} /usr/bin/cmake --build /home/kush/UR5_Project_New/build/moveit_ros_robot_interaction -- -j4 -l4
[0.848s] [ 53%] Built target moveit_robot_interaction
[1.340s] [ 69%] Built target gtest
[1.512s] [ 84%] Built target gtest_main
[1.898s] [100%] Built target locked_robot_state_test
[1.913s] Invoked command in '/home/kush/UR5_Project_New/build/moveit_ros_robot_interaction' returned '0': AMENT_PREFIX_PATH=/home/kush/UR5_Project_New/install/moveit_ros_planning:/home/kush/UR5_Project_New/install/moveit_ros_occupancy_map_monitor:/home/kush/UR5_Project_New/install/moveit_core:/home/kush/UR5_Project_New/install/srdfdom:/home/kush/UR5_Project_New/install/moveit_common:${AMENT_PREFIX_PATH} CMAKE_PREFIX_PATH=/home/kush/UR5_Project_New/install/moveit_ros_planning:/home/kush/UR5_Project_New/install/moveit_ros_occupancy_map_monitor:/home/kush/UR5_Project_New/install/moveit_core:/home/kush/UR5_Project_New/install/srdfdom:/home/kush/UR5_Project_New/install/moveit_common:/opt/ros/humble LD_LIBRARY_PATH=/home/kush/UR5_Project_New/install/moveit_ros_planning/lib:/home/kush/UR5_Project_New/install/moveit_ros_occupancy_map_monitor/lib:/home/kush/UR5_Project_New/install/moveit_core/lib:/home/kush/UR5_Project_New/install/srdfdom/lib:${LD_LIBRARY_PATH} PATH=/home/kush/UR5_Project_New/install/moveit_core/bin:${PATH} PYTHONPATH=/home/kush/UR5_Project_New/install/srdfdom/local/lib/python3.10/dist-packages:${PYTHONPATH} /usr/bin/cmake --build /home/kush/UR5_Project_New/build/moveit_ros_robot_interaction -- -j4 -l4
[1.984s] Invoking command in '/home/kush/UR5_Project_New/build/moveit_ros_robot_interaction': AMENT_PREFIX_PATH=/home/kush/UR5_Project_New/install/moveit_ros_planning:/home/kush/UR5_Project_New/install/moveit_ros_occupancy_map_monitor:/home/kush/UR5_Project_New/install/moveit_core:/home/kush/UR5_Project_New/install/srdfdom:/home/kush/UR5_Project_New/install/moveit_common:${AMENT_PREFIX_PATH} CMAKE_PREFIX_PATH=/home/kush/UR5_Project_New/install/moveit_ros_planning:/home/kush/UR5_Project_New/install/moveit_ros_occupancy_map_monitor:/home/kush/UR5_Project_New/install/moveit_core:/home/kush/UR5_Project_New/install/srdfdom:/home/kush/UR5_Project_New/install/moveit_common:/opt/ros/humble LD_LIBRARY_PATH=/home/kush/UR5_Project_New/install/moveit_ros_planning/lib:/home/kush/UR5_Project_New/install/moveit_ros_occupancy_map_monitor/lib:/home/kush/UR5_Project_New/install/moveit_core/lib:/home/kush/UR5_Project_New/install/srdfdom/lib:${LD_LIBRARY_PATH} PATH=/home/kush/UR5_Project_New/install/moveit_core/bin:${PATH} PYTHONPATH=/home/kush/UR5_Project_New/install/srdfdom/local/lib/python3.10/dist-packages:${PYTHONPATH} /usr/bin/cmake --install /home/kush/UR5_Project_New/build/moveit_ros_robot_interaction
[2.014s] -- Install configuration: "Release"
[2.159s] -- Up-to-date: /home/kush/UR5_Project_New/install/moveit_ros_robot_interaction/lib/libmoveit_robot_interaction.so.2.5.4
[2.159s] -- Up-to-date: /home/kush/UR5_Project_New/install/moveit_ros_robot_interaction/lib/libmoveit_robot_interaction.so
[2.160s] -- Up-to-date: /home/kush/UR5_Project_New/install/moveit_ros_robot_interaction/include
[2.160s] -- Up-to-date: /home/kush/UR5_Project_New/install/moveit_ros_robot_interaction/include/moveit
[2.160s] -- Up-to-date: /home/kush/UR5_Project_New/install/moveit_ros_robot_interaction/include/moveit/robot_interaction
[2.161s] -- Up-to-date: /home/kush/UR5_Project_New/install/moveit_ros_robot_interaction/include/moveit/robot_interaction/locked_robot_state.h
[2.161s] -- Up-to-date: /home/kush/UR5_Project_New/install/moveit_ros_robot_interaction/include/moveit/robot_interaction/robot_interaction.h
[2.161s] -- Up-to-date: /home/kush/UR5_Project_New/install/moveit_ros_robot_interaction/include/moveit/robot_interaction/interaction.h
[2.161s] -- Up-to-date: /home/kush/UR5_Project_New/install/moveit_ros_robot_interaction/include/moveit/robot_interaction/interaction_handler.h
[2.161s] -- Up-to-date: /home/kush/UR5_Project_New/install/moveit_ros_robot_interaction/include/moveit/robot_interaction/kinematic_options.h
[2.162s] -- Up-to-date: /home/kush/UR5_Project_New/install/moveit_ros_robot_interaction/include/moveit/robot_interaction/kinematic_options_map.h
[2.162s] -- Up-to-date: /home/kush/UR5_Project_New/install/moveit_ros_robot_interaction/include/moveit/robot_interaction/interactive_marker_helpers.h
[2.162s] -- Up-to-date: /home/kush/UR5_Project_New/install/moveit_ros_robot_interaction/include/moveit_robot_interaction_export.h
[2.162s] -- Up-to-date: /home/kush/UR5_Project_New/install/moveit_ros_robot_interaction/share/moveit_ros_robot_interaction/resources
[2.162s] -- Up-to-date: /home/kush/UR5_Project_New/install/moveit_ros_robot_interaction/share/moveit_ros_robot_interaction/resources/access-denied.stl
[2.162s] -- Up-to-date: /home/kush/UR5_Project_New/install/moveit_ros_robot_interaction/share/moveit_ros_robot_interaction/resources/access-denied.dae
[2.163s] -- Up-to-date: /home/kush/UR5_Project_New/install/moveit_ros_robot_interaction/share/moveit_ros_robot_interaction/environment/library_path.sh
[2.163s] -- Up-to-date: /home/kush/UR5_Project_New/install/moveit_ros_robot_interaction/share/moveit_ros_robot_interaction/environment/library_path.dsv
[2.163s] -- Up-to-date: /home/kush/UR5_Project_New/install/moveit_ros_robot_interaction/share/ament_index/resource_index/package_run_dependencies/moveit_ros_robot_interaction
[2.163s] -- Up-to-date: /home/kush/UR5_Project_New/install/moveit_ros_robot_interaction/share/ament_index/resource_index/parent_prefix_path/moveit_ros_robot_interaction
[2.163s] -- Up-to-date: /home/kush/UR5_Project_New/install/moveit_ros_robot_interaction/share/moveit_ros_robot_interaction/environment/ament_prefix_path.sh
[2.163s] -- Up-to-date: /home/kush/UR5_Project_New/install/moveit_ros_robot_interaction/share/moveit_ros_robot_interaction/environment/ament_prefix_path.dsv
[2.164s] -- Up-to-date: /home/kush/UR5_Project_New/install/moveit_ros_robot_interaction/share/moveit_ros_robot_interaction/environment/path.sh
[2.164s] -- Up-to-date: /home/kush/UR5_Project_New/install/moveit_ros_robot_interaction/share/moveit_ros_robot_interaction/environment/path.dsv
[2.164s] -- Up-to-date: /home/kush/UR5_Project_New/install/moveit_ros_robot_interaction/share/moveit_ros_robot_interaction/local_setup.bash
[2.164s] -- Up-to-date: /home/kush/UR5_Project_New/install/moveit_ros_robot_interaction/share/moveit_ros_robot_interaction/local_setup.sh
[2.164s] -- Up-to-date: /home/kush/UR5_Project_New/install/moveit_ros_robot_interaction/share/moveit_ros_robot_interaction/local_setup.zsh
[2.164s] -- Up-to-date: /home/kush/UR5_Project_New/install/moveit_ros_robot_interaction/share/moveit_ros_robot_interaction/local_setup.dsv
[2.165s] -- Installing: /home/kush/UR5_Project_New/install/moveit_ros_robot_interaction/share/moveit_ros_robot_interaction/package.dsv
[2.183s] -- Up-to-date: /home/kush/UR5_Project_New/install/moveit_ros_robot_interaction/share/ament_index/resource_index/packages/moveit_ros_robot_interaction
[2.248s] -- Up-to-date: /home/kush/UR5_Project_New/install/moveit_ros_robot_interaction/share/moveit_ros_robot_interaction/cmake/export_moveit_ros_robot_interactionExport.cmake
[2.248s] -- Up-to-date: /home/kush/UR5_Project_New/install/moveit_ros_robot_interaction/share/moveit_ros_robot_interaction/cmake/export_moveit_ros_robot_interactionExport-release.cmake
[2.248s] -- Up-to-date: /home/kush/UR5_Project_New/install/moveit_ros_robot_interaction/share/moveit_ros_robot_interaction/cmake/ament_cmake_export_targets-extras.cmake
[2.248s] -- Up-to-date: /home/kush/UR5_Project_New/install/moveit_ros_robot_interaction/share/moveit_ros_robot_interaction/cmake/ament_cmake_export_dependencies-extras.cmake
[2.249s] -- Up-to-date: /home/kush/UR5_Project_New/install/moveit_ros_robot_interaction/share/moveit_ros_robot_interaction/cmake/moveit_ros_robot_interactionConfig.cmake
[2.249s] -- Up-to-date: /home/kush/UR5_Project_New/install/moveit_ros_robot_interaction/share/moveit_ros_robot_interaction/cmake/moveit_ros_robot_interactionConfig-version.cmake
[2.249s] -- Up-to-date: /home/kush/UR5_Project_New/install/moveit_ros_robot_interaction/share/moveit_ros_robot_interaction/package.xml
[2.269s] Invoked command in '/home/kush/UR5_Project_New/build/moveit_ros_robot_interaction' returned '0': AMENT_PREFIX_PATH=/home/kush/UR5_Project_New/install/moveit_ros_planning:/home/kush/UR5_Project_New/install/moveit_ros_occupancy_map_monitor:/home/kush/UR5_Project_New/install/moveit_core:/home/kush/UR5_Project_New/install/srdfdom:/home/kush/UR5_Project_New/install/moveit_common:${AMENT_PREFIX_PATH} CMAKE_PREFIX_PATH=/home/kush/UR5_Project_New/install/moveit_ros_planning:/home/kush/UR5_Project_New/install/moveit_ros_occupancy_map_monitor:/home/kush/UR5_Project_New/install/moveit_core:/home/kush/UR5_Project_New/install/srdfdom:/home/kush/UR5_Project_New/install/moveit_common:/opt/ros/humble LD_LIBRARY_PATH=/home/kush/UR5_Project_New/install/moveit_ros_planning/lib:/home/kush/UR5_Project_New/install/moveit_ros_occupancy_map_monitor/lib:/home/kush/UR5_Project_New/install/moveit_core/lib:/home/kush/UR5_Project_New/install/srdfdom/lib:${LD_LIBRARY_PATH} PATH=/home/kush/UR5_Project_New/install/moveit_core/bin:${PATH} PYTHONPATH=/home/kush/UR5_Project_New/install/srdfdom/local/lib/python3.10/dist-packages:${PYTHONPATH} /usr/bin/cmake --install /home/kush/UR5_Project_New/build/moveit_ros_robot_interaction
