[2.106s] Invoking command in '/home/kush/UR5_Project_New/src/launch_param_builder': PYTHONPATH=/home/kush/UR5_Project_New/build/launch_param_builder/prefix_override:/home/kush/UR5_Project_New/install/launch_param_builder/lib/python3.10/site-packages:${PYTHONPATH} /usr/bin/python3 setup.py egg_info --egg-base ../../build/launch_param_builder build --build-base /home/kush/UR5_Project_New/build/launch_param_builder/build install --record /home/kush/UR5_Project_New/build/launch_param_builder/install.log --single-version-externally-managed
[3.139s] running egg_info
[3.140s] creating ../../build/launch_param_builder/launch_param_builder.egg-info
[3.141s] writing ../../build/launch_param_builder/launch_param_builder.egg-info/PKG-INFO
[3.143s] writing dependency_links to ../../build/launch_param_builder/launch_param_builder.egg-info/dependency_links.txt
[3.144s] writing entry points to ../../build/launch_param_builder/launch_param_builder.egg-info/entry_points.txt
[3.145s] writing requirements to ../../build/launch_param_builder/launch_param_builder.egg-info/requires.txt
[3.146s] writing top-level names to ../../build/launch_param_builder/launch_param_builder.egg-info/top_level.txt
[3.147s] writing manifest file '../../build/launch_param_builder/launch_param_builder.egg-info/SOURCES.txt'
[3.153s] reading manifest file '../../build/launch_param_builder/launch_param_builder.egg-info/SOURCES.txt'
[3.154s] adding license file 'LICENSE'
[3.156s] writing manifest file '../../build/launch_param_builder/launch_param_builder.egg-info/SOURCES.txt'
[3.156s] running build
[3.157s] running build_py
[3.157s] creating /home/kush/UR5_Project_New/build/launch_param_builder/build
[3.158s] creating /home/kush/UR5_Project_New/build/launch_param_builder/build/lib
[3.158s] creating /home/kush/UR5_Project_New/build/launch_param_builder/build/lib/launch_param_builder
[3.158s] copying launch_param_builder/__init__.py -> /home/kush/UR5_Project_New/build/launch_param_builder/build/lib/launch_param_builder
[3.159s] copying launch_param_builder/launch_param_builder.py -> /home/kush/UR5_Project_New/build/launch_param_builder/build/lib/launch_param_builder
[3.160s] copying launch_param_builder/utils.py -> /home/kush/UR5_Project_New/build/launch_param_builder/build/lib/launch_param_builder
[3.162s] running install
[3.162s] /usr/lib/python3/dist-packages/setuptools/command/install.py:34: SetuptoolsDeprecationWarning: setup.py install is deprecated. Use build and pip and other standards-based tools.
[3.162s]   warnings.warn(
[3.163s] running install_lib
[3.165s] creating /home/kush/UR5_Project_New/install/launch_param_builder/lib/python3.10/site-packages/launch_param_builder
[3.168s] copying /home/kush/UR5_Project_New/build/launch_param_builder/build/lib/launch_param_builder/__init__.py -> /home/kush/UR5_Project_New/install/launch_param_builder/lib/python3.10/site-packages/launch_param_builder
[3.169s] copying /home/kush/UR5_Project_New/build/launch_param_builder/build/lib/launch_param_builder/launch_param_builder.py -> /home/kush/UR5_Project_New/install/launch_param_builder/lib/python3.10/site-packages/launch_param_builder
[3.169s] copying /home/kush/UR5_Project_New/build/launch_param_builder/build/lib/launch_param_builder/utils.py -> /home/kush/UR5_Project_New/install/launch_param_builder/lib/python3.10/site-packages/launch_param_builder
[3.169s] byte-compiling /home/kush/UR5_Project_New/install/launch_param_builder/lib/python3.10/site-packages/launch_param_builder/__init__.py to __init__.cpython-310.pyc
[3.169s] byte-compiling /home/kush/UR5_Project_New/install/launch_param_builder/lib/python3.10/site-packages/launch_param_builder/launch_param_builder.py to launch_param_builder.cpython-310.pyc
[3.170s] byte-compiling /home/kush/UR5_Project_New/install/launch_param_builder/lib/python3.10/site-packages/launch_param_builder/utils.py to utils.cpython-310.pyc
[3.171s] running install_data
[3.172s] creating /home/kush/UR5_Project_New/install/launch_param_builder/share/ament_index
[3.172s] creating /home/kush/UR5_Project_New/install/launch_param_builder/share/ament_index/resource_index
[3.173s] creating /home/kush/UR5_Project_New/install/launch_param_builder/share/ament_index/resource_index/packages
[3.173s] copying resource/launch_param_builder -> /home/kush/UR5_Project_New/install/launch_param_builder/share/ament_index/resource_index/packages
[3.173s] creating /home/kush/UR5_Project_New/install/launch_param_builder/share/launch_param_builder/launch
[3.173s] copying example/launch_param_builder_example.launch.py -> /home/kush/UR5_Project_New/install/launch_param_builder/share/launch_param_builder/launch
[3.176s] creating /home/kush/UR5_Project_New/install/launch_param_builder/share/launch_param_builder/config
[3.177s] copying test/data/param_file_to_inject.yaml -> /home/kush/UR5_Project_New/install/launch_param_builder/share/launch_param_builder/config
[3.177s] copying test/data/parameters.yaml -> /home/kush/UR5_Project_New/install/launch_param_builder/share/launch_param_builder/config
[3.177s] copying test/data/parameters_injection.yaml -> /home/kush/UR5_Project_New/install/launch_param_builder/share/launch_param_builder/config
[3.178s] copying test/data/parameter_file -> /home/kush/UR5_Project_New/install/launch_param_builder/share/launch_param_builder/config
[3.178s] copying test/data/parameter.xacro -> /home/kush/UR5_Project_New/install/launch_param_builder/share/launch_param_builder/config
[3.178s] copying package.xml -> /home/kush/UR5_Project_New/install/launch_param_builder/share/launch_param_builder
[3.178s] creating /home/kush/UR5_Project_New/install/launch_param_builder/lib/launch_param_builder
[3.185s] copying example/example_node.py -> /home/kush/UR5_Project_New/install/launch_param_builder/lib/launch_param_builder
[3.186s] running install_egg_info
[3.193s] Copying ../../build/launch_param_builder/launch_param_builder.egg-info to /home/kush/UR5_Project_New/install/launch_param_builder/lib/python3.10/site-packages/launch_param_builder-0.1.1-py3.10.egg-info
[3.195s] running install_scripts
[3.291s] writing list of installed files to '/home/kush/UR5_Project_New/build/launch_param_builder/install.log'
[3.422s] Invoked command in '/home/kush/UR5_Project_New/src/launch_param_builder' returned '0': PYTHONPATH=/home/kush/UR5_Project_New/build/launch_param_builder/prefix_override:/home/kush/UR5_Project_New/install/launch_param_builder/lib/python3.10/site-packages:${PYTHONPATH} /usr/bin/python3 setup.py egg_info --egg-base ../../build/launch_param_builder build --build-base /home/kush/UR5_Project_New/build/launch_param_builder/build install --record /home/kush/UR5_Project_New/build/launch_param_builder/install.log --single-version-externally-managed
