[0.226s] Invoking command in '/home/kush/UR5_Project_New/build/moveit_task_constructor_core': AMENT_PREFIX_PATH=/home/kush/UR5_Project_New/install/moveit_planners:/home/kush/UR5_Project_New/install/pilz_industrial_motion_planner:/home/kush/UR5_Project_New/install/moveit_ros_planning_interface:/home/kush/UR5_Project_New/install/moveit_ros_move_group:/home/kush/UR5_Project_New/install/moveit_ros_warehouse:/home/kush/UR5_Project_New/install/moveit_planners_ompl:/home/kush/UR5_Project_New/install/moveit_kinematics:/home/kush/UR5_Project_New/install/moveit_ros_planning:/home/kush/UR5_Project_New/install/moveit_ros_occupancy_map_monitor:/home/kush/UR5_Project_New/install/moveit_core:/home/kush/UR5_Project_New/install/rviz_marker_tools:/home/kush/UR5_Project_New/install/moveit_configs_utils:/home/kush/UR5_Project_New/install/srdfdom:/home/kush/UR5_Project_New/install/moveit_task_constructor_msgs:/home/kush/UR5_Project_New/install/moveit_common:/home/kush/UR5_Project_New/install/launch_param_builder:${AMENT_PREFIX_PATH} CMAKE_PREFIX_PATH=/home/kush/UR5_Project_New/install/moveit_planners:/home/kush/UR5_Project_New/install/pilz_industrial_motion_planner:/home/kush/UR5_Project_New/install/moveit_ros_planning_interface:/home/kush/UR5_Project_New/install/moveit_ros_move_group:/home/kush/UR5_Project_New/install/moveit_ros_warehouse:/home/kush/UR5_Project_New/install/moveit_planners_ompl:/home/kush/UR5_Project_New/install/moveit_kinematics:/home/kush/UR5_Project_New/install/moveit_ros_planning:/home/kush/UR5_Project_New/install/moveit_ros_occupancy_map_monitor:/home/kush/UR5_Project_New/install/moveit_core:/home/kush/UR5_Project_New/install/rviz_marker_tools:/home/kush/UR5_Project_New/install/srdfdom:/home/kush/UR5_Project_New/install/moveit_task_constructor_msgs:/home/kush/UR5_Project_New/install/moveit_common:/opt/ros/humble LD_LIBRARY_PATH=/home/kush/UR5_Project_New/install/pilz_industrial_motion_planner/lib:/home/kush/UR5_Project_New/install/moveit_ros_planning_interface/lib:/home/kush/UR5_Project_New/install/moveit_ros_move_group/lib:/home/kush/UR5_Project_New/install/moveit_ros_warehouse/lib:/home/kush/UR5_Project_New/install/moveit_planners_ompl/lib:/home/kush/UR5_Project_New/install/moveit_kinematics/lib:/home/kush/UR5_Project_New/install/moveit_ros_planning/lib:/home/kush/UR5_Project_New/install/moveit_ros_occupancy_map_monitor/lib:/home/kush/UR5_Project_New/install/moveit_core/lib:/home/kush/UR5_Project_New/install/rviz_marker_tools/lib:/home/kush/UR5_Project_New/install/srdfdom/lib:/home/kush/UR5_Project_New/install/moveit_task_constructor_msgs/lib:${LD_LIBRARY_PATH} PATH=/home/kush/UR5_Project_New/install/moveit_core/bin:${PATH} PYTHONPATH=/home/kush/UR5_Project_New/install/moveit_configs_utils/lib/python3.10/site-packages:/home/kush/UR5_Project_New/install/srdfdom/local/lib/python3.10/dist-packages:/home/kush/UR5_Project_New/install/moveit_task_constructor_msgs/local/lib/python3.10/dist-packages:/home/kush/UR5_Project_New/install/launch_param_builder/lib/python3.10/site-packages:${PYTHONPATH} /usr/bin/cmake /home/kush/UR5_Project_New/src/moveit_task_constructor/core -DCMAKE_BUILD_TYPE=Release -DCMAKE_INSTALL_PREFIX=/home/kush/UR5_Project_New/install/moveit_task_constructor_core
[0.369s] -- The C compiler identification is GNU 11.4.0
[0.479s] -- The CXX compiler identification is GNU 11.4.0
[0.493s] -- Detecting C compiler ABI info
[0.637s] -- Detecting C compiler ABI info - done
[0.661s] -- Check for working C compiler: /usr/bin/cc - skipped
[0.661s] -- Detecting C compile features
[0.663s] -- Detecting C compile features - done
[0.671s] -- Detecting CXX compiler ABI info
[0.999s] -- Detecting CXX compiler ABI info - done
[1.028s] -- Check for working CXX compiler: /usr/bin/c++ - skipped
[1.028s] -- Detecting CXX compile features
[1.029s] -- Detecting CXX compile features - done
[1.038s] -- Found ament_cmake: 1.3.5 (/opt/ros/humble/share/ament_cmake/cmake)
[1.416s] -- Found Python3: /usr/bin/python3.10 (found version "3.10.12") found components: Interpreter 
[1.965s] -- Found Boost: /usr/lib/x86_64-linux-gnu/cmake/Boost-1.74.0/BoostConfig.cmake (found version "1.74.0")  
[2.025s] -- Found geometry_msgs: 4.2.3 (/opt/ros/humble/share/geometry_msgs/cmake)
[2.413s] -- Found rosidl_generator_c: 3.1.5 (/opt/ros/humble/share/rosidl_generator_c/cmake)
[2.453s] -- Found rosidl_adapter: 3.1.5 (/opt/ros/humble/share/rosidl_adapter/cmake)
[2.502s] -- Found rosidl_generator_cpp: 3.1.5 (/opt/ros/humble/share/rosidl_generator_cpp/cmake)
[2.602s] -- Using all available rosidl_typesupport_c: rosidl_typesupport_fastrtps_c;rosidl_typesupport_introspection_c
[2.651s] -- Using all available rosidl_typesupport_cpp: rosidl_typesupport_fastrtps_cpp;rosidl_typesupport_introspection_cpp
[3.001s] -- Found moveit_common: 2.5.4 (/home/kush/UR5_Project_New/install/moveit_common/share/moveit_common/cmake)
[3.200s] -- Found libdw: /usr/lib/x86_64-linux-gnu/libdw.so  
[3.246s] -- Could NOT find libbfd (missing: LIBBFD_LIBRARY LIBBFD_INCLUDE_DIR) 
[3.247s] -- BACKWARD_HAS_UNWIND=1
[3.247s] -- BACKWARD_HAS_BACKTRACE=0
[3.247s] -- BACKWARD_HAS_BACKTRACE_SYMBOL=0
[3.247s] -- BACKWARD_HAS_DW=1
[3.248s] -- BACKWARD_HAS_BFD=0
[3.248s] -- Found Backward: /opt/ros/humble/share/backward_ros/cmake  
[3.275s] -- Found moveit_core: 2.5.4 (/home/kush/UR5_Project_New/install/moveit_core/share/moveit_core/cmake)
[4.142s] -- Found Boost: /usr/lib/x86_64-linux-gnu/cmake/Boost-1.74.0/BoostConfig.cmake (found version "1.74.0") found components: chrono date_time filesystem iostreams program_options regex serialization system thread 
[4.394s] -- Found parameter_traits: 0.3.3 (/opt/ros/humble/share/parameter_traits/cmake)
[4.883s] -- Found rmw_implementation_cmake: 6.1.1 (/opt/ros/humble/share/rmw_implementation_cmake/cmake)
[4.937s] -- Found rmw_fastrtps_cpp: 6.2.3 (/opt/ros/humble/share/rmw_fastrtps_cpp/cmake)
[5.543s] -- Found OpenSSL: /usr/lib/x86_64-linux-gnu/libcrypto.so (found version "3.0.2")  
[5.661s] -- Found FastRTPS: /opt/ros/humble/include  
[5.820s] -- Using RMW implementation 'rmw_fastrtps_cpp' as default
[5.927s] -- Found Threads: TRUE  
[6.525s] -- Found rclcpp_lifecycle: 16.0.5 (/opt/ros/humble/share/rclcpp_lifecycle/cmake)
[6.693s] -- Found Boost: /usr/lib/x86_64-linux-gnu/cmake/Boost-1.74.0/BoostConfig.cmake (found version "1.74.0") found components: filesystem 
[7.124s] -- library: /usr/lib/x86_64-linux-gnu/libcurl.so
[8.025s] -- Found Eigen3: TRUE (found version "3.4.0") 
[8.025s] -- Ensuring Eigen3 include directory is part of orocos-kdl CMake target
[10.938s] -- Found moveit_ros_planning: 2.5.4 (/home/kush/UR5_Project_New/install/moveit_ros_planning/share/moveit_ros_planning/cmake)
[10.947s] -- Found Boost: /usr/lib/x86_64-linux-gnu/cmake/Boost-1.74.0/BoostConfig.cmake (found version "1.74.0") found components: system filesystem date_time program_options thread chrono 
[11.723s] -- Found moveit_ros_planning_interface: 2.5.4 (/home/kush/UR5_Project_New/install/moveit_ros_planning_interface/share/moveit_ros_planning_interface/cmake)
[11.732s] -- Found Boost: /usr/lib/x86_64-linux-gnu/cmake/Boost-1.74.0/BoostConfig.cmake (found version "1.74.0") found components: date_time filesystem program_options system thread 
[12.068s] -- Found Boost: /usr/lib/x86_64-linux-gnu/cmake/Boost-1.74.0/BoostConfig.cmake (found version "1.74.0") found components: thread system filesystem regex date_time program_options 
[12.589s] -- Found Boost: /usr/lib/x86_64-linux-gnu/cmake/Boost-1.74.0/BoostConfig.cmake (found version "1.74.0") found components: system filesystem date_time program_options thread 
[13.464s] -- Found moveit_task_constructor_msgs: 0.1.3 (/home/kush/UR5_Project_New/install/moveit_task_constructor_msgs/share/moveit_task_constructor_msgs/cmake)
[13.987s] -- Found rviz_marker_tools: 0.1.3 (/home/kush/UR5_Project_New/install/rviz_marker_tools/share/rviz_marker_tools/cmake)
[14.128s] -- Found ament_cmake_gtest: 1.3.5 (/opt/ros/humble/share/ament_cmake_gtest/cmake)
[14.138s] -- Found ament_cmake_gmock: 1.3.5 (/opt/ros/humble/share/ament_cmake_gmock/cmake)
[14.168s] -- Found launch_testing_ament_cmake: 1.0.4 (/opt/ros/humble/share/launch_testing_ament_cmake/cmake)
[14.206s] -- Found python_cmake_module: 0.10.0 (/opt/ros/humble/share/python_cmake_module/cmake)
[14.259s] -- Found PythonInterp: /usr/bin/python3 (found suitable version "3.10.12", minimum required is "3.6") 
[14.310s] -- Found PythonLibs: /usr/lib/x86_64-linux-gnu/libpython3.10.so (found suitable version "3.10.12", minimum required is "3.5") 
[14.310s] -- Using PYTHON_EXECUTABLE: /usr/bin/python3
[14.311s] -- Using PYTHON_INCLUDE_DIRS: /usr/include/python3.10
[14.311s] -- Using PYTHON_LIBRARIES: /usr/lib/x86_64-linux-gnu/libpython3.10.so
[14.360s] -- Found PythonExtra: .so  
[14.377s] -- Found gtest sources under '/opt/ros/humble/src/gtest_vendor': C++ tests using 'Google Test' will be built
[14.406s] -- Found gmock sources under '/opt/ros/humble/src/gmock_vendor': C++ tests using 'Google Mock' will be built
[14.498s] -- Configuring done
[15.648s] -- Generating done
[15.659s] -- Build files have been written to: /home/kush/UR5_Project_New/build/moveit_task_constructor_core
[15.740s] Invoked command in '/home/kush/UR5_Project_New/build/moveit_task_constructor_core' returned '0': AMENT_PREFIX_PATH=/home/kush/UR5_Project_New/install/moveit_planners:/home/kush/UR5_Project_New/install/pilz_industrial_motion_planner:/home/kush/UR5_Project_New/install/moveit_ros_planning_interface:/home/kush/UR5_Project_New/install/moveit_ros_move_group:/home/kush/UR5_Project_New/install/moveit_ros_warehouse:/home/kush/UR5_Project_New/install/moveit_planners_ompl:/home/kush/UR5_Project_New/install/moveit_kinematics:/home/kush/UR5_Project_New/install/moveit_ros_planning:/home/kush/UR5_Project_New/install/moveit_ros_occupancy_map_monitor:/home/kush/UR5_Project_New/install/moveit_core:/home/kush/UR5_Project_New/install/rviz_marker_tools:/home/kush/UR5_Project_New/install/moveit_configs_utils:/home/kush/UR5_Project_New/install/srdfdom:/home/kush/UR5_Project_New/install/moveit_task_constructor_msgs:/home/kush/UR5_Project_New/install/moveit_common:/home/kush/UR5_Project_New/install/launch_param_builder:${AMENT_PREFIX_PATH} CMAKE_PREFIX_PATH=/home/kush/UR5_Project_New/install/moveit_planners:/home/kush/UR5_Project_New/install/pilz_industrial_motion_planner:/home/kush/UR5_Project_New/install/moveit_ros_planning_interface:/home/kush/UR5_Project_New/install/moveit_ros_move_group:/home/kush/UR5_Project_New/install/moveit_ros_warehouse:/home/kush/UR5_Project_New/install/moveit_planners_ompl:/home/kush/UR5_Project_New/install/moveit_kinematics:/home/kush/UR5_Project_New/install/moveit_ros_planning:/home/kush/UR5_Project_New/install/moveit_ros_occupancy_map_monitor:/home/kush/UR5_Project_New/install/moveit_core:/home/kush/UR5_Project_New/install/rviz_marker_tools:/home/kush/UR5_Project_New/install/srdfdom:/home/kush/UR5_Project_New/install/moveit_task_constructor_msgs:/home/kush/UR5_Project_New/install/moveit_common:/opt/ros/humble LD_LIBRARY_PATH=/home/kush/UR5_Project_New/install/pilz_industrial_motion_planner/lib:/home/kush/UR5_Project_New/install/moveit_ros_planning_interface/lib:/home/kush/UR5_Project_New/install/moveit_ros_move_group/lib:/home/kush/UR5_Project_New/install/moveit_ros_warehouse/lib:/home/kush/UR5_Project_New/install/moveit_planners_ompl/lib:/home/kush/UR5_Project_New/install/moveit_kinematics/lib:/home/kush/UR5_Project_New/install/moveit_ros_planning/lib:/home/kush/UR5_Project_New/install/moveit_ros_occupancy_map_monitor/lib:/home/kush/UR5_Project_New/install/moveit_core/lib:/home/kush/UR5_Project_New/install/rviz_marker_tools/lib:/home/kush/UR5_Project_New/install/srdfdom/lib:/home/kush/UR5_Project_New/install/moveit_task_constructor_msgs/lib:${LD_LIBRARY_PATH} PATH=/home/kush/UR5_Project_New/install/moveit_core/bin:${PATH} PYTHONPATH=/home/kush/UR5_Project_New/install/moveit_configs_utils/lib/python3.10/site-packages:/home/kush/UR5_Project_New/install/srdfdom/local/lib/python3.10/dist-packages:/home/kush/UR5_Project_New/install/moveit_task_constructor_msgs/local/lib/python3.10/dist-packages:/home/kush/UR5_Project_New/install/launch_param_builder/lib/python3.10/site-packages:${PYTHONPATH} /usr/bin/cmake /home/kush/UR5_Project_New/src/moveit_task_constructor/core -DCMAKE_BUILD_TYPE=Release -DCMAKE_INSTALL_PREFIX=/home/kush/UR5_Project_New/install/moveit_task_constructor_core
[15.741s] Invoking command in '/home/kush/UR5_Project_New/build/moveit_task_constructor_core': AMENT_PREFIX_PATH=/home/kush/UR5_Project_New/install/moveit_planners:/home/kush/UR5_Project_New/install/pilz_industrial_motion_planner:/home/kush/UR5_Project_New/install/moveit_ros_planning_interface:/home/kush/UR5_Project_New/install/moveit_ros_move_group:/home/kush/UR5_Project_New/install/moveit_ros_warehouse:/home/kush/UR5_Project_New/install/moveit_planners_ompl:/home/kush/UR5_Project_New/install/moveit_kinematics:/home/kush/UR5_Project_New/install/moveit_ros_planning:/home/kush/UR5_Project_New/install/moveit_ros_occupancy_map_monitor:/home/kush/UR5_Project_New/install/moveit_core:/home/kush/UR5_Project_New/install/rviz_marker_tools:/home/kush/UR5_Project_New/install/moveit_configs_utils:/home/kush/UR5_Project_New/install/srdfdom:/home/kush/UR5_Project_New/install/moveit_task_constructor_msgs:/home/kush/UR5_Project_New/install/moveit_common:/home/kush/UR5_Project_New/install/launch_param_builder:${AMENT_PREFIX_PATH} CMAKE_PREFIX_PATH=/home/kush/UR5_Project_New/install/moveit_planners:/home/kush/UR5_Project_New/install/pilz_industrial_motion_planner:/home/kush/UR5_Project_New/install/moveit_ros_planning_interface:/home/kush/UR5_Project_New/install/moveit_ros_move_group:/home/kush/UR5_Project_New/install/moveit_ros_warehouse:/home/kush/UR5_Project_New/install/moveit_planners_ompl:/home/kush/UR5_Project_New/install/moveit_kinematics:/home/kush/UR5_Project_New/install/moveit_ros_planning:/home/kush/UR5_Project_New/install/moveit_ros_occupancy_map_monitor:/home/kush/UR5_Project_New/install/moveit_core:/home/kush/UR5_Project_New/install/rviz_marker_tools:/home/kush/UR5_Project_New/install/srdfdom:/home/kush/UR5_Project_New/install/moveit_task_constructor_msgs:/home/kush/UR5_Project_New/install/moveit_common:/opt/ros/humble LD_LIBRARY_PATH=/home/kush/UR5_Project_New/install/pilz_industrial_motion_planner/lib:/home/kush/UR5_Project_New/install/moveit_ros_planning_interface/lib:/home/kush/UR5_Project_New/install/moveit_ros_move_group/lib:/home/kush/UR5_Project_New/install/moveit_ros_warehouse/lib:/home/kush/UR5_Project_New/install/moveit_planners_ompl/lib:/home/kush/UR5_Project_New/install/moveit_kinematics/lib:/home/kush/UR5_Project_New/install/moveit_ros_planning/lib:/home/kush/UR5_Project_New/install/moveit_ros_occupancy_map_monitor/lib:/home/kush/UR5_Project_New/install/moveit_core/lib:/home/kush/UR5_Project_New/install/rviz_marker_tools/lib:/home/kush/UR5_Project_New/install/srdfdom/lib:/home/kush/UR5_Project_New/install/moveit_task_constructor_msgs/lib:${LD_LIBRARY_PATH} PATH=/home/kush/UR5_Project_New/install/moveit_core/bin:${PATH} PYTHONPATH=/home/kush/UR5_Project_New/install/moveit_configs_utils/lib/python3.10/site-packages:/home/kush/UR5_Project_New/install/srdfdom/local/lib/python3.10/dist-packages:/home/kush/UR5_Project_New/install/moveit_task_constructor_msgs/local/lib/python3.10/dist-packages:/home/kush/UR5_Project_New/install/launch_param_builder/lib/python3.10/site-packages:${PYTHONPATH} /usr/bin/cmake --build /home/kush/UR5_Project_New/build/moveit_task_constructor_core -- -j4 -l4
[15.975s] [  1%] [32mBuilding CXX object gtest/CMakeFiles/gtest_main.dir/src/gtest_main.cc.o[0m
[16.022s] [  2%] [32mBuilding CXX object gmock/CMakeFiles/gmock_main.dir/src/gmock_main.cc.o[0m
[16.041s] [  3%] [32mBuilding CXX object gtest/CMakeFiles/gtest.dir/src/gtest-all.cc.o[0m
[16.054s] [  5%] [32mBuilding CXX object src/CMakeFiles/moveit_task_constructor_core.dir/container.cpp.o[0m
[18.972s] [  6%] [32m[1mLinking CXX static library libgtest_main.a[0m
[19.394s] [  6%] Built target gtest_main
[19.564s] [  7%] [32mBuilding CXX object gmock/CMakeFiles/gmock.dir/opt/ros/humble/src/gtest_vendor/src/gtest-all.cc.o[0m
[20.380s] [  9%] [32m[1mLinking CXX static library libgmock_main.a[0m
[20.551s] [  9%] Built target gmock_main
[20.574s] [ 10%] [32mBuilding CXX object gmock/CMakeFiles/gmock.dir/src/gmock-all.cc.o[0m
[32.025s] [ 11%] [32mBuilding CXX object src/CMakeFiles/moveit_task_constructor_core.dir/cost_terms.cpp.o[0m
[42.592s] [ 13%] [32m[1mLinking CXX static library libgtest.a[0m
[42.990s] [ 13%] Built target gtest
[45.074s] [ 14%] [32m[1mLinking CXX static library libgmock.a[0m
[45.306s] [ 14%] Built target gmock
[57.404s] [ 15%] [32mBuilding CXX object src/CMakeFiles/moveit_task_constructor_core.dir/merge.cpp.o[0m
[71.126s] [ 17%] [32mBuilding CXX object src/CMakeFiles/moveit_task_constructor_core.dir/properties.cpp.o[0m
[76.122s] [ 18%] [32mBuilding CXX object src/CMakeFiles/moveit_task_constructor_core.dir/stage.cpp.o[0m
[80.151s] [ 19%] [32mBuilding CXX object src/CMakeFiles/moveit_task_constructor_core.dir/storage.cpp.o[0m
[82.219s] [ 21%] [32mBuilding CXX object src/CMakeFiles/moveit_task_constructor_core.dir/marker_tools.cpp.o[0m
[112.728s] [ 22%] [32mBuilding CXX object src/CMakeFiles/moveit_task_constructor_core.dir/utils.cpp.o[0m
[126.474s] [ 23%] [32mBuilding CXX object src/CMakeFiles/moveit_task_constructor_core.dir/solvers/planner_interface.cpp.o[0m
[137.315s] [ 25%] [32mBuilding CXX object src/CMakeFiles/moveit_task_constructor_core.dir/solvers/cartesian_path.cpp.o[0m
[144.343s] [ 26%] [32mBuilding CXX object src/CMakeFiles/moveit_task_constructor_core.dir/solvers/joint_interpolation.cpp.o[0m
[145.415s] [ 27%] [32mBuilding CXX object src/CMakeFiles/moveit_task_constructor_core.dir/task.cpp.o[0m
[146.500s] [ 28%] [32mBuilding CXX object src/CMakeFiles/moveit_task_constructor_core.dir/introspection.cpp.o[0m
[202.025s] [ 30%] [32mBuilding CXX object src/CMakeFiles/moveit_task_constructor_core.dir/solvers/multi_planner.cpp.o[0m
[218.889s] [ 31%] [32mBuilding CXX object src/CMakeFiles/moveit_task_constructor_core.dir/solvers/pipeline_planner.cpp.o[0m
[270.604s] [ 32%] [32m[1mLinking CXX shared library libmoveit_task_constructor_core.so[0m
[271.994s] [ 32%] Built target moveit_task_constructor_core
[272.051s] [ 34%] [32mBuilding CXX object src/stages/CMakeFiles/moveit_task_constructor_core_stages.dir/modify_planning_scene.cpp.o[0m
[301.763s] [ 35%] [32mBuilding CXX object src/stages/CMakeFiles/moveit_task_constructor_core_stages.dir/current_state.cpp.o[0m
[329.299s] [ 36%] [32mBuilding CXX object src/stages/CMakeFiles/moveit_task_constructor_core_stages.dir/fixed_state.cpp.o[0m
[351.492s] [ 38%] [32mBuilding CXX object src/stages/CMakeFiles/moveit_task_constructor_core_stages.dir/fixed_cartesian_poses.cpp.o[0m
[375.677s] [ 39%] [32mBuilding CXX object src/stages/CMakeFiles/moveit_task_constructor_core_stages.dir/generate_pose.cpp.o[0m
[399.821s] [ 40%] [32mBuilding CXX object src/stages/CMakeFiles/moveit_task_constructor_core_stages.dir/generate_grasp_pose.cpp.o[0m
[428.281s] [ 42%] [32mBuilding CXX object src/stages/CMakeFiles/moveit_task_constructor_core_stages.dir/generate_place_pose.cpp.o[0m
[457.427s] [ 43%] [32mBuilding CXX object src/stages/CMakeFiles/moveit_task_constructor_core_stages.dir/compute_ik.cpp.o[0m
[486.981s] [ 44%] [32mBuilding CXX object src/stages/CMakeFiles/moveit_task_constructor_core_stages.dir/passthrough.cpp.o[0m
[510.568s] [ 46%] [32mBuilding CXX object src/stages/CMakeFiles/moveit_task_constructor_core_stages.dir/predicate_filter.cpp.o[0m
[530.315s] [ 47%] [32mBuilding CXX object src/stages/CMakeFiles/moveit_task_constructor_core_stages.dir/connect.cpp.o[0m
[549.424s] [ 48%] [32mBuilding CXX object src/stages/CMakeFiles/moveit_task_constructor_core_stages.dir/move_to.cpp.o[0m
[576.127s] [ 50%] [32mBuilding CXX object src/stages/CMakeFiles/moveit_task_constructor_core_stages.dir/move_relative.cpp.o[0m
[617.839s] [ 51%] [32mBuilding CXX object src/stages/CMakeFiles/moveit_task_constructor_core_stages.dir/simple_grasp.cpp.o[0m
[641.082s] [ 52%] [32mBuilding CXX object src/stages/CMakeFiles/moveit_task_constructor_core_stages.dir/pick.cpp.o[0m
[661.377s] [ 53%] [32mBuilding CXX object src/stages/CMakeFiles/moveit_task_constructor_core_stages.dir/fix_collision_objects.cpp.o[0m
[692.405s] [ 55%] [32m[1mLinking CXX shared library libmoveit_task_constructor_core_stages.so[0m
[693.005s] [ 55%] Built target moveit_task_constructor_core_stages
[693.045s] [ 56%] [32mBuilding CXX object test/CMakeFiles/gtest_utils.dir/gtest_value_printers.cpp.o[0m
[701.404s] [ 57%] [32mBuilding CXX object test/CMakeFiles/gtest_utils.dir/models.cpp.o[0m
[711.983s] [ 59%] [32mBuilding CXX object test/CMakeFiles/gtest_utils.dir/stage_mockups.cpp.o[0m
[726.585s] [ 60%] [32m[1mLinking CXX shared library libgtest_utils.so[0m
[727.016s] [ 60%] Built target gtest_utils
[727.054s] [ 61%] [32mBuilding CXX object test/CMakeFiles/pick_pr2.dir/pick_pr2.cpp.o[0m
[744.003s] [ 63%] [32m[1mLinking CXX executable pick_pr2[0m
[744.726s] [ 63%] Built target pick_pr2
[744.770s] [ 64%] [32mBuilding CXX object test/CMakeFiles/pick_pa10.dir/pick_pa10.cpp.o[0m
[749.822s] [ 65%] [32mBuilding CXX object test/CMakeFiles/moveit_task_constructor_core-test-stage.dir/test_stage.cpp.o[0m
[751.928s] [ 67%] [32mBuilding CXX object test/CMakeFiles/pick_ur5.dir/pick_ur5.cpp.o[0m
[754.042s] [ 68%] [32mBuilding CXX object src/stages/CMakeFiles/moveit_task_constructor_core_stage_plugins.dir/plugins.cpp.o[0m
[764.118s] [ 69%] [32m[1mLinking CXX shared library libmoveit_task_constructor_core_stage_plugins.so[0m
[764.689s] [ 69%] Built target moveit_task_constructor_core_stage_plugins
[777.379s] [ 71%] [32m[1mLinking CXX executable pick_pa10[0m
[778.821s] [ 71%] Built target pick_pa10
[781.857s] [ 72%] [32m[1mLinking CXX executable moveit_task_constructor_core-test-stage[0m
[782.962s] [ 72%] Built target moveit_task_constructor_core-test-stage
[784.360s] [ 73%] [32m[1mLinking CXX executable pick_ur5[0m
[785.030s] [ 73%] Built target pick_ur5
[785.066s] [ 75%] [32mBuilding CXX object test/CMakeFiles/moveit_task_constructor_core-test-pruning.dir/test_pruning.cpp.o[0m
[800.069s] [ 76%] [32m[1mLinking CXX executable moveit_task_constructor_core-test-pruning[0m
[800.115s] [ 77%] [32mBuilding CXX object test/CMakeFiles/moveit_task_constructor_core-test-properties.dir/test_properties.cpp.o[0m
[800.847s] [ 77%] Built target moveit_task_constructor_core-test-pruning
[801.907s] [ 78%] [32mBuilding CXX object test/CMakeFiles/moveit_task_constructor_core-test-cost-terms.dir/test_cost_terms.cpp.o[0m
[804.036s] [ 80%] [32mBuilding CXX object test/CMakeFiles/moveit_task_constructor_core-test-serial.dir/test_serial.cpp.o[0m
[807.470s] [ 81%] [32m[1mLinking CXX executable moveit_task_constructor_core-test-properties[0m
[808.473s] [ 81%] Built target moveit_task_constructor_core-test-properties
[823.584s] [ 82%] [32m[1mLinking CXX executable moveit_task_constructor_core-test-serial[0m
[824.271s] [ 82%] Built target moveit_task_constructor_core-test-serial
[827.296s] [ 84%] [32m[1mLinking CXX executable moveit_task_constructor_core-test-cost-terms[0m
[828.035s] [ 84%] Built target moveit_task_constructor_core-test-cost-terms
[828.073s] [ 85%] [32mBuilding CXX object test/CMakeFiles/moveit_task_constructor_core-test-cost-queue.dir/test_cost_queue.cpp.o[0m
[835.119s] [ 86%] [32mBuilding CXX object test/CMakeFiles/moveit_task_constructor_core-test-interface-state.dir/test_interface_state.cpp.o[0m
[836.063s] [ 88%] [32m[1mLinking CXX executable moveit_task_constructor_core-test-cost-queue[0m
[836.201s] [ 89%] [32mBuilding CXX object test/CMakeFiles/moveit_task_constructor_core-test-fallback.dir/test_fallback.cpp.o[0m
[837.199s] [ 89%] Built target moveit_task_constructor_core-test-cost-queue
[837.291s] [ 90%] [32mBuilding CXX object test/CMakeFiles/moveit_task_constructor_core-test-container.dir/test_container.cpp.o[0m
[837.363s] [ 92%] [32mBuilding CXX object test/CMakeFiles/moveit_task_constructor_core-test-move-to.dir/test_move_to.cpp.o[0m
[874.159s] [ 93%] [32m[1mLinking CXX executable moveit_task_constructor_core-test-interface-state[0m
[875.864s] [ 93%] Built target moveit_task_constructor_core-test-interface-state
[877.659s] [ 94%] [32m[1mLinking CXX executable moveit_task_constructor_core-test-move-to[0m
[878.912s] [ 94%] Built target moveit_task_constructor_core-test-move-to
[880.962s] [ 96%] [32m[1mLinking CXX executable moveit_task_constructor_core-test-fallback[0m
[882.001s] [ 96%] Built target moveit_task_constructor_core-test-fallback
[882.805s] [ 97%] [32m[1mLinking CXX executable moveit_task_constructor_core-test-container[0m
[883.557s] [ 97%] Built target moveit_task_constructor_core-test-container
[883.594s] [ 98%] [32mBuilding CXX object test/CMakeFiles/moveit_task_constructor_core-test-move-relative.dir/test_move_relative.cpp.o[0m
[899.295s] [100%] [32m[1mLinking CXX executable moveit_task_constructor_core-test-move-relative[0m
[900.070s] [100%] Built target moveit_task_constructor_core-test-move-relative
[900.091s] Invoked command in '/home/kush/UR5_Project_New/build/moveit_task_constructor_core' returned '0': AMENT_PREFIX_PATH=/home/kush/UR5_Project_New/install/moveit_planners:/home/kush/UR5_Project_New/install/pilz_industrial_motion_planner:/home/kush/UR5_Project_New/install/moveit_ros_planning_interface:/home/kush/UR5_Project_New/install/moveit_ros_move_group:/home/kush/UR5_Project_New/install/moveit_ros_warehouse:/home/kush/UR5_Project_New/install/moveit_planners_ompl:/home/kush/UR5_Project_New/install/moveit_kinematics:/home/kush/UR5_Project_New/install/moveit_ros_planning:/home/kush/UR5_Project_New/install/moveit_ros_occupancy_map_monitor:/home/kush/UR5_Project_New/install/moveit_core:/home/kush/UR5_Project_New/install/rviz_marker_tools:/home/kush/UR5_Project_New/install/moveit_configs_utils:/home/kush/UR5_Project_New/install/srdfdom:/home/kush/UR5_Project_New/install/moveit_task_constructor_msgs:/home/kush/UR5_Project_New/install/moveit_common:/home/kush/UR5_Project_New/install/launch_param_builder:${AMENT_PREFIX_PATH} CMAKE_PREFIX_PATH=/home/kush/UR5_Project_New/install/moveit_planners:/home/kush/UR5_Project_New/install/pilz_industrial_motion_planner:/home/kush/UR5_Project_New/install/moveit_ros_planning_interface:/home/kush/UR5_Project_New/install/moveit_ros_move_group:/home/kush/UR5_Project_New/install/moveit_ros_warehouse:/home/kush/UR5_Project_New/install/moveit_planners_ompl:/home/kush/UR5_Project_New/install/moveit_kinematics:/home/kush/UR5_Project_New/install/moveit_ros_planning:/home/kush/UR5_Project_New/install/moveit_ros_occupancy_map_monitor:/home/kush/UR5_Project_New/install/moveit_core:/home/kush/UR5_Project_New/install/rviz_marker_tools:/home/kush/UR5_Project_New/install/srdfdom:/home/kush/UR5_Project_New/install/moveit_task_constructor_msgs:/home/kush/UR5_Project_New/install/moveit_common:/opt/ros/humble LD_LIBRARY_PATH=/home/kush/UR5_Project_New/install/pilz_industrial_motion_planner/lib:/home/kush/UR5_Project_New/install/moveit_ros_planning_interface/lib:/home/kush/UR5_Project_New/install/moveit_ros_move_group/lib:/home/kush/UR5_Project_New/install/moveit_ros_warehouse/lib:/home/kush/UR5_Project_New/install/moveit_planners_ompl/lib:/home/kush/UR5_Project_New/install/moveit_kinematics/lib:/home/kush/UR5_Project_New/install/moveit_ros_planning/lib:/home/kush/UR5_Project_New/install/moveit_ros_occupancy_map_monitor/lib:/home/kush/UR5_Project_New/install/moveit_core/lib:/home/kush/UR5_Project_New/install/rviz_marker_tools/lib:/home/kush/UR5_Project_New/install/srdfdom/lib:/home/kush/UR5_Project_New/install/moveit_task_constructor_msgs/lib:${LD_LIBRARY_PATH} PATH=/home/kush/UR5_Project_New/install/moveit_core/bin:${PATH} PYTHONPATH=/home/kush/UR5_Project_New/install/moveit_configs_utils/lib/python3.10/site-packages:/home/kush/UR5_Project_New/install/srdfdom/local/lib/python3.10/dist-packages:/home/kush/UR5_Project_New/install/moveit_task_constructor_msgs/local/lib/python3.10/dist-packages:/home/kush/UR5_Project_New/install/launch_param_builder/lib/python3.10/site-packages:${PYTHONPATH} /usr/bin/cmake --build /home/kush/UR5_Project_New/build/moveit_task_constructor_core -- -j4 -l4
[900.147s] Invoking command in '/home/kush/UR5_Project_New/build/moveit_task_constructor_core': AMENT_PREFIX_PATH=/home/kush/UR5_Project_New/install/moveit_planners:/home/kush/UR5_Project_New/install/pilz_industrial_motion_planner:/home/kush/UR5_Project_New/install/moveit_ros_planning_interface:/home/kush/UR5_Project_New/install/moveit_ros_move_group:/home/kush/UR5_Project_New/install/moveit_ros_warehouse:/home/kush/UR5_Project_New/install/moveit_planners_ompl:/home/kush/UR5_Project_New/install/moveit_kinematics:/home/kush/UR5_Project_New/install/moveit_ros_planning:/home/kush/UR5_Project_New/install/moveit_ros_occupancy_map_monitor:/home/kush/UR5_Project_New/install/moveit_core:/home/kush/UR5_Project_New/install/rviz_marker_tools:/home/kush/UR5_Project_New/install/moveit_configs_utils:/home/kush/UR5_Project_New/install/srdfdom:/home/kush/UR5_Project_New/install/moveit_task_constructor_msgs:/home/kush/UR5_Project_New/install/moveit_common:/home/kush/UR5_Project_New/install/launch_param_builder:${AMENT_PREFIX_PATH} CMAKE_PREFIX_PATH=/home/kush/UR5_Project_New/install/moveit_planners:/home/kush/UR5_Project_New/install/pilz_industrial_motion_planner:/home/kush/UR5_Project_New/install/moveit_ros_planning_interface:/home/kush/UR5_Project_New/install/moveit_ros_move_group:/home/kush/UR5_Project_New/install/moveit_ros_warehouse:/home/kush/UR5_Project_New/install/moveit_planners_ompl:/home/kush/UR5_Project_New/install/moveit_kinematics:/home/kush/UR5_Project_New/install/moveit_ros_planning:/home/kush/UR5_Project_New/install/moveit_ros_occupancy_map_monitor:/home/kush/UR5_Project_New/install/moveit_core:/home/kush/UR5_Project_New/install/rviz_marker_tools:/home/kush/UR5_Project_New/install/srdfdom:/home/kush/UR5_Project_New/install/moveit_task_constructor_msgs:/home/kush/UR5_Project_New/install/moveit_common:/opt/ros/humble LD_LIBRARY_PATH=/home/kush/UR5_Project_New/install/pilz_industrial_motion_planner/lib:/home/kush/UR5_Project_New/install/moveit_ros_planning_interface/lib:/home/kush/UR5_Project_New/install/moveit_ros_move_group/lib:/home/kush/UR5_Project_New/install/moveit_ros_warehouse/lib:/home/kush/UR5_Project_New/install/moveit_planners_ompl/lib:/home/kush/UR5_Project_New/install/moveit_kinematics/lib:/home/kush/UR5_Project_New/install/moveit_ros_planning/lib:/home/kush/UR5_Project_New/install/moveit_ros_occupancy_map_monitor/lib:/home/kush/UR5_Project_New/install/moveit_core/lib:/home/kush/UR5_Project_New/install/rviz_marker_tools/lib:/home/kush/UR5_Project_New/install/srdfdom/lib:/home/kush/UR5_Project_New/install/moveit_task_constructor_msgs/lib:${LD_LIBRARY_PATH} PATH=/home/kush/UR5_Project_New/install/moveit_core/bin:${PATH} PYTHONPATH=/home/kush/UR5_Project_New/install/moveit_configs_utils/lib/python3.10/site-packages:/home/kush/UR5_Project_New/install/srdfdom/local/lib/python3.10/dist-packages:/home/kush/UR5_Project_New/install/moveit_task_constructor_msgs/local/lib/python3.10/dist-packages:/home/kush/UR5_Project_New/install/launch_param_builder/lib/python3.10/site-packages:${PYTHONPATH} /usr/bin/cmake --install /home/kush/UR5_Project_New/build/moveit_task_constructor_core
[900.159s] -- Install configuration: "Release"
[900.160s] -- Installing: /home/kush/UR5_Project_New/install/moveit_task_constructor_core/include
[900.160s] -- Installing: /home/kush/UR5_Project_New/install/moveit_task_constructor_core/include/moveit
[900.160s] -- Installing: /home/kush/UR5_Project_New/install/moveit_task_constructor_core/include/moveit/python
[900.160s] -- Installing: /home/kush/UR5_Project_New/install/moveit_task_constructor_core/include/moveit/python/task_constructor
[900.160s] -- Installing: /home/kush/UR5_Project_New/install/moveit_task_constructor_core/include/moveit/python/task_constructor/properties.h
[900.169s] -- Installing: /home/kush/UR5_Project_New/install/moveit_task_constructor_core/include/moveit/python/python_tools
[900.170s] -- Installing: /home/kush/UR5_Project_New/install/moveit_task_constructor_core/include/moveit/python/python_tools/ros_types.h
[900.170s] -- Installing: /home/kush/UR5_Project_New/install/moveit_task_constructor_core/include/moveit/task_constructor
[900.170s] -- Installing: /home/kush/UR5_Project_New/install/moveit_task_constructor_core/include/moveit/task_constructor/moveit_compat.h
[900.170s] -- Installing: /home/kush/UR5_Project_New/install/moveit_task_constructor_core/include/moveit/task_constructor/merge.h
[900.171s] -- Installing: /home/kush/UR5_Project_New/install/moveit_task_constructor_core/include/moveit/task_constructor/storage.h
[900.171s] -- Installing: /home/kush/UR5_Project_New/install/moveit_task_constructor_core/include/moveit/task_constructor/solvers.h
[900.171s] -- Installing: /home/kush/UR5_Project_New/install/moveit_task_constructor_core/include/moveit/task_constructor/properties.h
[900.171s] -- Installing: /home/kush/UR5_Project_New/install/moveit_task_constructor_core/include/moveit/task_constructor/cost_terms.h
[900.172s] -- Installing: /home/kush/UR5_Project_New/install/moveit_task_constructor_core/include/moveit/task_constructor/container.h
[900.172s] -- Installing: /home/kush/UR5_Project_New/install/moveit_task_constructor_core/include/moveit/task_constructor/stage.h
[900.172s] -- Installing: /home/kush/UR5_Project_New/install/moveit_task_constructor_core/include/moveit/task_constructor/utils.h
[900.172s] -- Installing: /home/kush/UR5_Project_New/install/moveit_task_constructor_core/include/moveit/task_constructor/task.h
[900.173s] -- Installing: /home/kush/UR5_Project_New/install/moveit_task_constructor_core/include/moveit/task_constructor/marker_tools.h
[900.173s] -- Installing: /home/kush/UR5_Project_New/install/moveit_task_constructor_core/include/moveit/task_constructor/solvers
[900.173s] -- Installing: /home/kush/UR5_Project_New/install/moveit_task_constructor_core/include/moveit/task_constructor/solvers/pipeline_planner.h
[900.173s] -- Installing: /home/kush/UR5_Project_New/install/moveit_task_constructor_core/include/moveit/task_constructor/solvers/cartesian_path.h
[900.174s] -- Installing: /home/kush/UR5_Project_New/install/moveit_task_constructor_core/include/moveit/task_constructor/solvers/planner_interface.h
[900.175s] -- Installing: /home/kush/UR5_Project_New/install/moveit_task_constructor_core/include/moveit/task_constructor/solvers/multi_planner.h
[900.176s] -- Installing: /home/kush/UR5_Project_New/install/moveit_task_constructor_core/include/moveit/task_constructor/solvers/joint_interpolation.h
[900.181s] -- Installing: /home/kush/UR5_Project_New/install/moveit_task_constructor_core/include/moveit/task_constructor/stages.h
[900.181s] -- Installing: /home/kush/UR5_Project_New/install/moveit_task_constructor_core/include/moveit/task_constructor/cost_queue.h
[900.181s] -- Installing: /home/kush/UR5_Project_New/install/moveit_task_constructor_core/include/moveit/task_constructor/introspection.h
[900.182s] -- Installing: /home/kush/UR5_Project_New/install/moveit_task_constructor_core/include/moveit/task_constructor/stages
[900.182s] -- Installing: /home/kush/UR5_Project_New/install/moveit_task_constructor_core/include/moveit/task_constructor/stages/pick.h
[900.182s] -- Installing: /home/kush/UR5_Project_New/install/moveit_task_constructor_core/include/moveit/task_constructor/stages/passthrough.h
[900.182s] -- Installing: /home/kush/UR5_Project_New/install/moveit_task_constructor_core/include/moveit/task_constructor/stages/generate_pose.h
[900.182s] -- Installing: /home/kush/UR5_Project_New/install/moveit_task_constructor_core/include/moveit/task_constructor/stages/current_state.h
[900.182s] -- Installing: /home/kush/UR5_Project_New/install/moveit_task_constructor_core/include/moveit/task_constructor/stages/generate_place_pose.h
[900.183s] -- Installing: /home/kush/UR5_Project_New/install/moveit_task_constructor_core/include/moveit/task_constructor/stages/fixed_cartesian_poses.h
[900.183s] -- Installing: /home/kush/UR5_Project_New/install/moveit_task_constructor_core/include/moveit/task_constructor/stages/move_to.h
[900.184s] -- Installing: /home/kush/UR5_Project_New/install/moveit_task_constructor_core/include/moveit/task_constructor/stages/connect.h
[900.184s] -- Installing: /home/kush/UR5_Project_New/install/moveit_task_constructor_core/include/moveit/task_constructor/stages/compute_ik.h
[900.184s] -- Installing: /home/kush/UR5_Project_New/install/moveit_task_constructor_core/include/moveit/task_constructor/stages/fixed_state.h
[900.184s] -- Installing: /home/kush/UR5_Project_New/install/moveit_task_constructor_core/include/moveit/task_constructor/stages/move_relative.h
[900.185s] -- Installing: /home/kush/UR5_Project_New/install/moveit_task_constructor_core/include/moveit/task_constructor/stages/modify_planning_scene.h
[900.186s] -- Installing: /home/kush/UR5_Project_New/install/moveit_task_constructor_core/include/moveit/task_constructor/stages/fix_collision_objects.h
[900.186s] -- Installing: /home/kush/UR5_Project_New/install/moveit_task_constructor_core/include/moveit/task_constructor/stages/predicate_filter.h
[900.186s] -- Installing: /home/kush/UR5_Project_New/install/moveit_task_constructor_core/include/moveit/task_constructor/stages/generate_grasp_pose.h
[900.186s] -- Installing: /home/kush/UR5_Project_New/install/moveit_task_constructor_core/include/moveit/task_constructor/stages/simple_grasp.h
[900.187s] -- Installing: /home/kush/UR5_Project_New/install/moveit_task_constructor_core/include/moveit/task_constructor/type_traits.h
[900.187s] -- Installing: /home/kush/UR5_Project_New/install/moveit_task_constructor_core/share/moveit_task_constructor_core/motion_planning_stages_plugin_description.xml
[900.188s] -- Installing: /home/kush/UR5_Project_New/install/moveit_task_constructor_core/share/moveit_task_constructor_core/environment/library_path.sh
[900.188s] -- Installing: /home/kush/UR5_Project_New/install/moveit_task_constructor_core/share/moveit_task_constructor_core/environment/library_path.dsv
[900.188s] -- Installing: /home/kush/UR5_Project_New/install/moveit_task_constructor_core/share/ament_index/resource_index/package_run_dependencies/moveit_task_constructor_core
[900.188s] -- Installing: /home/kush/UR5_Project_New/install/moveit_task_constructor_core/share/ament_index/resource_index/parent_prefix_path/moveit_task_constructor_core
[900.188s] -- Installing: /home/kush/UR5_Project_New/install/moveit_task_constructor_core/share/moveit_task_constructor_core/environment/ament_prefix_path.sh
[900.188s] -- Installing: /home/kush/UR5_Project_New/install/moveit_task_constructor_core/share/moveit_task_constructor_core/environment/ament_prefix_path.dsv
[900.189s] -- Installing: /home/kush/UR5_Project_New/install/moveit_task_constructor_core/share/moveit_task_constructor_core/environment/path.sh
[900.189s] -- Installing: /home/kush/UR5_Project_New/install/moveit_task_constructor_core/share/moveit_task_constructor_core/environment/path.dsv
[900.189s] -- Installing: /home/kush/UR5_Project_New/install/moveit_task_constructor_core/share/moveit_task_constructor_core/local_setup.bash
[900.189s] -- Installing: /home/kush/UR5_Project_New/install/moveit_task_constructor_core/share/moveit_task_constructor_core/local_setup.sh
[900.189s] -- Installing: /home/kush/UR5_Project_New/install/moveit_task_constructor_core/share/moveit_task_constructor_core/local_setup.zsh
[900.189s] -- Installing: /home/kush/UR5_Project_New/install/moveit_task_constructor_core/share/moveit_task_constructor_core/local_setup.dsv
[900.190s] -- Installing: /home/kush/UR5_Project_New/install/moveit_task_constructor_core/share/moveit_task_constructor_core/package.dsv
[900.190s] -- Installing: /home/kush/UR5_Project_New/install/moveit_task_constructor_core/share/ament_index/resource_index/packages/moveit_task_constructor_core
[900.190s] -- Installing: /home/kush/UR5_Project_New/install/moveit_task_constructor_core/share/ament_index/resource_index/moveit_task_constructor_core__pluginlib__plugin/moveit_task_constructor_core
[900.190s] -- Installing: /home/kush/UR5_Project_New/install/moveit_task_constructor_core/share/moveit_task_constructor_core/cmake/moveit_task_constructor_coreTargetsExport.cmake
[900.190s] -- Installing: /home/kush/UR5_Project_New/install/moveit_task_constructor_core/share/moveit_task_constructor_core/cmake/moveit_task_constructor_coreTargetsExport-release.cmake
[900.191s] -- Installing: /home/kush/UR5_Project_New/install/moveit_task_constructor_core/share/moveit_task_constructor_core/cmake/ament_cmake_export_targets-extras.cmake
[900.192s] -- Installing: /home/kush/UR5_Project_New/install/moveit_task_constructor_core/share/moveit_task_constructor_core/cmake/ament_cmake_export_dependencies-extras.cmake
[900.192s] -- Installing: /home/kush/UR5_Project_New/install/moveit_task_constructor_core/share/moveit_task_constructor_core/cmake/moveit_task_constructor_coreConfig.cmake
[900.193s] -- Installing: /home/kush/UR5_Project_New/install/moveit_task_constructor_core/share/moveit_task_constructor_core/cmake/moveit_task_constructor_coreConfig-version.cmake
[900.194s] -- Installing: /home/kush/UR5_Project_New/install/moveit_task_constructor_core/share/moveit_task_constructor_core/package.xml
[900.195s] -- Installing: /home/kush/UR5_Project_New/install/moveit_task_constructor_core/lib/libmoveit_task_constructor_core.so
[900.201s] -- Set runtime path of "/home/kush/UR5_Project_New/install/moveit_task_constructor_core/lib/libmoveit_task_constructor_core.so" to ""
[900.202s] -- Installing: /home/kush/UR5_Project_New/install/moveit_task_constructor_core/lib/libmoveit_task_constructor_core_stages.so
[900.205s] -- Set runtime path of "/home/kush/UR5_Project_New/install/moveit_task_constructor_core/lib/libmoveit_task_constructor_core_stages.so" to ""
[900.205s] -- Installing: /home/kush/UR5_Project_New/install/moveit_task_constructor_core/lib/libmoveit_task_constructor_core_stage_plugins.so
[900.207s] -- Set runtime path of "/home/kush/UR5_Project_New/install/moveit_task_constructor_core/lib/libmoveit_task_constructor_core_stage_plugins.so" to ""
[900.211s] Invoked command in '/home/kush/UR5_Project_New/build/moveit_task_constructor_core' returned '0': AMENT_PREFIX_PATH=/home/kush/UR5_Project_New/install/moveit_planners:/home/kush/UR5_Project_New/install/pilz_industrial_motion_planner:/home/kush/UR5_Project_New/install/moveit_ros_planning_interface:/home/kush/UR5_Project_New/install/moveit_ros_move_group:/home/kush/UR5_Project_New/install/moveit_ros_warehouse:/home/kush/UR5_Project_New/install/moveit_planners_ompl:/home/kush/UR5_Project_New/install/moveit_kinematics:/home/kush/UR5_Project_New/install/moveit_ros_planning:/home/kush/UR5_Project_New/install/moveit_ros_occupancy_map_monitor:/home/kush/UR5_Project_New/install/moveit_core:/home/kush/UR5_Project_New/install/rviz_marker_tools:/home/kush/UR5_Project_New/install/moveit_configs_utils:/home/kush/UR5_Project_New/install/srdfdom:/home/kush/UR5_Project_New/install/moveit_task_constructor_msgs:/home/kush/UR5_Project_New/install/moveit_common:/home/kush/UR5_Project_New/install/launch_param_builder:${AMENT_PREFIX_PATH} CMAKE_PREFIX_PATH=/home/kush/UR5_Project_New/install/moveit_planners:/home/kush/UR5_Project_New/install/pilz_industrial_motion_planner:/home/kush/UR5_Project_New/install/moveit_ros_planning_interface:/home/kush/UR5_Project_New/install/moveit_ros_move_group:/home/kush/UR5_Project_New/install/moveit_ros_warehouse:/home/kush/UR5_Project_New/install/moveit_planners_ompl:/home/kush/UR5_Project_New/install/moveit_kinematics:/home/kush/UR5_Project_New/install/moveit_ros_planning:/home/kush/UR5_Project_New/install/moveit_ros_occupancy_map_monitor:/home/kush/UR5_Project_New/install/moveit_core:/home/kush/UR5_Project_New/install/rviz_marker_tools:/home/kush/UR5_Project_New/install/srdfdom:/home/kush/UR5_Project_New/install/moveit_task_constructor_msgs:/home/kush/UR5_Project_New/install/moveit_common:/opt/ros/humble LD_LIBRARY_PATH=/home/kush/UR5_Project_New/install/pilz_industrial_motion_planner/lib:/home/kush/UR5_Project_New/install/moveit_ros_planning_interface/lib:/home/kush/UR5_Project_New/install/moveit_ros_move_group/lib:/home/kush/UR5_Project_New/install/moveit_ros_warehouse/lib:/home/kush/UR5_Project_New/install/moveit_planners_ompl/lib:/home/kush/UR5_Project_New/install/moveit_kinematics/lib:/home/kush/UR5_Project_New/install/moveit_ros_planning/lib:/home/kush/UR5_Project_New/install/moveit_ros_occupancy_map_monitor/lib:/home/kush/UR5_Project_New/install/moveit_core/lib:/home/kush/UR5_Project_New/install/rviz_marker_tools/lib:/home/kush/UR5_Project_New/install/srdfdom/lib:/home/kush/UR5_Project_New/install/moveit_task_constructor_msgs/lib:${LD_LIBRARY_PATH} PATH=/home/kush/UR5_Project_New/install/moveit_core/bin:${PATH} PYTHONPATH=/home/kush/UR5_Project_New/install/moveit_configs_utils/lib/python3.10/site-packages:/home/kush/UR5_Project_New/install/srdfdom/local/lib/python3.10/dist-packages:/home/kush/UR5_Project_New/install/moveit_task_constructor_msgs/local/lib/python3.10/dist-packages:/home/kush/UR5_Project_New/install/launch_param_builder/lib/python3.10/site-packages:${PYTHONPATH} /usr/bin/cmake --install /home/kush/UR5_Project_New/build/moveit_task_constructor_core
