[0.221s] Invoking command in '/home/kush/UR5_Project_New/src/build/moveit_ros_perception': AMENT_PREFIX_PATH=/home/kush/UR5_Project_New/src/install/moveit_ros_planning:/home/kush/UR5_Project_New/src/install/moveit_ros_occupancy_map_monitor:/home/kush/UR5_Project_New/src/install/moveit_core:/home/kush/UR5_Project_New/src/install/srdfdom:/home/kush/UR5_Project_New/src/install/moveit_common:${AMENT_PREFIX_PATH} CMAKE_PREFIX_PATH=/home/kush/UR5_Project_New/src/install/moveit_ros_planning:/home/kush/UR5_Project_New/src/install/moveit_ros_occupancy_map_monitor:/home/kush/UR5_Project_New/src/install/moveit_core:/home/kush/UR5_Project_New/src/install/srdfdom:/home/kush/UR5_Project_New/src/install/moveit_common:/opt/ros/humble LD_LIBRARY_PATH=/home/kush/UR5_Project_New/src/install/moveit_ros_planning/lib:/home/kush/UR5_Project_New/src/install/moveit_ros_occupancy_map_monitor/lib:/home/kush/UR5_Project_New/src/install/moveit_core/lib:/home/kush/UR5_Project_New/src/install/srdfdom/lib:${LD_LIBRARY_PATH} PATH=/home/kush/UR5_Project_New/src/install/moveit_core/bin:${PATH} PYTHONPATH=/home/kush/UR5_Project_New/src/install/srdfdom/local/lib/python3.10/dist-packages:${PYTHONPATH} /usr/bin/cmake /home/kush/UR5_Project_New/src/moveit2/moveit_ros/perception -DCMAKE_INSTALL_PREFIX=/home/kush/UR5_Project_New/src/install/moveit_ros_perception
[0.547s] -- The C compiler identification is GNU 11.4.0
[0.852s] -- The CXX compiler identification is GNU 11.4.0
[0.893s] -- Detecting C compiler ABI info
[1.270s] -- Detecting C compiler ABI info - done
[1.304s] -- Check for working C compiler: /usr/bin/cc - skipped
[1.304s] -- Detecting C compile features
[1.305s] -- Detecting C compile features - done
[1.330s] -- Detecting CXX compiler ABI info
[1.765s] -- Detecting CXX compiler ABI info - done
[1.838s] -- Check for working CXX compiler: /usr/bin/c++ - skipped
[1.839s] -- Detecting CXX compile features
[1.840s] -- Detecting CXX compile features - done
[1.843s] -- Found moveit_common: 2.5.4 (/home/kush/UR5_Project_New/src/install/moveit_common/share/moveit_common/cmake)
[1.861s] -- Found ament_cmake: 1.3.5 (/opt/ros/humble/share/ament_cmake/cmake)
[2.821s] -- Found Python3: /usr/bin/python3.10 (found version "3.10.12") found components: Interpreter 
[3.411s] -- Found libdw: /usr/lib/x86_64-linux-gnu/libdw.so  
[3.439s] -- Could NOT find libbfd (missing: LIBBFD_LIBRARY LIBBFD_INCLUDE_DIR) 
[3.439s] -- BACKWARD_HAS_UNWIND=1
[3.439s] -- BACKWARD_HAS_BACKTRACE=0
[3.439s] -- BACKWARD_HAS_BACKTRACE_SYMBOL=0
[3.440s] -- BACKWARD_HAS_DW=1
[3.440s] -- BACKWARD_HAS_BFD=0
[3.441s] -- Found Backward: /opt/ros/humble/share/backward_ros/cmake  
[3.442s] [0mmoveit_ros_perception: You did not request a specific build type: Choosing 'Release' for maximum performance[0m
[3.503s] -- Found OpenGL: /usr/lib/x86_64-linux-gnu/libOpenGL.so   
[3.872s] -- Found GLEW: /usr/include (found version "2.2.0") 
[3.930s] -- Found PkgConfig: /usr/bin/pkg-config (found version "0.29.2") 
[3.932s] -- Checking for module 'glut'
[3.945s] --   No package 'glut' found
[3.987s] -- Found GLUT: /usr/lib/x86_64-linux-gnu/libglut.so  
[4.069s] -- Found cv_bridge: 3.2.1 (/opt/ros/humble/share/cv_bridge/cmake)
[4.322s] -- Found rosidl_generator_c: 3.1.5 (/opt/ros/humble/share/rosidl_generator_c/cmake)
[4.337s] -- Found rosidl_adapter: 3.1.5 (/opt/ros/humble/share/rosidl_adapter/cmake)
[4.363s] -- Found rosidl_generator_cpp: 3.1.5 (/opt/ros/humble/share/rosidl_generator_cpp/cmake)
[4.446s] -- Using all available rosidl_typesupport_c: rosidl_typesupport_fastrtps_c;rosidl_typesupport_introspection_c
[4.534s] -- Using all available rosidl_typesupport_cpp: rosidl_typesupport_fastrtps_cpp;rosidl_typesupport_introspection_cpp
[5.293s] -- Found moveit_core: 2.5.4 (/home/kush/UR5_Project_New/src/install/moveit_core/share/moveit_core/cmake)
[6.403s] -- Found Boost: /usr/lib/x86_64-linux-gnu/cmake/Boost-1.74.0/BoostConfig.cmake (found version "1.74.0") found components: chrono date_time filesystem iostreams program_options regex serialization system thread 
[6.457s] -- Found parameter_traits: 0.3.3 (/opt/ros/humble/share/parameter_traits/cmake)
[6.770s] -- Found rmw_implementation_cmake: 6.1.1 (/opt/ros/humble/share/rmw_implementation_cmake/cmake)
[6.792s] -- Found rmw_fastrtps_cpp: 6.2.3 (/opt/ros/humble/share/rmw_fastrtps_cpp/cmake)
[7.296s] -- Found OpenSSL: /usr/lib/x86_64-linux-gnu/libcrypto.so (found version "3.0.2")  
[7.453s] -- Found FastRTPS: /opt/ros/humble/include  
[7.735s] -- Using RMW implementation 'rmw_fastrtps_cpp' as default
[7.786s] -- Found Threads: TRUE  
[8.400s] -- Found rclcpp_lifecycle: 16.0.5 (/opt/ros/humble/share/rclcpp_lifecycle/cmake)
[8.753s] -- Found Boost: /usr/lib/x86_64-linux-gnu/cmake/Boost-1.74.0/BoostConfig.cmake (found version "1.74.0") found components: filesystem 
[9.034s] -- library: /usr/lib/x86_64-linux-gnu/libcurl.so
[10.183s] -- Found Eigen3: TRUE (found version "3.4.0") 
[10.184s] -- Ensuring Eigen3 include directory is part of orocos-kdl CMake target
[17.049s] -- Found image_transport: 3.1.5 (/opt/ros/humble/share/image_transport/cmake)
[17.141s] -- Found moveit_ros_occupancy_map_monitor: 2.5.4 (/home/kush/UR5_Project_New/src/install/moveit_ros_occupancy_map_monitor/share/moveit_ros_occupancy_map_monitor/cmake)
[19.923s] -- Found OpenMP_C: -fopenmp (found version "4.5") 
[20.634s] -- Found OpenMP_CXX: -fopenmp (found version "4.5") 
[20.635s] -- Found OpenMP: TRUE (found version "4.5")  
[20.658s] -- Found OpenCV: /usr (found version "4.5.4") 
[20.686s] -- Found Boost: /usr/lib/x86_64-linux-gnu/cmake/Boost-1.74.0/BoostConfig.cmake (found version "1.74.0") found components: thread 
[20.810s] -- Performing Test COMPILER_HAS_HIDDEN_VISIBILITY
[21.386s] -- Performing Test COMPILER_HAS_HIDDEN_VISIBILITY - Success
[21.388s] -- Performing Test COMPILER_HAS_HIDDEN_INLINE_VISIBILITY
[21.829s] -- Performing Test COMPILER_HAS_HIDDEN_INLINE_VISIBILITY - Success
[21.829s] -- Performing Test COMPILER_HAS_DEPRECATED_ATTR
[22.100s] -- Performing Test COMPILER_HAS_DEPRECATED_ATTR - Success
[22.238s] -- Found ament_lint_auto: 0.12.7 (/opt/ros/humble/share/ament_lint_auto/cmake)
[22.354s] -- Added test 'cppcheck' to perform static code analysis on C / C++ code
[22.356s] -- Configured cppcheck include dirs: /home/kush/UR5_Project_New/src/moveit2/moveit_ros/perception/depth_image_octomap_updater/include;/home/kush/UR5_Project_New/src/moveit2/moveit_ros/perception/lazy_free_space_updater/include;/home/kush/UR5_Project_New/src/moveit2/moveit_ros/perception/mesh_filter/include;/home/kush/UR5_Project_New/src/moveit2/moveit_ros/perception/point_containment_filter/include;/home/kush/UR5_Project_New/src/moveit2/moveit_ros/perception/pointcloud_octomap_updater/include;/home/kush/UR5_Project_New/src/moveit2/moveit_ros/perception/semantic_world/include
[22.356s] -- Configured cppcheck exclude dirs and/or files: 
[22.365s] -- Added test 'lint_cmake' to check CMake code style
[22.377s] -- Added test 'xmllint' to check XML markup files
[22.383s] -- Configuring done
[23.155s] -- Generating done
[23.189s] -- Build files have been written to: /home/kush/UR5_Project_New/src/build/moveit_ros_perception
[23.324s] Invoked command in '/home/kush/UR5_Project_New/src/build/moveit_ros_perception' returned '0': AMENT_PREFIX_PATH=/home/kush/UR5_Project_New/src/install/moveit_ros_planning:/home/kush/UR5_Project_New/src/install/moveit_ros_occupancy_map_monitor:/home/kush/UR5_Project_New/src/install/moveit_core:/home/kush/UR5_Project_New/src/install/srdfdom:/home/kush/UR5_Project_New/src/install/moveit_common:${AMENT_PREFIX_PATH} CMAKE_PREFIX_PATH=/home/kush/UR5_Project_New/src/install/moveit_ros_planning:/home/kush/UR5_Project_New/src/install/moveit_ros_occupancy_map_monitor:/home/kush/UR5_Project_New/src/install/moveit_core:/home/kush/UR5_Project_New/src/install/srdfdom:/home/kush/UR5_Project_New/src/install/moveit_common:/opt/ros/humble LD_LIBRARY_PATH=/home/kush/UR5_Project_New/src/install/moveit_ros_planning/lib:/home/kush/UR5_Project_New/src/install/moveit_ros_occupancy_map_monitor/lib:/home/kush/UR5_Project_New/src/install/moveit_core/lib:/home/kush/UR5_Project_New/src/install/srdfdom/lib:${LD_LIBRARY_PATH} PATH=/home/kush/UR5_Project_New/src/install/moveit_core/bin:${PATH} PYTHONPATH=/home/kush/UR5_Project_New/src/install/srdfdom/local/lib/python3.10/dist-packages:${PYTHONPATH} /usr/bin/cmake /home/kush/UR5_Project_New/src/moveit2/moveit_ros/perception -DCMAKE_INSTALL_PREFIX=/home/kush/UR5_Project_New/src/install/moveit_ros_perception
[23.326s] Invoking command in '/home/kush/UR5_Project_New/src/build/moveit_ros_perception': AMENT_PREFIX_PATH=/home/kush/UR5_Project_New/src/install/moveit_ros_planning:/home/kush/UR5_Project_New/src/install/moveit_ros_occupancy_map_monitor:/home/kush/UR5_Project_New/src/install/moveit_core:/home/kush/UR5_Project_New/src/install/srdfdom:/home/kush/UR5_Project_New/src/install/moveit_common:${AMENT_PREFIX_PATH} CMAKE_PREFIX_PATH=/home/kush/UR5_Project_New/src/install/moveit_ros_planning:/home/kush/UR5_Project_New/src/install/moveit_ros_occupancy_map_monitor:/home/kush/UR5_Project_New/src/install/moveit_core:/home/kush/UR5_Project_New/src/install/srdfdom:/home/kush/UR5_Project_New/src/install/moveit_common:/opt/ros/humble LD_LIBRARY_PATH=/home/kush/UR5_Project_New/src/install/moveit_ros_planning/lib:/home/kush/UR5_Project_New/src/install/moveit_ros_occupancy_map_monitor/lib:/home/kush/UR5_Project_New/src/install/moveit_core/lib:/home/kush/UR5_Project_New/src/install/srdfdom/lib:${LD_LIBRARY_PATH} PATH=/home/kush/UR5_Project_New/src/install/moveit_core/bin:${PATH} PYTHONPATH=/home/kush/UR5_Project_New/src/install/srdfdom/local/lib/python3.10/dist-packages:${PYTHONPATH} /usr/bin/cmake --build /home/kush/UR5_Project_New/src/build/moveit_ros_perception -- -j4 -l4
[23.710s] [  5%] [32mBuilding CXX object lazy_free_space_updater/CMakeFiles/moveit_lazy_free_space_updater.dir/src/lazy_free_space_updater.cpp.o[0m
[32.317s] [ 10%] [32m[1mLinking CXX shared library libmoveit_lazy_free_space_updater.so[0m
[33.137s] [ 10%] Built target moveit_lazy_free_space_updater
[33.275s] [ 15%] [32mBuilding CXX object semantic_world/CMakeFiles/moveit_semantic_world.dir/src/semantic_world.cpp.o[0m
[106.736s] [ 20%] [32m[1mLinking CXX shared library libmoveit_semantic_world.so[0m
[108.682s] [ 20%] Built target moveit_semantic_world
[108.819s] [ 25%] [32mBuilding CXX object mesh_filter/CMakeFiles/moveit_mesh_filter.dir/src/mesh_filter_base.cpp.o[0m
[121.717s] [ 30%] [32mBuilding CXX object mesh_filter/CMakeFiles/moveit_mesh_filter.dir/src/stereo_camera_model.cpp.o[0m
[127.088s] [ 35%] [32mBuilding CXX object mesh_filter/CMakeFiles/moveit_mesh_filter.dir/src/gl_renderer.cpp.o[0m
[131.434s] [ 40%] [32mBuilding CXX object mesh_filter/CMakeFiles/moveit_mesh_filter.dir/src/gl_mesh.cpp.o[0m
[136.432s] [ 45%] [32mBuilding CXX object mesh_filter/CMakeFiles/moveit_mesh_filter.dir/src/sensor_model.cpp.o[0m
[140.517s] [ 50%] [32m[1mLinking CXX shared library libmoveit_mesh_filter.so[0m
[141.799s] [ 50%] Built target moveit_mesh_filter
[141.845s] [ 55%] [32mBuilding CXX object point_containment_filter/CMakeFiles/moveit_point_containment_filter.dir/src/shape_mask.cpp.o[0m
[152.269s] [ 60%] [32m[1mLinking CXX shared library libmoveit_point_containment_filter.so[0m
[152.904s] [ 60%] Built target moveit_point_containment_filter
[153.040s] [ 65%] [32mBuilding CXX object depth_image_octomap_updater/CMakeFiles/moveit_depth_image_octomap_updater_core.dir/src/depth_image_octomap_updater.cpp.o[0m
[175.198s] [ 70%] [32m[1mLinking CXX shared library libmoveit_depth_image_octomap_updater_core.so[0m
[176.226s] [ 70%] Built target moveit_depth_image_octomap_updater_core
[176.392s] [ 75%] [32mBuilding CXX object pointcloud_octomap_updater/CMakeFiles/moveit_pointcloud_octomap_updater_core.dir/src/pointcloud_octomap_updater.cpp.o[0m
[224.456s] [ 80%] [32m[1mLinking CXX shared library libmoveit_pointcloud_octomap_updater_core.so[0m
[225.445s] [ 80%] Built target moveit_pointcloud_octomap_updater_core
[225.739s] [ 85%] [32mBuilding CXX object depth_image_octomap_updater/CMakeFiles/moveit_depth_image_octomap_updater.dir/src/updater_plugin.cpp.o[0m
[241.521s] [ 90%] [32m[1mLinking CXX shared library libmoveit_depth_image_octomap_updater.so[0m
[242.375s] [ 90%] Built target moveit_depth_image_octomap_updater
[242.546s] [ 95%] [32mBuilding CXX object pointcloud_octomap_updater/CMakeFiles/moveit_pointcloud_octomap_updater.dir/src/plugin_init.cpp.o[0m
[261.368s] [100%] [32m[1mLinking CXX shared library libmoveit_pointcloud_octomap_updater.so[0m
[262.169s] [100%] Built target moveit_pointcloud_octomap_updater
[262.243s] Invoked command in '/home/kush/UR5_Project_New/src/build/moveit_ros_perception' returned '0': AMENT_PREFIX_PATH=/home/kush/UR5_Project_New/src/install/moveit_ros_planning:/home/kush/UR5_Project_New/src/install/moveit_ros_occupancy_map_monitor:/home/kush/UR5_Project_New/src/install/moveit_core:/home/kush/UR5_Project_New/src/install/srdfdom:/home/kush/UR5_Project_New/src/install/moveit_common:${AMENT_PREFIX_PATH} CMAKE_PREFIX_PATH=/home/kush/UR5_Project_New/src/install/moveit_ros_planning:/home/kush/UR5_Project_New/src/install/moveit_ros_occupancy_map_monitor:/home/kush/UR5_Project_New/src/install/moveit_core:/home/kush/UR5_Project_New/src/install/srdfdom:/home/kush/UR5_Project_New/src/install/moveit_common:/opt/ros/humble LD_LIBRARY_PATH=/home/kush/UR5_Project_New/src/install/moveit_ros_planning/lib:/home/kush/UR5_Project_New/src/install/moveit_ros_occupancy_map_monitor/lib:/home/kush/UR5_Project_New/src/install/moveit_core/lib:/home/kush/UR5_Project_New/src/install/srdfdom/lib:${LD_LIBRARY_PATH} PATH=/home/kush/UR5_Project_New/src/install/moveit_core/bin:${PATH} PYTHONPATH=/home/kush/UR5_Project_New/src/install/srdfdom/local/lib/python3.10/dist-packages:${PYTHONPATH} /usr/bin/cmake --build /home/kush/UR5_Project_New/src/build/moveit_ros_perception -- -j4 -l4
[262.617s] Invoking command in '/home/kush/UR5_Project_New/src/build/moveit_ros_perception': AMENT_PREFIX_PATH=/home/kush/UR5_Project_New/src/install/moveit_ros_planning:/home/kush/UR5_Project_New/src/install/moveit_ros_occupancy_map_monitor:/home/kush/UR5_Project_New/src/install/moveit_core:/home/kush/UR5_Project_New/src/install/srdfdom:/home/kush/UR5_Project_New/src/install/moveit_common:${AMENT_PREFIX_PATH} CMAKE_PREFIX_PATH=/home/kush/UR5_Project_New/src/install/moveit_ros_planning:/home/kush/UR5_Project_New/src/install/moveit_ros_occupancy_map_monitor:/home/kush/UR5_Project_New/src/install/moveit_core:/home/kush/UR5_Project_New/src/install/srdfdom:/home/kush/UR5_Project_New/src/install/moveit_common:/opt/ros/humble LD_LIBRARY_PATH=/home/kush/UR5_Project_New/src/install/moveit_ros_planning/lib:/home/kush/UR5_Project_New/src/install/moveit_ros_occupancy_map_monitor/lib:/home/kush/UR5_Project_New/src/install/moveit_core/lib:/home/kush/UR5_Project_New/src/install/srdfdom/lib:${LD_LIBRARY_PATH} PATH=/home/kush/UR5_Project_New/src/install/moveit_core/bin:${PATH} PYTHONPATH=/home/kush/UR5_Project_New/src/install/srdfdom/local/lib/python3.10/dist-packages:${PYTHONPATH} /usr/bin/cmake --install /home/kush/UR5_Project_New/src/build/moveit_ros_perception
[262.654s] -- Install configuration: "Release"
[262.656s] -- Installing: /home/kush/UR5_Project_New/src/install/moveit_ros_perception/include
[262.656s] -- Installing: /home/kush/UR5_Project_New/src/install/moveit_ros_perception/include/moveit
[262.657s] -- Installing: /home/kush/UR5_Project_New/src/install/moveit_ros_perception/include/moveit/lazy_free_space_updater
[262.658s] -- Installing: /home/kush/UR5_Project_New/src/install/moveit_ros_perception/include/moveit/lazy_free_space_updater/lazy_free_space_updater.h
[262.662s] -- Up-to-date: /home/kush/UR5_Project_New/src/install/moveit_ros_perception/include
[262.663s] -- Up-to-date: /home/kush/UR5_Project_New/src/install/moveit_ros_perception/include/moveit
[262.663s] -- Installing: /home/kush/UR5_Project_New/src/install/moveit_ros_perception/include/moveit/point_containment_filter
[262.664s] -- Installing: /home/kush/UR5_Project_New/src/install/moveit_ros_perception/include/moveit/point_containment_filter/shape_mask.h
[262.667s] -- Up-to-date: /home/kush/UR5_Project_New/src/install/moveit_ros_perception/include
[262.667s] -- Up-to-date: /home/kush/UR5_Project_New/src/install/moveit_ros_perception/include/moveit
[262.667s] -- Installing: /home/kush/UR5_Project_New/src/install/moveit_ros_perception/include/moveit/pointcloud_octomap_updater
[262.667s] -- Installing: /home/kush/UR5_Project_New/src/install/moveit_ros_perception/include/moveit/pointcloud_octomap_updater/pointcloud_octomap_updater.h
[262.669s] -- Up-to-date: /home/kush/UR5_Project_New/src/install/moveit_ros_perception/include
[262.670s] -- Up-to-date: /home/kush/UR5_Project_New/src/install/moveit_ros_perception/include/moveit
[262.671s] -- Installing: /home/kush/UR5_Project_New/src/install/moveit_ros_perception/include/moveit/mesh_filter
[262.672s] -- Installing: /home/kush/UR5_Project_New/src/install/moveit_ros_perception/include/moveit/mesh_filter/mesh_filter_base.h
[262.674s] -- Installing: /home/kush/UR5_Project_New/src/install/moveit_ros_perception/include/moveit/mesh_filter/gl_renderer.h
[262.677s] -- Installing: /home/kush/UR5_Project_New/src/install/moveit_ros_perception/include/moveit/mesh_filter/stereo_camera_model.h
[262.679s] -- Installing: /home/kush/UR5_Project_New/src/install/moveit_ros_perception/include/moveit/mesh_filter/depth_self_filter_nodelet.h
[262.695s] -- Installing: /home/kush/UR5_Project_New/src/install/moveit_ros_perception/include/moveit/mesh_filter/transform_provider.h
[262.697s] -- Installing: /home/kush/UR5_Project_New/src/install/moveit_ros_perception/include/moveit/mesh_filter/sensor_model.h
[262.698s] -- Installing: /home/kush/UR5_Project_New/src/install/moveit_ros_perception/include/moveit/mesh_filter/gl_mesh.h
[262.699s] -- Installing: /home/kush/UR5_Project_New/src/install/moveit_ros_perception/include/moveit/mesh_filter/filter_job.h
[262.703s] -- Installing: /home/kush/UR5_Project_New/src/install/moveit_ros_perception/include/moveit/mesh_filter/mesh_filter.h
[262.703s] -- Installing: /home/kush/UR5_Project_New/src/install/moveit_ros_perception/include/moveit_mesh_filter_export.h
[262.709s] -- Up-to-date: /home/kush/UR5_Project_New/src/install/moveit_ros_perception/include
[262.709s] -- Up-to-date: /home/kush/UR5_Project_New/src/install/moveit_ros_perception/include/moveit
[262.710s] -- Installing: /home/kush/UR5_Project_New/src/install/moveit_ros_perception/include/moveit/depth_image_octomap_updater
[262.710s] -- Installing: /home/kush/UR5_Project_New/src/install/moveit_ros_perception/include/moveit/depth_image_octomap_updater/depth_image_octomap_updater.h
[262.724s] -- Up-to-date: /home/kush/UR5_Project_New/src/install/moveit_ros_perception/include
[262.725s] -- Up-to-date: /home/kush/UR5_Project_New/src/install/moveit_ros_perception/include/moveit
[262.726s] -- Installing: /home/kush/UR5_Project_New/src/install/moveit_ros_perception/include/moveit/semantic_world
[262.728s] -- Installing: /home/kush/UR5_Project_New/src/install/moveit_ros_perception/include/moveit/semantic_world/semantic_world.h
[262.730s] -- Installing: /home/kush/UR5_Project_New/src/install/moveit_ros_perception/lib/libmoveit_depth_image_octomap_updater.so.2.5.4
[262.731s] -- Set runtime path of "/home/kush/UR5_Project_New/src/install/moveit_ros_perception/lib/libmoveit_depth_image_octomap_updater.so.2.5.4" to ""
[262.732s] -- Installing: /home/kush/UR5_Project_New/src/install/moveit_ros_perception/lib/libmoveit_depth_image_octomap_updater.so
[262.735s] -- Installing: /home/kush/UR5_Project_New/src/install/moveit_ros_perception/lib/libmoveit_depth_image_octomap_updater_core.so.2.5.4
[262.774s] -- Set runtime path of "/home/kush/UR5_Project_New/src/install/moveit_ros_perception/lib/libmoveit_depth_image_octomap_updater_core.so.2.5.4" to ""
[262.776s] -- Installing: /home/kush/UR5_Project_New/src/install/moveit_ros_perception/lib/libmoveit_depth_image_octomap_updater_core.so
[262.777s] -- Installing: /home/kush/UR5_Project_New/src/install/moveit_ros_perception/lib/libmoveit_lazy_free_space_updater.so.2.5.4
[262.793s] -- Set runtime path of "/home/kush/UR5_Project_New/src/install/moveit_ros_perception/lib/libmoveit_lazy_free_space_updater.so.2.5.4" to ""
[262.794s] -- Installing: /home/kush/UR5_Project_New/src/install/moveit_ros_perception/lib/libmoveit_lazy_free_space_updater.so
[262.795s] -- Installing: /home/kush/UR5_Project_New/src/install/moveit_ros_perception/lib/libmoveit_mesh_filter.so.2.5.4
[262.813s] -- Set runtime path of "/home/kush/UR5_Project_New/src/install/moveit_ros_perception/lib/libmoveit_mesh_filter.so.2.5.4" to ""
[262.813s] -- Installing: /home/kush/UR5_Project_New/src/install/moveit_ros_perception/lib/libmoveit_mesh_filter.so
[262.814s] -- Installing: /home/kush/UR5_Project_New/src/install/moveit_ros_perception/lib/libmoveit_point_containment_filter.so.2.5.4
[262.829s] -- Set runtime path of "/home/kush/UR5_Project_New/src/install/moveit_ros_perception/lib/libmoveit_point_containment_filter.so.2.5.4" to ""
[262.829s] -- Installing: /home/kush/UR5_Project_New/src/install/moveit_ros_perception/lib/libmoveit_point_containment_filter.so
[262.831s] -- Installing: /home/kush/UR5_Project_New/src/install/moveit_ros_perception/lib/libmoveit_pointcloud_octomap_updater.so.2.5.4
[262.834s] -- Set runtime path of "/home/kush/UR5_Project_New/src/install/moveit_ros_perception/lib/libmoveit_pointcloud_octomap_updater.so.2.5.4" to ""
[262.835s] -- Installing: /home/kush/UR5_Project_New/src/install/moveit_ros_perception/lib/libmoveit_pointcloud_octomap_updater.so
[262.835s] -- Installing: /home/kush/UR5_Project_New/src/install/moveit_ros_perception/lib/libmoveit_pointcloud_octomap_updater_core.so.2.5.4
[262.842s] -- Set runtime path of "/home/kush/UR5_Project_New/src/install/moveit_ros_perception/lib/libmoveit_pointcloud_octomap_updater_core.so.2.5.4" to ""
[262.843s] -- Installing: /home/kush/UR5_Project_New/src/install/moveit_ros_perception/lib/libmoveit_pointcloud_octomap_updater_core.so
[262.844s] -- Installing: /home/kush/UR5_Project_New/src/install/moveit_ros_perception/lib/libmoveit_semantic_world.so.2.5.4
[262.870s] -- Set runtime path of "/home/kush/UR5_Project_New/src/install/moveit_ros_perception/lib/libmoveit_semantic_world.so.2.5.4" to ""
[262.871s] -- Installing: /home/kush/UR5_Project_New/src/install/moveit_ros_perception/lib/libmoveit_semantic_world.so
[262.872s] -- Installing: /home/kush/UR5_Project_New/src/install/moveit_ros_perception/share/moveit_ros_perception/environment/library_path.sh
[262.873s] -- Installing: /home/kush/UR5_Project_New/src/install/moveit_ros_perception/share/moveit_ros_perception/environment/library_path.dsv
[262.874s] -- Installing: /home/kush/UR5_Project_New/src/install/moveit_ros_perception/share/moveit_ros_perception/pointcloud_octomap_updater_plugin_description.xml
[262.876s] -- Installing: /home/kush/UR5_Project_New/src/install/moveit_ros_perception/share/moveit_ros_perception/depth_image_octomap_updater_plugin_description.xml
[262.877s] -- Installing: /home/kush/UR5_Project_New/src/install/moveit_ros_perception/share/ament_index/resource_index/package_run_dependencies/moveit_ros_perception
[262.878s] -- Installing: /home/kush/UR5_Project_New/src/install/moveit_ros_perception/share/ament_index/resource_index/parent_prefix_path/moveit_ros_perception
[262.882s] -- Installing: /home/kush/UR5_Project_New/src/install/moveit_ros_perception/share/moveit_ros_perception/environment/ament_prefix_path.sh
[262.883s] -- Installing: /home/kush/UR5_Project_New/src/install/moveit_ros_perception/share/moveit_ros_perception/environment/ament_prefix_path.dsv
[262.884s] -- Installing: /home/kush/UR5_Project_New/src/install/moveit_ros_perception/share/moveit_ros_perception/environment/path.sh
[262.884s] -- Installing: /home/kush/UR5_Project_New/src/install/moveit_ros_perception/share/moveit_ros_perception/environment/path.dsv
[262.885s] -- Installing: /home/kush/UR5_Project_New/src/install/moveit_ros_perception/share/moveit_ros_perception/local_setup.bash
[262.886s] -- Installing: /home/kush/UR5_Project_New/src/install/moveit_ros_perception/share/moveit_ros_perception/local_setup.sh
[262.888s] -- Installing: /home/kush/UR5_Project_New/src/install/moveit_ros_perception/share/moveit_ros_perception/local_setup.zsh
[262.889s] -- Installing: /home/kush/UR5_Project_New/src/install/moveit_ros_perception/share/moveit_ros_perception/local_setup.dsv
[262.890s] -- Installing: /home/kush/UR5_Project_New/src/install/moveit_ros_perception/share/moveit_ros_perception/package.dsv
[262.891s] -- Installing: /home/kush/UR5_Project_New/src/install/moveit_ros_perception/share/ament_index/resource_index/packages/moveit_ros_perception
[262.891s] -- Installing: /home/kush/UR5_Project_New/src/install/moveit_ros_perception/share/ament_index/resource_index/moveit_ros_occupancy_map_monitor__pluginlib__plugin/moveit_ros_perception
[262.892s] -- Installing: /home/kush/UR5_Project_New/src/install/moveit_ros_perception/share/moveit_ros_perception/cmake/export_moveit_ros_perceptionExport.cmake
[262.894s] -- Installing: /home/kush/UR5_Project_New/src/install/moveit_ros_perception/share/moveit_ros_perception/cmake/export_moveit_ros_perceptionExport-release.cmake
[262.895s] -- Installing: /home/kush/UR5_Project_New/src/install/moveit_ros_perception/share/moveit_ros_perception/cmake/ConfigExtras.cmake
[262.895s] -- Installing: /home/kush/UR5_Project_New/src/install/moveit_ros_perception/share/moveit_ros_perception/cmake/ament_cmake_export_targets-extras.cmake
[262.896s] -- Installing: /home/kush/UR5_Project_New/src/install/moveit_ros_perception/share/moveit_ros_perception/cmake/ament_cmake_export_dependencies-extras.cmake
[262.897s] -- Installing: /home/kush/UR5_Project_New/src/install/moveit_ros_perception/share/moveit_ros_perception/cmake/moveit_ros_perceptionConfig.cmake
[262.898s] -- Installing: /home/kush/UR5_Project_New/src/install/moveit_ros_perception/share/moveit_ros_perception/cmake/moveit_ros_perceptionConfig-version.cmake
[262.899s] -- Installing: /home/kush/UR5_Project_New/src/install/moveit_ros_perception/share/moveit_ros_perception/package.xml
[262.912s] Invoked command in '/home/kush/UR5_Project_New/src/build/moveit_ros_perception' returned '0': AMENT_PREFIX_PATH=/home/kush/UR5_Project_New/src/install/moveit_ros_planning:/home/kush/UR5_Project_New/src/install/moveit_ros_occupancy_map_monitor:/home/kush/UR5_Project_New/src/install/moveit_core:/home/kush/UR5_Project_New/src/install/srdfdom:/home/kush/UR5_Project_New/src/install/moveit_common:${AMENT_PREFIX_PATH} CMAKE_PREFIX_PATH=/home/kush/UR5_Project_New/src/install/moveit_ros_planning:/home/kush/UR5_Project_New/src/install/moveit_ros_occupancy_map_monitor:/home/kush/UR5_Project_New/src/install/moveit_core:/home/kush/UR5_Project_New/src/install/srdfdom:/home/kush/UR5_Project_New/src/install/moveit_common:/opt/ros/humble LD_LIBRARY_PATH=/home/kush/UR5_Project_New/src/install/moveit_ros_planning/lib:/home/kush/UR5_Project_New/src/install/moveit_ros_occupancy_map_monitor/lib:/home/kush/UR5_Project_New/src/install/moveit_core/lib:/home/kush/UR5_Project_New/src/install/srdfdom/lib:${LD_LIBRARY_PATH} PATH=/home/kush/UR5_Project_New/src/install/moveit_core/bin:${PATH} PYTHONPATH=/home/kush/UR5_Project_New/src/install/srdfdom/local/lib/python3.10/dist-packages:${PYTHONPATH} /usr/bin/cmake --install /home/kush/UR5_Project_New/src/build/moveit_ros_perception
