[0.473s] Invoking command in '/home/kush/UR5_Project_New/build/moveit_setup_app_plugins': AMENT_PREFIX_PATH=/home/kush/UR5_Project_New/install/moveit_setup_framework:/home/kush/UR5_Project_New/install/moveit_ros_visualization:/home/kush/UR5_Project_New/install/moveit_ros_planning_interface:/home/kush/UR5_Project_New/install/moveit_ros_move_group:/home/kush/UR5_Project_New/install/moveit_ros_warehouse:/home/kush/UR5_Project_New/install/moveit_ros_robot_interaction:/home/kush/UR5_Project_New/install/moveit_kinematics:/home/kush/UR5_Project_New/install/moveit_ros_planning:/home/kush/UR5_Project_New/install/moveit_ros_occupancy_map_monitor:/home/kush/UR5_Project_New/install/moveit_core:/home/kush/UR5_Project_New/install/moveit_configs_utils:/home/kush/UR5_Project_New/install/srdfdom:/home/kush/UR5_Project_New/install/moveit_common:/home/kush/UR5_Project_New/install/launch_param_builder:${AMENT_PREFIX_PATH} CMAKE_PREFIX_PATH=/home/kush/UR5_Project_New/install/moveit_setup_framework:/home/kush/UR5_Project_New/install/moveit_ros_visualization:/home/kush/UR5_Project_New/install/moveit_ros_planning_interface:/home/kush/UR5_Project_New/install/moveit_ros_move_group:/home/kush/UR5_Project_New/install/moveit_ros_warehouse:/home/kush/UR5_Project_New/install/moveit_ros_robot_interaction:/home/kush/UR5_Project_New/install/moveit_kinematics:/home/kush/UR5_Project_New/install/moveit_ros_planning:/home/kush/UR5_Project_New/install/moveit_ros_occupancy_map_monitor:/home/kush/UR5_Project_New/install/moveit_core:/home/kush/UR5_Project_New/install/srdfdom:/home/kush/UR5_Project_New/install/moveit_common:/opt/ros/humble LD_LIBRARY_PATH=/home/kush/UR5_Project_New/install/moveit_setup_framework/lib:/home/kush/UR5_Project_New/install/moveit_ros_visualization/lib:/home/kush/UR5_Project_New/install/moveit_ros_planning_interface/lib:/home/kush/UR5_Project_New/install/moveit_ros_move_group/lib:/home/kush/UR5_Project_New/install/moveit_ros_warehouse/lib:/home/kush/UR5_Project_New/install/moveit_ros_robot_interaction/lib:/home/kush/UR5_Project_New/install/moveit_kinematics/lib:/home/kush/UR5_Project_New/install/moveit_ros_planning/lib:/home/kush/UR5_Project_New/install/moveit_ros_occupancy_map_monitor/lib:/home/kush/UR5_Project_New/install/moveit_core/lib:/home/kush/UR5_Project_New/install/srdfdom/lib:${LD_LIBRARY_PATH} PATH=/home/kush/UR5_Project_New/install/moveit_core/bin:${PATH} PYTHONPATH=/home/kush/UR5_Project_New/install/moveit_configs_utils/lib/python3.10/site-packages:/home/kush/UR5_Project_New/install/srdfdom/local/lib/python3.10/dist-packages:/home/kush/UR5_Project_New/install/launch_param_builder/lib/python3.10/site-packages:${PYTHONPATH} /usr/bin/cmake --build /home/kush/UR5_Project_New/build/moveit_setup_app_plugins -- -j4 -l4
[0.715s] [  4%] [34m[1mAutomatic MOC for target moveit_setup_app_plugins[0m
[0.814s] [  4%] Built target moveit_setup_app_plugins_autogen
[0.891s] [  8%] [34m[1mAutomatic MOC for target gtest[0m
[0.971s] [  8%] Built target gtest_autogen
[1.094s] [35m[1mConsolidate compiler generated dependencies of target moveit_setup_app_plugins[0m
[1.395s] [ 56%] Built target moveit_setup_app_plugins
[1.470s] [35m[1mConsolidate compiler generated dependencies of target gtest[0m
[1.572s] [ 68%] Built target gtest
[1.710s] [ 72%] [34m[1mAutomatic MOC for target gtest_main[0m
[1.815s] [ 72%] Built target gtest_main_autogen
[1.884s] [35m[1mConsolidate compiler generated dependencies of target gtest_main[0m
[1.947s] [ 84%] Built target gtest_main
[2.049s] [ 88%] [34m[1mAutomatic MOC for target test_perception[0m
[2.188s] [ 88%] Built target test_perception_autogen
[2.307s] [35m[1mConsolidate compiler generated dependencies of target test_perception[0m
[2.491s] [100%] Built target test_perception
[2.535s] Invoked command in '/home/kush/UR5_Project_New/build/moveit_setup_app_plugins' returned '0': AMENT_PREFIX_PATH=/home/kush/UR5_Project_New/install/moveit_setup_framework:/home/kush/UR5_Project_New/install/moveit_ros_visualization:/home/kush/UR5_Project_New/install/moveit_ros_planning_interface:/home/kush/UR5_Project_New/install/moveit_ros_move_group:/home/kush/UR5_Project_New/install/moveit_ros_warehouse:/home/kush/UR5_Project_New/install/moveit_ros_robot_interaction:/home/kush/UR5_Project_New/install/moveit_kinematics:/home/kush/UR5_Project_New/install/moveit_ros_planning:/home/kush/UR5_Project_New/install/moveit_ros_occupancy_map_monitor:/home/kush/UR5_Project_New/install/moveit_core:/home/kush/UR5_Project_New/install/moveit_configs_utils:/home/kush/UR5_Project_New/install/srdfdom:/home/kush/UR5_Project_New/install/moveit_common:/home/kush/UR5_Project_New/install/launch_param_builder:${AMENT_PREFIX_PATH} CMAKE_PREFIX_PATH=/home/kush/UR5_Project_New/install/moveit_setup_framework:/home/kush/UR5_Project_New/install/moveit_ros_visualization:/home/kush/UR5_Project_New/install/moveit_ros_planning_interface:/home/kush/UR5_Project_New/install/moveit_ros_move_group:/home/kush/UR5_Project_New/install/moveit_ros_warehouse:/home/kush/UR5_Project_New/install/moveit_ros_robot_interaction:/home/kush/UR5_Project_New/install/moveit_kinematics:/home/kush/UR5_Project_New/install/moveit_ros_planning:/home/kush/UR5_Project_New/install/moveit_ros_occupancy_map_monitor:/home/kush/UR5_Project_New/install/moveit_core:/home/kush/UR5_Project_New/install/srdfdom:/home/kush/UR5_Project_New/install/moveit_common:/opt/ros/humble LD_LIBRARY_PATH=/home/kush/UR5_Project_New/install/moveit_setup_framework/lib:/home/kush/UR5_Project_New/install/moveit_ros_visualization/lib:/home/kush/UR5_Project_New/install/moveit_ros_planning_interface/lib:/home/kush/UR5_Project_New/install/moveit_ros_move_group/lib:/home/kush/UR5_Project_New/install/moveit_ros_warehouse/lib:/home/kush/UR5_Project_New/install/moveit_ros_robot_interaction/lib:/home/kush/UR5_Project_New/install/moveit_kinematics/lib:/home/kush/UR5_Project_New/install/moveit_ros_planning/lib:/home/kush/UR5_Project_New/install/moveit_ros_occupancy_map_monitor/lib:/home/kush/UR5_Project_New/install/moveit_core/lib:/home/kush/UR5_Project_New/install/srdfdom/lib:${LD_LIBRARY_PATH} PATH=/home/kush/UR5_Project_New/install/moveit_core/bin:${PATH} PYTHONPATH=/home/kush/UR5_Project_New/install/moveit_configs_utils/lib/python3.10/site-packages:/home/kush/UR5_Project_New/install/srdfdom/local/lib/python3.10/dist-packages:/home/kush/UR5_Project_New/install/launch_param_builder/lib/python3.10/site-packages:${PYTHONPATH} /usr/bin/cmake --build /home/kush/UR5_Project_New/build/moveit_setup_app_plugins -- -j4 -l4
[3.287s] Invoking command in '/home/kush/UR5_Project_New/build/moveit_setup_app_plugins': AMENT_PREFIX_PATH=/home/kush/UR5_Project_New/install/moveit_setup_framework:/home/kush/UR5_Project_New/install/moveit_ros_visualization:/home/kush/UR5_Project_New/install/moveit_ros_planning_interface:/home/kush/UR5_Project_New/install/moveit_ros_move_group:/home/kush/UR5_Project_New/install/moveit_ros_warehouse:/home/kush/UR5_Project_New/install/moveit_ros_robot_interaction:/home/kush/UR5_Project_New/install/moveit_kinematics:/home/kush/UR5_Project_New/install/moveit_ros_planning:/home/kush/UR5_Project_New/install/moveit_ros_occupancy_map_monitor:/home/kush/UR5_Project_New/install/moveit_core:/home/kush/UR5_Project_New/install/moveit_configs_utils:/home/kush/UR5_Project_New/install/srdfdom:/home/kush/UR5_Project_New/install/moveit_common:/home/kush/UR5_Project_New/install/launch_param_builder:${AMENT_PREFIX_PATH} CMAKE_PREFIX_PATH=/home/kush/UR5_Project_New/install/moveit_setup_framework:/home/kush/UR5_Project_New/install/moveit_ros_visualization:/home/kush/UR5_Project_New/install/moveit_ros_planning_interface:/home/kush/UR5_Project_New/install/moveit_ros_move_group:/home/kush/UR5_Project_New/install/moveit_ros_warehouse:/home/kush/UR5_Project_New/install/moveit_ros_robot_interaction:/home/kush/UR5_Project_New/install/moveit_kinematics:/home/kush/UR5_Project_New/install/moveit_ros_planning:/home/kush/UR5_Project_New/install/moveit_ros_occupancy_map_monitor:/home/kush/UR5_Project_New/install/moveit_core:/home/kush/UR5_Project_New/install/srdfdom:/home/kush/UR5_Project_New/install/moveit_common:/opt/ros/humble LD_LIBRARY_PATH=/home/kush/UR5_Project_New/install/moveit_setup_framework/lib:/home/kush/UR5_Project_New/install/moveit_ros_visualization/lib:/home/kush/UR5_Project_New/install/moveit_ros_planning_interface/lib:/home/kush/UR5_Project_New/install/moveit_ros_move_group/lib:/home/kush/UR5_Project_New/install/moveit_ros_warehouse/lib:/home/kush/UR5_Project_New/install/moveit_ros_robot_interaction/lib:/home/kush/UR5_Project_New/install/moveit_kinematics/lib:/home/kush/UR5_Project_New/install/moveit_ros_planning/lib:/home/kush/UR5_Project_New/install/moveit_ros_occupancy_map_monitor/lib:/home/kush/UR5_Project_New/install/moveit_core/lib:/home/kush/UR5_Project_New/install/srdfdom/lib:${LD_LIBRARY_PATH} PATH=/home/kush/UR5_Project_New/install/moveit_core/bin:${PATH} PYTHONPATH=/home/kush/UR5_Project_New/install/moveit_configs_utils/lib/python3.10/site-packages:/home/kush/UR5_Project_New/install/srdfdom/local/lib/python3.10/dist-packages:/home/kush/UR5_Project_New/install/launch_param_builder/lib/python3.10/site-packages:${PYTHONPATH} /usr/bin/cmake --install /home/kush/UR5_Project_New/build/moveit_setup_app_plugins
[3.335s] -- Install configuration: "Release"
[3.336s] -- Up-to-date: /home/kush/UR5_Project_New/install/moveit_setup_app_plugins/share/moveit_setup_app_plugins/templates
[3.337s] -- Up-to-date: /home/kush/UR5_Project_New/install/moveit_setup_app_plugins/share/moveit_setup_app_plugins/templates/launch
[3.337s] -- Up-to-date: /home/kush/UR5_Project_New/install/moveit_setup_app_plugins/share/moveit_setup_app_plugins/templates/launch/generic.launch.py.template
[3.337s] -- Up-to-date: /home/kush/UR5_Project_New/install/moveit_setup_app_plugins/share/moveit_setup_app_plugins/templates/config
[3.338s] -- Up-to-date: /home/kush/UR5_Project_New/install/moveit_setup_app_plugins/share/moveit_setup_app_plugins/templates/config/sensors_3d.yaml
[3.338s] -- Up-to-date: /home/kush/UR5_Project_New/install/moveit_setup_app_plugins/share/moveit_setup_app_plugins/templates/config/moveit.rviz
[3.339s] -- Up-to-date: /home/kush/UR5_Project_New/install/moveit_setup_app_plugins/lib/libmoveit_setup_app_plugins.so
[3.340s] -- Up-to-date: /home/kush/UR5_Project_New/install/moveit_setup_app_plugins/share/moveit_setup_app_plugins/moveit_setup_framework_plugins.xml
[3.340s] -- Up-to-date: /home/kush/UR5_Project_New/install/moveit_setup_app_plugins/include
[3.340s] -- Up-to-date: /home/kush/UR5_Project_New/install/moveit_setup_app_plugins/include/moveit_setup_app_plugins
[3.341s] -- Up-to-date: /home/kush/UR5_Project_New/install/moveit_setup_app_plugins/include/moveit_setup_app_plugins/launches_config.hpp
[3.341s] -- Up-to-date: /home/kush/UR5_Project_New/install/moveit_setup_app_plugins/include/moveit_setup_app_plugins/perception_config.hpp
[3.341s] -- Up-to-date: /home/kush/UR5_Project_New/install/moveit_setup_app_plugins/include/moveit_setup_app_plugins/perception_widget.hpp
[3.342s] -- Up-to-date: /home/kush/UR5_Project_New/install/moveit_setup_app_plugins/include/moveit_setup_app_plugins/perception.hpp
[3.342s] -- Up-to-date: /home/kush/UR5_Project_New/install/moveit_setup_app_plugins/include/moveit_setup_app_plugins/launches_widget.hpp
[3.342s] -- Up-to-date: /home/kush/UR5_Project_New/install/moveit_setup_app_plugins/include/moveit_setup_app_plugins/launch_bundle.hpp
[3.343s] -- Up-to-date: /home/kush/UR5_Project_New/install/moveit_setup_app_plugins/include/moveit_setup_app_plugins/launches.hpp
[3.343s] -- Up-to-date: /home/kush/UR5_Project_New/install/moveit_setup_app_plugins/share/moveit_setup_app_plugins/environment/library_path.sh
[3.351s] -- Up-to-date: /home/kush/UR5_Project_New/install/moveit_setup_app_plugins/share/moveit_setup_app_plugins/environment/library_path.dsv
[3.352s] -- Up-to-date: /home/kush/UR5_Project_New/install/moveit_setup_app_plugins/share/moveit_setup_app_plugins/moveit_setup_framework_plugins.xml
[3.352s] -- Up-to-date: /home/kush/UR5_Project_New/install/moveit_setup_app_plugins/share/ament_index/resource_index/package_run_dependencies/moveit_setup_app_plugins
[3.353s] -- Up-to-date: /home/kush/UR5_Project_New/install/moveit_setup_app_plugins/share/ament_index/resource_index/parent_prefix_path/moveit_setup_app_plugins
[3.353s] -- Up-to-date: /home/kush/UR5_Project_New/install/moveit_setup_app_plugins/share/moveit_setup_app_plugins/environment/ament_prefix_path.sh
[3.353s] -- Up-to-date: /home/kush/UR5_Project_New/install/moveit_setup_app_plugins/share/moveit_setup_app_plugins/environment/ament_prefix_path.dsv
[3.354s] -- Up-to-date: /home/kush/UR5_Project_New/install/moveit_setup_app_plugins/share/moveit_setup_app_plugins/environment/path.sh
[3.355s] -- Up-to-date: /home/kush/UR5_Project_New/install/moveit_setup_app_plugins/share/moveit_setup_app_plugins/environment/path.dsv
[3.355s] -- Up-to-date: /home/kush/UR5_Project_New/install/moveit_setup_app_plugins/share/moveit_setup_app_plugins/local_setup.bash
[3.355s] -- Up-to-date: /home/kush/UR5_Project_New/install/moveit_setup_app_plugins/share/moveit_setup_app_plugins/local_setup.sh
[3.356s] -- Up-to-date: /home/kush/UR5_Project_New/install/moveit_setup_app_plugins/share/moveit_setup_app_plugins/local_setup.zsh
[3.356s] -- Up-to-date: /home/kush/UR5_Project_New/install/moveit_setup_app_plugins/share/moveit_setup_app_plugins/local_setup.dsv
[3.356s] -- Installing: /home/kush/UR5_Project_New/install/moveit_setup_app_plugins/share/moveit_setup_app_plugins/package.dsv
[3.357s] -- Up-to-date: /home/kush/UR5_Project_New/install/moveit_setup_app_plugins/share/ament_index/resource_index/packages/moveit_setup_app_plugins
[3.357s] -- Up-to-date: /home/kush/UR5_Project_New/install/moveit_setup_app_plugins/share/ament_index/resource_index/moveit_setup_framework__pluginlib__plugin/moveit_setup_app_plugins
[3.358s] -- Up-to-date: /home/kush/UR5_Project_New/install/moveit_setup_app_plugins/share/moveit_setup_app_plugins/cmake/export_moveit_setup_app_pluginsExport.cmake
[3.358s] -- Up-to-date: /home/kush/UR5_Project_New/install/moveit_setup_app_plugins/share/moveit_setup_app_plugins/cmake/export_moveit_setup_app_pluginsExport-release.cmake
[3.359s] -- Up-to-date: /home/kush/UR5_Project_New/install/moveit_setup_app_plugins/share/moveit_setup_app_plugins/cmake/ament_cmake_export_include_directories-extras.cmake
[3.359s] -- Up-to-date: /home/kush/UR5_Project_New/install/moveit_setup_app_plugins/share/moveit_setup_app_plugins/cmake/ament_cmake_export_libraries-extras.cmake
[3.360s] -- Up-to-date: /home/kush/UR5_Project_New/install/moveit_setup_app_plugins/share/moveit_setup_app_plugins/cmake/ament_cmake_export_targets-extras.cmake
[3.360s] -- Up-to-date: /home/kush/UR5_Project_New/install/moveit_setup_app_plugins/share/moveit_setup_app_plugins/cmake/moveit_setup_app_pluginsConfig.cmake
[3.360s] -- Up-to-date: /home/kush/UR5_Project_New/install/moveit_setup_app_plugins/share/moveit_setup_app_plugins/cmake/moveit_setup_app_pluginsConfig-version.cmake
[3.361s] -- Up-to-date: /home/kush/UR5_Project_New/install/moveit_setup_app_plugins/share/moveit_setup_app_plugins/package.xml
[3.370s] Invoked command in '/home/kush/UR5_Project_New/build/moveit_setup_app_plugins' returned '0': AMENT_PREFIX_PATH=/home/kush/UR5_Project_New/install/moveit_setup_framework:/home/kush/UR5_Project_New/install/moveit_ros_visualization:/home/kush/UR5_Project_New/install/moveit_ros_planning_interface:/home/kush/UR5_Project_New/install/moveit_ros_move_group:/home/kush/UR5_Project_New/install/moveit_ros_warehouse:/home/kush/UR5_Project_New/install/moveit_ros_robot_interaction:/home/kush/UR5_Project_New/install/moveit_kinematics:/home/kush/UR5_Project_New/install/moveit_ros_planning:/home/kush/UR5_Project_New/install/moveit_ros_occupancy_map_monitor:/home/kush/UR5_Project_New/install/moveit_core:/home/kush/UR5_Project_New/install/moveit_configs_utils:/home/kush/UR5_Project_New/install/srdfdom:/home/kush/UR5_Project_New/install/moveit_common:/home/kush/UR5_Project_New/install/launch_param_builder:${AMENT_PREFIX_PATH} CMAKE_PREFIX_PATH=/home/kush/UR5_Project_New/install/moveit_setup_framework:/home/kush/UR5_Project_New/install/moveit_ros_visualization:/home/kush/UR5_Project_New/install/moveit_ros_planning_interface:/home/kush/UR5_Project_New/install/moveit_ros_move_group:/home/kush/UR5_Project_New/install/moveit_ros_warehouse:/home/kush/UR5_Project_New/install/moveit_ros_robot_interaction:/home/kush/UR5_Project_New/install/moveit_kinematics:/home/kush/UR5_Project_New/install/moveit_ros_planning:/home/kush/UR5_Project_New/install/moveit_ros_occupancy_map_monitor:/home/kush/UR5_Project_New/install/moveit_core:/home/kush/UR5_Project_New/install/srdfdom:/home/kush/UR5_Project_New/install/moveit_common:/opt/ros/humble LD_LIBRARY_PATH=/home/kush/UR5_Project_New/install/moveit_setup_framework/lib:/home/kush/UR5_Project_New/install/moveit_ros_visualization/lib:/home/kush/UR5_Project_New/install/moveit_ros_planning_interface/lib:/home/kush/UR5_Project_New/install/moveit_ros_move_group/lib:/home/kush/UR5_Project_New/install/moveit_ros_warehouse/lib:/home/kush/UR5_Project_New/install/moveit_ros_robot_interaction/lib:/home/kush/UR5_Project_New/install/moveit_kinematics/lib:/home/kush/UR5_Project_New/install/moveit_ros_planning/lib:/home/kush/UR5_Project_New/install/moveit_ros_occupancy_map_monitor/lib:/home/kush/UR5_Project_New/install/moveit_core/lib:/home/kush/UR5_Project_New/install/srdfdom/lib:${LD_LIBRARY_PATH} PATH=/home/kush/UR5_Project_New/install/moveit_core/bin:${PATH} PYTHONPATH=/home/kush/UR5_Project_New/install/moveit_configs_utils/lib/python3.10/site-packages:/home/kush/UR5_Project_New/install/srdfdom/local/lib/python3.10/dist-packages:/home/kush/UR5_Project_New/install/launch_param_builder/lib/python3.10/site-packages:${PYTHONPATH} /usr/bin/cmake --install /home/kush/UR5_Project_New/build/moveit_setup_app_plugins
