[0.103s] Invoking command in '/home/kush/UR5_Project_New/build/srdfdom': CMAKE_PREFIX_PATH=${CMAKE_PREFIX_PATH}:/home/kush/ws_moveit2_ur5/install/moveit_configs_utils:/home/kush/ws_moveit2_ur5/install/launch_param_builder:/opt/ros/humble /usr/bin/cmake /home/kush/UR5_Project_New/src/srdfdom -DCMAKE_BUILD_TYPE=Release -DCMAKE_INSTALL_PREFIX=/home/kush/UR5_Project_New/install/srdfdom
[0.893s] -- The CXX compiler identification is GNU 11.4.0
[0.893s] -- Detecting CXX compiler ABI info
[0.893s] -- Detecting CXX compiler ABI info - done
[0.893s] -- Check for working CXX compiler: /usr/bin/c++ - skipped
[0.894s] -- Detecting CXX compile features
[0.894s] -- Detecting CXX compile features - done
[0.894s] -- Found Boost: /usr/lib/x86_64-linux-gnu/cmake/Boost-1.74.0/BoostConfig.cmake (found version "1.74.0")  
[0.894s] -- Found ament_cmake: 1.3.5 (/opt/ros/humble/share/ament_cmake/cmake)
[1.354s] -- Found Python3: /usr/bin/python3.10 (found version "3.10.12") found components: Interpreter 
[1.865s] -- Found urdf: 2.6.0 (/opt/ros/humble/share/urdf/cmake)
[2.242s] -- Found TinyXML2: /usr/lib/x86_64-linux-gnu/libtinyxml2.so  
[2.608s] -- Found ament_cmake_gtest: 1.3.5 (/opt/ros/humble/share/ament_cmake_gtest/cmake)
[2.639s] -- Found ament_cmake_pytest: 1.3.5 (/opt/ros/humble/share/ament_cmake_pytest/cmake)
[3.652s] -- Found gtest sources under '/opt/ros/humble/src/gtest_vendor': C++ tests using 'Google Test' will be built
[3.786s] -- The C compiler identification is GNU 11.4.0
[3.808s] -- Detecting C compiler ABI info
[4.452s] -- Detecting C compiler ABI info - done
[4.504s] -- Check for working C compiler: /usr/bin/cc - skipped
[4.504s] -- Detecting C compile features
[4.505s] -- Detecting C compile features - done
[4.545s] -- Looking for C++ include pthread.h
[4.956s] -- Looking for C++ include pthread.h - found
[4.957s] -- Performing Test CMAKE_HAVE_LIBC_PTHREAD
[5.259s] -- Performing Test CMAKE_HAVE_LIBC_PTHREAD - Success
[5.262s] -- Found Threads: TRUE  
[5.300s] -- Found ament_lint_auto: 0.12.7 (/opt/ros/humble/share/ament_lint_auto/cmake)
[5.392s] -- Configuring done
[5.488s] -- Generating done
[5.503s] -- Build files have been written to: /home/kush/UR5_Project_New/build/srdfdom
[5.530s] Invoked command in '/home/kush/UR5_Project_New/build/srdfdom' returned '0': CMAKE_PREFIX_PATH=${CMAKE_PREFIX_PATH}:/home/kush/ws_moveit2_ur5/install/moveit_configs_utils:/home/kush/ws_moveit2_ur5/install/launch_param_builder:/opt/ros/humble /usr/bin/cmake /home/kush/UR5_Project_New/src/srdfdom -DCMAKE_BUILD_TYPE=Release -DCMAKE_INSTALL_PREFIX=/home/kush/UR5_Project_New/install/srdfdom
[5.531s] Invoking command in '/home/kush/UR5_Project_New/build/srdfdom': CMAKE_PREFIX_PATH=${CMAKE_PREFIX_PATH}:/home/kush/ws_moveit2_ur5/install/moveit_configs_utils:/home/kush/ws_moveit2_ur5/install/launch_param_builder:/opt/ros/humble /usr/bin/cmake --build /home/kush/UR5_Project_New/build/srdfdom -- -j4 -l4
[5.764s] [  9%] [32mBuilding CXX object CMakeFiles/srdfdom.dir/src/model.cpp.o[0m
[16.120s] [ 18%] [32mBuilding CXX object CMakeFiles/srdfdom.dir/src/srdf_writer.cpp.o[0m
[25.402s] [ 27%] [32m[1mLinking CXX shared library libsrdfdom.so[0m
[25.820s] [ 27%] Built target srdfdom
[25.915s] [ 36%] [32mBuilding CXX object gtest/CMakeFiles/gtest_main.dir/src/gtest_main.cc.o[0m
[27.964s] [ 45%] [32m[1mLinking CXX static library libgtest_main.a[0m
[28.309s] [ 45%] Built target gtest_main
[28.392s] [ 54%] [32mBuilding CXX object gtest/CMakeFiles/gtest.dir/src/gtest-all.cc.o[0m
[53.522s] [ 63%] [32m[1mLinking CXX static library libgtest.a[0m
[53.707s] [ 63%] Built target gtest
[53.823s] [ 63%] Built target ament_cmake_python_copy_srdfdom
[54.031s] [ 72%] [32mBuilding CXX object CMakeFiles/test_cpp_nl_NL.UTF-8.dir/test/test_parser.cpp.o[0m
[61.039s] [ 81%] [32m[1mLinking CXX executable test_cpp_nl_NL.UTF-8[0m
[61.328s] [ 81%] Built target test_cpp_nl_NL.UTF-8
[62.097s] running egg_info
[62.098s] creating srdfdom.egg-info
[62.099s] writing srdfdom.egg-info/PKG-INFO
[62.099s] writing dependency_links to srdfdom.egg-info/dependency_links.txt
[62.100s] writing top-level names to srdfdom.egg-info/top_level.txt
[62.100s] writing manifest file 'srdfdom.egg-info/SOURCES.txt'
[62.106s] reading manifest file 'srdfdom.egg-info/SOURCES.txt'
[62.107s] writing manifest file 'srdfdom.egg-info/SOURCES.txt'
[62.193s] [ 81%] Built target ament_cmake_python_build_srdfdom_egg
[62.264s] [ 90%] [32mBuilding CXX object CMakeFiles/test_cpp_C.dir/test/test_parser.cpp.o[0m
[69.640s] [100%] [32m[1mLinking CXX executable test_cpp_C[0m
[69.920s] [100%] Built target test_cpp_C
[69.956s] Invoked command in '/home/kush/UR5_Project_New/build/srdfdom' returned '0': CMAKE_PREFIX_PATH=${CMAKE_PREFIX_PATH}:/home/kush/ws_moveit2_ur5/install/moveit_configs_utils:/home/kush/ws_moveit2_ur5/install/launch_param_builder:/opt/ros/humble /usr/bin/cmake --build /home/kush/UR5_Project_New/build/srdfdom -- -j4 -l4
[70.124s] Invoking command in '/home/kush/UR5_Project_New/build/srdfdom': CMAKE_PREFIX_PATH=${CMAKE_PREFIX_PATH}:/home/kush/ws_moveit2_ur5/install/moveit_configs_utils:/home/kush/ws_moveit2_ur5/install/launch_param_builder:/opt/ros/humble /usr/bin/cmake --install /home/kush/UR5_Project_New/build/srdfdom
[70.150s] -- Install configuration: "Release"
[70.150s] -- Installing: /home/kush/UR5_Project_New/install/srdfdom/lib/libsrdfdom.so.2.0.4
[70.161s] -- Set runtime path of "/home/kush/UR5_Project_New/install/srdfdom/lib/libsrdfdom.so.2.0.4" to ""
[70.162s] -- Installing: /home/kush/UR5_Project_New/install/srdfdom/lib/libsrdfdom.so
[70.163s] -- Installing: /home/kush/UR5_Project_New/install/srdfdom/include/srdfdom
[70.164s] -- Installing: /home/kush/UR5_Project_New/install/srdfdom/include/srdfdom/visibility_control.h
[70.166s] -- Installing: /home/kush/UR5_Project_New/install/srdfdom/include/srdfdom/model.h
[70.168s] -- Installing: /home/kush/UR5_Project_New/install/srdfdom/include/srdfdom/srdf_writer.h
[70.170s] -- Installing: /home/kush/UR5_Project_New/install/srdfdom/lib/srdfdom/display_srdf
[70.179s] -- Installing: /home/kush/UR5_Project_New/install/srdfdom/share/srdfdom/environment/pythonpath.sh
[70.180s] -- Installing: /home/kush/UR5_Project_New/install/srdfdom/share/srdfdom/environment/pythonpath.dsv
[70.181s] -- Installing: /home/kush/UR5_Project_New/install/srdfdom/local/lib/python3.10/dist-packages/srdfdom-2.0.4-py3.10.egg-info
[70.182s] -- Installing: /home/kush/UR5_Project_New/install/srdfdom/local/lib/python3.10/dist-packages/srdfdom-2.0.4-py3.10.egg-info/SOURCES.txt
[70.182s] -- Installing: /home/kush/UR5_Project_New/install/srdfdom/local/lib/python3.10/dist-packages/srdfdom-2.0.4-py3.10.egg-info/dependency_links.txt
[70.183s] -- Installing: /home/kush/UR5_Project_New/install/srdfdom/local/lib/python3.10/dist-packages/srdfdom-2.0.4-py3.10.egg-info/PKG-INFO
[70.184s] -- Installing: /home/kush/UR5_Project_New/install/srdfdom/local/lib/python3.10/dist-packages/srdfdom-2.0.4-py3.10.egg-info/top_level.txt
[70.184s] -- Installing: /home/kush/UR5_Project_New/install/srdfdom/local/lib/python3.10/dist-packages/srdfdom
[70.185s] -- Installing: /home/kush/UR5_Project_New/install/srdfdom/local/lib/python3.10/dist-packages/srdfdom/__init__.py
[70.186s] -- Installing: /home/kush/UR5_Project_New/install/srdfdom/local/lib/python3.10/dist-packages/srdfdom/srdf.py
[70.345s] Listing '/home/kush/UR5_Project_New/install/srdfdom/local/lib/python3.10/dist-packages/srdfdom'...
[70.345s] Compiling '/home/kush/UR5_Project_New/install/srdfdom/local/lib/python3.10/dist-packages/srdfdom/__init__.py'...
[70.345s] Compiling '/home/kush/UR5_Project_New/install/srdfdom/local/lib/python3.10/dist-packages/srdfdom/srdf.py'...
[70.361s] -- Installing: /home/kush/UR5_Project_New/install/srdfdom/share/srdfdom/environment/library_path.sh
[70.362s] -- Installing: /home/kush/UR5_Project_New/install/srdfdom/share/srdfdom/environment/library_path.dsv
[70.363s] -- Installing: /home/kush/UR5_Project_New/install/srdfdom/share/ament_index/resource_index/package_run_dependencies/srdfdom
[70.364s] -- Installing: /home/kush/UR5_Project_New/install/srdfdom/share/ament_index/resource_index/parent_prefix_path/srdfdom
[70.365s] -- Installing: /home/kush/UR5_Project_New/install/srdfdom/share/srdfdom/environment/ament_prefix_path.sh
[70.366s] -- Installing: /home/kush/UR5_Project_New/install/srdfdom/share/srdfdom/environment/ament_prefix_path.dsv
[70.367s] -- Installing: /home/kush/UR5_Project_New/install/srdfdom/share/srdfdom/environment/path.sh
[70.367s] -- Installing: /home/kush/UR5_Project_New/install/srdfdom/share/srdfdom/environment/path.dsv
[70.368s] -- Installing: /home/kush/UR5_Project_New/install/srdfdom/share/srdfdom/local_setup.bash
[70.369s] -- Installing: /home/kush/UR5_Project_New/install/srdfdom/share/srdfdom/local_setup.sh
[70.370s] -- Installing: /home/kush/UR5_Project_New/install/srdfdom/share/srdfdom/local_setup.zsh
[70.371s] -- Installing: /home/kush/UR5_Project_New/install/srdfdom/share/srdfdom/local_setup.dsv
[70.371s] -- Installing: /home/kush/UR5_Project_New/install/srdfdom/share/srdfdom/package.dsv
[70.372s] -- Installing: /home/kush/UR5_Project_New/install/srdfdom/share/ament_index/resource_index/packages/srdfdom
[70.373s] -- Installing: /home/kush/UR5_Project_New/install/srdfdom/share/srdfdom/cmake/srdfdomTargetsExport.cmake
[70.374s] -- Installing: /home/kush/UR5_Project_New/install/srdfdom/share/srdfdom/cmake/srdfdomTargetsExport-release.cmake
[70.375s] -- Installing: /home/kush/UR5_Project_New/install/srdfdom/share/srdfdom/cmake/ament_cmake_export_targets-extras.cmake
[70.375s] -- Installing: /home/kush/UR5_Project_New/install/srdfdom/share/srdfdom/cmake/ament_cmake_export_dependencies-extras.cmake
[70.376s] -- Installing: /home/kush/UR5_Project_New/install/srdfdom/share/srdfdom/cmake/srdfdomConfig.cmake
[70.377s] -- Installing: /home/kush/UR5_Project_New/install/srdfdom/share/srdfdom/cmake/srdfdomConfig-version.cmake
[70.378s] -- Installing: /home/kush/UR5_Project_New/install/srdfdom/share/srdfdom/package.xml
[70.401s] Invoked command in '/home/kush/UR5_Project_New/build/srdfdom' returned '0': CMAKE_PREFIX_PATH=${CMAKE_PREFIX_PATH}:/home/kush/ws_moveit2_ur5/install/moveit_configs_utils:/home/kush/ws_moveit2_ur5/install/launch_param_builder:/opt/ros/humble /usr/bin/cmake --install /home/kush/UR5_Project_New/build/srdfdom
