[0.130s] Invoking command in '/home/kush/UR5_Project_New/build/moveit_visual_tools': AMENT_PREFIX_PATH=/home/kush/UR5_Project_New/install/moveit_ros_planning:/home/kush/UR5_Project_New/install/moveit_ros_occupancy_map_monitor:/home/kush/UR5_Project_New/install/moveit_core:/home/kush/UR5_Project_New/install/srdfdom:/home/kush/UR5_Project_New/install/moveit_common:${AMENT_PREFIX_PATH} CMAKE_PREFIX_PATH=/home/kush/UR5_Project_New/install/moveit_ros_planning:/home/kush/UR5_Project_New/install/moveit_ros_occupancy_map_monitor:/home/kush/UR5_Project_New/install/moveit_core:/home/kush/UR5_Project_New/install/srdfdom:/home/kush/UR5_Project_New/install/moveit_common:/opt/ros/humble LD_LIBRARY_PATH=/home/kush/UR5_Project_New/install/moveit_ros_planning/lib:/home/kush/UR5_Project_New/install/moveit_ros_occupancy_map_monitor/lib:/home/kush/UR5_Project_New/install/moveit_core/lib:/home/kush/UR5_Project_New/install/srdfdom/lib:${LD_LIBRARY_PATH} PATH=/home/kush/UR5_Project_New/install/moveit_core/bin:${PATH} PYTHONPATH=/home/kush/UR5_Project_New/install/srdfdom/local/lib/python3.10/dist-packages:${PYTHONPATH} /usr/bin/cmake /home/kush/UR5_Project_New/src/moveit_visual_tools -DCMAKE_INSTALL_PREFIX=/home/kush/UR5_Project_New/install/moveit_visual_tools
[0.349s] -- Found moveit_common: 2.5.4 (/home/kush/UR5_Project_New/install/moveit_common/share/moveit_common/cmake)
[0.349s] -- Found ament_cmake: 1.3.5 (/opt/ros/humble/share/ament_cmake/cmake)
[1.526s] -- Could NOT find libbfd (missing: LIBBFD_LIBRARY LIBBFD_INCLUDE_DIR) 
[1.526s] -- BACKWARD_HAS_UNWIND=1
[1.526s] -- BACKWARD_HAS_BACKTRACE=0
[1.529s] -- BACKWARD_HAS_BACKTRACE_SYMBOL=0
[1.529s] -- BACKWARD_HAS_DW=1
[1.529s] -- BACKWARD_HAS_BFD=0
[1.531s] -- Found Backward: /opt/ros/humble/share/backward_ros/cmake  
[1.560s] -- Found Boost: /usr/lib/x86_64-linux-gnu/cmake/Boost-1.74.0/BoostConfig.cmake (found version "1.74.0") found components: system 
[1.560s] -- Found geometry_msgs: 4.2.3 (/opt/ros/humble/share/geometry_msgs/cmake)
[1.620s] -- Found rosidl_generator_c: 3.1.5 (/opt/ros/humble/share/rosidl_generator_c/cmake)
[1.627s] -- Found rosidl_adapter: 3.1.5 (/opt/ros/humble/share/rosidl_adapter/cmake)
[1.642s] -- Found rosidl_generator_cpp: 3.1.5 (/opt/ros/humble/share/rosidl_generator_cpp/cmake)
[1.673s] -- Using all available rosidl_typesupport_c: rosidl_typesupport_fastrtps_c;rosidl_typesupport_introspection_c
[1.716s] -- Using all available rosidl_typesupport_cpp: rosidl_typesupport_fastrtps_cpp;rosidl_typesupport_introspection_cpp
[2.181s] -- Found graph_msgs: 0.2.0 (/opt/ros/humble/share/graph_msgs/cmake)
[2.667s] -- Found moveit_core: 2.5.4 (/home/kush/UR5_Project_New/install/moveit_core/share/moveit_core/cmake)
[2.755s] -- Found Boost: /usr/lib/x86_64-linux-gnu/cmake/Boost-1.74.0/BoostConfig.cmake (found version "1.74.0") found components: chrono date_time filesystem iostreams program_options regex serialization system thread 
[2.777s] -- Found parameter_traits: 0.3.3 (/opt/ros/humble/share/parameter_traits/cmake)
[2.933s] -- Found rmw_implementation_cmake: 6.1.1 (/opt/ros/humble/share/rmw_implementation_cmake/cmake)
[2.937s] -- Found rmw_fastrtps_cpp: 6.2.3 (/opt/ros/humble/share/rmw_fastrtps_cpp/cmake)
[3.205s] -- Using RMW implementation 'rmw_fastrtps_cpp' as default
[3.707s] -- Found rclcpp_lifecycle: 16.0.5 (/opt/ros/humble/share/rclcpp_lifecycle/cmake)
[3.864s] -- Found Boost: /usr/lib/x86_64-linux-gnu/cmake/Boost-1.74.0/BoostConfig.cmake (found version "1.74.0") found components: filesystem 
[3.990s] -- library: /usr/lib/x86_64-linux-gnu/libcurl.so
[4.869s] -- Ensuring Eigen3 include directory is part of orocos-kdl CMake target
[7.582s] -- Found moveit_ros_planning: 2.5.4 (/home/kush/UR5_Project_New/install/moveit_ros_planning/share/moveit_ros_planning/cmake)
[7.590s] -- Found Boost: /usr/lib/x86_64-linux-gnu/cmake/Boost-1.74.0/BoostConfig.cmake (found version "1.74.0") found components: system filesystem date_time program_options thread chrono 
[8.623s] -- Found rviz_visual_tools: 4.1.4 (/opt/ros/humble/share/rviz_visual_tools/cmake)
[9.671s] -- Setting OGRE_DIR to: '/opt/ros/humble/share/rviz_ogre_vendor/cmake/../../../opt/rviz_ogre_vendor/lib/OGRE/cmake'
[9.832s] -- Found OGRE
[9.833s] --   static     : OFF
[9.833s] --   components : HLMS;MeshLodGenerator;Overlay;Paging;Property;RTShaderSystem;Terrain;Volume
[9.833s] --   plugins    : Plugin_BSPSceneManager;Plugin_OctreeSceneManager;Plugin_PCZSceneManager;Plugin_ParticleFX;RenderSystem_GL;RenderSystem_GL3Plus;Codec_STBI
[9.833s] --   media      : /opt/ros/humble/opt/rviz_ogre_vendor/share/OGRE/Media
[9.833s] -- OGRE_LIBRARIES: OgreHLMS;OgreMeshLodGenerator;OgreOverlay;OgrePaging;OgreProperty;OgreRTShaderSystem;OgreTerrain;OgreVolume;OgreMain
[9.834s] -- OGRE_LIBRARY_DIRS: /opt/ros/humble/opt/rviz_ogre_vendor/lib
[9.834s] -- OGRE_PLUGINS: Plugin_BSPSceneManager;Plugin_OctreeSceneManager;Plugin_PCZSceneManager;Plugin_ParticleFX;RenderSystem_GL;RenderSystem_GL3Plus;Codec_STBI
[9.834s] -- OGRE_PLUGIN_DIR: /opt/ros/humble/opt/rviz_ogre_vendor/lib/OGRE
[9.834s] -- rviz_ogre_vendor::OgreOverlay for IMPORTED_LOCATION_RELEASE: /opt/ros/humble/opt/rviz_ogre_vendor/lib/libOgreOverlay.so
[9.834s] -- rviz_ogre_vendor::OgreOverlay for IMPORTED_LOCATION_DEBUG: /opt/ros/humble/opt/rviz_ogre_vendor/lib/libOgreOverlay.so
[9.835s] -- rviz_ogre_vendor::OgreMain for IMPORTED_LOCATION_RELEASE: /opt/ros/humble/opt/rviz_ogre_vendor/lib/libOgreMain.so
[9.835s] -- rviz_ogre_vendor::OgreMain for IMPORTED_LOCATION_DEBUG: /opt/ros/humble/opt/rviz_ogre_vendor/lib/libOgreMain.so
[9.837s] -- Could not find freeimage library
[10.169s] -- rviz_ogre_vendor::RenderSystem_GL for IMPORTED_LOCATION_RELEASE: _render_system_gl_static_library_abs-NOTFOUND
[10.169s] -- rviz_ogre_vendor::RenderSystem_GL for IMPORTED_LOCATION_DEBUG: _render_system_gl_static_library_abs-NOTFOUND
[13.024s] -- Found ament_lint_auto: 0.12.7 (/opt/ros/humble/share/ament_lint_auto/cmake)
[13.102s] -- Added test 'copyright' to check source files copyright and LICENSE
[13.102s] -- Added test 'flake8' to check Python code syntax and style conventions
[13.107s] -- Added test 'lint_cmake' to check CMake code style
[13.110s] -- Added test 'pep257' to check Python code against some of the docstring style conventions in PEP 257
[13.120s] -- Added test 'xmllint' to check XML markup files
[13.157s] -- Configuring done
[14.062s] -- Generating done
[14.098s] -- Build files have been written to: /home/kush/UR5_Project_New/build/moveit_visual_tools
[14.169s] Invoked command in '/home/kush/UR5_Project_New/build/moveit_visual_tools' returned '0': AMENT_PREFIX_PATH=/home/kush/UR5_Project_New/install/moveit_ros_planning:/home/kush/UR5_Project_New/install/moveit_ros_occupancy_map_monitor:/home/kush/UR5_Project_New/install/moveit_core:/home/kush/UR5_Project_New/install/srdfdom:/home/kush/UR5_Project_New/install/moveit_common:${AMENT_PREFIX_PATH} CMAKE_PREFIX_PATH=/home/kush/UR5_Project_New/install/moveit_ros_planning:/home/kush/UR5_Project_New/install/moveit_ros_occupancy_map_monitor:/home/kush/UR5_Project_New/install/moveit_core:/home/kush/UR5_Project_New/install/srdfdom:/home/kush/UR5_Project_New/install/moveit_common:/opt/ros/humble LD_LIBRARY_PATH=/home/kush/UR5_Project_New/install/moveit_ros_planning/lib:/home/kush/UR5_Project_New/install/moveit_ros_occupancy_map_monitor/lib:/home/kush/UR5_Project_New/install/moveit_core/lib:/home/kush/UR5_Project_New/install/srdfdom/lib:${LD_LIBRARY_PATH} PATH=/home/kush/UR5_Project_New/install/moveit_core/bin:${PATH} PYTHONPATH=/home/kush/UR5_Project_New/install/srdfdom/local/lib/python3.10/dist-packages:${PYTHONPATH} /usr/bin/cmake /home/kush/UR5_Project_New/src/moveit_visual_tools -DCMAKE_INSTALL_PREFIX=/home/kush/UR5_Project_New/install/moveit_visual_tools
[14.170s] Invoking command in '/home/kush/UR5_Project_New/build/moveit_visual_tools': AMENT_PREFIX_PATH=/home/kush/UR5_Project_New/install/moveit_ros_planning:/home/kush/UR5_Project_New/install/moveit_ros_occupancy_map_monitor:/home/kush/UR5_Project_New/install/moveit_core:/home/kush/UR5_Project_New/install/srdfdom:/home/kush/UR5_Project_New/install/moveit_common:${AMENT_PREFIX_PATH} CMAKE_PREFIX_PATH=/home/kush/UR5_Project_New/install/moveit_ros_planning:/home/kush/UR5_Project_New/install/moveit_ros_occupancy_map_monitor:/home/kush/UR5_Project_New/install/moveit_core:/home/kush/UR5_Project_New/install/srdfdom:/home/kush/UR5_Project_New/install/moveit_common:/opt/ros/humble LD_LIBRARY_PATH=/home/kush/UR5_Project_New/install/moveit_ros_planning/lib:/home/kush/UR5_Project_New/install/moveit_ros_occupancy_map_monitor/lib:/home/kush/UR5_Project_New/install/moveit_core/lib:/home/kush/UR5_Project_New/install/srdfdom/lib:${LD_LIBRARY_PATH} PATH=/home/kush/UR5_Project_New/install/moveit_core/bin:${PATH} PYTHONPATH=/home/kush/UR5_Project_New/install/srdfdom/local/lib/python3.10/dist-packages:${PYTHONPATH} /usr/bin/cmake --build /home/kush/UR5_Project_New/build/moveit_visual_tools -- -j4 -l4
[14.388s] [35m[1mConsolidate compiler generated dependencies of target moveit_visual_tools[0m
[14.688s] [ 66%] Built target moveit_visual_tools
[14.720s] [35m[1mConsolidate compiler generated dependencies of target moveit_visual_tools_demo[0m
[14.898s] [100%] Built target moveit_visual_tools_demo
[14.992s] Invoked command in '/home/kush/UR5_Project_New/build/moveit_visual_tools' returned '0': AMENT_PREFIX_PATH=/home/kush/UR5_Project_New/install/moveit_ros_planning:/home/kush/UR5_Project_New/install/moveit_ros_occupancy_map_monitor:/home/kush/UR5_Project_New/install/moveit_core:/home/kush/UR5_Project_New/install/srdfdom:/home/kush/UR5_Project_New/install/moveit_common:${AMENT_PREFIX_PATH} CMAKE_PREFIX_PATH=/home/kush/UR5_Project_New/install/moveit_ros_planning:/home/kush/UR5_Project_New/install/moveit_ros_occupancy_map_monitor:/home/kush/UR5_Project_New/install/moveit_core:/home/kush/UR5_Project_New/install/srdfdom:/home/kush/UR5_Project_New/install/moveit_common:/opt/ros/humble LD_LIBRARY_PATH=/home/kush/UR5_Project_New/install/moveit_ros_planning/lib:/home/kush/UR5_Project_New/install/moveit_ros_occupancy_map_monitor/lib:/home/kush/UR5_Project_New/install/moveit_core/lib:/home/kush/UR5_Project_New/install/srdfdom/lib:${LD_LIBRARY_PATH} PATH=/home/kush/UR5_Project_New/install/moveit_core/bin:${PATH} PYTHONPATH=/home/kush/UR5_Project_New/install/srdfdom/local/lib/python3.10/dist-packages:${PYTHONPATH} /usr/bin/cmake --build /home/kush/UR5_Project_New/build/moveit_visual_tools -- -j4 -l4
[15.405s] Invoking command in '/home/kush/UR5_Project_New/build/moveit_visual_tools': AMENT_PREFIX_PATH=/home/kush/UR5_Project_New/install/moveit_ros_planning:/home/kush/UR5_Project_New/install/moveit_ros_occupancy_map_monitor:/home/kush/UR5_Project_New/install/moveit_core:/home/kush/UR5_Project_New/install/srdfdom:/home/kush/UR5_Project_New/install/moveit_common:${AMENT_PREFIX_PATH} CMAKE_PREFIX_PATH=/home/kush/UR5_Project_New/install/moveit_ros_planning:/home/kush/UR5_Project_New/install/moveit_ros_occupancy_map_monitor:/home/kush/UR5_Project_New/install/moveit_core:/home/kush/UR5_Project_New/install/srdfdom:/home/kush/UR5_Project_New/install/moveit_common:/opt/ros/humble LD_LIBRARY_PATH=/home/kush/UR5_Project_New/install/moveit_ros_planning/lib:/home/kush/UR5_Project_New/install/moveit_ros_occupancy_map_monitor/lib:/home/kush/UR5_Project_New/install/moveit_core/lib:/home/kush/UR5_Project_New/install/srdfdom/lib:${LD_LIBRARY_PATH} PATH=/home/kush/UR5_Project_New/install/moveit_core/bin:${PATH} PYTHONPATH=/home/kush/UR5_Project_New/install/srdfdom/local/lib/python3.10/dist-packages:${PYTHONPATH} /usr/bin/cmake --install /home/kush/UR5_Project_New/build/moveit_visual_tools
[15.457s] -- Install configuration: "Release"
[15.457s] -- Up-to-date: /home/kush/UR5_Project_New/install/moveit_visual_tools/share/moveit_visual_tools/environment/library_path.sh
[15.458s] -- Installing: /home/kush/UR5_Project_New/install/moveit_visual_tools/share/moveit_visual_tools/environment/library_path.dsv
[15.478s] -- Up-to-date: /home/kush/UR5_Project_New/install/moveit_visual_tools/lib/libmoveit_visual_tools.so
[15.489s] -- Up-to-date: /home/kush/UR5_Project_New/install/moveit_visual_tools/lib/moveit_visual_tools/moveit_visual_tools_demo
[15.490s] -- Up-to-date: /home/kush/UR5_Project_New/install/moveit_visual_tools/include
[15.490s] -- Up-to-date: /home/kush/UR5_Project_New/install/moveit_visual_tools/include/moveit_visual_tools
[15.490s] -- Up-to-date: /home/kush/UR5_Project_New/install/moveit_visual_tools/include/moveit_visual_tools/moveit_visual_tools.h
[15.491s] -- Up-to-date: /home/kush/UR5_Project_New/install/moveit_visual_tools/include/moveit_visual_tools/imarker_robot_state.h
[15.492s] -- Up-to-date: /home/kush/UR5_Project_New/install/moveit_visual_tools/include/moveit_visual_tools/imarker_end_effector.h
[15.492s] -- Up-to-date: /home/kush/UR5_Project_New/install/moveit_visual_tools/share/moveit_visual_tools/launch
[15.492s] -- Up-to-date: /home/kush/UR5_Project_New/install/moveit_visual_tools/share/moveit_visual_tools/launch/demo.rviz
[15.493s] -- Up-to-date: /home/kush/UR5_Project_New/install/moveit_visual_tools/share/moveit_visual_tools/launch/demo_rviz.launch.py
[15.494s] -- Up-to-date: /home/kush/UR5_Project_New/install/moveit_visual_tools/share/moveit_visual_tools/resources
[15.495s] -- Up-to-date: /home/kush/UR5_Project_New/install/moveit_visual_tools/share/moveit_visual_tools/resources/screenshot.png
[15.496s] -- Up-to-date: /home/kush/UR5_Project_New/install/moveit_visual_tools/share/moveit_visual_tools/resources/rrbot.srdf
[15.496s] -- Up-to-date: /home/kush/UR5_Project_New/install/moveit_visual_tools/share/moveit_visual_tools/resources/demo.png
[15.496s] -- Up-to-date: /home/kush/UR5_Project_New/install/moveit_visual_tools/share/moveit_visual_tools/resources/rrbot.urdf
[15.496s] -- Up-to-date: /home/kush/UR5_Project_New/install/moveit_visual_tools/share/moveit_visual_tools/resources/demo_mesh.stl
[15.496s] -- Up-to-date: /home/kush/UR5_Project_New/install/moveit_visual_tools/share/ament_index/resource_index/package_run_dependencies/moveit_visual_tools
[15.496s] -- Installing: /home/kush/UR5_Project_New/install/moveit_visual_tools/share/ament_index/resource_index/parent_prefix_path/moveit_visual_tools
[15.499s] -- Up-to-date: /home/kush/UR5_Project_New/install/moveit_visual_tools/share/moveit_visual_tools/environment/ament_prefix_path.sh
[15.500s] -- Installing: /home/kush/UR5_Project_New/install/moveit_visual_tools/share/moveit_visual_tools/environment/ament_prefix_path.dsv
[15.500s] -- Up-to-date: /home/kush/UR5_Project_New/install/moveit_visual_tools/share/moveit_visual_tools/environment/path.sh
[15.501s] -- Installing: /home/kush/UR5_Project_New/install/moveit_visual_tools/share/moveit_visual_tools/environment/path.dsv
[15.501s] -- Up-to-date: /home/kush/UR5_Project_New/install/moveit_visual_tools/share/moveit_visual_tools/local_setup.bash
[15.501s] -- Up-to-date: /home/kush/UR5_Project_New/install/moveit_visual_tools/share/moveit_visual_tools/local_setup.sh
[15.501s] -- Up-to-date: /home/kush/UR5_Project_New/install/moveit_visual_tools/share/moveit_visual_tools/local_setup.zsh
[15.501s] -- Installing: /home/kush/UR5_Project_New/install/moveit_visual_tools/share/moveit_visual_tools/local_setup.dsv
[15.501s] -- Installing: /home/kush/UR5_Project_New/install/moveit_visual_tools/share/moveit_visual_tools/package.dsv
[15.502s] -- Up-to-date: /home/kush/UR5_Project_New/install/moveit_visual_tools/share/ament_index/resource_index/packages/moveit_visual_tools
[15.512s] -- Up-to-date: /home/kush/UR5_Project_New/install/moveit_visual_tools/share/moveit_visual_tools/cmake/export_moveit_visual_toolsExport.cmake
[15.513s] -- Up-to-date: /home/kush/UR5_Project_New/install/moveit_visual_tools/share/moveit_visual_tools/cmake/export_moveit_visual_toolsExport-release.cmake
[15.513s] -- Up-to-date: /home/kush/UR5_Project_New/install/moveit_visual_tools/share/moveit_visual_tools/cmake/ament_cmake_export_targets-extras.cmake
[15.514s] -- Up-to-date: /home/kush/UR5_Project_New/install/moveit_visual_tools/share/moveit_visual_tools/cmake/ament_cmake_export_dependencies-extras.cmake
[15.515s] -- Up-to-date: /home/kush/UR5_Project_New/install/moveit_visual_tools/share/moveit_visual_tools/cmake/moveit_visual_toolsConfig.cmake
[15.515s] -- Up-to-date: /home/kush/UR5_Project_New/install/moveit_visual_tools/share/moveit_visual_tools/cmake/moveit_visual_toolsConfig-version.cmake
[15.515s] -- Up-to-date: /home/kush/UR5_Project_New/install/moveit_visual_tools/share/moveit_visual_tools/package.xml
[15.519s] Invoked command in '/home/kush/UR5_Project_New/build/moveit_visual_tools' returned '0': AMENT_PREFIX_PATH=/home/kush/UR5_Project_New/install/moveit_ros_planning:/home/kush/UR5_Project_New/install/moveit_ros_occupancy_map_monitor:/home/kush/UR5_Project_New/install/moveit_core:/home/kush/UR5_Project_New/install/srdfdom:/home/kush/UR5_Project_New/install/moveit_common:${AMENT_PREFIX_PATH} CMAKE_PREFIX_PATH=/home/kush/UR5_Project_New/install/moveit_ros_planning:/home/kush/UR5_Project_New/install/moveit_ros_occupancy_map_monitor:/home/kush/UR5_Project_New/install/moveit_core:/home/kush/UR5_Project_New/install/srdfdom:/home/kush/UR5_Project_New/install/moveit_common:/opt/ros/humble LD_LIBRARY_PATH=/home/kush/UR5_Project_New/install/moveit_ros_planning/lib:/home/kush/UR5_Project_New/install/moveit_ros_occupancy_map_monitor/lib:/home/kush/UR5_Project_New/install/moveit_core/lib:/home/kush/UR5_Project_New/install/srdfdom/lib:${LD_LIBRARY_PATH} PATH=/home/kush/UR5_Project_New/install/moveit_core/bin:${PATH} PYTHONPATH=/home/kush/UR5_Project_New/install/srdfdom/local/lib/python3.10/dist-packages:${PYTHONPATH} /usr/bin/cmake --install /home/kush/UR5_Project_New/build/moveit_visual_tools
