[0.077s] Invoking command in '/home/kush/UR5_Project_New/build/moveit_resources_fanuc_description': CMAKE_PREFIX_PATH=${CMAKE_PREFIX_PATH}:/home/kush/ws_moveit2_ur5/install/moveit_configs_utils:/home/kush/ws_moveit2_ur5/install/launch_param_builder:/opt/ros/humble /usr/bin/cmake /home/kush/UR5_Project_New/src/moveit_resources/fanuc_description -DCMAKE_BUILD_TYPE=Release -DCMAKE_INSTALL_PREFIX=/home/kush/UR5_Project_New/install/moveit_resources_fanuc_description
[0.454s] -- The C compiler identification is GNU 11.4.0
[0.787s] -- The CXX compiler identification is GNU 11.4.0
[0.822s] -- Detecting C compiler ABI info
[1.128s] -- Detecting C compiler ABI info - done
[1.171s] -- Check for working C compiler: /usr/bin/cc - skipped
[1.171s] -- Detecting C compile features
[1.171s] -- Detecting C compile features - done
[1.194s] -- Detecting CXX compiler ABI info
[1.697s] -- Detecting CXX compiler ABI info - done
[1.737s] -- Check for working CXX compiler: /usr/bin/c++ - skipped
[1.738s] -- Detecting CXX compile features
[1.739s] -- Detecting CXX compile features - done
[1.772s] -- Found ament_cmake: 1.3.5 (/opt/ros/humble/share/ament_cmake/cmake)
[2.443s] -- Found Python3: /usr/bin/python3.10 (found version "3.10.12") found components: Interpreter 
[3.143s] -- Configuring done
[3.172s] -- Generating done
[3.175s] -- Build files have been written to: /home/kush/UR5_Project_New/build/moveit_resources_fanuc_description
[3.191s] Invoked command in '/home/kush/UR5_Project_New/build/moveit_resources_fanuc_description' returned '0': CMAKE_PREFIX_PATH=${CMAKE_PREFIX_PATH}:/home/kush/ws_moveit2_ur5/install/moveit_configs_utils:/home/kush/ws_moveit2_ur5/install/launch_param_builder:/opt/ros/humble /usr/bin/cmake /home/kush/UR5_Project_New/src/moveit_resources/fanuc_description -DCMAKE_BUILD_TYPE=Release -DCMAKE_INSTALL_PREFIX=/home/kush/UR5_Project_New/install/moveit_resources_fanuc_description
[3.192s] Invoking command in '/home/kush/UR5_Project_New/build/moveit_resources_fanuc_description': CMAKE_PREFIX_PATH=${CMAKE_PREFIX_PATH}:/home/kush/ws_moveit2_ur5/install/moveit_configs_utils:/home/kush/ws_moveit2_ur5/install/launch_param_builder:/opt/ros/humble /usr/bin/cmake --build /home/kush/UR5_Project_New/build/moveit_resources_fanuc_description -- -j4 -l4
[3.386s] Invoked command in '/home/kush/UR5_Project_New/build/moveit_resources_fanuc_description' returned '0': CMAKE_PREFIX_PATH=${CMAKE_PREFIX_PATH}:/home/kush/ws_moveit2_ur5/install/moveit_configs_utils:/home/kush/ws_moveit2_ur5/install/launch_param_builder:/opt/ros/humble /usr/bin/cmake --build /home/kush/UR5_Project_New/build/moveit_resources_fanuc_description -- -j4 -l4
[3.672s] Invoking command in '/home/kush/UR5_Project_New/build/moveit_resources_fanuc_description': CMAKE_PREFIX_PATH=${CMAKE_PREFIX_PATH}:/home/kush/ws_moveit2_ur5/install/moveit_configs_utils:/home/kush/ws_moveit2_ur5/install/launch_param_builder:/opt/ros/humble /usr/bin/cmake --install /home/kush/UR5_Project_New/build/moveit_resources_fanuc_description
[3.734s] -- Install configuration: "Release"
[3.748s] -- Installing: /home/kush/UR5_Project_New/install/moveit_resources_fanuc_description/share/ament_index/resource_index/package_run_dependencies/moveit_resources_fanuc_description
[3.749s] -- Installing: /home/kush/UR5_Project_New/install/moveit_resources_fanuc_description/share/ament_index/resource_index/parent_prefix_path/moveit_resources_fanuc_description
[3.750s] -- Installing: /home/kush/UR5_Project_New/install/moveit_resources_fanuc_description/share/moveit_resources_fanuc_description/environment/ament_prefix_path.sh
[3.750s] -- Installing: /home/kush/UR5_Project_New/install/moveit_resources_fanuc_description/share/moveit_resources_fanuc_description/environment/ament_prefix_path.dsv
[3.751s] -- Installing: /home/kush/UR5_Project_New/install/moveit_resources_fanuc_description/share/moveit_resources_fanuc_description/environment/path.sh
[3.752s] -- Installing: /home/kush/UR5_Project_New/install/moveit_resources_fanuc_description/share/moveit_resources_fanuc_description/environment/path.dsv
[3.753s] -- Installing: /home/kush/UR5_Project_New/install/moveit_resources_fanuc_description/share/moveit_resources_fanuc_description/local_setup.bash
[3.753s] -- Installing: /home/kush/UR5_Project_New/install/moveit_resources_fanuc_description/share/moveit_resources_fanuc_description/local_setup.sh
[3.754s] -- Installing: /home/kush/UR5_Project_New/install/moveit_resources_fanuc_description/share/moveit_resources_fanuc_description/local_setup.zsh
[3.755s] -- Installing: /home/kush/UR5_Project_New/install/moveit_resources_fanuc_description/share/moveit_resources_fanuc_description/local_setup.dsv
[3.756s] -- Installing: /home/kush/UR5_Project_New/install/moveit_resources_fanuc_description/share/moveit_resources_fanuc_description/package.dsv
[3.757s] -- Installing: /home/kush/UR5_Project_New/install/moveit_resources_fanuc_description/share/ament_index/resource_index/packages/moveit_resources_fanuc_description
[3.758s] -- Installing: /home/kush/UR5_Project_New/install/moveit_resources_fanuc_description/share/moveit_resources_fanuc_description/cmake/moveit_resources_fanuc_descriptionConfig.cmake
[3.759s] -- Installing: /home/kush/UR5_Project_New/install/moveit_resources_fanuc_description/share/moveit_resources_fanuc_description/cmake/moveit_resources_fanuc_descriptionConfig-version.cmake
[3.759s] -- Installing: /home/kush/UR5_Project_New/install/moveit_resources_fanuc_description/share/moveit_resources_fanuc_description/package.xml
[3.760s] -- Installing: /home/kush/UR5_Project_New/install/moveit_resources_fanuc_description/share/moveit_resources_fanuc_description/meshes
[3.761s] -- Installing: /home/kush/UR5_Project_New/install/moveit_resources_fanuc_description/share/moveit_resources_fanuc_description/meshes/visual
[3.761s] -- Installing: /home/kush/UR5_Project_New/install/moveit_resources_fanuc_description/share/moveit_resources_fanuc_description/meshes/visual/link_2.stl
[3.763s] -- Installing: /home/kush/UR5_Project_New/install/moveit_resources_fanuc_description/share/moveit_resources_fanuc_description/meshes/visual/link_5.stl
[3.763s] -- Installing: /home/kush/UR5_Project_New/install/moveit_resources_fanuc_description/share/moveit_resources_fanuc_description/meshes/visual/link_6.stl
[3.764s] -- Installing: /home/kush/UR5_Project_New/install/moveit_resources_fanuc_description/share/moveit_resources_fanuc_description/meshes/visual/link_4.stl
[3.765s] -- Installing: /home/kush/UR5_Project_New/install/moveit_resources_fanuc_description/share/moveit_resources_fanuc_description/meshes/visual/base_link.stl
[3.770s] -- Installing: /home/kush/UR5_Project_New/install/moveit_resources_fanuc_description/share/moveit_resources_fanuc_description/meshes/visual/link_1.stl
[3.772s] -- Installing: /home/kush/UR5_Project_New/install/moveit_resources_fanuc_description/share/moveit_resources_fanuc_description/meshes/visual/link_3.stl
[3.773s] -- Installing: /home/kush/UR5_Project_New/install/moveit_resources_fanuc_description/share/moveit_resources_fanuc_description/meshes/collision
[3.775s] -- Installing: /home/kush/UR5_Project_New/install/moveit_resources_fanuc_description/share/moveit_resources_fanuc_description/meshes/collision/link_2.stl
[3.776s] -- Installing: /home/kush/UR5_Project_New/install/moveit_resources_fanuc_description/share/moveit_resources_fanuc_description/meshes/collision/link_5.stl
[3.777s] -- Installing: /home/kush/UR5_Project_New/install/moveit_resources_fanuc_description/share/moveit_resources_fanuc_description/meshes/collision/link_6.stl
[3.778s] -- Installing: /home/kush/UR5_Project_New/install/moveit_resources_fanuc_description/share/moveit_resources_fanuc_description/meshes/collision/link_4.stl
[3.779s] -- Installing: /home/kush/UR5_Project_New/install/moveit_resources_fanuc_description/share/moveit_resources_fanuc_description/meshes/collision/base_link.stl
[3.781s] -- Installing: /home/kush/UR5_Project_New/install/moveit_resources_fanuc_description/share/moveit_resources_fanuc_description/meshes/collision/link_1.stl
[3.782s] -- Installing: /home/kush/UR5_Project_New/install/moveit_resources_fanuc_description/share/moveit_resources_fanuc_description/meshes/collision/link_3.stl
[3.786s] -- Installing: /home/kush/UR5_Project_New/install/moveit_resources_fanuc_description/share/moveit_resources_fanuc_description/urdf
[3.787s] -- Installing: /home/kush/UR5_Project_New/install/moveit_resources_fanuc_description/share/moveit_resources_fanuc_description/urdf/fanuc.urdf
[3.801s] Invoked command in '/home/kush/UR5_Project_New/build/moveit_resources_fanuc_description' returned '0': CMAKE_PREFIX_PATH=${CMAKE_PREFIX_PATH}:/home/kush/ws_moveit2_ur5/install/moveit_configs_utils:/home/kush/ws_moveit2_ur5/install/launch_param_builder:/opt/ros/humble /usr/bin/cmake --install /home/kush/UR5_Project_New/build/moveit_resources_fanuc_description
