[0.354s] Invoking command in '/home/kush/UR5_Project_New/build/moveit_ros_visualization': AMENT_PREFIX_PATH=/home/kush/UR5_Project_New/install/moveit_ros_planning_interface:/home/kush/UR5_Project_New/install/moveit_ros_move_group:/home/kush/UR5_Project_New/install/moveit_ros_warehouse:/home/kush/UR5_Project_New/install/moveit_ros_robot_interaction:/home/kush/UR5_Project_New/install/moveit_kinematics:/home/kush/UR5_Project_New/install/moveit_ros_planning:/home/kush/UR5_Project_New/install/moveit_ros_occupancy_map_monitor:/home/kush/UR5_Project_New/install/moveit_core:/home/kush/UR5_Project_New/install/srdfdom:/home/kush/UR5_Project_New/install/moveit_common:${AMENT_PREFIX_PATH} CMAKE_PREFIX_PATH=/home/kush/UR5_Project_New/install/moveit_ros_planning_interface:/home/kush/UR5_Project_New/install/moveit_ros_move_group:/home/kush/UR5_Project_New/install/moveit_ros_warehouse:/home/kush/UR5_Project_New/install/moveit_ros_robot_interaction:/home/kush/UR5_Project_New/install/moveit_kinematics:/home/kush/UR5_Project_New/install/moveit_ros_planning:/home/kush/UR5_Project_New/install/moveit_ros_occupancy_map_monitor:/home/kush/UR5_Project_New/install/moveit_core:/home/kush/UR5_Project_New/install/srdfdom:/home/kush/UR5_Project_New/install/moveit_common:/opt/ros/humble LD_LIBRARY_PATH=/home/kush/UR5_Project_New/install/moveit_ros_planning_interface/lib:/home/kush/UR5_Project_New/install/moveit_ros_move_group/lib:/home/kush/UR5_Project_New/install/moveit_ros_warehouse/lib:/home/kush/UR5_Project_New/install/moveit_ros_robot_interaction/lib:/home/kush/UR5_Project_New/install/moveit_kinematics/lib:/home/kush/UR5_Project_New/install/moveit_ros_planning/lib:/home/kush/UR5_Project_New/install/moveit_ros_occupancy_map_monitor/lib:/home/kush/UR5_Project_New/install/moveit_core/lib:/home/kush/UR5_Project_New/install/srdfdom/lib:${LD_LIBRARY_PATH} PATH=/home/kush/UR5_Project_New/install/moveit_core/bin:${PATH} PYTHONPATH=/home/kush/UR5_Project_New/install/srdfdom/local/lib/python3.10/dist-packages:${PYTHONPATH} /usr/bin/cmake --build /home/kush/UR5_Project_New/build/moveit_ros_visualization -- -j4 -l4
[0.656s] [  1%] [34m[1mAutomatic MOC for target moveit_rviz_plugin_render_tools[0m
[0.819s] [  1%] Built target moveit_rviz_plugin_render_tools_autogen
[0.902s] [35m[1mConsolidate compiler generated dependencies of target moveit_rviz_plugin_render_tools[0m
[1.208s] [ 18%] Built target moveit_rviz_plugin_render_tools
[1.431s] [ 20%] [34m[1mAutomatic MOC for target moveit_robot_state_rviz_plugin_core[0m
[1.583s] [ 20%] Built target moveit_robot_state_rviz_plugin_core_autogen
[1.672s] [ 22%] [34m[1mAutomatic MOC for target moveit_planning_scene_rviz_plugin_core[0m
[1.780s] [ 22%] Built target moveit_planning_scene_rviz_plugin_core_autogen
[1.910s] [35m[1mConsolidate compiler generated dependencies of target moveit_robot_state_rviz_plugin_core[0m
[2.202s] [ 27%] Built target moveit_robot_state_rviz_plugin_core
[2.348s] [35m[1mConsolidate compiler generated dependencies of target moveit_planning_scene_rviz_plugin_core[0m
[2.669s] [ 34%] Built target moveit_planning_scene_rviz_plugin_core
[2.837s] [ 36%] [34m[1mAutomatic MOC for target moveit_robot_state_rviz_plugin[0m
[2.960s] [ 36%] Built target moveit_robot_state_rviz_plugin_autogen
[3.120s] [ 37%] [34m[1mAutomatic MOC for target moveit_trajectory_rviz_plugin_core[0m
[3.293s] [ 37%] Built target moveit_trajectory_rviz_plugin_core_autogen
[3.380s] [35m[1mConsolidate compiler generated dependencies of target moveit_robot_state_rviz_plugin[0m
[3.587s] [ 43%] Built target moveit_robot_state_rviz_plugin
[3.714s] [35m[1mConsolidate compiler generated dependencies of target moveit_trajectory_rviz_plugin_core[0m
[3.988s] [ 48%] Built target moveit_trajectory_rviz_plugin_core
[4.139s] [ 50%] [34m[1mAutomatic MOC for target moveit_planning_scene_rviz_plugin[0m
[4.254s] [ 50%] Built target moveit_planning_scene_rviz_plugin_autogen
[4.351s] [ 51%] [34m[1mAutomatic MOC for target moveit_trajectory_rviz_plugin[0m
[4.426s] [ 51%] Built target moveit_trajectory_rviz_plugin_autogen
[4.460s] [35m[1mConsolidate compiler generated dependencies of target moveit_planning_scene_rviz_plugin[0m
[4.624s] [ 56%] Built target moveit_planning_scene_rviz_plugin
[4.744s] [35m[1mConsolidate compiler generated dependencies of target moveit_trajectory_rviz_plugin[0m
[4.929s] [ 62%] Built target moveit_trajectory_rviz_plugin
[4.998s] [ 63%] [34m[1mAutomatic MOC for target moveit_motion_planning_rviz_plugin_core[0m
[5.095s] [ 63%] Built target moveit_motion_planning_rviz_plugin_core_autogen
[5.225s] [35m[1mConsolidate compiler generated dependencies of target moveit_motion_planning_rviz_plugin_core[0m
[6.066s] [ 93%] Built target moveit_motion_planning_rviz_plugin_core
[6.233s] [ 94%] [34m[1mAutomatic MOC for target moveit_motion_planning_rviz_plugin[0m
[6.360s] [ 94%] Built target moveit_motion_planning_rviz_plugin_autogen
[6.483s] [35m[1mConsolidate compiler generated dependencies of target moveit_motion_planning_rviz_plugin[0m
[6.750s] [100%] Built target moveit_motion_planning_rviz_plugin
[6.821s] Invoked command in '/home/kush/UR5_Project_New/build/moveit_ros_visualization' returned '0': AMENT_PREFIX_PATH=/home/kush/UR5_Project_New/install/moveit_ros_planning_interface:/home/kush/UR5_Project_New/install/moveit_ros_move_group:/home/kush/UR5_Project_New/install/moveit_ros_warehouse:/home/kush/UR5_Project_New/install/moveit_ros_robot_interaction:/home/kush/UR5_Project_New/install/moveit_kinematics:/home/kush/UR5_Project_New/install/moveit_ros_planning:/home/kush/UR5_Project_New/install/moveit_ros_occupancy_map_monitor:/home/kush/UR5_Project_New/install/moveit_core:/home/kush/UR5_Project_New/install/srdfdom:/home/kush/UR5_Project_New/install/moveit_common:${AMENT_PREFIX_PATH} CMAKE_PREFIX_PATH=/home/kush/UR5_Project_New/install/moveit_ros_planning_interface:/home/kush/UR5_Project_New/install/moveit_ros_move_group:/home/kush/UR5_Project_New/install/moveit_ros_warehouse:/home/kush/UR5_Project_New/install/moveit_ros_robot_interaction:/home/kush/UR5_Project_New/install/moveit_kinematics:/home/kush/UR5_Project_New/install/moveit_ros_planning:/home/kush/UR5_Project_New/install/moveit_ros_occupancy_map_monitor:/home/kush/UR5_Project_New/install/moveit_core:/home/kush/UR5_Project_New/install/srdfdom:/home/kush/UR5_Project_New/install/moveit_common:/opt/ros/humble LD_LIBRARY_PATH=/home/kush/UR5_Project_New/install/moveit_ros_planning_interface/lib:/home/kush/UR5_Project_New/install/moveit_ros_move_group/lib:/home/kush/UR5_Project_New/install/moveit_ros_warehouse/lib:/home/kush/UR5_Project_New/install/moveit_ros_robot_interaction/lib:/home/kush/UR5_Project_New/install/moveit_kinematics/lib:/home/kush/UR5_Project_New/install/moveit_ros_planning/lib:/home/kush/UR5_Project_New/install/moveit_ros_occupancy_map_monitor/lib:/home/kush/UR5_Project_New/install/moveit_core/lib:/home/kush/UR5_Project_New/install/srdfdom/lib:${LD_LIBRARY_PATH} PATH=/home/kush/UR5_Project_New/install/moveit_core/bin:${PATH} PYTHONPATH=/home/kush/UR5_Project_New/install/srdfdom/local/lib/python3.10/dist-packages:${PYTHONPATH} /usr/bin/cmake --build /home/kush/UR5_Project_New/build/moveit_ros_visualization -- -j4 -l4
[7.117s] Invoking command in '/home/kush/UR5_Project_New/build/moveit_ros_visualization': AMENT_PREFIX_PATH=/home/kush/UR5_Project_New/install/moveit_ros_planning_interface:/home/kush/UR5_Project_New/install/moveit_ros_move_group:/home/kush/UR5_Project_New/install/moveit_ros_warehouse:/home/kush/UR5_Project_New/install/moveit_ros_robot_interaction:/home/kush/UR5_Project_New/install/moveit_kinematics:/home/kush/UR5_Project_New/install/moveit_ros_planning:/home/kush/UR5_Project_New/install/moveit_ros_occupancy_map_monitor:/home/kush/UR5_Project_New/install/moveit_core:/home/kush/UR5_Project_New/install/srdfdom:/home/kush/UR5_Project_New/install/moveit_common:${AMENT_PREFIX_PATH} CMAKE_PREFIX_PATH=/home/kush/UR5_Project_New/install/moveit_ros_planning_interface:/home/kush/UR5_Project_New/install/moveit_ros_move_group:/home/kush/UR5_Project_New/install/moveit_ros_warehouse:/home/kush/UR5_Project_New/install/moveit_ros_robot_interaction:/home/kush/UR5_Project_New/install/moveit_kinematics:/home/kush/UR5_Project_New/install/moveit_ros_planning:/home/kush/UR5_Project_New/install/moveit_ros_occupancy_map_monitor:/home/kush/UR5_Project_New/install/moveit_core:/home/kush/UR5_Project_New/install/srdfdom:/home/kush/UR5_Project_New/install/moveit_common:/opt/ros/humble LD_LIBRARY_PATH=/home/kush/UR5_Project_New/install/moveit_ros_planning_interface/lib:/home/kush/UR5_Project_New/install/moveit_ros_move_group/lib:/home/kush/UR5_Project_New/install/moveit_ros_warehouse/lib:/home/kush/UR5_Project_New/install/moveit_ros_robot_interaction/lib:/home/kush/UR5_Project_New/install/moveit_kinematics/lib:/home/kush/UR5_Project_New/install/moveit_ros_planning/lib:/home/kush/UR5_Project_New/install/moveit_ros_occupancy_map_monitor/lib:/home/kush/UR5_Project_New/install/moveit_core/lib:/home/kush/UR5_Project_New/install/srdfdom/lib:${LD_LIBRARY_PATH} PATH=/home/kush/UR5_Project_New/install/moveit_core/bin:${PATH} PYTHONPATH=/home/kush/UR5_Project_New/install/srdfdom/local/lib/python3.10/dist-packages:${PYTHONPATH} /usr/bin/cmake --install /home/kush/UR5_Project_New/build/moveit_ros_visualization
[7.189s] -- Install configuration: "Release"
[7.190s] -- Up-to-date: /home/kush/UR5_Project_New/install/moveit_ros_visualization/include
[7.192s] -- Up-to-date: /home/kush/UR5_Project_New/install/moveit_ros_visualization/include/moveit
[7.193s] -- Up-to-date: /home/kush/UR5_Project_New/install/moveit_ros_visualization/include/moveit/rviz_plugin_render_tools
[7.193s] -- Up-to-date: /home/kush/UR5_Project_New/install/moveit_ros_visualization/include/moveit/rviz_plugin_render_tools/planning_link_updater.h
[7.193s] -- Up-to-date: /home/kush/UR5_Project_New/install/moveit_ros_visualization/include/moveit/rviz_plugin_render_tools/octomap_render.h
[7.193s] -- Up-to-date: /home/kush/UR5_Project_New/install/moveit_ros_visualization/include/moveit/rviz_plugin_render_tools/trajectory_panel.h
[7.194s] -- Up-to-date: /home/kush/UR5_Project_New/install/moveit_ros_visualization/include/moveit/rviz_plugin_render_tools/planning_scene_render.h
[7.194s] -- Up-to-date: /home/kush/UR5_Project_New/install/moveit_ros_visualization/include/moveit/rviz_plugin_render_tools/trajectory_visualization.h
[7.194s] -- Up-to-date: /home/kush/UR5_Project_New/install/moveit_ros_visualization/include/moveit/rviz_plugin_render_tools/render_shapes.h
[7.194s] -- Up-to-date: /home/kush/UR5_Project_New/install/moveit_ros_visualization/include/moveit/rviz_plugin_render_tools/robot_state_visualization.h
[7.194s] -- Up-to-date: /home/kush/UR5_Project_New/install/moveit_ros_visualization/include/ogre_helpers
[7.195s] -- Up-to-date: /home/kush/UR5_Project_New/install/moveit_ros_visualization/include/ogre_helpers/mesh_shape.hpp
[7.195s] -- Up-to-date: /home/kush/UR5_Project_New/install/moveit_ros_visualization/include
[7.195s] -- Up-to-date: /home/kush/UR5_Project_New/install/moveit_ros_visualization/include/moveit
[7.195s] -- Up-to-date: /home/kush/UR5_Project_New/install/moveit_ros_visualization/include/moveit/robot_state_rviz_plugin
[7.195s] -- Up-to-date: /home/kush/UR5_Project_New/install/moveit_ros_visualization/include/moveit/robot_state_rviz_plugin/robot_state_display.h
[7.199s] -- Up-to-date: /home/kush/UR5_Project_New/install/moveit_ros_visualization/include
[7.199s] -- Up-to-date: /home/kush/UR5_Project_New/install/moveit_ros_visualization/include/moveit
[7.200s] -- Up-to-date: /home/kush/UR5_Project_New/install/moveit_ros_visualization/include/moveit/planning_scene_rviz_plugin
[7.200s] -- Up-to-date: /home/kush/UR5_Project_New/install/moveit_ros_visualization/include/moveit/planning_scene_rviz_plugin/planning_scene_display.h
[7.201s] -- Up-to-date: /home/kush/UR5_Project_New/install/moveit_ros_visualization/include/moveit/planning_scene_rviz_plugin/background_processing.hpp
[7.201s] -- Up-to-date: /home/kush/UR5_Project_New/install/moveit_ros_visualization/include/moveit_planning_scene_rviz_plugin_core_export.h
[7.201s] -- Up-to-date: /home/kush/UR5_Project_New/install/moveit_ros_visualization/include
[7.205s] -- Up-to-date: /home/kush/UR5_Project_New/install/moveit_ros_visualization/include/moveit
[7.206s] -- Up-to-date: /home/kush/UR5_Project_New/install/moveit_ros_visualization/include/moveit/motion_planning_rviz_plugin
[7.206s] -- Up-to-date: /home/kush/UR5_Project_New/install/moveit_ros_visualization/include/moveit/motion_planning_rviz_plugin/interactive_marker_display.h
[7.206s] -- Up-to-date: /home/kush/UR5_Project_New/install/moveit_ros_visualization/include/moveit/motion_planning_rviz_plugin/motion_planning_param_widget.h
[7.206s] -- Up-to-date: /home/kush/UR5_Project_New/install/moveit_ros_visualization/include/moveit/motion_planning_rviz_plugin/motion_planning_frame_joints_widget.h
[7.207s] -- Up-to-date: /home/kush/UR5_Project_New/install/moveit_ros_visualization/include/moveit/motion_planning_rviz_plugin/motion_planning_frame.h
[7.207s] -- Up-to-date: /home/kush/UR5_Project_New/install/moveit_ros_visualization/include/moveit/motion_planning_rviz_plugin/motion_planning_display.h
[7.207s] -- Up-to-date: /home/kush/UR5_Project_New/install/moveit_ros_visualization/include
[7.208s] -- Up-to-date: /home/kush/UR5_Project_New/install/moveit_ros_visualization/include/moveit
[7.209s] -- Up-to-date: /home/kush/UR5_Project_New/install/moveit_ros_visualization/include/moveit/trajectory_rviz_plugin
[7.209s] -- Up-to-date: /home/kush/UR5_Project_New/install/moveit_ros_visualization/include/moveit/trajectory_rviz_plugin/trajectory_display.h
[7.209s] -- Up-to-date: /home/kush/UR5_Project_New/install/moveit_ros_visualization/share/moveit_ros_visualization/icons
[7.209s] -- Up-to-date: /home/kush/UR5_Project_New/install/moveit_ros_visualization/share/moveit_ros_visualization/icons/classes
[7.210s] -- Up-to-date: /home/kush/UR5_Project_New/install/moveit_ros_visualization/share/moveit_ros_visualization/icons/classes/PlanningScene.png
[7.210s] -- Up-to-date: /home/kush/UR5_Project_New/install/moveit_ros_visualization/share/moveit_ros_visualization/icons/classes/RobotState.png
[7.210s] -- Up-to-date: /home/kush/UR5_Project_New/install/moveit_ros_visualization/share/moveit_ros_visualization/icons/classes/MotionPlanning.png
[7.210s] -- Up-to-date: /home/kush/UR5_Project_New/install/moveit_ros_visualization/share/moveit_ros_visualization/icons/classes/Trajectory.png
[7.210s] -- Up-to-date: /home/kush/UR5_Project_New/install/moveit_ros_visualization/share/moveit_ros_visualization/motion_planning_rviz_plugin_description.xml
[7.213s] -- Up-to-date: /home/kush/UR5_Project_New/install/moveit_ros_visualization/share/moveit_ros_visualization/trajectory_rviz_plugin_description.xml
[7.213s] -- Up-to-date: /home/kush/UR5_Project_New/install/moveit_ros_visualization/share/moveit_ros_visualization/planning_scene_rviz_plugin_description.xml
[7.213s] -- Up-to-date: /home/kush/UR5_Project_New/install/moveit_ros_visualization/share/moveit_ros_visualization/robot_state_rviz_plugin_description.xml
[7.213s] -- Up-to-date: /home/kush/UR5_Project_New/install/moveit_ros_visualization/lib/libmoveit_motion_planning_rviz_plugin.so.2.5.4
[7.214s] -- Up-to-date: /home/kush/UR5_Project_New/install/moveit_ros_visualization/lib/libmoveit_motion_planning_rviz_plugin.so
[7.215s] -- Up-to-date: /home/kush/UR5_Project_New/install/moveit_ros_visualization/lib/libmoveit_motion_planning_rviz_plugin_core.so.2.5.4
[7.223s] -- Up-to-date: /home/kush/UR5_Project_New/install/moveit_ros_visualization/lib/libmoveit_motion_planning_rviz_plugin_core.so
[7.224s] -- Up-to-date: /home/kush/UR5_Project_New/install/moveit_ros_visualization/lib/libmoveit_planning_scene_rviz_plugin.so.2.5.4
[7.224s] -- Up-to-date: /home/kush/UR5_Project_New/install/moveit_ros_visualization/lib/libmoveit_planning_scene_rviz_plugin.so
[7.225s] -- Up-to-date: /home/kush/UR5_Project_New/install/moveit_ros_visualization/lib/libmoveit_planning_scene_rviz_plugin_core.so.2.5.4
[7.226s] -- Up-to-date: /home/kush/UR5_Project_New/install/moveit_ros_visualization/lib/libmoveit_planning_scene_rviz_plugin_core.so
[7.226s] -- Up-to-date: /home/kush/UR5_Project_New/install/moveit_ros_visualization/lib/libmoveit_robot_state_rviz_plugin.so.2.5.4
[7.227s] -- Up-to-date: /home/kush/UR5_Project_New/install/moveit_ros_visualization/lib/libmoveit_robot_state_rviz_plugin.so
[7.228s] -- Up-to-date: /home/kush/UR5_Project_New/install/moveit_ros_visualization/lib/libmoveit_robot_state_rviz_plugin_core.so.2.5.4
[7.228s] -- Up-to-date: /home/kush/UR5_Project_New/install/moveit_ros_visualization/lib/libmoveit_robot_state_rviz_plugin_core.so
[7.229s] -- Up-to-date: /home/kush/UR5_Project_New/install/moveit_ros_visualization/lib/libmoveit_rviz_plugin_render_tools.so.2.5.4
[7.229s] -- Up-to-date: /home/kush/UR5_Project_New/install/moveit_ros_visualization/lib/libmoveit_rviz_plugin_render_tools.so
[7.230s] -- Up-to-date: /home/kush/UR5_Project_New/install/moveit_ros_visualization/lib/libmoveit_trajectory_rviz_plugin.so.2.5.4
[7.230s] -- Up-to-date: /home/kush/UR5_Project_New/install/moveit_ros_visualization/lib/libmoveit_trajectory_rviz_plugin.so
[7.231s] -- Up-to-date: /home/kush/UR5_Project_New/install/moveit_ros_visualization/lib/libmoveit_trajectory_rviz_plugin_core.so.2.5.4
[7.239s] -- Up-to-date: /home/kush/UR5_Project_New/install/moveit_ros_visualization/lib/libmoveit_trajectory_rviz_plugin_core.so
[7.256s] -- Up-to-date: /home/kush/UR5_Project_New/install/moveit_ros_visualization/share/moveit_ros_visualization/environment/library_path.sh
[7.256s] -- Up-to-date: /home/kush/UR5_Project_New/install/moveit_ros_visualization/share/moveit_ros_visualization/environment/library_path.dsv
[7.258s] -- Up-to-date: /home/kush/UR5_Project_New/install/moveit_ros_visualization/share/ament_index/resource_index/package_run_dependencies/moveit_ros_visualization
[7.258s] -- Up-to-date: /home/kush/UR5_Project_New/install/moveit_ros_visualization/share/ament_index/resource_index/parent_prefix_path/moveit_ros_visualization
[7.258s] -- Up-to-date: /home/kush/UR5_Project_New/install/moveit_ros_visualization/share/moveit_ros_visualization/environment/ament_prefix_path.sh
[7.258s] -- Up-to-date: /home/kush/UR5_Project_New/install/moveit_ros_visualization/share/moveit_ros_visualization/environment/ament_prefix_path.dsv
[7.259s] -- Up-to-date: /home/kush/UR5_Project_New/install/moveit_ros_visualization/share/moveit_ros_visualization/environment/path.sh
[7.259s] -- Up-to-date: /home/kush/UR5_Project_New/install/moveit_ros_visualization/share/moveit_ros_visualization/environment/path.dsv
[7.259s] -- Up-to-date: /home/kush/UR5_Project_New/install/moveit_ros_visualization/share/moveit_ros_visualization/local_setup.bash
[7.259s] -- Up-to-date: /home/kush/UR5_Project_New/install/moveit_ros_visualization/share/moveit_ros_visualization/local_setup.sh
[7.260s] -- Up-to-date: /home/kush/UR5_Project_New/install/moveit_ros_visualization/share/moveit_ros_visualization/local_setup.zsh
[7.260s] -- Up-to-date: /home/kush/UR5_Project_New/install/moveit_ros_visualization/share/moveit_ros_visualization/local_setup.dsv
[7.260s] -- Installing: /home/kush/UR5_Project_New/install/moveit_ros_visualization/share/moveit_ros_visualization/package.dsv
[7.260s] -- Up-to-date: /home/kush/UR5_Project_New/install/moveit_ros_visualization/share/ament_index/resource_index/packages/moveit_ros_visualization
[7.261s] -- Up-to-date: /home/kush/UR5_Project_New/install/moveit_ros_visualization/share/ament_index/resource_index/rviz_common__pluginlib__plugin/moveit_ros_visualization
[7.261s] -- Up-to-date: /home/kush/UR5_Project_New/install/moveit_ros_visualization/share/moveit_ros_visualization/cmake/export_moveit_ros_visualizationExport.cmake
[7.261s] -- Up-to-date: /home/kush/UR5_Project_New/install/moveit_ros_visualization/share/moveit_ros_visualization/cmake/export_moveit_ros_visualizationExport-release.cmake
[7.261s] -- Up-to-date: /home/kush/UR5_Project_New/install/moveit_ros_visualization/share/moveit_ros_visualization/cmake/ConfigExtras.cmake
[7.262s] -- Up-to-date: /home/kush/UR5_Project_New/install/moveit_ros_visualization/share/moveit_ros_visualization/cmake/ament_cmake_export_targets-extras.cmake
[7.262s] -- Up-to-date: /home/kush/UR5_Project_New/install/moveit_ros_visualization/share/moveit_ros_visualization/cmake/ament_cmake_export_dependencies-extras.cmake
[7.262s] -- Up-to-date: /home/kush/UR5_Project_New/install/moveit_ros_visualization/share/moveit_ros_visualization/cmake/moveit_ros_visualizationConfig.cmake
[7.262s] -- Up-to-date: /home/kush/UR5_Project_New/install/moveit_ros_visualization/share/moveit_ros_visualization/cmake/moveit_ros_visualizationConfig-version.cmake
[7.262s] -- Up-to-date: /home/kush/UR5_Project_New/install/moveit_ros_visualization/share/moveit_ros_visualization/package.xml
[7.273s] Invoked command in '/home/kush/UR5_Project_New/build/moveit_ros_visualization' returned '0': AMENT_PREFIX_PATH=/home/kush/UR5_Project_New/install/moveit_ros_planning_interface:/home/kush/UR5_Project_New/install/moveit_ros_move_group:/home/kush/UR5_Project_New/install/moveit_ros_warehouse:/home/kush/UR5_Project_New/install/moveit_ros_robot_interaction:/home/kush/UR5_Project_New/install/moveit_kinematics:/home/kush/UR5_Project_New/install/moveit_ros_planning:/home/kush/UR5_Project_New/install/moveit_ros_occupancy_map_monitor:/home/kush/UR5_Project_New/install/moveit_core:/home/kush/UR5_Project_New/install/srdfdom:/home/kush/UR5_Project_New/install/moveit_common:${AMENT_PREFIX_PATH} CMAKE_PREFIX_PATH=/home/kush/UR5_Project_New/install/moveit_ros_planning_interface:/home/kush/UR5_Project_New/install/moveit_ros_move_group:/home/kush/UR5_Project_New/install/moveit_ros_warehouse:/home/kush/UR5_Project_New/install/moveit_ros_robot_interaction:/home/kush/UR5_Project_New/install/moveit_kinematics:/home/kush/UR5_Project_New/install/moveit_ros_planning:/home/kush/UR5_Project_New/install/moveit_ros_occupancy_map_monitor:/home/kush/UR5_Project_New/install/moveit_core:/home/kush/UR5_Project_New/install/srdfdom:/home/kush/UR5_Project_New/install/moveit_common:/opt/ros/humble LD_LIBRARY_PATH=/home/kush/UR5_Project_New/install/moveit_ros_planning_interface/lib:/home/kush/UR5_Project_New/install/moveit_ros_move_group/lib:/home/kush/UR5_Project_New/install/moveit_ros_warehouse/lib:/home/kush/UR5_Project_New/install/moveit_ros_robot_interaction/lib:/home/kush/UR5_Project_New/install/moveit_kinematics/lib:/home/kush/UR5_Project_New/install/moveit_ros_planning/lib:/home/kush/UR5_Project_New/install/moveit_ros_occupancy_map_monitor/lib:/home/kush/UR5_Project_New/install/moveit_core/lib:/home/kush/UR5_Project_New/install/srdfdom/lib:${LD_LIBRARY_PATH} PATH=/home/kush/UR5_Project_New/install/moveit_core/bin:${PATH} PYTHONPATH=/home/kush/UR5_Project_New/install/srdfdom/local/lib/python3.10/dist-packages:${PYTHONPATH} /usr/bin/cmake --install /home/kush/UR5_Project_New/build/moveit_ros_visualization
