[0.251s] Invoking command in '/home/kush/UR5_Project_New/src/build/moveit_visual_tools': AMENT_PREFIX_PATH=/home/kush/UR5_Project_New/src/install/moveit_ros_planning:/home/kush/UR5_Project_New/src/install/moveit_ros_occupancy_map_monitor:/home/kush/UR5_Project_New/src/install/moveit_core:/home/kush/UR5_Project_New/src/install/srdfdom:/home/kush/UR5_Project_New/src/install/moveit_common:${AMENT_PREFIX_PATH} CMAKE_PREFIX_PATH=/home/kush/UR5_Project_New/src/install/moveit_ros_planning:/home/kush/UR5_Project_New/src/install/moveit_ros_occupancy_map_monitor:/home/kush/UR5_Project_New/src/install/moveit_core:/home/kush/UR5_Project_New/src/install/srdfdom:/home/kush/UR5_Project_New/src/install/moveit_common:/opt/ros/humble LD_LIBRARY_PATH=/home/kush/UR5_Project_New/src/install/moveit_ros_planning/lib:/home/kush/UR5_Project_New/src/install/moveit_ros_occupancy_map_monitor/lib:/home/kush/UR5_Project_New/src/install/moveit_core/lib:/home/kush/UR5_Project_New/src/install/srdfdom/lib:${LD_LIBRARY_PATH} PATH=/home/kush/UR5_Project_New/src/install/moveit_core/bin:${PATH} PYTHONPATH=/home/kush/UR5_Project_New/src/install/srdfdom/local/lib/python3.10/dist-packages:${PYTHONPATH} /usr/bin/cmake /home/kush/UR5_Project_New/src/moveit_visual_tools -DCMAKE_INSTALL_PREFIX=/home/kush/UR5_Project_New/src/install/moveit_visual_tools
[0.592s] -- The C compiler identification is GNU 11.4.0
[0.902s] -- The CXX compiler identification is GNU 11.4.0
[0.956s] -- Detecting C compiler ABI info
[1.297s] -- Detecting C compiler ABI info - done
[1.340s] -- Check for working C compiler: /usr/bin/cc - skipped
[1.341s] -- Detecting C compile features
[1.350s] -- Detecting C compile features - done
[1.369s] -- Detecting CXX compiler ABI info
[1.882s] -- Detecting CXX compiler ABI info - done
[1.930s] -- Check for working CXX compiler: /usr/bin/c++ - skipped
[1.934s] -- Detecting CXX compile features
[1.936s] -- Detecting CXX compile features - done
[1.939s] -- Found moveit_common: 2.5.4 (/home/kush/UR5_Project_New/src/install/moveit_common/share/moveit_common/cmake)
[1.953s] -- Found ament_cmake: 1.3.5 (/opt/ros/humble/share/ament_cmake/cmake)
[2.407s] -- Found Python3: /usr/bin/python3.10 (found version "3.10.12") found components: Interpreter 
[2.942s] -- Found libdw: /usr/lib/x86_64-linux-gnu/libdw.so  
[2.978s] -- Could NOT find libbfd (missing: LIBBFD_LIBRARY LIBBFD_INCLUDE_DIR) 
[2.979s] -- BACKWARD_HAS_UNWIND=1
[2.980s] -- BACKWARD_HAS_BACKTRACE=0
[2.981s] -- BACKWARD_HAS_BACKTRACE_SYMBOL=0
[2.982s] -- BACKWARD_HAS_DW=1
[2.982s] -- BACKWARD_HAS_BFD=0
[2.987s] -- Found Backward: /opt/ros/humble/share/backward_ros/cmake  
[2.990s] [0mmoveit_visual_tools: You did not request a specific build type: Choosing 'Release' for maximum performance[0m
[3.034s] -- Found Boost: /usr/lib/x86_64-linux-gnu/cmake/Boost-1.74.0/BoostConfig.cmake (found version "1.74.0") found components: system 
[3.094s] -- Found geometry_msgs: 4.2.3 (/opt/ros/humble/share/geometry_msgs/cmake)
[3.216s] -- Found rosidl_generator_c: 3.1.5 (/opt/ros/humble/share/rosidl_generator_c/cmake)
[3.235s] -- Found rosidl_adapter: 3.1.5 (/opt/ros/humble/share/rosidl_adapter/cmake)
[3.266s] -- Found rosidl_generator_cpp: 3.1.5 (/opt/ros/humble/share/rosidl_generator_cpp/cmake)
[3.375s] -- Using all available rosidl_typesupport_c: rosidl_typesupport_fastrtps_c;rosidl_typesupport_introspection_c
[3.444s] -- Using all available rosidl_typesupport_cpp: rosidl_typesupport_fastrtps_cpp;rosidl_typesupport_introspection_cpp
[4.070s] -- Found graph_msgs: 0.2.0 (/opt/ros/humble/share/graph_msgs/cmake)
[4.596s] -- Found moveit_core: 2.5.4 (/home/kush/UR5_Project_New/src/install/moveit_core/share/moveit_core/cmake)
[5.908s] -- Found Boost: /usr/lib/x86_64-linux-gnu/cmake/Boost-1.74.0/BoostConfig.cmake (found version "1.74.0") found components: chrono date_time filesystem iostreams program_options regex serialization system thread 
[6.033s] -- Found parameter_traits: 0.3.3 (/opt/ros/humble/share/parameter_traits/cmake)
[6.328s] -- Found rmw_implementation_cmake: 6.1.1 (/opt/ros/humble/share/rmw_implementation_cmake/cmake)
[6.353s] -- Found rmw_fastrtps_cpp: 6.2.3 (/opt/ros/humble/share/rmw_fastrtps_cpp/cmake)
[7.029s] -- Found OpenSSL: /usr/lib/x86_64-linux-gnu/libcrypto.so (found version "3.0.2")  
[7.161s] -- Found FastRTPS: /opt/ros/humble/include  
[7.305s] -- Using RMW implementation 'rmw_fastrtps_cpp' as default
[7.357s] -- Found Threads: TRUE  
[8.185s] -- Found rclcpp_lifecycle: 16.0.5 (/opt/ros/humble/share/rclcpp_lifecycle/cmake)
[8.412s] -- Found Boost: /usr/lib/x86_64-linux-gnu/cmake/Boost-1.74.0/BoostConfig.cmake (found version "1.74.0") found components: filesystem 
[8.655s] -- library: /usr/lib/x86_64-linux-gnu/libcurl.so
[9.793s] -- Found Eigen3: TRUE (found version "3.4.0") 
[9.793s] -- Ensuring Eigen3 include directory is part of orocos-kdl CMake target
[15.062s] -- Found moveit_ros_planning: 2.5.4 (/home/kush/UR5_Project_New/src/install/moveit_ros_planning/share/moveit_ros_planning/cmake)
[15.075s] -- Found Boost: /usr/lib/x86_64-linux-gnu/cmake/Boost-1.74.0/BoostConfig.cmake (found version "1.74.0") found components: system filesystem date_time program_options thread chrono 
[17.272s] -- Found rviz_visual_tools: 4.1.4 (/opt/ros/humble/share/rviz_visual_tools/cmake)
[19.042s] -- Setting OGRE_DIR to: '/opt/ros/humble/share/rviz_ogre_vendor/cmake/../../../opt/rviz_ogre_vendor/lib/OGRE/cmake'
[19.076s] -- Found OGRE
[19.076s] --   static     : OFF
[19.076s] --   components : HLMS;MeshLodGenerator;Overlay;Paging;Property;RTShaderSystem;Terrain;Volume
[19.076s] --   plugins    : Plugin_BSPSceneManager;Plugin_OctreeSceneManager;Plugin_PCZSceneManager;Plugin_ParticleFX;RenderSystem_GL;RenderSystem_GL3Plus;Codec_STBI
[19.077s] --   media      : /opt/ros/humble/opt/rviz_ogre_vendor/share/OGRE/Media
[19.077s] -- OGRE_LIBRARIES: OgreHLMS;OgreMeshLodGenerator;OgreOverlay;OgrePaging;OgreProperty;OgreRTShaderSystem;OgreTerrain;OgreVolume;OgreMain
[19.077s] -- OGRE_LIBRARY_DIRS: /opt/ros/humble/opt/rviz_ogre_vendor/lib
[19.077s] -- OGRE_PLUGINS: Plugin_BSPSceneManager;Plugin_OctreeSceneManager;Plugin_PCZSceneManager;Plugin_ParticleFX;RenderSystem_GL;RenderSystem_GL3Plus;Codec_STBI
[19.078s] -- OGRE_PLUGIN_DIR: /opt/ros/humble/opt/rviz_ogre_vendor/lib/OGRE
[19.078s] -- rviz_ogre_vendor::OgreOverlay for IMPORTED_LOCATION_RELEASE: /opt/ros/humble/opt/rviz_ogre_vendor/lib/libOgreOverlay.so
[19.078s] -- rviz_ogre_vendor::OgreOverlay for IMPORTED_LOCATION_DEBUG: /opt/ros/humble/opt/rviz_ogre_vendor/lib/libOgreOverlay.so
[19.078s] -- rviz_ogre_vendor::OgreMain for IMPORTED_LOCATION_RELEASE: /opt/ros/humble/opt/rviz_ogre_vendor/lib/libOgreMain.so
[19.078s] -- rviz_ogre_vendor::OgreMain for IMPORTED_LOCATION_DEBUG: /opt/ros/humble/opt/rviz_ogre_vendor/lib/libOgreMain.so
[19.083s] -- Could not find freeimage library
[19.261s] -- Found ZLIB: /usr/lib/x86_64-linux-gnu/libz.so (found version "1.2.11") 
[19.314s] -- Found OpenGL: /usr/lib/x86_64-linux-gnu/libOpenGL.so   
[20.115s] -- Found X11: /usr/include   
[20.125s] -- Looking for XOpenDisplay in /usr/lib/x86_64-linux-gnu/libX11.so;/usr/lib/x86_64-linux-gnu/libXext.so
[20.800s] -- Looking for XOpenDisplay in /usr/lib/x86_64-linux-gnu/libX11.so;/usr/lib/x86_64-linux-gnu/libXext.so - found
[20.801s] -- Looking for gethostbyname
[21.395s] -- Looking for gethostbyname - found
[21.401s] -- Looking for connect
[21.965s] -- Looking for connect - found
[21.966s] -- Looking for remove
[22.522s] -- Looking for remove - found
[22.522s] -- Looking for shmat
[23.073s] -- Looking for shmat - found
[23.073s] -- Looking for IceConnectionNumber in ICE
[23.705s] -- Looking for IceConnectionNumber in ICE - found
[23.729s] -- rviz_ogre_vendor::RenderSystem_GL for IMPORTED_LOCATION_RELEASE: _render_system_gl_static_library_abs-NOTFOUND
[23.729s] -- rviz_ogre_vendor::RenderSystem_GL for IMPORTED_LOCATION_DEBUG: _render_system_gl_static_library_abs-NOTFOUND
[27.192s] -- Found ament_lint_auto: 0.12.7 (/opt/ros/humble/share/ament_lint_auto/cmake)
[27.273s] -- Added test 'copyright' to check source files copyright and LICENSE
[27.332s] -- Added test 'flake8' to check Python code syntax and style conventions
[27.336s] -- Added test 'lint_cmake' to check CMake code style
[27.339s] -- Added test 'pep257' to check Python code against some of the docstring style conventions in PEP 257
[27.342s] -- Added test 'xmllint' to check XML markup files
[27.346s] -- Configuring done
[27.993s] -- Generating done
[28.025s] -- Build files have been written to: /home/kush/UR5_Project_New/src/build/moveit_visual_tools
[28.086s] Invoked command in '/home/kush/UR5_Project_New/src/build/moveit_visual_tools' returned '0': AMENT_PREFIX_PATH=/home/kush/UR5_Project_New/src/install/moveit_ros_planning:/home/kush/UR5_Project_New/src/install/moveit_ros_occupancy_map_monitor:/home/kush/UR5_Project_New/src/install/moveit_core:/home/kush/UR5_Project_New/src/install/srdfdom:/home/kush/UR5_Project_New/src/install/moveit_common:${AMENT_PREFIX_PATH} CMAKE_PREFIX_PATH=/home/kush/UR5_Project_New/src/install/moveit_ros_planning:/home/kush/UR5_Project_New/src/install/moveit_ros_occupancy_map_monitor:/home/kush/UR5_Project_New/src/install/moveit_core:/home/kush/UR5_Project_New/src/install/srdfdom:/home/kush/UR5_Project_New/src/install/moveit_common:/opt/ros/humble LD_LIBRARY_PATH=/home/kush/UR5_Project_New/src/install/moveit_ros_planning/lib:/home/kush/UR5_Project_New/src/install/moveit_ros_occupancy_map_monitor/lib:/home/kush/UR5_Project_New/src/install/moveit_core/lib:/home/kush/UR5_Project_New/src/install/srdfdom/lib:${LD_LIBRARY_PATH} PATH=/home/kush/UR5_Project_New/src/install/moveit_core/bin:${PATH} PYTHONPATH=/home/kush/UR5_Project_New/src/install/srdfdom/local/lib/python3.10/dist-packages:${PYTHONPATH} /usr/bin/cmake /home/kush/UR5_Project_New/src/moveit_visual_tools -DCMAKE_INSTALL_PREFIX=/home/kush/UR5_Project_New/src/install/moveit_visual_tools
[28.087s] Invoking command in '/home/kush/UR5_Project_New/src/build/moveit_visual_tools': AMENT_PREFIX_PATH=/home/kush/UR5_Project_New/src/install/moveit_ros_planning:/home/kush/UR5_Project_New/src/install/moveit_ros_occupancy_map_monitor:/home/kush/UR5_Project_New/src/install/moveit_core:/home/kush/UR5_Project_New/src/install/srdfdom:/home/kush/UR5_Project_New/src/install/moveit_common:${AMENT_PREFIX_PATH} CMAKE_PREFIX_PATH=/home/kush/UR5_Project_New/src/install/moveit_ros_planning:/home/kush/UR5_Project_New/src/install/moveit_ros_occupancy_map_monitor:/home/kush/UR5_Project_New/src/install/moveit_core:/home/kush/UR5_Project_New/src/install/srdfdom:/home/kush/UR5_Project_New/src/install/moveit_common:/opt/ros/humble LD_LIBRARY_PATH=/home/kush/UR5_Project_New/src/install/moveit_ros_planning/lib:/home/kush/UR5_Project_New/src/install/moveit_ros_occupancy_map_monitor/lib:/home/kush/UR5_Project_New/src/install/moveit_core/lib:/home/kush/UR5_Project_New/src/install/srdfdom/lib:${LD_LIBRARY_PATH} PATH=/home/kush/UR5_Project_New/src/install/moveit_core/bin:${PATH} PYTHONPATH=/home/kush/UR5_Project_New/src/install/srdfdom/local/lib/python3.10/dist-packages:${PYTHONPATH} /usr/bin/cmake --build /home/kush/UR5_Project_New/src/build/moveit_visual_tools -- -j4 -l4
[28.429s] [ 16%] [32mBuilding CXX object CMakeFiles/moveit_visual_tools.dir/src/moveit_visual_tools.cpp.o[0m
[92.911s] [ 33%] [32mBuilding CXX object CMakeFiles/moveit_visual_tools.dir/src/imarker_end_effector.cpp.o[0m
[134.545s] [ 50%] [32mBuilding CXX object CMakeFiles/moveit_visual_tools.dir/src/imarker_robot_state.cpp.o[0m
[176.369s] [ 66%] [32m[1mLinking CXX shared library libmoveit_visual_tools.so[0m
[178.331s] [ 66%] Built target moveit_visual_tools
[178.382s] [ 83%] [32mBuilding CXX object CMakeFiles/moveit_visual_tools_demo.dir/src/moveit_visual_tools_demo.cpp.o[0m
[212.358s] [100%] [32m[1mLinking CXX executable moveit_visual_tools_demo[0m
[213.511s] [100%] Built target moveit_visual_tools_demo
[213.552s] Invoked command in '/home/kush/UR5_Project_New/src/build/moveit_visual_tools' returned '0': AMENT_PREFIX_PATH=/home/kush/UR5_Project_New/src/install/moveit_ros_planning:/home/kush/UR5_Project_New/src/install/moveit_ros_occupancy_map_monitor:/home/kush/UR5_Project_New/src/install/moveit_core:/home/kush/UR5_Project_New/src/install/srdfdom:/home/kush/UR5_Project_New/src/install/moveit_common:${AMENT_PREFIX_PATH} CMAKE_PREFIX_PATH=/home/kush/UR5_Project_New/src/install/moveit_ros_planning:/home/kush/UR5_Project_New/src/install/moveit_ros_occupancy_map_monitor:/home/kush/UR5_Project_New/src/install/moveit_core:/home/kush/UR5_Project_New/src/install/srdfdom:/home/kush/UR5_Project_New/src/install/moveit_common:/opt/ros/humble LD_LIBRARY_PATH=/home/kush/UR5_Project_New/src/install/moveit_ros_planning/lib:/home/kush/UR5_Project_New/src/install/moveit_ros_occupancy_map_monitor/lib:/home/kush/UR5_Project_New/src/install/moveit_core/lib:/home/kush/UR5_Project_New/src/install/srdfdom/lib:${LD_LIBRARY_PATH} PATH=/home/kush/UR5_Project_New/src/install/moveit_core/bin:${PATH} PYTHONPATH=/home/kush/UR5_Project_New/src/install/srdfdom/local/lib/python3.10/dist-packages:${PYTHONPATH} /usr/bin/cmake --build /home/kush/UR5_Project_New/src/build/moveit_visual_tools -- -j4 -l4
[213.623s] Invoking command in '/home/kush/UR5_Project_New/src/build/moveit_visual_tools': AMENT_PREFIX_PATH=/home/kush/UR5_Project_New/src/install/moveit_ros_planning:/home/kush/UR5_Project_New/src/install/moveit_ros_occupancy_map_monitor:/home/kush/UR5_Project_New/src/install/moveit_core:/home/kush/UR5_Project_New/src/install/srdfdom:/home/kush/UR5_Project_New/src/install/moveit_common:${AMENT_PREFIX_PATH} CMAKE_PREFIX_PATH=/home/kush/UR5_Project_New/src/install/moveit_ros_planning:/home/kush/UR5_Project_New/src/install/moveit_ros_occupancy_map_monitor:/home/kush/UR5_Project_New/src/install/moveit_core:/home/kush/UR5_Project_New/src/install/srdfdom:/home/kush/UR5_Project_New/src/install/moveit_common:/opt/ros/humble LD_LIBRARY_PATH=/home/kush/UR5_Project_New/src/install/moveit_ros_planning/lib:/home/kush/UR5_Project_New/src/install/moveit_ros_occupancy_map_monitor/lib:/home/kush/UR5_Project_New/src/install/moveit_core/lib:/home/kush/UR5_Project_New/src/install/srdfdom/lib:${LD_LIBRARY_PATH} PATH=/home/kush/UR5_Project_New/src/install/moveit_core/bin:${PATH} PYTHONPATH=/home/kush/UR5_Project_New/src/install/srdfdom/local/lib/python3.10/dist-packages:${PYTHONPATH} /usr/bin/cmake --install /home/kush/UR5_Project_New/src/build/moveit_visual_tools
[213.642s] -- Install configuration: "Release"
[213.643s] -- Installing: /home/kush/UR5_Project_New/src/install/moveit_visual_tools/share/moveit_visual_tools/environment/library_path.sh
[213.646s] -- Installing: /home/kush/UR5_Project_New/src/install/moveit_visual_tools/share/moveit_visual_tools/environment/library_path.dsv
[213.649s] -- Installing: /home/kush/UR5_Project_New/src/install/moveit_visual_tools/lib/libmoveit_visual_tools.so
[213.655s] -- Set runtime path of "/home/kush/UR5_Project_New/src/install/moveit_visual_tools/lib/libmoveit_visual_tools.so" to ""
[213.655s] -- Installing: /home/kush/UR5_Project_New/src/install/moveit_visual_tools/lib/moveit_visual_tools/moveit_visual_tools_demo
[213.656s] -- Set runtime path of "/home/kush/UR5_Project_New/src/install/moveit_visual_tools/lib/moveit_visual_tools/moveit_visual_tools_demo" to ""
[213.656s] -- Installing: /home/kush/UR5_Project_New/src/install/moveit_visual_tools/include
[213.657s] -- Installing: /home/kush/UR5_Project_New/src/install/moveit_visual_tools/include/moveit_visual_tools
[213.659s] -- Installing: /home/kush/UR5_Project_New/src/install/moveit_visual_tools/include/moveit_visual_tools/moveit_visual_tools.h
[213.663s] -- Installing: /home/kush/UR5_Project_New/src/install/moveit_visual_tools/include/moveit_visual_tools/imarker_robot_state.h
[213.665s] -- Installing: /home/kush/UR5_Project_New/src/install/moveit_visual_tools/include/moveit_visual_tools/imarker_end_effector.h
[213.667s] -- Installing: /home/kush/UR5_Project_New/src/install/moveit_visual_tools/share/moveit_visual_tools/launch
[213.667s] -- Installing: /home/kush/UR5_Project_New/src/install/moveit_visual_tools/share/moveit_visual_tools/launch/demo.rviz
[213.676s] -- Installing: /home/kush/UR5_Project_New/src/install/moveit_visual_tools/share/moveit_visual_tools/launch/demo_rviz.launch.py
[213.677s] -- Installing: /home/kush/UR5_Project_New/src/install/moveit_visual_tools/share/moveit_visual_tools/resources
[213.677s] -- Installing: /home/kush/UR5_Project_New/src/install/moveit_visual_tools/share/moveit_visual_tools/resources/screenshot.png
[213.679s] -- Installing: /home/kush/UR5_Project_New/src/install/moveit_visual_tools/share/moveit_visual_tools/resources/rrbot.srdf
[213.681s] -- Installing: /home/kush/UR5_Project_New/src/install/moveit_visual_tools/share/moveit_visual_tools/resources/demo.png
[213.683s] -- Installing: /home/kush/UR5_Project_New/src/install/moveit_visual_tools/share/moveit_visual_tools/resources/rrbot.urdf
[213.685s] -- Installing: /home/kush/UR5_Project_New/src/install/moveit_visual_tools/share/moveit_visual_tools/resources/demo_mesh.stl
[213.686s] -- Installing: /home/kush/UR5_Project_New/src/install/moveit_visual_tools/share/ament_index/resource_index/package_run_dependencies/moveit_visual_tools
[213.687s] -- Installing: /home/kush/UR5_Project_New/src/install/moveit_visual_tools/share/ament_index/resource_index/parent_prefix_path/moveit_visual_tools
[213.687s] -- Installing: /home/kush/UR5_Project_New/src/install/moveit_visual_tools/share/moveit_visual_tools/environment/ament_prefix_path.sh
[213.687s] -- Installing: /home/kush/UR5_Project_New/src/install/moveit_visual_tools/share/moveit_visual_tools/environment/ament_prefix_path.dsv
[213.687s] -- Installing: /home/kush/UR5_Project_New/src/install/moveit_visual_tools/share/moveit_visual_tools/environment/path.sh
[213.688s] -- Installing: /home/kush/UR5_Project_New/src/install/moveit_visual_tools/share/moveit_visual_tools/environment/path.dsv
[213.688s] -- Installing: /home/kush/UR5_Project_New/src/install/moveit_visual_tools/share/moveit_visual_tools/local_setup.bash
[213.688s] -- Installing: /home/kush/UR5_Project_New/src/install/moveit_visual_tools/share/moveit_visual_tools/local_setup.sh
[213.689s] -- Installing: /home/kush/UR5_Project_New/src/install/moveit_visual_tools/share/moveit_visual_tools/local_setup.zsh
[213.689s] -- Installing: /home/kush/UR5_Project_New/src/install/moveit_visual_tools/share/moveit_visual_tools/local_setup.dsv
[213.701s] -- Installing: /home/kush/UR5_Project_New/src/install/moveit_visual_tools/share/moveit_visual_tools/package.dsv
[213.702s] -- Installing: /home/kush/UR5_Project_New/src/install/moveit_visual_tools/share/ament_index/resource_index/packages/moveit_visual_tools
[213.702s] -- Installing: /home/kush/UR5_Project_New/src/install/moveit_visual_tools/share/moveit_visual_tools/cmake/export_moveit_visual_toolsExport.cmake
[213.702s] -- Installing: /home/kush/UR5_Project_New/src/install/moveit_visual_tools/share/moveit_visual_tools/cmake/export_moveit_visual_toolsExport-release.cmake
[213.703s] -- Installing: /home/kush/UR5_Project_New/src/install/moveit_visual_tools/share/moveit_visual_tools/cmake/ament_cmake_export_targets-extras.cmake
[213.703s] -- Installing: /home/kush/UR5_Project_New/src/install/moveit_visual_tools/share/moveit_visual_tools/cmake/ament_cmake_export_dependencies-extras.cmake
[213.703s] -- Installing: /home/kush/UR5_Project_New/src/install/moveit_visual_tools/share/moveit_visual_tools/cmake/moveit_visual_toolsConfig.cmake
[213.704s] -- Installing: /home/kush/UR5_Project_New/src/install/moveit_visual_tools/share/moveit_visual_tools/cmake/moveit_visual_toolsConfig-version.cmake
[213.704s] -- Installing: /home/kush/UR5_Project_New/src/install/moveit_visual_tools/share/moveit_visual_tools/package.xml
[213.713s] Invoked command in '/home/kush/UR5_Project_New/src/build/moveit_visual_tools' returned '0': AMENT_PREFIX_PATH=/home/kush/UR5_Project_New/src/install/moveit_ros_planning:/home/kush/UR5_Project_New/src/install/moveit_ros_occupancy_map_monitor:/home/kush/UR5_Project_New/src/install/moveit_core:/home/kush/UR5_Project_New/src/install/srdfdom:/home/kush/UR5_Project_New/src/install/moveit_common:${AMENT_PREFIX_PATH} CMAKE_PREFIX_PATH=/home/kush/UR5_Project_New/src/install/moveit_ros_planning:/home/kush/UR5_Project_New/src/install/moveit_ros_occupancy_map_monitor:/home/kush/UR5_Project_New/src/install/moveit_core:/home/kush/UR5_Project_New/src/install/srdfdom:/home/kush/UR5_Project_New/src/install/moveit_common:/opt/ros/humble LD_LIBRARY_PATH=/home/kush/UR5_Project_New/src/install/moveit_ros_planning/lib:/home/kush/UR5_Project_New/src/install/moveit_ros_occupancy_map_monitor/lib:/home/kush/UR5_Project_New/src/install/moveit_core/lib:/home/kush/UR5_Project_New/src/install/srdfdom/lib:${LD_LIBRARY_PATH} PATH=/home/kush/UR5_Project_New/src/install/moveit_core/bin:${PATH} PYTHONPATH=/home/kush/UR5_Project_New/src/install/srdfdom/local/lib/python3.10/dist-packages:${PYTHONPATH} /usr/bin/cmake --install /home/kush/UR5_Project_New/src/build/moveit_visual_tools
