[0.081s] Invoking command in '/home/kush/UR5_Project_New/src/build/moveit_planners_chomp': AMENT_PREFIX_PATH=/home/kush/UR5_Project_New/src/install/chomp_motion_planner:/home/kush/UR5_Project_New/src/install/moveit_core:/home/kush/UR5_Project_New/src/install/srdfdom:/home/kush/UR5_Project_New/src/install/moveit_common:${AMENT_PREFIX_PATH} CMAKE_PREFIX_PATH=/home/kush/UR5_Project_New/src/install/chomp_motion_planner:/home/kush/UR5_Project_New/src/install/moveit_core:/home/kush/UR5_Project_New/src/install/srdfdom:/home/kush/UR5_Project_New/src/install/moveit_common:/opt/ros/humble LD_LIBRARY_PATH=/home/kush/UR5_Project_New/src/install/chomp_motion_planner/lib:/home/kush/UR5_Project_New/src/install/moveit_core/lib:/home/kush/UR5_Project_New/src/install/srdfdom/lib:${LD_LIBRARY_PATH} PATH=/home/kush/UR5_Project_New/src/install/moveit_core/bin:${PATH} PYTHONPATH=/home/kush/UR5_Project_New/src/install/srdfdom/local/lib/python3.10/dist-packages:${PYTHONPATH} /usr/bin/cmake /home/kush/UR5_Project_New/src/moveit2/moveit_planners/chomp/chomp_interface -DCMAKE_INSTALL_PREFIX=/home/kush/UR5_Project_New/src/install/moveit_planners_chomp
[0.300s] -- The C compiler identification is GNU 11.4.0
[0.586s] -- The CXX compiler identification is GNU 11.4.0
[0.614s] -- Detecting C compiler ABI info
[1.039s] -- Detecting C compiler ABI info - done
[1.087s] -- Check for working C compiler: /usr/bin/cc - skipped
[1.087s] -- Detecting C compile features
[1.100s] -- Detecting C compile features - done
[1.114s] -- Detecting CXX compiler ABI info
[1.455s] -- Detecting CXX compiler ABI info - done
[1.494s] -- Check for working CXX compiler: /usr/bin/c++ - skipped
[1.495s] -- Detecting CXX compile features
[1.496s] -- Detecting CXX compile features - done
[1.499s] -- Found moveit_common: 2.5.4 (/home/kush/UR5_Project_New/src/install/moveit_common/share/moveit_common/cmake)
[1.504s] -- Found ament_cmake: 1.3.5 (/opt/ros/humble/share/ament_cmake/cmake)
[2.051s] -- Found Python3: /usr/bin/python3.10 (found version "3.10.12") found components: Interpreter 
[2.808s] -- Found libdw: /usr/lib/x86_64-linux-gnu/libdw.so  
[2.845s] -- Could NOT find libbfd (missing: LIBBFD_LIBRARY LIBBFD_INCLUDE_DIR) 
[2.846s] -- BACKWARD_HAS_UNWIND=1
[2.846s] -- BACKWARD_HAS_BACKTRACE=0
[2.847s] -- BACKWARD_HAS_BACKTRACE_SYMBOL=0
[2.847s] -- BACKWARD_HAS_DW=1
[2.847s] -- BACKWARD_HAS_BFD=0
[2.848s] -- Found Backward: /opt/ros/humble/share/backward_ros/cmake  
[2.848s] [0mmoveit_planners_chomp: You did not request a specific build type: Choosing 'Release' for maximum performance[0m
[2.850s] -- Found moveit_core: 2.5.4 (/home/kush/UR5_Project_New/src/install/moveit_core/share/moveit_core/cmake)
[3.919s] -- Found Boost: /usr/lib/x86_64-linux-gnu/cmake/Boost-1.74.0/BoostConfig.cmake (found version "1.74.0") found components: chrono date_time filesystem iostreams program_options regex serialization system thread 
[4.019s] -- Found parameter_traits: 0.3.3 (/opt/ros/humble/share/parameter_traits/cmake)
[4.152s] -- Found rosidl_generator_c: 3.1.5 (/opt/ros/humble/share/rosidl_generator_c/cmake)
[4.167s] -- Found rosidl_adapter: 3.1.5 (/opt/ros/humble/share/rosidl_adapter/cmake)
[4.194s] -- Found rosidl_generator_cpp: 3.1.5 (/opt/ros/humble/share/rosidl_generator_cpp/cmake)
[4.253s] -- Using all available rosidl_typesupport_c: rosidl_typesupport_fastrtps_c;rosidl_typesupport_introspection_c
[4.339s] -- Using all available rosidl_typesupport_cpp: rosidl_typesupport_fastrtps_cpp;rosidl_typesupport_introspection_cpp
[4.650s] -- Found rmw_implementation_cmake: 6.1.1 (/opt/ros/humble/share/rmw_implementation_cmake/cmake)
[4.658s] -- Found rmw_fastrtps_cpp: 6.2.3 (/opt/ros/humble/share/rmw_fastrtps_cpp/cmake)
[5.045s] -- Found OpenSSL: /usr/lib/x86_64-linux-gnu/libcrypto.so (found version "3.0.2")  
[5.115s] -- Found FastRTPS: /opt/ros/humble/include  
[5.238s] -- Using RMW implementation 'rmw_fastrtps_cpp' as default
[5.265s] -- Found Threads: TRUE  
[5.811s] -- Found rclcpp_lifecycle: 16.0.5 (/opt/ros/humble/share/rclcpp_lifecycle/cmake)
[5.946s] -- Found Boost: /usr/lib/x86_64-linux-gnu/cmake/Boost-1.74.0/BoostConfig.cmake (found version "1.74.0") found components: filesystem 
[6.523s] -- library: /usr/lib/x86_64-linux-gnu/libcurl.so
[7.881s] -- Found Eigen3: TRUE (found version "3.4.0") 
[7.881s] -- Ensuring Eigen3 include directory is part of orocos-kdl CMake target
[12.041s] -- Found chomp_motion_planner: 2.5.4 (/home/kush/UR5_Project_New/src/install/chomp_motion_planner/share/chomp_motion_planner/cmake)
[12.068s] -- Found ament_lint_auto: 0.12.7 (/opt/ros/humble/share/ament_lint_auto/cmake)
[12.102s] -- Added test 'cppcheck' to perform static code analysis on C / C++ code
[12.104s] -- Configured cppcheck include dirs: /home/kush/UR5_Project_New/src/moveit2/moveit_planners/chomp/chomp_interface/include
[12.104s] -- Configured cppcheck exclude dirs and/or files: 
[12.107s] -- Added test 'xmllint' to check XML markup files
[12.111s] -- Configuring done
[12.271s] -- Generating done
[12.283s] -- Build files have been written to: /home/kush/UR5_Project_New/src/build/moveit_planners_chomp
[12.355s] Invoked command in '/home/kush/UR5_Project_New/src/build/moveit_planners_chomp' returned '0': AMENT_PREFIX_PATH=/home/kush/UR5_Project_New/src/install/chomp_motion_planner:/home/kush/UR5_Project_New/src/install/moveit_core:/home/kush/UR5_Project_New/src/install/srdfdom:/home/kush/UR5_Project_New/src/install/moveit_common:${AMENT_PREFIX_PATH} CMAKE_PREFIX_PATH=/home/kush/UR5_Project_New/src/install/chomp_motion_planner:/home/kush/UR5_Project_New/src/install/moveit_core:/home/kush/UR5_Project_New/src/install/srdfdom:/home/kush/UR5_Project_New/src/install/moveit_common:/opt/ros/humble LD_LIBRARY_PATH=/home/kush/UR5_Project_New/src/install/chomp_motion_planner/lib:/home/kush/UR5_Project_New/src/install/moveit_core/lib:/home/kush/UR5_Project_New/src/install/srdfdom/lib:${LD_LIBRARY_PATH} PATH=/home/kush/UR5_Project_New/src/install/moveit_core/bin:${PATH} PYTHONPATH=/home/kush/UR5_Project_New/src/install/srdfdom/local/lib/python3.10/dist-packages:${PYTHONPATH} /usr/bin/cmake /home/kush/UR5_Project_New/src/moveit2/moveit_planners/chomp/chomp_interface -DCMAKE_INSTALL_PREFIX=/home/kush/UR5_Project_New/src/install/moveit_planners_chomp
[12.356s] Invoking command in '/home/kush/UR5_Project_New/src/build/moveit_planners_chomp': AMENT_PREFIX_PATH=/home/kush/UR5_Project_New/src/install/chomp_motion_planner:/home/kush/UR5_Project_New/src/install/moveit_core:/home/kush/UR5_Project_New/src/install/srdfdom:/home/kush/UR5_Project_New/src/install/moveit_common:${AMENT_PREFIX_PATH} CMAKE_PREFIX_PATH=/home/kush/UR5_Project_New/src/install/chomp_motion_planner:/home/kush/UR5_Project_New/src/install/moveit_core:/home/kush/UR5_Project_New/src/install/srdfdom:/home/kush/UR5_Project_New/src/install/moveit_common:/opt/ros/humble LD_LIBRARY_PATH=/home/kush/UR5_Project_New/src/install/chomp_motion_planner/lib:/home/kush/UR5_Project_New/src/install/moveit_core/lib:/home/kush/UR5_Project_New/src/install/srdfdom/lib:${LD_LIBRARY_PATH} PATH=/home/kush/UR5_Project_New/src/install/moveit_core/bin:${PATH} PYTHONPATH=/home/kush/UR5_Project_New/src/install/srdfdom/local/lib/python3.10/dist-packages:${PYTHONPATH} /usr/bin/cmake --build /home/kush/UR5_Project_New/src/build/moveit_planners_chomp -- -j4 -l4
[12.613s] [ 20%] [32mBuilding CXX object CMakeFiles/moveit_chomp_interface.dir/src/chomp_interface.cpp.o[0m
[35.276s] [ 40%] [32mBuilding CXX object CMakeFiles/moveit_chomp_interface.dir/src/chomp_planning_context.cpp.o[0m
[51.657s] [ 60%] [32m[1mLinking CXX shared library libmoveit_chomp_interface.so[0m
[52.075s] [ 60%] Built target moveit_chomp_interface
[52.116s] [ 80%] [32mBuilding CXX object CMakeFiles/moveit_chomp_planner_plugin.dir/src/chomp_plugin.cpp.o[0m
[78.039s] [100%] [32m[1mLinking CXX shared library libmoveit_chomp_planner_plugin.so[0m
[78.601s] [100%] Built target moveit_chomp_planner_plugin
[78.650s] Invoked command in '/home/kush/UR5_Project_New/src/build/moveit_planners_chomp' returned '0': AMENT_PREFIX_PATH=/home/kush/UR5_Project_New/src/install/chomp_motion_planner:/home/kush/UR5_Project_New/src/install/moveit_core:/home/kush/UR5_Project_New/src/install/srdfdom:/home/kush/UR5_Project_New/src/install/moveit_common:${AMENT_PREFIX_PATH} CMAKE_PREFIX_PATH=/home/kush/UR5_Project_New/src/install/chomp_motion_planner:/home/kush/UR5_Project_New/src/install/moveit_core:/home/kush/UR5_Project_New/src/install/srdfdom:/home/kush/UR5_Project_New/src/install/moveit_common:/opt/ros/humble LD_LIBRARY_PATH=/home/kush/UR5_Project_New/src/install/chomp_motion_planner/lib:/home/kush/UR5_Project_New/src/install/moveit_core/lib:/home/kush/UR5_Project_New/src/install/srdfdom/lib:${LD_LIBRARY_PATH} PATH=/home/kush/UR5_Project_New/src/install/moveit_core/bin:${PATH} PYTHONPATH=/home/kush/UR5_Project_New/src/install/srdfdom/local/lib/python3.10/dist-packages:${PYTHONPATH} /usr/bin/cmake --build /home/kush/UR5_Project_New/src/build/moveit_planners_chomp -- -j4 -l4
[78.715s] Invoking command in '/home/kush/UR5_Project_New/src/build/moveit_planners_chomp': AMENT_PREFIX_PATH=/home/kush/UR5_Project_New/src/install/chomp_motion_planner:/home/kush/UR5_Project_New/src/install/moveit_core:/home/kush/UR5_Project_New/src/install/srdfdom:/home/kush/UR5_Project_New/src/install/moveit_common:${AMENT_PREFIX_PATH} CMAKE_PREFIX_PATH=/home/kush/UR5_Project_New/src/install/chomp_motion_planner:/home/kush/UR5_Project_New/src/install/moveit_core:/home/kush/UR5_Project_New/src/install/srdfdom:/home/kush/UR5_Project_New/src/install/moveit_common:/opt/ros/humble LD_LIBRARY_PATH=/home/kush/UR5_Project_New/src/install/chomp_motion_planner/lib:/home/kush/UR5_Project_New/src/install/moveit_core/lib:/home/kush/UR5_Project_New/src/install/srdfdom/lib:${LD_LIBRARY_PATH} PATH=/home/kush/UR5_Project_New/src/install/moveit_core/bin:${PATH} PYTHONPATH=/home/kush/UR5_Project_New/src/install/srdfdom/local/lib/python3.10/dist-packages:${PYTHONPATH} /usr/bin/cmake --install /home/kush/UR5_Project_New/src/build/moveit_planners_chomp
[78.734s] -- Install configuration: "Release"
[78.735s] -- Installing: /home/kush/UR5_Project_New/src/install/moveit_planners_chomp/lib/libmoveit_chomp_interface.so.2.5.4
[78.736s] -- Set runtime path of "/home/kush/UR5_Project_New/src/install/moveit_planners_chomp/lib/libmoveit_chomp_interface.so.2.5.4" to ""
[78.736s] -- Installing: /home/kush/UR5_Project_New/src/install/moveit_planners_chomp/lib/libmoveit_chomp_interface.so
[78.736s] -- Installing: /home/kush/UR5_Project_New/src/install/moveit_planners_chomp/lib/libmoveit_chomp_planner_plugin.so
[78.737s] -- Set runtime path of "/home/kush/UR5_Project_New/src/install/moveit_planners_chomp/lib/libmoveit_chomp_planner_plugin.so" to ""
[78.738s] -- Installing: /home/kush/UR5_Project_New/src/install/moveit_planners_chomp/share/moveit_planners_chomp/environment/library_path.sh
[78.738s] -- Installing: /home/kush/UR5_Project_New/src/install/moveit_planners_chomp/share/moveit_planners_chomp/environment/library_path.dsv
[78.738s] -- Installing: /home/kush/UR5_Project_New/src/install/moveit_planners_chomp/share/moveit_planners_chomp/chomp_interface_plugin_description.xml
[78.755s] -- Installing: /home/kush/UR5_Project_New/src/install/moveit_planners_chomp/share/ament_index/resource_index/package_run_dependencies/moveit_planners_chomp
[78.755s] -- Installing: /home/kush/UR5_Project_New/src/install/moveit_planners_chomp/share/ament_index/resource_index/parent_prefix_path/moveit_planners_chomp
[78.756s] -- Installing: /home/kush/UR5_Project_New/src/install/moveit_planners_chomp/share/moveit_planners_chomp/environment/ament_prefix_path.sh
[78.756s] -- Installing: /home/kush/UR5_Project_New/src/install/moveit_planners_chomp/share/moveit_planners_chomp/environment/ament_prefix_path.dsv
[78.757s] -- Installing: /home/kush/UR5_Project_New/src/install/moveit_planners_chomp/share/moveit_planners_chomp/environment/path.sh
[78.758s] -- Installing: /home/kush/UR5_Project_New/src/install/moveit_planners_chomp/share/moveit_planners_chomp/environment/path.dsv
[78.758s] -- Installing: /home/kush/UR5_Project_New/src/install/moveit_planners_chomp/share/moveit_planners_chomp/local_setup.bash
[78.758s] -- Installing: /home/kush/UR5_Project_New/src/install/moveit_planners_chomp/share/moveit_planners_chomp/local_setup.sh
[78.759s] -- Installing: /home/kush/UR5_Project_New/src/install/moveit_planners_chomp/share/moveit_planners_chomp/local_setup.zsh
[78.760s] -- Installing: /home/kush/UR5_Project_New/src/install/moveit_planners_chomp/share/moveit_planners_chomp/local_setup.dsv
[78.761s] -- Installing: /home/kush/UR5_Project_New/src/install/moveit_planners_chomp/share/moveit_planners_chomp/package.dsv
[78.761s] -- Installing: /home/kush/UR5_Project_New/src/install/moveit_planners_chomp/share/ament_index/resource_index/packages/moveit_planners_chomp
[78.762s] -- Installing: /home/kush/UR5_Project_New/src/install/moveit_planners_chomp/share/ament_index/resource_index/moveit_core__pluginlib__plugin/moveit_planners_chomp
[78.763s] -- Installing: /home/kush/UR5_Project_New/src/install/moveit_planners_chomp/share/moveit_planners_chomp/cmake/moveit_planners_chompTargetsExport.cmake
[78.764s] -- Installing: /home/kush/UR5_Project_New/src/install/moveit_planners_chomp/share/moveit_planners_chomp/cmake/moveit_planners_chompTargetsExport-release.cmake
[78.764s] -- Installing: /home/kush/UR5_Project_New/src/install/moveit_planners_chomp/share/moveit_planners_chomp/cmake/ament_cmake_export_targets-extras.cmake
[78.765s] -- Installing: /home/kush/UR5_Project_New/src/install/moveit_planners_chomp/share/moveit_planners_chomp/cmake/ament_cmake_export_dependencies-extras.cmake
[78.766s] -- Installing: /home/kush/UR5_Project_New/src/install/moveit_planners_chomp/share/moveit_planners_chomp/cmake/moveit_planners_chompConfig.cmake
[78.766s] -- Installing: /home/kush/UR5_Project_New/src/install/moveit_planners_chomp/share/moveit_planners_chomp/cmake/moveit_planners_chompConfig-version.cmake
[78.767s] -- Installing: /home/kush/UR5_Project_New/src/install/moveit_planners_chomp/share/moveit_planners_chomp/package.xml
[78.783s] Invoked command in '/home/kush/UR5_Project_New/src/build/moveit_planners_chomp' returned '0': AMENT_PREFIX_PATH=/home/kush/UR5_Project_New/src/install/chomp_motion_planner:/home/kush/UR5_Project_New/src/install/moveit_core:/home/kush/UR5_Project_New/src/install/srdfdom:/home/kush/UR5_Project_New/src/install/moveit_common:${AMENT_PREFIX_PATH} CMAKE_PREFIX_PATH=/home/kush/UR5_Project_New/src/install/chomp_motion_planner:/home/kush/UR5_Project_New/src/install/moveit_core:/home/kush/UR5_Project_New/src/install/srdfdom:/home/kush/UR5_Project_New/src/install/moveit_common:/opt/ros/humble LD_LIBRARY_PATH=/home/kush/UR5_Project_New/src/install/chomp_motion_planner/lib:/home/kush/UR5_Project_New/src/install/moveit_core/lib:/home/kush/UR5_Project_New/src/install/srdfdom/lib:${LD_LIBRARY_PATH} PATH=/home/kush/UR5_Project_New/src/install/moveit_core/bin:${PATH} PYTHONPATH=/home/kush/UR5_Project_New/src/install/srdfdom/local/lib/python3.10/dist-packages:${PYTHONPATH} /usr/bin/cmake --install /home/kush/UR5_Project_New/src/build/moveit_planners_chomp
