[1.973s] Invoking command in '/home/kush/UR5_Project_New/src/moveit2/moveit_configs_utils': AMENT_PREFIX_PATH=/home/kush/UR5_Project_New/install/srdfdom:/home/kush/UR5_Project_New/install/launch_param_builder:${AMENT_PREFIX_PATH} CMAKE_PREFIX_PATH=/home/kush/UR5_Project_New/install/srdfdom LD_LIBRARY_PATH=/home/kush/UR5_Project_New/install/srdfdom/lib:${LD_LIBRARY_PATH} PYTHONPATH=/home/kush/UR5_Project_New/build/moveit_configs_utils/prefix_override:/home/kush/UR5_Project_New/install/moveit_configs_utils/lib/python3.10/site-packages:/home/kush/UR5_Project_New/install/srdfdom/local/lib/python3.10/dist-packages:/home/kush/UR5_Project_New/install/launch_param_builder/lib/python3.10/site-packages:${PYTHONPATH} /usr/bin/python3 setup.py egg_info --egg-base ../../../build/moveit_configs_utils build --build-base /home/kush/UR5_Project_New/build/moveit_configs_utils/build install --record /home/kush/UR5_Project_New/build/moveit_configs_utils/install.log --single-version-externally-managed
[2.516s] running egg_info
[2.518s] writing ../../../build/moveit_configs_utils/moveit_configs_utils.egg-info/PKG-INFO
[2.518s] writing dependency_links to ../../../build/moveit_configs_utils/moveit_configs_utils.egg-info/dependency_links.txt
[2.519s] writing entry points to ../../../build/moveit_configs_utils/moveit_configs_utils.egg-info/entry_points.txt
[2.519s] writing requirements to ../../../build/moveit_configs_utils/moveit_configs_utils.egg-info/requires.txt
[2.521s] writing top-level names to ../../../build/moveit_configs_utils/moveit_configs_utils.egg-info/top_level.txt
[2.525s] reading manifest file '../../../build/moveit_configs_utils/moveit_configs_utils.egg-info/SOURCES.txt'
[2.537s] writing manifest file '../../../build/moveit_configs_utils/moveit_configs_utils.egg-info/SOURCES.txt'
[2.537s] running build
[2.538s] running build_py
[2.539s] running install
[2.539s] /usr/lib/python3/dist-packages/setuptools/command/install.py:34: SetuptoolsDeprecationWarning: setup.py install is deprecated. Use build and pip and other standards-based tools.
[2.540s]   warnings.warn(
[2.540s] running install_lib
[2.542s] running install_data
[2.544s] running install_egg_info
[2.548s] removing '/home/kush/UR5_Project_New/install/moveit_configs_utils/lib/python3.10/site-packages/moveit_configs_utils-2.5.3-py3.10.egg-info' (and everything under it)
[2.548s] Copying ../../../build/moveit_configs_utils/moveit_configs_utils.egg-info to /home/kush/UR5_Project_New/install/moveit_configs_utils/lib/python3.10/site-packages/moveit_configs_utils-2.5.3-py3.10.egg-info
[2.570s] running install_scripts
[2.610s] writing list of installed files to '/home/kush/UR5_Project_New/build/moveit_configs_utils/install.log'
[2.660s] Invoked command in '/home/kush/UR5_Project_New/src/moveit2/moveit_configs_utils' returned '0': AMENT_PREFIX_PATH=/home/kush/UR5_Project_New/install/srdfdom:/home/kush/UR5_Project_New/install/launch_param_builder:${AMENT_PREFIX_PATH} CMAKE_PREFIX_PATH=/home/kush/UR5_Project_New/install/srdfdom LD_LIBRARY_PATH=/home/kush/UR5_Project_New/install/srdfdom/lib:${LD_LIBRARY_PATH} PYTHONPATH=/home/kush/UR5_Project_New/build/moveit_configs_utils/prefix_override:/home/kush/UR5_Project_New/install/moveit_configs_utils/lib/python3.10/site-packages:/home/kush/UR5_Project_New/install/srdfdom/local/lib/python3.10/dist-packages:/home/kush/UR5_Project_New/install/launch_param_builder/lib/python3.10/site-packages:${PYTHONPATH} /usr/bin/python3 setup.py egg_info --egg-base ../../../build/moveit_configs_utils build --build-base /home/kush/UR5_Project_New/build/moveit_configs_utils/build install --record /home/kush/UR5_Project_New/build/moveit_configs_utils/install.log --single-version-externally-managed
