[0.384s] Invoking command in '/home/kush/UR5_Project_New/build/moveit_hybrid_planning': AMENT_PREFIX_PATH=/home/kush/UR5_Project_New/install/moveit_ros_planning_interface:/home/kush/UR5_Project_New/install/moveit_ros_move_group:/home/kush/UR5_Project_New/install/moveit_ros_warehouse:/home/kush/UR5_Project_New/install/moveit_planners_ompl:/home/kush/UR5_Project_New/install/moveit_kinematics:/home/kush/UR5_Project_New/install/moveit_ros_planning:/home/kush/UR5_Project_New/install/moveit_ros_occupancy_map_monitor:/home/kush/UR5_Project_New/install/moveit_core:/home/kush/UR5_Project_New/install/moveit_resources_panda_moveit_config:/home/kush/UR5_Project_New/install/srdfdom:/home/kush/UR5_Project_New/install/moveit_resources_panda_description:/home/kush/UR5_Project_New/install/moveit_common:${AMENT_PREFIX_PATH} CMAKE_PREFIX_PATH=/home/kush/UR5_Project_New/install/moveit_ros_planning_interface:/home/kush/UR5_Project_New/install/moveit_ros_move_group:/home/kush/UR5_Project_New/install/moveit_ros_warehouse:/home/kush/UR5_Project_New/install/moveit_planners_ompl:/home/kush/UR5_Project_New/install/moveit_kinematics:/home/kush/UR5_Project_New/install/moveit_ros_planning:/home/kush/UR5_Project_New/install/moveit_ros_occupancy_map_monitor:/home/kush/UR5_Project_New/install/moveit_core:/home/kush/UR5_Project_New/install/moveit_resources_panda_moveit_config:/home/kush/UR5_Project_New/install/srdfdom:/home/kush/UR5_Project_New/install/moveit_resources_panda_description:/home/kush/UR5_Project_New/install/moveit_common:/opt/ros/humble LD_LIBRARY_PATH=/home/kush/UR5_Project_New/install/moveit_ros_planning_interface/lib:/home/kush/UR5_Project_New/install/moveit_ros_move_group/lib:/home/kush/UR5_Project_New/install/moveit_ros_warehouse/lib:/home/kush/UR5_Project_New/install/moveit_planners_ompl/lib:/home/kush/UR5_Project_New/install/moveit_kinematics/lib:/home/kush/UR5_Project_New/install/moveit_ros_planning/lib:/home/kush/UR5_Project_New/install/moveit_ros_occupancy_map_monitor/lib:/home/kush/UR5_Project_New/install/moveit_core/lib:/home/kush/UR5_Project_New/install/srdfdom/lib:${LD_LIBRARY_PATH} PATH=/home/kush/UR5_Project_New/install/moveit_core/bin:${PATH} PYTHONPATH=/home/kush/UR5_Project_New/install/srdfdom/local/lib/python3.10/dist-packages:${PYTHONPATH} /usr/bin/cmake --build /home/kush/UR5_Project_New/build/moveit_hybrid_planning -- -j4 -l4
[0.750s] [35m[1mConsolidate compiler generated dependencies of target moveit_hybrid_planning_manager[0m
[0.893s] [ 10%] Built target moveit_hybrid_planning_manager
[0.968s] [35m[1mConsolidate compiler generated dependencies of target moveit_local_planner_component[0m
[1.108s] [ 20%] Built target moveit_local_planner_component
[1.204s] [35m[1mConsolidate compiler generated dependencies of target simple_sampler_plugin[0m
[1.384s] [ 30%] Built target simple_sampler_plugin
[1.508s] [35m[1mConsolidate compiler generated dependencies of target forward_trajectory_plugin[0m
[1.677s] [ 40%] Built target forward_trajectory_plugin
[1.739s] [35m[1mConsolidate compiler generated dependencies of target single_plan_execution_plugin[0m
[1.879s] [ 50%] Built target single_plan_execution_plugin
[1.968s] [35m[1mConsolidate compiler generated dependencies of target motion_planning_pipeline_plugin[0m
[2.159s] [ 60%] Built target motion_planning_pipeline_plugin
[2.240s] [35m[1mConsolidate compiler generated dependencies of target replan_invalidated_trajectory_plugin[0m
[2.378s] [ 70%] Built target replan_invalidated_trajectory_plugin
[2.472s] [35m[1mConsolidate compiler generated dependencies of target moveit_global_planner_component[0m
[2.658s] [ 80%] Built target moveit_global_planner_component
[2.743s] [35m[1mConsolidate compiler generated dependencies of target cancel_action[0m
[2.811s] [ 90%] Built target cancel_action
[2.846s] [35m[1mConsolidate compiler generated dependencies of target hybrid_planning_demo_node[0m
[2.959s] [100%] Built target hybrid_planning_demo_node
[3.019s] Invoked command in '/home/kush/UR5_Project_New/build/moveit_hybrid_planning' returned '0': AMENT_PREFIX_PATH=/home/kush/UR5_Project_New/install/moveit_ros_planning_interface:/home/kush/UR5_Project_New/install/moveit_ros_move_group:/home/kush/UR5_Project_New/install/moveit_ros_warehouse:/home/kush/UR5_Project_New/install/moveit_planners_ompl:/home/kush/UR5_Project_New/install/moveit_kinematics:/home/kush/UR5_Project_New/install/moveit_ros_planning:/home/kush/UR5_Project_New/install/moveit_ros_occupancy_map_monitor:/home/kush/UR5_Project_New/install/moveit_core:/home/kush/UR5_Project_New/install/moveit_resources_panda_moveit_config:/home/kush/UR5_Project_New/install/srdfdom:/home/kush/UR5_Project_New/install/moveit_resources_panda_description:/home/kush/UR5_Project_New/install/moveit_common:${AMENT_PREFIX_PATH} CMAKE_PREFIX_PATH=/home/kush/UR5_Project_New/install/moveit_ros_planning_interface:/home/kush/UR5_Project_New/install/moveit_ros_move_group:/home/kush/UR5_Project_New/install/moveit_ros_warehouse:/home/kush/UR5_Project_New/install/moveit_planners_ompl:/home/kush/UR5_Project_New/install/moveit_kinematics:/home/kush/UR5_Project_New/install/moveit_ros_planning:/home/kush/UR5_Project_New/install/moveit_ros_occupancy_map_monitor:/home/kush/UR5_Project_New/install/moveit_core:/home/kush/UR5_Project_New/install/moveit_resources_panda_moveit_config:/home/kush/UR5_Project_New/install/srdfdom:/home/kush/UR5_Project_New/install/moveit_resources_panda_description:/home/kush/UR5_Project_New/install/moveit_common:/opt/ros/humble LD_LIBRARY_PATH=/home/kush/UR5_Project_New/install/moveit_ros_planning_interface/lib:/home/kush/UR5_Project_New/install/moveit_ros_move_group/lib:/home/kush/UR5_Project_New/install/moveit_ros_warehouse/lib:/home/kush/UR5_Project_New/install/moveit_planners_ompl/lib:/home/kush/UR5_Project_New/install/moveit_kinematics/lib:/home/kush/UR5_Project_New/install/moveit_ros_planning/lib:/home/kush/UR5_Project_New/install/moveit_ros_occupancy_map_monitor/lib:/home/kush/UR5_Project_New/install/moveit_core/lib:/home/kush/UR5_Project_New/install/srdfdom/lib:${LD_LIBRARY_PATH} PATH=/home/kush/UR5_Project_New/install/moveit_core/bin:${PATH} PYTHONPATH=/home/kush/UR5_Project_New/install/srdfdom/local/lib/python3.10/dist-packages:${PYTHONPATH} /usr/bin/cmake --build /home/kush/UR5_Project_New/build/moveit_hybrid_planning -- -j4 -l4
[3.372s] Invoking command in '/home/kush/UR5_Project_New/build/moveit_hybrid_planning': AMENT_PREFIX_PATH=/home/kush/UR5_Project_New/install/moveit_ros_planning_interface:/home/kush/UR5_Project_New/install/moveit_ros_move_group:/home/kush/UR5_Project_New/install/moveit_ros_warehouse:/home/kush/UR5_Project_New/install/moveit_planners_ompl:/home/kush/UR5_Project_New/install/moveit_kinematics:/home/kush/UR5_Project_New/install/moveit_ros_planning:/home/kush/UR5_Project_New/install/moveit_ros_occupancy_map_monitor:/home/kush/UR5_Project_New/install/moveit_core:/home/kush/UR5_Project_New/install/moveit_resources_panda_moveit_config:/home/kush/UR5_Project_New/install/srdfdom:/home/kush/UR5_Project_New/install/moveit_resources_panda_description:/home/kush/UR5_Project_New/install/moveit_common:${AMENT_PREFIX_PATH} CMAKE_PREFIX_PATH=/home/kush/UR5_Project_New/install/moveit_ros_planning_interface:/home/kush/UR5_Project_New/install/moveit_ros_move_group:/home/kush/UR5_Project_New/install/moveit_ros_warehouse:/home/kush/UR5_Project_New/install/moveit_planners_ompl:/home/kush/UR5_Project_New/install/moveit_kinematics:/home/kush/UR5_Project_New/install/moveit_ros_planning:/home/kush/UR5_Project_New/install/moveit_ros_occupancy_map_monitor:/home/kush/UR5_Project_New/install/moveit_core:/home/kush/UR5_Project_New/install/moveit_resources_panda_moveit_config:/home/kush/UR5_Project_New/install/srdfdom:/home/kush/UR5_Project_New/install/moveit_resources_panda_description:/home/kush/UR5_Project_New/install/moveit_common:/opt/ros/humble LD_LIBRARY_PATH=/home/kush/UR5_Project_New/install/moveit_ros_planning_interface/lib:/home/kush/UR5_Project_New/install/moveit_ros_move_group/lib:/home/kush/UR5_Project_New/install/moveit_ros_warehouse/lib:/home/kush/UR5_Project_New/install/moveit_planners_ompl/lib:/home/kush/UR5_Project_New/install/moveit_kinematics/lib:/home/kush/UR5_Project_New/install/moveit_ros_planning/lib:/home/kush/UR5_Project_New/install/moveit_ros_occupancy_map_monitor/lib:/home/kush/UR5_Project_New/install/moveit_core/lib:/home/kush/UR5_Project_New/install/srdfdom/lib:${LD_LIBRARY_PATH} PATH=/home/kush/UR5_Project_New/install/moveit_core/bin:${PATH} PYTHONPATH=/home/kush/UR5_Project_New/install/srdfdom/local/lib/python3.10/dist-packages:${PYTHONPATH} /usr/bin/cmake --install /home/kush/UR5_Project_New/build/moveit_hybrid_planning
[3.423s] -- Install configuration: "Release"
[3.426s] -- Up-to-date: /home/kush/UR5_Project_New/install/moveit_hybrid_planning/lib/libmoveit_global_planner_component.so.2.5.4
[3.427s] -- Up-to-date: /home/kush/UR5_Project_New/install/moveit_hybrid_planning/lib/libmoveit_global_planner_component.so
[3.428s] -- Up-to-date: /home/kush/UR5_Project_New/install/moveit_hybrid_planning/lib/libmoveit_hybrid_planning_manager.so.2.5.4
[3.429s] -- Up-to-date: /home/kush/UR5_Project_New/install/moveit_hybrid_planning/lib/libmoveit_hybrid_planning_manager.so
[3.430s] -- Up-to-date: /home/kush/UR5_Project_New/install/moveit_hybrid_planning/lib/libmoveit_local_planner_component.so.2.5.4
[3.431s] -- Up-to-date: /home/kush/UR5_Project_New/install/moveit_hybrid_planning/lib/libmoveit_local_planner_component.so
[3.432s] -- Up-to-date: /home/kush/UR5_Project_New/install/moveit_hybrid_planning/lib/libforward_trajectory_plugin.so.2.5.4
[3.432s] -- Up-to-date: /home/kush/UR5_Project_New/install/moveit_hybrid_planning/lib/libforward_trajectory_plugin.so
[3.433s] -- Up-to-date: /home/kush/UR5_Project_New/install/moveit_hybrid_planning/lib/libmotion_planning_pipeline_plugin.so.2.5.4
[3.434s] -- Up-to-date: /home/kush/UR5_Project_New/install/moveit_hybrid_planning/lib/libmotion_planning_pipeline_plugin.so
[3.437s] -- Up-to-date: /home/kush/UR5_Project_New/install/moveit_hybrid_planning/lib/libreplan_invalidated_trajectory_plugin.so.2.5.4
[3.438s] -- Up-to-date: /home/kush/UR5_Project_New/install/moveit_hybrid_planning/lib/libreplan_invalidated_trajectory_plugin.so
[3.441s] -- Up-to-date: /home/kush/UR5_Project_New/install/moveit_hybrid_planning/lib/libsimple_sampler_plugin.so.2.5.4
[3.442s] -- Up-to-date: /home/kush/UR5_Project_New/install/moveit_hybrid_planning/lib/libsimple_sampler_plugin.so
[3.442s] -- Up-to-date: /home/kush/UR5_Project_New/install/moveit_hybrid_planning/lib/libsingle_plan_execution_plugin.so.2.5.4
[3.447s] -- Up-to-date: /home/kush/UR5_Project_New/install/moveit_hybrid_planning/lib/libsingle_plan_execution_plugin.so
[3.448s] -- Up-to-date: /home/kush/UR5_Project_New/install/moveit_hybrid_planning/lib/moveit_hybrid_planning/cancel_action
[3.449s] -- Up-to-date: /home/kush/UR5_Project_New/install/moveit_hybrid_planning/lib/moveit_hybrid_planning/hybrid_planning_demo_node
[3.450s] -- Up-to-date: /home/kush/UR5_Project_New/install/moveit_hybrid_planning/include
[3.450s] -- Up-to-date: /home/kush/UR5_Project_New/install/moveit_hybrid_planning/include/moveit
[3.451s] -- Up-to-date: /home/kush/UR5_Project_New/install/moveit_hybrid_planning/include/moveit/global_planner
[3.451s] -- Up-to-date: /home/kush/UR5_Project_New/install/moveit_hybrid_planning/include/moveit/global_planner/global_planner_interface.h
[3.451s] -- Up-to-date: /home/kush/UR5_Project_New/install/moveit_hybrid_planning/include/moveit/global_planner/global_planner_component.h
[3.452s] -- Up-to-date: /home/kush/UR5_Project_New/install/moveit_hybrid_planning/include
[3.452s] -- Up-to-date: /home/kush/UR5_Project_New/install/moveit_hybrid_planning/include/moveit
[3.452s] -- Up-to-date: /home/kush/UR5_Project_New/install/moveit_hybrid_planning/include/moveit/global_planner
[3.453s] -- Up-to-date: /home/kush/UR5_Project_New/install/moveit_hybrid_planning/include/moveit/global_planner/moveit_planning_pipeline.h
[3.453s] -- Up-to-date: /home/kush/UR5_Project_New/install/moveit_hybrid_planning/include
[3.454s] -- Up-to-date: /home/kush/UR5_Project_New/install/moveit_hybrid_planning/include/moveit
[3.454s] -- Up-to-date: /home/kush/UR5_Project_New/install/moveit_hybrid_planning/include/moveit/hybrid_planning_manager
[3.454s] -- Up-to-date: /home/kush/UR5_Project_New/install/moveit_hybrid_planning/include/moveit/hybrid_planning_manager/hybrid_planning_events.h
[3.459s] -- Up-to-date: /home/kush/UR5_Project_New/install/moveit_hybrid_planning/include/moveit/hybrid_planning_manager/moveit_error_code_interface.h
[3.459s] -- Up-to-date: /home/kush/UR5_Project_New/install/moveit_hybrid_planning/include/moveit/hybrid_planning_manager/planner_logic_interface.h
[3.460s] -- Up-to-date: /home/kush/UR5_Project_New/install/moveit_hybrid_planning/include/moveit/hybrid_planning_manager/hybrid_planning_manager.h
[3.460s] -- Up-to-date: /home/kush/UR5_Project_New/install/moveit_hybrid_planning/include
[3.461s] -- Up-to-date: /home/kush/UR5_Project_New/install/moveit_hybrid_planning/include/moveit
[3.461s] -- Up-to-date: /home/kush/UR5_Project_New/install/moveit_hybrid_planning/include/moveit/planner_logic_plugins
[3.461s] -- Up-to-date: /home/kush/UR5_Project_New/install/moveit_hybrid_planning/include/moveit/planner_logic_plugins/replan_invalidated_trajectory.h
[3.462s] -- Up-to-date: /home/kush/UR5_Project_New/install/moveit_hybrid_planning/include/moveit/planner_logic_plugins/single_plan_execution.h
[3.462s] -- Up-to-date: /home/kush/UR5_Project_New/install/moveit_hybrid_planning/include
[3.463s] -- Up-to-date: /home/kush/UR5_Project_New/install/moveit_hybrid_planning/include/moveit
[3.463s] -- Up-to-date: /home/kush/UR5_Project_New/install/moveit_hybrid_planning/include/moveit/local_planner
[3.463s] -- Up-to-date: /home/kush/UR5_Project_New/install/moveit_hybrid_planning/include/moveit/local_planner/local_constraint_solver_interface.h
[3.464s] -- Up-to-date: /home/kush/UR5_Project_New/install/moveit_hybrid_planning/include/moveit/local_planner/trajectory_operator_interface.h
[3.464s] -- Up-to-date: /home/kush/UR5_Project_New/install/moveit_hybrid_planning/include/moveit/local_planner/feedback_types.h
[3.465s] -- Up-to-date: /home/kush/UR5_Project_New/install/moveit_hybrid_planning/include/moveit/local_planner/local_planner_component.h
[3.465s] -- Up-to-date: /home/kush/UR5_Project_New/install/moveit_hybrid_planning/include
[3.466s] -- Up-to-date: /home/kush/UR5_Project_New/install/moveit_hybrid_planning/include/moveit
[3.466s] -- Up-to-date: /home/kush/UR5_Project_New/install/moveit_hybrid_planning/include/moveit/trajectory_operator_plugins
[3.466s] -- Up-to-date: /home/kush/UR5_Project_New/install/moveit_hybrid_planning/include/moveit/trajectory_operator_plugins/simple_sampler.h
[3.467s] -- Up-to-date: /home/kush/UR5_Project_New/install/moveit_hybrid_planning/include
[3.467s] -- Up-to-date: /home/kush/UR5_Project_New/install/moveit_hybrid_planning/include/moveit
[3.468s] -- Up-to-date: /home/kush/UR5_Project_New/install/moveit_hybrid_planning/include/moveit/local_constraint_solver_plugins
[3.468s] -- Up-to-date: /home/kush/UR5_Project_New/install/moveit_hybrid_planning/include/moveit/local_constraint_solver_plugins/forward_trajectory.h
[3.468s] -- Up-to-date: /home/kush/UR5_Project_New/install/moveit_hybrid_planning/share/moveit_hybrid_planning/launch
[3.469s] -- Up-to-date: /home/kush/UR5_Project_New/install/moveit_hybrid_planning/share/moveit_hybrid_planning/launch/test_basic_integration.test.py
[3.469s] -- Up-to-date: /home/kush/UR5_Project_New/install/moveit_hybrid_planning/share/moveit_hybrid_planning/launch/hybrid_planning_common.py
[3.470s] -- Up-to-date: /home/kush/UR5_Project_New/install/moveit_hybrid_planning/share/moveit_hybrid_planning/launch/hybrid_planning_demo.launch.py
[3.470s] -- Up-to-date: /home/kush/UR5_Project_New/install/moveit_hybrid_planning/share/moveit_hybrid_planning/config
[3.471s] -- Up-to-date: /home/kush/UR5_Project_New/install/moveit_hybrid_planning/share/moveit_hybrid_planning/config/local_planner.yaml
[3.471s] -- Up-to-date: /home/kush/UR5_Project_New/install/moveit_hybrid_planning/share/moveit_hybrid_planning/config/hybrid_planning_demo.rviz
[3.471s] -- Up-to-date: /home/kush/UR5_Project_New/install/moveit_hybrid_planning/share/moveit_hybrid_planning/config/global_planner.yaml
[3.472s] -- Up-to-date: /home/kush/UR5_Project_New/install/moveit_hybrid_planning/share/moveit_hybrid_planning/config/demo_controller.yaml
[3.472s] -- Up-to-date: /home/kush/UR5_Project_New/install/moveit_hybrid_planning/share/moveit_hybrid_planning/config/hybrid_planning_manager.yaml
[3.473s] -- Up-to-date: /home/kush/UR5_Project_New/install/moveit_hybrid_planning/share/moveit_hybrid_planning/config/common_hybrid_planning_params.yaml
[3.473s] -- Up-to-date: /home/kush/UR5_Project_New/install/moveit_hybrid_planning/share/moveit_hybrid_planning/single_plan_execution_plugin.xml
[3.475s] -- Up-to-date: /home/kush/UR5_Project_New/install/moveit_hybrid_planning/share/moveit_hybrid_planning/moveit_planning_pipeline_plugin.xml
[3.475s] -- Up-to-date: /home/kush/UR5_Project_New/install/moveit_hybrid_planning/share/moveit_hybrid_planning/simple_sampler_plugin.xml
[3.476s] -- Up-to-date: /home/kush/UR5_Project_New/install/moveit_hybrid_planning/share/moveit_hybrid_planning/replan_invalidated_trajectory_plugin.xml
[3.484s] -- Up-to-date: /home/kush/UR5_Project_New/install/moveit_hybrid_planning/share/moveit_hybrid_planning/forward_trajectory_plugin.xml
[3.485s] -- Up-to-date: /home/kush/UR5_Project_New/install/moveit_hybrid_planning/share/moveit_hybrid_planning/environment/library_path.sh
[3.485s] -- Up-to-date: /home/kush/UR5_Project_New/install/moveit_hybrid_planning/share/moveit_hybrid_planning/environment/library_path.dsv
[3.486s] -- Up-to-date: /home/kush/UR5_Project_New/install/moveit_hybrid_planning/share/ament_index/resource_index/package_run_dependencies/moveit_hybrid_planning
[3.486s] -- Up-to-date: /home/kush/UR5_Project_New/install/moveit_hybrid_planning/share/ament_index/resource_index/parent_prefix_path/moveit_hybrid_planning
[3.487s] -- Up-to-date: /home/kush/UR5_Project_New/install/moveit_hybrid_planning/share/moveit_hybrid_planning/environment/ament_prefix_path.sh
[3.487s] -- Up-to-date: /home/kush/UR5_Project_New/install/moveit_hybrid_planning/share/moveit_hybrid_planning/environment/ament_prefix_path.dsv
[3.488s] -- Up-to-date: /home/kush/UR5_Project_New/install/moveit_hybrid_planning/share/moveit_hybrid_planning/environment/path.sh
[3.488s] -- Up-to-date: /home/kush/UR5_Project_New/install/moveit_hybrid_planning/share/moveit_hybrid_planning/environment/path.dsv
[3.488s] -- Up-to-date: /home/kush/UR5_Project_New/install/moveit_hybrid_planning/share/moveit_hybrid_planning/local_setup.bash
[3.489s] -- Up-to-date: /home/kush/UR5_Project_New/install/moveit_hybrid_planning/share/moveit_hybrid_planning/local_setup.sh
[3.490s] -- Up-to-date: /home/kush/UR5_Project_New/install/moveit_hybrid_planning/share/moveit_hybrid_planning/local_setup.zsh
[3.490s] -- Up-to-date: /home/kush/UR5_Project_New/install/moveit_hybrid_planning/share/moveit_hybrid_planning/local_setup.dsv
[3.491s] -- Installing: /home/kush/UR5_Project_New/install/moveit_hybrid_planning/share/moveit_hybrid_planning/package.dsv
[3.492s] -- Up-to-date: /home/kush/UR5_Project_New/install/moveit_hybrid_planning/share/ament_index/resource_index/packages/moveit_hybrid_planning
[3.492s] -- Up-to-date: /home/kush/UR5_Project_New/install/moveit_hybrid_planning/share/ament_index/resource_index/moveit_hybrid_planning__pluginlib__plugin/moveit_hybrid_planning
[3.493s] -- Up-to-date: /home/kush/UR5_Project_New/install/moveit_hybrid_planning/share/ament_index/resource_index/rclcpp_components/moveit_hybrid_planning
[3.493s] -- Up-to-date: /home/kush/UR5_Project_New/install/moveit_hybrid_planning/share/moveit_hybrid_planning/cmake/export_moveit_hybrid_planningExport.cmake
[3.494s] -- Up-to-date: /home/kush/UR5_Project_New/install/moveit_hybrid_planning/share/moveit_hybrid_planning/cmake/export_moveit_hybrid_planningExport-release.cmake
[3.494s] -- Up-to-date: /home/kush/UR5_Project_New/install/moveit_hybrid_planning/share/moveit_hybrid_planning/cmake/ament_cmake_export_include_directories-extras.cmake
[3.494s] -- Up-to-date: /home/kush/UR5_Project_New/install/moveit_hybrid_planning/share/moveit_hybrid_planning/cmake/ament_cmake_export_libraries-extras.cmake
[3.506s] -- Up-to-date: /home/kush/UR5_Project_New/install/moveit_hybrid_planning/share/moveit_hybrid_planning/cmake/ament_cmake_export_dependencies-extras.cmake
[3.507s] -- Up-to-date: /home/kush/UR5_Project_New/install/moveit_hybrid_planning/share/moveit_hybrid_planning/cmake/ament_cmake_export_targets-extras.cmake
[3.507s] -- Up-to-date: /home/kush/UR5_Project_New/install/moveit_hybrid_planning/share/moveit_hybrid_planning/cmake/moveit_hybrid_planningConfig.cmake
[3.507s] -- Up-to-date: /home/kush/UR5_Project_New/install/moveit_hybrid_planning/share/moveit_hybrid_planning/cmake/moveit_hybrid_planningConfig-version.cmake
[3.507s] -- Up-to-date: /home/kush/UR5_Project_New/install/moveit_hybrid_planning/share/moveit_hybrid_planning/package.xml
[3.508s] Invoked command in '/home/kush/UR5_Project_New/build/moveit_hybrid_planning' returned '0': AMENT_PREFIX_PATH=/home/kush/UR5_Project_New/install/moveit_ros_planning_interface:/home/kush/UR5_Project_New/install/moveit_ros_move_group:/home/kush/UR5_Project_New/install/moveit_ros_warehouse:/home/kush/UR5_Project_New/install/moveit_planners_ompl:/home/kush/UR5_Project_New/install/moveit_kinematics:/home/kush/UR5_Project_New/install/moveit_ros_planning:/home/kush/UR5_Project_New/install/moveit_ros_occupancy_map_monitor:/home/kush/UR5_Project_New/install/moveit_core:/home/kush/UR5_Project_New/install/moveit_resources_panda_moveit_config:/home/kush/UR5_Project_New/install/srdfdom:/home/kush/UR5_Project_New/install/moveit_resources_panda_description:/home/kush/UR5_Project_New/install/moveit_common:${AMENT_PREFIX_PATH} CMAKE_PREFIX_PATH=/home/kush/UR5_Project_New/install/moveit_ros_planning_interface:/home/kush/UR5_Project_New/install/moveit_ros_move_group:/home/kush/UR5_Project_New/install/moveit_ros_warehouse:/home/kush/UR5_Project_New/install/moveit_planners_ompl:/home/kush/UR5_Project_New/install/moveit_kinematics:/home/kush/UR5_Project_New/install/moveit_ros_planning:/home/kush/UR5_Project_New/install/moveit_ros_occupancy_map_monitor:/home/kush/UR5_Project_New/install/moveit_core:/home/kush/UR5_Project_New/install/moveit_resources_panda_moveit_config:/home/kush/UR5_Project_New/install/srdfdom:/home/kush/UR5_Project_New/install/moveit_resources_panda_description:/home/kush/UR5_Project_New/install/moveit_common:/opt/ros/humble LD_LIBRARY_PATH=/home/kush/UR5_Project_New/install/moveit_ros_planning_interface/lib:/home/kush/UR5_Project_New/install/moveit_ros_move_group/lib:/home/kush/UR5_Project_New/install/moveit_ros_warehouse/lib:/home/kush/UR5_Project_New/install/moveit_planners_ompl/lib:/home/kush/UR5_Project_New/install/moveit_kinematics/lib:/home/kush/UR5_Project_New/install/moveit_ros_planning/lib:/home/kush/UR5_Project_New/install/moveit_ros_occupancy_map_monitor/lib:/home/kush/UR5_Project_New/install/moveit_core/lib:/home/kush/UR5_Project_New/install/srdfdom/lib:${LD_LIBRARY_PATH} PATH=/home/kush/UR5_Project_New/install/moveit_core/bin:${PATH} PYTHONPATH=/home/kush/UR5_Project_New/install/srdfdom/local/lib/python3.10/dist-packages:${PYTHONPATH} /usr/bin/cmake --install /home/kush/UR5_Project_New/build/moveit_hybrid_planning
