[0.149s] Invoking command in '/home/kush/UR5_Project_New/build/moveit_ros_control_interface': AMENT_PREFIX_PATH=/home/kush/UR5_Project_New/install/moveit_simple_controller_manager:/home/kush/UR5_Project_New/install/moveit_core:/home/kush/UR5_Project_New/install/srdfdom:/home/kush/UR5_Project_New/install/moveit_common:${AMENT_PREFIX_PATH} CMAKE_PREFIX_PATH=/home/kush/UR5_Project_New/install/moveit_simple_controller_manager:/home/kush/UR5_Project_New/install/moveit_core:/home/kush/UR5_Project_New/install/srdfdom:/home/kush/UR5_Project_New/install/moveit_common:/opt/ros/humble LD_LIBRARY_PATH=/home/kush/UR5_Project_New/install/moveit_simple_controller_manager/lib:/home/kush/UR5_Project_New/install/moveit_core/lib:/home/kush/UR5_Project_New/install/srdfdom/lib:${LD_LIBRARY_PATH} PATH=/home/kush/UR5_Project_New/install/moveit_core/bin:${PATH} PYTHONPATH=/home/kush/UR5_Project_New/install/srdfdom/local/lib/python3.10/dist-packages:${PYTHONPATH} /usr/bin/cmake /home/kush/UR5_Project_New/src/moveit2/moveit_plugins/moveit_ros_control_interface -DCMAKE_INSTALL_PREFIX=/home/kush/UR5_Project_New/install/moveit_ros_control_interface
[0.258s] -- Found ament_cmake: 1.3.5 (/opt/ros/humble/share/ament_cmake/cmake)
[0.735s] -- Found rclcpp_action: 16.0.5 (/opt/ros/humble/share/rclcpp_action/cmake)
[0.856s] -- Found rosidl_generator_c: 3.1.5 (/opt/ros/humble/share/rosidl_generator_c/cmake)
[0.864s] -- Found rosidl_adapter: 3.1.5 (/opt/ros/humble/share/rosidl_adapter/cmake)
[0.880s] -- Found rosidl_generator_cpp: 3.1.5 (/opt/ros/humble/share/rosidl_generator_cpp/cmake)
[0.911s] -- Using all available rosidl_typesupport_c: rosidl_typesupport_fastrtps_c;rosidl_typesupport_introspection_c
[0.958s] -- Using all available rosidl_typesupport_cpp: rosidl_typesupport_fastrtps_cpp;rosidl_typesupport_introspection_cpp
[1.348s] -- Found rmw_implementation_cmake: 6.1.1 (/opt/ros/humble/share/rmw_implementation_cmake/cmake)
[1.352s] -- Found rmw_fastrtps_cpp: 6.2.3 (/opt/ros/humble/share/rmw_fastrtps_cpp/cmake)
[1.742s] -- Using RMW implementation 'rmw_fastrtps_cpp' as default
[2.326s] -- Found controller_manager_msgs: 2.29.0 (/opt/ros/humble/share/controller_manager_msgs/cmake)
[2.475s] -- Found moveit_core: 2.5.4 (/home/kush/UR5_Project_New/install/moveit_core/share/moveit_core/cmake)
[2.507s] -- Found Boost: /usr/lib/x86_64-linux-gnu/cmake/Boost-1.74.0/BoostConfig.cmake (found version "1.74.0") found components: chrono date_time filesystem iostreams program_options regex serialization system thread 
[2.527s] -- Found parameter_traits: 0.3.3 (/opt/ros/humble/share/parameter_traits/cmake)
[2.568s] -- Found rclcpp_lifecycle: 16.0.5 (/opt/ros/humble/share/rclcpp_lifecycle/cmake)
[2.623s] -- Found Boost: /usr/lib/x86_64-linux-gnu/cmake/Boost-1.74.0/BoostConfig.cmake (found version "1.74.0") found components: filesystem 
[2.836s] -- library: /usr/lib/x86_64-linux-gnu/libcurl.so
[3.677s] -- Ensuring Eigen3 include directory is part of orocos-kdl CMake target
[6.787s] -- Found moveit_simple_controller_manager: 2.5.4 (/home/kush/UR5_Project_New/install/moveit_simple_controller_manager/share/moveit_simple_controller_manager/cmake)
[6.797s] -- Found Boost: /usr/lib/x86_64-linux-gnu/cmake/Boost-1.74.0/BoostConfig.cmake (found version "1.74.0") found components: thread 
[8.419s] -- Found moveit_common: 2.5.4 (/home/kush/UR5_Project_New/install/moveit_common/share/moveit_common/cmake)
[8.804s] -- Could NOT find libbfd (missing: LIBBFD_LIBRARY LIBBFD_INCLUDE_DIR) 
[8.805s] -- BACKWARD_HAS_UNWIND=1
[8.806s] -- BACKWARD_HAS_BACKTRACE=0
[8.806s] -- BACKWARD_HAS_BACKTRACE_SYMBOL=0
[8.806s] -- BACKWARD_HAS_DW=1
[8.806s] -- BACKWARD_HAS_BFD=0
[8.807s] -- Found Backward: /opt/ros/humble/share/backward_ros/cmake  
[8.834s] -- Found Boost: /usr/lib/x86_64-linux-gnu/cmake/Boost-1.74.0/BoostConfig.cmake (found version "1.74.0") found components: system thread 
[8.887s] -- Found ament_lint_auto: 0.12.7 (/opt/ros/humble/share/ament_lint_auto/cmake)
[8.927s] -- Added test 'cppcheck' to perform static code analysis on C / C++ code
[8.928s] -- Configured cppcheck include dirs: /home/kush/UR5_Project_New/src/moveit2/moveit_plugins/moveit_ros_control_interface/include
[8.928s] -- Configured cppcheck exclude dirs and/or files: 
[8.930s] -- Added test 'lint_cmake' to check CMake code style
[8.931s] -- Added test 'xmllint' to check XML markup files
[8.947s] -- Configuring done
[9.330s] -- Generating done
[9.347s] -- Build files have been written to: /home/kush/UR5_Project_New/build/moveit_ros_control_interface
[9.409s] Invoked command in '/home/kush/UR5_Project_New/build/moveit_ros_control_interface' returned '0': AMENT_PREFIX_PATH=/home/kush/UR5_Project_New/install/moveit_simple_controller_manager:/home/kush/UR5_Project_New/install/moveit_core:/home/kush/UR5_Project_New/install/srdfdom:/home/kush/UR5_Project_New/install/moveit_common:${AMENT_PREFIX_PATH} CMAKE_PREFIX_PATH=/home/kush/UR5_Project_New/install/moveit_simple_controller_manager:/home/kush/UR5_Project_New/install/moveit_core:/home/kush/UR5_Project_New/install/srdfdom:/home/kush/UR5_Project_New/install/moveit_common:/opt/ros/humble LD_LIBRARY_PATH=/home/kush/UR5_Project_New/install/moveit_simple_controller_manager/lib:/home/kush/UR5_Project_New/install/moveit_core/lib:/home/kush/UR5_Project_New/install/srdfdom/lib:${LD_LIBRARY_PATH} PATH=/home/kush/UR5_Project_New/install/moveit_core/bin:${PATH} PYTHONPATH=/home/kush/UR5_Project_New/install/srdfdom/local/lib/python3.10/dist-packages:${PYTHONPATH} /usr/bin/cmake /home/kush/UR5_Project_New/src/moveit2/moveit_plugins/moveit_ros_control_interface -DCMAKE_INSTALL_PREFIX=/home/kush/UR5_Project_New/install/moveit_ros_control_interface
[9.410s] Invoking command in '/home/kush/UR5_Project_New/build/moveit_ros_control_interface': AMENT_PREFIX_PATH=/home/kush/UR5_Project_New/install/moveit_simple_controller_manager:/home/kush/UR5_Project_New/install/moveit_core:/home/kush/UR5_Project_New/install/srdfdom:/home/kush/UR5_Project_New/install/moveit_common:${AMENT_PREFIX_PATH} CMAKE_PREFIX_PATH=/home/kush/UR5_Project_New/install/moveit_simple_controller_manager:/home/kush/UR5_Project_New/install/moveit_core:/home/kush/UR5_Project_New/install/srdfdom:/home/kush/UR5_Project_New/install/moveit_common:/opt/ros/humble LD_LIBRARY_PATH=/home/kush/UR5_Project_New/install/moveit_simple_controller_manager/lib:/home/kush/UR5_Project_New/install/moveit_core/lib:/home/kush/UR5_Project_New/install/srdfdom/lib:${LD_LIBRARY_PATH} PATH=/home/kush/UR5_Project_New/install/moveit_core/bin:${PATH} PYTHONPATH=/home/kush/UR5_Project_New/install/srdfdom/local/lib/python3.10/dist-packages:${PYTHONPATH} /usr/bin/cmake --build /home/kush/UR5_Project_New/build/moveit_ros_control_interface -- -j4 -l4
[9.667s] [35m[1mConsolidate compiler generated dependencies of target moveit_ros_control_interface_plugin[0m
[9.848s] [ 25%] Built target moveit_ros_control_interface_plugin
[9.921s] [35m[1mConsolidate compiler generated dependencies of target moveit_ros_control_interface_empty_plugin[0m
[10.038s] [ 50%] Built target moveit_ros_control_interface_empty_plugin
[10.155s] [35m[1mConsolidate compiler generated dependencies of target moveit_ros_control_interface_gripper_plugin[0m
[10.268s] [ 75%] Built target moveit_ros_control_interface_gripper_plugin
[10.312s] [35m[1mConsolidate compiler generated dependencies of target moveit_ros_control_interface_trajectory_plugin[0m
[10.405s] [100%] Built target moveit_ros_control_interface_trajectory_plugin
[10.453s] Invoked command in '/home/kush/UR5_Project_New/build/moveit_ros_control_interface' returned '0': AMENT_PREFIX_PATH=/home/kush/UR5_Project_New/install/moveit_simple_controller_manager:/home/kush/UR5_Project_New/install/moveit_core:/home/kush/UR5_Project_New/install/srdfdom:/home/kush/UR5_Project_New/install/moveit_common:${AMENT_PREFIX_PATH} CMAKE_PREFIX_PATH=/home/kush/UR5_Project_New/install/moveit_simple_controller_manager:/home/kush/UR5_Project_New/install/moveit_core:/home/kush/UR5_Project_New/install/srdfdom:/home/kush/UR5_Project_New/install/moveit_common:/opt/ros/humble LD_LIBRARY_PATH=/home/kush/UR5_Project_New/install/moveit_simple_controller_manager/lib:/home/kush/UR5_Project_New/install/moveit_core/lib:/home/kush/UR5_Project_New/install/srdfdom/lib:${LD_LIBRARY_PATH} PATH=/home/kush/UR5_Project_New/install/moveit_core/bin:${PATH} PYTHONPATH=/home/kush/UR5_Project_New/install/srdfdom/local/lib/python3.10/dist-packages:${PYTHONPATH} /usr/bin/cmake --build /home/kush/UR5_Project_New/build/moveit_ros_control_interface -- -j4 -l4
[10.676s] Invoking command in '/home/kush/UR5_Project_New/build/moveit_ros_control_interface': AMENT_PREFIX_PATH=/home/kush/UR5_Project_New/install/moveit_simple_controller_manager:/home/kush/UR5_Project_New/install/moveit_core:/home/kush/UR5_Project_New/install/srdfdom:/home/kush/UR5_Project_New/install/moveit_common:${AMENT_PREFIX_PATH} CMAKE_PREFIX_PATH=/home/kush/UR5_Project_New/install/moveit_simple_controller_manager:/home/kush/UR5_Project_New/install/moveit_core:/home/kush/UR5_Project_New/install/srdfdom:/home/kush/UR5_Project_New/install/moveit_common:/opt/ros/humble LD_LIBRARY_PATH=/home/kush/UR5_Project_New/install/moveit_simple_controller_manager/lib:/home/kush/UR5_Project_New/install/moveit_core/lib:/home/kush/UR5_Project_New/install/srdfdom/lib:${LD_LIBRARY_PATH} PATH=/home/kush/UR5_Project_New/install/moveit_core/bin:${PATH} PYTHONPATH=/home/kush/UR5_Project_New/install/srdfdom/local/lib/python3.10/dist-packages:${PYTHONPATH} /usr/bin/cmake --install /home/kush/UR5_Project_New/build/moveit_ros_control_interface
[10.708s] -- Install configuration: "Release"
[10.721s] -- Up-to-date: /home/kush/UR5_Project_New/install/moveit_ros_control_interface/lib/libmoveit_ros_control_interface_plugin.so.2.5.4
[10.722s] -- Up-to-date: /home/kush/UR5_Project_New/install/moveit_ros_control_interface/lib/libmoveit_ros_control_interface_plugin.so
[10.785s] -- Up-to-date: /home/kush/UR5_Project_New/install/moveit_ros_control_interface/lib/libmoveit_ros_control_interface_trajectory_plugin.so.2.5.4
[10.785s] -- Up-to-date: /home/kush/UR5_Project_New/install/moveit_ros_control_interface/lib/libmoveit_ros_control_interface_trajectory_plugin.so
[10.797s] -- Up-to-date: /home/kush/UR5_Project_New/install/moveit_ros_control_interface/lib/libmoveit_ros_control_interface_gripper_plugin.so.2.5.4
[10.799s] -- Up-to-date: /home/kush/UR5_Project_New/install/moveit_ros_control_interface/lib/libmoveit_ros_control_interface_gripper_plugin.so
[10.801s] -- Up-to-date: /home/kush/UR5_Project_New/install/moveit_ros_control_interface/lib/libmoveit_ros_control_interface_empty_plugin.so.2.5.4
[10.803s] -- Up-to-date: /home/kush/UR5_Project_New/install/moveit_ros_control_interface/lib/libmoveit_ros_control_interface_empty_plugin.so
[10.803s] -- Up-to-date: /home/kush/UR5_Project_New/install/moveit_ros_control_interface/include
[10.803s] -- Up-to-date: /home/kush/UR5_Project_New/install/moveit_ros_control_interface/include/moveit_ros_control_interface
[10.804s] -- Up-to-date: /home/kush/UR5_Project_New/install/moveit_ros_control_interface/include/moveit_ros_control_interface/ControllerHandle.h
[10.804s] -- Up-to-date: /home/kush/UR5_Project_New/install/moveit_ros_control_interface/share/moveit_ros_control_interface/moveit_core_plugins.xml
[10.809s] -- Up-to-date: /home/kush/UR5_Project_New/install/moveit_ros_control_interface/share/moveit_ros_control_interface/moveit_ros_control_interface_plugins.xml
[10.810s] -- Up-to-date: /home/kush/UR5_Project_New/install/moveit_ros_control_interface/share/moveit_ros_control_interface/environment/library_path.sh
[10.810s] -- Installing: /home/kush/UR5_Project_New/install/moveit_ros_control_interface/share/moveit_ros_control_interface/environment/library_path.dsv
[10.811s] -- Up-to-date: /home/kush/UR5_Project_New/install/moveit_ros_control_interface/share/ament_index/resource_index/package_run_dependencies/moveit_ros_control_interface
[10.811s] -- Installing: /home/kush/UR5_Project_New/install/moveit_ros_control_interface/share/ament_index/resource_index/parent_prefix_path/moveit_ros_control_interface
[10.812s] -- Up-to-date: /home/kush/UR5_Project_New/install/moveit_ros_control_interface/share/moveit_ros_control_interface/environment/ament_prefix_path.sh
[10.812s] -- Installing: /home/kush/UR5_Project_New/install/moveit_ros_control_interface/share/moveit_ros_control_interface/environment/ament_prefix_path.dsv
[10.812s] -- Up-to-date: /home/kush/UR5_Project_New/install/moveit_ros_control_interface/share/moveit_ros_control_interface/environment/path.sh
[10.812s] -- Installing: /home/kush/UR5_Project_New/install/moveit_ros_control_interface/share/moveit_ros_control_interface/environment/path.dsv
[10.813s] -- Up-to-date: /home/kush/UR5_Project_New/install/moveit_ros_control_interface/share/moveit_ros_control_interface/local_setup.bash
[10.813s] -- Up-to-date: /home/kush/UR5_Project_New/install/moveit_ros_control_interface/share/moveit_ros_control_interface/local_setup.sh
[10.813s] -- Up-to-date: /home/kush/UR5_Project_New/install/moveit_ros_control_interface/share/moveit_ros_control_interface/local_setup.zsh
[10.813s] -- Installing: /home/kush/UR5_Project_New/install/moveit_ros_control_interface/share/moveit_ros_control_interface/local_setup.dsv
[10.815s] -- Installing: /home/kush/UR5_Project_New/install/moveit_ros_control_interface/share/moveit_ros_control_interface/package.dsv
[10.816s] -- Up-to-date: /home/kush/UR5_Project_New/install/moveit_ros_control_interface/share/ament_index/resource_index/packages/moveit_ros_control_interface
[10.816s] -- Up-to-date: /home/kush/UR5_Project_New/install/moveit_ros_control_interface/share/ament_index/resource_index/moveit_core__pluginlib__plugin/moveit_ros_control_interface
[10.816s] -- Up-to-date: /home/kush/UR5_Project_New/install/moveit_ros_control_interface/share/ament_index/resource_index/moveit_ros_control_interface__pluginlib__plugin/moveit_ros_control_interface
[10.816s] -- Up-to-date: /home/kush/UR5_Project_New/install/moveit_ros_control_interface/share/moveit_ros_control_interface/cmake/export_moveit_ros_control_interfaceExport.cmake
[10.817s] -- Up-to-date: /home/kush/UR5_Project_New/install/moveit_ros_control_interface/share/moveit_ros_control_interface/cmake/export_moveit_ros_control_interfaceExport-release.cmake
[10.817s] -- Up-to-date: /home/kush/UR5_Project_New/install/moveit_ros_control_interface/share/moveit_ros_control_interface/cmake/ConfigExtras.cmake
[10.817s] -- Up-to-date: /home/kush/UR5_Project_New/install/moveit_ros_control_interface/share/moveit_ros_control_interface/cmake/ament_cmake_export_targets-extras.cmake
[10.817s] -- Up-to-date: /home/kush/UR5_Project_New/install/moveit_ros_control_interface/share/moveit_ros_control_interface/cmake/ament_cmake_export_dependencies-extras.cmake
[10.817s] -- Up-to-date: /home/kush/UR5_Project_New/install/moveit_ros_control_interface/share/moveit_ros_control_interface/cmake/moveit_ros_control_interfaceConfig.cmake
[10.817s] -- Up-to-date: /home/kush/UR5_Project_New/install/moveit_ros_control_interface/share/moveit_ros_control_interface/cmake/moveit_ros_control_interfaceConfig-version.cmake
[10.818s] -- Up-to-date: /home/kush/UR5_Project_New/install/moveit_ros_control_interface/share/moveit_ros_control_interface/package.xml
[10.825s] Invoked command in '/home/kush/UR5_Project_New/build/moveit_ros_control_interface' returned '0': AMENT_PREFIX_PATH=/home/kush/UR5_Project_New/install/moveit_simple_controller_manager:/home/kush/UR5_Project_New/install/moveit_core:/home/kush/UR5_Project_New/install/srdfdom:/home/kush/UR5_Project_New/install/moveit_common:${AMENT_PREFIX_PATH} CMAKE_PREFIX_PATH=/home/kush/UR5_Project_New/install/moveit_simple_controller_manager:/home/kush/UR5_Project_New/install/moveit_core:/home/kush/UR5_Project_New/install/srdfdom:/home/kush/UR5_Project_New/install/moveit_common:/opt/ros/humble LD_LIBRARY_PATH=/home/kush/UR5_Project_New/install/moveit_simple_controller_manager/lib:/home/kush/UR5_Project_New/install/moveit_core/lib:/home/kush/UR5_Project_New/install/srdfdom/lib:${LD_LIBRARY_PATH} PATH=/home/kush/UR5_Project_New/install/moveit_core/bin:${PATH} PYTHONPATH=/home/kush/UR5_Project_New/install/srdfdom/local/lib/python3.10/dist-packages:${PYTHONPATH} /usr/bin/cmake --install /home/kush/UR5_Project_New/build/moveit_ros_control_interface
