[0.097s] Invoking command in '/home/kush/UR5_Project_New/build/rosparam_shortcuts': CMAKE_PREFIX_PATH=/opt/ros/humble /usr/bin/cmake --build /home/kush/UR5_Project_New/build/rosparam_shortcuts -- -j4 -l4
[0.481s] [ 15%] Built target gtest_main
[0.483s] [ 30%] Built target gtest
[0.504s] [ 53%] Built target rosparam_shortcuts
[0.622s] [ 69%] Built target rosparam_shortcuts_example
[0.703s] [ 84%] Built target rosparam_shortcuts_node_parameters_example
[0.711s] [100%] Built target test_node_parameters
[0.760s] Invoked command in '/home/kush/UR5_Project_New/build/rosparam_shortcuts' returned '0': CMAKE_PREFIX_PATH=/opt/ros/humble /usr/bin/cmake --build /home/kush/UR5_Project_New/build/rosparam_shortcuts -- -j4 -l4
[0.974s] Invoking command in '/home/kush/UR5_Project_New/build/rosparam_shortcuts': CMAKE_PREFIX_PATH=/opt/ros/humble /usr/bin/cmake --install /home/kush/UR5_Project_New/build/rosparam_shortcuts
[0.992s] -- Install configuration: "Release"
[1.007s] -- Up-to-date: /home/kush/UR5_Project_New/install/rosparam_shortcuts/lib/librosparam_shortcuts.so
[1.008s] -- Up-to-date: /home/kush/UR5_Project_New/install/rosparam_shortcuts/lib/rosparam_shortcuts/example
[1.009s] -- Up-to-date: /home/kush/UR5_Project_New/install/rosparam_shortcuts/lib/rosparam_shortcuts/node_parameters_example
[1.009s] -- Up-to-date: /home/kush/UR5_Project_New/install/rosparam_shortcuts/include
[1.009s] -- Up-to-date: /home/kush/UR5_Project_New/install/rosparam_shortcuts/include/rosparam_shortcuts
[1.009s] -- Up-to-date: /home/kush/UR5_Project_New/install/rosparam_shortcuts/include/rosparam_shortcuts/node_parameters.h
[1.009s] -- Up-to-date: /home/kush/UR5_Project_New/install/rosparam_shortcuts/include/rosparam_shortcuts/rosparam_shortcuts.h
[1.009s] -- Up-to-date: /home/kush/UR5_Project_New/install/rosparam_shortcuts/share/rosparam_shortcuts/launch
[1.010s] -- Up-to-date: /home/kush/UR5_Project_New/install/rosparam_shortcuts/share/rosparam_shortcuts/launch/example.launch.py
[1.010s] -- Up-to-date: /home/kush/UR5_Project_New/install/rosparam_shortcuts/share/rosparam_shortcuts/config
[1.010s] -- Up-to-date: /home/kush/UR5_Project_New/install/rosparam_shortcuts/share/rosparam_shortcuts/config/example.yaml
[1.011s] -- Up-to-date: /home/kush/UR5_Project_New/install/rosparam_shortcuts/share/rosparam_shortcuts/environment/library_path.sh
[1.011s] -- Up-to-date: /home/kush/UR5_Project_New/install/rosparam_shortcuts/share/rosparam_shortcuts/environment/library_path.dsv
[1.011s] -- Up-to-date: /home/kush/UR5_Project_New/install/rosparam_shortcuts/share/ament_index/resource_index/package_run_dependencies/rosparam_shortcuts
[1.011s] -- Up-to-date: /home/kush/UR5_Project_New/install/rosparam_shortcuts/share/ament_index/resource_index/parent_prefix_path/rosparam_shortcuts
[1.012s] -- Up-to-date: /home/kush/UR5_Project_New/install/rosparam_shortcuts/share/rosparam_shortcuts/environment/ament_prefix_path.sh
[1.012s] -- Up-to-date: /home/kush/UR5_Project_New/install/rosparam_shortcuts/share/rosparam_shortcuts/environment/ament_prefix_path.dsv
[1.013s] -- Up-to-date: /home/kush/UR5_Project_New/install/rosparam_shortcuts/share/rosparam_shortcuts/environment/path.sh
[1.013s] -- Up-to-date: /home/kush/UR5_Project_New/install/rosparam_shortcuts/share/rosparam_shortcuts/environment/path.dsv
[1.013s] -- Up-to-date: /home/kush/UR5_Project_New/install/rosparam_shortcuts/share/rosparam_shortcuts/local_setup.bash
[1.014s] -- Up-to-date: /home/kush/UR5_Project_New/install/rosparam_shortcuts/share/rosparam_shortcuts/local_setup.sh
[1.014s] -- Up-to-date: /home/kush/UR5_Project_New/install/rosparam_shortcuts/share/rosparam_shortcuts/local_setup.zsh
[1.014s] -- Up-to-date: /home/kush/UR5_Project_New/install/rosparam_shortcuts/share/rosparam_shortcuts/local_setup.dsv
[1.015s] -- Installing: /home/kush/UR5_Project_New/install/rosparam_shortcuts/share/rosparam_shortcuts/package.dsv
[1.015s] -- Up-to-date: /home/kush/UR5_Project_New/install/rosparam_shortcuts/share/ament_index/resource_index/packages/rosparam_shortcuts
[1.015s] -- Up-to-date: /home/kush/UR5_Project_New/install/rosparam_shortcuts/share/rosparam_shortcuts/cmake/export_rosparam_shortcutsExport.cmake
[1.016s] -- Up-to-date: /home/kush/UR5_Project_New/install/rosparam_shortcuts/share/rosparam_shortcuts/cmake/export_rosparam_shortcutsExport-release.cmake
[1.016s] -- Up-to-date: /home/kush/UR5_Project_New/install/rosparam_shortcuts/share/rosparam_shortcuts/cmake/ament_cmake_export_targets-extras.cmake
[1.016s] -- Up-to-date: /home/kush/UR5_Project_New/install/rosparam_shortcuts/share/rosparam_shortcuts/cmake/ament_cmake_export_dependencies-extras.cmake
[1.016s] -- Up-to-date: /home/kush/UR5_Project_New/install/rosparam_shortcuts/share/rosparam_shortcuts/cmake/rosparam_shortcutsConfig.cmake
[1.030s] -- Up-to-date: /home/kush/UR5_Project_New/install/rosparam_shortcuts/share/rosparam_shortcuts/cmake/rosparam_shortcutsConfig-version.cmake
[1.030s] -- Up-to-date: /home/kush/UR5_Project_New/install/rosparam_shortcuts/share/rosparam_shortcuts/package.xml
[1.031s] Invoked command in '/home/kush/UR5_Project_New/build/rosparam_shortcuts' returned '0': CMAKE_PREFIX_PATH=/opt/ros/humble /usr/bin/cmake --install /home/kush/UR5_Project_New/build/rosparam_shortcuts
