[0.225s] Invoking command in '/home/kush/UR5_Project_New/build/moveit_ros_planning': AMENT_PREFIX_PATH=/home/kush/UR5_Project_New/install/moveit_ros_occupancy_map_monitor:/home/kush/UR5_Project_New/install/moveit_core:/home/kush/UR5_Project_New/install/moveit_resources_panda_moveit_config:/home/kush/UR5_Project_New/install/srdfdom:/home/kush/UR5_Project_New/install/moveit_resources_panda_description:/home/kush/UR5_Project_New/install/moveit_common:${AMENT_PREFIX_PATH} CMAKE_PREFIX_PATH=/home/kush/UR5_Project_New/install/moveit_ros_occupancy_map_monitor:/home/kush/UR5_Project_New/install/moveit_core:/home/kush/UR5_Project_New/install/moveit_resources_panda_moveit_config:/home/kush/UR5_Project_New/install/srdfdom:/home/kush/UR5_Project_New/install/moveit_resources_panda_description:/home/kush/UR5_Project_New/install/moveit_common:/opt/ros/humble LD_LIBRARY_PATH=/home/kush/UR5_Project_New/install/moveit_ros_occupancy_map_monitor/lib:/home/kush/UR5_Project_New/install/moveit_core/lib:/home/kush/UR5_Project_New/install/srdfdom/lib:${LD_LIBRARY_PATH} PATH=/home/kush/UR5_Project_New/install/moveit_core/bin:${PATH} PYTHONPATH=/home/kush/UR5_Project_New/install/srdfdom/local/lib/python3.10/dist-packages:${PYTHONPATH} /usr/bin/cmake --build /home/kush/UR5_Project_New/build/moveit_ros_planning -- -j4 -l4
[0.516s] [  3%] Built target moveit_collision_plugin_loader
[0.548s] [  8%] Built target moveit_rdf_loader
[0.655s] [ 12%] Built target moveit_planning_pipeline
[0.679s] [ 14%] Built target moveit_list_request_adapter_plugins
[0.739s] [ 32%] Built target moveit_default_planning_request_adapter_plugins
[0.761s] [ 35%] Built target gmock_main
[0.775s] [ 40%] Built target gmock
[0.905s] [ 43%] Built target moveit_kinematics_plugin_loader
[0.959s] [ 46%] Built target moveit_constraint_sampler_manager_loader
[1.100s] [ 50%] Built target moveit_robot_model_loader
[1.260s] [ 53%] Built target moveit_print_planning_model_info
[1.299s] [ 62%] Built target moveit_planning_scene_monitor
[1.473s] [ 66%] Built target demo_scene
[1.536s] [ 69%] Built target moveit_print_planning_scene_info
[1.573s] [ 72%] Built target trajectory_monitor_tests
[1.573s] [ 75%] Built target current_state_monitor_tests
[1.725s] [ 79%] Built target moveit_display_random_state
[1.742s] [ 82%] Built target moveit_visualize_robot_collision_volume
[1.823s] [ 85%] Built target moveit_evaluate_collision_checking_speed
[1.857s] [ 88%] Built target moveit_publish_scene_from_text
[1.917s] [ 91%] Built target moveit_trajectory_execution_manager
[2.076s] [ 95%] Built target moveit_plan_execution
[2.080s] [100%] Built target moveit_cpp
[2.156s] Invoked command in '/home/kush/UR5_Project_New/build/moveit_ros_planning' returned '0': AMENT_PREFIX_PATH=/home/kush/UR5_Project_New/install/moveit_ros_occupancy_map_monitor:/home/kush/UR5_Project_New/install/moveit_core:/home/kush/UR5_Project_New/install/moveit_resources_panda_moveit_config:/home/kush/UR5_Project_New/install/srdfdom:/home/kush/UR5_Project_New/install/moveit_resources_panda_description:/home/kush/UR5_Project_New/install/moveit_common:${AMENT_PREFIX_PATH} CMAKE_PREFIX_PATH=/home/kush/UR5_Project_New/install/moveit_ros_occupancy_map_monitor:/home/kush/UR5_Project_New/install/moveit_core:/home/kush/UR5_Project_New/install/moveit_resources_panda_moveit_config:/home/kush/UR5_Project_New/install/srdfdom:/home/kush/UR5_Project_New/install/moveit_resources_panda_description:/home/kush/UR5_Project_New/install/moveit_common:/opt/ros/humble LD_LIBRARY_PATH=/home/kush/UR5_Project_New/install/moveit_ros_occupancy_map_monitor/lib:/home/kush/UR5_Project_New/install/moveit_core/lib:/home/kush/UR5_Project_New/install/srdfdom/lib:${LD_LIBRARY_PATH} PATH=/home/kush/UR5_Project_New/install/moveit_core/bin:${PATH} PYTHONPATH=/home/kush/UR5_Project_New/install/srdfdom/local/lib/python3.10/dist-packages:${PYTHONPATH} /usr/bin/cmake --build /home/kush/UR5_Project_New/build/moveit_ros_planning -- -j4 -l4
[2.681s] Invoking command in '/home/kush/UR5_Project_New/build/moveit_ros_planning': AMENT_PREFIX_PATH=/home/kush/UR5_Project_New/install/moveit_ros_occupancy_map_monitor:/home/kush/UR5_Project_New/install/moveit_core:/home/kush/UR5_Project_New/install/moveit_resources_panda_moveit_config:/home/kush/UR5_Project_New/install/srdfdom:/home/kush/UR5_Project_New/install/moveit_resources_panda_description:/home/kush/UR5_Project_New/install/moveit_common:${AMENT_PREFIX_PATH} CMAKE_PREFIX_PATH=/home/kush/UR5_Project_New/install/moveit_ros_occupancy_map_monitor:/home/kush/UR5_Project_New/install/moveit_core:/home/kush/UR5_Project_New/install/moveit_resources_panda_moveit_config:/home/kush/UR5_Project_New/install/srdfdom:/home/kush/UR5_Project_New/install/moveit_resources_panda_description:/home/kush/UR5_Project_New/install/moveit_common:/opt/ros/humble LD_LIBRARY_PATH=/home/kush/UR5_Project_New/install/moveit_ros_occupancy_map_monitor/lib:/home/kush/UR5_Project_New/install/moveit_core/lib:/home/kush/UR5_Project_New/install/srdfdom/lib:${LD_LIBRARY_PATH} PATH=/home/kush/UR5_Project_New/install/moveit_core/bin:${PATH} PYTHONPATH=/home/kush/UR5_Project_New/install/srdfdom/local/lib/python3.10/dist-packages:${PYTHONPATH} /usr/bin/cmake --install /home/kush/UR5_Project_New/build/moveit_ros_planning
[2.707s] -- Install configuration: "Release"
[2.710s] -- Up-to-date: /home/kush/UR5_Project_New/install/moveit_ros_planning/include
[2.711s] -- Up-to-date: /home/kush/UR5_Project_New/install/moveit_ros_planning/include/moveit
[2.711s] -- Up-to-date: /home/kush/UR5_Project_New/install/moveit_ros_planning/include/moveit/rdf_loader
[2.711s] -- Up-to-date: /home/kush/UR5_Project_New/install/moveit_ros_planning/include/moveit/rdf_loader/synchronized_string_parameter.h
[2.715s] -- Up-to-date: /home/kush/UR5_Project_New/install/moveit_ros_planning/include/moveit/rdf_loader/rdf_loader.h
[2.715s] -- Up-to-date: /home/kush/UR5_Project_New/install/moveit_ros_planning/share/moveit_ros_planning/rdf_loader/test/data
[2.715s] -- Up-to-date: /home/kush/UR5_Project_New/install/moveit_ros_planning/share/moveit_ros_planning/rdf_loader/test/data/kermit.srdf
[2.716s] -- Up-to-date: /home/kush/UR5_Project_New/install/moveit_ros_planning/share/moveit_ros_planning/rdf_loader/test/data/gonzo.srdf
[2.716s] -- Up-to-date: /home/kush/UR5_Project_New/install/moveit_ros_planning/share/moveit_ros_planning/rdf_loader/test/data/kermit.urdf
[2.716s] -- Up-to-date: /home/kush/UR5_Project_New/install/moveit_ros_planning/share/moveit_ros_planning/rdf_loader/test/data/robin.srdf.xacro
[2.716s] -- Up-to-date: /home/kush/UR5_Project_New/install/moveit_ros_planning/share/moveit_ros_planning/rdf_loader/test/data/gonzo.urdf
[2.717s] -- Up-to-date: /home/kush/UR5_Project_New/install/moveit_ros_planning/share/moveit_ros_planning/rdf_loader/test/launch
[2.717s] -- Up-to-date: /home/kush/UR5_Project_New/install/moveit_ros_planning/share/moveit_ros_planning/rdf_loader/test/launch/test_rdf_integration.test.py
[2.717s] -- Up-to-date: /home/kush/UR5_Project_New/install/moveit_ros_planning/include
[2.718s] -- Up-to-date: /home/kush/UR5_Project_New/install/moveit_ros_planning/include/moveit
[2.718s] -- Up-to-date: /home/kush/UR5_Project_New/install/moveit_ros_planning/include/moveit/collision_plugin_loader
[2.718s] -- Up-to-date: /home/kush/UR5_Project_New/install/moveit_ros_planning/include/moveit/collision_plugin_loader/collision_plugin_loader.h
[2.719s] -- Up-to-date: /home/kush/UR5_Project_New/install/moveit_ros_planning/include
[2.719s] -- Up-to-date: /home/kush/UR5_Project_New/install/moveit_ros_planning/include/moveit
[2.719s] -- Up-to-date: /home/kush/UR5_Project_New/install/moveit_ros_planning/include/moveit/kinematics_plugin_loader
[2.719s] -- Up-to-date: /home/kush/UR5_Project_New/install/moveit_ros_planning/include/moveit/kinematics_plugin_loader/kinematics_plugin_loader.h
[2.720s] -- Up-to-date: /home/kush/UR5_Project_New/install/moveit_ros_planning/include
[2.720s] -- Up-to-date: /home/kush/UR5_Project_New/install/moveit_ros_planning/include/moveit
[2.720s] -- Up-to-date: /home/kush/UR5_Project_New/install/moveit_ros_planning/include/moveit/robot_model_loader
[2.720s] -- Up-to-date: /home/kush/UR5_Project_New/install/moveit_ros_planning/include/moveit/robot_model_loader/robot_model_loader.h
[2.720s] -- Up-to-date: /home/kush/UR5_Project_New/install/moveit_ros_planning/include
[2.721s] -- Up-to-date: /home/kush/UR5_Project_New/install/moveit_ros_planning/include/moveit
[2.724s] -- Up-to-date: /home/kush/UR5_Project_New/install/moveit_ros_planning/include/moveit/constraint_sampler_manager_loader
[2.724s] -- Up-to-date: /home/kush/UR5_Project_New/install/moveit_ros_planning/include/moveit/constraint_sampler_manager_loader/constraint_sampler_manager_loader.h
[2.724s] -- Up-to-date: /home/kush/UR5_Project_New/install/moveit_ros_planning/include
[2.724s] -- Up-to-date: /home/kush/UR5_Project_New/install/moveit_ros_planning/include/moveit
[2.725s] -- Up-to-date: /home/kush/UR5_Project_New/install/moveit_ros_planning/include/moveit/planning_pipeline
[2.725s] -- Up-to-date: /home/kush/UR5_Project_New/install/moveit_ros_planning/include/moveit/planning_pipeline/planning_pipeline.h
[2.725s] -- Up-to-date: /home/kush/UR5_Project_New/install/moveit_ros_planning/include/moveit_planning_pipeline_export.h
[2.725s] -- Up-to-date: /home/kush/UR5_Project_New/install/moveit_ros_planning/lib/moveit_ros_planning/moveit_list_request_adapter_plugins
[2.725s] -- Up-to-date: /home/kush/UR5_Project_New/install/moveit_ros_planning/lib/moveit_ros_planning/demo_scene
[2.726s] -- Up-to-date: /home/kush/UR5_Project_New/install/moveit_ros_planning/include
[2.727s] -- Up-to-date: /home/kush/UR5_Project_New/install/moveit_ros_planning/include/moveit
[2.727s] -- Up-to-date: /home/kush/UR5_Project_New/install/moveit_ros_planning/include/moveit/planning_scene_monitor
[2.727s] -- Up-to-date: /home/kush/UR5_Project_New/install/moveit_ros_planning/include/moveit/planning_scene_monitor/trajectory_monitor_middleware_handle.hpp
[2.728s] -- Up-to-date: /home/kush/UR5_Project_New/install/moveit_ros_planning/include/moveit/planning_scene_monitor/current_state_monitor_middleware_handle.hpp
[2.729s] -- Up-to-date: /home/kush/UR5_Project_New/install/moveit_ros_planning/include/moveit/planning_scene_monitor/trajectory_monitor.h
[2.730s] -- Up-to-date: /home/kush/UR5_Project_New/install/moveit_ros_planning/include/moveit/planning_scene_monitor/current_state_monitor.h
[2.733s] -- Up-to-date: /home/kush/UR5_Project_New/install/moveit_ros_planning/include/moveit/planning_scene_monitor/planning_scene_monitor.h
[2.733s] -- Up-to-date: /home/kush/UR5_Project_New/install/moveit_ros_planning/include/moveit_planning_scene_monitor_export.h
[2.734s] -- Up-to-date: /home/kush/UR5_Project_New/install/moveit_ros_planning/lib/moveit_ros_planning/moveit_print_planning_model_info
[2.734s] -- Up-to-date: /home/kush/UR5_Project_New/install/moveit_ros_planning/lib/moveit_ros_planning/moveit_print_planning_scene_info
[2.735s] -- Up-to-date: /home/kush/UR5_Project_New/install/moveit_ros_planning/lib/moveit_ros_planning/moveit_display_random_state
[2.736s] -- Up-to-date: /home/kush/UR5_Project_New/install/moveit_ros_planning/lib/moveit_ros_planning/moveit_visualize_robot_collision_volume
[2.737s] -- Up-to-date: /home/kush/UR5_Project_New/install/moveit_ros_planning/lib/moveit_ros_planning/moveit_evaluate_collision_checking_speed
[2.737s] -- Up-to-date: /home/kush/UR5_Project_New/install/moveit_ros_planning/lib/moveit_ros_planning/moveit_publish_scene_from_text
[2.738s] -- Up-to-date: /home/kush/UR5_Project_New/install/moveit_ros_planning/include
[2.739s] -- Up-to-date: /home/kush/UR5_Project_New/install/moveit_ros_planning/include/moveit
[2.740s] -- Up-to-date: /home/kush/UR5_Project_New/install/moveit_ros_planning/include/moveit/trajectory_execution_manager
[2.741s] -- Up-to-date: /home/kush/UR5_Project_New/install/moveit_ros_planning/include/moveit/trajectory_execution_manager/trajectory_execution_manager.h
[2.741s] -- Up-to-date: /home/kush/UR5_Project_New/install/moveit_ros_planning/include/moveit_trajectory_execution_manager_export.h
[2.742s] -- Up-to-date: /home/kush/UR5_Project_New/install/moveit_ros_planning/include
[2.743s] -- Up-to-date: /home/kush/UR5_Project_New/install/moveit_ros_planning/include/moveit
[2.743s] -- Up-to-date: /home/kush/UR5_Project_New/install/moveit_ros_planning/include/moveit/plan_execution
[2.743s] -- Up-to-date: /home/kush/UR5_Project_New/install/moveit_ros_planning/include/moveit/plan_execution/plan_representation.h
[2.754s] -- Up-to-date: /home/kush/UR5_Project_New/install/moveit_ros_planning/include/moveit/plan_execution/plan_execution.h
[2.754s] -- Up-to-date: /home/kush/UR5_Project_New/install/moveit_ros_planning/include
[2.754s] -- Up-to-date: /home/kush/UR5_Project_New/install/moveit_ros_planning/include/moveit
[2.754s] -- Up-to-date: /home/kush/UR5_Project_New/install/moveit_ros_planning/include/moveit/moveit_cpp
[2.755s] -- Up-to-date: /home/kush/UR5_Project_New/install/moveit_ros_planning/include/moveit/moveit_cpp/planning_component.h
[2.755s] -- Up-to-date: /home/kush/UR5_Project_New/install/moveit_ros_planning/include/moveit/moveit_cpp/moveit_cpp.h
[2.755s] -- Up-to-date: /home/kush/UR5_Project_New/install/moveit_ros_planning/lib/libmoveit_rdf_loader.so.2.5.4
[2.755s] -- Up-to-date: /home/kush/UR5_Project_New/install/moveit_ros_planning/lib/libmoveit_rdf_loader.so
[2.756s] -- Up-to-date: /home/kush/UR5_Project_New/install/moveit_ros_planning/lib/libmoveit_kinematics_plugin_loader.so.2.5.4
[2.756s] -- Up-to-date: /home/kush/UR5_Project_New/install/moveit_ros_planning/lib/libmoveit_kinematics_plugin_loader.so
[2.757s] -- Up-to-date: /home/kush/UR5_Project_New/install/moveit_ros_planning/lib/libmoveit_robot_model_loader.so.2.5.4
[2.757s] -- Up-to-date: /home/kush/UR5_Project_New/install/moveit_ros_planning/lib/libmoveit_robot_model_loader.so
[2.757s] -- Up-to-date: /home/kush/UR5_Project_New/install/moveit_ros_planning/lib/libmoveit_constraint_sampler_manager_loader.so.2.5.4
[2.757s] -- Up-to-date: /home/kush/UR5_Project_New/install/moveit_ros_planning/lib/libmoveit_constraint_sampler_manager_loader.so
[2.757s] -- Up-to-date: /home/kush/UR5_Project_New/install/moveit_ros_planning/lib/libmoveit_planning_pipeline.so.2.5.4
[2.757s] -- Up-to-date: /home/kush/UR5_Project_New/install/moveit_ros_planning/lib/libmoveit_planning_pipeline.so
[2.758s] -- Up-to-date: /home/kush/UR5_Project_New/install/moveit_ros_planning/lib/libmoveit_trajectory_execution_manager.so.2.5.4
[2.758s] -- Up-to-date: /home/kush/UR5_Project_New/install/moveit_ros_planning/lib/libmoveit_trajectory_execution_manager.so
[2.758s] -- Up-to-date: /home/kush/UR5_Project_New/install/moveit_ros_planning/lib/libmoveit_plan_execution.so.2.5.4
[2.758s] -- Up-to-date: /home/kush/UR5_Project_New/install/moveit_ros_planning/lib/libmoveit_plan_execution.so
[2.758s] -- Up-to-date: /home/kush/UR5_Project_New/install/moveit_ros_planning/lib/libmoveit_planning_scene_monitor.so.2.5.4
[2.758s] -- Up-to-date: /home/kush/UR5_Project_New/install/moveit_ros_planning/lib/libmoveit_planning_scene_monitor.so
[2.758s] -- Up-to-date: /home/kush/UR5_Project_New/install/moveit_ros_planning/lib/libmoveit_collision_plugin_loader.so.2.5.4
[2.759s] -- Up-to-date: /home/kush/UR5_Project_New/install/moveit_ros_planning/lib/libmoveit_collision_plugin_loader.so
[2.783s] -- Up-to-date: /home/kush/UR5_Project_New/install/moveit_ros_planning/lib/libmoveit_default_planning_request_adapter_plugins.so.2.5.4
[2.784s] -- Up-to-date: /home/kush/UR5_Project_New/install/moveit_ros_planning/lib/libmoveit_default_planning_request_adapter_plugins.so
[2.784s] -- Up-to-date: /home/kush/UR5_Project_New/install/moveit_ros_planning/lib/libmoveit_cpp.so.2.5.4
[2.784s] -- Up-to-date: /home/kush/UR5_Project_New/install/moveit_ros_planning/lib/libmoveit_cpp.so
[2.784s] -- Up-to-date: /home/kush/UR5_Project_New/install/moveit_ros_planning/share/moveit_ros_planning/environment/library_path.sh
[2.785s] -- Up-to-date: /home/kush/UR5_Project_New/install/moveit_ros_planning/share/moveit_ros_planning/environment/library_path.dsv
[2.785s] -- Up-to-date: /home/kush/UR5_Project_New/install/moveit_ros_planning/share/moveit_ros_planning/planning_request_adapters_plugin_description.xml
[2.785s] -- Up-to-date: /home/kush/UR5_Project_New/install/moveit_ros_planning/share/ament_index/resource_index/package_run_dependencies/moveit_ros_planning
[2.785s] -- Up-to-date: /home/kush/UR5_Project_New/install/moveit_ros_planning/share/ament_index/resource_index/parent_prefix_path/moveit_ros_planning
[2.785s] -- Up-to-date: /home/kush/UR5_Project_New/install/moveit_ros_planning/share/moveit_ros_planning/environment/ament_prefix_path.sh
[2.785s] -- Up-to-date: /home/kush/UR5_Project_New/install/moveit_ros_planning/share/moveit_ros_planning/environment/ament_prefix_path.dsv
[2.786s] -- Up-to-date: /home/kush/UR5_Project_New/install/moveit_ros_planning/share/moveit_ros_planning/environment/path.sh
[2.786s] -- Up-to-date: /home/kush/UR5_Project_New/install/moveit_ros_planning/share/moveit_ros_planning/environment/path.dsv
[2.786s] -- Up-to-date: /home/kush/UR5_Project_New/install/moveit_ros_planning/share/moveit_ros_planning/local_setup.bash
[2.786s] -- Up-to-date: /home/kush/UR5_Project_New/install/moveit_ros_planning/share/moveit_ros_planning/local_setup.sh
[2.786s] -- Up-to-date: /home/kush/UR5_Project_New/install/moveit_ros_planning/share/moveit_ros_planning/local_setup.zsh
[2.802s] -- Up-to-date: /home/kush/UR5_Project_New/install/moveit_ros_planning/share/moveit_ros_planning/local_setup.dsv
[2.802s] -- Installing: /home/kush/UR5_Project_New/install/moveit_ros_planning/share/moveit_ros_planning/package.dsv
[2.803s] -- Up-to-date: /home/kush/UR5_Project_New/install/moveit_ros_planning/share/ament_index/resource_index/packages/moveit_ros_planning
[2.803s] -- Up-to-date: /home/kush/UR5_Project_New/install/moveit_ros_planning/share/ament_index/resource_index/moveit_core__pluginlib__plugin/moveit_ros_planning
[2.803s] -- Up-to-date: /home/kush/UR5_Project_New/install/moveit_ros_planning/share/moveit_ros_planning/cmake/export_moveit_ros_planningExport.cmake
[2.803s] -- Up-to-date: /home/kush/UR5_Project_New/install/moveit_ros_planning/share/moveit_ros_planning/cmake/export_moveit_ros_planningExport-release.cmake
[2.803s] -- Up-to-date: /home/kush/UR5_Project_New/install/moveit_ros_planning/share/moveit_ros_planning/cmake/ConfigExtras.cmake
[2.803s] -- Up-to-date: /home/kush/UR5_Project_New/install/moveit_ros_planning/share/moveit_ros_planning/cmake/ament_cmake_export_targets-extras.cmake
[2.804s] -- Up-to-date: /home/kush/UR5_Project_New/install/moveit_ros_planning/share/moveit_ros_planning/cmake/ament_cmake_export_dependencies-extras.cmake
[2.804s] -- Up-to-date: /home/kush/UR5_Project_New/install/moveit_ros_planning/share/moveit_ros_planning/cmake/moveit_ros_planningConfig.cmake
[2.804s] -- Up-to-date: /home/kush/UR5_Project_New/install/moveit_ros_planning/share/moveit_ros_planning/cmake/moveit_ros_planningConfig-version.cmake
[2.804s] -- Up-to-date: /home/kush/UR5_Project_New/install/moveit_ros_planning/share/moveit_ros_planning/package.xml
[2.805s] Invoked command in '/home/kush/UR5_Project_New/build/moveit_ros_planning' returned '0': AMENT_PREFIX_PATH=/home/kush/UR5_Project_New/install/moveit_ros_occupancy_map_monitor:/home/kush/UR5_Project_New/install/moveit_core:/home/kush/UR5_Project_New/install/moveit_resources_panda_moveit_config:/home/kush/UR5_Project_New/install/srdfdom:/home/kush/UR5_Project_New/install/moveit_resources_panda_description:/home/kush/UR5_Project_New/install/moveit_common:${AMENT_PREFIX_PATH} CMAKE_PREFIX_PATH=/home/kush/UR5_Project_New/install/moveit_ros_occupancy_map_monitor:/home/kush/UR5_Project_New/install/moveit_core:/home/kush/UR5_Project_New/install/moveit_resources_panda_moveit_config:/home/kush/UR5_Project_New/install/srdfdom:/home/kush/UR5_Project_New/install/moveit_resources_panda_description:/home/kush/UR5_Project_New/install/moveit_common:/opt/ros/humble LD_LIBRARY_PATH=/home/kush/UR5_Project_New/install/moveit_ros_occupancy_map_monitor/lib:/home/kush/UR5_Project_New/install/moveit_core/lib:/home/kush/UR5_Project_New/install/srdfdom/lib:${LD_LIBRARY_PATH} PATH=/home/kush/UR5_Project_New/install/moveit_core/bin:${PATH} PYTHONPATH=/home/kush/UR5_Project_New/install/srdfdom/local/lib/python3.10/dist-packages:${PYTHONPATH} /usr/bin/cmake --install /home/kush/UR5_Project_New/build/moveit_ros_planning
