[0.389s] Invoking command in '/home/kush/UR5_Project_New/build/pilz_industrial_motion_planner': AMENT_PREFIX_PATH=/home/kush/UR5_Project_New/install/moveit_resources_prbt_pg70_support:/home/kush/UR5_Project_New/install/moveit_ros_planning_interface:/home/kush/UR5_Project_New/install/moveit_resources_prbt_moveit_config:/home/kush/UR5_Project_New/install/moveit_ros_move_group:/home/kush/UR5_Project_New/install/moveit_ros_warehouse:/home/kush/UR5_Project_New/install/moveit_kinematics:/home/kush/UR5_Project_New/install/moveit_ros_planning:/home/kush/UR5_Project_New/install/pilz_industrial_motion_planner_testutils:/home/kush/UR5_Project_New/install/moveit_ros_occupancy_map_monitor:/home/kush/UR5_Project_New/install/moveit_resources_prbt_ikfast_manipulator_plugin:/home/kush/UR5_Project_New/install/moveit_core:/home/kush/UR5_Project_New/install/moveit_resources_panda_moveit_config:/home/kush/UR5_Project_New/install/moveit_configs_utils:/home/kush/UR5_Project_New/install/srdfdom:/home/kush/UR5_Project_New/install/moveit_resources_prbt_support:/home/kush/UR5_Project_New/install/moveit_resources_panda_description:/home/kush/UR5_Project_New/install/moveit_common:/home/kush/UR5_Project_New/install/launch_param_builder:${AMENT_PREFIX_PATH} CMAKE_PREFIX_PATH=/home/kush/UR5_Project_New/install/moveit_resources_prbt_pg70_support:/home/kush/UR5_Project_New/install/moveit_ros_planning_interface:/home/kush/UR5_Project_New/install/moveit_resources_prbt_moveit_config:/home/kush/UR5_Project_New/install/moveit_ros_move_group:/home/kush/UR5_Project_New/install/moveit_ros_warehouse:/home/kush/UR5_Project_New/install/moveit_kinematics:/home/kush/UR5_Project_New/install/moveit_ros_planning:/home/kush/UR5_Project_New/install/pilz_industrial_motion_planner_testutils:/home/kush/UR5_Project_New/install/moveit_ros_occupancy_map_monitor:/home/kush/UR5_Project_New/install/moveit_resources_prbt_ikfast_manipulator_plugin:/home/kush/UR5_Project_New/install/moveit_core:/home/kush/UR5_Project_New/install/moveit_resources_panda_moveit_config:/home/kush/UR5_Project_New/install/srdfdom:/home/kush/UR5_Project_New/install/moveit_resources_prbt_support:/home/kush/UR5_Project_New/install/moveit_resources_panda_description:/home/kush/UR5_Project_New/install/moveit_common:/opt/ros/humble LD_LIBRARY_PATH=/home/kush/UR5_Project_New/install/moveit_ros_planning_interface/lib:/home/kush/UR5_Project_New/install/moveit_ros_move_group/lib:/home/kush/UR5_Project_New/install/moveit_ros_warehouse/lib:/home/kush/UR5_Project_New/install/moveit_kinematics/lib:/home/kush/UR5_Project_New/install/moveit_ros_planning/lib:/home/kush/UR5_Project_New/install/pilz_industrial_motion_planner_testutils/lib:/home/kush/UR5_Project_New/install/moveit_ros_occupancy_map_monitor/lib:/home/kush/UR5_Project_New/install/moveit_resources_prbt_ikfast_manipulator_plugin/lib:/home/kush/UR5_Project_New/install/moveit_core/lib:/home/kush/UR5_Project_New/install/srdfdom/lib:${LD_LIBRARY_PATH} PATH=/home/kush/UR5_Project_New/install/moveit_core/bin:${PATH} PYTHONPATH=/home/kush/UR5_Project_New/install/moveit_configs_utils/lib/python3.10/site-packages:/home/kush/UR5_Project_New/install/srdfdom/local/lib/python3.10/dist-packages:/home/kush/UR5_Project_New/install/launch_param_builder/lib/python3.10/site-packages:${PYTHONPATH} /usr/bin/cmake /home/kush/UR5_Project_New/src/moveit2/moveit_planners/pilz_industrial_motion_planner -DCMAKE_INSTALL_PREFIX=/home/kush/UR5_Project_New/install/pilz_industrial_motion_planner
[0.528s] -- Found moveit_common: 2.5.4 (/home/kush/UR5_Project_New/install/moveit_common/share/moveit_common/cmake)
[0.534s] -- Found ament_cmake: 1.3.5 (/opt/ros/humble/share/ament_cmake/cmake)
[1.239s] -- Could NOT find libbfd (missing: LIBBFD_LIBRARY LIBBFD_INCLUDE_DIR) 
[1.240s] -- BACKWARD_HAS_UNWIND=1
[1.240s] -- BACKWARD_HAS_BACKTRACE=0
[1.240s] -- BACKWARD_HAS_BACKTRACE_SYMBOL=0
[1.240s] -- BACKWARD_HAS_DW=1
[1.240s] -- BACKWARD_HAS_BFD=0
[1.240s] -- Found Backward: /opt/ros/humble/share/backward_ros/cmake  
[1.250s] -- Found eigen3_cmake_module: 0.1.1 (/opt/ros/humble/share/eigen3_cmake_module/cmake)
[1.253s] -- Found geometry_msgs: 4.2.3 (/opt/ros/humble/share/geometry_msgs/cmake)
[1.425s] -- Found rosidl_generator_c: 3.1.5 (/opt/ros/humble/share/rosidl_generator_c/cmake)
[1.435s] -- Found rosidl_adapter: 3.1.5 (/opt/ros/humble/share/rosidl_adapter/cmake)
[1.463s] -- Found rosidl_generator_cpp: 3.1.5 (/opt/ros/humble/share/rosidl_generator_cpp/cmake)
[1.530s] -- Using all available rosidl_typesupport_c: rosidl_typesupport_fastrtps_c;rosidl_typesupport_introspection_c
[1.659s] -- Using all available rosidl_typesupport_cpp: rosidl_typesupport_fastrtps_cpp;rosidl_typesupport_introspection_cpp
[2.141s] -- Found moveit_core: 2.5.4 (/home/kush/UR5_Project_New/install/moveit_core/share/moveit_core/cmake)
[2.179s] -- Found Boost: /usr/lib/x86_64-linux-gnu/cmake/Boost-1.74.0/BoostConfig.cmake (found version "1.74.0") found components: chrono date_time filesystem iostreams program_options regex serialization system thread 
[2.207s] -- Found parameter_traits: 0.3.3 (/opt/ros/humble/share/parameter_traits/cmake)
[2.362s] -- Found rmw_implementation_cmake: 6.1.1 (/opt/ros/humble/share/rmw_implementation_cmake/cmake)
[2.367s] -- Found rmw_fastrtps_cpp: 6.2.3 (/opt/ros/humble/share/rmw_fastrtps_cpp/cmake)
[2.880s] -- Using RMW implementation 'rmw_fastrtps_cpp' as default
[3.575s] -- Found rclcpp_lifecycle: 16.0.5 (/opt/ros/humble/share/rclcpp_lifecycle/cmake)
[3.835s] -- Found Boost: /usr/lib/x86_64-linux-gnu/cmake/Boost-1.74.0/BoostConfig.cmake (found version "1.74.0") found components: filesystem 
[4.072s] -- library: /usr/lib/x86_64-linux-gnu/libcurl.so
[5.934s] -- Ensuring Eigen3 include directory is part of orocos-kdl CMake target
[11.313s] -- Found moveit_ros_move_group: 2.5.4 (/home/kush/UR5_Project_New/install/moveit_ros_move_group/share/moveit_ros_move_group/cmake)
[11.325s] -- Found Boost: /usr/lib/x86_64-linux-gnu/cmake/Boost-1.74.0/BoostConfig.cmake (found version "1.74.0") found components: system filesystem date_time program_options thread 
[12.323s] -- Found Boost: /usr/lib/x86_64-linux-gnu/cmake/Boost-1.74.0/BoostConfig.cmake (found version "1.74.0") found components: system filesystem date_time program_options thread chrono 
[13.563s] -- Found moveit_ros_planning_interface: 2.5.4 (/home/kush/UR5_Project_New/install/moveit_ros_planning_interface/share/moveit_ros_planning_interface/cmake)
[13.579s] -- Found Boost: /usr/lib/x86_64-linux-gnu/cmake/Boost-1.74.0/BoostConfig.cmake (found version "1.74.0") found components: date_time filesystem program_options system thread 
[14.269s] -- Found Boost: /usr/lib/x86_64-linux-gnu/cmake/Boost-1.74.0/BoostConfig.cmake (found version "1.74.0") found components: thread system filesystem regex date_time program_options 
[15.545s] -- Found tf2_eigen_kdl: 0.25.3 (/opt/ros/humble/share/tf2_eigen_kdl/cmake)
[15.566s] -- Found tf2_kdl: 0.25.3 (/opt/ros/humble/share/tf2_kdl/cmake)
[15.629s] -- Found Boost: /usr/lib/x86_64-linux-gnu/cmake/Boost-1.74.0/BoostConfig.cmake (found version "1.74.0")  
[16.223s] -- Found ament_cmake_gtest: 1.3.5 (/opt/ros/humble/share/ament_cmake_gtest/cmake)
[16.225s] -- Found ament_cmake_gmock: 1.3.5 (/opt/ros/humble/share/ament_cmake_gmock/cmake)
[16.226s] -- Found ros_testing: 0.4.0 (/opt/ros/humble/share/ros_testing/cmake)
[16.226s] -- Found launch_testing_ament_cmake: 1.0.4 (/opt/ros/humble/share/launch_testing_ament_cmake/cmake)
[16.227s] -- Found python_cmake_module: 0.10.0 (/opt/ros/humble/share/python_cmake_module/cmake)
[16.308s] -- Using PYTHON_EXECUTABLE: /usr/bin/python3
[16.308s] -- Using PYTHON_INCLUDE_DIRS: /usr/include/python3.10
[16.309s] -- Using PYTHON_LIBRARIES: /usr/lib/x86_64-linux-gnu/libpython3.10.so
[16.312s] -- Found moveit_resources_prbt_support: 2.5.4 (/home/kush/UR5_Project_New/install/moveit_resources_prbt_support/share/moveit_resources_prbt_support/cmake)
[16.410s] -- Found moveit_resources_prbt_moveit_config: 2.5.4 (/home/kush/UR5_Project_New/install/moveit_resources_prbt_moveit_config/share/moveit_resources_prbt_moveit_config/cmake)
[16.418s] -- Found Boost: /usr/lib/x86_64-linux-gnu/cmake/Boost-1.74.0/BoostConfig.cmake (found version "1.74.0") found components: thread 
[16.420s] -- Found pilz_industrial_motion_planner_testutils: 2.5.4 (/home/kush/UR5_Project_New/install/pilz_industrial_motion_planner_testutils/share/pilz_industrial_motion_planner_testutils/cmake)
[17.814s] -- Found gtest sources under '/opt/ros/humble/src/gtest_vendor': C++ tests using 'Google Test' will be built
[17.912s] -- Found gmock sources under '/opt/ros/humble/src/gmock_vendor': C++ tests using 'Google Mock' will be built
[17.928s] -- Found ament_lint_auto: 0.12.7 (/opt/ros/humble/share/ament_lint_auto/cmake)
[19.436s] -- Found launch_testing_ament_cmake: 1.0.4 (/opt/ros/humble/share/launch_testing_ament_cmake/cmake)
[19.438s] -- Found python_cmake_module: 0.10.0 (/opt/ros/humble/share/python_cmake_module/cmake)
[19.496s] -- Using PYTHON_EXECUTABLE: /usr/bin/python3
[19.496s] -- Using PYTHON_INCLUDE_DIRS: /usr/include/python3.10
[19.496s] -- Using PYTHON_LIBRARIES: /usr/lib/x86_64-linux-gnu/libpython3.10.so
[19.664s] -- Added test 'cppcheck' to perform static code analysis on C / C++ code
[19.675s] -- Configured cppcheck include dirs: /home/kush/UR5_Project_New/src/moveit2/moveit_planners/pilz_industrial_motion_planner/include
[19.675s] -- Configured cppcheck exclude dirs and/or files: 
[19.679s] -- Added test 'pep257' to check Python code against some of the docstring style conventions in PEP 257
[19.682s] -- Added test 'xmllint' to check XML markup files
[19.781s] -- Configuring done
[23.521s] -- Generating done
[23.579s] -- Build files have been written to: /home/kush/UR5_Project_New/build/pilz_industrial_motion_planner
[23.681s] Invoked command in '/home/kush/UR5_Project_New/build/pilz_industrial_motion_planner' returned '0': AMENT_PREFIX_PATH=/home/kush/UR5_Project_New/install/moveit_resources_prbt_pg70_support:/home/kush/UR5_Project_New/install/moveit_ros_planning_interface:/home/kush/UR5_Project_New/install/moveit_resources_prbt_moveit_config:/home/kush/UR5_Project_New/install/moveit_ros_move_group:/home/kush/UR5_Project_New/install/moveit_ros_warehouse:/home/kush/UR5_Project_New/install/moveit_kinematics:/home/kush/UR5_Project_New/install/moveit_ros_planning:/home/kush/UR5_Project_New/install/pilz_industrial_motion_planner_testutils:/home/kush/UR5_Project_New/install/moveit_ros_occupancy_map_monitor:/home/kush/UR5_Project_New/install/moveit_resources_prbt_ikfast_manipulator_plugin:/home/kush/UR5_Project_New/install/moveit_core:/home/kush/UR5_Project_New/install/moveit_resources_panda_moveit_config:/home/kush/UR5_Project_New/install/moveit_configs_utils:/home/kush/UR5_Project_New/install/srdfdom:/home/kush/UR5_Project_New/install/moveit_resources_prbt_support:/home/kush/UR5_Project_New/install/moveit_resources_panda_description:/home/kush/UR5_Project_New/install/moveit_common:/home/kush/UR5_Project_New/install/launch_param_builder:${AMENT_PREFIX_PATH} CMAKE_PREFIX_PATH=/home/kush/UR5_Project_New/install/moveit_resources_prbt_pg70_support:/home/kush/UR5_Project_New/install/moveit_ros_planning_interface:/home/kush/UR5_Project_New/install/moveit_resources_prbt_moveit_config:/home/kush/UR5_Project_New/install/moveit_ros_move_group:/home/kush/UR5_Project_New/install/moveit_ros_warehouse:/home/kush/UR5_Project_New/install/moveit_kinematics:/home/kush/UR5_Project_New/install/moveit_ros_planning:/home/kush/UR5_Project_New/install/pilz_industrial_motion_planner_testutils:/home/kush/UR5_Project_New/install/moveit_ros_occupancy_map_monitor:/home/kush/UR5_Project_New/install/moveit_resources_prbt_ikfast_manipulator_plugin:/home/kush/UR5_Project_New/install/moveit_core:/home/kush/UR5_Project_New/install/moveit_resources_panda_moveit_config:/home/kush/UR5_Project_New/install/srdfdom:/home/kush/UR5_Project_New/install/moveit_resources_prbt_support:/home/kush/UR5_Project_New/install/moveit_resources_panda_description:/home/kush/UR5_Project_New/install/moveit_common:/opt/ros/humble LD_LIBRARY_PATH=/home/kush/UR5_Project_New/install/moveit_ros_planning_interface/lib:/home/kush/UR5_Project_New/install/moveit_ros_move_group/lib:/home/kush/UR5_Project_New/install/moveit_ros_warehouse/lib:/home/kush/UR5_Project_New/install/moveit_kinematics/lib:/home/kush/UR5_Project_New/install/moveit_ros_planning/lib:/home/kush/UR5_Project_New/install/pilz_industrial_motion_planner_testutils/lib:/home/kush/UR5_Project_New/install/moveit_ros_occupancy_map_monitor/lib:/home/kush/UR5_Project_New/install/moveit_resources_prbt_ikfast_manipulator_plugin/lib:/home/kush/UR5_Project_New/install/moveit_core/lib:/home/kush/UR5_Project_New/install/srdfdom/lib:${LD_LIBRARY_PATH} PATH=/home/kush/UR5_Project_New/install/moveit_core/bin:${PATH} PYTHONPATH=/home/kush/UR5_Project_New/install/moveit_configs_utils/lib/python3.10/site-packages:/home/kush/UR5_Project_New/install/srdfdom/local/lib/python3.10/dist-packages:/home/kush/UR5_Project_New/install/launch_param_builder/lib/python3.10/site-packages:${PYTHONPATH} /usr/bin/cmake /home/kush/UR5_Project_New/src/moveit2/moveit_planners/pilz_industrial_motion_planner -DCMAKE_INSTALL_PREFIX=/home/kush/UR5_Project_New/install/pilz_industrial_motion_planner
[23.682s] Invoking command in '/home/kush/UR5_Project_New/build/pilz_industrial_motion_planner': AMENT_PREFIX_PATH=/home/kush/UR5_Project_New/install/moveit_resources_prbt_pg70_support:/home/kush/UR5_Project_New/install/moveit_ros_planning_interface:/home/kush/UR5_Project_New/install/moveit_resources_prbt_moveit_config:/home/kush/UR5_Project_New/install/moveit_ros_move_group:/home/kush/UR5_Project_New/install/moveit_ros_warehouse:/home/kush/UR5_Project_New/install/moveit_kinematics:/home/kush/UR5_Project_New/install/moveit_ros_planning:/home/kush/UR5_Project_New/install/pilz_industrial_motion_planner_testutils:/home/kush/UR5_Project_New/install/moveit_ros_occupancy_map_monitor:/home/kush/UR5_Project_New/install/moveit_resources_prbt_ikfast_manipulator_plugin:/home/kush/UR5_Project_New/install/moveit_core:/home/kush/UR5_Project_New/install/moveit_resources_panda_moveit_config:/home/kush/UR5_Project_New/install/moveit_configs_utils:/home/kush/UR5_Project_New/install/srdfdom:/home/kush/UR5_Project_New/install/moveit_resources_prbt_support:/home/kush/UR5_Project_New/install/moveit_resources_panda_description:/home/kush/UR5_Project_New/install/moveit_common:/home/kush/UR5_Project_New/install/launch_param_builder:${AMENT_PREFIX_PATH} CMAKE_PREFIX_PATH=/home/kush/UR5_Project_New/install/moveit_resources_prbt_pg70_support:/home/kush/UR5_Project_New/install/moveit_ros_planning_interface:/home/kush/UR5_Project_New/install/moveit_resources_prbt_moveit_config:/home/kush/UR5_Project_New/install/moveit_ros_move_group:/home/kush/UR5_Project_New/install/moveit_ros_warehouse:/home/kush/UR5_Project_New/install/moveit_kinematics:/home/kush/UR5_Project_New/install/moveit_ros_planning:/home/kush/UR5_Project_New/install/pilz_industrial_motion_planner_testutils:/home/kush/UR5_Project_New/install/moveit_ros_occupancy_map_monitor:/home/kush/UR5_Project_New/install/moveit_resources_prbt_ikfast_manipulator_plugin:/home/kush/UR5_Project_New/install/moveit_core:/home/kush/UR5_Project_New/install/moveit_resources_panda_moveit_config:/home/kush/UR5_Project_New/install/srdfdom:/home/kush/UR5_Project_New/install/moveit_resources_prbt_support:/home/kush/UR5_Project_New/install/moveit_resources_panda_description:/home/kush/UR5_Project_New/install/moveit_common:/opt/ros/humble LD_LIBRARY_PATH=/home/kush/UR5_Project_New/install/moveit_ros_planning_interface/lib:/home/kush/UR5_Project_New/install/moveit_ros_move_group/lib:/home/kush/UR5_Project_New/install/moveit_ros_warehouse/lib:/home/kush/UR5_Project_New/install/moveit_kinematics/lib:/home/kush/UR5_Project_New/install/moveit_ros_planning/lib:/home/kush/UR5_Project_New/install/pilz_industrial_motion_planner_testutils/lib:/home/kush/UR5_Project_New/install/moveit_ros_occupancy_map_monitor/lib:/home/kush/UR5_Project_New/install/moveit_resources_prbt_ikfast_manipulator_plugin/lib:/home/kush/UR5_Project_New/install/moveit_core/lib:/home/kush/UR5_Project_New/install/srdfdom/lib:${LD_LIBRARY_PATH} PATH=/home/kush/UR5_Project_New/install/moveit_core/bin:${PATH} PYTHONPATH=/home/kush/UR5_Project_New/install/moveit_configs_utils/lib/python3.10/site-packages:/home/kush/UR5_Project_New/install/srdfdom/local/lib/python3.10/dist-packages:/home/kush/UR5_Project_New/install/launch_param_builder/lib/python3.10/site-packages:${PYTHONPATH} /usr/bin/cmake --build /home/kush/UR5_Project_New/build/pilz_industrial_motion_planner -- -j4 -l4
[23.817s] [35m[1mConsolidate compiler generated dependencies of target planning_context_loader_base[0m
[23.916s] [  2%] Built target planning_context_loader_base
[23.966s] [35m[1mConsolidate compiler generated dependencies of target gtest_main[0m
[24.026s] [  4%] Built target gtest_main
[24.115s] [35m[1mConsolidate compiler generated dependencies of target gtest[0m
[24.162s] [  7%] Built target gtest
[24.267s] [35m[1mConsolidate compiler generated dependencies of target gmock_main[0m
[24.313s] [  9%] Built target gmock_main
[24.372s] [35m[1mConsolidate compiler generated dependencies of target gmock[0m
[24.443s] [ 13%] Built target gmock
[24.556s] [35m[1mConsolidate compiler generated dependencies of target trajectory_generation_common[0m
[24.729s] [ 18%] Built target trajectory_generation_common
[24.791s] [35m[1mConsolidate compiler generated dependencies of target joint_limits_common[0m
[24.888s] [ 26%] Built target joint_limits_common
[24.950s] [35m[1mConsolidate compiler generated dependencies of target command_list_manager[0m
[25.082s] [ 30%] Built target command_list_manager
[25.157s] [35m[1mConsolidate compiler generated dependencies of target planning_context_loader_lin[0m
[25.276s] [ 34%] Built target planning_context_loader_lin
[25.365s] [35m[1mConsolidate compiler generated dependencies of target planning_context_loader_circ[0m
[25.491s] [ 39%] Built target planning_context_loader_circ
[25.552s] [35m[1mConsolidate compiler generated dependencies of target sequence_capability[0m
[25.720s] [ 43%] Built target sequence_capability
[25.790s] [35m[1mConsolidate compiler generated dependencies of target pilz_industrial_motion_planner_test_utils[0m
[25.874s] [ 45%] Built target pilz_industrial_motion_planner_test_utils
[25.909s] [35m[1mConsolidate compiler generated dependencies of target unittest_joint_limit[0m
[25.971s] [ 48%] Built target unittest_joint_limit
[26.043s] [35m[1mConsolidate compiler generated dependencies of target unittest_joint_limits_aggregator[0m
[26.143s] [ 50%] Built target unittest_joint_limits_aggregator
[26.182s] [35m[1mConsolidate compiler generated dependencies of target unittest_joint_limits_container[0m
[26.218s] [ 53%] Built target unittest_joint_limits_container
[26.246s] [35m[1mConsolidate compiler generated dependencies of target unittest_joint_limits_validator[0m
[26.283s] [ 55%] Built target unittest_joint_limits_validator
[26.312s] [35m[1mConsolidate compiler generated dependencies of target unittest_cartesian_limits_aggregator[0m
[26.361s] [ 57%] Built target unittest_cartesian_limits_aggregator
[26.408s] [35m[1mConsolidate compiler generated dependencies of target unittest_trajectory_functions[0m
[26.581s] [ 60%] Built target unittest_trajectory_functions
[26.636s] [35m[1mConsolidate compiler generated dependencies of target unittest_trajectory_blender_transition_window[0m
[26.817s] [ 63%] Built target unittest_trajectory_blender_transition_window
[26.946s] [35m[1mConsolidate compiler generated dependencies of target unittest_trajectory_generator_circ[0m
[27.083s] [ 66%] Built target unittest_trajectory_generator_circ
[27.165s] [35m[1mConsolidate compiler generated dependencies of target unittest_trajectory_generator_lin[0m
[27.330s] [ 68%] Built target unittest_trajectory_generator_lin
[27.428s] [35m[1mConsolidate compiler generated dependencies of target planning_context_loader_ptp[0m
[27.576s] [ 73%] Built target planning_context_loader_ptp
[27.623s] [35m[1mConsolidate compiler generated dependencies of target pilz_industrial_motion_planner[0m
[27.741s] [ 75%] Built target pilz_industrial_motion_planner
[27.808s] [35m[1mConsolidate compiler generated dependencies of target unittest_trajectory_generator_ptp[0m
[27.912s] [ 78%] Built target unittest_trajectory_generator_ptp
[27.984s] [35m[1mConsolidate compiler generated dependencies of target unittest_velocity_profile_atrap[0m
[28.051s] [ 81%] Built target unittest_velocity_profile_atrap
[28.110s] [35m[1mConsolidate compiler generated dependencies of target unittest_trajectory_generator[0m
[28.222s] [ 85%] Built target unittest_trajectory_generator
[28.263s] [35m[1mConsolidate compiler generated dependencies of target unittest_pilz_industrial_motion_planner[0m
[28.350s] [ 87%] Built target unittest_pilz_industrial_motion_planner
[28.391s] [35m[1mConsolidate compiler generated dependencies of target unittest_planning_context_loaders[0m
[28.478s] [ 90%] Built target unittest_planning_context_loaders
[28.547s] [35m[1mConsolidate compiler generated dependencies of target unittest_planning_context[0m
[28.733s] [ 92%] Built target unittest_planning_context
[28.781s] [35m[1mConsolidate compiler generated dependencies of target unittest_get_solver_tip_frame[0m
[28.897s] [ 95%] Built target unittest_get_solver_tip_frame
[28.988s] [35m[1mConsolidate compiler generated dependencies of target unittest_pilz_industrial_motion_planner_direct[0m
[29.063s] [ 97%] Built target unittest_pilz_industrial_motion_planner_direct
[29.174s] [35m[1mConsolidate compiler generated dependencies of target unittest_trajectory_generator_common[0m
[29.367s] [100%] Built target unittest_trajectory_generator_common
[29.473s] Invoked command in '/home/kush/UR5_Project_New/build/pilz_industrial_motion_planner' returned '0': AMENT_PREFIX_PATH=/home/kush/UR5_Project_New/install/moveit_resources_prbt_pg70_support:/home/kush/UR5_Project_New/install/moveit_ros_planning_interface:/home/kush/UR5_Project_New/install/moveit_resources_prbt_moveit_config:/home/kush/UR5_Project_New/install/moveit_ros_move_group:/home/kush/UR5_Project_New/install/moveit_ros_warehouse:/home/kush/UR5_Project_New/install/moveit_kinematics:/home/kush/UR5_Project_New/install/moveit_ros_planning:/home/kush/UR5_Project_New/install/pilz_industrial_motion_planner_testutils:/home/kush/UR5_Project_New/install/moveit_ros_occupancy_map_monitor:/home/kush/UR5_Project_New/install/moveit_resources_prbt_ikfast_manipulator_plugin:/home/kush/UR5_Project_New/install/moveit_core:/home/kush/UR5_Project_New/install/moveit_resources_panda_moveit_config:/home/kush/UR5_Project_New/install/moveit_configs_utils:/home/kush/UR5_Project_New/install/srdfdom:/home/kush/UR5_Project_New/install/moveit_resources_prbt_support:/home/kush/UR5_Project_New/install/moveit_resources_panda_description:/home/kush/UR5_Project_New/install/moveit_common:/home/kush/UR5_Project_New/install/launch_param_builder:${AMENT_PREFIX_PATH} CMAKE_PREFIX_PATH=/home/kush/UR5_Project_New/install/moveit_resources_prbt_pg70_support:/home/kush/UR5_Project_New/install/moveit_ros_planning_interface:/home/kush/UR5_Project_New/install/moveit_resources_prbt_moveit_config:/home/kush/UR5_Project_New/install/moveit_ros_move_group:/home/kush/UR5_Project_New/install/moveit_ros_warehouse:/home/kush/UR5_Project_New/install/moveit_kinematics:/home/kush/UR5_Project_New/install/moveit_ros_planning:/home/kush/UR5_Project_New/install/pilz_industrial_motion_planner_testutils:/home/kush/UR5_Project_New/install/moveit_ros_occupancy_map_monitor:/home/kush/UR5_Project_New/install/moveit_resources_prbt_ikfast_manipulator_plugin:/home/kush/UR5_Project_New/install/moveit_core:/home/kush/UR5_Project_New/install/moveit_resources_panda_moveit_config:/home/kush/UR5_Project_New/install/srdfdom:/home/kush/UR5_Project_New/install/moveit_resources_prbt_support:/home/kush/UR5_Project_New/install/moveit_resources_panda_description:/home/kush/UR5_Project_New/install/moveit_common:/opt/ros/humble LD_LIBRARY_PATH=/home/kush/UR5_Project_New/install/moveit_ros_planning_interface/lib:/home/kush/UR5_Project_New/install/moveit_ros_move_group/lib:/home/kush/UR5_Project_New/install/moveit_ros_warehouse/lib:/home/kush/UR5_Project_New/install/moveit_kinematics/lib:/home/kush/UR5_Project_New/install/moveit_ros_planning/lib:/home/kush/UR5_Project_New/install/pilz_industrial_motion_planner_testutils/lib:/home/kush/UR5_Project_New/install/moveit_ros_occupancy_map_monitor/lib:/home/kush/UR5_Project_New/install/moveit_resources_prbt_ikfast_manipulator_plugin/lib:/home/kush/UR5_Project_New/install/moveit_core/lib:/home/kush/UR5_Project_New/install/srdfdom/lib:${LD_LIBRARY_PATH} PATH=/home/kush/UR5_Project_New/install/moveit_core/bin:${PATH} PYTHONPATH=/home/kush/UR5_Project_New/install/moveit_configs_utils/lib/python3.10/site-packages:/home/kush/UR5_Project_New/install/srdfdom/local/lib/python3.10/dist-packages:/home/kush/UR5_Project_New/install/launch_param_builder/lib/python3.10/site-packages:${PYTHONPATH} /usr/bin/cmake --build /home/kush/UR5_Project_New/build/pilz_industrial_motion_planner -- -j4 -l4
[30.667s] Invoking command in '/home/kush/UR5_Project_New/build/pilz_industrial_motion_planner': AMENT_PREFIX_PATH=/home/kush/UR5_Project_New/install/moveit_resources_prbt_pg70_support:/home/kush/UR5_Project_New/install/moveit_ros_planning_interface:/home/kush/UR5_Project_New/install/moveit_resources_prbt_moveit_config:/home/kush/UR5_Project_New/install/moveit_ros_move_group:/home/kush/UR5_Project_New/install/moveit_ros_warehouse:/home/kush/UR5_Project_New/install/moveit_kinematics:/home/kush/UR5_Project_New/install/moveit_ros_planning:/home/kush/UR5_Project_New/install/pilz_industrial_motion_planner_testutils:/home/kush/UR5_Project_New/install/moveit_ros_occupancy_map_monitor:/home/kush/UR5_Project_New/install/moveit_resources_prbt_ikfast_manipulator_plugin:/home/kush/UR5_Project_New/install/moveit_core:/home/kush/UR5_Project_New/install/moveit_resources_panda_moveit_config:/home/kush/UR5_Project_New/install/moveit_configs_utils:/home/kush/UR5_Project_New/install/srdfdom:/home/kush/UR5_Project_New/install/moveit_resources_prbt_support:/home/kush/UR5_Project_New/install/moveit_resources_panda_description:/home/kush/UR5_Project_New/install/moveit_common:/home/kush/UR5_Project_New/install/launch_param_builder:${AMENT_PREFIX_PATH} CMAKE_PREFIX_PATH=/home/kush/UR5_Project_New/install/moveit_resources_prbt_pg70_support:/home/kush/UR5_Project_New/install/moveit_ros_planning_interface:/home/kush/UR5_Project_New/install/moveit_resources_prbt_moveit_config:/home/kush/UR5_Project_New/install/moveit_ros_move_group:/home/kush/UR5_Project_New/install/moveit_ros_warehouse:/home/kush/UR5_Project_New/install/moveit_kinematics:/home/kush/UR5_Project_New/install/moveit_ros_planning:/home/kush/UR5_Project_New/install/pilz_industrial_motion_planner_testutils:/home/kush/UR5_Project_New/install/moveit_ros_occupancy_map_monitor:/home/kush/UR5_Project_New/install/moveit_resources_prbt_ikfast_manipulator_plugin:/home/kush/UR5_Project_New/install/moveit_core:/home/kush/UR5_Project_New/install/moveit_resources_panda_moveit_config:/home/kush/UR5_Project_New/install/srdfdom:/home/kush/UR5_Project_New/install/moveit_resources_prbt_support:/home/kush/UR5_Project_New/install/moveit_resources_panda_description:/home/kush/UR5_Project_New/install/moveit_common:/opt/ros/humble LD_LIBRARY_PATH=/home/kush/UR5_Project_New/install/moveit_ros_planning_interface/lib:/home/kush/UR5_Project_New/install/moveit_ros_move_group/lib:/home/kush/UR5_Project_New/install/moveit_ros_warehouse/lib:/home/kush/UR5_Project_New/install/moveit_kinematics/lib:/home/kush/UR5_Project_New/install/moveit_ros_planning/lib:/home/kush/UR5_Project_New/install/pilz_industrial_motion_planner_testutils/lib:/home/kush/UR5_Project_New/install/moveit_ros_occupancy_map_monitor/lib:/home/kush/UR5_Project_New/install/moveit_resources_prbt_ikfast_manipulator_plugin/lib:/home/kush/UR5_Project_New/install/moveit_core/lib:/home/kush/UR5_Project_New/install/srdfdom/lib:${LD_LIBRARY_PATH} PATH=/home/kush/UR5_Project_New/install/moveit_core/bin:${PATH} PYTHONPATH=/home/kush/UR5_Project_New/install/moveit_configs_utils/lib/python3.10/site-packages:/home/kush/UR5_Project_New/install/srdfdom/local/lib/python3.10/dist-packages:/home/kush/UR5_Project_New/install/launch_param_builder/lib/python3.10/site-packages:${PYTHONPATH} /usr/bin/cmake --install /home/kush/UR5_Project_New/build/pilz_industrial_motion_planner
[30.685s] -- Install configuration: "Release"
[30.685s] -- Up-to-date: /home/kush/UR5_Project_New/install/pilz_industrial_motion_planner/share/pilz_industrial_motion_planner/plugins/pilz_industrial_motion_planner_plugin_description.xml
[30.685s] -- Up-to-date: /home/kush/UR5_Project_New/install/pilz_industrial_motion_planner/share/pilz_industrial_motion_planner/plugins/sequence_capability_plugin_description.xml
[30.685s] -- Up-to-date: /home/kush/UR5_Project_New/install/pilz_industrial_motion_planner/share/pilz_industrial_motion_planner/plugins/planning_context_plugin_description.xml
[30.704s] -- Up-to-date: /home/kush/UR5_Project_New/install/pilz_industrial_motion_planner/lib/libpilz_industrial_motion_planner.so
[30.748s] -- Up-to-date: /home/kush/UR5_Project_New/install/pilz_industrial_motion_planner/lib/libjoint_limits_common.so
[30.759s] -- Up-to-date: /home/kush/UR5_Project_New/install/pilz_industrial_motion_planner/lib/libplanning_context_loader_base.so
[30.780s] -- Up-to-date: /home/kush/UR5_Project_New/install/pilz_industrial_motion_planner/lib/libplanning_context_loader_ptp.so
[30.839s] -- Up-to-date: /home/kush/UR5_Project_New/install/pilz_industrial_motion_planner/lib/libplanning_context_loader_lin.so
[30.851s] -- Up-to-date: /home/kush/UR5_Project_New/install/pilz_industrial_motion_planner/lib/libplanning_context_loader_circ.so
[30.870s] -- Up-to-date: /home/kush/UR5_Project_New/install/pilz_industrial_motion_planner/lib/libcommand_list_manager.so
[30.922s] -- Up-to-date: /home/kush/UR5_Project_New/install/pilz_industrial_motion_planner/lib/libsequence_capability.so
[30.940s] -- Up-to-date: /home/kush/UR5_Project_New/install/pilz_industrial_motion_planner/lib/libtrajectory_generation_common.so
[30.940s] -- Up-to-date: /home/kush/UR5_Project_New/install/pilz_industrial_motion_planner/include
[30.941s] -- Up-to-date: /home/kush/UR5_Project_New/install/pilz_industrial_motion_planner/include/pilz_industrial_motion_planner
[30.942s] -- Up-to-date: /home/kush/UR5_Project_New/install/pilz_industrial_motion_planner/include/pilz_industrial_motion_planner/limits_container.h
[30.942s] -- Up-to-date: /home/kush/UR5_Project_New/install/pilz_industrial_motion_planner/include/pilz_industrial_motion_planner/trajectory_generator.h
[30.943s] -- Up-to-date: /home/kush/UR5_Project_New/install/pilz_industrial_motion_planner/include/pilz_industrial_motion_planner/joint_limits_extension.h
[30.943s] -- Up-to-date: /home/kush/UR5_Project_New/install/pilz_industrial_motion_planner/include/pilz_industrial_motion_planner/planning_context_loader.h
[30.943s] -- Up-to-date: /home/kush/UR5_Project_New/install/pilz_industrial_motion_planner/include/pilz_industrial_motion_planner/cartesian_limits_aggregator.h
[30.943s] -- Up-to-date: /home/kush/UR5_Project_New/install/pilz_industrial_motion_planner/include/pilz_industrial_motion_planner/planning_context_base.h
[30.943s] -- Up-to-date: /home/kush/UR5_Project_New/install/pilz_industrial_motion_planner/include/pilz_industrial_motion_planner/pilz_industrial_motion_planner.h
[30.944s] -- Up-to-date: /home/kush/UR5_Project_New/install/pilz_industrial_motion_planner/include/pilz_industrial_motion_planner/joint_limits_container.h
[30.944s] -- Up-to-date: /home/kush/UR5_Project_New/install/pilz_industrial_motion_planner/include/pilz_industrial_motion_planner/move_group_sequence_action.h
[30.946s] -- Up-to-date: /home/kush/UR5_Project_New/install/pilz_industrial_motion_planner/include/pilz_industrial_motion_planner/planning_context_loader_ptp.h
[30.946s] -- Up-to-date: /home/kush/UR5_Project_New/install/pilz_industrial_motion_planner/include/pilz_industrial_motion_planner/trajectory_blender.h
[30.947s] -- Up-to-date: /home/kush/UR5_Project_New/install/pilz_industrial_motion_planner/include/pilz_industrial_motion_planner/planning_exceptions.h
[30.947s] -- Up-to-date: /home/kush/UR5_Project_New/install/pilz_industrial_motion_planner/include/pilz_industrial_motion_planner/joint_limits_aggregator.h
[30.947s] -- Up-to-date: /home/kush/UR5_Project_New/install/pilz_industrial_motion_planner/include/pilz_industrial_motion_planner/cartesian_limit.h
[30.947s] -- Up-to-date: /home/kush/UR5_Project_New/install/pilz_industrial_motion_planner/include/pilz_industrial_motion_planner/trajectory_generator_circ.h
[30.947s] -- Up-to-date: /home/kush/UR5_Project_New/install/pilz_industrial_motion_planner/include/pilz_industrial_motion_planner/planning_context_lin.h
[30.947s] -- Up-to-date: /home/kush/UR5_Project_New/install/pilz_industrial_motion_planner/include/pilz_industrial_motion_planner/trajectory_blend_response.h
[30.947s] -- Up-to-date: /home/kush/UR5_Project_New/install/pilz_industrial_motion_planner/include/pilz_industrial_motion_planner/trajectory_blender_transition_window.h
[30.948s] -- Up-to-date: /home/kush/UR5_Project_New/install/pilz_industrial_motion_planner/include/pilz_industrial_motion_planner/planning_context_loader_lin.h
[30.948s] -- Up-to-date: /home/kush/UR5_Project_New/install/pilz_industrial_motion_planner/include/pilz_industrial_motion_planner/joint_limits_interface_extension.h
[30.948s] -- Up-to-date: /home/kush/UR5_Project_New/install/pilz_industrial_motion_planner/include/pilz_industrial_motion_planner/velocity_profile_atrap.h
[30.948s] -- Up-to-date: /home/kush/UR5_Project_New/install/pilz_industrial_motion_planner/include/pilz_industrial_motion_planner/path_circle_generator.h
[30.948s] -- Up-to-date: /home/kush/UR5_Project_New/install/pilz_industrial_motion_planner/include/pilz_industrial_motion_planner/move_group_sequence_service.h
[30.948s] -- Up-to-date: /home/kush/UR5_Project_New/install/pilz_industrial_motion_planner/include/pilz_industrial_motion_planner/command_list_manager.h
[30.949s] -- Up-to-date: /home/kush/UR5_Project_New/install/pilz_industrial_motion_planner/include/pilz_industrial_motion_planner/trajectory_generator_lin.h
[30.949s] -- Up-to-date: /home/kush/UR5_Project_New/install/pilz_industrial_motion_planner/include/pilz_industrial_motion_planner/trajectory_functions.h
[30.949s] -- Up-to-date: /home/kush/UR5_Project_New/install/pilz_industrial_motion_planner/include/pilz_industrial_motion_planner/capability_names.h
[30.949s] -- Up-to-date: /home/kush/UR5_Project_New/install/pilz_industrial_motion_planner/include/pilz_industrial_motion_planner/cartesian_trajectory.h
[30.949s] -- Up-to-date: /home/kush/UR5_Project_New/install/pilz_industrial_motion_planner/include/pilz_industrial_motion_planner/joint_limits_validator.h
[30.949s] -- Up-to-date: /home/kush/UR5_Project_New/install/pilz_industrial_motion_planner/include/pilz_industrial_motion_planner/planning_context_circ.h
[30.949s] -- Up-to-date: /home/kush/UR5_Project_New/install/pilz_industrial_motion_planner/include/pilz_industrial_motion_planner/planning_context_loader_circ.h
[30.950s] -- Up-to-date: /home/kush/UR5_Project_New/install/pilz_industrial_motion_planner/include/pilz_industrial_motion_planner/cartesian_trajectory_point.h
[30.954s] -- Up-to-date: /home/kush/UR5_Project_New/install/pilz_industrial_motion_planner/include/pilz_industrial_motion_planner/tip_frame_getter.h
[30.954s] -- Up-to-date: /home/kush/UR5_Project_New/install/pilz_industrial_motion_planner/include/pilz_industrial_motion_planner/trajectory_generator_ptp.h
[30.954s] -- Up-to-date: /home/kush/UR5_Project_New/install/pilz_industrial_motion_planner/include/pilz_industrial_motion_planner/plan_components_builder.h
[30.955s] -- Up-to-date: /home/kush/UR5_Project_New/install/pilz_industrial_motion_planner/include/pilz_industrial_motion_planner/trajectory_generation_exceptions.h
[30.955s] -- Up-to-date: /home/kush/UR5_Project_New/install/pilz_industrial_motion_planner/include/pilz_industrial_motion_planner/planning_context_ptp.h
[30.955s] -- Up-to-date: /home/kush/UR5_Project_New/install/pilz_industrial_motion_planner/include/pilz_industrial_motion_planner/trajectory_blend_request.h
[30.955s] -- Up-to-date: /home/kush/UR5_Project_New/install/pilz_industrial_motion_planner/include/joint_limits_copy
[30.955s] -- Up-to-date: /home/kush/UR5_Project_New/install/pilz_industrial_motion_planner/include/joint_limits_copy/joint_limits_rosparam.hpp
[30.955s] -- Up-to-date: /home/kush/UR5_Project_New/install/pilz_industrial_motion_planner/include/joint_limits_copy/joint_limits.hpp
[30.955s] -- Up-to-date: /home/kush/UR5_Project_New/install/pilz_industrial_motion_planner/share/pilz_industrial_motion_planner/environment/library_path.sh
[30.956s] -- Installing: /home/kush/UR5_Project_New/install/pilz_industrial_motion_planner/share/pilz_industrial_motion_planner/environment/library_path.dsv
[30.978s] -- Up-to-date: /home/kush/UR5_Project_New/install/pilz_industrial_motion_planner/lib/pilz_industrial_motion_planner/unittest_pilz_industrial_motion_planner_direct
[30.999s] -- Up-to-date: /home/kush/UR5_Project_New/install/pilz_industrial_motion_planner/lib/pilz_industrial_motion_planner/unittest_velocity_profile_atrap
[31.025s] -- Up-to-date: /home/kush/UR5_Project_New/install/pilz_industrial_motion_planner/lib/pilz_industrial_motion_planner/unittest_trajectory_generator
[31.046s] -- Up-to-date: /home/kush/UR5_Project_New/install/pilz_industrial_motion_planner/lib/pilz_industrial_motion_planner/unittest_trajectory_functions
[31.066s] -- Up-to-date: /home/kush/UR5_Project_New/install/pilz_industrial_motion_planner/lib/pilz_industrial_motion_planner/unittest_trajectory_blender_transition_window
[31.086s] -- Up-to-date: /home/kush/UR5_Project_New/install/pilz_industrial_motion_planner/lib/pilz_industrial_motion_planner/unittest_trajectory_generator_common
[31.111s] -- Up-to-date: /home/kush/UR5_Project_New/install/pilz_industrial_motion_planner/lib/pilz_industrial_motion_planner/unittest_trajectory_generator_circ
[31.138s] -- Up-to-date: /home/kush/UR5_Project_New/install/pilz_industrial_motion_planner/lib/pilz_industrial_motion_planner/unittest_trajectory_generator_lin
[31.168s] -- Up-to-date: /home/kush/UR5_Project_New/install/pilz_industrial_motion_planner/lib/pilz_industrial_motion_planner/unittest_trajectory_generator_ptp
[31.183s] -- Up-to-date: /home/kush/UR5_Project_New/install/pilz_industrial_motion_planner/lib/pilz_industrial_motion_planner/unittest_pilz_industrial_motion_planner
[31.208s] -- Up-to-date: /home/kush/UR5_Project_New/install/pilz_industrial_motion_planner/lib/pilz_industrial_motion_planner/unittest_joint_limit
[31.222s] -- Up-to-date: /home/kush/UR5_Project_New/install/pilz_industrial_motion_planner/lib/pilz_industrial_motion_planner/unittest_joint_limits_aggregator
[31.244s] -- Up-to-date: /home/kush/UR5_Project_New/install/pilz_industrial_motion_planner/lib/pilz_industrial_motion_planner/unittest_joint_limits_container
[31.262s] -- Up-to-date: /home/kush/UR5_Project_New/install/pilz_industrial_motion_planner/lib/pilz_industrial_motion_planner/unittest_joint_limits_validator
[31.280s] -- Up-to-date: /home/kush/UR5_Project_New/install/pilz_industrial_motion_planner/lib/pilz_industrial_motion_planner/unittest_cartesian_limits_aggregator
[31.310s] -- Up-to-date: /home/kush/UR5_Project_New/install/pilz_industrial_motion_planner/lib/pilz_industrial_motion_planner/unittest_planning_context_loaders
[31.333s] -- Up-to-date: /home/kush/UR5_Project_New/install/pilz_industrial_motion_planner/lib/pilz_industrial_motion_planner/unittest_planning_context
[31.359s] -- Up-to-date: /home/kush/UR5_Project_New/install/pilz_industrial_motion_planner/lib/pilz_industrial_motion_planner/unittest_get_solver_tip_frame
[31.360s] -- Up-to-date: /home/kush/UR5_Project_New/install/pilz_industrial_motion_planner/share/pilz_industrial_motion_planner/config
[31.361s] -- Up-to-date: /home/kush/UR5_Project_New/install/pilz_industrial_motion_planner/share/pilz_industrial_motion_planner/config/unittest_trajectory_generator_circ.yaml
[31.361s] -- Up-to-date: /home/kush/UR5_Project_New/install/pilz_industrial_motion_planner/share/pilz_industrial_motion_planner/config/unittest_trajectory_generator_lin.yaml
[31.362s] -- Up-to-date: /home/kush/UR5_Project_New/install/pilz_industrial_motion_planner/share/pilz_industrial_motion_planner/config/unittest_trajectory_generator_common.yaml
[31.362s] -- Up-to-date: /home/kush/UR5_Project_New/install/pilz_industrial_motion_planner/share/pilz_industrial_motion_planner/config/unittest_joint_limits_aggregator.yaml
[31.362s] -- Up-to-date: /home/kush/UR5_Project_New/install/pilz_industrial_motion_planner/share/pilz_industrial_motion_planner/config/unittest_cartesian_limits_aggregator.yaml
[31.363s] -- Up-to-date: /home/kush/UR5_Project_New/install/pilz_industrial_motion_planner/share/pilz_industrial_motion_planner/config/unittest_trajectory_functions.yaml
[31.364s] -- Up-to-date: /home/kush/UR5_Project_New/install/pilz_industrial_motion_planner/share/pilz_industrial_motion_planner/config/unittest_trajectory_blender_transition_window.yaml
[31.364s] -- Up-to-date: /home/kush/UR5_Project_New/install/pilz_industrial_motion_planner/share/pilz_industrial_motion_planner/config/unittest_trajectory_generator_ptp.yaml
[31.364s] -- Up-to-date: /home/kush/UR5_Project_New/install/pilz_industrial_motion_planner/share/pilz_industrial_motion_planner/config/unittest_joint_limit_config.yaml
[31.364s] -- Up-to-date: /home/kush/UR5_Project_New/install/pilz_industrial_motion_planner/share/pilz_industrial_motion_planner/launch
[31.366s] -- Up-to-date: /home/kush/UR5_Project_New/install/pilz_industrial_motion_planner/share/pilz_industrial_motion_planner/launch/unittest_planning_context.test.py
[31.366s] -- Up-to-date: /home/kush/UR5_Project_New/install/pilz_industrial_motion_planner/share/pilz_industrial_motion_planner/launch/unittest_trajectory_blender_transition_window.test.py
[31.366s] -- Up-to-date: /home/kush/UR5_Project_New/install/pilz_industrial_motion_planner/share/pilz_industrial_motion_planner/launch/unittest_joint_limit.test.py
[31.367s] -- Up-to-date: /home/kush/UR5_Project_New/install/pilz_industrial_motion_planner/share/pilz_industrial_motion_planner/launch/unittest_trajectory_generator_lin.test.py
[31.367s] -- Up-to-date: /home/kush/UR5_Project_New/install/pilz_industrial_motion_planner/share/pilz_industrial_motion_planner/launch/unittest_joint_limits_aggregator.test.py
[31.367s] -- Up-to-date: /home/kush/UR5_Project_New/install/pilz_industrial_motion_planner/share/pilz_industrial_motion_planner/launch/unittest_trajectory_generator_common.test.py
[31.367s] -- Up-to-date: /home/kush/UR5_Project_New/install/pilz_industrial_motion_planner/share/pilz_industrial_motion_planner/launch/unittest_trajectory_functions.test.py
[31.367s] -- Up-to-date: /home/kush/UR5_Project_New/install/pilz_industrial_motion_planner/share/pilz_industrial_motion_planner/launch/unittest_trajectory_generator_ptp.test.py
[31.368s] -- Up-to-date: /home/kush/UR5_Project_New/install/pilz_industrial_motion_planner/share/pilz_industrial_motion_planner/launch/unittest_trajectory_generator_circ.test.py
[31.368s] -- Up-to-date: /home/kush/UR5_Project_New/install/pilz_industrial_motion_planner/share/pilz_industrial_motion_planner/launch/unittest_pilz_industrial_motion_planner.test.py
[31.368s] -- Up-to-date: /home/kush/UR5_Project_New/install/pilz_industrial_motion_planner/share/pilz_industrial_motion_planner/launch/unittest_cartesian_limits_aggregator.test.py
[31.368s] -- Up-to-date: /home/kush/UR5_Project_New/install/pilz_industrial_motion_planner/share/pilz_industrial_motion_planner/launch/unittest_planning_context_loaders.test.py
[31.368s] -- Up-to-date: /home/kush/UR5_Project_New/install/pilz_industrial_motion_planner/share/pilz_industrial_motion_planner/launch/common_parameters.py
[31.375s] -- Up-to-date: /home/kush/UR5_Project_New/install/pilz_industrial_motion_planner/share/pilz_industrial_motion_planner/test_data
[31.377s] -- Up-to-date: /home/kush/UR5_Project_New/install/pilz_industrial_motion_planner/share/pilz_industrial_motion_planner/test_data/frankaemika_panda
[31.378s] -- Up-to-date: /home/kush/UR5_Project_New/install/pilz_industrial_motion_planner/share/pilz_industrial_motion_planner/test_data/frankaemika_panda/testdata_sequence.xml
[31.378s] -- Up-to-date: /home/kush/UR5_Project_New/install/pilz_industrial_motion_planner/share/pilz_industrial_motion_planner/test_data/testpoints.py
[31.378s] -- Up-to-date: /home/kush/UR5_Project_New/install/pilz_industrial_motion_planner/share/pilz_industrial_motion_planner/test_data/prbt
[31.378s] -- Up-to-date: /home/kush/UR5_Project_New/install/pilz_industrial_motion_planner/share/pilz_industrial_motion_planner/test_data/prbt/testdata_deprecated.xml
[31.378s] -- Up-to-date: /home/kush/UR5_Project_New/install/pilz_industrial_motion_planner/share/pilz_industrial_motion_planner/test_data/prbt/testdata_with_gripper.xml
[31.379s] -- Up-to-date: /home/kush/UR5_Project_New/install/pilz_industrial_motion_planner/share/pilz_industrial_motion_planner/test_data/prbt/testdata_sequence.xml
[31.379s] -- Up-to-date: /home/kush/UR5_Project_New/install/pilz_industrial_motion_planner/share/pilz_industrial_motion_planner/test_data/concept_testdata.png
[31.379s] -- Up-to-date: /home/kush/UR5_Project_New/install/pilz_industrial_motion_planner/share/pilz_industrial_motion_planner/test_data/concept_testdata.odp
[31.379s] -- Up-to-date: /home/kush/UR5_Project_New/install/pilz_industrial_motion_planner/share/ament_index/resource_index/package_run_dependencies/pilz_industrial_motion_planner
[31.379s] -- Installing: /home/kush/UR5_Project_New/install/pilz_industrial_motion_planner/share/ament_index/resource_index/parent_prefix_path/pilz_industrial_motion_planner
[31.379s] -- Up-to-date: /home/kush/UR5_Project_New/install/pilz_industrial_motion_planner/share/pilz_industrial_motion_planner/environment/ament_prefix_path.sh
[31.380s] -- Installing: /home/kush/UR5_Project_New/install/pilz_industrial_motion_planner/share/pilz_industrial_motion_planner/environment/ament_prefix_path.dsv
[31.380s] -- Up-to-date: /home/kush/UR5_Project_New/install/pilz_industrial_motion_planner/share/pilz_industrial_motion_planner/environment/path.sh
[31.380s] -- Installing: /home/kush/UR5_Project_New/install/pilz_industrial_motion_planner/share/pilz_industrial_motion_planner/environment/path.dsv
[31.383s] -- Up-to-date: /home/kush/UR5_Project_New/install/pilz_industrial_motion_planner/share/pilz_industrial_motion_planner/local_setup.bash
[31.383s] -- Up-to-date: /home/kush/UR5_Project_New/install/pilz_industrial_motion_planner/share/pilz_industrial_motion_planner/local_setup.sh
[31.383s] -- Up-to-date: /home/kush/UR5_Project_New/install/pilz_industrial_motion_planner/share/pilz_industrial_motion_planner/local_setup.zsh
[31.383s] -- Installing: /home/kush/UR5_Project_New/install/pilz_industrial_motion_planner/share/pilz_industrial_motion_planner/local_setup.dsv
[31.383s] -- Installing: /home/kush/UR5_Project_New/install/pilz_industrial_motion_planner/share/pilz_industrial_motion_planner/package.dsv
[31.384s] -- Up-to-date: /home/kush/UR5_Project_New/install/pilz_industrial_motion_planner/share/ament_index/resource_index/packages/pilz_industrial_motion_planner
[31.384s] -- Up-to-date: /home/kush/UR5_Project_New/install/pilz_industrial_motion_planner/share/ament_index/resource_index/moveit_core__pluginlib__plugin/pilz_industrial_motion_planner
[31.384s] -- Up-to-date: /home/kush/UR5_Project_New/install/pilz_industrial_motion_planner/share/ament_index/resource_index/moveit_ros_move_group__pluginlib__plugin/pilz_industrial_motion_planner
[31.384s] -- Up-to-date: /home/kush/UR5_Project_New/install/pilz_industrial_motion_planner/share/ament_index/resource_index/pilz_industrial_motion_planner__pluginlib__plugin/pilz_industrial_motion_planner
[31.422s] -- Up-to-date: /home/kush/UR5_Project_New/install/pilz_industrial_motion_planner/share/pilz_industrial_motion_planner/cmake/pilz_industrial_motion_plannerTargetsExport.cmake
[31.423s] -- Up-to-date: /home/kush/UR5_Project_New/install/pilz_industrial_motion_planner/share/pilz_industrial_motion_planner/cmake/pilz_industrial_motion_plannerTargetsExport-release.cmake
[31.424s] -- Up-to-date: /home/kush/UR5_Project_New/install/pilz_industrial_motion_planner/share/pilz_industrial_motion_planner/cmake/ament_cmake_export_include_directories-extras.cmake
[31.426s] -- Up-to-date: /home/kush/UR5_Project_New/install/pilz_industrial_motion_planner/share/pilz_industrial_motion_planner/cmake/ament_cmake_export_targets-extras.cmake
[31.426s] -- Up-to-date: /home/kush/UR5_Project_New/install/pilz_industrial_motion_planner/share/pilz_industrial_motion_planner/cmake/ament_cmake_export_dependencies-extras.cmake
[31.428s] -- Up-to-date: /home/kush/UR5_Project_New/install/pilz_industrial_motion_planner/share/pilz_industrial_motion_planner/cmake/pilz_industrial_motion_plannerConfig.cmake
[31.428s] -- Up-to-date: /home/kush/UR5_Project_New/install/pilz_industrial_motion_planner/share/pilz_industrial_motion_planner/cmake/pilz_industrial_motion_plannerConfig-version.cmake
[31.428s] -- Up-to-date: /home/kush/UR5_Project_New/install/pilz_industrial_motion_planner/share/pilz_industrial_motion_planner/package.xml
[31.438s] Invoked command in '/home/kush/UR5_Project_New/build/pilz_industrial_motion_planner' returned '0': AMENT_PREFIX_PATH=/home/kush/UR5_Project_New/install/moveit_resources_prbt_pg70_support:/home/kush/UR5_Project_New/install/moveit_ros_planning_interface:/home/kush/UR5_Project_New/install/moveit_resources_prbt_moveit_config:/home/kush/UR5_Project_New/install/moveit_ros_move_group:/home/kush/UR5_Project_New/install/moveit_ros_warehouse:/home/kush/UR5_Project_New/install/moveit_kinematics:/home/kush/UR5_Project_New/install/moveit_ros_planning:/home/kush/UR5_Project_New/install/pilz_industrial_motion_planner_testutils:/home/kush/UR5_Project_New/install/moveit_ros_occupancy_map_monitor:/home/kush/UR5_Project_New/install/moveit_resources_prbt_ikfast_manipulator_plugin:/home/kush/UR5_Project_New/install/moveit_core:/home/kush/UR5_Project_New/install/moveit_resources_panda_moveit_config:/home/kush/UR5_Project_New/install/moveit_configs_utils:/home/kush/UR5_Project_New/install/srdfdom:/home/kush/UR5_Project_New/install/moveit_resources_prbt_support:/home/kush/UR5_Project_New/install/moveit_resources_panda_description:/home/kush/UR5_Project_New/install/moveit_common:/home/kush/UR5_Project_New/install/launch_param_builder:${AMENT_PREFIX_PATH} CMAKE_PREFIX_PATH=/home/kush/UR5_Project_New/install/moveit_resources_prbt_pg70_support:/home/kush/UR5_Project_New/install/moveit_ros_planning_interface:/home/kush/UR5_Project_New/install/moveit_resources_prbt_moveit_config:/home/kush/UR5_Project_New/install/moveit_ros_move_group:/home/kush/UR5_Project_New/install/moveit_ros_warehouse:/home/kush/UR5_Project_New/install/moveit_kinematics:/home/kush/UR5_Project_New/install/moveit_ros_planning:/home/kush/UR5_Project_New/install/pilz_industrial_motion_planner_testutils:/home/kush/UR5_Project_New/install/moveit_ros_occupancy_map_monitor:/home/kush/UR5_Project_New/install/moveit_resources_prbt_ikfast_manipulator_plugin:/home/kush/UR5_Project_New/install/moveit_core:/home/kush/UR5_Project_New/install/moveit_resources_panda_moveit_config:/home/kush/UR5_Project_New/install/srdfdom:/home/kush/UR5_Project_New/install/moveit_resources_prbt_support:/home/kush/UR5_Project_New/install/moveit_resources_panda_description:/home/kush/UR5_Project_New/install/moveit_common:/opt/ros/humble LD_LIBRARY_PATH=/home/kush/UR5_Project_New/install/moveit_ros_planning_interface/lib:/home/kush/UR5_Project_New/install/moveit_ros_move_group/lib:/home/kush/UR5_Project_New/install/moveit_ros_warehouse/lib:/home/kush/UR5_Project_New/install/moveit_kinematics/lib:/home/kush/UR5_Project_New/install/moveit_ros_planning/lib:/home/kush/UR5_Project_New/install/pilz_industrial_motion_planner_testutils/lib:/home/kush/UR5_Project_New/install/moveit_ros_occupancy_map_monitor/lib:/home/kush/UR5_Project_New/install/moveit_resources_prbt_ikfast_manipulator_plugin/lib:/home/kush/UR5_Project_New/install/moveit_core/lib:/home/kush/UR5_Project_New/install/srdfdom/lib:${LD_LIBRARY_PATH} PATH=/home/kush/UR5_Project_New/install/moveit_core/bin:${PATH} PYTHONPATH=/home/kush/UR5_Project_New/install/moveit_configs_utils/lib/python3.10/site-packages:/home/kush/UR5_Project_New/install/srdfdom/local/lib/python3.10/dist-packages:/home/kush/UR5_Project_New/install/launch_param_builder/lib/python3.10/site-packages:${PYTHONPATH} /usr/bin/cmake --install /home/kush/UR5_Project_New/build/pilz_industrial_motion_planner
