[0.122s] Invoking command in '/home/kush/UR5_Project_New/build/moveit_ros_control_interface': AMENT_PREFIX_PATH=/home/kush/UR5_Project_New/install/moveit_simple_controller_manager:/home/kush/UR5_Project_New/install/moveit_core:/home/kush/UR5_Project_New/install/srdfdom:/home/kush/UR5_Project_New/install/moveit_common:${AMENT_PREFIX_PATH} CMAKE_PREFIX_PATH=/home/kush/UR5_Project_New/install/moveit_simple_controller_manager:/home/kush/UR5_Project_New/install/moveit_core:/home/kush/UR5_Project_New/install/srdfdom:/home/kush/UR5_Project_New/install/moveit_common:/opt/ros/humble LD_LIBRARY_PATH=/home/kush/UR5_Project_New/install/moveit_simple_controller_manager/lib:/home/kush/UR5_Project_New/install/moveit_core/lib:/home/kush/UR5_Project_New/install/srdfdom/lib:${LD_LIBRARY_PATH} PATH=/home/kush/UR5_Project_New/install/moveit_core/bin:${PATH} PYTHONPATH=/home/kush/UR5_Project_New/install/srdfdom/local/lib/python3.10/dist-packages:${PYTHONPATH} /usr/bin/cmake --build /home/kush/UR5_Project_New/build/moveit_ros_control_interface -- -j4 -l4
[0.559s] [35m[1mConsolidate compiler generated dependencies of target moveit_ros_control_interface_gripper_plugin[0m
[0.573s] [35m[1mConsolidate compiler generated dependencies of target moveit_ros_control_interface_trajectory_plugin[0m
[0.597s] [35m[1mConsolidate compiler generated dependencies of target moveit_ros_control_interface_empty_plugin[0m
[0.597s] [35m[1mConsolidate compiler generated dependencies of target moveit_ros_control_interface_plugin[0m
[0.677s] [ 25%] Built target moveit_ros_control_interface_gripper_plugin
[0.689s] [ 50%] Built target moveit_ros_control_interface_trajectory_plugin
[0.708s] [ 75%] Built target moveit_ros_control_interface_empty_plugin
[0.758s] [100%] Built target moveit_ros_control_interface_plugin
[0.907s] Invoked command in '/home/kush/UR5_Project_New/build/moveit_ros_control_interface' returned '0': AMENT_PREFIX_PATH=/home/kush/UR5_Project_New/install/moveit_simple_controller_manager:/home/kush/UR5_Project_New/install/moveit_core:/home/kush/UR5_Project_New/install/srdfdom:/home/kush/UR5_Project_New/install/moveit_common:${AMENT_PREFIX_PATH} CMAKE_PREFIX_PATH=/home/kush/UR5_Project_New/install/moveit_simple_controller_manager:/home/kush/UR5_Project_New/install/moveit_core:/home/kush/UR5_Project_New/install/srdfdom:/home/kush/UR5_Project_New/install/moveit_common:/opt/ros/humble LD_LIBRARY_PATH=/home/kush/UR5_Project_New/install/moveit_simple_controller_manager/lib:/home/kush/UR5_Project_New/install/moveit_core/lib:/home/kush/UR5_Project_New/install/srdfdom/lib:${LD_LIBRARY_PATH} PATH=/home/kush/UR5_Project_New/install/moveit_core/bin:${PATH} PYTHONPATH=/home/kush/UR5_Project_New/install/srdfdom/local/lib/python3.10/dist-packages:${PYTHONPATH} /usr/bin/cmake --build /home/kush/UR5_Project_New/build/moveit_ros_control_interface -- -j4 -l4
[0.995s] Invoking command in '/home/kush/UR5_Project_New/build/moveit_ros_control_interface': AMENT_PREFIX_PATH=/home/kush/UR5_Project_New/install/moveit_simple_controller_manager:/home/kush/UR5_Project_New/install/moveit_core:/home/kush/UR5_Project_New/install/srdfdom:/home/kush/UR5_Project_New/install/moveit_common:${AMENT_PREFIX_PATH} CMAKE_PREFIX_PATH=/home/kush/UR5_Project_New/install/moveit_simple_controller_manager:/home/kush/UR5_Project_New/install/moveit_core:/home/kush/UR5_Project_New/install/srdfdom:/home/kush/UR5_Project_New/install/moveit_common:/opt/ros/humble LD_LIBRARY_PATH=/home/kush/UR5_Project_New/install/moveit_simple_controller_manager/lib:/home/kush/UR5_Project_New/install/moveit_core/lib:/home/kush/UR5_Project_New/install/srdfdom/lib:${LD_LIBRARY_PATH} PATH=/home/kush/UR5_Project_New/install/moveit_core/bin:${PATH} PYTHONPATH=/home/kush/UR5_Project_New/install/srdfdom/local/lib/python3.10/dist-packages:${PYTHONPATH} /usr/bin/cmake --install /home/kush/UR5_Project_New/build/moveit_ros_control_interface
[1.084s] -- Install configuration: "Release"
[1.145s] -- Up-to-date: /home/kush/UR5_Project_New/install/moveit_ros_control_interface/lib/libmoveit_ros_control_interface_plugin.so.2.5.4
[1.146s] -- Up-to-date: /home/kush/UR5_Project_New/install/moveit_ros_control_interface/lib/libmoveit_ros_control_interface_plugin.so
[1.178s] -- Up-to-date: /home/kush/UR5_Project_New/install/moveit_ros_control_interface/lib/libmoveit_ros_control_interface_trajectory_plugin.so.2.5.4
[1.178s] -- Up-to-date: /home/kush/UR5_Project_New/install/moveit_ros_control_interface/lib/libmoveit_ros_control_interface_trajectory_plugin.so
[1.243s] -- Up-to-date: /home/kush/UR5_Project_New/install/moveit_ros_control_interface/lib/libmoveit_ros_control_interface_gripper_plugin.so.2.5.4
[1.243s] -- Up-to-date: /home/kush/UR5_Project_New/install/moveit_ros_control_interface/lib/libmoveit_ros_control_interface_gripper_plugin.so
[1.321s] -- Up-to-date: /home/kush/UR5_Project_New/install/moveit_ros_control_interface/lib/libmoveit_ros_control_interface_empty_plugin.so.2.5.4
[1.322s] -- Up-to-date: /home/kush/UR5_Project_New/install/moveit_ros_control_interface/lib/libmoveit_ros_control_interface_empty_plugin.so
[1.323s] -- Up-to-date: /home/kush/UR5_Project_New/install/moveit_ros_control_interface/include
[1.324s] -- Up-to-date: /home/kush/UR5_Project_New/install/moveit_ros_control_interface/include/moveit_ros_control_interface
[1.324s] -- Up-to-date: /home/kush/UR5_Project_New/install/moveit_ros_control_interface/include/moveit_ros_control_interface/ControllerHandle.h
[1.324s] -- Up-to-date: /home/kush/UR5_Project_New/install/moveit_ros_control_interface/share/moveit_ros_control_interface/moveit_core_plugins.xml
[1.324s] -- Up-to-date: /home/kush/UR5_Project_New/install/moveit_ros_control_interface/share/moveit_ros_control_interface/moveit_ros_control_interface_plugins.xml
[1.324s] -- Up-to-date: /home/kush/UR5_Project_New/install/moveit_ros_control_interface/share/moveit_ros_control_interface/environment/library_path.sh
[1.325s] -- Up-to-date: /home/kush/UR5_Project_New/install/moveit_ros_control_interface/share/moveit_ros_control_interface/environment/library_path.dsv
[1.325s] -- Up-to-date: /home/kush/UR5_Project_New/install/moveit_ros_control_interface/share/ament_index/resource_index/package_run_dependencies/moveit_ros_control_interface
[1.325s] -- Up-to-date: /home/kush/UR5_Project_New/install/moveit_ros_control_interface/share/ament_index/resource_index/parent_prefix_path/moveit_ros_control_interface
[1.325s] -- Up-to-date: /home/kush/UR5_Project_New/install/moveit_ros_control_interface/share/moveit_ros_control_interface/environment/ament_prefix_path.sh
[1.326s] -- Up-to-date: /home/kush/UR5_Project_New/install/moveit_ros_control_interface/share/moveit_ros_control_interface/environment/ament_prefix_path.dsv
[1.326s] -- Up-to-date: /home/kush/UR5_Project_New/install/moveit_ros_control_interface/share/moveit_ros_control_interface/environment/path.sh
[1.326s] -- Up-to-date: /home/kush/UR5_Project_New/install/moveit_ros_control_interface/share/moveit_ros_control_interface/environment/path.dsv
[1.326s] -- Up-to-date: /home/kush/UR5_Project_New/install/moveit_ros_control_interface/share/moveit_ros_control_interface/local_setup.bash
[1.326s] -- Up-to-date: /home/kush/UR5_Project_New/install/moveit_ros_control_interface/share/moveit_ros_control_interface/local_setup.sh
[1.327s] -- Up-to-date: /home/kush/UR5_Project_New/install/moveit_ros_control_interface/share/moveit_ros_control_interface/local_setup.zsh
[1.327s] -- Up-to-date: /home/kush/UR5_Project_New/install/moveit_ros_control_interface/share/moveit_ros_control_interface/local_setup.dsv
[1.327s] -- Installing: /home/kush/UR5_Project_New/install/moveit_ros_control_interface/share/moveit_ros_control_interface/package.dsv
[1.341s] -- Up-to-date: /home/kush/UR5_Project_New/install/moveit_ros_control_interface/share/ament_index/resource_index/packages/moveit_ros_control_interface
[1.341s] -- Up-to-date: /home/kush/UR5_Project_New/install/moveit_ros_control_interface/share/ament_index/resource_index/moveit_core__pluginlib__plugin/moveit_ros_control_interface
[1.341s] -- Up-to-date: /home/kush/UR5_Project_New/install/moveit_ros_control_interface/share/ament_index/resource_index/moveit_ros_control_interface__pluginlib__plugin/moveit_ros_control_interface
[1.365s] -- Up-to-date: /home/kush/UR5_Project_New/install/moveit_ros_control_interface/share/moveit_ros_control_interface/cmake/export_moveit_ros_control_interfaceExport.cmake
[1.365s] -- Up-to-date: /home/kush/UR5_Project_New/install/moveit_ros_control_interface/share/moveit_ros_control_interface/cmake/export_moveit_ros_control_interfaceExport-release.cmake
[1.365s] -- Up-to-date: /home/kush/UR5_Project_New/install/moveit_ros_control_interface/share/moveit_ros_control_interface/cmake/ConfigExtras.cmake
[1.365s] -- Up-to-date: /home/kush/UR5_Project_New/install/moveit_ros_control_interface/share/moveit_ros_control_interface/cmake/ament_cmake_export_targets-extras.cmake
[1.365s] -- Up-to-date: /home/kush/UR5_Project_New/install/moveit_ros_control_interface/share/moveit_ros_control_interface/cmake/ament_cmake_export_dependencies-extras.cmake
[1.366s] -- Up-to-date: /home/kush/UR5_Project_New/install/moveit_ros_control_interface/share/moveit_ros_control_interface/cmake/moveit_ros_control_interfaceConfig.cmake
[1.366s] -- Up-to-date: /home/kush/UR5_Project_New/install/moveit_ros_control_interface/share/moveit_ros_control_interface/cmake/moveit_ros_control_interfaceConfig-version.cmake
[1.366s] -- Up-to-date: /home/kush/UR5_Project_New/install/moveit_ros_control_interface/share/moveit_ros_control_interface/package.xml
[1.374s] Invoked command in '/home/kush/UR5_Project_New/build/moveit_ros_control_interface' returned '0': AMENT_PREFIX_PATH=/home/kush/UR5_Project_New/install/moveit_simple_controller_manager:/home/kush/UR5_Project_New/install/moveit_core:/home/kush/UR5_Project_New/install/srdfdom:/home/kush/UR5_Project_New/install/moveit_common:${AMENT_PREFIX_PATH} CMAKE_PREFIX_PATH=/home/kush/UR5_Project_New/install/moveit_simple_controller_manager:/home/kush/UR5_Project_New/install/moveit_core:/home/kush/UR5_Project_New/install/srdfdom:/home/kush/UR5_Project_New/install/moveit_common:/opt/ros/humble LD_LIBRARY_PATH=/home/kush/UR5_Project_New/install/moveit_simple_controller_manager/lib:/home/kush/UR5_Project_New/install/moveit_core/lib:/home/kush/UR5_Project_New/install/srdfdom/lib:${LD_LIBRARY_PATH} PATH=/home/kush/UR5_Project_New/install/moveit_core/bin:${PATH} PYTHONPATH=/home/kush/UR5_Project_New/install/srdfdom/local/lib/python3.10/dist-packages:${PYTHONPATH} /usr/bin/cmake --install /home/kush/UR5_Project_New/build/moveit_ros_control_interface
