[0.116s] Invoking command in '/home/kush/UR5_Project_New/build/ur_dashboard_msgs': CMAKE_PREFIX_PATH=/opt/ros/humble /usr/bin/cmake /home/kush/UR5_Project_New/src/Universal_Robots_ROS2_Driver/ur_dashboard_msgs -DCMAKE_INSTALL_PREFIX=/home/kush/UR5_Project_New/install/ur_dashboard_msgs
[0.237s] -- Found ament_cmake: 1.3.5 (/opt/ros/humble/share/ament_cmake/cmake)
[0.682s] -- Found rosidl_default_generators: 1.2.0 (/opt/ros/humble/share/rosidl_default_generators/cmake)
[0.764s] -- Using all available rosidl_typesupport_c: rosidl_typesupport_fastrtps_c;rosidl_typesupport_introspection_c
[0.771s] -- Found rosidl_adapter: 3.1.5 (/opt/ros/humble/share/rosidl_adapter/cmake)
[1.161s] -- Using all available rosidl_typesupport_cpp: rosidl_typesupport_fastrtps_cpp;rosidl_typesupport_introspection_cpp
[1.806s] -- Found action_msgs: 1.2.1 (/opt/ros/humble/share/action_msgs/cmake)
[6.958s] -- Found ament_cmake_ros: 0.10.0 (/opt/ros/humble/share/ament_cmake_ros/cmake)
[7.874s] -- Using all available rosidl_typesupport_c: rosidl_typesupport_fastrtps_c;rosidl_typesupport_introspection_c
[8.935s] -- Using all available rosidl_typesupport_cpp: rosidl_typesupport_fastrtps_cpp;rosidl_typesupport_introspection_cpp
[9.073s] -- Found python_cmake_module: 0.10.0 (/opt/ros/humble/share/python_cmake_module/cmake)
[9.204s] -- Using PYTHON_EXECUTABLE: /usr/bin/python3
[9.205s] -- Using PYTHON_INCLUDE_DIRS: /usr/include/python3.10
[9.205s] -- Using PYTHON_LIBRARIES: /usr/lib/x86_64-linux-gnu/libpython3.10.so
[9.653s] -- Configuring done
[10.544s] -- Generating done
[10.555s] -- Build files have been written to: /home/kush/UR5_Project_New/build/ur_dashboard_msgs
[10.583s] Invoked command in '/home/kush/UR5_Project_New/build/ur_dashboard_msgs' returned '0': CMAKE_PREFIX_PATH=/opt/ros/humble /usr/bin/cmake /home/kush/UR5_Project_New/src/Universal_Robots_ROS2_Driver/ur_dashboard_msgs -DCMAKE_INSTALL_PREFIX=/home/kush/UR5_Project_New/install/ur_dashboard_msgs
[10.603s] Invoking command in '/home/kush/UR5_Project_New/build/ur_dashboard_msgs': CMAKE_PREFIX_PATH=/opt/ros/humble /usr/bin/cmake --build /home/kush/UR5_Project_New/build/ur_dashboard_msgs -- -j4 -l4
[10.735s] [  0%] Built target ur_dashboard_msgs__cpp
[11.958s] [  0%] Built target ament_cmake_python_copy_ur_dashboard_msgs
[12.601s] [35m[1mConsolidate compiler generated dependencies of target ur_dashboard_msgs__rosidl_typesupport_fastrtps_cpp[0m
[13.774s] [ 12%] Built target ur_dashboard_msgs__rosidl_typesupport_fastrtps_cpp
[13.984s] [35m[1mConsolidate compiler generated dependencies of target ur_dashboard_msgs__rosidl_typesupport_introspection_cpp[0m
[14.080s] [ 24%] Built target ur_dashboard_msgs__rosidl_typesupport_introspection_cpp
[14.849s] running egg_info
[14.854s] writing ur_dashboard_msgs.egg-info/PKG-INFO
[14.858s] writing dependency_links to ur_dashboard_msgs.egg-info/dependency_links.txt
[14.860s] writing top-level names to ur_dashboard_msgs.egg-info/top_level.txt
[14.871s] reading manifest file 'ur_dashboard_msgs.egg-info/SOURCES.txt'
[14.899s] writing manifest file 'ur_dashboard_msgs.egg-info/SOURCES.txt'
[14.981s] [ 24%] Built target ament_cmake_python_build_ur_dashboard_msgs_egg
[15.471s] [35m[1mConsolidate compiler generated dependencies of target ur_dashboard_msgs__rosidl_typesupport_cpp[0m
[15.795s] [ 36%] Built target ur_dashboard_msgs__rosidl_typesupport_cpp
[16.308s] [35m[1mConsolidate compiler generated dependencies of target ur_dashboard_msgs__rosidl_generator_c[0m
[16.365s] [ 48%] Built target ur_dashboard_msgs__rosidl_generator_c
[16.909s] [35m[1mConsolidate compiler generated dependencies of target ur_dashboard_msgs__rosidl_typesupport_fastrtps_c[0m
[17.071s] [ 60%] Built target ur_dashboard_msgs__rosidl_typesupport_fastrtps_c
[17.799s] [35m[1mConsolidate compiler generated dependencies of target ur_dashboard_msgs__rosidl_typesupport_c[0m
[17.821s] [ 72%] Built target ur_dashboard_msgs__rosidl_typesupport_c
[18.332s] [35m[1mConsolidate compiler generated dependencies of target ur_dashboard_msgs__rosidl_typesupport_introspection_c[0m
[18.363s] [ 84%] Built target ur_dashboard_msgs__rosidl_typesupport_introspection_c
[18.476s] [ 84%] Built target ur_dashboard_msgs
[18.678s] [ 85%] Built target ur_dashboard_msgs__py
[18.983s] [35m[1mConsolidate compiler generated dependencies of target ur_dashboard_msgs__rosidl_generator_py[0m
[19.036s] [ 96%] Built target ur_dashboard_msgs__rosidl_generator_py
[19.165s] [35m[1mConsolidate compiler generated dependencies of target ur_dashboard_msgs__rosidl_typesupport_fastrtps_c__pyext[0m
[19.190s] [ 97%] Built target ur_dashboard_msgs__rosidl_typesupport_fastrtps_c__pyext
[19.232s] [35m[1mConsolidate compiler generated dependencies of target ur_dashboard_msgs__rosidl_typesupport_c__pyext[0m
[19.284s] [ 98%] Built target ur_dashboard_msgs__rosidl_typesupport_c__pyext
[19.321s] [35m[1mConsolidate compiler generated dependencies of target ur_dashboard_msgs__rosidl_typesupport_introspection_c__pyext[0m
[19.358s] [100%] Built target ur_dashboard_msgs__rosidl_typesupport_introspection_c__pyext
[19.386s] Invoked command in '/home/kush/UR5_Project_New/build/ur_dashboard_msgs' returned '0': CMAKE_PREFIX_PATH=/opt/ros/humble /usr/bin/cmake --build /home/kush/UR5_Project_New/build/ur_dashboard_msgs -- -j4 -l4
[19.955s] Invoking command in '/home/kush/UR5_Project_New/build/ur_dashboard_msgs': CMAKE_PREFIX_PATH=/opt/ros/humble /usr/bin/cmake --install /home/kush/UR5_Project_New/build/ur_dashboard_msgs
[19.972s] -- Install configuration: "Release"
[19.974s] -- Up-to-date: /home/kush/UR5_Project_New/install/ur_dashboard_msgs/share/ament_index/resource_index/rosidl_interfaces/ur_dashboard_msgs
[19.974s] -- Up-to-date: /home/kush/UR5_Project_New/install/ur_dashboard_msgs/include/ur_dashboard_msgs/ur_dashboard_msgs
[19.974s] -- Up-to-date: /home/kush/UR5_Project_New/install/ur_dashboard_msgs/include/ur_dashboard_msgs/ur_dashboard_msgs/srv
[19.974s] -- Up-to-date: /home/kush/UR5_Project_New/install/ur_dashboard_msgs/include/ur_dashboard_msgs/ur_dashboard_msgs/srv/get_robot_mode.h
[19.975s] -- Up-to-date: /home/kush/UR5_Project_New/install/ur_dashboard_msgs/include/ur_dashboard_msgs/ur_dashboard_msgs/srv/raw_request.h
[19.975s] -- Up-to-date: /home/kush/UR5_Project_New/install/ur_dashboard_msgs/include/ur_dashboard_msgs/ur_dashboard_msgs/srv/is_program_saved.h
[19.975s] -- Up-to-date: /home/kush/UR5_Project_New/install/ur_dashboard_msgs/include/ur_dashboard_msgs/ur_dashboard_msgs/srv/load.h
[19.975s] -- Up-to-date: /home/kush/UR5_Project_New/install/ur_dashboard_msgs/include/ur_dashboard_msgs/ur_dashboard_msgs/srv/get_safety_mode.h
[19.976s] -- Up-to-date: /home/kush/UR5_Project_New/install/ur_dashboard_msgs/include/ur_dashboard_msgs/ur_dashboard_msgs/srv/popup.h
[19.976s] -- Up-to-date: /home/kush/UR5_Project_New/install/ur_dashboard_msgs/include/ur_dashboard_msgs/ur_dashboard_msgs/srv/is_program_running.h
[19.976s] -- Up-to-date: /home/kush/UR5_Project_New/install/ur_dashboard_msgs/include/ur_dashboard_msgs/ur_dashboard_msgs/srv/detail
[19.976s] -- Up-to-date: /home/kush/UR5_Project_New/install/ur_dashboard_msgs/include/ur_dashboard_msgs/ur_dashboard_msgs/srv/detail/get_program_state__struct.h
[19.976s] -- Up-to-date: /home/kush/UR5_Project_New/install/ur_dashboard_msgs/include/ur_dashboard_msgs/ur_dashboard_msgs/srv/detail/raw_request__type_support.h
[19.976s] -- Up-to-date: /home/kush/UR5_Project_New/install/ur_dashboard_msgs/include/ur_dashboard_msgs/ur_dashboard_msgs/srv/detail/is_program_running__struct.h
[19.977s] -- Up-to-date: /home/kush/UR5_Project_New/install/ur_dashboard_msgs/include/ur_dashboard_msgs/ur_dashboard_msgs/srv/detail/get_safety_mode__struct.h
[19.977s] -- Up-to-date: /home/kush/UR5_Project_New/install/ur_dashboard_msgs/include/ur_dashboard_msgs/ur_dashboard_msgs/srv/detail/get_robot_mode__functions.h
[19.977s] -- Up-to-date: /home/kush/UR5_Project_New/install/ur_dashboard_msgs/include/ur_dashboard_msgs/ur_dashboard_msgs/srv/detail/raw_request__struct.h
[19.977s] -- Up-to-date: /home/kush/UR5_Project_New/install/ur_dashboard_msgs/include/ur_dashboard_msgs/ur_dashboard_msgs/srv/detail/get_program_state__type_support.h
[19.977s] -- Up-to-date: /home/kush/UR5_Project_New/install/ur_dashboard_msgs/include/ur_dashboard_msgs/ur_dashboard_msgs/srv/detail/get_safety_mode__functions.h
[19.977s] -- Up-to-date: /home/kush/UR5_Project_New/install/ur_dashboard_msgs/include/ur_dashboard_msgs/ur_dashboard_msgs/srv/detail/is_program_saved__functions.h
[19.977s] -- Up-to-date: /home/kush/UR5_Project_New/install/ur_dashboard_msgs/include/ur_dashboard_msgs/ur_dashboard_msgs/srv/detail/add_to_log__functions.c
[19.977s] -- Up-to-date: /home/kush/UR5_Project_New/install/ur_dashboard_msgs/include/ur_dashboard_msgs/ur_dashboard_msgs/srv/detail/get_robot_mode__type_support.h
[19.977s] -- Up-to-date: /home/kush/UR5_Project_New/install/ur_dashboard_msgs/include/ur_dashboard_msgs/ur_dashboard_msgs/srv/detail/load__functions.h
[19.978s] -- Up-to-date: /home/kush/UR5_Project_New/install/ur_dashboard_msgs/include/ur_dashboard_msgs/ur_dashboard_msgs/srv/detail/popup__struct.h
[19.978s] -- Up-to-date: /home/kush/UR5_Project_New/install/ur_dashboard_msgs/include/ur_dashboard_msgs/ur_dashboard_msgs/srv/detail/is_program_running__functions.h
[19.978s] -- Up-to-date: /home/kush/UR5_Project_New/install/ur_dashboard_msgs/include/ur_dashboard_msgs/ur_dashboard_msgs/srv/detail/get_loaded_program__functions.h
[19.978s] -- Up-to-date: /home/kush/UR5_Project_New/install/ur_dashboard_msgs/include/ur_dashboard_msgs/ur_dashboard_msgs/srv/detail/get_safety_mode__type_support.h
[19.978s] -- Up-to-date: /home/kush/UR5_Project_New/install/ur_dashboard_msgs/include/ur_dashboard_msgs/ur_dashboard_msgs/srv/detail/is_program_saved__type_support.h
[19.978s] -- Up-to-date: /home/kush/UR5_Project_New/install/ur_dashboard_msgs/include/ur_dashboard_msgs/ur_dashboard_msgs/srv/detail/raw_request__functions.h
[19.978s] -- Up-to-date: /home/kush/UR5_Project_New/install/ur_dashboard_msgs/include/ur_dashboard_msgs/ur_dashboard_msgs/srv/detail/get_robot_mode__functions.c
[19.978s] -- Up-to-date: /home/kush/UR5_Project_New/install/ur_dashboard_msgs/include/ur_dashboard_msgs/ur_dashboard_msgs/srv/detail/is_program_running__functions.c
[19.978s] -- Up-to-date: /home/kush/UR5_Project_New/install/ur_dashboard_msgs/include/ur_dashboard_msgs/ur_dashboard_msgs/srv/detail/is_program_running__type_support.h
[19.978s] -- Up-to-date: /home/kush/UR5_Project_New/install/ur_dashboard_msgs/include/ur_dashboard_msgs/ur_dashboard_msgs/srv/detail/get_program_state__functions.c
[19.978s] -- Up-to-date: /home/kush/UR5_Project_New/install/ur_dashboard_msgs/include/ur_dashboard_msgs/ur_dashboard_msgs/srv/detail/add_to_log__functions.h
[19.979s] -- Up-to-date: /home/kush/UR5_Project_New/install/ur_dashboard_msgs/include/ur_dashboard_msgs/ur_dashboard_msgs/srv/detail/get_loaded_program__struct.h
[19.979s] -- Up-to-date: /home/kush/UR5_Project_New/install/ur_dashboard_msgs/include/ur_dashboard_msgs/ur_dashboard_msgs/srv/detail/get_loaded_program__type_support.h
[19.979s] -- Up-to-date: /home/kush/UR5_Project_New/install/ur_dashboard_msgs/include/ur_dashboard_msgs/ur_dashboard_msgs/srv/detail/add_to_log__type_support.h
[19.979s] -- Up-to-date: /home/kush/UR5_Project_New/install/ur_dashboard_msgs/include/ur_dashboard_msgs/ur_dashboard_msgs/srv/detail/get_loaded_program__functions.c
[19.979s] -- Up-to-date: /home/kush/UR5_Project_New/install/ur_dashboard_msgs/include/ur_dashboard_msgs/ur_dashboard_msgs/srv/detail/add_to_log__struct.h
[19.979s] -- Up-to-date: /home/kush/UR5_Project_New/install/ur_dashboard_msgs/include/ur_dashboard_msgs/ur_dashboard_msgs/srv/detail/get_program_state__functions.h
[19.979s] -- Up-to-date: /home/kush/UR5_Project_New/install/ur_dashboard_msgs/include/ur_dashboard_msgs/ur_dashboard_msgs/srv/detail/popup__functions.c
[19.979s] -- Up-to-date: /home/kush/UR5_Project_New/install/ur_dashboard_msgs/include/ur_dashboard_msgs/ur_dashboard_msgs/srv/detail/is_program_saved__functions.c
[19.979s] -- Up-to-date: /home/kush/UR5_Project_New/install/ur_dashboard_msgs/include/ur_dashboard_msgs/ur_dashboard_msgs/srv/detail/popup__functions.h
[19.979s] -- Up-to-date: /home/kush/UR5_Project_New/install/ur_dashboard_msgs/include/ur_dashboard_msgs/ur_dashboard_msgs/srv/detail/load__struct.h
[19.979s] -- Up-to-date: /home/kush/UR5_Project_New/install/ur_dashboard_msgs/include/ur_dashboard_msgs/ur_dashboard_msgs/srv/detail/is_program_saved__struct.h
[19.980s] -- Up-to-date: /home/kush/UR5_Project_New/install/ur_dashboard_msgs/include/ur_dashboard_msgs/ur_dashboard_msgs/srv/detail/raw_request__functions.c
[19.980s] -- Up-to-date: /home/kush/UR5_Project_New/install/ur_dashboard_msgs/include/ur_dashboard_msgs/ur_dashboard_msgs/srv/detail/popup__type_support.h
[19.980s] -- Up-to-date: /home/kush/UR5_Project_New/install/ur_dashboard_msgs/include/ur_dashboard_msgs/ur_dashboard_msgs/srv/detail/load__type_support.h
[19.980s] -- Up-to-date: /home/kush/UR5_Project_New/install/ur_dashboard_msgs/include/ur_dashboard_msgs/ur_dashboard_msgs/srv/detail/load__functions.c
[19.980s] -- Up-to-date: /home/kush/UR5_Project_New/install/ur_dashboard_msgs/include/ur_dashboard_msgs/ur_dashboard_msgs/srv/detail/get_robot_mode__struct.h
[19.980s] -- Up-to-date: /home/kush/UR5_Project_New/install/ur_dashboard_msgs/include/ur_dashboard_msgs/ur_dashboard_msgs/srv/detail/get_safety_mode__functions.c
[19.980s] -- Up-to-date: /home/kush/UR5_Project_New/install/ur_dashboard_msgs/include/ur_dashboard_msgs/ur_dashboard_msgs/srv/add_to_log.h
[19.980s] -- Up-to-date: /home/kush/UR5_Project_New/install/ur_dashboard_msgs/include/ur_dashboard_msgs/ur_dashboard_msgs/srv/get_loaded_program.h
[19.980s] -- Up-to-date: /home/kush/UR5_Project_New/install/ur_dashboard_msgs/include/ur_dashboard_msgs/ur_dashboard_msgs/srv/get_program_state.h
[19.980s] -- Up-to-date: /home/kush/UR5_Project_New/install/ur_dashboard_msgs/include/ur_dashboard_msgs/ur_dashboard_msgs/msg
[19.980s] -- Up-to-date: /home/kush/UR5_Project_New/install/ur_dashboard_msgs/include/ur_dashboard_msgs/ur_dashboard_msgs/msg/rosidl_generator_c__visibility_control.h
[19.981s] -- Up-to-date: /home/kush/UR5_Project_New/install/ur_dashboard_msgs/include/ur_dashboard_msgs/ur_dashboard_msgs/msg/robot_mode.h
[19.981s] -- Up-to-date: /home/kush/UR5_Project_New/install/ur_dashboard_msgs/include/ur_dashboard_msgs/ur_dashboard_msgs/msg/safety_mode.h
[19.981s] -- Up-to-date: /home/kush/UR5_Project_New/install/ur_dashboard_msgs/include/ur_dashboard_msgs/ur_dashboard_msgs/msg/detail
[19.981s] -- Up-to-date: /home/kush/UR5_Project_New/install/ur_dashboard_msgs/include/ur_dashboard_msgs/ur_dashboard_msgs/msg/detail/program_state__functions.c
[19.981s] -- Up-to-date: /home/kush/UR5_Project_New/install/ur_dashboard_msgs/include/ur_dashboard_msgs/ur_dashboard_msgs/msg/detail/robot_mode__functions.c
[19.981s] -- Up-to-date: /home/kush/UR5_Project_New/install/ur_dashboard_msgs/include/ur_dashboard_msgs/ur_dashboard_msgs/msg/detail/safety_mode__functions.h
[19.981s] -- Up-to-date: /home/kush/UR5_Project_New/install/ur_dashboard_msgs/include/ur_dashboard_msgs/ur_dashboard_msgs/msg/detail/safety_mode__functions.c
[19.981s] -- Up-to-date: /home/kush/UR5_Project_New/install/ur_dashboard_msgs/include/ur_dashboard_msgs/ur_dashboard_msgs/msg/detail/safety_mode__type_support.h
[19.981s] -- Up-to-date: /home/kush/UR5_Project_New/install/ur_dashboard_msgs/include/ur_dashboard_msgs/ur_dashboard_msgs/msg/detail/program_state__struct.h
[19.981s] -- Up-to-date: /home/kush/UR5_Project_New/install/ur_dashboard_msgs/include/ur_dashboard_msgs/ur_dashboard_msgs/msg/detail/robot_mode__struct.h
[19.981s] -- Up-to-date: /home/kush/UR5_Project_New/install/ur_dashboard_msgs/include/ur_dashboard_msgs/ur_dashboard_msgs/msg/detail/robot_mode__type_support.h
[19.981s] -- Up-to-date: /home/kush/UR5_Project_New/install/ur_dashboard_msgs/include/ur_dashboard_msgs/ur_dashboard_msgs/msg/detail/program_state__functions.h
[19.982s] -- Up-to-date: /home/kush/UR5_Project_New/install/ur_dashboard_msgs/include/ur_dashboard_msgs/ur_dashboard_msgs/msg/detail/safety_mode__struct.h
[19.982s] -- Up-to-date: /home/kush/UR5_Project_New/install/ur_dashboard_msgs/include/ur_dashboard_msgs/ur_dashboard_msgs/msg/detail/program_state__type_support.h
[19.982s] -- Up-to-date: /home/kush/UR5_Project_New/install/ur_dashboard_msgs/include/ur_dashboard_msgs/ur_dashboard_msgs/msg/detail/robot_mode__functions.h
[19.982s] -- Up-to-date: /home/kush/UR5_Project_New/install/ur_dashboard_msgs/include/ur_dashboard_msgs/ur_dashboard_msgs/msg/program_state.h
[19.982s] -- Up-to-date: /home/kush/UR5_Project_New/install/ur_dashboard_msgs/include/ur_dashboard_msgs/ur_dashboard_msgs/action
[19.982s] -- Up-to-date: /home/kush/UR5_Project_New/install/ur_dashboard_msgs/include/ur_dashboard_msgs/ur_dashboard_msgs/action/set_mode.h
[19.982s] -- Up-to-date: /home/kush/UR5_Project_New/install/ur_dashboard_msgs/include/ur_dashboard_msgs/ur_dashboard_msgs/action/detail
[19.982s] -- Up-to-date: /home/kush/UR5_Project_New/install/ur_dashboard_msgs/include/ur_dashboard_msgs/ur_dashboard_msgs/action/detail/set_mode__functions.c
[19.982s] -- Up-to-date: /home/kush/UR5_Project_New/install/ur_dashboard_msgs/include/ur_dashboard_msgs/ur_dashboard_msgs/action/detail/set_mode__struct.h
[19.982s] -- Up-to-date: /home/kush/UR5_Project_New/install/ur_dashboard_msgs/include/ur_dashboard_msgs/ur_dashboard_msgs/action/detail/set_mode__functions.h
[19.983s] -- Up-to-date: /home/kush/UR5_Project_New/install/ur_dashboard_msgs/include/ur_dashboard_msgs/ur_dashboard_msgs/action/detail/set_mode__type_support.h
[19.983s] -- Up-to-date: /home/kush/UR5_Project_New/install/ur_dashboard_msgs/share/ur_dashboard_msgs/environment/library_path.sh
[19.983s] -- Installing: /home/kush/UR5_Project_New/install/ur_dashboard_msgs/share/ur_dashboard_msgs/environment/library_path.dsv
[20.077s] -- Up-to-date: /home/kush/UR5_Project_New/install/ur_dashboard_msgs/lib/libur_dashboard_msgs__rosidl_generator_c.so
[20.078s] -- Up-to-date: /home/kush/UR5_Project_New/install/ur_dashboard_msgs/include/ur_dashboard_msgs/ur_dashboard_msgs
[20.078s] -- Up-to-date: /home/kush/UR5_Project_New/install/ur_dashboard_msgs/include/ur_dashboard_msgs/ur_dashboard_msgs/srv
[20.079s] -- Up-to-date: /home/kush/UR5_Project_New/install/ur_dashboard_msgs/include/ur_dashboard_msgs/ur_dashboard_msgs/srv/detail
[20.079s] -- Up-to-date: /home/kush/UR5_Project_New/install/ur_dashboard_msgs/include/ur_dashboard_msgs/ur_dashboard_msgs/srv/detail/get_program_state__rosidl_typesupport_fastrtps_c.h
[20.079s] -- Up-to-date: /home/kush/UR5_Project_New/install/ur_dashboard_msgs/include/ur_dashboard_msgs/ur_dashboard_msgs/srv/detail/is_program_running__rosidl_typesupport_fastrtps_c.h
[20.079s] -- Up-to-date: /home/kush/UR5_Project_New/install/ur_dashboard_msgs/include/ur_dashboard_msgs/ur_dashboard_msgs/srv/detail/get_safety_mode__rosidl_typesupport_fastrtps_c.h
[20.079s] -- Up-to-date: /home/kush/UR5_Project_New/install/ur_dashboard_msgs/include/ur_dashboard_msgs/ur_dashboard_msgs/srv/detail/load__rosidl_typesupport_fastrtps_c.h
[20.080s] -- Up-to-date: /home/kush/UR5_Project_New/install/ur_dashboard_msgs/include/ur_dashboard_msgs/ur_dashboard_msgs/srv/detail/get_robot_mode__rosidl_typesupport_fastrtps_c.h
[20.080s] -- Up-to-date: /home/kush/UR5_Project_New/install/ur_dashboard_msgs/include/ur_dashboard_msgs/ur_dashboard_msgs/srv/detail/popup__rosidl_typesupport_fastrtps_c.h
[20.080s] -- Up-to-date: /home/kush/UR5_Project_New/install/ur_dashboard_msgs/include/ur_dashboard_msgs/ur_dashboard_msgs/srv/detail/get_loaded_program__rosidl_typesupport_fastrtps_c.h
[20.080s] -- Up-to-date: /home/kush/UR5_Project_New/install/ur_dashboard_msgs/include/ur_dashboard_msgs/ur_dashboard_msgs/srv/detail/add_to_log__rosidl_typesupport_fastrtps_c.h
[20.080s] -- Up-to-date: /home/kush/UR5_Project_New/install/ur_dashboard_msgs/include/ur_dashboard_msgs/ur_dashboard_msgs/srv/detail/raw_request__rosidl_typesupport_fastrtps_c.h
[20.080s] -- Up-to-date: /home/kush/UR5_Project_New/install/ur_dashboard_msgs/include/ur_dashboard_msgs/ur_dashboard_msgs/srv/detail/is_program_saved__rosidl_typesupport_fastrtps_c.h
[20.080s] -- Up-to-date: /home/kush/UR5_Project_New/install/ur_dashboard_msgs/include/ur_dashboard_msgs/ur_dashboard_msgs/msg
[20.080s] -- Up-to-date: /home/kush/UR5_Project_New/install/ur_dashboard_msgs/include/ur_dashboard_msgs/ur_dashboard_msgs/msg/rosidl_typesupport_fastrtps_c__visibility_control.h
[20.080s] -- Up-to-date: /home/kush/UR5_Project_New/install/ur_dashboard_msgs/include/ur_dashboard_msgs/ur_dashboard_msgs/msg/detail
[20.080s] -- Up-to-date: /home/kush/UR5_Project_New/install/ur_dashboard_msgs/include/ur_dashboard_msgs/ur_dashboard_msgs/msg/detail/safety_mode__rosidl_typesupport_fastrtps_c.h
[20.080s] -- Up-to-date: /home/kush/UR5_Project_New/install/ur_dashboard_msgs/include/ur_dashboard_msgs/ur_dashboard_msgs/msg/detail/robot_mode__rosidl_typesupport_fastrtps_c.h
[20.081s] -- Up-to-date: /home/kush/UR5_Project_New/install/ur_dashboard_msgs/include/ur_dashboard_msgs/ur_dashboard_msgs/msg/detail/program_state__rosidl_typesupport_fastrtps_c.h
[20.081s] -- Up-to-date: /home/kush/UR5_Project_New/install/ur_dashboard_msgs/include/ur_dashboard_msgs/ur_dashboard_msgs/action
[20.081s] -- Up-to-date: /home/kush/UR5_Project_New/install/ur_dashboard_msgs/include/ur_dashboard_msgs/ur_dashboard_msgs/action/detail
[20.081s] -- Up-to-date: /home/kush/UR5_Project_New/install/ur_dashboard_msgs/include/ur_dashboard_msgs/ur_dashboard_msgs/action/detail/set_mode__rosidl_typesupport_fastrtps_c.h
[20.171s] -- Up-to-date: /home/kush/UR5_Project_New/install/ur_dashboard_msgs/lib/libur_dashboard_msgs__rosidl_typesupport_fastrtps_c.so
[20.171s] -- Up-to-date: /home/kush/UR5_Project_New/install/ur_dashboard_msgs/include/ur_dashboard_msgs/ur_dashboard_msgs
[20.171s] -- Up-to-date: /home/kush/UR5_Project_New/install/ur_dashboard_msgs/include/ur_dashboard_msgs/ur_dashboard_msgs/srv
[20.171s] -- Up-to-date: /home/kush/UR5_Project_New/install/ur_dashboard_msgs/include/ur_dashboard_msgs/ur_dashboard_msgs/srv/detail
[20.171s] -- Up-to-date: /home/kush/UR5_Project_New/install/ur_dashboard_msgs/include/ur_dashboard_msgs/ur_dashboard_msgs/srv/detail/raw_request__rosidl_typesupport_introspection_c.h
[20.172s] -- Up-to-date: /home/kush/UR5_Project_New/install/ur_dashboard_msgs/include/ur_dashboard_msgs/ur_dashboard_msgs/srv/detail/popup__type_support.c
[20.172s] -- Up-to-date: /home/kush/UR5_Project_New/install/ur_dashboard_msgs/include/ur_dashboard_msgs/ur_dashboard_msgs/srv/detail/get_program_state__rosidl_typesupport_introspection_c.h
[20.172s] -- Up-to-date: /home/kush/UR5_Project_New/install/ur_dashboard_msgs/include/ur_dashboard_msgs/ur_dashboard_msgs/srv/detail/get_robot_mode__rosidl_typesupport_introspection_c.h
[20.172s] -- Up-to-date: /home/kush/UR5_Project_New/install/ur_dashboard_msgs/include/ur_dashboard_msgs/ur_dashboard_msgs/srv/detail/get_robot_mode__type_support.c
[20.172s] -- Up-to-date: /home/kush/UR5_Project_New/install/ur_dashboard_msgs/include/ur_dashboard_msgs/ur_dashboard_msgs/srv/detail/get_program_state__type_support.c
[20.172s] -- Up-to-date: /home/kush/UR5_Project_New/install/ur_dashboard_msgs/include/ur_dashboard_msgs/ur_dashboard_msgs/srv/detail/popup__rosidl_typesupport_introspection_c.h
[20.172s] -- Up-to-date: /home/kush/UR5_Project_New/install/ur_dashboard_msgs/include/ur_dashboard_msgs/ur_dashboard_msgs/srv/detail/get_loaded_program__rosidl_typesupport_introspection_c.h
[20.173s] -- Up-to-date: /home/kush/UR5_Project_New/install/ur_dashboard_msgs/include/ur_dashboard_msgs/ur_dashboard_msgs/srv/detail/is_program_running__type_support.c
[20.173s] -- Up-to-date: /home/kush/UR5_Project_New/install/ur_dashboard_msgs/include/ur_dashboard_msgs/ur_dashboard_msgs/srv/detail/load__rosidl_typesupport_introspection_c.h
[20.173s] -- Up-to-date: /home/kush/UR5_Project_New/install/ur_dashboard_msgs/include/ur_dashboard_msgs/ur_dashboard_msgs/srv/detail/load__type_support.c
[20.173s] -- Up-to-date: /home/kush/UR5_Project_New/install/ur_dashboard_msgs/include/ur_dashboard_msgs/ur_dashboard_msgs/srv/detail/is_program_saved__type_support.c
[20.173s] -- Up-to-date: /home/kush/UR5_Project_New/install/ur_dashboard_msgs/include/ur_dashboard_msgs/ur_dashboard_msgs/srv/detail/is_program_saved__rosidl_typesupport_introspection_c.h
[20.173s] -- Up-to-date: /home/kush/UR5_Project_New/install/ur_dashboard_msgs/include/ur_dashboard_msgs/ur_dashboard_msgs/srv/detail/raw_request__type_support.c
[20.174s] -- Up-to-date: /home/kush/UR5_Project_New/install/ur_dashboard_msgs/include/ur_dashboard_msgs/ur_dashboard_msgs/srv/detail/is_program_running__rosidl_typesupport_introspection_c.h
[20.174s] -- Up-to-date: /home/kush/UR5_Project_New/install/ur_dashboard_msgs/include/ur_dashboard_msgs/ur_dashboard_msgs/srv/detail/get_loaded_program__type_support.c
[20.174s] -- Up-to-date: /home/kush/UR5_Project_New/install/ur_dashboard_msgs/include/ur_dashboard_msgs/ur_dashboard_msgs/srv/detail/get_safety_mode__type_support.c
[20.174s] -- Up-to-date: /home/kush/UR5_Project_New/install/ur_dashboard_msgs/include/ur_dashboard_msgs/ur_dashboard_msgs/srv/detail/add_to_log__rosidl_typesupport_introspection_c.h
[20.174s] -- Up-to-date: /home/kush/UR5_Project_New/install/ur_dashboard_msgs/include/ur_dashboard_msgs/ur_dashboard_msgs/srv/detail/get_safety_mode__rosidl_typesupport_introspection_c.h
[20.174s] -- Up-to-date: /home/kush/UR5_Project_New/install/ur_dashboard_msgs/include/ur_dashboard_msgs/ur_dashboard_msgs/srv/detail/add_to_log__type_support.c
[20.175s] -- Up-to-date: /home/kush/UR5_Project_New/install/ur_dashboard_msgs/include/ur_dashboard_msgs/ur_dashboard_msgs/msg
[20.175s] -- Up-to-date: /home/kush/UR5_Project_New/install/ur_dashboard_msgs/include/ur_dashboard_msgs/ur_dashboard_msgs/msg/rosidl_typesupport_introspection_c__visibility_control.h
[20.175s] -- Up-to-date: /home/kush/UR5_Project_New/install/ur_dashboard_msgs/include/ur_dashboard_msgs/ur_dashboard_msgs/msg/detail
[20.175s] -- Up-to-date: /home/kush/UR5_Project_New/install/ur_dashboard_msgs/include/ur_dashboard_msgs/ur_dashboard_msgs/msg/detail/program_state__type_support.c
[20.175s] -- Up-to-date: /home/kush/UR5_Project_New/install/ur_dashboard_msgs/include/ur_dashboard_msgs/ur_dashboard_msgs/msg/detail/safety_mode__type_support.c
[20.176s] -- Up-to-date: /home/kush/UR5_Project_New/install/ur_dashboard_msgs/include/ur_dashboard_msgs/ur_dashboard_msgs/msg/detail/robot_mode__rosidl_typesupport_introspection_c.h
[20.176s] -- Up-to-date: /home/kush/UR5_Project_New/install/ur_dashboard_msgs/include/ur_dashboard_msgs/ur_dashboard_msgs/msg/detail/robot_mode__type_support.c
[20.176s] -- Up-to-date: /home/kush/UR5_Project_New/install/ur_dashboard_msgs/include/ur_dashboard_msgs/ur_dashboard_msgs/msg/detail/program_state__rosidl_typesupport_introspection_c.h
[20.176s] -- Up-to-date: /home/kush/UR5_Project_New/install/ur_dashboard_msgs/include/ur_dashboard_msgs/ur_dashboard_msgs/msg/detail/safety_mode__rosidl_typesupport_introspection_c.h
[20.176s] -- Up-to-date: /home/kush/UR5_Project_New/install/ur_dashboard_msgs/include/ur_dashboard_msgs/ur_dashboard_msgs/action
[20.176s] -- Up-to-date: /home/kush/UR5_Project_New/install/ur_dashboard_msgs/include/ur_dashboard_msgs/ur_dashboard_msgs/action/detail
[20.177s] -- Up-to-date: /home/kush/UR5_Project_New/install/ur_dashboard_msgs/include/ur_dashboard_msgs/ur_dashboard_msgs/action/detail/set_mode__type_support.c
[20.177s] -- Up-to-date: /home/kush/UR5_Project_New/install/ur_dashboard_msgs/include/ur_dashboard_msgs/ur_dashboard_msgs/action/detail/set_mode__rosidl_typesupport_introspection_c.h
[20.247s] -- Up-to-date: /home/kush/UR5_Project_New/install/ur_dashboard_msgs/lib/libur_dashboard_msgs__rosidl_typesupport_introspection_c.so
[20.325s] -- Up-to-date: /home/kush/UR5_Project_New/install/ur_dashboard_msgs/lib/libur_dashboard_msgs__rosidl_typesupport_c.so
[20.325s] -- Up-to-date: /home/kush/UR5_Project_New/install/ur_dashboard_msgs/include/ur_dashboard_msgs/ur_dashboard_msgs
[20.326s] -- Up-to-date: /home/kush/UR5_Project_New/install/ur_dashboard_msgs/include/ur_dashboard_msgs/ur_dashboard_msgs/srv
[20.326s] -- Up-to-date: /home/kush/UR5_Project_New/install/ur_dashboard_msgs/include/ur_dashboard_msgs/ur_dashboard_msgs/srv/popup.hpp
[20.326s] -- Up-to-date: /home/kush/UR5_Project_New/install/ur_dashboard_msgs/include/ur_dashboard_msgs/ur_dashboard_msgs/srv/get_program_state.hpp
[20.326s] -- Up-to-date: /home/kush/UR5_Project_New/install/ur_dashboard_msgs/include/ur_dashboard_msgs/ur_dashboard_msgs/srv/get_robot_mode.hpp
[20.326s] -- Up-to-date: /home/kush/UR5_Project_New/install/ur_dashboard_msgs/include/ur_dashboard_msgs/ur_dashboard_msgs/srv/load.hpp
[20.327s] -- Up-to-date: /home/kush/UR5_Project_New/install/ur_dashboard_msgs/include/ur_dashboard_msgs/ur_dashboard_msgs/srv/raw_request.hpp
[20.327s] -- Up-to-date: /home/kush/UR5_Project_New/install/ur_dashboard_msgs/include/ur_dashboard_msgs/ur_dashboard_msgs/srv/is_program_running.hpp
[20.327s] -- Up-to-date: /home/kush/UR5_Project_New/install/ur_dashboard_msgs/include/ur_dashboard_msgs/ur_dashboard_msgs/srv/is_program_saved.hpp
[20.327s] -- Up-to-date: /home/kush/UR5_Project_New/install/ur_dashboard_msgs/include/ur_dashboard_msgs/ur_dashboard_msgs/srv/detail
[20.327s] -- Up-to-date: /home/kush/UR5_Project_New/install/ur_dashboard_msgs/include/ur_dashboard_msgs/ur_dashboard_msgs/srv/detail/load__builder.hpp
[20.327s] -- Up-to-date: /home/kush/UR5_Project_New/install/ur_dashboard_msgs/include/ur_dashboard_msgs/ur_dashboard_msgs/srv/detail/get_safety_mode__struct.hpp
[20.328s] -- Up-to-date: /home/kush/UR5_Project_New/install/ur_dashboard_msgs/include/ur_dashboard_msgs/ur_dashboard_msgs/srv/detail/is_program_saved__traits.hpp
[20.328s] -- Up-to-date: /home/kush/UR5_Project_New/install/ur_dashboard_msgs/include/ur_dashboard_msgs/ur_dashboard_msgs/srv/detail/is_program_running__struct.hpp
[20.328s] -- Up-to-date: /home/kush/UR5_Project_New/install/ur_dashboard_msgs/include/ur_dashboard_msgs/ur_dashboard_msgs/srv/detail/get_program_state__builder.hpp
[20.328s] -- Up-to-date: /home/kush/UR5_Project_New/install/ur_dashboard_msgs/include/ur_dashboard_msgs/ur_dashboard_msgs/srv/detail/load__struct.hpp
[20.328s] -- Up-to-date: /home/kush/UR5_Project_New/install/ur_dashboard_msgs/include/ur_dashboard_msgs/ur_dashboard_msgs/srv/detail/popup__builder.hpp
[20.328s] -- Up-to-date: /home/kush/UR5_Project_New/install/ur_dashboard_msgs/include/ur_dashboard_msgs/ur_dashboard_msgs/srv/detail/load__traits.hpp
[20.329s] -- Up-to-date: /home/kush/UR5_Project_New/install/ur_dashboard_msgs/include/ur_dashboard_msgs/ur_dashboard_msgs/srv/detail/get_robot_mode__struct.hpp
[20.329s] -- Up-to-date: /home/kush/UR5_Project_New/install/ur_dashboard_msgs/include/ur_dashboard_msgs/ur_dashboard_msgs/srv/detail/get_loaded_program__traits.hpp
[20.329s] -- Up-to-date: /home/kush/UR5_Project_New/install/ur_dashboard_msgs/include/ur_dashboard_msgs/ur_dashboard_msgs/srv/detail/get_loaded_program__struct.hpp
[20.329s] -- Up-to-date: /home/kush/UR5_Project_New/install/ur_dashboard_msgs/include/ur_dashboard_msgs/ur_dashboard_msgs/srv/detail/is_program_running__traits.hpp
[20.329s] -- Up-to-date: /home/kush/UR5_Project_New/install/ur_dashboard_msgs/include/ur_dashboard_msgs/ur_dashboard_msgs/srv/detail/is_program_saved__struct.hpp
[20.329s] -- Up-to-date: /home/kush/UR5_Project_New/install/ur_dashboard_msgs/include/ur_dashboard_msgs/ur_dashboard_msgs/srv/detail/get_robot_mode__traits.hpp
[20.330s] -- Up-to-date: /home/kush/UR5_Project_New/install/ur_dashboard_msgs/include/ur_dashboard_msgs/ur_dashboard_msgs/srv/detail/raw_request__builder.hpp
[20.330s] -- Up-to-date: /home/kush/UR5_Project_New/install/ur_dashboard_msgs/include/ur_dashboard_msgs/ur_dashboard_msgs/srv/detail/is_program_running__builder.hpp
[20.330s] -- Up-to-date: /home/kush/UR5_Project_New/install/ur_dashboard_msgs/include/ur_dashboard_msgs/ur_dashboard_msgs/srv/detail/get_program_state__traits.hpp
[20.330s] -- Up-to-date: /home/kush/UR5_Project_New/install/ur_dashboard_msgs/include/ur_dashboard_msgs/ur_dashboard_msgs/srv/detail/get_safety_mode__builder.hpp
[20.330s] -- Up-to-date: /home/kush/UR5_Project_New/install/ur_dashboard_msgs/include/ur_dashboard_msgs/ur_dashboard_msgs/srv/detail/raw_request__struct.hpp
[20.330s] -- Up-to-date: /home/kush/UR5_Project_New/install/ur_dashboard_msgs/include/ur_dashboard_msgs/ur_dashboard_msgs/srv/detail/add_to_log__builder.hpp
[20.331s] -- Up-to-date: /home/kush/UR5_Project_New/install/ur_dashboard_msgs/include/ur_dashboard_msgs/ur_dashboard_msgs/srv/detail/raw_request__traits.hpp
[20.331s] -- Up-to-date: /home/kush/UR5_Project_New/install/ur_dashboard_msgs/include/ur_dashboard_msgs/ur_dashboard_msgs/srv/detail/add_to_log__traits.hpp
[20.331s] -- Up-to-date: /home/kush/UR5_Project_New/install/ur_dashboard_msgs/include/ur_dashboard_msgs/ur_dashboard_msgs/srv/detail/get_safety_mode__traits.hpp
[20.332s] -- Up-to-date: /home/kush/UR5_Project_New/install/ur_dashboard_msgs/include/ur_dashboard_msgs/ur_dashboard_msgs/srv/detail/popup__struct.hpp
[20.332s] -- Up-to-date: /home/kush/UR5_Project_New/install/ur_dashboard_msgs/include/ur_dashboard_msgs/ur_dashboard_msgs/srv/detail/get_loaded_program__builder.hpp
[20.332s] -- Up-to-date: /home/kush/UR5_Project_New/install/ur_dashboard_msgs/include/ur_dashboard_msgs/ur_dashboard_msgs/srv/detail/get_robot_mode__builder.hpp
[20.332s] -- Up-to-date: /home/kush/UR5_Project_New/install/ur_dashboard_msgs/include/ur_dashboard_msgs/ur_dashboard_msgs/srv/detail/add_to_log__struct.hpp
[20.332s] -- Up-to-date: /home/kush/UR5_Project_New/install/ur_dashboard_msgs/include/ur_dashboard_msgs/ur_dashboard_msgs/srv/detail/is_program_saved__builder.hpp
[20.332s] -- Up-to-date: /home/kush/UR5_Project_New/install/ur_dashboard_msgs/include/ur_dashboard_msgs/ur_dashboard_msgs/srv/detail/get_program_state__struct.hpp
[20.332s] -- Up-to-date: /home/kush/UR5_Project_New/install/ur_dashboard_msgs/include/ur_dashboard_msgs/ur_dashboard_msgs/srv/detail/popup__traits.hpp
[20.332s] -- Up-to-date: /home/kush/UR5_Project_New/install/ur_dashboard_msgs/include/ur_dashboard_msgs/ur_dashboard_msgs/srv/add_to_log.hpp
[20.332s] -- Up-to-date: /home/kush/UR5_Project_New/install/ur_dashboard_msgs/include/ur_dashboard_msgs/ur_dashboard_msgs/srv/get_loaded_program.hpp
[20.333s] -- Up-to-date: /home/kush/UR5_Project_New/install/ur_dashboard_msgs/include/ur_dashboard_msgs/ur_dashboard_msgs/srv/get_safety_mode.hpp
[20.333s] -- Up-to-date: /home/kush/UR5_Project_New/install/ur_dashboard_msgs/include/ur_dashboard_msgs/ur_dashboard_msgs/msg
[20.333s] -- Up-to-date: /home/kush/UR5_Project_New/install/ur_dashboard_msgs/include/ur_dashboard_msgs/ur_dashboard_msgs/msg/robot_mode.hpp
[20.333s] -- Up-to-date: /home/kush/UR5_Project_New/install/ur_dashboard_msgs/include/ur_dashboard_msgs/ur_dashboard_msgs/msg/safety_mode.hpp
[20.333s] -- Up-to-date: /home/kush/UR5_Project_New/install/ur_dashboard_msgs/include/ur_dashboard_msgs/ur_dashboard_msgs/msg/detail
[20.333s] -- Up-to-date: /home/kush/UR5_Project_New/install/ur_dashboard_msgs/include/ur_dashboard_msgs/ur_dashboard_msgs/msg/detail/program_state__builder.hpp
[20.334s] -- Up-to-date: /home/kush/UR5_Project_New/install/ur_dashboard_msgs/include/ur_dashboard_msgs/ur_dashboard_msgs/msg/detail/safety_mode__builder.hpp
[20.334s] -- Up-to-date: /home/kush/UR5_Project_New/install/ur_dashboard_msgs/include/ur_dashboard_msgs/ur_dashboard_msgs/msg/detail/robot_mode__builder.hpp
[20.334s] -- Up-to-date: /home/kush/UR5_Project_New/install/ur_dashboard_msgs/include/ur_dashboard_msgs/ur_dashboard_msgs/msg/detail/robot_mode__struct.hpp
[20.334s] -- Up-to-date: /home/kush/UR5_Project_New/install/ur_dashboard_msgs/include/ur_dashboard_msgs/ur_dashboard_msgs/msg/detail/program_state__struct.hpp
[20.334s] -- Up-to-date: /home/kush/UR5_Project_New/install/ur_dashboard_msgs/include/ur_dashboard_msgs/ur_dashboard_msgs/msg/detail/safety_mode__struct.hpp
[20.334s] -- Up-to-date: /home/kush/UR5_Project_New/install/ur_dashboard_msgs/include/ur_dashboard_msgs/ur_dashboard_msgs/msg/detail/program_state__traits.hpp
[20.335s] -- Up-to-date: /home/kush/UR5_Project_New/install/ur_dashboard_msgs/include/ur_dashboard_msgs/ur_dashboard_msgs/msg/detail/robot_mode__traits.hpp
[20.335s] -- Up-to-date: /home/kush/UR5_Project_New/install/ur_dashboard_msgs/include/ur_dashboard_msgs/ur_dashboard_msgs/msg/detail/safety_mode__traits.hpp
[20.335s] -- Up-to-date: /home/kush/UR5_Project_New/install/ur_dashboard_msgs/include/ur_dashboard_msgs/ur_dashboard_msgs/msg/program_state.hpp
[20.335s] -- Up-to-date: /home/kush/UR5_Project_New/install/ur_dashboard_msgs/include/ur_dashboard_msgs/ur_dashboard_msgs/action
[20.335s] -- Up-to-date: /home/kush/UR5_Project_New/install/ur_dashboard_msgs/include/ur_dashboard_msgs/ur_dashboard_msgs/action/detail
[20.336s] -- Up-to-date: /home/kush/UR5_Project_New/install/ur_dashboard_msgs/include/ur_dashboard_msgs/ur_dashboard_msgs/action/detail/set_mode__struct.hpp
[20.336s] -- Up-to-date: /home/kush/UR5_Project_New/install/ur_dashboard_msgs/include/ur_dashboard_msgs/ur_dashboard_msgs/action/detail/set_mode__traits.hpp
[20.336s] -- Up-to-date: /home/kush/UR5_Project_New/install/ur_dashboard_msgs/include/ur_dashboard_msgs/ur_dashboard_msgs/action/detail/set_mode__builder.hpp
[20.336s] -- Up-to-date: /home/kush/UR5_Project_New/install/ur_dashboard_msgs/include/ur_dashboard_msgs/ur_dashboard_msgs/action/set_mode.hpp
[20.336s] -- Up-to-date: /home/kush/UR5_Project_New/install/ur_dashboard_msgs/include/ur_dashboard_msgs/ur_dashboard_msgs
[20.336s] -- Up-to-date: /home/kush/UR5_Project_New/install/ur_dashboard_msgs/include/ur_dashboard_msgs/ur_dashboard_msgs/srv
[20.337s] -- Up-to-date: /home/kush/UR5_Project_New/install/ur_dashboard_msgs/include/ur_dashboard_msgs/ur_dashboard_msgs/srv/detail
[20.337s] -- Up-to-date: /home/kush/UR5_Project_New/install/ur_dashboard_msgs/include/ur_dashboard_msgs/ur_dashboard_msgs/srv/detail/get_loaded_program__rosidl_typesupport_fastrtps_cpp.hpp
[20.337s] -- Up-to-date: /home/kush/UR5_Project_New/install/ur_dashboard_msgs/include/ur_dashboard_msgs/ur_dashboard_msgs/srv/detail/load__rosidl_typesupport_fastrtps_cpp.hpp
[20.337s] -- Up-to-date: /home/kush/UR5_Project_New/install/ur_dashboard_msgs/include/ur_dashboard_msgs/ur_dashboard_msgs/srv/detail/add_to_log__rosidl_typesupport_fastrtps_cpp.hpp
[20.338s] -- Up-to-date: /home/kush/UR5_Project_New/install/ur_dashboard_msgs/include/ur_dashboard_msgs/ur_dashboard_msgs/srv/detail/get_safety_mode__rosidl_typesupport_fastrtps_cpp.hpp
[20.338s] -- Up-to-date: /home/kush/UR5_Project_New/install/ur_dashboard_msgs/include/ur_dashboard_msgs/ur_dashboard_msgs/srv/detail/get_program_state__rosidl_typesupport_fastrtps_cpp.hpp
[20.339s] -- Up-to-date: /home/kush/UR5_Project_New/install/ur_dashboard_msgs/include/ur_dashboard_msgs/ur_dashboard_msgs/srv/detail/popup__rosidl_typesupport_fastrtps_cpp.hpp
[20.339s] -- Up-to-date: /home/kush/UR5_Project_New/install/ur_dashboard_msgs/include/ur_dashboard_msgs/ur_dashboard_msgs/srv/detail/dds_fastrtps
[20.339s] -- Up-to-date: /home/kush/UR5_Project_New/install/ur_dashboard_msgs/include/ur_dashboard_msgs/ur_dashboard_msgs/srv/detail/raw_request__rosidl_typesupport_fastrtps_cpp.hpp
[20.339s] -- Up-to-date: /home/kush/UR5_Project_New/install/ur_dashboard_msgs/include/ur_dashboard_msgs/ur_dashboard_msgs/srv/detail/get_robot_mode__rosidl_typesupport_fastrtps_cpp.hpp
[20.339s] -- Up-to-date: /home/kush/UR5_Project_New/install/ur_dashboard_msgs/include/ur_dashboard_msgs/ur_dashboard_msgs/srv/detail/is_program_saved__rosidl_typesupport_fastrtps_cpp.hpp
[20.340s] -- Up-to-date: /home/kush/UR5_Project_New/install/ur_dashboard_msgs/include/ur_dashboard_msgs/ur_dashboard_msgs/srv/detail/is_program_running__rosidl_typesupport_fastrtps_cpp.hpp
[20.340s] -- Up-to-date: /home/kush/UR5_Project_New/install/ur_dashboard_msgs/include/ur_dashboard_msgs/ur_dashboard_msgs/msg
[20.340s] -- Up-to-date: /home/kush/UR5_Project_New/install/ur_dashboard_msgs/include/ur_dashboard_msgs/ur_dashboard_msgs/msg/rosidl_typesupport_fastrtps_cpp__visibility_control.h
[20.340s] -- Up-to-date: /home/kush/UR5_Project_New/install/ur_dashboard_msgs/include/ur_dashboard_msgs/ur_dashboard_msgs/msg/detail
[20.340s] -- Up-to-date: /home/kush/UR5_Project_New/install/ur_dashboard_msgs/include/ur_dashboard_msgs/ur_dashboard_msgs/msg/detail/safety_mode__rosidl_typesupport_fastrtps_cpp.hpp
[20.341s] -- Up-to-date: /home/kush/UR5_Project_New/install/ur_dashboard_msgs/include/ur_dashboard_msgs/ur_dashboard_msgs/msg/detail/program_state__rosidl_typesupport_fastrtps_cpp.hpp
[20.341s] -- Up-to-date: /home/kush/UR5_Project_New/install/ur_dashboard_msgs/include/ur_dashboard_msgs/ur_dashboard_msgs/msg/detail/robot_mode__rosidl_typesupport_fastrtps_cpp.hpp
[20.341s] -- Up-to-date: /home/kush/UR5_Project_New/install/ur_dashboard_msgs/include/ur_dashboard_msgs/ur_dashboard_msgs/msg/detail/dds_fastrtps
[20.341s] -- Up-to-date: /home/kush/UR5_Project_New/install/ur_dashboard_msgs/include/ur_dashboard_msgs/ur_dashboard_msgs/action
[20.341s] -- Up-to-date: /home/kush/UR5_Project_New/install/ur_dashboard_msgs/include/ur_dashboard_msgs/ur_dashboard_msgs/action/detail
[20.341s] -- Up-to-date: /home/kush/UR5_Project_New/install/ur_dashboard_msgs/include/ur_dashboard_msgs/ur_dashboard_msgs/action/detail/set_mode__rosidl_typesupport_fastrtps_cpp.hpp
[20.342s] -- Up-to-date: /home/kush/UR5_Project_New/install/ur_dashboard_msgs/include/ur_dashboard_msgs/ur_dashboard_msgs/action/detail/dds_fastrtps
[20.428s] -- Up-to-date: /home/kush/UR5_Project_New/install/ur_dashboard_msgs/lib/libur_dashboard_msgs__rosidl_typesupport_fastrtps_cpp.so
[20.429s] -- Up-to-date: /home/kush/UR5_Project_New/install/ur_dashboard_msgs/include/ur_dashboard_msgs/ur_dashboard_msgs
[20.430s] -- Up-to-date: /home/kush/UR5_Project_New/install/ur_dashboard_msgs/include/ur_dashboard_msgs/ur_dashboard_msgs/srv
[20.430s] -- Up-to-date: /home/kush/UR5_Project_New/install/ur_dashboard_msgs/include/ur_dashboard_msgs/ur_dashboard_msgs/srv/detail
[20.430s] -- Up-to-date: /home/kush/UR5_Project_New/install/ur_dashboard_msgs/include/ur_dashboard_msgs/ur_dashboard_msgs/srv/detail/popup__type_support.cpp
[20.431s] -- Up-to-date: /home/kush/UR5_Project_New/install/ur_dashboard_msgs/include/ur_dashboard_msgs/ur_dashboard_msgs/srv/detail/get_robot_mode__type_support.cpp
[20.432s] -- Up-to-date: /home/kush/UR5_Project_New/install/ur_dashboard_msgs/include/ur_dashboard_msgs/ur_dashboard_msgs/srv/detail/raw_request__type_support.cpp
[20.432s] -- Up-to-date: /home/kush/UR5_Project_New/install/ur_dashboard_msgs/include/ur_dashboard_msgs/ur_dashboard_msgs/srv/detail/is_program_saved__rosidl_typesupport_introspection_cpp.hpp
[20.432s] -- Up-to-date: /home/kush/UR5_Project_New/install/ur_dashboard_msgs/include/ur_dashboard_msgs/ur_dashboard_msgs/srv/detail/get_loaded_program__rosidl_typesupport_introspection_cpp.hpp
[20.433s] -- Up-to-date: /home/kush/UR5_Project_New/install/ur_dashboard_msgs/include/ur_dashboard_msgs/ur_dashboard_msgs/srv/detail/get_safety_mode__rosidl_typesupport_introspection_cpp.hpp
[20.433s] -- Up-to-date: /home/kush/UR5_Project_New/install/ur_dashboard_msgs/include/ur_dashboard_msgs/ur_dashboard_msgs/srv/detail/get_robot_mode__rosidl_typesupport_introspection_cpp.hpp
[20.433s] -- Up-to-date: /home/kush/UR5_Project_New/install/ur_dashboard_msgs/include/ur_dashboard_msgs/ur_dashboard_msgs/srv/detail/add_to_log__rosidl_typesupport_introspection_cpp.hpp
[20.434s] -- Up-to-date: /home/kush/UR5_Project_New/install/ur_dashboard_msgs/include/ur_dashboard_msgs/ur_dashboard_msgs/srv/detail/get_program_state__rosidl_typesupport_introspection_cpp.hpp
[20.434s] -- Up-to-date: /home/kush/UR5_Project_New/install/ur_dashboard_msgs/include/ur_dashboard_msgs/ur_dashboard_msgs/srv/detail/get_program_state__type_support.cpp
[20.434s] -- Up-to-date: /home/kush/UR5_Project_New/install/ur_dashboard_msgs/include/ur_dashboard_msgs/ur_dashboard_msgs/srv/detail/load__type_support.cpp
[20.434s] -- Up-to-date: /home/kush/UR5_Project_New/install/ur_dashboard_msgs/include/ur_dashboard_msgs/ur_dashboard_msgs/srv/detail/load__rosidl_typesupport_introspection_cpp.hpp
[20.434s] -- Up-to-date: /home/kush/UR5_Project_New/install/ur_dashboard_msgs/include/ur_dashboard_msgs/ur_dashboard_msgs/srv/detail/add_to_log__type_support.cpp
[20.434s] -- Up-to-date: /home/kush/UR5_Project_New/install/ur_dashboard_msgs/include/ur_dashboard_msgs/ur_dashboard_msgs/srv/detail/is_program_saved__type_support.cpp
[20.435s] -- Up-to-date: /home/kush/UR5_Project_New/install/ur_dashboard_msgs/include/ur_dashboard_msgs/ur_dashboard_msgs/srv/detail/popup__rosidl_typesupport_introspection_cpp.hpp
[20.436s] -- Up-to-date: /home/kush/UR5_Project_New/install/ur_dashboard_msgs/include/ur_dashboard_msgs/ur_dashboard_msgs/srv/detail/is_program_running__rosidl_typesupport_introspection_cpp.hpp
[20.436s] -- Up-to-date: /home/kush/UR5_Project_New/install/ur_dashboard_msgs/include/ur_dashboard_msgs/ur_dashboard_msgs/srv/detail/get_safety_mode__type_support.cpp
[20.436s] -- Up-to-date: /home/kush/UR5_Project_New/install/ur_dashboard_msgs/include/ur_dashboard_msgs/ur_dashboard_msgs/srv/detail/get_loaded_program__type_support.cpp
[20.436s] -- Up-to-date: /home/kush/UR5_Project_New/install/ur_dashboard_msgs/include/ur_dashboard_msgs/ur_dashboard_msgs/srv/detail/is_program_running__type_support.cpp
[20.437s] -- Up-to-date: /home/kush/UR5_Project_New/install/ur_dashboard_msgs/include/ur_dashboard_msgs/ur_dashboard_msgs/srv/detail/raw_request__rosidl_typesupport_introspection_cpp.hpp
[20.437s] -- Up-to-date: /home/kush/UR5_Project_New/install/ur_dashboard_msgs/include/ur_dashboard_msgs/ur_dashboard_msgs/msg
[20.437s] -- Up-to-date: /home/kush/UR5_Project_New/install/ur_dashboard_msgs/include/ur_dashboard_msgs/ur_dashboard_msgs/msg/detail
[20.438s] -- Up-to-date: /home/kush/UR5_Project_New/install/ur_dashboard_msgs/include/ur_dashboard_msgs/ur_dashboard_msgs/msg/detail/robot_mode__rosidl_typesupport_introspection_cpp.hpp
[20.438s] -- Up-to-date: /home/kush/UR5_Project_New/install/ur_dashboard_msgs/include/ur_dashboard_msgs/ur_dashboard_msgs/msg/detail/safety_mode__rosidl_typesupport_introspection_cpp.hpp
[20.439s] -- Up-to-date: /home/kush/UR5_Project_New/install/ur_dashboard_msgs/include/ur_dashboard_msgs/ur_dashboard_msgs/msg/detail/robot_mode__type_support.cpp
[20.439s] -- Up-to-date: /home/kush/UR5_Project_New/install/ur_dashboard_msgs/include/ur_dashboard_msgs/ur_dashboard_msgs/msg/detail/program_state__rosidl_typesupport_introspection_cpp.hpp
[20.439s] -- Up-to-date: /home/kush/UR5_Project_New/install/ur_dashboard_msgs/include/ur_dashboard_msgs/ur_dashboard_msgs/msg/detail/program_state__type_support.cpp
[20.439s] -- Up-to-date: /home/kush/UR5_Project_New/install/ur_dashboard_msgs/include/ur_dashboard_msgs/ur_dashboard_msgs/msg/detail/safety_mode__type_support.cpp
[20.439s] -- Up-to-date: /home/kush/UR5_Project_New/install/ur_dashboard_msgs/include/ur_dashboard_msgs/ur_dashboard_msgs/action
[20.440s] -- Up-to-date: /home/kush/UR5_Project_New/install/ur_dashboard_msgs/include/ur_dashboard_msgs/ur_dashboard_msgs/action/detail
[20.440s] -- Up-to-date: /home/kush/UR5_Project_New/install/ur_dashboard_msgs/include/ur_dashboard_msgs/ur_dashboard_msgs/action/detail/set_mode__rosidl_typesupport_introspection_cpp.hpp
[20.440s] -- Up-to-date: /home/kush/UR5_Project_New/install/ur_dashboard_msgs/include/ur_dashboard_msgs/ur_dashboard_msgs/action/detail/set_mode__type_support.cpp
[20.511s] -- Up-to-date: /home/kush/UR5_Project_New/install/ur_dashboard_msgs/lib/libur_dashboard_msgs__rosidl_typesupport_introspection_cpp.so
[20.540s] -- Up-to-date: /home/kush/UR5_Project_New/install/ur_dashboard_msgs/lib/libur_dashboard_msgs__rosidl_typesupport_cpp.so
[20.541s] -- Up-to-date: /home/kush/UR5_Project_New/install/ur_dashboard_msgs/share/ur_dashboard_msgs/environment/pythonpath.sh
[20.541s] -- Installing: /home/kush/UR5_Project_New/install/ur_dashboard_msgs/share/ur_dashboard_msgs/environment/pythonpath.dsv
[20.541s] -- Up-to-date: /home/kush/UR5_Project_New/install/ur_dashboard_msgs/local/lib/python3.10/dist-packages/ur_dashboard_msgs-2.2.8-py3.10.egg-info
[20.541s] -- Installing: /home/kush/UR5_Project_New/install/ur_dashboard_msgs/local/lib/python3.10/dist-packages/ur_dashboard_msgs-2.2.8-py3.10.egg-info/SOURCES.txt
[20.541s] -- Installing: /home/kush/UR5_Project_New/install/ur_dashboard_msgs/local/lib/python3.10/dist-packages/ur_dashboard_msgs-2.2.8-py3.10.egg-info/dependency_links.txt
[20.542s] -- Installing: /home/kush/UR5_Project_New/install/ur_dashboard_msgs/local/lib/python3.10/dist-packages/ur_dashboard_msgs-2.2.8-py3.10.egg-info/PKG-INFO
[20.542s] -- Installing: /home/kush/UR5_Project_New/install/ur_dashboard_msgs/local/lib/python3.10/dist-packages/ur_dashboard_msgs-2.2.8-py3.10.egg-info/top_level.txt
[20.542s] -- Up-to-date: /home/kush/UR5_Project_New/install/ur_dashboard_msgs/local/lib/python3.10/dist-packages/ur_dashboard_msgs
[20.542s] -- Up-to-date: /home/kush/UR5_Project_New/install/ur_dashboard_msgs/local/lib/python3.10/dist-packages/ur_dashboard_msgs/libur_dashboard_msgs__rosidl_generator_py.so
[20.543s] -- Up-to-date: /home/kush/UR5_Project_New/install/ur_dashboard_msgs/local/lib/python3.10/dist-packages/ur_dashboard_msgs/ur_dashboard_msgs_s__rosidl_typesupport_introspection_c.cpython-310-x86_64-linux-gnu.so
[20.543s] -- Up-to-date: /home/kush/UR5_Project_New/install/ur_dashboard_msgs/local/lib/python3.10/dist-packages/ur_dashboard_msgs/_ur_dashboard_msgs_s.ep.rosidl_typesupport_c.c
[20.543s] -- Installing: /home/kush/UR5_Project_New/install/ur_dashboard_msgs/local/lib/python3.10/dist-packages/ur_dashboard_msgs/__init__.py
[20.544s] -- Up-to-date: /home/kush/UR5_Project_New/install/ur_dashboard_msgs/local/lib/python3.10/dist-packages/ur_dashboard_msgs/srv
[20.544s] -- Up-to-date: /home/kush/UR5_Project_New/install/ur_dashboard_msgs/local/lib/python3.10/dist-packages/ur_dashboard_msgs/srv/_get_robot_mode.py
[20.544s] -- Up-to-date: /home/kush/UR5_Project_New/install/ur_dashboard_msgs/local/lib/python3.10/dist-packages/ur_dashboard_msgs/srv/__init__.py
[20.544s] -- Up-to-date: /home/kush/UR5_Project_New/install/ur_dashboard_msgs/local/lib/python3.10/dist-packages/ur_dashboard_msgs/srv/_raw_request_s.c
[20.545s] -- Up-to-date: /home/kush/UR5_Project_New/install/ur_dashboard_msgs/local/lib/python3.10/dist-packages/ur_dashboard_msgs/srv/_get_safety_mode.py
[20.545s] -- Up-to-date: /home/kush/UR5_Project_New/install/ur_dashboard_msgs/local/lib/python3.10/dist-packages/ur_dashboard_msgs/srv/_load_s.c
[20.545s] -- Up-to-date: /home/kush/UR5_Project_New/install/ur_dashboard_msgs/local/lib/python3.10/dist-packages/ur_dashboard_msgs/srv/_is_program_running.py
[20.545s] -- Up-to-date: /home/kush/UR5_Project_New/install/ur_dashboard_msgs/local/lib/python3.10/dist-packages/ur_dashboard_msgs/srv/_get_loaded_program.py
[20.545s] -- Up-to-date: /home/kush/UR5_Project_New/install/ur_dashboard_msgs/local/lib/python3.10/dist-packages/ur_dashboard_msgs/srv/_load.py
[20.545s] -- Up-to-date: /home/kush/UR5_Project_New/install/ur_dashboard_msgs/local/lib/python3.10/dist-packages/ur_dashboard_msgs/srv/_is_program_saved_s.c
[20.545s] -- Up-to-date: /home/kush/UR5_Project_New/install/ur_dashboard_msgs/local/lib/python3.10/dist-packages/ur_dashboard_msgs/srv/_get_program_state_s.c
[20.545s] -- Up-to-date: /home/kush/UR5_Project_New/install/ur_dashboard_msgs/local/lib/python3.10/dist-packages/ur_dashboard_msgs/srv/_raw_request.py
[20.545s] -- Up-to-date: /home/kush/UR5_Project_New/install/ur_dashboard_msgs/local/lib/python3.10/dist-packages/ur_dashboard_msgs/srv/_get_robot_mode_s.c
[20.545s] -- Up-to-date: /home/kush/UR5_Project_New/install/ur_dashboard_msgs/local/lib/python3.10/dist-packages/ur_dashboard_msgs/srv/_get_safety_mode_s.c
[20.546s] -- Up-to-date: /home/kush/UR5_Project_New/install/ur_dashboard_msgs/local/lib/python3.10/dist-packages/ur_dashboard_msgs/srv/_add_to_log_s.c
[20.546s] -- Up-to-date: /home/kush/UR5_Project_New/install/ur_dashboard_msgs/local/lib/python3.10/dist-packages/ur_dashboard_msgs/srv/_get_loaded_program_s.c
[20.546s] -- Up-to-date: /home/kush/UR5_Project_New/install/ur_dashboard_msgs/local/lib/python3.10/dist-packages/ur_dashboard_msgs/srv/_get_program_state.py
[20.546s] -- Up-to-date: /home/kush/UR5_Project_New/install/ur_dashboard_msgs/local/lib/python3.10/dist-packages/ur_dashboard_msgs/srv/_popup.py
[20.546s] -- Up-to-date: /home/kush/UR5_Project_New/install/ur_dashboard_msgs/local/lib/python3.10/dist-packages/ur_dashboard_msgs/srv/_is_program_saved.py
[20.546s] -- Up-to-date: /home/kush/UR5_Project_New/install/ur_dashboard_msgs/local/lib/python3.10/dist-packages/ur_dashboard_msgs/srv/_add_to_log.py
[20.546s] -- Up-to-date: /home/kush/UR5_Project_New/install/ur_dashboard_msgs/local/lib/python3.10/dist-packages/ur_dashboard_msgs/srv/_is_program_running_s.c
[20.547s] -- Up-to-date: /home/kush/UR5_Project_New/install/ur_dashboard_msgs/local/lib/python3.10/dist-packages/ur_dashboard_msgs/srv/_popup_s.c
[20.547s] -- Up-to-date: /home/kush/UR5_Project_New/install/ur_dashboard_msgs/local/lib/python3.10/dist-packages/ur_dashboard_msgs/msg
[20.547s] -- Up-to-date: /home/kush/UR5_Project_New/install/ur_dashboard_msgs/local/lib/python3.10/dist-packages/ur_dashboard_msgs/msg/_safety_mode.py
[20.547s] -- Up-to-date: /home/kush/UR5_Project_New/install/ur_dashboard_msgs/local/lib/python3.10/dist-packages/ur_dashboard_msgs/msg/__init__.py
[20.547s] -- Up-to-date: /home/kush/UR5_Project_New/install/ur_dashboard_msgs/local/lib/python3.10/dist-packages/ur_dashboard_msgs/msg/_program_state.py
[20.548s] -- Up-to-date: /home/kush/UR5_Project_New/install/ur_dashboard_msgs/local/lib/python3.10/dist-packages/ur_dashboard_msgs/msg/_program_state_s.c
[20.548s] -- Up-to-date: /home/kush/UR5_Project_New/install/ur_dashboard_msgs/local/lib/python3.10/dist-packages/ur_dashboard_msgs/msg/_safety_mode_s.c
[20.548s] -- Up-to-date: /home/kush/UR5_Project_New/install/ur_dashboard_msgs/local/lib/python3.10/dist-packages/ur_dashboard_msgs/msg/_robot_mode.py
[20.548s] -- Up-to-date: /home/kush/UR5_Project_New/install/ur_dashboard_msgs/local/lib/python3.10/dist-packages/ur_dashboard_msgs/msg/_robot_mode_s.c
[20.548s] -- Up-to-date: /home/kush/UR5_Project_New/install/ur_dashboard_msgs/local/lib/python3.10/dist-packages/ur_dashboard_msgs/ur_dashboard_msgs_s__rosidl_typesupport_fastrtps_c.cpython-310-x86_64-linux-gnu.so
[20.548s] -- Up-to-date: /home/kush/UR5_Project_New/install/ur_dashboard_msgs/local/lib/python3.10/dist-packages/ur_dashboard_msgs/_ur_dashboard_msgs_s.ep.rosidl_typesupport_fastrtps_c.c
[20.548s] -- Up-to-date: /home/kush/UR5_Project_New/install/ur_dashboard_msgs/local/lib/python3.10/dist-packages/ur_dashboard_msgs/action
[20.549s] -- Up-to-date: /home/kush/UR5_Project_New/install/ur_dashboard_msgs/local/lib/python3.10/dist-packages/ur_dashboard_msgs/action/__init__.py
[20.549s] -- Up-to-date: /home/kush/UR5_Project_New/install/ur_dashboard_msgs/local/lib/python3.10/dist-packages/ur_dashboard_msgs/action/_set_mode.py
[20.549s] -- Up-to-date: /home/kush/UR5_Project_New/install/ur_dashboard_msgs/local/lib/python3.10/dist-packages/ur_dashboard_msgs/action/_set_mode_s.c
[20.549s] -- Up-to-date: /home/kush/UR5_Project_New/install/ur_dashboard_msgs/local/lib/python3.10/dist-packages/ur_dashboard_msgs/_ur_dashboard_msgs_s.ep.rosidl_typesupport_introspection_c.c
[20.551s] -- Up-to-date: /home/kush/UR5_Project_New/install/ur_dashboard_msgs/local/lib/python3.10/dist-packages/ur_dashboard_msgs/ur_dashboard_msgs_s__rosidl_typesupport_c.cpython-310-x86_64-linux-gnu.so
[20.971s] Listing '/home/kush/UR5_Project_New/install/ur_dashboard_msgs/local/lib/python3.10/dist-packages/ur_dashboard_msgs'...
[20.971s] Compiling '/home/kush/UR5_Project_New/install/ur_dashboard_msgs/local/lib/python3.10/dist-packages/ur_dashboard_msgs/__init__.py'...
[20.972s] Listing '/home/kush/UR5_Project_New/install/ur_dashboard_msgs/local/lib/python3.10/dist-packages/ur_dashboard_msgs/action'...
[20.972s] Listing '/home/kush/UR5_Project_New/install/ur_dashboard_msgs/local/lib/python3.10/dist-packages/ur_dashboard_msgs/msg'...
[20.972s] Listing '/home/kush/UR5_Project_New/install/ur_dashboard_msgs/local/lib/python3.10/dist-packages/ur_dashboard_msgs/srv'...
[21.079s] -- Up-to-date: /home/kush/UR5_Project_New/install/ur_dashboard_msgs/local/lib/python3.10/dist-packages/ur_dashboard_msgs/ur_dashboard_msgs_s__rosidl_typesupport_fastrtps_c.cpython-310-x86_64-linux-gnu.so
[21.161s] -- Up-to-date: /home/kush/UR5_Project_New/install/ur_dashboard_msgs/local/lib/python3.10/dist-packages/ur_dashboard_msgs/ur_dashboard_msgs_s__rosidl_typesupport_introspection_c.cpython-310-x86_64-linux-gnu.so
[21.261s] -- Up-to-date: /home/kush/UR5_Project_New/install/ur_dashboard_msgs/local/lib/python3.10/dist-packages/ur_dashboard_msgs/ur_dashboard_msgs_s__rosidl_typesupport_c.cpython-310-x86_64-linux-gnu.so
[21.319s] -- Up-to-date: /home/kush/UR5_Project_New/install/ur_dashboard_msgs/lib/libur_dashboard_msgs__rosidl_generator_py.so
[21.320s] -- Up-to-date: /home/kush/UR5_Project_New/install/ur_dashboard_msgs/share/ur_dashboard_msgs/msg/ProgramState.idl
[21.320s] -- Up-to-date: /home/kush/UR5_Project_New/install/ur_dashboard_msgs/share/ur_dashboard_msgs/msg/RobotMode.idl
[21.321s] -- Up-to-date: /home/kush/UR5_Project_New/install/ur_dashboard_msgs/share/ur_dashboard_msgs/msg/SafetyMode.idl
[21.321s] -- Up-to-date: /home/kush/UR5_Project_New/install/ur_dashboard_msgs/share/ur_dashboard_msgs/srv/AddToLog.idl
[21.322s] -- Up-to-date: /home/kush/UR5_Project_New/install/ur_dashboard_msgs/share/ur_dashboard_msgs/srv/GetLoadedProgram.idl
[21.327s] -- Up-to-date: /home/kush/UR5_Project_New/install/ur_dashboard_msgs/share/ur_dashboard_msgs/srv/GetProgramState.idl
[21.327s] -- Up-to-date: /home/kush/UR5_Project_New/install/ur_dashboard_msgs/share/ur_dashboard_msgs/srv/GetRobotMode.idl
[21.327s] -- Up-to-date: /home/kush/UR5_Project_New/install/ur_dashboard_msgs/share/ur_dashboard_msgs/srv/GetSafetyMode.idl
[21.328s] -- Up-to-date: /home/kush/UR5_Project_New/install/ur_dashboard_msgs/share/ur_dashboard_msgs/srv/IsProgramRunning.idl
[21.328s] -- Up-to-date: /home/kush/UR5_Project_New/install/ur_dashboard_msgs/share/ur_dashboard_msgs/srv/IsProgramSaved.idl
[21.328s] -- Up-to-date: /home/kush/UR5_Project_New/install/ur_dashboard_msgs/share/ur_dashboard_msgs/srv/Load.idl
[21.328s] -- Up-to-date: /home/kush/UR5_Project_New/install/ur_dashboard_msgs/share/ur_dashboard_msgs/srv/Popup.idl
[21.328s] -- Up-to-date: /home/kush/UR5_Project_New/install/ur_dashboard_msgs/share/ur_dashboard_msgs/srv/RawRequest.idl
[21.329s] -- Up-to-date: /home/kush/UR5_Project_New/install/ur_dashboard_msgs/share/ur_dashboard_msgs/action/SetMode.idl
[21.329s] -- Up-to-date: /home/kush/UR5_Project_New/install/ur_dashboard_msgs/share/ur_dashboard_msgs/msg/ProgramState.msg
[21.329s] -- Up-to-date: /home/kush/UR5_Project_New/install/ur_dashboard_msgs/share/ur_dashboard_msgs/msg/RobotMode.msg
[21.329s] -- Up-to-date: /home/kush/UR5_Project_New/install/ur_dashboard_msgs/share/ur_dashboard_msgs/msg/SafetyMode.msg
[21.329s] -- Up-to-date: /home/kush/UR5_Project_New/install/ur_dashboard_msgs/share/ur_dashboard_msgs/srv/AddToLog.srv
[21.329s] -- Up-to-date: /home/kush/UR5_Project_New/install/ur_dashboard_msgs/share/ur_dashboard_msgs/srv/AddToLog_Request.msg
[21.330s] -- Up-to-date: /home/kush/UR5_Project_New/install/ur_dashboard_msgs/share/ur_dashboard_msgs/srv/AddToLog_Response.msg
[21.330s] -- Up-to-date: /home/kush/UR5_Project_New/install/ur_dashboard_msgs/share/ur_dashboard_msgs/srv/GetLoadedProgram.srv
[21.330s] -- Up-to-date: /home/kush/UR5_Project_New/install/ur_dashboard_msgs/share/ur_dashboard_msgs/srv/GetLoadedProgram_Request.msg
[21.330s] -- Up-to-date: /home/kush/UR5_Project_New/install/ur_dashboard_msgs/share/ur_dashboard_msgs/srv/GetLoadedProgram_Response.msg
[21.330s] -- Up-to-date: /home/kush/UR5_Project_New/install/ur_dashboard_msgs/share/ur_dashboard_msgs/srv/GetProgramState.srv
[21.330s] -- Up-to-date: /home/kush/UR5_Project_New/install/ur_dashboard_msgs/share/ur_dashboard_msgs/srv/GetProgramState_Request.msg
[21.331s] -- Up-to-date: /home/kush/UR5_Project_New/install/ur_dashboard_msgs/share/ur_dashboard_msgs/srv/GetProgramState_Response.msg
[21.331s] -- Up-to-date: /home/kush/UR5_Project_New/install/ur_dashboard_msgs/share/ur_dashboard_msgs/srv/GetRobotMode.srv
[21.331s] -- Up-to-date: /home/kush/UR5_Project_New/install/ur_dashboard_msgs/share/ur_dashboard_msgs/srv/GetRobotMode_Request.msg
[21.348s] -- Up-to-date: /home/kush/UR5_Project_New/install/ur_dashboard_msgs/share/ur_dashboard_msgs/srv/GetRobotMode_Response.msg
[21.348s] -- Up-to-date: /home/kush/UR5_Project_New/install/ur_dashboard_msgs/share/ur_dashboard_msgs/srv/GetSafetyMode.srv
[21.348s] -- Up-to-date: /home/kush/UR5_Project_New/install/ur_dashboard_msgs/share/ur_dashboard_msgs/srv/GetSafetyMode_Request.msg
[21.349s] -- Up-to-date: /home/kush/UR5_Project_New/install/ur_dashboard_msgs/share/ur_dashboard_msgs/srv/GetSafetyMode_Response.msg
[21.349s] -- Up-to-date: /home/kush/UR5_Project_New/install/ur_dashboard_msgs/share/ur_dashboard_msgs/srv/IsProgramRunning.srv
[21.349s] -- Up-to-date: /home/kush/UR5_Project_New/install/ur_dashboard_msgs/share/ur_dashboard_msgs/srv/IsProgramRunning_Request.msg
[21.349s] -- Up-to-date: /home/kush/UR5_Project_New/install/ur_dashboard_msgs/share/ur_dashboard_msgs/srv/IsProgramRunning_Response.msg
[21.349s] -- Up-to-date: /home/kush/UR5_Project_New/install/ur_dashboard_msgs/share/ur_dashboard_msgs/srv/IsProgramSaved.srv
[21.350s] -- Up-to-date: /home/kush/UR5_Project_New/install/ur_dashboard_msgs/share/ur_dashboard_msgs/srv/IsProgramSaved_Request.msg
[21.350s] -- Up-to-date: /home/kush/UR5_Project_New/install/ur_dashboard_msgs/share/ur_dashboard_msgs/srv/IsProgramSaved_Response.msg
[21.350s] -- Up-to-date: /home/kush/UR5_Project_New/install/ur_dashboard_msgs/share/ur_dashboard_msgs/srv/Load.srv
[21.350s] -- Up-to-date: /home/kush/UR5_Project_New/install/ur_dashboard_msgs/share/ur_dashboard_msgs/srv/Load_Request.msg
[21.350s] -- Up-to-date: /home/kush/UR5_Project_New/install/ur_dashboard_msgs/share/ur_dashboard_msgs/srv/Load_Response.msg
[21.350s] -- Up-to-date: /home/kush/UR5_Project_New/install/ur_dashboard_msgs/share/ur_dashboard_msgs/srv/Popup.srv
[21.351s] -- Up-to-date: /home/kush/UR5_Project_New/install/ur_dashboard_msgs/share/ur_dashboard_msgs/srv/Popup_Request.msg
[21.353s] -- Up-to-date: /home/kush/UR5_Project_New/install/ur_dashboard_msgs/share/ur_dashboard_msgs/srv/Popup_Response.msg
[21.353s] -- Up-to-date: /home/kush/UR5_Project_New/install/ur_dashboard_msgs/share/ur_dashboard_msgs/srv/RawRequest.srv
[21.353s] -- Up-to-date: /home/kush/UR5_Project_New/install/ur_dashboard_msgs/share/ur_dashboard_msgs/srv/RawRequest_Request.msg
[21.353s] -- Up-to-date: /home/kush/UR5_Project_New/install/ur_dashboard_msgs/share/ur_dashboard_msgs/srv/RawRequest_Response.msg
[21.353s] -- Up-to-date: /home/kush/UR5_Project_New/install/ur_dashboard_msgs/share/ur_dashboard_msgs/action/SetMode.action
[21.354s] -- Up-to-date: /home/kush/UR5_Project_New/install/ur_dashboard_msgs/share/ament_index/resource_index/package_run_dependencies/ur_dashboard_msgs
[21.354s] -- Up-to-date: /home/kush/UR5_Project_New/install/ur_dashboard_msgs/share/ament_index/resource_index/parent_prefix_path/ur_dashboard_msgs
[21.354s] -- Up-to-date: /home/kush/UR5_Project_New/install/ur_dashboard_msgs/share/ur_dashboard_msgs/environment/ament_prefix_path.sh
[21.354s] -- Installing: /home/kush/UR5_Project_New/install/ur_dashboard_msgs/share/ur_dashboard_msgs/environment/ament_prefix_path.dsv
[21.354s] -- Up-to-date: /home/kush/UR5_Project_New/install/ur_dashboard_msgs/share/ur_dashboard_msgs/environment/path.sh
[21.355s] -- Installing: /home/kush/UR5_Project_New/install/ur_dashboard_msgs/share/ur_dashboard_msgs/environment/path.dsv
[21.355s] -- Up-to-date: /home/kush/UR5_Project_New/install/ur_dashboard_msgs/share/ur_dashboard_msgs/local_setup.bash
[21.355s] -- Up-to-date: /home/kush/UR5_Project_New/install/ur_dashboard_msgs/share/ur_dashboard_msgs/local_setup.sh
[21.355s] -- Up-to-date: /home/kush/UR5_Project_New/install/ur_dashboard_msgs/share/ur_dashboard_msgs/local_setup.zsh
[21.356s] -- Installing: /home/kush/UR5_Project_New/install/ur_dashboard_msgs/share/ur_dashboard_msgs/local_setup.dsv
[21.356s] -- Installing: /home/kush/UR5_Project_New/install/ur_dashboard_msgs/share/ur_dashboard_msgs/package.dsv
[21.356s] -- Up-to-date: /home/kush/UR5_Project_New/install/ur_dashboard_msgs/share/ament_index/resource_index/packages/ur_dashboard_msgs
[21.374s] -- Up-to-date: /home/kush/UR5_Project_New/install/ur_dashboard_msgs/share/ur_dashboard_msgs/cmake/export_ur_dashboard_msgs__rosidl_generator_cExport.cmake
[21.375s] -- Up-to-date: /home/kush/UR5_Project_New/install/ur_dashboard_msgs/share/ur_dashboard_msgs/cmake/export_ur_dashboard_msgs__rosidl_generator_cExport-release.cmake
[21.430s] -- Up-to-date: /home/kush/UR5_Project_New/install/ur_dashboard_msgs/share/ur_dashboard_msgs/cmake/export_ur_dashboard_msgs__rosidl_typesupport_fastrtps_cExport.cmake
[21.430s] -- Up-to-date: /home/kush/UR5_Project_New/install/ur_dashboard_msgs/share/ur_dashboard_msgs/cmake/export_ur_dashboard_msgs__rosidl_typesupport_fastrtps_cExport-release.cmake
[21.464s] -- Up-to-date: /home/kush/UR5_Project_New/install/ur_dashboard_msgs/share/ur_dashboard_msgs/cmake/ur_dashboard_msgs__rosidl_typesupport_introspection_cExport.cmake
[21.464s] -- Up-to-date: /home/kush/UR5_Project_New/install/ur_dashboard_msgs/share/ur_dashboard_msgs/cmake/ur_dashboard_msgs__rosidl_typesupport_introspection_cExport-release.cmake
[21.519s] -- Up-to-date: /home/kush/UR5_Project_New/install/ur_dashboard_msgs/share/ur_dashboard_msgs/cmake/ur_dashboard_msgs__rosidl_typesupport_cExport.cmake
[21.519s] -- Up-to-date: /home/kush/UR5_Project_New/install/ur_dashboard_msgs/share/ur_dashboard_msgs/cmake/ur_dashboard_msgs__rosidl_typesupport_cExport-release.cmake
[21.541s] -- Up-to-date: /home/kush/UR5_Project_New/install/ur_dashboard_msgs/share/ur_dashboard_msgs/cmake/export_ur_dashboard_msgs__rosidl_generator_cppExport.cmake
[21.597s] -- Up-to-date: /home/kush/UR5_Project_New/install/ur_dashboard_msgs/share/ur_dashboard_msgs/cmake/export_ur_dashboard_msgs__rosidl_typesupport_fastrtps_cppExport.cmake
[21.599s] -- Up-to-date: /home/kush/UR5_Project_New/install/ur_dashboard_msgs/share/ur_dashboard_msgs/cmake/export_ur_dashboard_msgs__rosidl_typesupport_fastrtps_cppExport-release.cmake
[21.631s] -- Up-to-date: /home/kush/UR5_Project_New/install/ur_dashboard_msgs/share/ur_dashboard_msgs/cmake/ur_dashboard_msgs__rosidl_typesupport_introspection_cppExport.cmake
[21.632s] -- Up-to-date: /home/kush/UR5_Project_New/install/ur_dashboard_msgs/share/ur_dashboard_msgs/cmake/ur_dashboard_msgs__rosidl_typesupport_introspection_cppExport-release.cmake
[21.664s] -- Up-to-date: /home/kush/UR5_Project_New/install/ur_dashboard_msgs/share/ur_dashboard_msgs/cmake/ur_dashboard_msgs__rosidl_typesupport_cppExport.cmake
[21.664s] -- Up-to-date: /home/kush/UR5_Project_New/install/ur_dashboard_msgs/share/ur_dashboard_msgs/cmake/ur_dashboard_msgs__rosidl_typesupport_cppExport-release.cmake
[21.698s] -- Up-to-date: /home/kush/UR5_Project_New/install/ur_dashboard_msgs/share/ur_dashboard_msgs/cmake/export_ur_dashboard_msgs__rosidl_generator_pyExport.cmake
[21.698s] -- Up-to-date: /home/kush/UR5_Project_New/install/ur_dashboard_msgs/share/ur_dashboard_msgs/cmake/export_ur_dashboard_msgs__rosidl_generator_pyExport-release.cmake
[21.698s] -- Up-to-date: /home/kush/UR5_Project_New/install/ur_dashboard_msgs/share/ur_dashboard_msgs/cmake/rosidl_cmake-extras.cmake
[21.698s] -- Up-to-date: /home/kush/UR5_Project_New/install/ur_dashboard_msgs/share/ur_dashboard_msgs/cmake/ament_cmake_export_dependencies-extras.cmake
[21.699s] -- Up-to-date: /home/kush/UR5_Project_New/install/ur_dashboard_msgs/share/ur_dashboard_msgs/cmake/ament_cmake_export_include_directories-extras.cmake
[21.699s] -- Up-to-date: /home/kush/UR5_Project_New/install/ur_dashboard_msgs/share/ur_dashboard_msgs/cmake/ament_cmake_export_libraries-extras.cmake
[21.699s] -- Up-to-date: /home/kush/UR5_Project_New/install/ur_dashboard_msgs/share/ur_dashboard_msgs/cmake/ament_cmake_export_targets-extras.cmake
[21.699s] -- Up-to-date: /home/kush/UR5_Project_New/install/ur_dashboard_msgs/share/ur_dashboard_msgs/cmake/rosidl_cmake_export_typesupport_targets-extras.cmake
[21.700s] -- Up-to-date: /home/kush/UR5_Project_New/install/ur_dashboard_msgs/share/ur_dashboard_msgs/cmake/rosidl_cmake_export_typesupport_libraries-extras.cmake
[21.700s] -- Up-to-date: /home/kush/UR5_Project_New/install/ur_dashboard_msgs/share/ur_dashboard_msgs/cmake/ur_dashboard_msgsConfig.cmake
[21.700s] -- Up-to-date: /home/kush/UR5_Project_New/install/ur_dashboard_msgs/share/ur_dashboard_msgs/cmake/ur_dashboard_msgsConfig-version.cmake
[21.700s] -- Up-to-date: /home/kush/UR5_Project_New/install/ur_dashboard_msgs/share/ur_dashboard_msgs/package.xml
[21.706s] Invoked command in '/home/kush/UR5_Project_New/build/ur_dashboard_msgs' returned '0': CMAKE_PREFIX_PATH=/opt/ros/humble /usr/bin/cmake --install /home/kush/UR5_Project_New/build/ur_dashboard_msgs
