[2.336s] Invoking command in '/home/kush/UR5_Project_New/src/moveit2/moveit_configs_utils': AMENT_PREFIX_PATH=/home/kush/UR5_Project_New/install/srdfdom:/home/kush/UR5_Project_New/install/launch_param_builder:${AMENT_PREFIX_PATH} CMAKE_PREFIX_PATH=/home/kush/UR5_Project_New/install/srdfdom LD_LIBRARY_PATH=/home/kush/UR5_Project_New/install/srdfdom/lib:${LD_LIBRARY_PATH} PYTHONPATH=/home/kush/UR5_Project_New/build/moveit_configs_utils/prefix_override:/home/kush/UR5_Project_New/install/moveit_configs_utils/lib/python3.10/site-packages:/home/kush/UR5_Project_New/install/srdfdom/local/lib/python3.10/dist-packages:/home/kush/UR5_Project_New/install/launch_param_builder/lib/python3.10/site-packages:${PYTHONPATH} /usr/bin/python3 setup.py egg_info --egg-base ../../../build/moveit_configs_utils build --build-base /home/kush/UR5_Project_New/build/moveit_configs_utils/build install --record /home/kush/UR5_Project_New/build/moveit_configs_utils/install.log --single-version-externally-managed
[3.450s] running egg_info
[3.451s] writing ../../../build/moveit_configs_utils/moveit_configs_utils.egg-info/PKG-INFO
[3.452s] writing dependency_links to ../../../build/moveit_configs_utils/moveit_configs_utils.egg-info/dependency_links.txt
[3.452s] writing entry points to ../../../build/moveit_configs_utils/moveit_configs_utils.egg-info/entry_points.txt
[3.452s] writing requirements to ../../../build/moveit_configs_utils/moveit_configs_utils.egg-info/requires.txt
[3.453s] writing top-level names to ../../../build/moveit_configs_utils/moveit_configs_utils.egg-info/top_level.txt
[3.464s] reading manifest file '../../../build/moveit_configs_utils/moveit_configs_utils.egg-info/SOURCES.txt'
[3.467s] writing manifest file '../../../build/moveit_configs_utils/moveit_configs_utils.egg-info/SOURCES.txt'
[3.467s] running build
[3.467s] running build_py
[3.468s] running install
[3.469s] /usr/lib/python3/dist-packages/setuptools/command/install.py:34: SetuptoolsDeprecationWarning: setup.py install is deprecated. Use build and pip and other standards-based tools.
[3.469s]   warnings.warn(
[3.469s] running install_lib
[3.472s] running install_data
[3.474s] running install_egg_info
[3.483s] removing '/home/kush/UR5_Project_New/install/moveit_configs_utils/lib/python3.10/site-packages/moveit_configs_utils-2.5.3-py3.10.egg-info' (and everything under it)
[3.489s] Copying ../../../build/moveit_configs_utils/moveit_configs_utils.egg-info to /home/kush/UR5_Project_New/install/moveit_configs_utils/lib/python3.10/site-packages/moveit_configs_utils-2.5.3-py3.10.egg-info
[3.491s] running install_scripts
[3.556s] writing list of installed files to '/home/kush/UR5_Project_New/build/moveit_configs_utils/install.log'
[3.634s] Invoked command in '/home/kush/UR5_Project_New/src/moveit2/moveit_configs_utils' returned '0': AMENT_PREFIX_PATH=/home/kush/UR5_Project_New/install/srdfdom:/home/kush/UR5_Project_New/install/launch_param_builder:${AMENT_PREFIX_PATH} CMAKE_PREFIX_PATH=/home/kush/UR5_Project_New/install/srdfdom LD_LIBRARY_PATH=/home/kush/UR5_Project_New/install/srdfdom/lib:${LD_LIBRARY_PATH} PYTHONPATH=/home/kush/UR5_Project_New/build/moveit_configs_utils/prefix_override:/home/kush/UR5_Project_New/install/moveit_configs_utils/lib/python3.10/site-packages:/home/kush/UR5_Project_New/install/srdfdom/local/lib/python3.10/dist-packages:/home/kush/UR5_Project_New/install/launch_param_builder/lib/python3.10/site-packages:${PYTHONPATH} /usr/bin/python3 setup.py egg_info --egg-base ../../../build/moveit_configs_utils build --build-base /home/kush/UR5_Project_New/build/moveit_configs_utils/build install --record /home/kush/UR5_Project_New/build/moveit_configs_utils/install.log --single-version-externally-managed
