[0.342s] Invoking command in '/home/kush/UR5_Project_New/build/moveit_planners_ompl': AMENT_PREFIX_PATH=/home/kush/UR5_Project_New/install/moveit_ros_planning:/home/kush/UR5_Project_New/install/moveit_ros_occupancy_map_monitor:/home/kush/UR5_Project_New/install/moveit_core:/home/kush/UR5_Project_New/install/moveit_resources_panda_moveit_config:/home/kush/UR5_Project_New/install/moveit_resources_fanuc_moveit_config:/home/kush/UR5_Project_New/install/srdfdom:/home/kush/UR5_Project_New/install/moveit_resources_pr2_description:/home/kush/UR5_Project_New/install/moveit_resources_panda_description:/home/kush/UR5_Project_New/install/moveit_resources_fanuc_description:/home/kush/UR5_Project_New/install/moveit_common:${AMENT_PREFIX_PATH} CMAKE_PREFIX_PATH=/home/kush/UR5_Project_New/install/moveit_ros_planning:/home/kush/UR5_Project_New/install/moveit_ros_occupancy_map_monitor:/home/kush/UR5_Project_New/install/moveit_core:/home/kush/UR5_Project_New/install/moveit_resources_panda_moveit_config:/home/kush/UR5_Project_New/install/moveit_resources_fanuc_moveit_config:/home/kush/UR5_Project_New/install/srdfdom:/home/kush/UR5_Project_New/install/moveit_resources_pr2_description:/home/kush/UR5_Project_New/install/moveit_resources_panda_description:/home/kush/UR5_Project_New/install/moveit_resources_fanuc_description:/home/kush/UR5_Project_New/install/moveit_common:/opt/ros/humble LD_LIBRARY_PATH=/home/kush/UR5_Project_New/install/moveit_ros_planning/lib:/home/kush/UR5_Project_New/install/moveit_ros_occupancy_map_monitor/lib:/home/kush/UR5_Project_New/install/moveit_core/lib:/home/kush/UR5_Project_New/install/srdfdom/lib:${LD_LIBRARY_PATH} PATH=/home/kush/UR5_Project_New/install/moveit_core/bin:${PATH} PYTHONPATH=/home/kush/UR5_Project_New/install/srdfdom/local/lib/python3.10/dist-packages:${PYTHONPATH} /usr/bin/cmake --build /home/kush/UR5_Project_New/build/moveit_planners_ompl -- -j4 -l4
[0.655s] [  4%] Built target gtest_main
[0.699s] [  9%] Built target gtest
[1.036s] [ 60%] Built target moveit_ompl_interface
[1.191s] [ 65%] Built target moveit_generate_state_database
[1.381s] [ 70%] Built target test_state_validity_checker
[1.587s] [ 75%] Built target test_planning_context_manager
[1.759s] [ 80%] Built target test_constrained_planning_state_space
[1.987s] [ 85%] Built target test_constrained_state_validity_checker
[2.138s] [ 90%] Built target test_threadsafe_state_storage
[2.339s] [ 95%] Built target test_state_space
[2.506s] [100%] Built target moveit_ompl_planner_plugin
[2.542s] Invoked command in '/home/kush/UR5_Project_New/build/moveit_planners_ompl' returned '0': AMENT_PREFIX_PATH=/home/kush/UR5_Project_New/install/moveit_ros_planning:/home/kush/UR5_Project_New/install/moveit_ros_occupancy_map_monitor:/home/kush/UR5_Project_New/install/moveit_core:/home/kush/UR5_Project_New/install/moveit_resources_panda_moveit_config:/home/kush/UR5_Project_New/install/moveit_resources_fanuc_moveit_config:/home/kush/UR5_Project_New/install/srdfdom:/home/kush/UR5_Project_New/install/moveit_resources_pr2_description:/home/kush/UR5_Project_New/install/moveit_resources_panda_description:/home/kush/UR5_Project_New/install/moveit_resources_fanuc_description:/home/kush/UR5_Project_New/install/moveit_common:${AMENT_PREFIX_PATH} CMAKE_PREFIX_PATH=/home/kush/UR5_Project_New/install/moveit_ros_planning:/home/kush/UR5_Project_New/install/moveit_ros_occupancy_map_monitor:/home/kush/UR5_Project_New/install/moveit_core:/home/kush/UR5_Project_New/install/moveit_resources_panda_moveit_config:/home/kush/UR5_Project_New/install/moveit_resources_fanuc_moveit_config:/home/kush/UR5_Project_New/install/srdfdom:/home/kush/UR5_Project_New/install/moveit_resources_pr2_description:/home/kush/UR5_Project_New/install/moveit_resources_panda_description:/home/kush/UR5_Project_New/install/moveit_resources_fanuc_description:/home/kush/UR5_Project_New/install/moveit_common:/opt/ros/humble LD_LIBRARY_PATH=/home/kush/UR5_Project_New/install/moveit_ros_planning/lib:/home/kush/UR5_Project_New/install/moveit_ros_occupancy_map_monitor/lib:/home/kush/UR5_Project_New/install/moveit_core/lib:/home/kush/UR5_Project_New/install/srdfdom/lib:${LD_LIBRARY_PATH} PATH=/home/kush/UR5_Project_New/install/moveit_core/bin:${PATH} PYTHONPATH=/home/kush/UR5_Project_New/install/srdfdom/local/lib/python3.10/dist-packages:${PYTHONPATH} /usr/bin/cmake --build /home/kush/UR5_Project_New/build/moveit_planners_ompl -- -j4 -l4
[2.905s] Invoking command in '/home/kush/UR5_Project_New/build/moveit_planners_ompl': AMENT_PREFIX_PATH=/home/kush/UR5_Project_New/install/moveit_ros_planning:/home/kush/UR5_Project_New/install/moveit_ros_occupancy_map_monitor:/home/kush/UR5_Project_New/install/moveit_core:/home/kush/UR5_Project_New/install/moveit_resources_panda_moveit_config:/home/kush/UR5_Project_New/install/moveit_resources_fanuc_moveit_config:/home/kush/UR5_Project_New/install/srdfdom:/home/kush/UR5_Project_New/install/moveit_resources_pr2_description:/home/kush/UR5_Project_New/install/moveit_resources_panda_description:/home/kush/UR5_Project_New/install/moveit_resources_fanuc_description:/home/kush/UR5_Project_New/install/moveit_common:${AMENT_PREFIX_PATH} CMAKE_PREFIX_PATH=/home/kush/UR5_Project_New/install/moveit_ros_planning:/home/kush/UR5_Project_New/install/moveit_ros_occupancy_map_monitor:/home/kush/UR5_Project_New/install/moveit_core:/home/kush/UR5_Project_New/install/moveit_resources_panda_moveit_config:/home/kush/UR5_Project_New/install/moveit_resources_fanuc_moveit_config:/home/kush/UR5_Project_New/install/srdfdom:/home/kush/UR5_Project_New/install/moveit_resources_pr2_description:/home/kush/UR5_Project_New/install/moveit_resources_panda_description:/home/kush/UR5_Project_New/install/moveit_resources_fanuc_description:/home/kush/UR5_Project_New/install/moveit_common:/opt/ros/humble LD_LIBRARY_PATH=/home/kush/UR5_Project_New/install/moveit_ros_planning/lib:/home/kush/UR5_Project_New/install/moveit_ros_occupancy_map_monitor/lib:/home/kush/UR5_Project_New/install/moveit_core/lib:/home/kush/UR5_Project_New/install/srdfdom/lib:${LD_LIBRARY_PATH} PATH=/home/kush/UR5_Project_New/install/moveit_core/bin:${PATH} PYTHONPATH=/home/kush/UR5_Project_New/install/srdfdom/local/lib/python3.10/dist-packages:${PYTHONPATH} /usr/bin/cmake --install /home/kush/UR5_Project_New/build/moveit_planners_ompl
[2.936s] -- Install configuration: "Release"
[2.940s] -- Up-to-date: /home/kush/UR5_Project_New/install/moveit_planners_ompl/lib/moveit_planners_ompl/generate_state_database
[2.940s] -- Up-to-date: /home/kush/UR5_Project_New/install/moveit_planners_ompl/include
[2.941s] -- Up-to-date: /home/kush/UR5_Project_New/install/moveit_planners_ompl/include/moveit
[2.941s] -- Up-to-date: /home/kush/UR5_Project_New/install/moveit_planners_ompl/include/moveit/ompl_interface
[2.941s] -- Up-to-date: /home/kush/UR5_Project_New/install/moveit_planners_ompl/include/moveit/ompl_interface/planning_context_manager.h
[2.941s] -- Up-to-date: /home/kush/UR5_Project_New/install/moveit_planners_ompl/include/moveit/ompl_interface/parameterization
[2.942s] -- Up-to-date: /home/kush/UR5_Project_New/install/moveit_planners_ompl/include/moveit/ompl_interface/parameterization/work_space
[2.942s] -- Up-to-date: /home/kush/UR5_Project_New/install/moveit_planners_ompl/include/moveit/ompl_interface/parameterization/work_space/pose_model_state_space.h
[2.942s] -- Up-to-date: /home/kush/UR5_Project_New/install/moveit_planners_ompl/include/moveit/ompl_interface/parameterization/work_space/pose_model_state_space_factory.h
[2.942s] -- Up-to-date: /home/kush/UR5_Project_New/install/moveit_planners_ompl/include/moveit/ompl_interface/parameterization/model_based_state_space.h
[2.942s] -- Up-to-date: /home/kush/UR5_Project_New/install/moveit_planners_ompl/include/moveit/ompl_interface/parameterization/joint_space
[2.943s] -- Up-to-date: /home/kush/UR5_Project_New/install/moveit_planners_ompl/include/moveit/ompl_interface/parameterization/joint_space/constrained_planning_state_space.h
[2.943s] -- Up-to-date: /home/kush/UR5_Project_New/install/moveit_planners_ompl/include/moveit/ompl_interface/parameterization/joint_space/joint_model_state_space_factory.h
[2.943s] -- Up-to-date: /home/kush/UR5_Project_New/install/moveit_planners_ompl/include/moveit/ompl_interface/parameterization/joint_space/joint_model_state_space.h
[2.944s] -- Up-to-date: /home/kush/UR5_Project_New/install/moveit_planners_ompl/include/moveit/ompl_interface/parameterization/joint_space/constrained_planning_state_space_factory.h
[2.944s] -- Up-to-date: /home/kush/UR5_Project_New/install/moveit_planners_ompl/include/moveit/ompl_interface/parameterization/model_based_state_space_factory.h
[2.945s] -- Up-to-date: /home/kush/UR5_Project_New/install/moveit_planners_ompl/include/moveit/ompl_interface/model_based_planning_context.h
[2.945s] -- Up-to-date: /home/kush/UR5_Project_New/install/moveit_planners_ompl/include/moveit/ompl_interface/detail
[2.945s] -- Up-to-date: /home/kush/UR5_Project_New/install/moveit_planners_ompl/include/moveit/ompl_interface/detail/goal_union.h
[2.945s] -- Up-to-date: /home/kush/UR5_Project_New/install/moveit_planners_ompl/include/moveit/ompl_interface/detail/constrained_goal_sampler.h
[2.945s] -- Up-to-date: /home/kush/UR5_Project_New/install/moveit_planners_ompl/include/moveit/ompl_interface/detail/constraint_approximations.h
[2.946s] -- Up-to-date: /home/kush/UR5_Project_New/install/moveit_planners_ompl/include/moveit/ompl_interface/detail/threadsafe_state_storage.h
[2.946s] -- Up-to-date: /home/kush/UR5_Project_New/install/moveit_planners_ompl/include/moveit/ompl_interface/detail/constrained_sampler.h
[2.946s] -- Up-to-date: /home/kush/UR5_Project_New/install/moveit_planners_ompl/include/moveit/ompl_interface/detail/projection_evaluators.h
[2.946s] -- Up-to-date: /home/kush/UR5_Project_New/install/moveit_planners_ompl/include/moveit/ompl_interface/detail/ompl_constraints.h
[2.946s] -- Up-to-date: /home/kush/UR5_Project_New/install/moveit_planners_ompl/include/moveit/ompl_interface/detail/state_validity_checker.h
[2.947s] -- Up-to-date: /home/kush/UR5_Project_New/install/moveit_planners_ompl/include/moveit/ompl_interface/detail/constraints_library.h
[2.947s] -- Up-to-date: /home/kush/UR5_Project_New/install/moveit_planners_ompl/include/moveit/ompl_interface/detail/constrained_valid_state_sampler.h
[2.947s] -- Up-to-date: /home/kush/UR5_Project_New/install/moveit_planners_ompl/include/moveit/ompl_interface/ompl_interface.h
[2.947s] -- Up-to-date: /home/kush/UR5_Project_New/install/moveit_planners_ompl/lib/libmoveit_ompl_interface.so.2.5.4
[2.947s] -- Up-to-date: /home/kush/UR5_Project_New/install/moveit_planners_ompl/lib/libmoveit_ompl_interface.so
[2.947s] -- Up-to-date: /home/kush/UR5_Project_New/install/moveit_planners_ompl/lib/libmoveit_ompl_planner_plugin.so.2.5.4
[2.948s] -- Up-to-date: /home/kush/UR5_Project_New/install/moveit_planners_ompl/lib/libmoveit_ompl_planner_plugin.so
[2.948s] -- Up-to-date: /home/kush/UR5_Project_New/install/moveit_planners_ompl/share/moveit_planners_ompl/environment/library_path.sh
[2.948s] -- Up-to-date: /home/kush/UR5_Project_New/install/moveit_planners_ompl/share/moveit_planners_ompl/environment/library_path.dsv
[2.965s] -- Up-to-date: /home/kush/UR5_Project_New/install/moveit_planners_ompl/share/moveit_planners_ompl/ompl_interface_plugin_description.xml
[2.965s] -- Up-to-date: /home/kush/UR5_Project_New/install/moveit_planners_ompl/share/ament_index/resource_index/package_run_dependencies/moveit_planners_ompl
[2.965s] -- Up-to-date: /home/kush/UR5_Project_New/install/moveit_planners_ompl/share/ament_index/resource_index/parent_prefix_path/moveit_planners_ompl
[2.966s] -- Up-to-date: /home/kush/UR5_Project_New/install/moveit_planners_ompl/share/moveit_planners_ompl/environment/ament_prefix_path.sh
[2.966s] -- Up-to-date: /home/kush/UR5_Project_New/install/moveit_planners_ompl/share/moveit_planners_ompl/environment/ament_prefix_path.dsv
[2.966s] -- Up-to-date: /home/kush/UR5_Project_New/install/moveit_planners_ompl/share/moveit_planners_ompl/environment/path.sh
[2.966s] -- Up-to-date: /home/kush/UR5_Project_New/install/moveit_planners_ompl/share/moveit_planners_ompl/environment/path.dsv
[2.966s] -- Up-to-date: /home/kush/UR5_Project_New/install/moveit_planners_ompl/share/moveit_planners_ompl/local_setup.bash
[2.967s] -- Up-to-date: /home/kush/UR5_Project_New/install/moveit_planners_ompl/share/moveit_planners_ompl/local_setup.sh
[2.967s] -- Up-to-date: /home/kush/UR5_Project_New/install/moveit_planners_ompl/share/moveit_planners_ompl/local_setup.zsh
[2.967s] -- Up-to-date: /home/kush/UR5_Project_New/install/moveit_planners_ompl/share/moveit_planners_ompl/local_setup.dsv
[2.967s] -- Installing: /home/kush/UR5_Project_New/install/moveit_planners_ompl/share/moveit_planners_ompl/package.dsv
[2.967s] -- Up-to-date: /home/kush/UR5_Project_New/install/moveit_planners_ompl/share/ament_index/resource_index/packages/moveit_planners_ompl
[2.968s] -- Up-to-date: /home/kush/UR5_Project_New/install/moveit_planners_ompl/share/ament_index/resource_index/moveit_core__pluginlib__plugin/moveit_planners_ompl
[2.968s] -- Up-to-date: /home/kush/UR5_Project_New/install/moveit_planners_ompl/share/moveit_planners_ompl/cmake/export_moveit_planners_omplExport.cmake
[2.968s] -- Up-to-date: /home/kush/UR5_Project_New/install/moveit_planners_ompl/share/moveit_planners_ompl/cmake/export_moveit_planners_omplExport-release.cmake
[2.968s] -- Up-to-date: /home/kush/UR5_Project_New/install/moveit_planners_ompl/share/moveit_planners_ompl/cmake/ament_cmake_export_targets-extras.cmake
[2.968s] -- Up-to-date: /home/kush/UR5_Project_New/install/moveit_planners_ompl/share/moveit_planners_ompl/cmake/ament_cmake_export_dependencies-extras.cmake
[2.968s] -- Up-to-date: /home/kush/UR5_Project_New/install/moveit_planners_ompl/share/moveit_planners_ompl/cmake/moveit_planners_omplConfig.cmake
[2.969s] -- Up-to-date: /home/kush/UR5_Project_New/install/moveit_planners_ompl/share/moveit_planners_ompl/cmake/moveit_planners_omplConfig-version.cmake
[2.969s] -- Up-to-date: /home/kush/UR5_Project_New/install/moveit_planners_ompl/share/moveit_planners_ompl/package.xml
[2.985s] Invoked command in '/home/kush/UR5_Project_New/build/moveit_planners_ompl' returned '0': AMENT_PREFIX_PATH=/home/kush/UR5_Project_New/install/moveit_ros_planning:/home/kush/UR5_Project_New/install/moveit_ros_occupancy_map_monitor:/home/kush/UR5_Project_New/install/moveit_core:/home/kush/UR5_Project_New/install/moveit_resources_panda_moveit_config:/home/kush/UR5_Project_New/install/moveit_resources_fanuc_moveit_config:/home/kush/UR5_Project_New/install/srdfdom:/home/kush/UR5_Project_New/install/moveit_resources_pr2_description:/home/kush/UR5_Project_New/install/moveit_resources_panda_description:/home/kush/UR5_Project_New/install/moveit_resources_fanuc_description:/home/kush/UR5_Project_New/install/moveit_common:${AMENT_PREFIX_PATH} CMAKE_PREFIX_PATH=/home/kush/UR5_Project_New/install/moveit_ros_planning:/home/kush/UR5_Project_New/install/moveit_ros_occupancy_map_monitor:/home/kush/UR5_Project_New/install/moveit_core:/home/kush/UR5_Project_New/install/moveit_resources_panda_moveit_config:/home/kush/UR5_Project_New/install/moveit_resources_fanuc_moveit_config:/home/kush/UR5_Project_New/install/srdfdom:/home/kush/UR5_Project_New/install/moveit_resources_pr2_description:/home/kush/UR5_Project_New/install/moveit_resources_panda_description:/home/kush/UR5_Project_New/install/moveit_resources_fanuc_description:/home/kush/UR5_Project_New/install/moveit_common:/opt/ros/humble LD_LIBRARY_PATH=/home/kush/UR5_Project_New/install/moveit_ros_planning/lib:/home/kush/UR5_Project_New/install/moveit_ros_occupancy_map_monitor/lib:/home/kush/UR5_Project_New/install/moveit_core/lib:/home/kush/UR5_Project_New/install/srdfdom/lib:${LD_LIBRARY_PATH} PATH=/home/kush/UR5_Project_New/install/moveit_core/bin:${PATH} PYTHONPATH=/home/kush/UR5_Project_New/install/srdfdom/local/lib/python3.10/dist-packages:${PYTHONPATH} /usr/bin/cmake --install /home/kush/UR5_Project_New/build/moveit_planners_ompl
