[0.152s] Invoking command in '/home/kush/UR5_Project_New/src/build/moveit_common': CMAKE_PREFIX_PATH=/opt/ros/humble /usr/bin/cmake /home/kush/UR5_Project_New/src/moveit2/moveit_common -DCMAKE_INSTALL_PREFIX=/home/kush/UR5_Project_New/src/install/moveit_common
[1.164s] -- Found ament_cmake: 1.3.5 (/opt/ros/humble/share/ament_cmake/cmake)
[2.969s] -- Found Python3: /usr/bin/python3.10 (found version "3.10.12") found components: Interpreter 
[6.874s] -- Found ament_lint_auto: 0.12.7 (/opt/ros/humble/share/ament_lint_auto/cmake)
[7.630s] -- Added test 'copyright' to check source files copyright and LICENSE
[7.651s] -- Added test 'lint_cmake' to check CMake code style
[7.655s] -- Added test 'xmllint' to check XML markup files
[7.683s] -- Configuring done
[7.689s] -- Generating done
[7.691s] -- Build files have been written to: /home/kush/UR5_Project_New/src/build/moveit_common
[7.697s] Invoked command in '/home/kush/UR5_Project_New/src/build/moveit_common' returned '0': CMAKE_PREFIX_PATH=/opt/ros/humble /usr/bin/cmake /home/kush/UR5_Project_New/src/moveit2/moveit_common -DCMAKE_INSTALL_PREFIX=/home/kush/UR5_Project_New/src/install/moveit_common
[7.700s] Invoking command in '/home/kush/UR5_Project_New/src/build/moveit_common': CMAKE_PREFIX_PATH=/opt/ros/humble /usr/bin/cmake --build /home/kush/UR5_Project_New/src/build/moveit_common -- -j4 -l4
[7.787s] Invoked command in '/home/kush/UR5_Project_New/src/build/moveit_common' returned '0': CMAKE_PREFIX_PATH=/opt/ros/humble /usr/bin/cmake --build /home/kush/UR5_Project_New/src/build/moveit_common -- -j4 -l4
[7.925s] Invoking command in '/home/kush/UR5_Project_New/src/build/moveit_common': CMAKE_PREFIX_PATH=/opt/ros/humble /usr/bin/cmake --install /home/kush/UR5_Project_New/src/build/moveit_common
[7.941s] -- Install configuration: ""
[7.941s] -- Installing: /home/kush/UR5_Project_New/src/install/moveit_common/share/ament_index/resource_index/package_run_dependencies/moveit_common
[7.942s] -- Installing: /home/kush/UR5_Project_New/src/install/moveit_common/share/ament_index/resource_index/parent_prefix_path/moveit_common
[7.942s] -- Installing: /home/kush/UR5_Project_New/src/install/moveit_common/share/moveit_common/environment/ament_prefix_path.sh
[7.942s] -- Installing: /home/kush/UR5_Project_New/src/install/moveit_common/share/moveit_common/environment/ament_prefix_path.dsv
[7.942s] -- Installing: /home/kush/UR5_Project_New/src/install/moveit_common/share/moveit_common/environment/path.sh
[7.943s] -- Installing: /home/kush/UR5_Project_New/src/install/moveit_common/share/moveit_common/environment/path.dsv
[7.943s] -- Installing: /home/kush/UR5_Project_New/src/install/moveit_common/share/moveit_common/local_setup.bash
[7.943s] -- Installing: /home/kush/UR5_Project_New/src/install/moveit_common/share/moveit_common/local_setup.sh
[7.943s] -- Installing: /home/kush/UR5_Project_New/src/install/moveit_common/share/moveit_common/local_setup.zsh
[7.943s] -- Installing: /home/kush/UR5_Project_New/src/install/moveit_common/share/moveit_common/local_setup.dsv
[7.944s] -- Installing: /home/kush/UR5_Project_New/src/install/moveit_common/share/moveit_common/package.dsv
[7.944s] -- Installing: /home/kush/UR5_Project_New/src/install/moveit_common/share/ament_index/resource_index/packages/moveit_common
[7.944s] -- Installing: /home/kush/UR5_Project_New/src/install/moveit_common/share/moveit_common/cmake/moveit_common-extras.cmake
[7.945s] -- Installing: /home/kush/UR5_Project_New/src/install/moveit_common/share/moveit_common/cmake/moveit_commonConfig.cmake
[7.945s] -- Installing: /home/kush/UR5_Project_New/src/install/moveit_common/share/moveit_common/cmake/moveit_commonConfig-version.cmake
[7.945s] -- Installing: /home/kush/UR5_Project_New/src/install/moveit_common/share/moveit_common/package.xml
[7.945s] -- Up-to-date: /home/kush/UR5_Project_New/src/install/moveit_common/share/moveit_common/cmake
[7.945s] -- Installing: /home/kush/UR5_Project_New/src/install/moveit_common/share/moveit_common/cmake/moveit_package.cmake
[7.964s] Invoked command in '/home/kush/UR5_Project_New/src/build/moveit_common' returned '0': CMAKE_PREFIX_PATH=/opt/ros/humble /usr/bin/cmake --install /home/kush/UR5_Project_New/src/build/moveit_common
