[0.366s] Invoking command in '/home/kush/UR5_Project_New/build/moveit_ros_visualization': AMENT_PREFIX_PATH=/home/kush/UR5_Project_New/install/moveit_ros_planning_interface:/home/kush/UR5_Project_New/install/moveit_ros_move_group:/home/kush/UR5_Project_New/install/moveit_ros_warehouse:/home/kush/UR5_Project_New/install/moveit_ros_robot_interaction:/home/kush/UR5_Project_New/install/moveit_kinematics:/home/kush/UR5_Project_New/install/moveit_ros_planning:/home/kush/UR5_Project_New/install/moveit_ros_occupancy_map_monitor:/home/kush/UR5_Project_New/install/moveit_core:/home/kush/UR5_Project_New/install/srdfdom:/home/kush/UR5_Project_New/install/moveit_common:${AMENT_PREFIX_PATH} CMAKE_PREFIX_PATH=/home/kush/UR5_Project_New/install/moveit_ros_planning_interface:/home/kush/UR5_Project_New/install/moveit_ros_move_group:/home/kush/UR5_Project_New/install/moveit_ros_warehouse:/home/kush/UR5_Project_New/install/moveit_ros_robot_interaction:/home/kush/UR5_Project_New/install/moveit_kinematics:/home/kush/UR5_Project_New/install/moveit_ros_planning:/home/kush/UR5_Project_New/install/moveit_ros_occupancy_map_monitor:/home/kush/UR5_Project_New/install/moveit_core:/home/kush/UR5_Project_New/install/srdfdom:/home/kush/UR5_Project_New/install/moveit_common:/opt/ros/humble LD_LIBRARY_PATH=/home/kush/UR5_Project_New/install/moveit_ros_planning_interface/lib:/home/kush/UR5_Project_New/install/moveit_ros_move_group/lib:/home/kush/UR5_Project_New/install/moveit_ros_warehouse/lib:/home/kush/UR5_Project_New/install/moveit_ros_robot_interaction/lib:/home/kush/UR5_Project_New/install/moveit_kinematics/lib:/home/kush/UR5_Project_New/install/moveit_ros_planning/lib:/home/kush/UR5_Project_New/install/moveit_ros_occupancy_map_monitor/lib:/home/kush/UR5_Project_New/install/moveit_core/lib:/home/kush/UR5_Project_New/install/srdfdom/lib:${LD_LIBRARY_PATH} PATH=/home/kush/UR5_Project_New/install/moveit_core/bin:${PATH} PYTHONPATH=/home/kush/UR5_Project_New/install/srdfdom/local/lib/python3.10/dist-packages:${PYTHONPATH} /usr/bin/cmake /home/kush/UR5_Project_New/src/moveit2/moveit_ros/visualization -DCMAKE_INSTALL_PREFIX=/home/kush/UR5_Project_New/install/moveit_ros_visualization
[0.553s] -- Found moveit_common: 2.5.4 (/home/kush/UR5_Project_New/install/moveit_common/share/moveit_common/cmake)
[0.554s] -- Found ament_cmake: 1.3.5 (/opt/ros/humble/share/ament_cmake/cmake)
[1.453s] -- Could NOT find libbfd (missing: LIBBFD_LIBRARY LIBBFD_INCLUDE_DIR) 
[1.453s] -- BACKWARD_HAS_UNWIND=1
[1.454s] -- BACKWARD_HAS_BACKTRACE=0
[1.454s] -- BACKWARD_HAS_BACKTRACE_SYMBOL=0
[1.454s] -- BACKWARD_HAS_DW=1
[1.454s] -- BACKWARD_HAS_BFD=0
[1.458s] -- Found Backward: /opt/ros/humble/share/backward_ros/cmake  
[1.461s] -- Found class_loader: 2.2.0 (/opt/ros/humble/share/class_loader/cmake)
[1.509s] -- Found geometric_shapes: 2.1.3 (/opt/ros/humble/share/geometric_shapes/cmake)
[1.533s] -- Found Boost: /usr/lib/x86_64-linux-gnu/cmake/Boost-1.74.0/BoostConfig.cmake (found version "1.74.0") found components: filesystem 
[1.695s] -- Found rosidl_generator_c: 3.1.5 (/opt/ros/humble/share/rosidl_generator_c/cmake)
[1.711s] -- Found rosidl_adapter: 3.1.5 (/opt/ros/humble/share/rosidl_adapter/cmake)
[1.759s] -- Found rosidl_generator_cpp: 3.1.5 (/opt/ros/humble/share/rosidl_generator_cpp/cmake)
[1.879s] -- Using all available rosidl_typesupport_c: rosidl_typesupport_fastrtps_c;rosidl_typesupport_introspection_c
[1.985s] -- Using all available rosidl_typesupport_cpp: rosidl_typesupport_fastrtps_cpp;rosidl_typesupport_introspection_cpp
[2.796s] -- Found rmw_implementation_cmake: 6.1.1 (/opt/ros/humble/share/rmw_implementation_cmake/cmake)
[2.810s] -- Found rmw_fastrtps_cpp: 6.2.3 (/opt/ros/humble/share/rmw_fastrtps_cpp/cmake)
[3.191s] -- Using RMW implementation 'rmw_fastrtps_cpp' as default
[3.895s] -- library: /usr/lib/x86_64-linux-gnu/libcurl.so
[5.600s] -- Found interactive_markers: 2.3.2 (/opt/ros/humble/share/interactive_markers/cmake)
[5.718s] -- Found moveit_ros_planning: 2.5.4 (/home/kush/UR5_Project_New/install/moveit_ros_planning/share/moveit_ros_planning/cmake)
[5.759s] -- Found Boost: /usr/lib/x86_64-linux-gnu/cmake/Boost-1.74.0/BoostConfig.cmake (found version "1.74.0") found components: system filesystem date_time program_options thread chrono 
[7.594s] -- Found Boost: /usr/lib/x86_64-linux-gnu/cmake/Boost-1.74.0/BoostConfig.cmake (found version "1.74.0") found components: chrono date_time filesystem iostreams program_options regex serialization system thread 
[7.618s] -- Found parameter_traits: 0.3.3 (/opt/ros/humble/share/parameter_traits/cmake)
[7.724s] -- Found rclcpp_lifecycle: 16.0.5 (/opt/ros/humble/share/rclcpp_lifecycle/cmake)
[8.069s] -- Ensuring Eigen3 include directory is part of orocos-kdl CMake target
[12.305s] -- Found moveit_ros_planning_interface: 2.5.4 (/home/kush/UR5_Project_New/install/moveit_ros_planning_interface/share/moveit_ros_planning_interface/cmake)
[12.317s] -- Found Boost: /usr/lib/x86_64-linux-gnu/cmake/Boost-1.74.0/BoostConfig.cmake (found version "1.74.0") found components: date_time filesystem program_options system thread 
[12.880s] -- Found Boost: /usr/lib/x86_64-linux-gnu/cmake/Boost-1.74.0/BoostConfig.cmake (found version "1.74.0") found components: thread system filesystem regex date_time program_options 
[13.566s] -- Found Boost: /usr/lib/x86_64-linux-gnu/cmake/Boost-1.74.0/BoostConfig.cmake (found version "1.74.0") found components: system filesystem date_time program_options thread 
[14.840s] -- Found moveit_ros_robot_interaction: 2.5.4 (/home/kush/UR5_Project_New/install/moveit_ros_robot_interaction/share/moveit_ros_robot_interaction/cmake)
[15.186s] -- Found rclpy: 3.3.9 (/opt/ros/humble/share/rclpy/cmake)
[15.187s] -- Found rviz2: 11.2.6 (/opt/ros/humble/share/rviz2/cmake)
[15.189s] -- Found rviz_common: 11.2.6 (/opt/ros/humble/share/rviz_common/cmake)
[15.210s] -- Setting OGRE_DIR to: '/opt/ros/humble/share/rviz_ogre_vendor/cmake/../../../opt/rviz_ogre_vendor/lib/OGRE/cmake'
[15.213s] -- Found OGRE
[15.213s] --   static     : OFF
[15.213s] --   components : HLMS;MeshLodGenerator;Overlay;Paging;Property;RTShaderSystem;Terrain;Volume
[15.213s] --   plugins    : Plugin_BSPSceneManager;Plugin_OctreeSceneManager;Plugin_PCZSceneManager;Plugin_ParticleFX;RenderSystem_GL;RenderSystem_GL3Plus;Codec_STBI
[15.214s] --   media      : /opt/ros/humble/opt/rviz_ogre_vendor/share/OGRE/Media
[15.214s] -- OGRE_LIBRARIES: OgreHLMS;OgreMeshLodGenerator;OgreOverlay;OgrePaging;OgreProperty;OgreRTShaderSystem;OgreTerrain;OgreVolume;OgreMain
[15.214s] -- OGRE_LIBRARY_DIRS: /opt/ros/humble/opt/rviz_ogre_vendor/lib
[15.214s] -- OGRE_PLUGINS: Plugin_BSPSceneManager;Plugin_OctreeSceneManager;Plugin_PCZSceneManager;Plugin_ParticleFX;RenderSystem_GL;RenderSystem_GL3Plus;Codec_STBI
[15.214s] -- OGRE_PLUGIN_DIR: /opt/ros/humble/opt/rviz_ogre_vendor/lib/OGRE
[15.215s] -- rviz_ogre_vendor::OgreOverlay for IMPORTED_LOCATION_RELEASE: /opt/ros/humble/opt/rviz_ogre_vendor/lib/libOgreOverlay.so
[15.215s] -- rviz_ogre_vendor::OgreOverlay for IMPORTED_LOCATION_DEBUG: /opt/ros/humble/opt/rviz_ogre_vendor/lib/libOgreOverlay.so
[15.215s] -- rviz_ogre_vendor::OgreMain for IMPORTED_LOCATION_RELEASE: /opt/ros/humble/opt/rviz_ogre_vendor/lib/libOgreMain.so
[15.215s] -- rviz_ogre_vendor::OgreMain for IMPORTED_LOCATION_DEBUG: /opt/ros/humble/opt/rviz_ogre_vendor/lib/libOgreMain.so
[15.218s] -- Could not find freeimage library
[15.341s] -- rviz_ogre_vendor::RenderSystem_GL for IMPORTED_LOCATION_RELEASE: _render_system_gl_static_library_abs-NOTFOUND
[15.341s] -- rviz_ogre_vendor::RenderSystem_GL for IMPORTED_LOCATION_DEBUG: _render_system_gl_static_library_abs-NOTFOUND
[15.524s] -- Found rviz_default_plugins: 11.2.6 (/opt/ros/humble/share/rviz_default_plugins/cmake)
[17.844s] -- Found Boost: /usr/lib/x86_64-linux-gnu/cmake/Boost-1.74.0/BoostConfig.cmake (found version "1.74.0") found components: thread date_time system filesystem 
[18.909s] -- Found ament_lint_auto: 0.12.7 (/opt/ros/humble/share/ament_lint_auto/cmake)
[19.268s] -- Added test 'cppcheck' to perform static code analysis on C / C++ code
[19.271s] -- Configured cppcheck include dirs: /home/kush/UR5_Project_New/src/moveit2/moveit_ros/visualization/rviz_plugin_render_tools/include;/home/kush/UR5_Project_New/src/moveit2/moveit_ros/visualization/robot_state_rviz_plugin/include;/home/kush/UR5_Project_New/src/moveit2/moveit_ros/visualization/planning_scene_rviz_plugin/include;/home/kush/UR5_Project_New/src/moveit2/moveit_ros/visualization/motion_planning_rviz_plugin/include;/home/kush/UR5_Project_New/src/moveit2/moveit_ros/visualization/trajectory_rviz_plugin/include
[19.272s] -- Configured cppcheck exclude dirs and/or files: 
[19.273s] -- Added test 'lint_cmake' to check CMake code style
[19.276s] -- Added test 'pep257' to check Python code against some of the docstring style conventions in PEP 257
[19.278s] -- Added test 'xmllint' to check XML markup files
[19.381s] -- Configuring done
[21.674s] -- Generating done
[21.703s] -- Build files have been written to: /home/kush/UR5_Project_New/build/moveit_ros_visualization
[21.826s] Invoked command in '/home/kush/UR5_Project_New/build/moveit_ros_visualization' returned '0': AMENT_PREFIX_PATH=/home/kush/UR5_Project_New/install/moveit_ros_planning_interface:/home/kush/UR5_Project_New/install/moveit_ros_move_group:/home/kush/UR5_Project_New/install/moveit_ros_warehouse:/home/kush/UR5_Project_New/install/moveit_ros_robot_interaction:/home/kush/UR5_Project_New/install/moveit_kinematics:/home/kush/UR5_Project_New/install/moveit_ros_planning:/home/kush/UR5_Project_New/install/moveit_ros_occupancy_map_monitor:/home/kush/UR5_Project_New/install/moveit_core:/home/kush/UR5_Project_New/install/srdfdom:/home/kush/UR5_Project_New/install/moveit_common:${AMENT_PREFIX_PATH} CMAKE_PREFIX_PATH=/home/kush/UR5_Project_New/install/moveit_ros_planning_interface:/home/kush/UR5_Project_New/install/moveit_ros_move_group:/home/kush/UR5_Project_New/install/moveit_ros_warehouse:/home/kush/UR5_Project_New/install/moveit_ros_robot_interaction:/home/kush/UR5_Project_New/install/moveit_kinematics:/home/kush/UR5_Project_New/install/moveit_ros_planning:/home/kush/UR5_Project_New/install/moveit_ros_occupancy_map_monitor:/home/kush/UR5_Project_New/install/moveit_core:/home/kush/UR5_Project_New/install/srdfdom:/home/kush/UR5_Project_New/install/moveit_common:/opt/ros/humble LD_LIBRARY_PATH=/home/kush/UR5_Project_New/install/moveit_ros_planning_interface/lib:/home/kush/UR5_Project_New/install/moveit_ros_move_group/lib:/home/kush/UR5_Project_New/install/moveit_ros_warehouse/lib:/home/kush/UR5_Project_New/install/moveit_ros_robot_interaction/lib:/home/kush/UR5_Project_New/install/moveit_kinematics/lib:/home/kush/UR5_Project_New/install/moveit_ros_planning/lib:/home/kush/UR5_Project_New/install/moveit_ros_occupancy_map_monitor/lib:/home/kush/UR5_Project_New/install/moveit_core/lib:/home/kush/UR5_Project_New/install/srdfdom/lib:${LD_LIBRARY_PATH} PATH=/home/kush/UR5_Project_New/install/moveit_core/bin:${PATH} PYTHONPATH=/home/kush/UR5_Project_New/install/srdfdom/local/lib/python3.10/dist-packages:${PYTHONPATH} /usr/bin/cmake /home/kush/UR5_Project_New/src/moveit2/moveit_ros/visualization -DCMAKE_INSTALL_PREFIX=/home/kush/UR5_Project_New/install/moveit_ros_visualization
[21.827s] Invoking command in '/home/kush/UR5_Project_New/build/moveit_ros_visualization': AMENT_PREFIX_PATH=/home/kush/UR5_Project_New/install/moveit_ros_planning_interface:/home/kush/UR5_Project_New/install/moveit_ros_move_group:/home/kush/UR5_Project_New/install/moveit_ros_warehouse:/home/kush/UR5_Project_New/install/moveit_ros_robot_interaction:/home/kush/UR5_Project_New/install/moveit_kinematics:/home/kush/UR5_Project_New/install/moveit_ros_planning:/home/kush/UR5_Project_New/install/moveit_ros_occupancy_map_monitor:/home/kush/UR5_Project_New/install/moveit_core:/home/kush/UR5_Project_New/install/srdfdom:/home/kush/UR5_Project_New/install/moveit_common:${AMENT_PREFIX_PATH} CMAKE_PREFIX_PATH=/home/kush/UR5_Project_New/install/moveit_ros_planning_interface:/home/kush/UR5_Project_New/install/moveit_ros_move_group:/home/kush/UR5_Project_New/install/moveit_ros_warehouse:/home/kush/UR5_Project_New/install/moveit_ros_robot_interaction:/home/kush/UR5_Project_New/install/moveit_kinematics:/home/kush/UR5_Project_New/install/moveit_ros_planning:/home/kush/UR5_Project_New/install/moveit_ros_occupancy_map_monitor:/home/kush/UR5_Project_New/install/moveit_core:/home/kush/UR5_Project_New/install/srdfdom:/home/kush/UR5_Project_New/install/moveit_common:/opt/ros/humble LD_LIBRARY_PATH=/home/kush/UR5_Project_New/install/moveit_ros_planning_interface/lib:/home/kush/UR5_Project_New/install/moveit_ros_move_group/lib:/home/kush/UR5_Project_New/install/moveit_ros_warehouse/lib:/home/kush/UR5_Project_New/install/moveit_ros_robot_interaction/lib:/home/kush/UR5_Project_New/install/moveit_kinematics/lib:/home/kush/UR5_Project_New/install/moveit_ros_planning/lib:/home/kush/UR5_Project_New/install/moveit_ros_occupancy_map_monitor/lib:/home/kush/UR5_Project_New/install/moveit_core/lib:/home/kush/UR5_Project_New/install/srdfdom/lib:${LD_LIBRARY_PATH} PATH=/home/kush/UR5_Project_New/install/moveit_core/bin:${PATH} PYTHONPATH=/home/kush/UR5_Project_New/install/srdfdom/local/lib/python3.10/dist-packages:${PYTHONPATH} /usr/bin/cmake --build /home/kush/UR5_Project_New/build/moveit_ros_visualization -- -j4 -l4
[22.117s] [  1%] [34m[1mAutomatic MOC for target moveit_rviz_plugin_render_tools[0m
[22.275s] [  1%] Built target moveit_rviz_plugin_render_tools_autogen
[22.471s] [35m[1mConsolidate compiler generated dependencies of target moveit_rviz_plugin_render_tools[0m
[22.729s] [ 18%] Built target moveit_rviz_plugin_render_tools
[22.875s] [ 20%] [34m[1mAutomatic MOC for target moveit_robot_state_rviz_plugin_core[0m
[23.021s] [ 20%] Built target moveit_robot_state_rviz_plugin_core_autogen
[23.162s] [ 22%] [34m[1mAutomatic MOC for target moveit_planning_scene_rviz_plugin_core[0m
[23.311s] [ 22%] Built target moveit_planning_scene_rviz_plugin_core_autogen
[23.466s] [35m[1mConsolidate compiler generated dependencies of target moveit_robot_state_rviz_plugin_core[0m
[23.612s] [ 27%] Built target moveit_robot_state_rviz_plugin_core
[23.784s] [35m[1mConsolidate compiler generated dependencies of target moveit_planning_scene_rviz_plugin_core[0m
[23.976s] [ 34%] Built target moveit_planning_scene_rviz_plugin_core
[24.056s] [ 36%] [34m[1mAutomatic MOC for target moveit_robot_state_rviz_plugin[0m
[24.165s] [ 36%] Built target moveit_robot_state_rviz_plugin_autogen
[24.237s] [ 37%] [34m[1mAutomatic MOC for target moveit_trajectory_rviz_plugin_core[0m
[24.344s] [ 37%] Built target moveit_trajectory_rviz_plugin_core_autogen
[24.398s] [35m[1mConsolidate compiler generated dependencies of target moveit_robot_state_rviz_plugin[0m
[24.516s] [ 43%] Built target moveit_robot_state_rviz_plugin
[24.593s] [35m[1mConsolidate compiler generated dependencies of target moveit_trajectory_rviz_plugin_core[0m
[24.753s] [ 48%] Built target moveit_trajectory_rviz_plugin_core
[24.871s] [ 50%] [34m[1mAutomatic MOC for target moveit_planning_scene_rviz_plugin[0m
[25.007s] [ 50%] Built target moveit_planning_scene_rviz_plugin_autogen
[25.082s] [ 51%] [34m[1mAutomatic MOC for target moveit_trajectory_rviz_plugin[0m
[25.164s] [ 51%] Built target moveit_trajectory_rviz_plugin_autogen
[25.236s] [35m[1mConsolidate compiler generated dependencies of target moveit_planning_scene_rviz_plugin[0m
[25.404s] [ 56%] Built target moveit_planning_scene_rviz_plugin
[25.497s] [35m[1mConsolidate compiler generated dependencies of target moveit_trajectory_rviz_plugin[0m
[25.603s] [ 62%] Built target moveit_trajectory_rviz_plugin
[25.809s] [ 63%] [34m[1mAutomatic MOC for target moveit_motion_planning_rviz_plugin_core[0m
[25.974s] [ 63%] Built target moveit_motion_planning_rviz_plugin_core_autogen
[26.195s] [35m[1mConsolidate compiler generated dependencies of target moveit_motion_planning_rviz_plugin_core[0m
[27.013s] [ 93%] Built target moveit_motion_planning_rviz_plugin_core
[27.086s] [ 94%] [34m[1mAutomatic MOC for target moveit_motion_planning_rviz_plugin[0m
[27.141s] [ 94%] Built target moveit_motion_planning_rviz_plugin_autogen
[27.199s] [35m[1mConsolidate compiler generated dependencies of target moveit_motion_planning_rviz_plugin[0m
[27.381s] [100%] Built target moveit_motion_planning_rviz_plugin
[27.431s] Invoked command in '/home/kush/UR5_Project_New/build/moveit_ros_visualization' returned '0': AMENT_PREFIX_PATH=/home/kush/UR5_Project_New/install/moveit_ros_planning_interface:/home/kush/UR5_Project_New/install/moveit_ros_move_group:/home/kush/UR5_Project_New/install/moveit_ros_warehouse:/home/kush/UR5_Project_New/install/moveit_ros_robot_interaction:/home/kush/UR5_Project_New/install/moveit_kinematics:/home/kush/UR5_Project_New/install/moveit_ros_planning:/home/kush/UR5_Project_New/install/moveit_ros_occupancy_map_monitor:/home/kush/UR5_Project_New/install/moveit_core:/home/kush/UR5_Project_New/install/srdfdom:/home/kush/UR5_Project_New/install/moveit_common:${AMENT_PREFIX_PATH} CMAKE_PREFIX_PATH=/home/kush/UR5_Project_New/install/moveit_ros_planning_interface:/home/kush/UR5_Project_New/install/moveit_ros_move_group:/home/kush/UR5_Project_New/install/moveit_ros_warehouse:/home/kush/UR5_Project_New/install/moveit_ros_robot_interaction:/home/kush/UR5_Project_New/install/moveit_kinematics:/home/kush/UR5_Project_New/install/moveit_ros_planning:/home/kush/UR5_Project_New/install/moveit_ros_occupancy_map_monitor:/home/kush/UR5_Project_New/install/moveit_core:/home/kush/UR5_Project_New/install/srdfdom:/home/kush/UR5_Project_New/install/moveit_common:/opt/ros/humble LD_LIBRARY_PATH=/home/kush/UR5_Project_New/install/moveit_ros_planning_interface/lib:/home/kush/UR5_Project_New/install/moveit_ros_move_group/lib:/home/kush/UR5_Project_New/install/moveit_ros_warehouse/lib:/home/kush/UR5_Project_New/install/moveit_ros_robot_interaction/lib:/home/kush/UR5_Project_New/install/moveit_kinematics/lib:/home/kush/UR5_Project_New/install/moveit_ros_planning/lib:/home/kush/UR5_Project_New/install/moveit_ros_occupancy_map_monitor/lib:/home/kush/UR5_Project_New/install/moveit_core/lib:/home/kush/UR5_Project_New/install/srdfdom/lib:${LD_LIBRARY_PATH} PATH=/home/kush/UR5_Project_New/install/moveit_core/bin:${PATH} PYTHONPATH=/home/kush/UR5_Project_New/install/srdfdom/local/lib/python3.10/dist-packages:${PYTHONPATH} /usr/bin/cmake --build /home/kush/UR5_Project_New/build/moveit_ros_visualization -- -j4 -l4
[27.522s] Invoking command in '/home/kush/UR5_Project_New/build/moveit_ros_visualization': AMENT_PREFIX_PATH=/home/kush/UR5_Project_New/install/moveit_ros_planning_interface:/home/kush/UR5_Project_New/install/moveit_ros_move_group:/home/kush/UR5_Project_New/install/moveit_ros_warehouse:/home/kush/UR5_Project_New/install/moveit_ros_robot_interaction:/home/kush/UR5_Project_New/install/moveit_kinematics:/home/kush/UR5_Project_New/install/moveit_ros_planning:/home/kush/UR5_Project_New/install/moveit_ros_occupancy_map_monitor:/home/kush/UR5_Project_New/install/moveit_core:/home/kush/UR5_Project_New/install/srdfdom:/home/kush/UR5_Project_New/install/moveit_common:${AMENT_PREFIX_PATH} CMAKE_PREFIX_PATH=/home/kush/UR5_Project_New/install/moveit_ros_planning_interface:/home/kush/UR5_Project_New/install/moveit_ros_move_group:/home/kush/UR5_Project_New/install/moveit_ros_warehouse:/home/kush/UR5_Project_New/install/moveit_ros_robot_interaction:/home/kush/UR5_Project_New/install/moveit_kinematics:/home/kush/UR5_Project_New/install/moveit_ros_planning:/home/kush/UR5_Project_New/install/moveit_ros_occupancy_map_monitor:/home/kush/UR5_Project_New/install/moveit_core:/home/kush/UR5_Project_New/install/srdfdom:/home/kush/UR5_Project_New/install/moveit_common:/opt/ros/humble LD_LIBRARY_PATH=/home/kush/UR5_Project_New/install/moveit_ros_planning_interface/lib:/home/kush/UR5_Project_New/install/moveit_ros_move_group/lib:/home/kush/UR5_Project_New/install/moveit_ros_warehouse/lib:/home/kush/UR5_Project_New/install/moveit_ros_robot_interaction/lib:/home/kush/UR5_Project_New/install/moveit_kinematics/lib:/home/kush/UR5_Project_New/install/moveit_ros_planning/lib:/home/kush/UR5_Project_New/install/moveit_ros_occupancy_map_monitor/lib:/home/kush/UR5_Project_New/install/moveit_core/lib:/home/kush/UR5_Project_New/install/srdfdom/lib:${LD_LIBRARY_PATH} PATH=/home/kush/UR5_Project_New/install/moveit_core/bin:${PATH} PYTHONPATH=/home/kush/UR5_Project_New/install/srdfdom/local/lib/python3.10/dist-packages:${PYTHONPATH} /usr/bin/cmake --install /home/kush/UR5_Project_New/build/moveit_ros_visualization
[27.542s] -- Install configuration: "Release"
[27.543s] -- Up-to-date: /home/kush/UR5_Project_New/install/moveit_ros_visualization/include
[27.543s] -- Up-to-date: /home/kush/UR5_Project_New/install/moveit_ros_visualization/include/moveit
[27.543s] -- Up-to-date: /home/kush/UR5_Project_New/install/moveit_ros_visualization/include/moveit/rviz_plugin_render_tools
[27.544s] -- Up-to-date: /home/kush/UR5_Project_New/install/moveit_ros_visualization/include/moveit/rviz_plugin_render_tools/planning_link_updater.h
[27.544s] -- Up-to-date: /home/kush/UR5_Project_New/install/moveit_ros_visualization/include/moveit/rviz_plugin_render_tools/octomap_render.h
[27.544s] -- Up-to-date: /home/kush/UR5_Project_New/install/moveit_ros_visualization/include/moveit/rviz_plugin_render_tools/trajectory_panel.h
[27.544s] -- Up-to-date: /home/kush/UR5_Project_New/install/moveit_ros_visualization/include/moveit/rviz_plugin_render_tools/planning_scene_render.h
[27.545s] -- Up-to-date: /home/kush/UR5_Project_New/install/moveit_ros_visualization/include/moveit/rviz_plugin_render_tools/trajectory_visualization.h
[27.545s] -- Up-to-date: /home/kush/UR5_Project_New/install/moveit_ros_visualization/include/moveit/rviz_plugin_render_tools/render_shapes.h
[27.545s] -- Up-to-date: /home/kush/UR5_Project_New/install/moveit_ros_visualization/include/moveit/rviz_plugin_render_tools/robot_state_visualization.h
[27.547s] -- Up-to-date: /home/kush/UR5_Project_New/install/moveit_ros_visualization/include/ogre_helpers
[27.548s] -- Up-to-date: /home/kush/UR5_Project_New/install/moveit_ros_visualization/include/ogre_helpers/mesh_shape.hpp
[27.548s] -- Up-to-date: /home/kush/UR5_Project_New/install/moveit_ros_visualization/include
[27.549s] -- Up-to-date: /home/kush/UR5_Project_New/install/moveit_ros_visualization/include/moveit
[27.549s] -- Up-to-date: /home/kush/UR5_Project_New/install/moveit_ros_visualization/include/moveit/robot_state_rviz_plugin
[27.550s] -- Up-to-date: /home/kush/UR5_Project_New/install/moveit_ros_visualization/include/moveit/robot_state_rviz_plugin/robot_state_display.h
[27.551s] -- Up-to-date: /home/kush/UR5_Project_New/install/moveit_ros_visualization/include
[27.551s] -- Up-to-date: /home/kush/UR5_Project_New/install/moveit_ros_visualization/include/moveit
[27.551s] -- Up-to-date: /home/kush/UR5_Project_New/install/moveit_ros_visualization/include/moveit/planning_scene_rviz_plugin
[27.552s] -- Up-to-date: /home/kush/UR5_Project_New/install/moveit_ros_visualization/include/moveit/planning_scene_rviz_plugin/planning_scene_display.h
[27.552s] -- Up-to-date: /home/kush/UR5_Project_New/install/moveit_ros_visualization/include/moveit/planning_scene_rviz_plugin/background_processing.hpp
[27.552s] -- Up-to-date: /home/kush/UR5_Project_New/install/moveit_ros_visualization/include/moveit_planning_scene_rviz_plugin_core_export.h
[27.553s] -- Up-to-date: /home/kush/UR5_Project_New/install/moveit_ros_visualization/include
[27.553s] -- Up-to-date: /home/kush/UR5_Project_New/install/moveit_ros_visualization/include/moveit
[27.554s] -- Up-to-date: /home/kush/UR5_Project_New/install/moveit_ros_visualization/include/moveit/motion_planning_rviz_plugin
[27.554s] -- Up-to-date: /home/kush/UR5_Project_New/install/moveit_ros_visualization/include/moveit/motion_planning_rviz_plugin/interactive_marker_display.h
[27.554s] -- Up-to-date: /home/kush/UR5_Project_New/install/moveit_ros_visualization/include/moveit/motion_planning_rviz_plugin/motion_planning_param_widget.h
[27.555s] -- Up-to-date: /home/kush/UR5_Project_New/install/moveit_ros_visualization/include/moveit/motion_planning_rviz_plugin/motion_planning_frame_joints_widget.h
[27.555s] -- Up-to-date: /home/kush/UR5_Project_New/install/moveit_ros_visualization/include/moveit/motion_planning_rviz_plugin/motion_planning_frame.h
[27.555s] -- Up-to-date: /home/kush/UR5_Project_New/install/moveit_ros_visualization/include/moveit/motion_planning_rviz_plugin/motion_planning_display.h
[27.556s] -- Up-to-date: /home/kush/UR5_Project_New/install/moveit_ros_visualization/include
[27.556s] -- Up-to-date: /home/kush/UR5_Project_New/install/moveit_ros_visualization/include/moveit
[27.557s] -- Up-to-date: /home/kush/UR5_Project_New/install/moveit_ros_visualization/include/moveit/trajectory_rviz_plugin
[27.557s] -- Up-to-date: /home/kush/UR5_Project_New/install/moveit_ros_visualization/include/moveit/trajectory_rviz_plugin/trajectory_display.h
[27.558s] -- Up-to-date: /home/kush/UR5_Project_New/install/moveit_ros_visualization/share/moveit_ros_visualization/icons
[27.558s] -- Up-to-date: /home/kush/UR5_Project_New/install/moveit_ros_visualization/share/moveit_ros_visualization/icons/classes
[27.558s] -- Up-to-date: /home/kush/UR5_Project_New/install/moveit_ros_visualization/share/moveit_ros_visualization/icons/classes/PlanningScene.png
[27.559s] -- Up-to-date: /home/kush/UR5_Project_New/install/moveit_ros_visualization/share/moveit_ros_visualization/icons/classes/RobotState.png
[27.559s] -- Up-to-date: /home/kush/UR5_Project_New/install/moveit_ros_visualization/share/moveit_ros_visualization/icons/classes/MotionPlanning.png
[27.559s] -- Up-to-date: /home/kush/UR5_Project_New/install/moveit_ros_visualization/share/moveit_ros_visualization/icons/classes/Trajectory.png
[27.560s] -- Up-to-date: /home/kush/UR5_Project_New/install/moveit_ros_visualization/share/moveit_ros_visualization/motion_planning_rviz_plugin_description.xml
[27.560s] -- Up-to-date: /home/kush/UR5_Project_New/install/moveit_ros_visualization/share/moveit_ros_visualization/trajectory_rviz_plugin_description.xml
[27.561s] -- Up-to-date: /home/kush/UR5_Project_New/install/moveit_ros_visualization/share/moveit_ros_visualization/planning_scene_rviz_plugin_description.xml
[27.561s] -- Up-to-date: /home/kush/UR5_Project_New/install/moveit_ros_visualization/share/moveit_ros_visualization/robot_state_rviz_plugin_description.xml
[27.577s] -- Up-to-date: /home/kush/UR5_Project_New/install/moveit_ros_visualization/lib/libmoveit_motion_planning_rviz_plugin.so.2.5.4
[27.578s] -- Up-to-date: /home/kush/UR5_Project_New/install/moveit_ros_visualization/lib/libmoveit_motion_planning_rviz_plugin.so
[27.611s] -- Up-to-date: /home/kush/UR5_Project_New/install/moveit_ros_visualization/lib/libmoveit_motion_planning_rviz_plugin_core.so.2.5.4
[27.612s] -- Up-to-date: /home/kush/UR5_Project_New/install/moveit_ros_visualization/lib/libmoveit_motion_planning_rviz_plugin_core.so
[27.613s] -- Up-to-date: /home/kush/UR5_Project_New/install/moveit_ros_visualization/lib/libmoveit_planning_scene_rviz_plugin.so.2.5.4
[27.614s] -- Up-to-date: /home/kush/UR5_Project_New/install/moveit_ros_visualization/lib/libmoveit_planning_scene_rviz_plugin.so
[27.625s] -- Up-to-date: /home/kush/UR5_Project_New/install/moveit_ros_visualization/lib/libmoveit_planning_scene_rviz_plugin_core.so.2.5.4
[27.626s] -- Up-to-date: /home/kush/UR5_Project_New/install/moveit_ros_visualization/lib/libmoveit_planning_scene_rviz_plugin_core.so
[27.628s] -- Up-to-date: /home/kush/UR5_Project_New/install/moveit_ros_visualization/lib/libmoveit_robot_state_rviz_plugin.so.2.5.4
[27.629s] -- Up-to-date: /home/kush/UR5_Project_New/install/moveit_ros_visualization/lib/libmoveit_robot_state_rviz_plugin.so
[27.656s] -- Up-to-date: /home/kush/UR5_Project_New/install/moveit_ros_visualization/lib/libmoveit_robot_state_rviz_plugin_core.so.2.5.4
[27.657s] -- Up-to-date: /home/kush/UR5_Project_New/install/moveit_ros_visualization/lib/libmoveit_robot_state_rviz_plugin_core.so
[27.673s] -- Up-to-date: /home/kush/UR5_Project_New/install/moveit_ros_visualization/lib/libmoveit_rviz_plugin_render_tools.so.2.5.4
[27.674s] -- Up-to-date: /home/kush/UR5_Project_New/install/moveit_ros_visualization/lib/libmoveit_rviz_plugin_render_tools.so
[27.676s] -- Up-to-date: /home/kush/UR5_Project_New/install/moveit_ros_visualization/lib/libmoveit_trajectory_rviz_plugin.so.2.5.4
[27.677s] -- Up-to-date: /home/kush/UR5_Project_New/install/moveit_ros_visualization/lib/libmoveit_trajectory_rviz_plugin.so
[27.690s] -- Up-to-date: /home/kush/UR5_Project_New/install/moveit_ros_visualization/lib/libmoveit_trajectory_rviz_plugin_core.so.2.5.4
[27.691s] -- Up-to-date: /home/kush/UR5_Project_New/install/moveit_ros_visualization/lib/libmoveit_trajectory_rviz_plugin_core.so
[27.691s] -- Up-to-date: /home/kush/UR5_Project_New/install/moveit_ros_visualization/share/moveit_ros_visualization/environment/library_path.sh
[27.691s] -- Installing: /home/kush/UR5_Project_New/install/moveit_ros_visualization/share/moveit_ros_visualization/environment/library_path.dsv
[27.691s] -- Up-to-date: /home/kush/UR5_Project_New/install/moveit_ros_visualization/share/ament_index/resource_index/package_run_dependencies/moveit_ros_visualization
[27.692s] -- Installing: /home/kush/UR5_Project_New/install/moveit_ros_visualization/share/ament_index/resource_index/parent_prefix_path/moveit_ros_visualization
[27.692s] -- Up-to-date: /home/kush/UR5_Project_New/install/moveit_ros_visualization/share/moveit_ros_visualization/environment/ament_prefix_path.sh
[27.692s] -- Installing: /home/kush/UR5_Project_New/install/moveit_ros_visualization/share/moveit_ros_visualization/environment/ament_prefix_path.dsv
[27.692s] -- Up-to-date: /home/kush/UR5_Project_New/install/moveit_ros_visualization/share/moveit_ros_visualization/environment/path.sh
[27.693s] -- Installing: /home/kush/UR5_Project_New/install/moveit_ros_visualization/share/moveit_ros_visualization/environment/path.dsv
[27.693s] -- Up-to-date: /home/kush/UR5_Project_New/install/moveit_ros_visualization/share/moveit_ros_visualization/local_setup.bash
[27.693s] -- Up-to-date: /home/kush/UR5_Project_New/install/moveit_ros_visualization/share/moveit_ros_visualization/local_setup.sh
[27.693s] -- Up-to-date: /home/kush/UR5_Project_New/install/moveit_ros_visualization/share/moveit_ros_visualization/local_setup.zsh
[27.694s] -- Installing: /home/kush/UR5_Project_New/install/moveit_ros_visualization/share/moveit_ros_visualization/local_setup.dsv
[27.694s] -- Installing: /home/kush/UR5_Project_New/install/moveit_ros_visualization/share/moveit_ros_visualization/package.dsv
[27.694s] -- Up-to-date: /home/kush/UR5_Project_New/install/moveit_ros_visualization/share/ament_index/resource_index/packages/moveit_ros_visualization
[27.694s] -- Up-to-date: /home/kush/UR5_Project_New/install/moveit_ros_visualization/share/ament_index/resource_index/rviz_common__pluginlib__plugin/moveit_ros_visualization
[27.702s] -- Up-to-date: /home/kush/UR5_Project_New/install/moveit_ros_visualization/share/moveit_ros_visualization/cmake/export_moveit_ros_visualizationExport.cmake
[27.702s] -- Up-to-date: /home/kush/UR5_Project_New/install/moveit_ros_visualization/share/moveit_ros_visualization/cmake/export_moveit_ros_visualizationExport-release.cmake
[27.702s] -- Up-to-date: /home/kush/UR5_Project_New/install/moveit_ros_visualization/share/moveit_ros_visualization/cmake/ConfigExtras.cmake
[27.703s] -- Up-to-date: /home/kush/UR5_Project_New/install/moveit_ros_visualization/share/moveit_ros_visualization/cmake/ament_cmake_export_targets-extras.cmake
[27.703s] -- Up-to-date: /home/kush/UR5_Project_New/install/moveit_ros_visualization/share/moveit_ros_visualization/cmake/ament_cmake_export_dependencies-extras.cmake
[27.703s] -- Up-to-date: /home/kush/UR5_Project_New/install/moveit_ros_visualization/share/moveit_ros_visualization/cmake/moveit_ros_visualizationConfig.cmake
[27.703s] -- Up-to-date: /home/kush/UR5_Project_New/install/moveit_ros_visualization/share/moveit_ros_visualization/cmake/moveit_ros_visualizationConfig-version.cmake
[27.703s] -- Up-to-date: /home/kush/UR5_Project_New/install/moveit_ros_visualization/share/moveit_ros_visualization/package.xml
[27.711s] Invoked command in '/home/kush/UR5_Project_New/build/moveit_ros_visualization' returned '0': AMENT_PREFIX_PATH=/home/kush/UR5_Project_New/install/moveit_ros_planning_interface:/home/kush/UR5_Project_New/install/moveit_ros_move_group:/home/kush/UR5_Project_New/install/moveit_ros_warehouse:/home/kush/UR5_Project_New/install/moveit_ros_robot_interaction:/home/kush/UR5_Project_New/install/moveit_kinematics:/home/kush/UR5_Project_New/install/moveit_ros_planning:/home/kush/UR5_Project_New/install/moveit_ros_occupancy_map_monitor:/home/kush/UR5_Project_New/install/moveit_core:/home/kush/UR5_Project_New/install/srdfdom:/home/kush/UR5_Project_New/install/moveit_common:${AMENT_PREFIX_PATH} CMAKE_PREFIX_PATH=/home/kush/UR5_Project_New/install/moveit_ros_planning_interface:/home/kush/UR5_Project_New/install/moveit_ros_move_group:/home/kush/UR5_Project_New/install/moveit_ros_warehouse:/home/kush/UR5_Project_New/install/moveit_ros_robot_interaction:/home/kush/UR5_Project_New/install/moveit_kinematics:/home/kush/UR5_Project_New/install/moveit_ros_planning:/home/kush/UR5_Project_New/install/moveit_ros_occupancy_map_monitor:/home/kush/UR5_Project_New/install/moveit_core:/home/kush/UR5_Project_New/install/srdfdom:/home/kush/UR5_Project_New/install/moveit_common:/opt/ros/humble LD_LIBRARY_PATH=/home/kush/UR5_Project_New/install/moveit_ros_planning_interface/lib:/home/kush/UR5_Project_New/install/moveit_ros_move_group/lib:/home/kush/UR5_Project_New/install/moveit_ros_warehouse/lib:/home/kush/UR5_Project_New/install/moveit_ros_robot_interaction/lib:/home/kush/UR5_Project_New/install/moveit_kinematics/lib:/home/kush/UR5_Project_New/install/moveit_ros_planning/lib:/home/kush/UR5_Project_New/install/moveit_ros_occupancy_map_monitor/lib:/home/kush/UR5_Project_New/install/moveit_core/lib:/home/kush/UR5_Project_New/install/srdfdom/lib:${LD_LIBRARY_PATH} PATH=/home/kush/UR5_Project_New/install/moveit_core/bin:${PATH} PYTHONPATH=/home/kush/UR5_Project_New/install/srdfdom/local/lib/python3.10/dist-packages:${PYTHONPATH} /usr/bin/cmake --install /home/kush/UR5_Project_New/build/moveit_ros_visualization
