[0.133s] Invoking command in '/home/kush/UR5_Project_New/build/moveit_ros_occupancy_map_monitor': AMENT_PREFIX_PATH=/home/kush/UR5_Project_New/install/moveit_core:/home/kush/UR5_Project_New/install/srdfdom:/home/kush/UR5_Project_New/install/moveit_common:${AMENT_PREFIX_PATH} CMAKE_PREFIX_PATH=/home/kush/UR5_Project_New/install/moveit_core:/home/kush/UR5_Project_New/install/srdfdom:/home/kush/UR5_Project_New/install/moveit_common:/opt/ros/humble LD_LIBRARY_PATH=/home/kush/UR5_Project_New/install/moveit_core/lib:/home/kush/UR5_Project_New/install/srdfdom/lib:${LD_LIBRARY_PATH} PATH=/home/kush/UR5_Project_New/install/moveit_core/bin:${PATH} PYTHONPATH=/home/kush/UR5_Project_New/install/srdfdom/local/lib/python3.10/dist-packages:${PYTHONPATH} /usr/bin/cmake --build /home/kush/UR5_Project_New/build/moveit_ros_occupancy_map_monitor -- -j4 -l4
[0.539s] [ 30%] Built target moveit_ros_occupancy_map_monitor
[0.560s] [ 53%] Built target gmock
[0.571s] [ 69%] Built target gmock_main
[0.696s] [ 84%] Built target moveit_ros_occupancy_map_server
[0.706s] [100%] Built target occupancy_map_monitor_tests
[0.738s] Invoked command in '/home/kush/UR5_Project_New/build/moveit_ros_occupancy_map_monitor' returned '0': AMENT_PREFIX_PATH=/home/kush/UR5_Project_New/install/moveit_core:/home/kush/UR5_Project_New/install/srdfdom:/home/kush/UR5_Project_New/install/moveit_common:${AMENT_PREFIX_PATH} CMAKE_PREFIX_PATH=/home/kush/UR5_Project_New/install/moveit_core:/home/kush/UR5_Project_New/install/srdfdom:/home/kush/UR5_Project_New/install/moveit_common:/opt/ros/humble LD_LIBRARY_PATH=/home/kush/UR5_Project_New/install/moveit_core/lib:/home/kush/UR5_Project_New/install/srdfdom/lib:${LD_LIBRARY_PATH} PATH=/home/kush/UR5_Project_New/install/moveit_core/bin:${PATH} PYTHONPATH=/home/kush/UR5_Project_New/install/srdfdom/local/lib/python3.10/dist-packages:${PYTHONPATH} /usr/bin/cmake --build /home/kush/UR5_Project_New/build/moveit_ros_occupancy_map_monitor -- -j4 -l4
[1.293s] Invoking command in '/home/kush/UR5_Project_New/build/moveit_ros_occupancy_map_monitor': AMENT_PREFIX_PATH=/home/kush/UR5_Project_New/install/moveit_core:/home/kush/UR5_Project_New/install/srdfdom:/home/kush/UR5_Project_New/install/moveit_common:${AMENT_PREFIX_PATH} CMAKE_PREFIX_PATH=/home/kush/UR5_Project_New/install/moveit_core:/home/kush/UR5_Project_New/install/srdfdom:/home/kush/UR5_Project_New/install/moveit_common:/opt/ros/humble LD_LIBRARY_PATH=/home/kush/UR5_Project_New/install/moveit_core/lib:/home/kush/UR5_Project_New/install/srdfdom/lib:${LD_LIBRARY_PATH} PATH=/home/kush/UR5_Project_New/install/moveit_core/bin:${PATH} PYTHONPATH=/home/kush/UR5_Project_New/install/srdfdom/local/lib/python3.10/dist-packages:${PYTHONPATH} /usr/bin/cmake --install /home/kush/UR5_Project_New/build/moveit_ros_occupancy_map_monitor
[1.350s] -- Install configuration: "Release"
[1.351s] -- Up-to-date: /home/kush/UR5_Project_New/install/moveit_ros_occupancy_map_monitor/lib/libmoveit_ros_occupancy_map_monitor.so.2.5.4
[1.353s] -- Up-to-date: /home/kush/UR5_Project_New/install/moveit_ros_occupancy_map_monitor/lib/libmoveit_ros_occupancy_map_monitor.so
[1.353s] -- Up-to-date: /home/kush/UR5_Project_New/install/moveit_ros_occupancy_map_monitor/lib/moveit_ros_occupancy_map_monitor/moveit_ros_occupancy_map_server
[1.354s] -- Up-to-date: /home/kush/UR5_Project_New/install/moveit_ros_occupancy_map_monitor/include
[1.354s] -- Up-to-date: /home/kush/UR5_Project_New/install/moveit_ros_occupancy_map_monitor/include/moveit
[1.354s] -- Up-to-date: /home/kush/UR5_Project_New/install/moveit_ros_occupancy_map_monitor/include/moveit/occupancy_map_monitor
[1.355s] -- Up-to-date: /home/kush/UR5_Project_New/install/moveit_ros_occupancy_map_monitor/include/moveit/occupancy_map_monitor/occupancy_map_updater.h
[1.355s] -- Up-to-date: /home/kush/UR5_Project_New/install/moveit_ros_occupancy_map_monitor/include/moveit/occupancy_map_monitor/occupancy_map_monitor.h
[1.355s] -- Up-to-date: /home/kush/UR5_Project_New/install/moveit_ros_occupancy_map_monitor/include/moveit/occupancy_map_monitor/occupancy_map_monitor_middleware_handle.hpp
[1.355s] -- Up-to-date: /home/kush/UR5_Project_New/install/moveit_ros_occupancy_map_monitor/share/moveit_ros_occupancy_map_monitor/environment/library_path.sh
[1.355s] -- Up-to-date: /home/kush/UR5_Project_New/install/moveit_ros_occupancy_map_monitor/share/moveit_ros_occupancy_map_monitor/environment/library_path.dsv
[1.355s] -- Up-to-date: /home/kush/UR5_Project_New/install/moveit_ros_occupancy_map_monitor/share/ament_index/resource_index/package_run_dependencies/moveit_ros_occupancy_map_monitor
[1.356s] -- Up-to-date: /home/kush/UR5_Project_New/install/moveit_ros_occupancy_map_monitor/share/ament_index/resource_index/parent_prefix_path/moveit_ros_occupancy_map_monitor
[1.356s] -- Up-to-date: /home/kush/UR5_Project_New/install/moveit_ros_occupancy_map_monitor/share/moveit_ros_occupancy_map_monitor/environment/ament_prefix_path.sh
[1.356s] -- Up-to-date: /home/kush/UR5_Project_New/install/moveit_ros_occupancy_map_monitor/share/moveit_ros_occupancy_map_monitor/environment/ament_prefix_path.dsv
[1.356s] -- Up-to-date: /home/kush/UR5_Project_New/install/moveit_ros_occupancy_map_monitor/share/moveit_ros_occupancy_map_monitor/environment/path.sh
[1.356s] -- Up-to-date: /home/kush/UR5_Project_New/install/moveit_ros_occupancy_map_monitor/share/moveit_ros_occupancy_map_monitor/environment/path.dsv
[1.356s] -- Up-to-date: /home/kush/UR5_Project_New/install/moveit_ros_occupancy_map_monitor/share/moveit_ros_occupancy_map_monitor/local_setup.bash
[1.356s] -- Up-to-date: /home/kush/UR5_Project_New/install/moveit_ros_occupancy_map_monitor/share/moveit_ros_occupancy_map_monitor/local_setup.sh
[1.357s] -- Up-to-date: /home/kush/UR5_Project_New/install/moveit_ros_occupancy_map_monitor/share/moveit_ros_occupancy_map_monitor/local_setup.zsh
[1.357s] -- Up-to-date: /home/kush/UR5_Project_New/install/moveit_ros_occupancy_map_monitor/share/moveit_ros_occupancy_map_monitor/local_setup.dsv
[1.357s] -- Installing: /home/kush/UR5_Project_New/install/moveit_ros_occupancy_map_monitor/share/moveit_ros_occupancy_map_monitor/package.dsv
[1.357s] -- Up-to-date: /home/kush/UR5_Project_New/install/moveit_ros_occupancy_map_monitor/share/ament_index/resource_index/packages/moveit_ros_occupancy_map_monitor
[1.357s] -- Up-to-date: /home/kush/UR5_Project_New/install/moveit_ros_occupancy_map_monitor/share/moveit_ros_occupancy_map_monitor/cmake/export_moveit_ros_occupancy_map_monitorExport.cmake
[1.357s] -- Up-to-date: /home/kush/UR5_Project_New/install/moveit_ros_occupancy_map_monitor/share/moveit_ros_occupancy_map_monitor/cmake/export_moveit_ros_occupancy_map_monitorExport-release.cmake
[1.358s] -- Up-to-date: /home/kush/UR5_Project_New/install/moveit_ros_occupancy_map_monitor/share/moveit_ros_occupancy_map_monitor/cmake/ament_cmake_export_targets-extras.cmake
[1.358s] -- Up-to-date: /home/kush/UR5_Project_New/install/moveit_ros_occupancy_map_monitor/share/moveit_ros_occupancy_map_monitor/cmake/ament_cmake_export_dependencies-extras.cmake
[1.358s] -- Up-to-date: /home/kush/UR5_Project_New/install/moveit_ros_occupancy_map_monitor/share/moveit_ros_occupancy_map_monitor/cmake/moveit_ros_occupancy_map_monitorConfig.cmake
[1.358s] -- Up-to-date: /home/kush/UR5_Project_New/install/moveit_ros_occupancy_map_monitor/share/moveit_ros_occupancy_map_monitor/cmake/moveit_ros_occupancy_map_monitorConfig-version.cmake
[1.358s] -- Up-to-date: /home/kush/UR5_Project_New/install/moveit_ros_occupancy_map_monitor/share/moveit_ros_occupancy_map_monitor/package.xml
[1.489s] Invoked command in '/home/kush/UR5_Project_New/build/moveit_ros_occupancy_map_monitor' returned '0': AMENT_PREFIX_PATH=/home/kush/UR5_Project_New/install/moveit_core:/home/kush/UR5_Project_New/install/srdfdom:/home/kush/UR5_Project_New/install/moveit_common:${AMENT_PREFIX_PATH} CMAKE_PREFIX_PATH=/home/kush/UR5_Project_New/install/moveit_core:/home/kush/UR5_Project_New/install/srdfdom:/home/kush/UR5_Project_New/install/moveit_common:/opt/ros/humble LD_LIBRARY_PATH=/home/kush/UR5_Project_New/install/moveit_core/lib:/home/kush/UR5_Project_New/install/srdfdom/lib:${LD_LIBRARY_PATH} PATH=/home/kush/UR5_Project_New/install/moveit_core/bin:${PATH} PYTHONPATH=/home/kush/UR5_Project_New/install/srdfdom/local/lib/python3.10/dist-packages:${PYTHONPATH} /usr/bin/cmake --install /home/kush/UR5_Project_New/build/moveit_ros_occupancy_map_monitor
