[0.136s] Invoking command in '/home/kush/UR5_Project_New/build/moveit_planners_ompl': AMENT_PREFIX_PATH=/home/kush/UR5_Project_New/install/moveit_ros_planning:/home/kush/UR5_Project_New/install/moveit_ros_occupancy_map_monitor:/home/kush/UR5_Project_New/install/moveit_core:/home/kush/UR5_Project_New/install/moveit_resources_panda_moveit_config:/home/kush/UR5_Project_New/install/moveit_resources_fanuc_moveit_config:/home/kush/UR5_Project_New/install/srdfdom:/home/kush/UR5_Project_New/install/moveit_resources_pr2_description:/home/kush/UR5_Project_New/install/moveit_resources_panda_description:/home/kush/UR5_Project_New/install/moveit_resources_fanuc_description:/home/kush/UR5_Project_New/install/moveit_common:${AMENT_PREFIX_PATH} CMAKE_PREFIX_PATH=/home/kush/UR5_Project_New/install/moveit_ros_planning:/home/kush/UR5_Project_New/install/moveit_ros_occupancy_map_monitor:/home/kush/UR5_Project_New/install/moveit_core:/home/kush/UR5_Project_New/install/moveit_resources_panda_moveit_config:/home/kush/UR5_Project_New/install/moveit_resources_fanuc_moveit_config:/home/kush/UR5_Project_New/install/srdfdom:/home/kush/UR5_Project_New/install/moveit_resources_pr2_description:/home/kush/UR5_Project_New/install/moveit_resources_panda_description:/home/kush/UR5_Project_New/install/moveit_resources_fanuc_description:/home/kush/UR5_Project_New/install/moveit_common:/opt/ros/humble LD_LIBRARY_PATH=/home/kush/UR5_Project_New/install/moveit_ros_planning/lib:/home/kush/UR5_Project_New/install/moveit_ros_occupancy_map_monitor/lib:/home/kush/UR5_Project_New/install/moveit_core/lib:/home/kush/UR5_Project_New/install/srdfdom/lib:${LD_LIBRARY_PATH} PATH=/home/kush/UR5_Project_New/install/moveit_core/bin:${PATH} PYTHONPATH=/home/kush/UR5_Project_New/install/srdfdom/local/lib/python3.10/dist-packages:${PYTHONPATH} /usr/bin/cmake /home/kush/UR5_Project_New/src/moveit2/moveit_planners/ompl -DCMAKE_INSTALL_PREFIX=/home/kush/UR5_Project_New/install/moveit_planners_ompl
[0.255s] -- Found moveit_common: 2.5.4 (/home/kush/UR5_Project_New/install/moveit_common/share/moveit_common/cmake)
[0.258s] -- Found ament_cmake: 1.3.5 (/opt/ros/humble/share/ament_cmake/cmake)
[1.290s] -- Could NOT find libbfd (missing: LIBBFD_LIBRARY LIBBFD_INCLUDE_DIR) 
[1.290s] -- BACKWARD_HAS_UNWIND=1
[1.291s] -- BACKWARD_HAS_BACKTRACE=0
[1.291s] -- BACKWARD_HAS_BACKTRACE_SYMBOL=0
[1.291s] -- BACKWARD_HAS_DW=1
[1.291s] -- BACKWARD_HAS_BFD=0
[1.302s] -- Found Backward: /opt/ros/humble/share/backward_ros/cmake  
[1.340s] -- Found Boost: /usr/lib/x86_64-linux-gnu/cmake/Boost-1.74.0/BoostConfig.cmake (found version "1.74.0") found components: system filesystem date_time thread serialization 
[1.345s] -- Found moveit_core: 2.5.4 (/home/kush/UR5_Project_New/install/moveit_core/share/moveit_core/cmake)
[1.404s] -- Found Boost: /usr/lib/x86_64-linux-gnu/cmake/Boost-1.74.0/BoostConfig.cmake (found version "1.74.0") found components: chrono date_time filesystem iostreams program_options regex serialization system thread 
[1.430s] -- Found parameter_traits: 0.3.3 (/opt/ros/humble/share/parameter_traits/cmake)
[1.550s] -- Found rosidl_generator_c: 3.1.5 (/opt/ros/humble/share/rosidl_generator_c/cmake)
[1.569s] -- Found rosidl_adapter: 3.1.5 (/opt/ros/humble/share/rosidl_adapter/cmake)
[1.607s] -- Found rosidl_generator_cpp: 3.1.5 (/opt/ros/humble/share/rosidl_generator_cpp/cmake)
[1.672s] -- Using all available rosidl_typesupport_c: rosidl_typesupport_fastrtps_c;rosidl_typesupport_introspection_c
[1.731s] -- Using all available rosidl_typesupport_cpp: rosidl_typesupport_fastrtps_cpp;rosidl_typesupport_introspection_cpp
[1.919s] -- Found rmw_implementation_cmake: 6.1.1 (/opt/ros/humble/share/rmw_implementation_cmake/cmake)
[1.925s] -- Found rmw_fastrtps_cpp: 6.2.3 (/opt/ros/humble/share/rmw_fastrtps_cpp/cmake)
[2.305s] -- Using RMW implementation 'rmw_fastrtps_cpp' as default
[3.014s] -- Found rclcpp_lifecycle: 16.0.5 (/opt/ros/humble/share/rclcpp_lifecycle/cmake)
[3.271s] -- Found Boost: /usr/lib/x86_64-linux-gnu/cmake/Boost-1.74.0/BoostConfig.cmake (found version "1.74.0") found components: filesystem 
[3.585s] -- library: /usr/lib/x86_64-linux-gnu/libcurl.so
[4.900s] -- Ensuring Eigen3 include directory is part of orocos-kdl CMake target
[8.654s] -- Found moveit_ros_planning: 2.5.4 (/home/kush/UR5_Project_New/install/moveit_ros_planning/share/moveit_ros_planning/cmake)
[8.657s] -- Found Boost: /usr/lib/x86_64-linux-gnu/cmake/Boost-1.74.0/BoostConfig.cmake (found version "1.74.0") found components: system filesystem date_time program_options thread chrono 
[10.865s] -- Found ament_cmake_gtest: 1.3.5 (/opt/ros/humble/share/ament_cmake_gtest/cmake)
[10.870s] -- Found gtest sources under '/opt/ros/humble/src/gtest_vendor': C++ tests using 'Google Test' will be built
[10.992s] -- Found ament_lint_auto: 0.12.7 (/opt/ros/humble/share/ament_lint_auto/cmake)
[11.173s] -- Added test 'cppcheck' to perform static code analysis on C / C++ code
[11.175s] -- Configured cppcheck include dirs: /home/kush/UR5_Project_New/src/moveit2/moveit_planners/ompl/ompl_interface/include
[11.176s] -- Configured cppcheck exclude dirs and/or files: 
[11.184s] -- Added test 'lint_cmake' to check CMake code style
[11.205s] -- Added test 'xmllint' to check XML markup files
[11.301s] -- Configuring done
[13.057s] -- Generating done
[13.070s] -- Build files have been written to: /home/kush/UR5_Project_New/build/moveit_planners_ompl
[13.156s] Invoked command in '/home/kush/UR5_Project_New/build/moveit_planners_ompl' returned '0': AMENT_PREFIX_PATH=/home/kush/UR5_Project_New/install/moveit_ros_planning:/home/kush/UR5_Project_New/install/moveit_ros_occupancy_map_monitor:/home/kush/UR5_Project_New/install/moveit_core:/home/kush/UR5_Project_New/install/moveit_resources_panda_moveit_config:/home/kush/UR5_Project_New/install/moveit_resources_fanuc_moveit_config:/home/kush/UR5_Project_New/install/srdfdom:/home/kush/UR5_Project_New/install/moveit_resources_pr2_description:/home/kush/UR5_Project_New/install/moveit_resources_panda_description:/home/kush/UR5_Project_New/install/moveit_resources_fanuc_description:/home/kush/UR5_Project_New/install/moveit_common:${AMENT_PREFIX_PATH} CMAKE_PREFIX_PATH=/home/kush/UR5_Project_New/install/moveit_ros_planning:/home/kush/UR5_Project_New/install/moveit_ros_occupancy_map_monitor:/home/kush/UR5_Project_New/install/moveit_core:/home/kush/UR5_Project_New/install/moveit_resources_panda_moveit_config:/home/kush/UR5_Project_New/install/moveit_resources_fanuc_moveit_config:/home/kush/UR5_Project_New/install/srdfdom:/home/kush/UR5_Project_New/install/moveit_resources_pr2_description:/home/kush/UR5_Project_New/install/moveit_resources_panda_description:/home/kush/UR5_Project_New/install/moveit_resources_fanuc_description:/home/kush/UR5_Project_New/install/moveit_common:/opt/ros/humble LD_LIBRARY_PATH=/home/kush/UR5_Project_New/install/moveit_ros_planning/lib:/home/kush/UR5_Project_New/install/moveit_ros_occupancy_map_monitor/lib:/home/kush/UR5_Project_New/install/moveit_core/lib:/home/kush/UR5_Project_New/install/srdfdom/lib:${LD_LIBRARY_PATH} PATH=/home/kush/UR5_Project_New/install/moveit_core/bin:${PATH} PYTHONPATH=/home/kush/UR5_Project_New/install/srdfdom/local/lib/python3.10/dist-packages:${PYTHONPATH} /usr/bin/cmake /home/kush/UR5_Project_New/src/moveit2/moveit_planners/ompl -DCMAKE_INSTALL_PREFIX=/home/kush/UR5_Project_New/install/moveit_planners_ompl
[13.157s] Invoking command in '/home/kush/UR5_Project_New/build/moveit_planners_ompl': AMENT_PREFIX_PATH=/home/kush/UR5_Project_New/install/moveit_ros_planning:/home/kush/UR5_Project_New/install/moveit_ros_occupancy_map_monitor:/home/kush/UR5_Project_New/install/moveit_core:/home/kush/UR5_Project_New/install/moveit_resources_panda_moveit_config:/home/kush/UR5_Project_New/install/moveit_resources_fanuc_moveit_config:/home/kush/UR5_Project_New/install/srdfdom:/home/kush/UR5_Project_New/install/moveit_resources_pr2_description:/home/kush/UR5_Project_New/install/moveit_resources_panda_description:/home/kush/UR5_Project_New/install/moveit_resources_fanuc_description:/home/kush/UR5_Project_New/install/moveit_common:${AMENT_PREFIX_PATH} CMAKE_PREFIX_PATH=/home/kush/UR5_Project_New/install/moveit_ros_planning:/home/kush/UR5_Project_New/install/moveit_ros_occupancy_map_monitor:/home/kush/UR5_Project_New/install/moveit_core:/home/kush/UR5_Project_New/install/moveit_resources_panda_moveit_config:/home/kush/UR5_Project_New/install/moveit_resources_fanuc_moveit_config:/home/kush/UR5_Project_New/install/srdfdom:/home/kush/UR5_Project_New/install/moveit_resources_pr2_description:/home/kush/UR5_Project_New/install/moveit_resources_panda_description:/home/kush/UR5_Project_New/install/moveit_resources_fanuc_description:/home/kush/UR5_Project_New/install/moveit_common:/opt/ros/humble LD_LIBRARY_PATH=/home/kush/UR5_Project_New/install/moveit_ros_planning/lib:/home/kush/UR5_Project_New/install/moveit_ros_occupancy_map_monitor/lib:/home/kush/UR5_Project_New/install/moveit_core/lib:/home/kush/UR5_Project_New/install/srdfdom/lib:${LD_LIBRARY_PATH} PATH=/home/kush/UR5_Project_New/install/moveit_core/bin:${PATH} PYTHONPATH=/home/kush/UR5_Project_New/install/srdfdom/local/lib/python3.10/dist-packages:${PYTHONPATH} /usr/bin/cmake --build /home/kush/UR5_Project_New/build/moveit_planners_ompl -- -j4 -l4
[17.461s] [35m[1mConsolidate compiler generated dependencies of target moveit_ompl_interface[0m
[19.037s] [ 51%] Built target moveit_ompl_interface
[19.128s] [35m[1mConsolidate compiler generated dependencies of target gtest[0m
[19.162s] [ 56%] Built target gtest
[19.241s] [35m[1mConsolidate compiler generated dependencies of target moveit_ompl_planner_plugin[0m
[19.297s] [ 60%] Built target moveit_ompl_planner_plugin
[19.420s] [35m[1mConsolidate compiler generated dependencies of target moveit_generate_state_database[0m
[19.571s] [ 65%] Built target moveit_generate_state_database
[19.654s] [35m[1mConsolidate compiler generated dependencies of target gtest_main[0m
[19.677s] [ 70%] Built target gtest_main
[19.850s] [35m[1mConsolidate compiler generated dependencies of target test_state_space[0m
[19.918s] [ 75%] Built target test_state_space
[19.984s] [35m[1mConsolidate compiler generated dependencies of target test_constrained_planning_state_space[0m
[20.031s] [ 80%] Built target test_constrained_planning_state_space
[20.086s] [35m[1mConsolidate compiler generated dependencies of target test_constrained_state_validity_checker[0m
[20.175s] [ 85%] Built target test_constrained_state_validity_checker
[20.248s] [35m[1mConsolidate compiler generated dependencies of target test_threadsafe_state_storage[0m
[20.287s] [ 90%] Built target test_threadsafe_state_storage
[20.414s] [35m[1mConsolidate compiler generated dependencies of target test_planning_context_manager[0m
[20.470s] [ 95%] Built target test_planning_context_manager
[20.548s] [35m[1mConsolidate compiler generated dependencies of target test_state_validity_checker[0m
[20.637s] [100%] Built target test_state_validity_checker
[20.670s] Invoked command in '/home/kush/UR5_Project_New/build/moveit_planners_ompl' returned '0': AMENT_PREFIX_PATH=/home/kush/UR5_Project_New/install/moveit_ros_planning:/home/kush/UR5_Project_New/install/moveit_ros_occupancy_map_monitor:/home/kush/UR5_Project_New/install/moveit_core:/home/kush/UR5_Project_New/install/moveit_resources_panda_moveit_config:/home/kush/UR5_Project_New/install/moveit_resources_fanuc_moveit_config:/home/kush/UR5_Project_New/install/srdfdom:/home/kush/UR5_Project_New/install/moveit_resources_pr2_description:/home/kush/UR5_Project_New/install/moveit_resources_panda_description:/home/kush/UR5_Project_New/install/moveit_resources_fanuc_description:/home/kush/UR5_Project_New/install/moveit_common:${AMENT_PREFIX_PATH} CMAKE_PREFIX_PATH=/home/kush/UR5_Project_New/install/moveit_ros_planning:/home/kush/UR5_Project_New/install/moveit_ros_occupancy_map_monitor:/home/kush/UR5_Project_New/install/moveit_core:/home/kush/UR5_Project_New/install/moveit_resources_panda_moveit_config:/home/kush/UR5_Project_New/install/moveit_resources_fanuc_moveit_config:/home/kush/UR5_Project_New/install/srdfdom:/home/kush/UR5_Project_New/install/moveit_resources_pr2_description:/home/kush/UR5_Project_New/install/moveit_resources_panda_description:/home/kush/UR5_Project_New/install/moveit_resources_fanuc_description:/home/kush/UR5_Project_New/install/moveit_common:/opt/ros/humble LD_LIBRARY_PATH=/home/kush/UR5_Project_New/install/moveit_ros_planning/lib:/home/kush/UR5_Project_New/install/moveit_ros_occupancy_map_monitor/lib:/home/kush/UR5_Project_New/install/moveit_core/lib:/home/kush/UR5_Project_New/install/srdfdom/lib:${LD_LIBRARY_PATH} PATH=/home/kush/UR5_Project_New/install/moveit_core/bin:${PATH} PYTHONPATH=/home/kush/UR5_Project_New/install/srdfdom/local/lib/python3.10/dist-packages:${PYTHONPATH} /usr/bin/cmake --build /home/kush/UR5_Project_New/build/moveit_planners_ompl -- -j4 -l4
[20.729s] Invoking command in '/home/kush/UR5_Project_New/build/moveit_planners_ompl': AMENT_PREFIX_PATH=/home/kush/UR5_Project_New/install/moveit_ros_planning:/home/kush/UR5_Project_New/install/moveit_ros_occupancy_map_monitor:/home/kush/UR5_Project_New/install/moveit_core:/home/kush/UR5_Project_New/install/moveit_resources_panda_moveit_config:/home/kush/UR5_Project_New/install/moveit_resources_fanuc_moveit_config:/home/kush/UR5_Project_New/install/srdfdom:/home/kush/UR5_Project_New/install/moveit_resources_pr2_description:/home/kush/UR5_Project_New/install/moveit_resources_panda_description:/home/kush/UR5_Project_New/install/moveit_resources_fanuc_description:/home/kush/UR5_Project_New/install/moveit_common:${AMENT_PREFIX_PATH} CMAKE_PREFIX_PATH=/home/kush/UR5_Project_New/install/moveit_ros_planning:/home/kush/UR5_Project_New/install/moveit_ros_occupancy_map_monitor:/home/kush/UR5_Project_New/install/moveit_core:/home/kush/UR5_Project_New/install/moveit_resources_panda_moveit_config:/home/kush/UR5_Project_New/install/moveit_resources_fanuc_moveit_config:/home/kush/UR5_Project_New/install/srdfdom:/home/kush/UR5_Project_New/install/moveit_resources_pr2_description:/home/kush/UR5_Project_New/install/moveit_resources_panda_description:/home/kush/UR5_Project_New/install/moveit_resources_fanuc_description:/home/kush/UR5_Project_New/install/moveit_common:/opt/ros/humble LD_LIBRARY_PATH=/home/kush/UR5_Project_New/install/moveit_ros_planning/lib:/home/kush/UR5_Project_New/install/moveit_ros_occupancy_map_monitor/lib:/home/kush/UR5_Project_New/install/moveit_core/lib:/home/kush/UR5_Project_New/install/srdfdom/lib:${LD_LIBRARY_PATH} PATH=/home/kush/UR5_Project_New/install/moveit_core/bin:${PATH} PYTHONPATH=/home/kush/UR5_Project_New/install/srdfdom/local/lib/python3.10/dist-packages:${PYTHONPATH} /usr/bin/cmake --install /home/kush/UR5_Project_New/build/moveit_planners_ompl
[20.753s] -- Install configuration: "Release"
[20.789s] -- Up-to-date: /home/kush/UR5_Project_New/install/moveit_planners_ompl/lib/moveit_planners_ompl/generate_state_database
[20.790s] -- Up-to-date: /home/kush/UR5_Project_New/install/moveit_planners_ompl/include
[20.790s] -- Up-to-date: /home/kush/UR5_Project_New/install/moveit_planners_ompl/include/moveit
[20.790s] -- Up-to-date: /home/kush/UR5_Project_New/install/moveit_planners_ompl/include/moveit/ompl_interface
[20.791s] -- Up-to-date: /home/kush/UR5_Project_New/install/moveit_planners_ompl/include/moveit/ompl_interface/planning_context_manager.h
[20.791s] -- Up-to-date: /home/kush/UR5_Project_New/install/moveit_planners_ompl/include/moveit/ompl_interface/parameterization
[20.791s] -- Up-to-date: /home/kush/UR5_Project_New/install/moveit_planners_ompl/include/moveit/ompl_interface/parameterization/work_space
[20.791s] -- Up-to-date: /home/kush/UR5_Project_New/install/moveit_planners_ompl/include/moveit/ompl_interface/parameterization/work_space/pose_model_state_space.h
[20.791s] -- Up-to-date: /home/kush/UR5_Project_New/install/moveit_planners_ompl/include/moveit/ompl_interface/parameterization/work_space/pose_model_state_space_factory.h
[20.791s] -- Up-to-date: /home/kush/UR5_Project_New/install/moveit_planners_ompl/include/moveit/ompl_interface/parameterization/model_based_state_space.h
[20.792s] -- Up-to-date: /home/kush/UR5_Project_New/install/moveit_planners_ompl/include/moveit/ompl_interface/parameterization/joint_space
[20.792s] -- Up-to-date: /home/kush/UR5_Project_New/install/moveit_planners_ompl/include/moveit/ompl_interface/parameterization/joint_space/constrained_planning_state_space.h
[20.792s] -- Up-to-date: /home/kush/UR5_Project_New/install/moveit_planners_ompl/include/moveit/ompl_interface/parameterization/joint_space/joint_model_state_space_factory.h
[20.792s] -- Up-to-date: /home/kush/UR5_Project_New/install/moveit_planners_ompl/include/moveit/ompl_interface/parameterization/joint_space/joint_model_state_space.h
[20.792s] -- Up-to-date: /home/kush/UR5_Project_New/install/moveit_planners_ompl/include/moveit/ompl_interface/parameterization/joint_space/constrained_planning_state_space_factory.h
[20.792s] -- Up-to-date: /home/kush/UR5_Project_New/install/moveit_planners_ompl/include/moveit/ompl_interface/parameterization/model_based_state_space_factory.h
[20.792s] -- Up-to-date: /home/kush/UR5_Project_New/install/moveit_planners_ompl/include/moveit/ompl_interface/model_based_planning_context.h
[20.793s] -- Up-to-date: /home/kush/UR5_Project_New/install/moveit_planners_ompl/include/moveit/ompl_interface/detail
[20.793s] -- Up-to-date: /home/kush/UR5_Project_New/install/moveit_planners_ompl/include/moveit/ompl_interface/detail/goal_union.h
[20.793s] -- Up-to-date: /home/kush/UR5_Project_New/install/moveit_planners_ompl/include/moveit/ompl_interface/detail/constrained_goal_sampler.h
[20.793s] -- Up-to-date: /home/kush/UR5_Project_New/install/moveit_planners_ompl/include/moveit/ompl_interface/detail/constraint_approximations.h
[20.793s] -- Up-to-date: /home/kush/UR5_Project_New/install/moveit_planners_ompl/include/moveit/ompl_interface/detail/threadsafe_state_storage.h
[20.793s] -- Up-to-date: /home/kush/UR5_Project_New/install/moveit_planners_ompl/include/moveit/ompl_interface/detail/constrained_sampler.h
[20.793s] -- Up-to-date: /home/kush/UR5_Project_New/install/moveit_planners_ompl/include/moveit/ompl_interface/detail/projection_evaluators.h
[20.794s] -- Up-to-date: /home/kush/UR5_Project_New/install/moveit_planners_ompl/include/moveit/ompl_interface/detail/ompl_constraints.h
[20.794s] -- Up-to-date: /home/kush/UR5_Project_New/install/moveit_planners_ompl/include/moveit/ompl_interface/detail/state_validity_checker.h
[20.794s] -- Up-to-date: /home/kush/UR5_Project_New/install/moveit_planners_ompl/include/moveit/ompl_interface/detail/constraints_library.h
[20.795s] -- Up-to-date: /home/kush/UR5_Project_New/install/moveit_planners_ompl/include/moveit/ompl_interface/detail/constrained_valid_state_sampler.h
[20.795s] -- Up-to-date: /home/kush/UR5_Project_New/install/moveit_planners_ompl/include/moveit/ompl_interface/ompl_interface.h
[20.985s] -- Up-to-date: /home/kush/UR5_Project_New/install/moveit_planners_ompl/lib/libmoveit_ompl_interface.so.2.5.4
[20.987s] -- Up-to-date: /home/kush/UR5_Project_New/install/moveit_planners_ompl/lib/libmoveit_ompl_interface.so
[21.067s] -- Up-to-date: /home/kush/UR5_Project_New/install/moveit_planners_ompl/lib/libmoveit_ompl_planner_plugin.so.2.5.4
[21.067s] -- Up-to-date: /home/kush/UR5_Project_New/install/moveit_planners_ompl/lib/libmoveit_ompl_planner_plugin.so
[21.067s] -- Up-to-date: /home/kush/UR5_Project_New/install/moveit_planners_ompl/share/moveit_planners_ompl/environment/library_path.sh
[21.068s] -- Installing: /home/kush/UR5_Project_New/install/moveit_planners_ompl/share/moveit_planners_ompl/environment/library_path.dsv
[21.068s] -- Up-to-date: /home/kush/UR5_Project_New/install/moveit_planners_ompl/share/moveit_planners_ompl/ompl_interface_plugin_description.xml
[21.068s] -- Up-to-date: /home/kush/UR5_Project_New/install/moveit_planners_ompl/share/ament_index/resource_index/package_run_dependencies/moveit_planners_ompl
[21.068s] -- Installing: /home/kush/UR5_Project_New/install/moveit_planners_ompl/share/ament_index/resource_index/parent_prefix_path/moveit_planners_ompl
[21.069s] -- Up-to-date: /home/kush/UR5_Project_New/install/moveit_planners_ompl/share/moveit_planners_ompl/environment/ament_prefix_path.sh
[21.069s] -- Installing: /home/kush/UR5_Project_New/install/moveit_planners_ompl/share/moveit_planners_ompl/environment/ament_prefix_path.dsv
[21.069s] -- Up-to-date: /home/kush/UR5_Project_New/install/moveit_planners_ompl/share/moveit_planners_ompl/environment/path.sh
[21.069s] -- Installing: /home/kush/UR5_Project_New/install/moveit_planners_ompl/share/moveit_planners_ompl/environment/path.dsv
[21.069s] -- Up-to-date: /home/kush/UR5_Project_New/install/moveit_planners_ompl/share/moveit_planners_ompl/local_setup.bash
[21.070s] -- Up-to-date: /home/kush/UR5_Project_New/install/moveit_planners_ompl/share/moveit_planners_ompl/local_setup.sh
[21.070s] -- Up-to-date: /home/kush/UR5_Project_New/install/moveit_planners_ompl/share/moveit_planners_ompl/local_setup.zsh
[21.070s] -- Installing: /home/kush/UR5_Project_New/install/moveit_planners_ompl/share/moveit_planners_ompl/local_setup.dsv
[21.070s] -- Installing: /home/kush/UR5_Project_New/install/moveit_planners_ompl/share/moveit_planners_ompl/package.dsv
[21.070s] -- Up-to-date: /home/kush/UR5_Project_New/install/moveit_planners_ompl/share/ament_index/resource_index/packages/moveit_planners_ompl
[21.070s] -- Up-to-date: /home/kush/UR5_Project_New/install/moveit_planners_ompl/share/ament_index/resource_index/moveit_core__pluginlib__plugin/moveit_planners_ompl
[21.099s] -- Up-to-date: /home/kush/UR5_Project_New/install/moveit_planners_ompl/share/moveit_planners_ompl/cmake/export_moveit_planners_omplExport.cmake
[21.100s] -- Up-to-date: /home/kush/UR5_Project_New/install/moveit_planners_ompl/share/moveit_planners_ompl/cmake/export_moveit_planners_omplExport-release.cmake
[21.100s] -- Up-to-date: /home/kush/UR5_Project_New/install/moveit_planners_ompl/share/moveit_planners_ompl/cmake/ament_cmake_export_targets-extras.cmake
[21.100s] -- Up-to-date: /home/kush/UR5_Project_New/install/moveit_planners_ompl/share/moveit_planners_ompl/cmake/ament_cmake_export_dependencies-extras.cmake
[21.100s] -- Up-to-date: /home/kush/UR5_Project_New/install/moveit_planners_ompl/share/moveit_planners_ompl/cmake/moveit_planners_omplConfig.cmake
[21.100s] -- Up-to-date: /home/kush/UR5_Project_New/install/moveit_planners_ompl/share/moveit_planners_ompl/cmake/moveit_planners_omplConfig-version.cmake
[21.100s] -- Up-to-date: /home/kush/UR5_Project_New/install/moveit_planners_ompl/share/moveit_planners_ompl/package.xml
[21.108s] Invoked command in '/home/kush/UR5_Project_New/build/moveit_planners_ompl' returned '0': AMENT_PREFIX_PATH=/home/kush/UR5_Project_New/install/moveit_ros_planning:/home/kush/UR5_Project_New/install/moveit_ros_occupancy_map_monitor:/home/kush/UR5_Project_New/install/moveit_core:/home/kush/UR5_Project_New/install/moveit_resources_panda_moveit_config:/home/kush/UR5_Project_New/install/moveit_resources_fanuc_moveit_config:/home/kush/UR5_Project_New/install/srdfdom:/home/kush/UR5_Project_New/install/moveit_resources_pr2_description:/home/kush/UR5_Project_New/install/moveit_resources_panda_description:/home/kush/UR5_Project_New/install/moveit_resources_fanuc_description:/home/kush/UR5_Project_New/install/moveit_common:${AMENT_PREFIX_PATH} CMAKE_PREFIX_PATH=/home/kush/UR5_Project_New/install/moveit_ros_planning:/home/kush/UR5_Project_New/install/moveit_ros_occupancy_map_monitor:/home/kush/UR5_Project_New/install/moveit_core:/home/kush/UR5_Project_New/install/moveit_resources_panda_moveit_config:/home/kush/UR5_Project_New/install/moveit_resources_fanuc_moveit_config:/home/kush/UR5_Project_New/install/srdfdom:/home/kush/UR5_Project_New/install/moveit_resources_pr2_description:/home/kush/UR5_Project_New/install/moveit_resources_panda_description:/home/kush/UR5_Project_New/install/moveit_resources_fanuc_description:/home/kush/UR5_Project_New/install/moveit_common:/opt/ros/humble LD_LIBRARY_PATH=/home/kush/UR5_Project_New/install/moveit_ros_planning/lib:/home/kush/UR5_Project_New/install/moveit_ros_occupancy_map_monitor/lib:/home/kush/UR5_Project_New/install/moveit_core/lib:/home/kush/UR5_Project_New/install/srdfdom/lib:${LD_LIBRARY_PATH} PATH=/home/kush/UR5_Project_New/install/moveit_core/bin:${PATH} PYTHONPATH=/home/kush/UR5_Project_New/install/srdfdom/local/lib/python3.10/dist-packages:${PYTHONPATH} /usr/bin/cmake --install /home/kush/UR5_Project_New/build/moveit_planners_ompl
