[0.208s] Invoking command in '/home/kush/UR5_Project_New/build/moveit_ros_planning': AMENT_PREFIX_PATH=/home/kush/UR5_Project_New/install/moveit_ros_occupancy_map_monitor:/home/kush/UR5_Project_New/install/moveit_core:/home/kush/UR5_Project_New/install/moveit_resources_panda_moveit_config:/home/kush/UR5_Project_New/install/srdfdom:/home/kush/UR5_Project_New/install/moveit_resources_panda_description:/home/kush/UR5_Project_New/install/moveit_common:${AMENT_PREFIX_PATH} CMAKE_PREFIX_PATH=/home/kush/UR5_Project_New/install/moveit_ros_occupancy_map_monitor:/home/kush/UR5_Project_New/install/moveit_core:/home/kush/UR5_Project_New/install/moveit_resources_panda_moveit_config:/home/kush/UR5_Project_New/install/srdfdom:/home/kush/UR5_Project_New/install/moveit_resources_panda_description:/home/kush/UR5_Project_New/install/moveit_common:/opt/ros/humble LD_LIBRARY_PATH=/home/kush/UR5_Project_New/install/moveit_ros_occupancy_map_monitor/lib:/home/kush/UR5_Project_New/install/moveit_core/lib:/home/kush/UR5_Project_New/install/srdfdom/lib:${LD_LIBRARY_PATH} PATH=/home/kush/UR5_Project_New/install/moveit_core/bin:${PATH} PYTHONPATH=/home/kush/UR5_Project_New/install/srdfdom/local/lib/python3.10/dist-packages:${PYTHONPATH} /usr/bin/cmake /home/kush/UR5_Project_New/src/moveit2/moveit_ros/planning -DCMAKE_INSTALL_PREFIX=/home/kush/UR5_Project_New/install/moveit_ros_planning
[0.280s] -- Found moveit_common: 2.5.4 (/home/kush/UR5_Project_New/install/moveit_common/share/moveit_common/cmake)
[0.284s] -- Found ament_cmake: 1.3.5 (/opt/ros/humble/share/ament_cmake/cmake)
[1.049s] -- Could NOT find libbfd (missing: LIBBFD_LIBRARY LIBBFD_INCLUDE_DIR) 
[1.049s] -- BACKWARD_HAS_UNWIND=1
[1.049s] -- BACKWARD_HAS_BACKTRACE=0
[1.050s] -- BACKWARD_HAS_BACKTRACE_SYMBOL=0
[1.050s] -- BACKWARD_HAS_DW=1
[1.050s] -- BACKWARD_HAS_BFD=0
[1.054s] -- Found Backward: /opt/ros/humble/share/backward_ros/cmake  
[1.060s] -- Found moveit_msgs: 2.2.1 (/opt/ros/humble/share/moveit_msgs/cmake)
[1.121s] -- Found rosidl_generator_c: 3.1.5 (/opt/ros/humble/share/rosidl_generator_c/cmake)
[1.130s] -- Found rosidl_adapter: 3.1.5 (/opt/ros/humble/share/rosidl_adapter/cmake)
[1.147s] -- Found rosidl_generator_cpp: 3.1.5 (/opt/ros/humble/share/rosidl_generator_cpp/cmake)
[1.183s] -- Using all available rosidl_typesupport_c: rosidl_typesupport_fastrtps_c;rosidl_typesupport_introspection_c
[1.238s] -- Using all available rosidl_typesupport_cpp: rosidl_typesupport_fastrtps_cpp;rosidl_typesupport_introspection_cpp
[4.279s] -- Found pluginlib: 5.1.0 (/opt/ros/humble/share/pluginlib/cmake)
[4.327s] -- Found rclcpp: 16.0.5 (/opt/ros/humble/share/rclcpp/cmake)
[4.469s] -- Found rmw_implementation_cmake: 6.1.1 (/opt/ros/humble/share/rmw_implementation_cmake/cmake)
[4.473s] -- Found rmw_fastrtps_cpp: 6.2.3 (/opt/ros/humble/share/rmw_fastrtps_cpp/cmake)
[4.791s] -- Using RMW implementation 'rmw_fastrtps_cpp' as default
[5.161s] -- Found message_filters: 4.3.3 (/opt/ros/humble/share/message_filters/cmake)
[5.175s] -- Found srdfdom: 2.0.4 (/home/kush/UR5_Project_New/install/srdfdom/share/srdfdom/cmake)
[5.198s] -- Found tf2: 0.25.3 (/opt/ros/humble/share/tf2/cmake)
[5.219s] -- Found tf2_geometry_msgs: 0.25.3 (/opt/ros/humble/share/tf2_geometry_msgs/cmake)
[5.230s] -- Found eigen3_cmake_module: 0.1.1 (/opt/ros/humble/share/eigen3_cmake_module/cmake)
[5.233s] -- Ensuring Eigen3 include directory is part of orocos-kdl CMake target
[5.996s] -- Found tf2_eigen: 0.25.3 (/opt/ros/humble/share/tf2_eigen/cmake)
[6.011s] -- Found moveit_core: 2.5.4 (/home/kush/UR5_Project_New/install/moveit_core/share/moveit_core/cmake)
[6.047s] -- Found Boost: /usr/lib/x86_64-linux-gnu/cmake/Boost-1.74.0/BoostConfig.cmake (found version "1.74.0") found components: chrono date_time filesystem iostreams program_options regex serialization system thread 
[6.067s] -- Found parameter_traits: 0.3.3 (/opt/ros/humble/share/parameter_traits/cmake)
[6.111s] -- Found rclcpp_lifecycle: 16.0.5 (/opt/ros/humble/share/rclcpp_lifecycle/cmake)
[6.234s] -- Found Boost: /usr/lib/x86_64-linux-gnu/cmake/Boost-1.74.0/BoostConfig.cmake (found version "1.74.0") found components: filesystem 
[6.320s] -- library: /usr/lib/x86_64-linux-gnu/libcurl.so
[7.733s] -- Found moveit_ros_occupancy_map_monitor: 2.5.4 (/home/kush/UR5_Project_New/install/moveit_ros_occupancy_map_monitor/share/moveit_ros_occupancy_map_monitor/cmake)
[8.465s] -- Found Boost: /usr/lib/x86_64-linux-gnu/cmake/Boost-1.74.0/BoostConfig.cmake (found version "1.74.0") found components: system filesystem date_time program_options thread chrono 
[8.804s] -- Found ament_cmake_gtest: 1.3.5 (/opt/ros/humble/share/ament_cmake_gtest/cmake)
[8.808s] -- Found ament_cmake_gmock: 1.3.5 (/opt/ros/humble/share/ament_cmake_gmock/cmake)
[8.824s] -- Found gmock sources under '/opt/ros/humble/src/gmock_vendor': C++ tests using 'Google Mock' will be built
[8.830s] -- Found gtest sources under '/opt/ros/humble/src/gtest_vendor': C++ tests using 'Google Test' will be built
[9.025s] -- Found ament_lint_auto: 0.12.7 (/opt/ros/humble/share/ament_lint_auto/cmake)
[9.048s] -- Found launch_testing_ament_cmake: 1.0.4 (/opt/ros/humble/share/launch_testing_ament_cmake/cmake)
[9.050s] -- Found python_cmake_module: 0.10.0 (/opt/ros/humble/share/python_cmake_module/cmake)
[9.175s] -- Using PYTHON_EXECUTABLE: /usr/bin/python3
[9.176s] -- Using PYTHON_INCLUDE_DIRS: /usr/include/python3.10
[9.176s] -- Using PYTHON_LIBRARIES: /usr/lib/x86_64-linux-gnu/libpython3.10.so
[9.233s] -- Added test 'cppcheck' to perform static code analysis on C / C++ code
[9.236s] -- Configured cppcheck include dirs: /home/kush/UR5_Project_New/src/moveit2/moveit_ros/planning/rdf_loader/include;/home/kush/UR5_Project_New/src/moveit2/moveit_ros/planning/kinematics_plugin_loader/include;/home/kush/UR5_Project_New/src/moveit2/moveit_ros/planning/robot_model_loader/include;/home/kush/UR5_Project_New/src/moveit2/moveit_ros/planning/constraint_sampler_manager_loader/include;/home/kush/UR5_Project_New/src/moveit2/moveit_ros/planning/planning_pipeline/include;/home/kush/UR5_Project_New/src/moveit2/moveit_ros/planning/planning_scene_monitor/include;/home/kush/UR5_Project_New/src/moveit2/moveit_ros/planning/trajectory_execution_manager/include;/home/kush/UR5_Project_New/src/moveit2/moveit_ros/planning/plan_execution/include;/home/kush/UR5_Project_New/src/moveit2/moveit_ros/planning/collision_plugin_loader/include;/home/kush/UR5_Project_New/src/moveit2/moveit_ros/planning/moveit_cpp/include
[9.236s] -- Configured cppcheck exclude dirs and/or files: 
[9.244s] -- Added test 'lint_cmake' to check CMake code style
[9.249s] -- Added test 'pep257' to check Python code against some of the docstring style conventions in PEP 257
[9.253s] -- Added test 'xmllint' to check XML markup files
[9.275s] -- Configuring done
[11.225s] -- Generating done
[11.238s] -- Build files have been written to: /home/kush/UR5_Project_New/build/moveit_ros_planning
[11.383s] Invoked command in '/home/kush/UR5_Project_New/build/moveit_ros_planning' returned '0': AMENT_PREFIX_PATH=/home/kush/UR5_Project_New/install/moveit_ros_occupancy_map_monitor:/home/kush/UR5_Project_New/install/moveit_core:/home/kush/UR5_Project_New/install/moveit_resources_panda_moveit_config:/home/kush/UR5_Project_New/install/srdfdom:/home/kush/UR5_Project_New/install/moveit_resources_panda_description:/home/kush/UR5_Project_New/install/moveit_common:${AMENT_PREFIX_PATH} CMAKE_PREFIX_PATH=/home/kush/UR5_Project_New/install/moveit_ros_occupancy_map_monitor:/home/kush/UR5_Project_New/install/moveit_core:/home/kush/UR5_Project_New/install/moveit_resources_panda_moveit_config:/home/kush/UR5_Project_New/install/srdfdom:/home/kush/UR5_Project_New/install/moveit_resources_panda_description:/home/kush/UR5_Project_New/install/moveit_common:/opt/ros/humble LD_LIBRARY_PATH=/home/kush/UR5_Project_New/install/moveit_ros_occupancy_map_monitor/lib:/home/kush/UR5_Project_New/install/moveit_core/lib:/home/kush/UR5_Project_New/install/srdfdom/lib:${LD_LIBRARY_PATH} PATH=/home/kush/UR5_Project_New/install/moveit_core/bin:${PATH} PYTHONPATH=/home/kush/UR5_Project_New/install/srdfdom/local/lib/python3.10/dist-packages:${PYTHONPATH} /usr/bin/cmake /home/kush/UR5_Project_New/src/moveit2/moveit_ros/planning -DCMAKE_INSTALL_PREFIX=/home/kush/UR5_Project_New/install/moveit_ros_planning
[11.384s] Invoking command in '/home/kush/UR5_Project_New/build/moveit_ros_planning': AMENT_PREFIX_PATH=/home/kush/UR5_Project_New/install/moveit_ros_occupancy_map_monitor:/home/kush/UR5_Project_New/install/moveit_core:/home/kush/UR5_Project_New/install/moveit_resources_panda_moveit_config:/home/kush/UR5_Project_New/install/srdfdom:/home/kush/UR5_Project_New/install/moveit_resources_panda_description:/home/kush/UR5_Project_New/install/moveit_common:${AMENT_PREFIX_PATH} CMAKE_PREFIX_PATH=/home/kush/UR5_Project_New/install/moveit_ros_occupancy_map_monitor:/home/kush/UR5_Project_New/install/moveit_core:/home/kush/UR5_Project_New/install/moveit_resources_panda_moveit_config:/home/kush/UR5_Project_New/install/srdfdom:/home/kush/UR5_Project_New/install/moveit_resources_panda_description:/home/kush/UR5_Project_New/install/moveit_common:/opt/ros/humble LD_LIBRARY_PATH=/home/kush/UR5_Project_New/install/moveit_ros_occupancy_map_monitor/lib:/home/kush/UR5_Project_New/install/moveit_core/lib:/home/kush/UR5_Project_New/install/srdfdom/lib:${LD_LIBRARY_PATH} PATH=/home/kush/UR5_Project_New/install/moveit_core/bin:${PATH} PYTHONPATH=/home/kush/UR5_Project_New/install/srdfdom/local/lib/python3.10/dist-packages:${PYTHONPATH} /usr/bin/cmake --build /home/kush/UR5_Project_New/build/moveit_ros_planning -- -j4 -l4
[11.563s] [35m[1mConsolidate compiler generated dependencies of target moveit_rdf_loader[0m
[11.670s] [  4%] Built target moveit_rdf_loader
[11.765s] [35m[1mConsolidate compiler generated dependencies of target moveit_default_planning_request_adapter_plugins[0m
[12.148s] [ 22%] Built target moveit_default_planning_request_adapter_plugins
[12.210s] [35m[1mConsolidate compiler generated dependencies of target moveit_list_request_adapter_plugins[0m
[12.355s] [ 25%] Built target moveit_list_request_adapter_plugins
[12.376s] [35m[1mConsolidate compiler generated dependencies of target gmock_main[0m
[12.430s] [ 29%] Built target gmock_main
[12.474s] [35m[1mConsolidate compiler generated dependencies of target gmock[0m
[12.554s] [ 33%] Built target gmock
[12.606s] [35m[1mConsolidate compiler generated dependencies of target moveit_kinematics_plugin_loader[0m
[12.685s] [ 37%] Built target moveit_kinematics_plugin_loader
[12.775s] [35m[1mConsolidate compiler generated dependencies of target moveit_constraint_sampler_manager_loader[0m
[12.872s] [ 40%] Built target moveit_constraint_sampler_manager_loader
[12.951s] [35m[1mConsolidate compiler generated dependencies of target moveit_robot_model_loader[0m
[13.004s] [ 43%] Built target moveit_robot_model_loader
[13.078s] [35m[1mConsolidate compiler generated dependencies of target moveit_planning_pipeline[0m
[13.176s] [ 46%] Built target moveit_planning_pipeline
[13.223s] [35m[1mConsolidate compiler generated dependencies of target moveit_print_planning_model_info[0m
[13.369s] [ 50%] Built target moveit_print_planning_model_info
[13.450s] [35m[1mConsolidate compiler generated dependencies of target moveit_collision_plugin_loader[0m
[13.527s] [ 53%] Built target moveit_collision_plugin_loader
[13.610s] [35m[1mConsolidate compiler generated dependencies of target moveit_planning_scene_monitor[0m
[13.868s] [ 62%] Built target moveit_planning_scene_monitor
[13.897s] [35m[1mConsolidate compiler generated dependencies of target demo_scene[0m
[14.035s] [ 66%] Built target demo_scene
[14.076s] [35m[1mConsolidate compiler generated dependencies of target moveit_print_planning_scene_info[0m
[14.201s] [ 69%] Built target moveit_print_planning_scene_info
[14.307s] [35m[1mConsolidate compiler generated dependencies of target moveit_display_random_state[0m
[14.460s] [ 72%] Built target moveit_display_random_state
[14.506s] [35m[1mConsolidate compiler generated dependencies of target moveit_visualize_robot_collision_volume[0m
[14.670s] [ 75%] Built target moveit_visualize_robot_collision_volume
[14.721s] [35m[1mConsolidate compiler generated dependencies of target moveit_evaluate_collision_checking_speed[0m
[14.824s] [ 79%] Built target moveit_evaluate_collision_checking_speed
[14.864s] [35m[1mConsolidate compiler generated dependencies of target moveit_publish_scene_from_text[0m
[15.047s] [ 82%] Built target moveit_publish_scene_from_text
[15.099s] [35m[1mConsolidate compiler generated dependencies of target moveit_trajectory_execution_manager[0m
[15.217s] [ 85%] Built target moveit_trajectory_execution_manager
[15.275s] [35m[1mConsolidate compiler generated dependencies of target trajectory_monitor_tests[0m
[15.352s] [ 88%] Built target trajectory_monitor_tests
[15.436s] [35m[1mConsolidate compiler generated dependencies of target moveit_cpp[0m
[15.589s] [ 93%] Built target moveit_cpp
[15.618s] [35m[1mConsolidate compiler generated dependencies of target moveit_plan_execution[0m
[15.699s] [ 96%] Built target moveit_plan_execution
[15.728s] [35m[1mConsolidate compiler generated dependencies of target current_state_monitor_tests[0m
[15.801s] [100%] Built target current_state_monitor_tests
[15.839s] Invoked command in '/home/kush/UR5_Project_New/build/moveit_ros_planning' returned '0': AMENT_PREFIX_PATH=/home/kush/UR5_Project_New/install/moveit_ros_occupancy_map_monitor:/home/kush/UR5_Project_New/install/moveit_core:/home/kush/UR5_Project_New/install/moveit_resources_panda_moveit_config:/home/kush/UR5_Project_New/install/srdfdom:/home/kush/UR5_Project_New/install/moveit_resources_panda_description:/home/kush/UR5_Project_New/install/moveit_common:${AMENT_PREFIX_PATH} CMAKE_PREFIX_PATH=/home/kush/UR5_Project_New/install/moveit_ros_occupancy_map_monitor:/home/kush/UR5_Project_New/install/moveit_core:/home/kush/UR5_Project_New/install/moveit_resources_panda_moveit_config:/home/kush/UR5_Project_New/install/srdfdom:/home/kush/UR5_Project_New/install/moveit_resources_panda_description:/home/kush/UR5_Project_New/install/moveit_common:/opt/ros/humble LD_LIBRARY_PATH=/home/kush/UR5_Project_New/install/moveit_ros_occupancy_map_monitor/lib:/home/kush/UR5_Project_New/install/moveit_core/lib:/home/kush/UR5_Project_New/install/srdfdom/lib:${LD_LIBRARY_PATH} PATH=/home/kush/UR5_Project_New/install/moveit_core/bin:${PATH} PYTHONPATH=/home/kush/UR5_Project_New/install/srdfdom/local/lib/python3.10/dist-packages:${PYTHONPATH} /usr/bin/cmake --build /home/kush/UR5_Project_New/build/moveit_ros_planning -- -j4 -l4
[15.947s] Invoking command in '/home/kush/UR5_Project_New/build/moveit_ros_planning': AMENT_PREFIX_PATH=/home/kush/UR5_Project_New/install/moveit_ros_occupancy_map_monitor:/home/kush/UR5_Project_New/install/moveit_core:/home/kush/UR5_Project_New/install/moveit_resources_panda_moveit_config:/home/kush/UR5_Project_New/install/srdfdom:/home/kush/UR5_Project_New/install/moveit_resources_panda_description:/home/kush/UR5_Project_New/install/moveit_common:${AMENT_PREFIX_PATH} CMAKE_PREFIX_PATH=/home/kush/UR5_Project_New/install/moveit_ros_occupancy_map_monitor:/home/kush/UR5_Project_New/install/moveit_core:/home/kush/UR5_Project_New/install/moveit_resources_panda_moveit_config:/home/kush/UR5_Project_New/install/srdfdom:/home/kush/UR5_Project_New/install/moveit_resources_panda_description:/home/kush/UR5_Project_New/install/moveit_common:/opt/ros/humble LD_LIBRARY_PATH=/home/kush/UR5_Project_New/install/moveit_ros_occupancy_map_monitor/lib:/home/kush/UR5_Project_New/install/moveit_core/lib:/home/kush/UR5_Project_New/install/srdfdom/lib:${LD_LIBRARY_PATH} PATH=/home/kush/UR5_Project_New/install/moveit_core/bin:${PATH} PYTHONPATH=/home/kush/UR5_Project_New/install/srdfdom/local/lib/python3.10/dist-packages:${PYTHONPATH} /usr/bin/cmake --install /home/kush/UR5_Project_New/build/moveit_ros_planning
[15.967s] -- Install configuration: "Release"
[15.967s] -- Up-to-date: /home/kush/UR5_Project_New/install/moveit_ros_planning/include
[15.968s] -- Up-to-date: /home/kush/UR5_Project_New/install/moveit_ros_planning/include/moveit
[15.968s] -- Up-to-date: /home/kush/UR5_Project_New/install/moveit_ros_planning/include/moveit/rdf_loader
[15.969s] -- Up-to-date: /home/kush/UR5_Project_New/install/moveit_ros_planning/include/moveit/rdf_loader/synchronized_string_parameter.h
[15.969s] -- Up-to-date: /home/kush/UR5_Project_New/install/moveit_ros_planning/include/moveit/rdf_loader/rdf_loader.h
[15.969s] -- Up-to-date: /home/kush/UR5_Project_New/install/moveit_ros_planning/share/moveit_ros_planning/rdf_loader/test/data
[15.970s] -- Up-to-date: /home/kush/UR5_Project_New/install/moveit_ros_planning/share/moveit_ros_planning/rdf_loader/test/data/kermit.srdf
[15.971s] -- Up-to-date: /home/kush/UR5_Project_New/install/moveit_ros_planning/share/moveit_ros_planning/rdf_loader/test/data/gonzo.srdf
[15.971s] -- Up-to-date: /home/kush/UR5_Project_New/install/moveit_ros_planning/share/moveit_ros_planning/rdf_loader/test/data/kermit.urdf
[15.971s] -- Up-to-date: /home/kush/UR5_Project_New/install/moveit_ros_planning/share/moveit_ros_planning/rdf_loader/test/data/robin.srdf.xacro
[15.971s] -- Up-to-date: /home/kush/UR5_Project_New/install/moveit_ros_planning/share/moveit_ros_planning/rdf_loader/test/data/gonzo.urdf
[15.972s] -- Up-to-date: /home/kush/UR5_Project_New/install/moveit_ros_planning/share/moveit_ros_planning/rdf_loader/test/launch
[15.972s] -- Up-to-date: /home/kush/UR5_Project_New/install/moveit_ros_planning/share/moveit_ros_planning/rdf_loader/test/launch/test_rdf_integration.test.py
[15.972s] -- Up-to-date: /home/kush/UR5_Project_New/install/moveit_ros_planning/include
[15.973s] -- Up-to-date: /home/kush/UR5_Project_New/install/moveit_ros_planning/include/moveit
[15.973s] -- Up-to-date: /home/kush/UR5_Project_New/install/moveit_ros_planning/include/moveit/collision_plugin_loader
[15.973s] -- Up-to-date: /home/kush/UR5_Project_New/install/moveit_ros_planning/include/moveit/collision_plugin_loader/collision_plugin_loader.h
[15.974s] -- Up-to-date: /home/kush/UR5_Project_New/install/moveit_ros_planning/include
[15.974s] -- Up-to-date: /home/kush/UR5_Project_New/install/moveit_ros_planning/include/moveit
[15.975s] -- Up-to-date: /home/kush/UR5_Project_New/install/moveit_ros_planning/include/moveit/kinematics_plugin_loader
[15.975s] -- Up-to-date: /home/kush/UR5_Project_New/install/moveit_ros_planning/include/moveit/kinematics_plugin_loader/kinematics_plugin_loader.h
[15.976s] -- Up-to-date: /home/kush/UR5_Project_New/install/moveit_ros_planning/include
[15.976s] -- Up-to-date: /home/kush/UR5_Project_New/install/moveit_ros_planning/include/moveit
[15.976s] -- Up-to-date: /home/kush/UR5_Project_New/install/moveit_ros_planning/include/moveit/robot_model_loader
[15.977s] -- Up-to-date: /home/kush/UR5_Project_New/install/moveit_ros_planning/include/moveit/robot_model_loader/robot_model_loader.h
[15.977s] -- Up-to-date: /home/kush/UR5_Project_New/install/moveit_ros_planning/include
[15.978s] -- Up-to-date: /home/kush/UR5_Project_New/install/moveit_ros_planning/include/moveit
[15.979s] -- Up-to-date: /home/kush/UR5_Project_New/install/moveit_ros_planning/include/moveit/constraint_sampler_manager_loader
[15.979s] -- Up-to-date: /home/kush/UR5_Project_New/install/moveit_ros_planning/include/moveit/constraint_sampler_manager_loader/constraint_sampler_manager_loader.h
[15.980s] -- Up-to-date: /home/kush/UR5_Project_New/install/moveit_ros_planning/include
[15.980s] -- Up-to-date: /home/kush/UR5_Project_New/install/moveit_ros_planning/include/moveit
[15.980s] -- Up-to-date: /home/kush/UR5_Project_New/install/moveit_ros_planning/include/moveit/planning_pipeline
[15.981s] -- Up-to-date: /home/kush/UR5_Project_New/install/moveit_ros_planning/include/moveit/planning_pipeline/planning_pipeline.h
[15.981s] -- Up-to-date: /home/kush/UR5_Project_New/install/moveit_ros_planning/include/moveit_planning_pipeline_export.h
[16.002s] -- Up-to-date: /home/kush/UR5_Project_New/install/moveit_ros_planning/lib/moveit_ros_planning/moveit_list_request_adapter_plugins
[16.022s] -- Up-to-date: /home/kush/UR5_Project_New/install/moveit_ros_planning/lib/moveit_ros_planning/demo_scene
[16.023s] -- Up-to-date: /home/kush/UR5_Project_New/install/moveit_ros_planning/include
[16.023s] -- Up-to-date: /home/kush/UR5_Project_New/install/moveit_ros_planning/include/moveit
[16.024s] -- Up-to-date: /home/kush/UR5_Project_New/install/moveit_ros_planning/include/moveit/planning_scene_monitor
[16.024s] -- Up-to-date: /home/kush/UR5_Project_New/install/moveit_ros_planning/include/moveit/planning_scene_monitor/trajectory_monitor_middleware_handle.hpp
[16.024s] -- Up-to-date: /home/kush/UR5_Project_New/install/moveit_ros_planning/include/moveit/planning_scene_monitor/current_state_monitor_middleware_handle.hpp
[16.024s] -- Up-to-date: /home/kush/UR5_Project_New/install/moveit_ros_planning/include/moveit/planning_scene_monitor/trajectory_monitor.h
[16.024s] -- Up-to-date: /home/kush/UR5_Project_New/install/moveit_ros_planning/include/moveit/planning_scene_monitor/current_state_monitor.h
[16.026s] -- Up-to-date: /home/kush/UR5_Project_New/install/moveit_ros_planning/include/moveit/planning_scene_monitor/planning_scene_monitor.h
[16.026s] -- Up-to-date: /home/kush/UR5_Project_New/install/moveit_ros_planning/include/moveit_planning_scene_monitor_export.h
[16.039s] -- Up-to-date: /home/kush/UR5_Project_New/install/moveit_ros_planning/lib/moveit_ros_planning/moveit_print_planning_model_info
[16.041s] -- Up-to-date: /home/kush/UR5_Project_New/install/moveit_ros_planning/lib/moveit_ros_planning/moveit_print_planning_scene_info
[16.060s] -- Up-to-date: /home/kush/UR5_Project_New/install/moveit_ros_planning/lib/moveit_ros_planning/moveit_display_random_state
[16.083s] -- Up-to-date: /home/kush/UR5_Project_New/install/moveit_ros_planning/lib/moveit_ros_planning/moveit_visualize_robot_collision_volume
[16.093s] -- Up-to-date: /home/kush/UR5_Project_New/install/moveit_ros_planning/lib/moveit_ros_planning/moveit_evaluate_collision_checking_speed
[16.106s] -- Up-to-date: /home/kush/UR5_Project_New/install/moveit_ros_planning/lib/moveit_ros_planning/moveit_publish_scene_from_text
[16.108s] -- Up-to-date: /home/kush/UR5_Project_New/install/moveit_ros_planning/include
[16.109s] -- Up-to-date: /home/kush/UR5_Project_New/install/moveit_ros_planning/include/moveit
[16.109s] -- Up-to-date: /home/kush/UR5_Project_New/install/moveit_ros_planning/include/moveit/trajectory_execution_manager
[16.110s] -- Up-to-date: /home/kush/UR5_Project_New/install/moveit_ros_planning/include/moveit/trajectory_execution_manager/trajectory_execution_manager.h
[16.110s] -- Up-to-date: /home/kush/UR5_Project_New/install/moveit_ros_planning/include/moveit_trajectory_execution_manager_export.h
[16.110s] -- Up-to-date: /home/kush/UR5_Project_New/install/moveit_ros_planning/include
[16.110s] -- Up-to-date: /home/kush/UR5_Project_New/install/moveit_ros_planning/include/moveit
[16.111s] -- Up-to-date: /home/kush/UR5_Project_New/install/moveit_ros_planning/include/moveit/plan_execution
[16.118s] -- Up-to-date: /home/kush/UR5_Project_New/install/moveit_ros_planning/include/moveit/plan_execution/plan_representation.h
[16.118s] -- Up-to-date: /home/kush/UR5_Project_New/install/moveit_ros_planning/include/moveit/plan_execution/plan_execution.h
[16.118s] -- Up-to-date: /home/kush/UR5_Project_New/install/moveit_ros_planning/include
[16.119s] -- Up-to-date: /home/kush/UR5_Project_New/install/moveit_ros_planning/include/moveit
[16.119s] -- Up-to-date: /home/kush/UR5_Project_New/install/moveit_ros_planning/include/moveit/moveit_cpp
[16.119s] -- Up-to-date: /home/kush/UR5_Project_New/install/moveit_ros_planning/include/moveit/moveit_cpp/planning_component.h
[16.119s] -- Up-to-date: /home/kush/UR5_Project_New/install/moveit_ros_planning/include/moveit/moveit_cpp/moveit_cpp.h
[16.144s] -- Up-to-date: /home/kush/UR5_Project_New/install/moveit_ros_planning/lib/libmoveit_rdf_loader.so.2.5.4
[16.145s] -- Up-to-date: /home/kush/UR5_Project_New/install/moveit_ros_planning/lib/libmoveit_rdf_loader.so
[16.172s] -- Up-to-date: /home/kush/UR5_Project_New/install/moveit_ros_planning/lib/libmoveit_kinematics_plugin_loader.so.2.5.4
[16.174s] -- Up-to-date: /home/kush/UR5_Project_New/install/moveit_ros_planning/lib/libmoveit_kinematics_plugin_loader.so
[16.176s] -- Up-to-date: /home/kush/UR5_Project_New/install/moveit_ros_planning/lib/libmoveit_robot_model_loader.so.2.5.4
[16.178s] -- Up-to-date: /home/kush/UR5_Project_New/install/moveit_ros_planning/lib/libmoveit_robot_model_loader.so
[16.200s] -- Up-to-date: /home/kush/UR5_Project_New/install/moveit_ros_planning/lib/libmoveit_constraint_sampler_manager_loader.so.2.5.4
[16.200s] -- Up-to-date: /home/kush/UR5_Project_New/install/moveit_ros_planning/lib/libmoveit_constraint_sampler_manager_loader.so
[16.216s] -- Up-to-date: /home/kush/UR5_Project_New/install/moveit_ros_planning/lib/libmoveit_planning_pipeline.so.2.5.4
[16.216s] -- Up-to-date: /home/kush/UR5_Project_New/install/moveit_ros_planning/lib/libmoveit_planning_pipeline.so
[16.237s] -- Up-to-date: /home/kush/UR5_Project_New/install/moveit_ros_planning/lib/libmoveit_trajectory_execution_manager.so.2.5.4
[16.237s] -- Up-to-date: /home/kush/UR5_Project_New/install/moveit_ros_planning/lib/libmoveit_trajectory_execution_manager.so
[16.240s] -- Up-to-date: /home/kush/UR5_Project_New/install/moveit_ros_planning/lib/libmoveit_plan_execution.so.2.5.4
[16.241s] -- Up-to-date: /home/kush/UR5_Project_New/install/moveit_ros_planning/lib/libmoveit_plan_execution.so
[16.270s] -- Up-to-date: /home/kush/UR5_Project_New/install/moveit_ros_planning/lib/libmoveit_planning_scene_monitor.so.2.5.4
[16.270s] -- Up-to-date: /home/kush/UR5_Project_New/install/moveit_ros_planning/lib/libmoveit_planning_scene_monitor.so
[16.272s] -- Up-to-date: /home/kush/UR5_Project_New/install/moveit_ros_planning/lib/libmoveit_collision_plugin_loader.so.2.5.4
[16.273s] -- Up-to-date: /home/kush/UR5_Project_New/install/moveit_ros_planning/lib/libmoveit_collision_plugin_loader.so
[16.291s] -- Up-to-date: /home/kush/UR5_Project_New/install/moveit_ros_planning/lib/libmoveit_default_planning_request_adapter_plugins.so.2.5.4
[16.292s] -- Up-to-date: /home/kush/UR5_Project_New/install/moveit_ros_planning/lib/libmoveit_default_planning_request_adapter_plugins.so
[16.312s] -- Up-to-date: /home/kush/UR5_Project_New/install/moveit_ros_planning/lib/libmoveit_cpp.so.2.5.4
[16.313s] -- Up-to-date: /home/kush/UR5_Project_New/install/moveit_ros_planning/lib/libmoveit_cpp.so
[16.314s] -- Up-to-date: /home/kush/UR5_Project_New/install/moveit_ros_planning/share/moveit_ros_planning/environment/library_path.sh
[16.315s] -- Installing: /home/kush/UR5_Project_New/install/moveit_ros_planning/share/moveit_ros_planning/environment/library_path.dsv
[16.316s] -- Up-to-date: /home/kush/UR5_Project_New/install/moveit_ros_planning/share/moveit_ros_planning/planning_request_adapters_plugin_description.xml
[16.316s] -- Up-to-date: /home/kush/UR5_Project_New/install/moveit_ros_planning/share/ament_index/resource_index/package_run_dependencies/moveit_ros_planning
[16.316s] -- Installing: /home/kush/UR5_Project_New/install/moveit_ros_planning/share/ament_index/resource_index/parent_prefix_path/moveit_ros_planning
[16.325s] -- Up-to-date: /home/kush/UR5_Project_New/install/moveit_ros_planning/share/moveit_ros_planning/environment/ament_prefix_path.sh
[16.326s] -- Installing: /home/kush/UR5_Project_New/install/moveit_ros_planning/share/moveit_ros_planning/environment/ament_prefix_path.dsv
[16.326s] -- Up-to-date: /home/kush/UR5_Project_New/install/moveit_ros_planning/share/moveit_ros_planning/environment/path.sh
[16.326s] -- Installing: /home/kush/UR5_Project_New/install/moveit_ros_planning/share/moveit_ros_planning/environment/path.dsv
[16.326s] -- Up-to-date: /home/kush/UR5_Project_New/install/moveit_ros_planning/share/moveit_ros_planning/local_setup.bash
[16.327s] -- Up-to-date: /home/kush/UR5_Project_New/install/moveit_ros_planning/share/moveit_ros_planning/local_setup.sh
[16.327s] -- Up-to-date: /home/kush/UR5_Project_New/install/moveit_ros_planning/share/moveit_ros_planning/local_setup.zsh
[16.328s] -- Installing: /home/kush/UR5_Project_New/install/moveit_ros_planning/share/moveit_ros_planning/local_setup.dsv
[16.328s] -- Installing: /home/kush/UR5_Project_New/install/moveit_ros_planning/share/moveit_ros_planning/package.dsv
[16.328s] -- Up-to-date: /home/kush/UR5_Project_New/install/moveit_ros_planning/share/ament_index/resource_index/packages/moveit_ros_planning
[16.328s] -- Up-to-date: /home/kush/UR5_Project_New/install/moveit_ros_planning/share/ament_index/resource_index/moveit_core__pluginlib__plugin/moveit_ros_planning
[16.345s] -- Up-to-date: /home/kush/UR5_Project_New/install/moveit_ros_planning/share/moveit_ros_planning/cmake/export_moveit_ros_planningExport.cmake
[16.346s] -- Up-to-date: /home/kush/UR5_Project_New/install/moveit_ros_planning/share/moveit_ros_planning/cmake/export_moveit_ros_planningExport-release.cmake
[16.346s] -- Up-to-date: /home/kush/UR5_Project_New/install/moveit_ros_planning/share/moveit_ros_planning/cmake/ConfigExtras.cmake
[16.346s] -- Up-to-date: /home/kush/UR5_Project_New/install/moveit_ros_planning/share/moveit_ros_planning/cmake/ament_cmake_export_targets-extras.cmake
[16.346s] -- Up-to-date: /home/kush/UR5_Project_New/install/moveit_ros_planning/share/moveit_ros_planning/cmake/ament_cmake_export_dependencies-extras.cmake
[16.349s] -- Up-to-date: /home/kush/UR5_Project_New/install/moveit_ros_planning/share/moveit_ros_planning/cmake/moveit_ros_planningConfig.cmake
[16.349s] -- Up-to-date: /home/kush/UR5_Project_New/install/moveit_ros_planning/share/moveit_ros_planning/cmake/moveit_ros_planningConfig-version.cmake
[16.349s] -- Up-to-date: /home/kush/UR5_Project_New/install/moveit_ros_planning/share/moveit_ros_planning/package.xml
[16.354s] Invoked command in '/home/kush/UR5_Project_New/build/moveit_ros_planning' returned '0': AMENT_PREFIX_PATH=/home/kush/UR5_Project_New/install/moveit_ros_occupancy_map_monitor:/home/kush/UR5_Project_New/install/moveit_core:/home/kush/UR5_Project_New/install/moveit_resources_panda_moveit_config:/home/kush/UR5_Project_New/install/srdfdom:/home/kush/UR5_Project_New/install/moveit_resources_panda_description:/home/kush/UR5_Project_New/install/moveit_common:${AMENT_PREFIX_PATH} CMAKE_PREFIX_PATH=/home/kush/UR5_Project_New/install/moveit_ros_occupancy_map_monitor:/home/kush/UR5_Project_New/install/moveit_core:/home/kush/UR5_Project_New/install/moveit_resources_panda_moveit_config:/home/kush/UR5_Project_New/install/srdfdom:/home/kush/UR5_Project_New/install/moveit_resources_panda_description:/home/kush/UR5_Project_New/install/moveit_common:/opt/ros/humble LD_LIBRARY_PATH=/home/kush/UR5_Project_New/install/moveit_ros_occupancy_map_monitor/lib:/home/kush/UR5_Project_New/install/moveit_core/lib:/home/kush/UR5_Project_New/install/srdfdom/lib:${LD_LIBRARY_PATH} PATH=/home/kush/UR5_Project_New/install/moveit_core/bin:${PATH} PYTHONPATH=/home/kush/UR5_Project_New/install/srdfdom/local/lib/python3.10/dist-packages:${PYTHONPATH} /usr/bin/cmake --install /home/kush/UR5_Project_New/build/moveit_ros_planning
