[0.276s] Invoking command in '/home/kush/UR5_Project_New/build/moveit_ros_perception': AMENT_PREFIX_PATH=/home/kush/UR5_Project_New/install/moveit_ros_planning:/home/kush/UR5_Project_New/install/moveit_ros_occupancy_map_monitor:/home/kush/UR5_Project_New/install/moveit_core:/home/kush/UR5_Project_New/install/srdfdom:/home/kush/UR5_Project_New/install/moveit_common:${AMENT_PREFIX_PATH} CMAKE_PREFIX_PATH=/home/kush/UR5_Project_New/install/moveit_ros_planning:/home/kush/UR5_Project_New/install/moveit_ros_occupancy_map_monitor:/home/kush/UR5_Project_New/install/moveit_core:/home/kush/UR5_Project_New/install/srdfdom:/home/kush/UR5_Project_New/install/moveit_common:/opt/ros/humble LD_LIBRARY_PATH=/home/kush/UR5_Project_New/install/moveit_ros_planning/lib:/home/kush/UR5_Project_New/install/moveit_ros_occupancy_map_monitor/lib:/home/kush/UR5_Project_New/install/moveit_core/lib:/home/kush/UR5_Project_New/install/srdfdom/lib:${LD_LIBRARY_PATH} PATH=/home/kush/UR5_Project_New/install/moveit_core/bin:${PATH} PYTHONPATH=/home/kush/UR5_Project_New/install/srdfdom/local/lib/python3.10/dist-packages:${PYTHONPATH} /usr/bin/cmake --build /home/kush/UR5_Project_New/build/moveit_ros_perception -- -j4 -l4
[0.498s] [ 10%] Built target moveit_lazy_free_space_updater
[0.652s] [ 20%] Built target moveit_semantic_world
[0.836s] [ 50%] Built target moveit_mesh_filter
[1.029s] [ 60%] Built target moveit_point_containment_filter
[1.217s] [ 70%] Built target moveit_depth_image_octomap_updater_core
[1.315s] [ 80%] Built target moveit_pointcloud_octomap_updater_core
[1.453s] [ 90%] Built target moveit_depth_image_octomap_updater
[1.588s] [100%] Built target moveit_pointcloud_octomap_updater
[1.673s] Invoked command in '/home/kush/UR5_Project_New/build/moveit_ros_perception' returned '0': AMENT_PREFIX_PATH=/home/kush/UR5_Project_New/install/moveit_ros_planning:/home/kush/UR5_Project_New/install/moveit_ros_occupancy_map_monitor:/home/kush/UR5_Project_New/install/moveit_core:/home/kush/UR5_Project_New/install/srdfdom:/home/kush/UR5_Project_New/install/moveit_common:${AMENT_PREFIX_PATH} CMAKE_PREFIX_PATH=/home/kush/UR5_Project_New/install/moveit_ros_planning:/home/kush/UR5_Project_New/install/moveit_ros_occupancy_map_monitor:/home/kush/UR5_Project_New/install/moveit_core:/home/kush/UR5_Project_New/install/srdfdom:/home/kush/UR5_Project_New/install/moveit_common:/opt/ros/humble LD_LIBRARY_PATH=/home/kush/UR5_Project_New/install/moveit_ros_planning/lib:/home/kush/UR5_Project_New/install/moveit_ros_occupancy_map_monitor/lib:/home/kush/UR5_Project_New/install/moveit_core/lib:/home/kush/UR5_Project_New/install/srdfdom/lib:${LD_LIBRARY_PATH} PATH=/home/kush/UR5_Project_New/install/moveit_core/bin:${PATH} PYTHONPATH=/home/kush/UR5_Project_New/install/srdfdom/local/lib/python3.10/dist-packages:${PYTHONPATH} /usr/bin/cmake --build /home/kush/UR5_Project_New/build/moveit_ros_perception -- -j4 -l4
[2.020s] Invoking command in '/home/kush/UR5_Project_New/build/moveit_ros_perception': AMENT_PREFIX_PATH=/home/kush/UR5_Project_New/install/moveit_ros_planning:/home/kush/UR5_Project_New/install/moveit_ros_occupancy_map_monitor:/home/kush/UR5_Project_New/install/moveit_core:/home/kush/UR5_Project_New/install/srdfdom:/home/kush/UR5_Project_New/install/moveit_common:${AMENT_PREFIX_PATH} CMAKE_PREFIX_PATH=/home/kush/UR5_Project_New/install/moveit_ros_planning:/home/kush/UR5_Project_New/install/moveit_ros_occupancy_map_monitor:/home/kush/UR5_Project_New/install/moveit_core:/home/kush/UR5_Project_New/install/srdfdom:/home/kush/UR5_Project_New/install/moveit_common:/opt/ros/humble LD_LIBRARY_PATH=/home/kush/UR5_Project_New/install/moveit_ros_planning/lib:/home/kush/UR5_Project_New/install/moveit_ros_occupancy_map_monitor/lib:/home/kush/UR5_Project_New/install/moveit_core/lib:/home/kush/UR5_Project_New/install/srdfdom/lib:${LD_LIBRARY_PATH} PATH=/home/kush/UR5_Project_New/install/moveit_core/bin:${PATH} PYTHONPATH=/home/kush/UR5_Project_New/install/srdfdom/local/lib/python3.10/dist-packages:${PYTHONPATH} /usr/bin/cmake --install /home/kush/UR5_Project_New/build/moveit_ros_perception
[2.088s] -- Install configuration: "Release"
[2.089s] -- Up-to-date: /home/kush/UR5_Project_New/install/moveit_ros_perception/include
[2.089s] -- Up-to-date: /home/kush/UR5_Project_New/install/moveit_ros_perception/include/moveit
[2.089s] -- Up-to-date: /home/kush/UR5_Project_New/install/moveit_ros_perception/include/moveit/lazy_free_space_updater
[2.089s] -- Up-to-date: /home/kush/UR5_Project_New/install/moveit_ros_perception/include/moveit/lazy_free_space_updater/lazy_free_space_updater.h
[2.090s] -- Up-to-date: /home/kush/UR5_Project_New/install/moveit_ros_perception/include
[2.090s] -- Up-to-date: /home/kush/UR5_Project_New/install/moveit_ros_perception/include/moveit
[2.090s] -- Up-to-date: /home/kush/UR5_Project_New/install/moveit_ros_perception/include/moveit/point_containment_filter
[2.090s] -- Up-to-date: /home/kush/UR5_Project_New/install/moveit_ros_perception/include/moveit/point_containment_filter/shape_mask.h
[2.092s] -- Up-to-date: /home/kush/UR5_Project_New/install/moveit_ros_perception/include
[2.093s] -- Up-to-date: /home/kush/UR5_Project_New/install/moveit_ros_perception/include/moveit
[2.093s] -- Up-to-date: /home/kush/UR5_Project_New/install/moveit_ros_perception/include/moveit/pointcloud_octomap_updater
[2.093s] -- Up-to-date: /home/kush/UR5_Project_New/install/moveit_ros_perception/include/moveit/pointcloud_octomap_updater/pointcloud_octomap_updater.h
[2.094s] -- Up-to-date: /home/kush/UR5_Project_New/install/moveit_ros_perception/include
[2.094s] -- Up-to-date: /home/kush/UR5_Project_New/install/moveit_ros_perception/include/moveit
[2.094s] -- Up-to-date: /home/kush/UR5_Project_New/install/moveit_ros_perception/include/moveit/mesh_filter
[2.095s] -- Up-to-date: /home/kush/UR5_Project_New/install/moveit_ros_perception/include/moveit/mesh_filter/mesh_filter_base.h
[2.095s] -- Up-to-date: /home/kush/UR5_Project_New/install/moveit_ros_perception/include/moveit/mesh_filter/gl_renderer.h
[2.095s] -- Up-to-date: /home/kush/UR5_Project_New/install/moveit_ros_perception/include/moveit/mesh_filter/stereo_camera_model.h
[2.095s] -- Up-to-date: /home/kush/UR5_Project_New/install/moveit_ros_perception/include/moveit/mesh_filter/depth_self_filter_nodelet.h
[2.096s] -- Up-to-date: /home/kush/UR5_Project_New/install/moveit_ros_perception/include/moveit/mesh_filter/transform_provider.h
[2.096s] -- Up-to-date: /home/kush/UR5_Project_New/install/moveit_ros_perception/include/moveit/mesh_filter/sensor_model.h
[2.096s] -- Up-to-date: /home/kush/UR5_Project_New/install/moveit_ros_perception/include/moveit/mesh_filter/gl_mesh.h
[2.096s] -- Up-to-date: /home/kush/UR5_Project_New/install/moveit_ros_perception/include/moveit/mesh_filter/filter_job.h
[2.097s] -- Up-to-date: /home/kush/UR5_Project_New/install/moveit_ros_perception/include/moveit/mesh_filter/mesh_filter.h
[2.097s] -- Up-to-date: /home/kush/UR5_Project_New/install/moveit_ros_perception/include/moveit_mesh_filter_export.h
[2.097s] -- Up-to-date: /home/kush/UR5_Project_New/install/moveit_ros_perception/include
[2.098s] -- Up-to-date: /home/kush/UR5_Project_New/install/moveit_ros_perception/include/moveit
[2.098s] -- Up-to-date: /home/kush/UR5_Project_New/install/moveit_ros_perception/include/moveit/depth_image_octomap_updater
[2.098s] -- Up-to-date: /home/kush/UR5_Project_New/install/moveit_ros_perception/include/moveit/depth_image_octomap_updater/depth_image_octomap_updater.h
[2.099s] -- Up-to-date: /home/kush/UR5_Project_New/install/moveit_ros_perception/include
[2.100s] -- Up-to-date: /home/kush/UR5_Project_New/install/moveit_ros_perception/include/moveit
[2.100s] -- Up-to-date: /home/kush/UR5_Project_New/install/moveit_ros_perception/include/moveit/semantic_world
[2.100s] -- Up-to-date: /home/kush/UR5_Project_New/install/moveit_ros_perception/include/moveit/semantic_world/semantic_world.h
[2.104s] -- Up-to-date: /home/kush/UR5_Project_New/install/moveit_ros_perception/lib/libmoveit_depth_image_octomap_updater.so.2.5.4
[2.105s] -- Up-to-date: /home/kush/UR5_Project_New/install/moveit_ros_perception/lib/libmoveit_depth_image_octomap_updater.so
[2.107s] -- Up-to-date: /home/kush/UR5_Project_New/install/moveit_ros_perception/lib/libmoveit_depth_image_octomap_updater_core.so.2.5.4
[2.109s] -- Up-to-date: /home/kush/UR5_Project_New/install/moveit_ros_perception/lib/libmoveit_depth_image_octomap_updater_core.so
[2.111s] -- Up-to-date: /home/kush/UR5_Project_New/install/moveit_ros_perception/lib/libmoveit_lazy_free_space_updater.so.2.5.4
[2.112s] -- Up-to-date: /home/kush/UR5_Project_New/install/moveit_ros_perception/lib/libmoveit_lazy_free_space_updater.so
[2.121s] -- Up-to-date: /home/kush/UR5_Project_New/install/moveit_ros_perception/lib/libmoveit_mesh_filter.so.2.5.4
[2.122s] -- Up-to-date: /home/kush/UR5_Project_New/install/moveit_ros_perception/lib/libmoveit_mesh_filter.so
[2.123s] -- Up-to-date: /home/kush/UR5_Project_New/install/moveit_ros_perception/lib/libmoveit_point_containment_filter.so.2.5.4
[2.123s] -- Up-to-date: /home/kush/UR5_Project_New/install/moveit_ros_perception/lib/libmoveit_point_containment_filter.so
[2.125s] -- Up-to-date: /home/kush/UR5_Project_New/install/moveit_ros_perception/lib/libmoveit_pointcloud_octomap_updater.so.2.5.4
[2.126s] -- Up-to-date: /home/kush/UR5_Project_New/install/moveit_ros_perception/lib/libmoveit_pointcloud_octomap_updater.so
[2.128s] -- Up-to-date: /home/kush/UR5_Project_New/install/moveit_ros_perception/lib/libmoveit_pointcloud_octomap_updater_core.so.2.5.4
[2.129s] -- Up-to-date: /home/kush/UR5_Project_New/install/moveit_ros_perception/lib/libmoveit_pointcloud_octomap_updater_core.so
[2.130s] -- Up-to-date: /home/kush/UR5_Project_New/install/moveit_ros_perception/lib/libmoveit_semantic_world.so.2.5.4
[2.131s] -- Up-to-date: /home/kush/UR5_Project_New/install/moveit_ros_perception/lib/libmoveit_semantic_world.so
[2.133s] -- Up-to-date: /home/kush/UR5_Project_New/install/moveit_ros_perception/share/moveit_ros_perception/environment/library_path.sh
[2.134s] -- Up-to-date: /home/kush/UR5_Project_New/install/moveit_ros_perception/share/moveit_ros_perception/environment/library_path.dsv
[2.134s] -- Up-to-date: /home/kush/UR5_Project_New/install/moveit_ros_perception/share/moveit_ros_perception/pointcloud_octomap_updater_plugin_description.xml
[2.140s] -- Up-to-date: /home/kush/UR5_Project_New/install/moveit_ros_perception/share/moveit_ros_perception/depth_image_octomap_updater_plugin_description.xml
[2.141s] -- Up-to-date: /home/kush/UR5_Project_New/install/moveit_ros_perception/share/ament_index/resource_index/package_run_dependencies/moveit_ros_perception
[2.141s] -- Up-to-date: /home/kush/UR5_Project_New/install/moveit_ros_perception/share/ament_index/resource_index/parent_prefix_path/moveit_ros_perception
[2.142s] -- Up-to-date: /home/kush/UR5_Project_New/install/moveit_ros_perception/share/moveit_ros_perception/environment/ament_prefix_path.sh
[2.142s] -- Up-to-date: /home/kush/UR5_Project_New/install/moveit_ros_perception/share/moveit_ros_perception/environment/ament_prefix_path.dsv
[2.143s] -- Up-to-date: /home/kush/UR5_Project_New/install/moveit_ros_perception/share/moveit_ros_perception/environment/path.sh
[2.143s] -- Up-to-date: /home/kush/UR5_Project_New/install/moveit_ros_perception/share/moveit_ros_perception/environment/path.dsv
[2.143s] -- Up-to-date: /home/kush/UR5_Project_New/install/moveit_ros_perception/share/moveit_ros_perception/local_setup.bash
[2.144s] -- Up-to-date: /home/kush/UR5_Project_New/install/moveit_ros_perception/share/moveit_ros_perception/local_setup.sh
[2.144s] -- Up-to-date: /home/kush/UR5_Project_New/install/moveit_ros_perception/share/moveit_ros_perception/local_setup.zsh
[2.145s] -- Up-to-date: /home/kush/UR5_Project_New/install/moveit_ros_perception/share/moveit_ros_perception/local_setup.dsv
[2.145s] -- Installing: /home/kush/UR5_Project_New/install/moveit_ros_perception/share/moveit_ros_perception/package.dsv
[2.146s] -- Up-to-date: /home/kush/UR5_Project_New/install/moveit_ros_perception/share/ament_index/resource_index/packages/moveit_ros_perception
[2.147s] -- Up-to-date: /home/kush/UR5_Project_New/install/moveit_ros_perception/share/ament_index/resource_index/moveit_ros_occupancy_map_monitor__pluginlib__plugin/moveit_ros_perception
[2.153s] -- Up-to-date: /home/kush/UR5_Project_New/install/moveit_ros_perception/share/moveit_ros_perception/cmake/export_moveit_ros_perceptionExport.cmake
[2.154s] -- Up-to-date: /home/kush/UR5_Project_New/install/moveit_ros_perception/share/moveit_ros_perception/cmake/export_moveit_ros_perceptionExport-release.cmake
[2.154s] -- Up-to-date: /home/kush/UR5_Project_New/install/moveit_ros_perception/share/moveit_ros_perception/cmake/ConfigExtras.cmake
[2.155s] -- Up-to-date: /home/kush/UR5_Project_New/install/moveit_ros_perception/share/moveit_ros_perception/cmake/ament_cmake_export_targets-extras.cmake
[2.157s] -- Up-to-date: /home/kush/UR5_Project_New/install/moveit_ros_perception/share/moveit_ros_perception/cmake/ament_cmake_export_dependencies-extras.cmake
[2.157s] -- Up-to-date: /home/kush/UR5_Project_New/install/moveit_ros_perception/share/moveit_ros_perception/cmake/moveit_ros_perceptionConfig.cmake
[2.158s] -- Up-to-date: /home/kush/UR5_Project_New/install/moveit_ros_perception/share/moveit_ros_perception/cmake/moveit_ros_perceptionConfig-version.cmake
[2.158s] -- Up-to-date: /home/kush/UR5_Project_New/install/moveit_ros_perception/share/moveit_ros_perception/package.xml
[2.169s] Invoked command in '/home/kush/UR5_Project_New/build/moveit_ros_perception' returned '0': AMENT_PREFIX_PATH=/home/kush/UR5_Project_New/install/moveit_ros_planning:/home/kush/UR5_Project_New/install/moveit_ros_occupancy_map_monitor:/home/kush/UR5_Project_New/install/moveit_core:/home/kush/UR5_Project_New/install/srdfdom:/home/kush/UR5_Project_New/install/moveit_common:${AMENT_PREFIX_PATH} CMAKE_PREFIX_PATH=/home/kush/UR5_Project_New/install/moveit_ros_planning:/home/kush/UR5_Project_New/install/moveit_ros_occupancy_map_monitor:/home/kush/UR5_Project_New/install/moveit_core:/home/kush/UR5_Project_New/install/srdfdom:/home/kush/UR5_Project_New/install/moveit_common:/opt/ros/humble LD_LIBRARY_PATH=/home/kush/UR5_Project_New/install/moveit_ros_planning/lib:/home/kush/UR5_Project_New/install/moveit_ros_occupancy_map_monitor/lib:/home/kush/UR5_Project_New/install/moveit_core/lib:/home/kush/UR5_Project_New/install/srdfdom/lib:${LD_LIBRARY_PATH} PATH=/home/kush/UR5_Project_New/install/moveit_core/bin:${PATH} PYTHONPATH=/home/kush/UR5_Project_New/install/srdfdom/local/lib/python3.10/dist-packages:${PYTHONPATH} /usr/bin/cmake --install /home/kush/UR5_Project_New/build/moveit_ros_perception
