[0.572s] Invoking command in '/home/kush/UR5_Project_New/build/moveit_core': AMENT_PREFIX_PATH=/home/kush/UR5_Project_New/install/moveit_resources_panda_moveit_config:/home/kush/UR5_Project_New/install/srdfdom:/home/kush/UR5_Project_New/install/moveit_resources_pr2_description:/home/kush/UR5_Project_New/install/moveit_resources_panda_description:/home/kush/UR5_Project_New/install/moveit_common:${AMENT_PREFIX_PATH} CMAKE_PREFIX_PATH=/home/kush/UR5_Project_New/install/moveit_resources_panda_moveit_config:/home/kush/UR5_Project_New/install/srdfdom:/home/kush/UR5_Project_New/install/moveit_resources_pr2_description:/home/kush/UR5_Project_New/install/moveit_resources_panda_description:/home/kush/UR5_Project_New/install/moveit_common:/opt/ros/humble LD_LIBRARY_PATH=/home/kush/UR5_Project_New/install/srdfdom/lib:${LD_LIBRARY_PATH} PYTHONPATH=/home/kush/UR5_Project_New/install/srdfdom/local/lib/python3.10/dist-packages:${PYTHONPATH} /usr/bin/cmake --build /home/kush/UR5_Project_New/build/moveit_core -- -j4 -l4
[1.848s] [  1%] Built target moveit_transforms
[3.495s] [  3%] Built target moveit_distance_field
[4.271s] [  5%] Built target moveit_utils
[4.520s] [  6%] Built target gtest
[4.731s] [  7%] Built target gtest_main
[5.021s] [  9%] Built target gmock
[5.271s] [ 10%] Built target gmock_main
[5.568s] [ 11%] Built target test_voxel_grid
[5.759s] [ 12%] Built target test_distance_field
[5.967s] [ 13%] Built target moveit_smoothing_base
[6.104s] [ 14%] Built target moveit_butterworth_parameters
[6.225s] [ 15%] Built target test_transforms
[7.279s] [ 17%] Built target moveit_version
[7.479s] [ 18%] Built target moveit_kinematics_base
[7.636s] [ 19%] Built target moveit_exceptions
[7.944s] [ 26%] Built target moveit_robot_model
[8.084s] [ 29%] Built target moveit_robot_state
[8.303s] [ 30%] Built target moveit_butterworth_filter
[8.452s] [ 31%] Built target moveit_robot_trajectory
[8.626s] [ 33%] Built target moveit_dynamics_solver
[8.687s] [ 34%] Built target moveit_kinematics_metrics
[8.747s] [ 35%] Built target test_butterworth_filter
[8.873s] [ 37%] Built target moveit_planning_interface
[8.992s] [ 41%] Built target moveit_trajectory_processing
[9.167s] [ 47%] Built target moveit_collision_detection
[9.313s] [ 48%] Built target moveit_test_utils
[9.388s] [ 50%] Built target test_world_diff
[9.444s] [ 51%] Built target test_all_valid
[9.639s] [ 56%] Built target moveit_collision_detection_bullet
[9.728s] [ 57%] Built target test_robot_model
[9.836s] [ 59%] Built target test_robot_state
[9.891s] [ 60%] Built target test_robot_state_benchmark
[9.948s] [ 61%] Built target test_robot_state_complex
[10.060s] [ 62%] Built target test_aabb
[10.137s] [ 63%] Built target test_cartesian_interpolator
[10.183s] [ 64%] Built target test_robot_trajectory
[10.230s] [ 65%] Built target test_time_parameterization
[10.296s] [ 67%] Built target test_time_optimal_trajectory_generation
[10.364s] [ 68%] Built target test_ruckig_traj_smoothing
[10.450s] [ 69%] Built target test_bullet_collision_detection
[10.588s] [ 70%] Built target test_bullet_collision_detection_panda
[10.650s] [ 72%] Built target test_bullet_continuous_collision_checking
[10.732s] [ 73%] Built target test_world
[10.849s] [ 75%] Built target moveit_collision_detection_fcl
[10.964s] [ 77%] Built target moveit_kinematic_constraints
[11.073s] [ 78%] Built target test_fcl_collision_detection_panda
[11.254s] [ 79%] Built target moveit_planning_scene
[11.444s] [ 80%] Built target test_constraints
[11.496s] [ 81%] Built target test_orientation_constraints
[11.543s] [ 82%] Built target moveit_planning_request_adapter
[11.600s] [ 83%] Built target test_planning_scene
[11.702s] [ 84%] Built target test_collision_objects
[11.751s] [ 85%] Built target test_multi_threaded
[11.865s] [ 86%] Built target collision_detector_bullet_plugin
[11.945s] [ 87%] Built target collision_detector_fcl_plugin
[12.077s] [ 90%] Built target moveit_collision_distance_field
[12.153s] [ 93%] Built target moveit_constraint_samplers
[12.241s] [ 94%] Built target test_collision_distance_field
[12.394s] [ 97%] Built target test_constraint_samplers
[12.497s] [ 98%] Built target test_fcl_collision_detection
[12.564s] [100%] Built target test_fcl_collision_env
[12.582s] Invoked command in '/home/kush/UR5_Project_New/build/moveit_core' returned '0': AMENT_PREFIX_PATH=/home/kush/UR5_Project_New/install/moveit_resources_panda_moveit_config:/home/kush/UR5_Project_New/install/srdfdom:/home/kush/UR5_Project_New/install/moveit_resources_pr2_description:/home/kush/UR5_Project_New/install/moveit_resources_panda_description:/home/kush/UR5_Project_New/install/moveit_common:${AMENT_PREFIX_PATH} CMAKE_PREFIX_PATH=/home/kush/UR5_Project_New/install/moveit_resources_panda_moveit_config:/home/kush/UR5_Project_New/install/srdfdom:/home/kush/UR5_Project_New/install/moveit_resources_pr2_description:/home/kush/UR5_Project_New/install/moveit_resources_panda_description:/home/kush/UR5_Project_New/install/moveit_common:/opt/ros/humble LD_LIBRARY_PATH=/home/kush/UR5_Project_New/install/srdfdom/lib:${LD_LIBRARY_PATH} PYTHONPATH=/home/kush/UR5_Project_New/install/srdfdom/local/lib/python3.10/dist-packages:${PYTHONPATH} /usr/bin/cmake --build /home/kush/UR5_Project_New/build/moveit_core -- -j4 -l4
[12.679s] Invoking command in '/home/kush/UR5_Project_New/build/moveit_core': AMENT_PREFIX_PATH=/home/kush/UR5_Project_New/install/moveit_resources_panda_moveit_config:/home/kush/UR5_Project_New/install/srdfdom:/home/kush/UR5_Project_New/install/moveit_resources_pr2_description:/home/kush/UR5_Project_New/install/moveit_resources_panda_description:/home/kush/UR5_Project_New/install/moveit_common:${AMENT_PREFIX_PATH} CMAKE_PREFIX_PATH=/home/kush/UR5_Project_New/install/moveit_resources_panda_moveit_config:/home/kush/UR5_Project_New/install/srdfdom:/home/kush/UR5_Project_New/install/moveit_resources_pr2_description:/home/kush/UR5_Project_New/install/moveit_resources_panda_description:/home/kush/UR5_Project_New/install/moveit_common:/opt/ros/humble LD_LIBRARY_PATH=/home/kush/UR5_Project_New/install/srdfdom/lib:${LD_LIBRARY_PATH} PYTHONPATH=/home/kush/UR5_Project_New/install/srdfdom/local/lib/python3.10/dist-packages:${PYTHONPATH} /usr/bin/cmake --install /home/kush/UR5_Project_New/build/moveit_core
[12.705s] -- Install configuration: "Release"
[12.706s] -- Up-to-date: /home/kush/UR5_Project_New/install/moveit_core/include/moveit/version.h
[12.719s] -- Up-to-date: /home/kush/UR5_Project_New/install/moveit_core/include
[12.719s] -- Up-to-date: /home/kush/UR5_Project_New/install/moveit_core/include/moveit
[12.720s] -- Up-to-date: /home/kush/UR5_Project_New/install/moveit_core/include/moveit/collision_distance_field
[12.720s] -- Up-to-date: /home/kush/UR5_Project_New/install/moveit_core/include/moveit/collision_distance_field/collision_common_distance_field.h
[12.720s] -- Up-to-date: /home/kush/UR5_Project_New/install/moveit_core/include/moveit/collision_distance_field/collision_detector_allocator_distance_field.h
[12.721s] -- Up-to-date: /home/kush/UR5_Project_New/install/moveit_core/include/moveit/collision_distance_field/collision_detector_allocator_hybrid.h
[12.721s] -- Up-to-date: /home/kush/UR5_Project_New/install/moveit_core/include/moveit/collision_distance_field/collision_env_distance_field.h
[12.721s] -- Up-to-date: /home/kush/UR5_Project_New/install/moveit_core/include/moveit/collision_distance_field/collision_env_hybrid.h
[12.721s] -- Up-to-date: /home/kush/UR5_Project_New/install/moveit_core/include/moveit/collision_distance_field/collision_distance_field_types.h
[12.721s] -- Up-to-date: /home/kush/UR5_Project_New/install/moveit_core/include/moveit_collision_distance_field_export.h
[12.723s] -- Up-to-date: /home/kush/UR5_Project_New/install/moveit_core/include
[12.723s] -- Up-to-date: /home/kush/UR5_Project_New/install/moveit_core/include/moveit
[12.724s] -- Up-to-date: /home/kush/UR5_Project_New/install/moveit_core/include/moveit/constraint_samplers
[12.724s] -- Up-to-date: /home/kush/UR5_Project_New/install/moveit_core/include/moveit/constraint_samplers/default_constraint_samplers.h
[12.724s] -- Up-to-date: /home/kush/UR5_Project_New/install/moveit_core/include/moveit/constraint_samplers/constraint_sampler_tools.h
[12.724s] -- Up-to-date: /home/kush/UR5_Project_New/install/moveit_core/include/moveit/constraint_samplers/constraint_sampler_allocator.h
[12.724s] -- Up-to-date: /home/kush/UR5_Project_New/install/moveit_core/include/moveit/constraint_samplers/constraint_sampler_manager.h
[12.724s] -- Up-to-date: /home/kush/UR5_Project_New/install/moveit_core/include/moveit/constraint_samplers/union_constraint_sampler.h
[12.725s] -- Up-to-date: /home/kush/UR5_Project_New/install/moveit_core/include/moveit/constraint_samplers/constraint_sampler.h
[12.726s] -- Up-to-date: /home/kush/UR5_Project_New/install/moveit_core/include
[12.726s] -- Up-to-date: /home/kush/UR5_Project_New/install/moveit_core/include/moveit
[12.727s] -- Up-to-date: /home/kush/UR5_Project_New/install/moveit_core/include/moveit/controller_manager
[12.727s] -- Up-to-date: /home/kush/UR5_Project_New/install/moveit_core/include/moveit/controller_manager/controller_manager.h
[12.743s] -- Up-to-date: /home/kush/UR5_Project_New/install/moveit_core/include
[12.743s] -- Up-to-date: /home/kush/UR5_Project_New/install/moveit_core/include/moveit
[12.743s] -- Up-to-date: /home/kush/UR5_Project_New/install/moveit_core/include/moveit/distance_field
[12.744s] -- Up-to-date: /home/kush/UR5_Project_New/install/moveit_core/include/moveit/distance_field/propagation_distance_field.h
[12.744s] -- Up-to-date: /home/kush/UR5_Project_New/install/moveit_core/include/moveit/distance_field/find_internal_points.h
[12.744s] -- Up-to-date: /home/kush/UR5_Project_New/install/moveit_core/include/moveit/distance_field/voxel_grid.h
[12.744s] -- Up-to-date: /home/kush/UR5_Project_New/install/moveit_core/include/moveit/distance_field/distance_field.h
[12.745s] -- Up-to-date: /home/kush/UR5_Project_New/install/moveit_core/include
[12.745s] -- Up-to-date: /home/kush/UR5_Project_New/install/moveit_core/include/moveit
[12.745s] -- Up-to-date: /home/kush/UR5_Project_New/install/moveit_core/include/moveit/dynamics_solver
[12.745s] -- Up-to-date: /home/kush/UR5_Project_New/install/moveit_core/include/moveit/dynamics_solver/dynamics_solver.h
[12.745s] -- Up-to-date: /home/kush/UR5_Project_New/install/moveit_core/include
[12.745s] -- Up-to-date: /home/kush/UR5_Project_New/install/moveit_core/include/moveit
[12.746s] -- Up-to-date: /home/kush/UR5_Project_New/install/moveit_core/include/moveit/exceptions
[12.746s] -- Up-to-date: /home/kush/UR5_Project_New/install/moveit_core/include/moveit/exceptions/exceptions.h
[12.746s] -- Up-to-date: /home/kush/UR5_Project_New/install/moveit_core/include
[12.746s] -- Up-to-date: /home/kush/UR5_Project_New/install/moveit_core/include/moveit
[12.747s] -- Up-to-date: /home/kush/UR5_Project_New/install/moveit_core/include/moveit/kinematics_base
[12.747s] -- Up-to-date: /home/kush/UR5_Project_New/install/moveit_core/include/moveit/kinematics_base/kinematics_base.h
[12.747s] -- Up-to-date: /home/kush/UR5_Project_New/install/moveit_core/include/moveit_kinematics_base_export.h
[12.751s] -- Up-to-date: /home/kush/UR5_Project_New/install/moveit_core/include
[12.751s] -- Up-to-date: /home/kush/UR5_Project_New/install/moveit_core/include/moveit
[12.751s] -- Up-to-date: /home/kush/UR5_Project_New/install/moveit_core/include/moveit/kinematic_constraints
[12.751s] -- Up-to-date: /home/kush/UR5_Project_New/install/moveit_core/include/moveit/kinematic_constraints/kinematic_constraint.h
[12.751s] -- Up-to-date: /home/kush/UR5_Project_New/install/moveit_core/include/moveit/kinematic_constraints/utils.h
[12.752s] -- Up-to-date: /home/kush/UR5_Project_New/install/moveit_core/include
[12.752s] -- Up-to-date: /home/kush/UR5_Project_New/install/moveit_core/include/moveit
[12.753s] -- Up-to-date: /home/kush/UR5_Project_New/install/moveit_core/include/moveit/kinematics_metrics
[12.753s] -- Up-to-date: /home/kush/UR5_Project_New/install/moveit_core/include/moveit/kinematics_metrics/kinematics_metrics.h
[12.753s] -- Up-to-date: /home/kush/UR5_Project_New/install/moveit_core/include
[12.753s] -- Up-to-date: /home/kush/UR5_Project_New/install/moveit_core/include/moveit
[12.753s] -- Up-to-date: /home/kush/UR5_Project_New/install/moveit_core/include/moveit/macros
[12.753s] -- Up-to-date: /home/kush/UR5_Project_New/install/moveit_core/include/moveit/macros/class_forward.h
[12.753s] -- Up-to-date: /home/kush/UR5_Project_New/install/moveit_core/include/moveit/macros/console_colors.h
[12.754s] -- Up-to-date: /home/kush/UR5_Project_New/install/moveit_core/include/moveit/macros/deprecation.h
[12.754s] -- Up-to-date: /home/kush/UR5_Project_New/install/moveit_core/include/moveit/macros/declare_ptr.h
[12.756s] -- Up-to-date: /home/kush/UR5_Project_New/install/moveit_core/include/moveit_butterworth_parameters
[12.756s] -- Up-to-date: /home/kush/UR5_Project_New/install/moveit_core/include/moveit_butterworth_parameters/moveit_butterworth_parameters.hpp
[12.756s] -- Up-to-date: /home/kush/UR5_Project_New/install/moveit_core/include
[12.756s] -- Up-to-date: /home/kush/UR5_Project_New/install/moveit_core/include/moveit
[12.756s] -- Up-to-date: /home/kush/UR5_Project_New/install/moveit_core/include/moveit/online_signal_smoothing
[12.757s] -- Up-to-date: /home/kush/UR5_Project_New/install/moveit_core/include/moveit/online_signal_smoothing/smoothing_base_class.h
[12.757s] -- Up-to-date: /home/kush/UR5_Project_New/install/moveit_core/include/moveit/online_signal_smoothing/butterworth_filter.h
[12.757s] -- Up-to-date: /home/kush/UR5_Project_New/install/moveit_core/include/moveit_smoothing_base_export.h
[12.757s] -- Up-to-date: /home/kush/UR5_Project_New/install/moveit_core/include/moveit_butterworth_filter_export.h
[12.757s] -- Up-to-date: /home/kush/UR5_Project_New/install/moveit_core/include
[12.758s] -- Up-to-date: /home/kush/UR5_Project_New/install/moveit_core/include/moveit
[12.758s] -- Up-to-date: /home/kush/UR5_Project_New/install/moveit_core/include/moveit/planning_interface
[12.758s] -- Up-to-date: /home/kush/UR5_Project_New/install/moveit_core/include/moveit/planning_interface/planning_request.h
[12.758s] -- Up-to-date: /home/kush/UR5_Project_New/install/moveit_core/include/moveit/planning_interface/planning_response.h
[12.758s] -- Up-to-date: /home/kush/UR5_Project_New/install/moveit_core/include/moveit/planning_interface/planning_interface.h
[12.758s] -- Up-to-date: /home/kush/UR5_Project_New/install/moveit_core/include
[12.759s] -- Up-to-date: /home/kush/UR5_Project_New/install/moveit_core/include/moveit
[12.759s] -- Up-to-date: /home/kush/UR5_Project_New/install/moveit_core/include/moveit/planning_request_adapter
[12.759s] -- Up-to-date: /home/kush/UR5_Project_New/install/moveit_core/include/moveit/planning_request_adapter/planning_request_adapter.h
[12.765s] -- Up-to-date: /home/kush/UR5_Project_New/install/moveit_core/include
[12.765s] -- Up-to-date: /home/kush/UR5_Project_New/install/moveit_core/include/moveit
[12.765s] -- Up-to-date: /home/kush/UR5_Project_New/install/moveit_core/include/moveit/planning_scene
[12.765s] -- Up-to-date: /home/kush/UR5_Project_New/install/moveit_core/include/moveit/planning_scene/planning_scene.h
[12.765s] -- Up-to-date: /home/kush/UR5_Project_New/install/moveit_core/include/moveit_planning_scene_export.h
[12.767s] -- Up-to-date: /home/kush/UR5_Project_New/install/moveit_core/include
[12.768s] -- Up-to-date: /home/kush/UR5_Project_New/install/moveit_core/include/moveit
[12.768s] -- Up-to-date: /home/kush/UR5_Project_New/install/moveit_core/include/moveit/robot_model
[12.768s] -- Up-to-date: /home/kush/UR5_Project_New/install/moveit_core/include/moveit/robot_model/revolute_joint_model.h
[12.768s] -- Up-to-date: /home/kush/UR5_Project_New/install/moveit_core/include/moveit/robot_model/prismatic_joint_model.h
[12.768s] -- Up-to-date: /home/kush/UR5_Project_New/install/moveit_core/include/moveit/robot_model/floating_joint_model.h
[12.768s] -- Up-to-date: /home/kush/UR5_Project_New/install/moveit_core/include/moveit/robot_model/robot_model.h
[12.768s] -- Up-to-date: /home/kush/UR5_Project_New/install/moveit_core/include/moveit/robot_model/fixed_joint_model.h
[12.768s] -- Up-to-date: /home/kush/UR5_Project_New/install/moveit_core/include/moveit/robot_model/link_model.h
[12.768s] -- Up-to-date: /home/kush/UR5_Project_New/install/moveit_core/include/moveit/robot_model/joint_model.h
[12.768s] -- Up-to-date: /home/kush/UR5_Project_New/install/moveit_core/include/moveit/robot_model/planar_joint_model.h
[12.769s] -- Up-to-date: /home/kush/UR5_Project_New/install/moveit_core/include/moveit/robot_model/joint_model_group.h
[12.769s] -- Up-to-date: /home/kush/UR5_Project_New/install/moveit_core/include/moveit/robot_model/aabb.h
[12.782s] -- Up-to-date: /home/kush/UR5_Project_New/install/moveit_core/include
[12.782s] -- Up-to-date: /home/kush/UR5_Project_New/install/moveit_core/include/moveit
[12.782s] -- Up-to-date: /home/kush/UR5_Project_New/install/moveit_core/include/moveit/robot_state
[12.783s] -- Up-to-date: /home/kush/UR5_Project_New/install/moveit_core/include/moveit/robot_state/conversions.h
[12.783s] -- Up-to-date: /home/kush/UR5_Project_New/install/moveit_core/include/moveit/robot_state/attached_body.h
[12.783s] -- Up-to-date: /home/kush/UR5_Project_New/install/moveit_core/include/moveit/robot_state/cartesian_interpolator.h
[12.783s] -- Up-to-date: /home/kush/UR5_Project_New/install/moveit_core/include/moveit/robot_state/robot_state.h
[12.786s] -- Up-to-date: /home/kush/UR5_Project_New/install/moveit_core/include
[12.787s] -- Up-to-date: /home/kush/UR5_Project_New/install/moveit_core/include/moveit
[12.787s] -- Up-to-date: /home/kush/UR5_Project_New/install/moveit_core/include/moveit/robot_trajectory
[12.787s] -- Up-to-date: /home/kush/UR5_Project_New/install/moveit_core/include/moveit/robot_trajectory/robot_trajectory.h
[12.787s] -- Up-to-date: /home/kush/UR5_Project_New/install/moveit_core/include
[12.787s] -- Up-to-date: /home/kush/UR5_Project_New/install/moveit_core/include/moveit
[12.787s] -- Up-to-date: /home/kush/UR5_Project_New/install/moveit_core/include/moveit/sensor_manager
[12.787s] -- Up-to-date: /home/kush/UR5_Project_New/install/moveit_core/include/moveit/sensor_manager/sensor_manager.h
[12.791s] -- Up-to-date: /home/kush/UR5_Project_New/install/moveit_core/include
[12.791s] -- Up-to-date: /home/kush/UR5_Project_New/install/moveit_core/include/moveit
[12.792s] -- Up-to-date: /home/kush/UR5_Project_New/install/moveit_core/include/moveit/trajectory_processing
[12.792s] -- Up-to-date: /home/kush/UR5_Project_New/install/moveit_core/include/moveit/trajectory_processing/trajectory_tools.h
[12.792s] -- Up-to-date: /home/kush/UR5_Project_New/install/moveit_core/include/moveit/trajectory_processing/iterative_spline_parameterization.h
[12.792s] -- Up-to-date: /home/kush/UR5_Project_New/install/moveit_core/include/moveit/trajectory_processing/time_parameterization.h
[12.792s] -- Up-to-date: /home/kush/UR5_Project_New/install/moveit_core/include/moveit/trajectory_processing/ruckig_traj_smoothing.h
[12.792s] -- Up-to-date: /home/kush/UR5_Project_New/install/moveit_core/include/moveit/trajectory_processing/iterative_time_parameterization.h
[12.792s] -- Up-to-date: /home/kush/UR5_Project_New/install/moveit_core/include/moveit/trajectory_processing/time_optimal_trajectory_generation.h
[12.793s] -- Up-to-date: /home/kush/UR5_Project_New/install/moveit_core/include
[12.793s] -- Up-to-date: /home/kush/UR5_Project_New/install/moveit_core/include/moveit
[12.793s] -- Up-to-date: /home/kush/UR5_Project_New/install/moveit_core/include/moveit/transforms
[12.793s] -- Up-to-date: /home/kush/UR5_Project_New/install/moveit_core/include/moveit/transforms/transforms.h
[12.795s] -- Up-to-date: /home/kush/UR5_Project_New/install/moveit_core/include
[12.795s] -- Up-to-date: /home/kush/UR5_Project_New/install/moveit_core/include/moveit
[12.796s] -- Up-to-date: /home/kush/UR5_Project_New/install/moveit_core/include/moveit/utils
[12.796s] -- Up-to-date: /home/kush/UR5_Project_New/install/moveit_core/include/moveit/utils/message_checks.h
[12.796s] -- Up-to-date: /home/kush/UR5_Project_New/install/moveit_core/include/moveit/utils/lexical_casts.h
[12.796s] -- Up-to-date: /home/kush/UR5_Project_New/install/moveit_core/include/moveit/utils/rclcpp_utils.h
[12.796s] -- Up-to-date: /home/kush/UR5_Project_New/install/moveit_core/include/moveit/utils/robot_model_test_utils.h
[12.796s] -- Up-to-date: /home/kush/UR5_Project_New/install/moveit_core/include/moveit/utils/moveit_error_code.h
[12.812s] -- Up-to-date: /home/kush/UR5_Project_New/install/moveit_core/bin/moveit_version
[12.837s] -- Up-to-date: /home/kush/UR5_Project_New/install/moveit_core/include
[12.837s] -- Up-to-date: /home/kush/UR5_Project_New/install/moveit_core/include/moveit
[12.837s] -- Up-to-date: /home/kush/UR5_Project_New/install/moveit_core/include/moveit/collision_detection
[12.838s] -- Up-to-date: /home/kush/UR5_Project_New/install/moveit_core/include/moveit/collision_detection/test_collision_common_pr2.h
[12.838s] -- Up-to-date: /home/kush/UR5_Project_New/install/moveit_core/include/moveit/collision_detection/world_diff.h
[12.838s] -- Up-to-date: /home/kush/UR5_Project_New/install/moveit_core/include/moveit/collision_detection/occupancy_map.h
[12.838s] -- Up-to-date: /home/kush/UR5_Project_New/install/moveit_core/include/moveit/collision_detection/collision_env.h
[12.838s] -- Up-to-date: /home/kush/UR5_Project_New/install/moveit_core/include/moveit/collision_detection/world.h
[12.838s] -- Up-to-date: /home/kush/UR5_Project_New/install/moveit_core/include/moveit/collision_detection/collision_matrix.h
[12.838s] -- Up-to-date: /home/kush/UR5_Project_New/install/moveit_core/include/moveit/collision_detection/collision_tools.h
[12.839s] -- Up-to-date: /home/kush/UR5_Project_New/install/moveit_core/include/moveit/collision_detection/collision_plugin_cache.h
[12.839s] -- Up-to-date: /home/kush/UR5_Project_New/install/moveit_core/include/moveit/collision_detection/collision_plugin.h
[12.839s] -- Up-to-date: /home/kush/UR5_Project_New/install/moveit_core/include/moveit/collision_detection/allvalid
[12.839s] -- Up-to-date: /home/kush/UR5_Project_New/install/moveit_core/include/moveit/collision_detection/allvalid/collision_env_allvalid.h
[12.839s] -- Up-to-date: /home/kush/UR5_Project_New/install/moveit_core/include/moveit/collision_detection/allvalid/collision_detector_allocator_allvalid.h
[12.839s] -- Up-to-date: /home/kush/UR5_Project_New/install/moveit_core/include/moveit/collision_detection/test_collision_common_panda.h
[12.839s] -- Up-to-date: /home/kush/UR5_Project_New/install/moveit_core/include/moveit/collision_detection/collision_detector_allocator.h
[12.839s] -- Up-to-date: /home/kush/UR5_Project_New/install/moveit_core/include/moveit/collision_detection/collision_octomap_filter.h
[12.840s] -- Up-to-date: /home/kush/UR5_Project_New/install/moveit_core/include/moveit/collision_detection/collision_common.h
[12.840s] -- Up-to-date: /home/kush/UR5_Project_New/install/moveit_core/include/moveit_collision_detection_export.h
[12.844s] -- Up-to-date: /home/kush/UR5_Project_New/install/moveit_core/include
[12.844s] -- Up-to-date: /home/kush/UR5_Project_New/install/moveit_core/include/moveit
[12.844s] -- Up-to-date: /home/kush/UR5_Project_New/install/moveit_core/include/moveit/collision_detection_bullet
[12.844s] -- Up-to-date: /home/kush/UR5_Project_New/install/moveit_core/include/moveit/collision_detection_bullet/collision_detector_allocator_bullet.h
[12.844s] -- Up-to-date: /home/kush/UR5_Project_New/install/moveit_core/include/moveit/collision_detection_bullet/bullet_integration
[12.844s] -- Up-to-date: /home/kush/UR5_Project_New/install/moveit_core/include/moveit/collision_detection_bullet/bullet_integration/bullet_utils.h
[12.845s] -- Up-to-date: /home/kush/UR5_Project_New/install/moveit_core/include/moveit/collision_detection_bullet/bullet_integration/contact_checker_common.h
[12.845s] -- Up-to-date: /home/kush/UR5_Project_New/install/moveit_core/include/moveit/collision_detection_bullet/bullet_integration/bullet_bvh_manager.h
[12.845s] -- Up-to-date: /home/kush/UR5_Project_New/install/moveit_core/include/moveit/collision_detection_bullet/bullet_integration/bullet_cast_bvh_manager.h
[12.845s] -- Up-to-date: /home/kush/UR5_Project_New/install/moveit_core/include/moveit/collision_detection_bullet/bullet_integration/bullet_discrete_bvh_manager.h
[12.845s] -- Up-to-date: /home/kush/UR5_Project_New/install/moveit_core/include/moveit/collision_detection_bullet/bullet_integration/basic_types.h
[12.846s] -- Up-to-date: /home/kush/UR5_Project_New/install/moveit_core/include/moveit/collision_detection_bullet/bullet_integration/ros_bullet_utils.h
[12.846s] -- Up-to-date: /home/kush/UR5_Project_New/install/moveit_core/include/moveit/collision_detection_bullet/collision_env_bullet.h
[12.846s] -- Up-to-date: /home/kush/UR5_Project_New/install/moveit_core/include/moveit/collision_detection_bullet/collision_detector_bullet_plugin_loader.h
[12.846s] -- Up-to-date: /home/kush/UR5_Project_New/install/moveit_core/include/moveit_collision_detection_bullet_export.h
[12.868s] -- Up-to-date: /home/kush/UR5_Project_New/install/moveit_core/lib/libmoveit_collision_detection_bullet.so.2.5.4
[12.869s] -- Up-to-date: /home/kush/UR5_Project_New/install/moveit_core/lib/libmoveit_collision_detection_bullet.so
[12.883s] -- Up-to-date: /home/kush/UR5_Project_New/install/moveit_core/lib/libcollision_detector_bullet_plugin.so.2.5.4
[12.884s] -- Up-to-date: /home/kush/UR5_Project_New/install/moveit_core/lib/libcollision_detector_bullet_plugin.so
[12.884s] -- Up-to-date: /home/kush/UR5_Project_New/install/moveit_core/share/moveit_core/environment/library_path.sh
[12.884s] -- Up-to-date: /home/kush/UR5_Project_New/install/moveit_core/share/moveit_core/environment/library_path.dsv
[12.893s] -- Up-to-date: /home/kush/UR5_Project_New/install/moveit_core/include
[12.893s] -- Up-to-date: /home/kush/UR5_Project_New/install/moveit_core/include/moveit
[12.894s] -- Up-to-date: /home/kush/UR5_Project_New/install/moveit_core/include/moveit/collision_detection_fcl
[12.894s] -- Up-to-date: /home/kush/UR5_Project_New/install/moveit_core/include/moveit/collision_detection_fcl/collision_detector_fcl_plugin_loader.h
[12.894s] -- Up-to-date: /home/kush/UR5_Project_New/install/moveit_core/include/moveit/collision_detection_fcl/fcl_compat.h
[12.894s] -- Up-to-date: /home/kush/UR5_Project_New/install/moveit_core/include/moveit/collision_detection_fcl/collision_env_fcl.h
[12.894s] -- Up-to-date: /home/kush/UR5_Project_New/install/moveit_core/include/moveit/collision_detection_fcl/collision_detector_allocator_fcl.h
[12.894s] -- Up-to-date: /home/kush/UR5_Project_New/install/moveit_core/include/moveit/collision_detection_fcl/collision_common.h
[12.894s] -- Up-to-date: /home/kush/UR5_Project_New/install/moveit_core/include/moveit_collision_detection_fcl_export.h
[12.907s] -- Up-to-date: /home/kush/UR5_Project_New/install/moveit_core/lib/libmoveit_butterworth_filter.so.2.5.4
[12.907s] -- Up-to-date: /home/kush/UR5_Project_New/install/moveit_core/lib/libmoveit_butterworth_filter.so
[12.930s] -- Up-to-date: /home/kush/UR5_Project_New/install/moveit_core/lib/libmoveit_collision_distance_field.so.2.5.4
[12.931s] -- Up-to-date: /home/kush/UR5_Project_New/install/moveit_core/lib/libmoveit_collision_distance_field.so
[12.960s] -- Up-to-date: /home/kush/UR5_Project_New/install/moveit_core/lib/libmoveit_collision_detection.so.2.5.4
[12.960s] -- Up-to-date: /home/kush/UR5_Project_New/install/moveit_core/lib/libmoveit_collision_detection.so
[12.976s] -- Up-to-date: /home/kush/UR5_Project_New/install/moveit_core/lib/libmoveit_collision_detection_fcl.so.2.5.4
[12.977s] -- Up-to-date: /home/kush/UR5_Project_New/install/moveit_core/lib/libmoveit_collision_detection_fcl.so
[12.977s] -- Up-to-date: /home/kush/UR5_Project_New/install/moveit_core/lib/libmoveit_collision_detection_bullet.so.2.5.4
[12.978s] -- Up-to-date: /home/kush/UR5_Project_New/install/moveit_core/lib/libmoveit_collision_detection_bullet.so
[12.978s] -- Up-to-date: /home/kush/UR5_Project_New/install/moveit_core/lib/libmoveit_dynamics_solver.so.2.5.4
[12.979s] -- Up-to-date: /home/kush/UR5_Project_New/install/moveit_core/lib/libmoveit_dynamics_solver.so
[12.994s] -- Up-to-date: /home/kush/UR5_Project_New/install/moveit_core/lib/libmoveit_constraint_samplers.so.2.5.4
[12.994s] -- Up-to-date: /home/kush/UR5_Project_New/install/moveit_core/lib/libmoveit_constraint_samplers.so
[13.017s] -- Up-to-date: /home/kush/UR5_Project_New/install/moveit_core/lib/libmoveit_distance_field.so.2.5.4
[13.018s] -- Up-to-date: /home/kush/UR5_Project_New/install/moveit_core/lib/libmoveit_distance_field.so
[13.018s] -- Up-to-date: /home/kush/UR5_Project_New/install/moveit_core/lib/libmoveit_exceptions.so.2.5.4
[13.019s] -- Up-to-date: /home/kush/UR5_Project_New/install/moveit_core/lib/libmoveit_exceptions.so
[13.020s] -- Up-to-date: /home/kush/UR5_Project_New/install/moveit_core/lib/libmoveit_kinematics_base.so
[13.024s] -- Up-to-date: /home/kush/UR5_Project_New/install/moveit_core/lib/libmoveit_kinematic_constraints.so.2.5.4
[13.024s] -- Up-to-date: /home/kush/UR5_Project_New/install/moveit_core/lib/libmoveit_kinematic_constraints.so
[13.044s] -- Up-to-date: /home/kush/UR5_Project_New/install/moveit_core/lib/libmoveit_kinematics_metrics.so.2.5.4
[13.044s] -- Up-to-date: /home/kush/UR5_Project_New/install/moveit_core/lib/libmoveit_kinematics_metrics.so
[13.056s] -- Up-to-date: /home/kush/UR5_Project_New/install/moveit_core/lib/libmoveit_planning_interface.so.2.5.4
[13.056s] -- Up-to-date: /home/kush/UR5_Project_New/install/moveit_core/lib/libmoveit_planning_interface.so
[13.104s] -- Up-to-date: /home/kush/UR5_Project_New/install/moveit_core/lib/libmoveit_planning_scene.so.2.5.4
[13.105s] -- Up-to-date: /home/kush/UR5_Project_New/install/moveit_core/lib/libmoveit_planning_scene.so
[13.154s] -- Up-to-date: /home/kush/UR5_Project_New/install/moveit_core/lib/libmoveit_planning_request_adapter.so.2.5.4
[13.154s] -- Up-to-date: /home/kush/UR5_Project_New/install/moveit_core/lib/libmoveit_planning_request_adapter.so
[13.173s] -- Up-to-date: /home/kush/UR5_Project_New/install/moveit_core/lib/libmoveit_robot_model.so.2.5.4
[13.173s] -- Up-to-date: /home/kush/UR5_Project_New/install/moveit_core/lib/libmoveit_robot_model.so
[13.199s] -- Up-to-date: /home/kush/UR5_Project_New/install/moveit_core/lib/libmoveit_robot_state.so.2.5.4
[13.199s] -- Up-to-date: /home/kush/UR5_Project_New/install/moveit_core/lib/libmoveit_robot_state.so
[13.200s] -- Up-to-date: /home/kush/UR5_Project_New/install/moveit_core/lib/libmoveit_robot_trajectory.so.2.5.4
[13.201s] -- Up-to-date: /home/kush/UR5_Project_New/install/moveit_core/lib/libmoveit_robot_trajectory.so
[13.201s] -- Up-to-date: /home/kush/UR5_Project_New/install/moveit_core/lib/libmoveit_smoothing_base.so.2.5.4
[13.202s] -- Up-to-date: /home/kush/UR5_Project_New/install/moveit_core/lib/libmoveit_smoothing_base.so
[13.218s] -- Up-to-date: /home/kush/UR5_Project_New/install/moveit_core/lib/libmoveit_test_utils.so.2.5.4
[13.218s] -- Up-to-date: /home/kush/UR5_Project_New/install/moveit_core/lib/libmoveit_test_utils.so
[13.237s] -- Up-to-date: /home/kush/UR5_Project_New/install/moveit_core/lib/libmoveit_trajectory_processing.so.2.5.4
[13.237s] -- Up-to-date: /home/kush/UR5_Project_New/install/moveit_core/lib/libmoveit_trajectory_processing.so
[13.253s] -- Up-to-date: /home/kush/UR5_Project_New/install/moveit_core/lib/libmoveit_transforms.so.2.5.4
[13.253s] -- Up-to-date: /home/kush/UR5_Project_New/install/moveit_core/lib/libmoveit_transforms.so
[13.254s] -- Up-to-date: /home/kush/UR5_Project_New/install/moveit_core/lib/libmoveit_utils.so.2.5.4
[13.254s] -- Up-to-date: /home/kush/UR5_Project_New/install/moveit_core/lib/libmoveit_utils.so
[13.255s] -- Up-to-date: /home/kush/UR5_Project_New/install/moveit_core/share/moveit_core/environment/library_path.sh
[13.255s] -- Up-to-date: /home/kush/UR5_Project_New/install/moveit_core/share/moveit_core/environment/library_path.dsv
[13.255s] -- Up-to-date: /home/kush/UR5_Project_New/install/moveit_core/share/moveit_core/collision_detector_fcl_description.xml
[13.256s] -- Up-to-date: /home/kush/UR5_Project_New/install/moveit_core/share/moveit_core/collision_detector_bullet_description.xml
[13.256s] -- Up-to-date: /home/kush/UR5_Project_New/install/moveit_core/share/moveit_core/filter_plugin_butterworth.xml
[13.256s] -- Up-to-date: /home/kush/UR5_Project_New/install/moveit_core/share/ament_index/resource_index/package_run_dependencies/moveit_core
[13.256s] -- Up-to-date: /home/kush/UR5_Project_New/install/moveit_core/share/ament_index/resource_index/parent_prefix_path/moveit_core
[13.256s] -- Up-to-date: /home/kush/UR5_Project_New/install/moveit_core/share/moveit_core/environment/ament_prefix_path.sh
[13.256s] -- Up-to-date: /home/kush/UR5_Project_New/install/moveit_core/share/moveit_core/environment/ament_prefix_path.dsv
[13.256s] -- Up-to-date: /home/kush/UR5_Project_New/install/moveit_core/share/moveit_core/environment/path.sh
[13.257s] -- Up-to-date: /home/kush/UR5_Project_New/install/moveit_core/share/moveit_core/environment/path.dsv
[13.257s] -- Up-to-date: /home/kush/UR5_Project_New/install/moveit_core/share/moveit_core/local_setup.bash
[13.257s] -- Up-to-date: /home/kush/UR5_Project_New/install/moveit_core/share/moveit_core/local_setup.sh
[13.257s] -- Up-to-date: /home/kush/UR5_Project_New/install/moveit_core/share/moveit_core/local_setup.zsh
[13.257s] -- Up-to-date: /home/kush/UR5_Project_New/install/moveit_core/share/moveit_core/local_setup.dsv
[13.257s] -- Installing: /home/kush/UR5_Project_New/install/moveit_core/share/moveit_core/package.dsv
[13.264s] -- Up-to-date: /home/kush/UR5_Project_New/install/moveit_core/share/ament_index/resource_index/packages/moveit_core
[13.264s] -- Up-to-date: /home/kush/UR5_Project_New/install/moveit_core/share/ament_index/resource_index/moveit_core__pluginlib__plugin/moveit_core
[13.269s] -- Up-to-date: /home/kush/UR5_Project_New/install/moveit_core/share/moveit_core/cmake/export_moveit_coreExport.cmake
[13.269s] -- Up-to-date: /home/kush/UR5_Project_New/install/moveit_core/share/moveit_core/cmake/export_moveit_coreExport-release.cmake
[13.270s] -- Up-to-date: /home/kush/UR5_Project_New/install/moveit_core/share/moveit_core/cmake/ConfigExtras.cmake
[13.270s] -- Up-to-date: /home/kush/UR5_Project_New/install/moveit_core/share/moveit_core/cmake/ament_cmake_export_targets-extras.cmake
[13.270s] -- Up-to-date: /home/kush/UR5_Project_New/install/moveit_core/share/moveit_core/cmake/ament_cmake_export_dependencies-extras.cmake
[13.270s] -- Up-to-date: /home/kush/UR5_Project_New/install/moveit_core/share/moveit_core/cmake/moveit_coreConfig.cmake
[13.270s] -- Up-to-date: /home/kush/UR5_Project_New/install/moveit_core/share/moveit_core/cmake/moveit_coreConfig-version.cmake
[13.271s] -- Up-to-date: /home/kush/UR5_Project_New/install/moveit_core/share/moveit_core/package.xml
[13.277s] Invoked command in '/home/kush/UR5_Project_New/build/moveit_core' returned '0': AMENT_PREFIX_PATH=/home/kush/UR5_Project_New/install/moveit_resources_panda_moveit_config:/home/kush/UR5_Project_New/install/srdfdom:/home/kush/UR5_Project_New/install/moveit_resources_pr2_description:/home/kush/UR5_Project_New/install/moveit_resources_panda_description:/home/kush/UR5_Project_New/install/moveit_common:${AMENT_PREFIX_PATH} CMAKE_PREFIX_PATH=/home/kush/UR5_Project_New/install/moveit_resources_panda_moveit_config:/home/kush/UR5_Project_New/install/srdfdom:/home/kush/UR5_Project_New/install/moveit_resources_pr2_description:/home/kush/UR5_Project_New/install/moveit_resources_panda_description:/home/kush/UR5_Project_New/install/moveit_common:/opt/ros/humble LD_LIBRARY_PATH=/home/kush/UR5_Project_New/install/srdfdom/lib:${LD_LIBRARY_PATH} PYTHONPATH=/home/kush/UR5_Project_New/install/srdfdom/local/lib/python3.10/dist-packages:${PYTHONPATH} /usr/bin/cmake --install /home/kush/UR5_Project_New/build/moveit_core
