[0.046s] Invoking command in '/home/kush/UR5_Project_New/build/hello_moveit': AMENT_PREFIX_PATH=/home/kush/UR5_Project_New/install/moveit_ros_planning_interface:/home/kush/UR5_Project_New/install/moveit_ros_move_group:/home/kush/UR5_Project_New/install/moveit_ros_warehouse:/home/kush/UR5_Project_New/install/moveit_kinematics:/home/kush/UR5_Project_New/install/moveit_ros_planning:/home/kush/UR5_Project_New/install/moveit_ros_occupancy_map_monitor:/home/kush/UR5_Project_New/install/moveit_core:/home/kush/UR5_Project_New/install/srdfdom:/home/kush/UR5_Project_New/install/moveit_common:${AMENT_PREFIX_PATH} CMAKE_PREFIX_PATH=/home/kush/UR5_Project_New/install/moveit_ros_planning_interface:/home/kush/UR5_Project_New/install/moveit_ros_move_group:/home/kush/UR5_Project_New/install/moveit_ros_warehouse:/home/kush/UR5_Project_New/install/moveit_kinematics:/home/kush/UR5_Project_New/install/moveit_ros_planning:/home/kush/UR5_Project_New/install/moveit_ros_occupancy_map_monitor:/home/kush/UR5_Project_New/install/moveit_core:/home/kush/UR5_Project_New/install/srdfdom:/home/kush/UR5_Project_New/install/moveit_common:/opt/ros/humble LD_LIBRARY_PATH=/home/kush/UR5_Project_New/install/moveit_ros_planning_interface/lib:/home/kush/UR5_Project_New/install/moveit_ros_move_group/lib:/home/kush/UR5_Project_New/install/moveit_ros_warehouse/lib:/home/kush/UR5_Project_New/install/moveit_kinematics/lib:/home/kush/UR5_Project_New/install/moveit_ros_planning/lib:/home/kush/UR5_Project_New/install/moveit_ros_occupancy_map_monitor/lib:/home/kush/UR5_Project_New/install/moveit_core/lib:/home/kush/UR5_Project_New/install/srdfdom/lib:${LD_LIBRARY_PATH} PATH=/home/kush/UR5_Project_New/install/moveit_core/bin:${PATH} PYTHONPATH=/home/kush/UR5_Project_New/install/srdfdom/local/lib/python3.10/dist-packages:${PYTHONPATH} /usr/bin/cmake /home/kush/UR5_Project_New/src/hello_moveit -DCMAKE_BUILD_TYPE=Debug -DCMAKE_INSTALL_PREFIX=/home/kush/UR5_Project_New/install/hello_moveit
[0.128s] -- The C compiler identification is GNU 11.4.0
[0.208s] -- The CXX compiler identification is GNU 11.4.0
[0.221s] -- Detecting C compiler ABI info
[0.326s] -- Detecting C compiler ABI info - done
[0.338s] -- Check for working C compiler: /usr/bin/cc - skipped
[0.338s] -- Detecting C compile features
[0.339s] -- Detecting C compile features - done
[0.343s] -- Detecting CXX compiler ABI info
[0.564s] -- Detecting CXX compiler ABI info - done
[0.576s] -- Check for working CXX compiler: /usr/bin/c++ - skipped
[0.576s] -- Detecting CXX compile features
[0.577s] -- Detecting CXX compile features - done
[0.582s] -- Found ament_cmake: 1.3.5 (/opt/ros/humble/share/ament_cmake/cmake)
[0.846s] -- Found Python3: /usr/bin/python3.10 (found version "3.10.12") found components: Interpreter 
[0.979s] -- Found moveit_ros_planning_interface: 2.5.4 (/home/kush/UR5_Project_New/install/moveit_ros_planning_interface/share/moveit_ros_planning_interface/cmake)
[1.239s] -- Found Boost: /usr/lib/x86_64-linux-gnu/cmake/Boost-1.74.0/BoostConfig.cmake (found version "1.74.0") found components: date_time filesystem program_options system thread 
[1.311s] -- Found rosidl_generator_c: 3.1.5 (/opt/ros/humble/share/rosidl_generator_c/cmake)
[1.323s] -- Found rosidl_adapter: 3.1.5 (/opt/ros/humble/share/rosidl_adapter/cmake)
[1.339s] -- Found rosidl_generator_cpp: 3.1.5 (/opt/ros/humble/share/rosidl_generator_cpp/cmake)
[1.361s] -- Using all available rosidl_typesupport_c: rosidl_typesupport_fastrtps_c;rosidl_typesupport_introspection_c
[1.392s] -- Using all available rosidl_typesupport_cpp: rosidl_typesupport_fastrtps_cpp;rosidl_typesupport_introspection_cpp
[2.793s] -- Found Boost: /usr/lib/x86_64-linux-gnu/cmake/Boost-1.74.0/BoostConfig.cmake (found version "1.74.0") found components: chrono date_time filesystem iostreams program_options regex serialization system thread 
[2.823s] -- Found parameter_traits: 0.3.3 (/opt/ros/humble/share/parameter_traits/cmake)
[2.926s] -- Found rmw_implementation_cmake: 6.1.1 (/opt/ros/humble/share/rmw_implementation_cmake/cmake)
[2.931s] -- Found rmw_fastrtps_cpp: 6.2.3 (/opt/ros/humble/share/rmw_fastrtps_cpp/cmake)
[3.085s] -- Found OpenSSL: /usr/lib/x86_64-linux-gnu/libcrypto.so (found version "3.0.2")  
[3.128s] -- Found FastRTPS: /opt/ros/humble/include  
[3.195s] -- Using RMW implementation 'rmw_fastrtps_cpp' as default
[3.216s] -- Found Threads: TRUE  
[3.451s] -- Found rclcpp_lifecycle: 16.0.5 (/opt/ros/humble/share/rclcpp_lifecycle/cmake)
[3.526s] -- Found Boost: /usr/lib/x86_64-linux-gnu/cmake/Boost-1.74.0/BoostConfig.cmake (found version "1.74.0") found components: filesystem 
[3.674s] -- library: /usr/lib/x86_64-linux-gnu/libcurl.so
[3.920s] -- Found Eigen3: TRUE (found version "3.4.0") 
[3.920s] -- Ensuring Eigen3 include directory is part of orocos-kdl CMake target
[4.817s] -- Found Boost: /usr/lib/x86_64-linux-gnu/cmake/Boost-1.74.0/BoostConfig.cmake (found version "1.74.0") found components: system filesystem date_time program_options thread chrono 
[5.630s] -- Found Boost: /usr/lib/x86_64-linux-gnu/cmake/Boost-1.74.0/BoostConfig.cmake (found version "1.74.0") found components: thread system filesystem regex date_time program_options 
[5.991s] -- Found Boost: /usr/lib/x86_64-linux-gnu/cmake/Boost-1.74.0/BoostConfig.cmake (found version "1.74.0") found components: system filesystem date_time program_options thread 
[6.657s] -- Found ament_lint_auto: 0.12.7 (/opt/ros/humble/share/ament_lint_auto/cmake)
[6.776s] -- Added test 'cppcheck' to perform static code analysis on C / C++ code
[6.776s] -- Configured cppcheck include dirs: $<BUILD_INTERFACE:/home/kush/UR5_Project_New/src/hello_moveit/include>
[6.776s] -- Configured cppcheck exclude dirs and/or files: 
[6.778s] -- Added test 'lint_cmake' to check CMake code style
[6.779s] -- Added test 'uncrustify' to check C / C++ code style
[6.779s] -- Configured uncrustify additional arguments: 
[6.780s] -- Added test 'xmllint' to check XML markup files
[6.782s] -- Configuring done
[6.831s] -- Generating done
[6.834s] -- Build files have been written to: /home/kush/UR5_Project_New/build/hello_moveit
[6.855s] Invoked command in '/home/kush/UR5_Project_New/build/hello_moveit' returned '0': AMENT_PREFIX_PATH=/home/kush/UR5_Project_New/install/moveit_ros_planning_interface:/home/kush/UR5_Project_New/install/moveit_ros_move_group:/home/kush/UR5_Project_New/install/moveit_ros_warehouse:/home/kush/UR5_Project_New/install/moveit_kinematics:/home/kush/UR5_Project_New/install/moveit_ros_planning:/home/kush/UR5_Project_New/install/moveit_ros_occupancy_map_monitor:/home/kush/UR5_Project_New/install/moveit_core:/home/kush/UR5_Project_New/install/srdfdom:/home/kush/UR5_Project_New/install/moveit_common:${AMENT_PREFIX_PATH} CMAKE_PREFIX_PATH=/home/kush/UR5_Project_New/install/moveit_ros_planning_interface:/home/kush/UR5_Project_New/install/moveit_ros_move_group:/home/kush/UR5_Project_New/install/moveit_ros_warehouse:/home/kush/UR5_Project_New/install/moveit_kinematics:/home/kush/UR5_Project_New/install/moveit_ros_planning:/home/kush/UR5_Project_New/install/moveit_ros_occupancy_map_monitor:/home/kush/UR5_Project_New/install/moveit_core:/home/kush/UR5_Project_New/install/srdfdom:/home/kush/UR5_Project_New/install/moveit_common:/opt/ros/humble LD_LIBRARY_PATH=/home/kush/UR5_Project_New/install/moveit_ros_planning_interface/lib:/home/kush/UR5_Project_New/install/moveit_ros_move_group/lib:/home/kush/UR5_Project_New/install/moveit_ros_warehouse/lib:/home/kush/UR5_Project_New/install/moveit_kinematics/lib:/home/kush/UR5_Project_New/install/moveit_ros_planning/lib:/home/kush/UR5_Project_New/install/moveit_ros_occupancy_map_monitor/lib:/home/kush/UR5_Project_New/install/moveit_core/lib:/home/kush/UR5_Project_New/install/srdfdom/lib:${LD_LIBRARY_PATH} PATH=/home/kush/UR5_Project_New/install/moveit_core/bin:${PATH} PYTHONPATH=/home/kush/UR5_Project_New/install/srdfdom/local/lib/python3.10/dist-packages:${PYTHONPATH} /usr/bin/cmake /home/kush/UR5_Project_New/src/hello_moveit -DCMAKE_BUILD_TYPE=Debug -DCMAKE_INSTALL_PREFIX=/home/kush/UR5_Project_New/install/hello_moveit
[6.859s] Invoking command in '/home/kush/UR5_Project_New/build/hello_moveit': AMENT_PREFIX_PATH=/home/kush/UR5_Project_New/install/moveit_ros_planning_interface:/home/kush/UR5_Project_New/install/moveit_ros_move_group:/home/kush/UR5_Project_New/install/moveit_ros_warehouse:/home/kush/UR5_Project_New/install/moveit_kinematics:/home/kush/UR5_Project_New/install/moveit_ros_planning:/home/kush/UR5_Project_New/install/moveit_ros_occupancy_map_monitor:/home/kush/UR5_Project_New/install/moveit_core:/home/kush/UR5_Project_New/install/srdfdom:/home/kush/UR5_Project_New/install/moveit_common:${AMENT_PREFIX_PATH} CMAKE_PREFIX_PATH=/home/kush/UR5_Project_New/install/moveit_ros_planning_interface:/home/kush/UR5_Project_New/install/moveit_ros_move_group:/home/kush/UR5_Project_New/install/moveit_ros_warehouse:/home/kush/UR5_Project_New/install/moveit_kinematics:/home/kush/UR5_Project_New/install/moveit_ros_planning:/home/kush/UR5_Project_New/install/moveit_ros_occupancy_map_monitor:/home/kush/UR5_Project_New/install/moveit_core:/home/kush/UR5_Project_New/install/srdfdom:/home/kush/UR5_Project_New/install/moveit_common:/opt/ros/humble LD_LIBRARY_PATH=/home/kush/UR5_Project_New/install/moveit_ros_planning_interface/lib:/home/kush/UR5_Project_New/install/moveit_ros_move_group/lib:/home/kush/UR5_Project_New/install/moveit_ros_warehouse/lib:/home/kush/UR5_Project_New/install/moveit_kinematics/lib:/home/kush/UR5_Project_New/install/moveit_ros_planning/lib:/home/kush/UR5_Project_New/install/moveit_ros_occupancy_map_monitor/lib:/home/kush/UR5_Project_New/install/moveit_core/lib:/home/kush/UR5_Project_New/install/srdfdom/lib:${LD_LIBRARY_PATH} PATH=/home/kush/UR5_Project_New/install/moveit_core/bin:${PATH} PYTHONPATH=/home/kush/UR5_Project_New/install/srdfdom/local/lib/python3.10/dist-packages:${PYTHONPATH} /usr/bin/cmake --build /home/kush/UR5_Project_New/build/hello_moveit -- -j4 -l4
[6.937s] [ 50%] [32mBuilding CXX object CMakeFiles/hello_moveit.dir/src/hello_moveit.cpp.o[0m
[19.235s] [100%] [32m[1mLinking CXX executable hello_moveit[0m
[20.213s] [100%] Built target hello_moveit
[20.228s] Invoked command in '/home/kush/UR5_Project_New/build/hello_moveit' returned '0': AMENT_PREFIX_PATH=/home/kush/UR5_Project_New/install/moveit_ros_planning_interface:/home/kush/UR5_Project_New/install/moveit_ros_move_group:/home/kush/UR5_Project_New/install/moveit_ros_warehouse:/home/kush/UR5_Project_New/install/moveit_kinematics:/home/kush/UR5_Project_New/install/moveit_ros_planning:/home/kush/UR5_Project_New/install/moveit_ros_occupancy_map_monitor:/home/kush/UR5_Project_New/install/moveit_core:/home/kush/UR5_Project_New/install/srdfdom:/home/kush/UR5_Project_New/install/moveit_common:${AMENT_PREFIX_PATH} CMAKE_PREFIX_PATH=/home/kush/UR5_Project_New/install/moveit_ros_planning_interface:/home/kush/UR5_Project_New/install/moveit_ros_move_group:/home/kush/UR5_Project_New/install/moveit_ros_warehouse:/home/kush/UR5_Project_New/install/moveit_kinematics:/home/kush/UR5_Project_New/install/moveit_ros_planning:/home/kush/UR5_Project_New/install/moveit_ros_occupancy_map_monitor:/home/kush/UR5_Project_New/install/moveit_core:/home/kush/UR5_Project_New/install/srdfdom:/home/kush/UR5_Project_New/install/moveit_common:/opt/ros/humble LD_LIBRARY_PATH=/home/kush/UR5_Project_New/install/moveit_ros_planning_interface/lib:/home/kush/UR5_Project_New/install/moveit_ros_move_group/lib:/home/kush/UR5_Project_New/install/moveit_ros_warehouse/lib:/home/kush/UR5_Project_New/install/moveit_kinematics/lib:/home/kush/UR5_Project_New/install/moveit_ros_planning/lib:/home/kush/UR5_Project_New/install/moveit_ros_occupancy_map_monitor/lib:/home/kush/UR5_Project_New/install/moveit_core/lib:/home/kush/UR5_Project_New/install/srdfdom/lib:${LD_LIBRARY_PATH} PATH=/home/kush/UR5_Project_New/install/moveit_core/bin:${PATH} PYTHONPATH=/home/kush/UR5_Project_New/install/srdfdom/local/lib/python3.10/dist-packages:${PYTHONPATH} /usr/bin/cmake --build /home/kush/UR5_Project_New/build/hello_moveit -- -j4 -l4
[20.272s] Invoking command in '/home/kush/UR5_Project_New/build/hello_moveit': AMENT_PREFIX_PATH=/home/kush/UR5_Project_New/install/moveit_ros_planning_interface:/home/kush/UR5_Project_New/install/moveit_ros_move_group:/home/kush/UR5_Project_New/install/moveit_ros_warehouse:/home/kush/UR5_Project_New/install/moveit_kinematics:/home/kush/UR5_Project_New/install/moveit_ros_planning:/home/kush/UR5_Project_New/install/moveit_ros_occupancy_map_monitor:/home/kush/UR5_Project_New/install/moveit_core:/home/kush/UR5_Project_New/install/srdfdom:/home/kush/UR5_Project_New/install/moveit_common:${AMENT_PREFIX_PATH} CMAKE_PREFIX_PATH=/home/kush/UR5_Project_New/install/moveit_ros_planning_interface:/home/kush/UR5_Project_New/install/moveit_ros_move_group:/home/kush/UR5_Project_New/install/moveit_ros_warehouse:/home/kush/UR5_Project_New/install/moveit_kinematics:/home/kush/UR5_Project_New/install/moveit_ros_planning:/home/kush/UR5_Project_New/install/moveit_ros_occupancy_map_monitor:/home/kush/UR5_Project_New/install/moveit_core:/home/kush/UR5_Project_New/install/srdfdom:/home/kush/UR5_Project_New/install/moveit_common:/opt/ros/humble LD_LIBRARY_PATH=/home/kush/UR5_Project_New/install/moveit_ros_planning_interface/lib:/home/kush/UR5_Project_New/install/moveit_ros_move_group/lib:/home/kush/UR5_Project_New/install/moveit_ros_warehouse/lib:/home/kush/UR5_Project_New/install/moveit_kinematics/lib:/home/kush/UR5_Project_New/install/moveit_ros_planning/lib:/home/kush/UR5_Project_New/install/moveit_ros_occupancy_map_monitor/lib:/home/kush/UR5_Project_New/install/moveit_core/lib:/home/kush/UR5_Project_New/install/srdfdom/lib:${LD_LIBRARY_PATH} PATH=/home/kush/UR5_Project_New/install/moveit_core/bin:${PATH} PYTHONPATH=/home/kush/UR5_Project_New/install/srdfdom/local/lib/python3.10/dist-packages:${PYTHONPATH} /usr/bin/cmake --install /home/kush/UR5_Project_New/build/hello_moveit
[20.286s] -- Install configuration: "Debug"
[20.287s] -- Installing: /home/kush/UR5_Project_New/install/hello_moveit/lib/hello_moveit/hello_moveit
[20.295s] -- Set runtime path of "/home/kush/UR5_Project_New/install/hello_moveit/lib/hello_moveit/hello_moveit" to ""
[20.295s] -- Installing: /home/kush/UR5_Project_New/install/hello_moveit/share/ament_index/resource_index/package_run_dependencies/hello_moveit
[20.295s] -- Installing: /home/kush/UR5_Project_New/install/hello_moveit/share/ament_index/resource_index/parent_prefix_path/hello_moveit
[20.296s] -- Installing: /home/kush/UR5_Project_New/install/hello_moveit/share/hello_moveit/environment/ament_prefix_path.sh
[20.296s] -- Installing: /home/kush/UR5_Project_New/install/hello_moveit/share/hello_moveit/environment/ament_prefix_path.dsv
[20.296s] -- Installing: /home/kush/UR5_Project_New/install/hello_moveit/share/hello_moveit/environment/path.sh
[20.297s] -- Installing: /home/kush/UR5_Project_New/install/hello_moveit/share/hello_moveit/environment/path.dsv
[20.297s] -- Installing: /home/kush/UR5_Project_New/install/hello_moveit/share/hello_moveit/local_setup.bash
[20.297s] -- Installing: /home/kush/UR5_Project_New/install/hello_moveit/share/hello_moveit/local_setup.sh
[20.297s] -- Installing: /home/kush/UR5_Project_New/install/hello_moveit/share/hello_moveit/local_setup.zsh
[20.298s] -- Installing: /home/kush/UR5_Project_New/install/hello_moveit/share/hello_moveit/local_setup.dsv
[20.298s] -- Installing: /home/kush/UR5_Project_New/install/hello_moveit/share/hello_moveit/package.dsv
[20.299s] -- Installing: /home/kush/UR5_Project_New/install/hello_moveit/share/ament_index/resource_index/packages/hello_moveit
[20.299s] -- Installing: /home/kush/UR5_Project_New/install/hello_moveit/share/hello_moveit/cmake/hello_moveitConfig.cmake
[20.299s] -- Installing: /home/kush/UR5_Project_New/install/hello_moveit/share/hello_moveit/cmake/hello_moveitConfig-version.cmake
[20.299s] -- Installing: /home/kush/UR5_Project_New/install/hello_moveit/share/hello_moveit/package.xml
[20.304s] Invoked command in '/home/kush/UR5_Project_New/build/hello_moveit' returned '0': AMENT_PREFIX_PATH=/home/kush/UR5_Project_New/install/moveit_ros_planning_interface:/home/kush/UR5_Project_New/install/moveit_ros_move_group:/home/kush/UR5_Project_New/install/moveit_ros_warehouse:/home/kush/UR5_Project_New/install/moveit_kinematics:/home/kush/UR5_Project_New/install/moveit_ros_planning:/home/kush/UR5_Project_New/install/moveit_ros_occupancy_map_monitor:/home/kush/UR5_Project_New/install/moveit_core:/home/kush/UR5_Project_New/install/srdfdom:/home/kush/UR5_Project_New/install/moveit_common:${AMENT_PREFIX_PATH} CMAKE_PREFIX_PATH=/home/kush/UR5_Project_New/install/moveit_ros_planning_interface:/home/kush/UR5_Project_New/install/moveit_ros_move_group:/home/kush/UR5_Project_New/install/moveit_ros_warehouse:/home/kush/UR5_Project_New/install/moveit_kinematics:/home/kush/UR5_Project_New/install/moveit_ros_planning:/home/kush/UR5_Project_New/install/moveit_ros_occupancy_map_monitor:/home/kush/UR5_Project_New/install/moveit_core:/home/kush/UR5_Project_New/install/srdfdom:/home/kush/UR5_Project_New/install/moveit_common:/opt/ros/humble LD_LIBRARY_PATH=/home/kush/UR5_Project_New/install/moveit_ros_planning_interface/lib:/home/kush/UR5_Project_New/install/moveit_ros_move_group/lib:/home/kush/UR5_Project_New/install/moveit_ros_warehouse/lib:/home/kush/UR5_Project_New/install/moveit_kinematics/lib:/home/kush/UR5_Project_New/install/moveit_ros_planning/lib:/home/kush/UR5_Project_New/install/moveit_ros_occupancy_map_monitor/lib:/home/kush/UR5_Project_New/install/moveit_core/lib:/home/kush/UR5_Project_New/install/srdfdom/lib:${LD_LIBRARY_PATH} PATH=/home/kush/UR5_Project_New/install/moveit_core/bin:${PATH} PYTHONPATH=/home/kush/UR5_Project_New/install/srdfdom/local/lib/python3.10/dist-packages:${PYTHONPATH} /usr/bin/cmake --install /home/kush/UR5_Project_New/build/hello_moveit
