[0.139s] Invoking command in '/home/kush/UR5_Project_New/build/moveit_servo': AMENT_PREFIX_PATH=/home/kush/UR5_Project_New/install/moveit_ros_planning_interface:/home/kush/UR5_Project_New/install/moveit_ros_move_group:/home/kush/UR5_Project_New/install/moveit_ros_warehouse:/home/kush/UR5_Project_New/install/moveit_kinematics:/home/kush/UR5_Project_New/install/moveit_ros_planning:/home/kush/UR5_Project_New/install/moveit_ros_occupancy_map_monitor:/home/kush/UR5_Project_New/install/moveit_core:/home/kush/UR5_Project_New/install/moveit_resources_panda_moveit_config:/home/kush/UR5_Project_New/install/moveit_configs_utils:/home/kush/UR5_Project_New/install/srdfdom:/home/kush/UR5_Project_New/install/moveit_resources_panda_description:/home/kush/UR5_Project_New/install/moveit_common:/home/kush/UR5_Project_New/install/launch_param_builder:${AMENT_PREFIX_PATH} CMAKE_PREFIX_PATH=/home/kush/UR5_Project_New/install/moveit_ros_planning_interface:/home/kush/UR5_Project_New/install/moveit_ros_move_group:/home/kush/UR5_Project_New/install/moveit_ros_warehouse:/home/kush/UR5_Project_New/install/moveit_kinematics:/home/kush/UR5_Project_New/install/moveit_ros_planning:/home/kush/UR5_Project_New/install/moveit_ros_occupancy_map_monitor:/home/kush/UR5_Project_New/install/moveit_core:/home/kush/UR5_Project_New/install/moveit_resources_panda_moveit_config:/home/kush/UR5_Project_New/install/srdfdom:/home/kush/UR5_Project_New/install/moveit_resources_panda_description:/home/kush/UR5_Project_New/install/moveit_common:/home/kush/ws_moveit2_ur5/install/ur_description:/home/kush/ws_moveit2_ur5/install/pilz_industrial_motion_planner_testutils:/home/kush/ws_moveit2_ur5/install/moveit_runtime:/home/kush/ws_moveit2_ur5/install/moveit2_tutorials:/home/kush/ws_moveit2_ur5/install/moveit:/home/kush/ws_moveit2_ur5/install/moveit_planners:/home/kush/ws_moveit2_ur5/install/pilz_industrial_motion_planner:/home/kush/ws_moveit2_ur5/install/moveit_visual_tools:/home/kush/ws_moveit2_ur5/install/moveit_task_constructor_visualization:/home/kush/ws_moveit2_ur5/install/moveit_task_constructor_demo:/home/kush/ws_moveit2_ur5/install/moveit_task_constructor_capabilities:/home/kush/ws_moveit2_ur5/install/moveit_task_constructor_core:/home/kush/ws_moveit2_ur5/install/moveit_ros_control_interface:/home/kush/ws_moveit2_ur5/install/moveit_plugins:/home/kush/ws_moveit2_ur5/install/moveit_simple_controller_manager:/home/kush/ws_moveit2_ur5/install/moveit_setup_assistant:/home/kush/ws_moveit2_ur5/install/moveit_setup_srdf_plugins:/home/kush/ws_moveit2_ur5/install/moveit_setup_core_plugins:/home/kush/ws_moveit2_ur5/install/moveit_setup_controllers:/home/kush/ws_moveit2_ur5/install/moveit_setup_app_plugins:/home/kush/ws_moveit2_ur5/install/moveit_setup_framework:/home/kush/ws_moveit2_ur5/install/moveit_servo:/home/kush/ws_moveit2_ur5/install/moveit_ros:/home/kush/ws_moveit2_ur5/install/moveit_ros_visualization:/home/kush/ws_moveit2_ur5/install/moveit_hybrid_planning:/home/kush/ws_moveit2_ur5/install/moveit_ros_planning_interface:/home/kush/ws_moveit2_ur5/install/moveit_ros_benchmarks:/home/kush/ws_moveit2_ur5/install/moveit_ros_warehouse:/home/kush/ws_moveit2_ur5/install/moveit_ros_robot_interaction:/home/kush/ws_moveit2_ur5/install/moveit_ros_perception:/home/kush/ws_moveit2_ur5/install/moveit_resources_prbt_pg70_support:/home/kush/ws_moveit2_ur5/install/moveit_resources_prbt_moveit_config:/home/kush/ws_moveit2_ur5/install/moveit_ros_move_group:/home/kush/ws_moveit2_ur5/install/moveit_planners_ompl:/home/kush/ws_moveit2_ur5/install/moveit_ros_planning:/home/kush/ws_moveit2_ur5/install/moveit_ros_occupancy_map_monitor:/home/kush/ws_moveit2_ur5/install/moveit_resources_prbt_ikfast_manipulator_plugin:/home/kush/ws_moveit2_ur5/install/moveit_planners_chomp:/home/kush/ws_moveit2_ur5/install/moveit_kinematics:/home/kush/ws_moveit2_ur5/install/moveit_chomp_optimizer_adapter:/home/kush/ws_moveit2_ur5/install/chomp_motion_planner:/home/kush/ws_moveit2_ur5/install/moveit_core:/home/kush/ws_moveit2_ur5/install/srdfdom:/home/kush/ws_moveit2_ur5/install/rviz_marker_tools:/home/kush/ws_moveit2_ur5/install/rosparam_shortcuts:/home/kush/ws_moveit2_ur5/install/moveit_task_constructor_msgs:/home/kush/ws_moveit2_ur5/install/moveit_resources_prbt_support:/home/kush/ws_moveit2_ur5/install/moveit_resources:/home/kush/ws_moveit2_ur5/install/moveit_resources_pr2_description:/home/kush/ws_moveit2_ur5/install/moveit_resources_panda_moveit_config:/home/kush/ws_moveit2_ur5/install/moveit_resources_panda_description:/home/kush/ws_moveit2_ur5/install/moveit_resources_fanuc_moveit_config:/home/kush/ws_moveit2_ur5/install/moveit_resources_fanuc_description:/home/kush/ws_moveit2_ur5/install/moveit_common:/home/kush/ws_moveit2_ur5/install/moveit_configs_utils:/home/kush/ws_moveit2_ur5/install/launch_param_builder:/opt/ros/humble LD_LIBRARY_PATH=/home/kush/UR5_Project_New/install/moveit_ros_planning_interface/lib:/home/kush/UR5_Project_New/install/moveit_ros_move_group/lib:/home/kush/UR5_Project_New/install/moveit_ros_warehouse/lib:/home/kush/UR5_Project_New/install/moveit_kinematics/lib:/home/kush/UR5_Project_New/install/moveit_ros_planning/lib:/home/kush/UR5_Project_New/install/moveit_ros_occupancy_map_monitor/lib:/home/kush/UR5_Project_New/install/moveit_core/lib:/home/kush/UR5_Project_New/install/srdfdom/lib:${LD_LIBRARY_PATH} PATH=/home/kush/UR5_Project_New/install/moveit_core/bin:${PATH} PYTHONPATH=/home/kush/UR5_Project_New/install/moveit_configs_utils/lib/python3.10/site-packages:/home/kush/UR5_Project_New/install/srdfdom/local/lib/python3.10/dist-packages:/home/kush/UR5_Project_New/install/launch_param_builder/lib/python3.10/site-packages:${PYTHONPATH} /usr/bin/cmake /home/kush/UR5_Project_New/src/moveit2/moveit_ros/moveit_servo -DCMAKE_BUILD_TYPE=Release -DCMAKE_INSTALL_PREFIX=/home/kush/UR5_Project_New/install/moveit_servo
[0.364s] -- The C compiler identification is GNU 11.4.0
[0.535s] -- The CXX compiler identification is GNU 11.4.0
[0.557s] -- Detecting C compiler ABI info
[0.878s] -- Detecting C compiler ABI info - done
[0.925s] -- Check for working C compiler: /usr/bin/cc - skipped
[0.926s] -- Detecting C compile features
[0.927s] -- Detecting C compile features - done
[0.935s] -- Detecting CXX compiler ABI info
[1.301s] -- Detecting CXX compiler ABI info - done
[1.346s] -- Check for working CXX compiler: /usr/bin/c++ - skipped
[1.347s] -- Detecting CXX compile features
[1.348s] -- Detecting CXX compile features - done
[1.353s] -- Found moveit_common: 2.5.4 (/home/kush/UR5_Project_New/install/moveit_common/share/moveit_common/cmake)
[1.403s] -- Found ament_cmake: 1.3.5 (/opt/ros/humble/share/ament_cmake/cmake)
[2.130s] -- Found Python3: /usr/bin/python3.10 (found version "3.10.12") found components: Interpreter 
[2.848s] -- Found libdw: /usr/lib/x86_64-linux-gnu/libdw.so  
[2.873s] -- Could NOT find libbfd (missing: LIBBFD_LIBRARY LIBBFD_INCLUDE_DIR) 
[2.873s] -- BACKWARD_HAS_UNWIND=1
[2.874s] -- BACKWARD_HAS_BACKTRACE=0
[2.874s] -- BACKWARD_HAS_BACKTRACE_SYMBOL=0
[2.875s] -- BACKWARD_HAS_DW=1
[2.875s] -- BACKWARD_HAS_BFD=0
[2.878s] -- Found Backward: /opt/ros/humble/share/backward_ros/cmake  
[2.898s] -- Found eigen3_cmake_module: 0.1.1 (/opt/ros/humble/share/eigen3_cmake_module/cmake)
[2.931s] -- Found Eigen3: TRUE (found version "3.4.0") 
[2.951s] -- Found control_msgs: 4.4.0 (/opt/ros/humble/share/control_msgs/cmake)
[3.225s] -- Found rosidl_generator_c: 3.1.5 (/opt/ros/humble/share/rosidl_generator_c/cmake)
[3.280s] -- Found rosidl_adapter: 3.1.5 (/opt/ros/humble/share/rosidl_adapter/cmake)
[3.343s] -- Found rosidl_generator_cpp: 3.1.5 (/opt/ros/humble/share/rosidl_generator_cpp/cmake)
[3.436s] -- Using all available rosidl_typesupport_c: rosidl_typesupport_fastrtps_c;rosidl_typesupport_introspection_c
[3.598s] -- Using all available rosidl_typesupport_cpp: rosidl_typesupport_fastrtps_cpp;rosidl_typesupport_introspection_cpp
[5.816s] -- Found control_toolbox: 3.1.0 (/opt/ros/humble/share/control_toolbox/cmake)
[6.248s] -- Found rmw_implementation_cmake: 6.1.1 (/opt/ros/humble/share/rmw_implementation_cmake/cmake)
[6.290s] -- Found rmw_fastrtps_cpp: 6.2.3 (/opt/ros/humble/share/rmw_fastrtps_cpp/cmake)
[6.912s] -- Found OpenSSL: /usr/lib/x86_64-linux-gnu/libcrypto.so (found version "3.0.2")  
[7.113s] -- Found FastRTPS: /opt/ros/humble/include  
[7.355s] -- Using RMW implementation 'rmw_fastrtps_cpp' as default
[7.445s] -- Looking for pthread.h
[8.014s] -- Looking for pthread.h - found
[8.015s] -- Performing Test CMAKE_HAVE_LIBC_PTHREAD
[8.527s] -- Performing Test CMAKE_HAVE_LIBC_PTHREAD - Success
[8.530s] -- Found Threads: TRUE  
[9.330s] -- Found moveit_core: 2.5.4 (/home/kush/UR5_Project_New/install/moveit_core/share/moveit_core/cmake)
[9.626s] -- Found Boost: /usr/lib/x86_64-linux-gnu/cmake/Boost-1.74.0/BoostConfig.cmake (found version "1.74.0") found components: chrono date_time filesystem iostreams program_options regex serialization system thread 
[9.792s] -- Found parameter_traits: 0.3.3 (/opt/ros/humble/share/parameter_traits/cmake)
[9.929s] -- Found rclcpp_lifecycle: 16.0.5 (/opt/ros/humble/share/rclcpp_lifecycle/cmake)
[10.113s] -- Found Boost: /usr/lib/x86_64-linux-gnu/cmake/Boost-1.74.0/BoostConfig.cmake (found version "1.74.0") found components: filesystem 
[10.598s] -- library: /usr/lib/x86_64-linux-gnu/libcurl.so
[11.502s] -- Ensuring Eigen3 include directory is part of orocos-kdl CMake target
[15.784s] -- Found moveit_ros_planning: 2.5.4 (/home/kush/UR5_Project_New/install/moveit_ros_planning/share/moveit_ros_planning/cmake)
[15.797s] -- Found Boost: /usr/lib/x86_64-linux-gnu/cmake/Boost-1.74.0/BoostConfig.cmake (found version "1.74.0") found components: system filesystem date_time program_options thread chrono 
[17.101s] -- Found std_srvs: 4.2.3 (/opt/ros/humble/share/std_srvs/cmake)
[18.059s] -- Found ament_lint_auto: 0.12.7 (/opt/ros/humble/share/ament_lint_auto/cmake)
[18.082s] -- Found ament_cmake_gtest: 1.3.5 (/opt/ros/humble/share/ament_cmake_gtest/cmake)
[18.101s] -- Found ros_testing: 0.4.0 (/opt/ros/humble/share/ros_testing/cmake)
[18.123s] -- Found launch_testing_ament_cmake: 1.0.4 (/opt/ros/humble/share/launch_testing_ament_cmake/cmake)
[18.141s] -- Found python_cmake_module: 0.10.0 (/opt/ros/humble/share/python_cmake_module/cmake)
[18.203s] -- Found PythonInterp: /usr/bin/python3 (found suitable version "3.10.12", minimum required is "3.6") 
[18.225s] -- Found PythonLibs: /usr/lib/x86_64-linux-gnu/libpython3.10.so (found suitable version "3.10.12", minimum required is "3.5") 
[18.225s] -- Using PYTHON_EXECUTABLE: /usr/bin/python3
[18.225s] -- Using PYTHON_INCLUDE_DIRS: /usr/include/python3.10
[18.225s] -- Using PYTHON_LIBRARIES: /usr/lib/x86_64-linux-gnu/libpython3.10.so
[18.283s] -- Found PythonExtra: .so  
[18.294s] -- Found Boost: /usr/lib/x86_64-linux-gnu/cmake/Boost-1.74.0/BoostConfig.cmake (found version "1.74.0") found components: filesystem 
[20.576s] -- Found gtest sources under '/opt/ros/humble/src/gtest_vendor': C++ tests using 'Google Test' will be built
[21.016s] -- Added test 'cppcheck' to perform static code analysis on C / C++ code
[21.021s] -- Configured cppcheck include dirs: /home/kush/UR5_Project_New/src/moveit2/moveit_ros/moveit_servo/include
[21.021s] -- Configured cppcheck exclude dirs and/or files: 
[21.025s] -- Added test 'lint_cmake' to check CMake code style
[21.045s] -- Added test 'pep257' to check Python code against some of the docstring style conventions in PEP 257
[21.051s] -- Added test 'xmllint' to check XML markup files
[21.060s] -- Configuring done
[21.867s] -- Generating done
[21.889s] -- Build files have been written to: /home/kush/UR5_Project_New/build/moveit_servo
[21.980s] Invoked command in '/home/kush/UR5_Project_New/build/moveit_servo' returned '0': AMENT_PREFIX_PATH=/home/kush/UR5_Project_New/install/moveit_ros_planning_interface:/home/kush/UR5_Project_New/install/moveit_ros_move_group:/home/kush/UR5_Project_New/install/moveit_ros_warehouse:/home/kush/UR5_Project_New/install/moveit_kinematics:/home/kush/UR5_Project_New/install/moveit_ros_planning:/home/kush/UR5_Project_New/install/moveit_ros_occupancy_map_monitor:/home/kush/UR5_Project_New/install/moveit_core:/home/kush/UR5_Project_New/install/moveit_resources_panda_moveit_config:/home/kush/UR5_Project_New/install/moveit_configs_utils:/home/kush/UR5_Project_New/install/srdfdom:/home/kush/UR5_Project_New/install/moveit_resources_panda_description:/home/kush/UR5_Project_New/install/moveit_common:/home/kush/UR5_Project_New/install/launch_param_builder:${AMENT_PREFIX_PATH} CMAKE_PREFIX_PATH=/home/kush/UR5_Project_New/install/moveit_ros_planning_interface:/home/kush/UR5_Project_New/install/moveit_ros_move_group:/home/kush/UR5_Project_New/install/moveit_ros_warehouse:/home/kush/UR5_Project_New/install/moveit_kinematics:/home/kush/UR5_Project_New/install/moveit_ros_planning:/home/kush/UR5_Project_New/install/moveit_ros_occupancy_map_monitor:/home/kush/UR5_Project_New/install/moveit_core:/home/kush/UR5_Project_New/install/moveit_resources_panda_moveit_config:/home/kush/UR5_Project_New/install/srdfdom:/home/kush/UR5_Project_New/install/moveit_resources_panda_description:/home/kush/UR5_Project_New/install/moveit_common:/home/kush/ws_moveit2_ur5/install/ur_description:/home/kush/ws_moveit2_ur5/install/pilz_industrial_motion_planner_testutils:/home/kush/ws_moveit2_ur5/install/moveit_runtime:/home/kush/ws_moveit2_ur5/install/moveit2_tutorials:/home/kush/ws_moveit2_ur5/install/moveit:/home/kush/ws_moveit2_ur5/install/moveit_planners:/home/kush/ws_moveit2_ur5/install/pilz_industrial_motion_planner:/home/kush/ws_moveit2_ur5/install/moveit_visual_tools:/home/kush/ws_moveit2_ur5/install/moveit_task_constructor_visualization:/home/kush/ws_moveit2_ur5/install/moveit_task_constructor_demo:/home/kush/ws_moveit2_ur5/install/moveit_task_constructor_capabilities:/home/kush/ws_moveit2_ur5/install/moveit_task_constructor_core:/home/kush/ws_moveit2_ur5/install/moveit_ros_control_interface:/home/kush/ws_moveit2_ur5/install/moveit_plugins:/home/kush/ws_moveit2_ur5/install/moveit_simple_controller_manager:/home/kush/ws_moveit2_ur5/install/moveit_setup_assistant:/home/kush/ws_moveit2_ur5/install/moveit_setup_srdf_plugins:/home/kush/ws_moveit2_ur5/install/moveit_setup_core_plugins:/home/kush/ws_moveit2_ur5/install/moveit_setup_controllers:/home/kush/ws_moveit2_ur5/install/moveit_setup_app_plugins:/home/kush/ws_moveit2_ur5/install/moveit_setup_framework:/home/kush/ws_moveit2_ur5/install/moveit_servo:/home/kush/ws_moveit2_ur5/install/moveit_ros:/home/kush/ws_moveit2_ur5/install/moveit_ros_visualization:/home/kush/ws_moveit2_ur5/install/moveit_hybrid_planning:/home/kush/ws_moveit2_ur5/install/moveit_ros_planning_interface:/home/kush/ws_moveit2_ur5/install/moveit_ros_benchmarks:/home/kush/ws_moveit2_ur5/install/moveit_ros_warehouse:/home/kush/ws_moveit2_ur5/install/moveit_ros_robot_interaction:/home/kush/ws_moveit2_ur5/install/moveit_ros_perception:/home/kush/ws_moveit2_ur5/install/moveit_resources_prbt_pg70_support:/home/kush/ws_moveit2_ur5/install/moveit_resources_prbt_moveit_config:/home/kush/ws_moveit2_ur5/install/moveit_ros_move_group:/home/kush/ws_moveit2_ur5/install/moveit_planners_ompl:/home/kush/ws_moveit2_ur5/install/moveit_ros_planning:/home/kush/ws_moveit2_ur5/install/moveit_ros_occupancy_map_monitor:/home/kush/ws_moveit2_ur5/install/moveit_resources_prbt_ikfast_manipulator_plugin:/home/kush/ws_moveit2_ur5/install/moveit_planners_chomp:/home/kush/ws_moveit2_ur5/install/moveit_kinematics:/home/kush/ws_moveit2_ur5/install/moveit_chomp_optimizer_adapter:/home/kush/ws_moveit2_ur5/install/chomp_motion_planner:/home/kush/ws_moveit2_ur5/install/moveit_core:/home/kush/ws_moveit2_ur5/install/srdfdom:/home/kush/ws_moveit2_ur5/install/rviz_marker_tools:/home/kush/ws_moveit2_ur5/install/rosparam_shortcuts:/home/kush/ws_moveit2_ur5/install/moveit_task_constructor_msgs:/home/kush/ws_moveit2_ur5/install/moveit_resources_prbt_support:/home/kush/ws_moveit2_ur5/install/moveit_resources:/home/kush/ws_moveit2_ur5/install/moveit_resources_pr2_description:/home/kush/ws_moveit2_ur5/install/moveit_resources_panda_moveit_config:/home/kush/ws_moveit2_ur5/install/moveit_resources_panda_description:/home/kush/ws_moveit2_ur5/install/moveit_resources_fanuc_moveit_config:/home/kush/ws_moveit2_ur5/install/moveit_resources_fanuc_description:/home/kush/ws_moveit2_ur5/install/moveit_common:/home/kush/ws_moveit2_ur5/install/moveit_configs_utils:/home/kush/ws_moveit2_ur5/install/launch_param_builder:/opt/ros/humble LD_LIBRARY_PATH=/home/kush/UR5_Project_New/install/moveit_ros_planning_interface/lib:/home/kush/UR5_Project_New/install/moveit_ros_move_group/lib:/home/kush/UR5_Project_New/install/moveit_ros_warehouse/lib:/home/kush/UR5_Project_New/install/moveit_kinematics/lib:/home/kush/UR5_Project_New/install/moveit_ros_planning/lib:/home/kush/UR5_Project_New/install/moveit_ros_occupancy_map_monitor/lib:/home/kush/UR5_Project_New/install/moveit_core/lib:/home/kush/UR5_Project_New/install/srdfdom/lib:${LD_LIBRARY_PATH} PATH=/home/kush/UR5_Project_New/install/moveit_core/bin:${PATH} PYTHONPATH=/home/kush/UR5_Project_New/install/moveit_configs_utils/lib/python3.10/site-packages:/home/kush/UR5_Project_New/install/srdfdom/local/lib/python3.10/dist-packages:/home/kush/UR5_Project_New/install/launch_param_builder/lib/python3.10/site-packages:${PYTHONPATH} /usr/bin/cmake /home/kush/UR5_Project_New/src/moveit2/moveit_ros/moveit_servo -DCMAKE_BUILD_TYPE=Release -DCMAKE_INSTALL_PREFIX=/home/kush/UR5_Project_New/install/moveit_servo
[21.983s] Invoking command in '/home/kush/UR5_Project_New/build/moveit_servo': AMENT_PREFIX_PATH=/home/kush/UR5_Project_New/install/moveit_ros_planning_interface:/home/kush/UR5_Project_New/install/moveit_ros_move_group:/home/kush/UR5_Project_New/install/moveit_ros_warehouse:/home/kush/UR5_Project_New/install/moveit_kinematics:/home/kush/UR5_Project_New/install/moveit_ros_planning:/home/kush/UR5_Project_New/install/moveit_ros_occupancy_map_monitor:/home/kush/UR5_Project_New/install/moveit_core:/home/kush/UR5_Project_New/install/moveit_resources_panda_moveit_config:/home/kush/UR5_Project_New/install/moveit_configs_utils:/home/kush/UR5_Project_New/install/srdfdom:/home/kush/UR5_Project_New/install/moveit_resources_panda_description:/home/kush/UR5_Project_New/install/moveit_common:/home/kush/UR5_Project_New/install/launch_param_builder:${AMENT_PREFIX_PATH} CMAKE_PREFIX_PATH=/home/kush/UR5_Project_New/install/moveit_ros_planning_interface:/home/kush/UR5_Project_New/install/moveit_ros_move_group:/home/kush/UR5_Project_New/install/moveit_ros_warehouse:/home/kush/UR5_Project_New/install/moveit_kinematics:/home/kush/UR5_Project_New/install/moveit_ros_planning:/home/kush/UR5_Project_New/install/moveit_ros_occupancy_map_monitor:/home/kush/UR5_Project_New/install/moveit_core:/home/kush/UR5_Project_New/install/moveit_resources_panda_moveit_config:/home/kush/UR5_Project_New/install/srdfdom:/home/kush/UR5_Project_New/install/moveit_resources_panda_description:/home/kush/UR5_Project_New/install/moveit_common:/home/kush/ws_moveit2_ur5/install/ur_description:/home/kush/ws_moveit2_ur5/install/pilz_industrial_motion_planner_testutils:/home/kush/ws_moveit2_ur5/install/moveit_runtime:/home/kush/ws_moveit2_ur5/install/moveit2_tutorials:/home/kush/ws_moveit2_ur5/install/moveit:/home/kush/ws_moveit2_ur5/install/moveit_planners:/home/kush/ws_moveit2_ur5/install/pilz_industrial_motion_planner:/home/kush/ws_moveit2_ur5/install/moveit_visual_tools:/home/kush/ws_moveit2_ur5/install/moveit_task_constructor_visualization:/home/kush/ws_moveit2_ur5/install/moveit_task_constructor_demo:/home/kush/ws_moveit2_ur5/install/moveit_task_constructor_capabilities:/home/kush/ws_moveit2_ur5/install/moveit_task_constructor_core:/home/kush/ws_moveit2_ur5/install/moveit_ros_control_interface:/home/kush/ws_moveit2_ur5/install/moveit_plugins:/home/kush/ws_moveit2_ur5/install/moveit_simple_controller_manager:/home/kush/ws_moveit2_ur5/install/moveit_setup_assistant:/home/kush/ws_moveit2_ur5/install/moveit_setup_srdf_plugins:/home/kush/ws_moveit2_ur5/install/moveit_setup_core_plugins:/home/kush/ws_moveit2_ur5/install/moveit_setup_controllers:/home/kush/ws_moveit2_ur5/install/moveit_setup_app_plugins:/home/kush/ws_moveit2_ur5/install/moveit_setup_framework:/home/kush/ws_moveit2_ur5/install/moveit_servo:/home/kush/ws_moveit2_ur5/install/moveit_ros:/home/kush/ws_moveit2_ur5/install/moveit_ros_visualization:/home/kush/ws_moveit2_ur5/install/moveit_hybrid_planning:/home/kush/ws_moveit2_ur5/install/moveit_ros_planning_interface:/home/kush/ws_moveit2_ur5/install/moveit_ros_benchmarks:/home/kush/ws_moveit2_ur5/install/moveit_ros_warehouse:/home/kush/ws_moveit2_ur5/install/moveit_ros_robot_interaction:/home/kush/ws_moveit2_ur5/install/moveit_ros_perception:/home/kush/ws_moveit2_ur5/install/moveit_resources_prbt_pg70_support:/home/kush/ws_moveit2_ur5/install/moveit_resources_prbt_moveit_config:/home/kush/ws_moveit2_ur5/install/moveit_ros_move_group:/home/kush/ws_moveit2_ur5/install/moveit_planners_ompl:/home/kush/ws_moveit2_ur5/install/moveit_ros_planning:/home/kush/ws_moveit2_ur5/install/moveit_ros_occupancy_map_monitor:/home/kush/ws_moveit2_ur5/install/moveit_resources_prbt_ikfast_manipulator_plugin:/home/kush/ws_moveit2_ur5/install/moveit_planners_chomp:/home/kush/ws_moveit2_ur5/install/moveit_kinematics:/home/kush/ws_moveit2_ur5/install/moveit_chomp_optimizer_adapter:/home/kush/ws_moveit2_ur5/install/chomp_motion_planner:/home/kush/ws_moveit2_ur5/install/moveit_core:/home/kush/ws_moveit2_ur5/install/srdfdom:/home/kush/ws_moveit2_ur5/install/rviz_marker_tools:/home/kush/ws_moveit2_ur5/install/rosparam_shortcuts:/home/kush/ws_moveit2_ur5/install/moveit_task_constructor_msgs:/home/kush/ws_moveit2_ur5/install/moveit_resources_prbt_support:/home/kush/ws_moveit2_ur5/install/moveit_resources:/home/kush/ws_moveit2_ur5/install/moveit_resources_pr2_description:/home/kush/ws_moveit2_ur5/install/moveit_resources_panda_moveit_config:/home/kush/ws_moveit2_ur5/install/moveit_resources_panda_description:/home/kush/ws_moveit2_ur5/install/moveit_resources_fanuc_moveit_config:/home/kush/ws_moveit2_ur5/install/moveit_resources_fanuc_description:/home/kush/ws_moveit2_ur5/install/moveit_common:/home/kush/ws_moveit2_ur5/install/moveit_configs_utils:/home/kush/ws_moveit2_ur5/install/launch_param_builder:/opt/ros/humble LD_LIBRARY_PATH=/home/kush/UR5_Project_New/install/moveit_ros_planning_interface/lib:/home/kush/UR5_Project_New/install/moveit_ros_move_group/lib:/home/kush/UR5_Project_New/install/moveit_ros_warehouse/lib:/home/kush/UR5_Project_New/install/moveit_kinematics/lib:/home/kush/UR5_Project_New/install/moveit_ros_planning/lib:/home/kush/UR5_Project_New/install/moveit_ros_occupancy_map_monitor/lib:/home/kush/UR5_Project_New/install/moveit_core/lib:/home/kush/UR5_Project_New/install/srdfdom/lib:${LD_LIBRARY_PATH} PATH=/home/kush/UR5_Project_New/install/moveit_core/bin:${PATH} PYTHONPATH=/home/kush/UR5_Project_New/install/moveit_configs_utils/lib/python3.10/site-packages:/home/kush/UR5_Project_New/install/srdfdom/local/lib/python3.10/dist-packages:/home/kush/UR5_Project_New/install/launch_param_builder/lib/python3.10/site-packages:${PYTHONPATH} /usr/bin/cmake --build /home/kush/UR5_Project_New/build/moveit_servo -- -j4 -l4
[22.299s] [  3%] [32mBuilding CXX object CMakeFiles/moveit_servo_lib_parameters.dir/src/servo_parameters.cpp.o[0m
[22.328s] [  6%] [32mBuilding CXX object CMakeFiles/servo_controller_input.dir/src/teleop_demo/joystick_servo_example.cpp.o[0m
[22.355s] [  9%] [32mBuilding CXX object gtest/CMakeFiles/gtest_main.dir/src/gtest_main.cc.o[0m
[23.558s] [ 12%] [32mBuilding CXX object CMakeFiles/fake_command_publisher.dir/test/publish_fake_jog_commands.cpp.o[0m
[29.994s] [ 15%] [32m[1mLinking CXX static library libgtest_main.a[0m
[30.653s] [ 15%] Built target gtest_main
[66.394s] [ 18%] [32m[1mLinking CXX executable fake_command_publisher[0m
