[0.280s] Invoking command in '/home/kush/UR5_Project_New/build/moveit_setup_srdf_plugins': AMENT_PREFIX_PATH=/home/kush/UR5_Project_New/install/moveit_setup_framework:/home/kush/UR5_Project_New/install/moveit_ros_visualization:/home/kush/UR5_Project_New/install/moveit_ros_planning_interface:/home/kush/UR5_Project_New/install/moveit_ros_move_group:/home/kush/UR5_Project_New/install/moveit_ros_warehouse:/home/kush/UR5_Project_New/install/moveit_ros_robot_interaction:/home/kush/UR5_Project_New/install/moveit_kinematics:/home/kush/UR5_Project_New/install/moveit_ros_planning:/home/kush/UR5_Project_New/install/moveit_ros_occupancy_map_monitor:/home/kush/UR5_Project_New/install/moveit_core:/home/kush/UR5_Project_New/install/srdfdom:/home/kush/UR5_Project_New/install/moveit_resources_fanuc_description:/home/kush/UR5_Project_New/install/moveit_common:${AMENT_PREFIX_PATH} CMAKE_PREFIX_PATH=/home/kush/UR5_Project_New/install/moveit_setup_framework:/home/kush/UR5_Project_New/install/moveit_ros_visualization:/home/kush/UR5_Project_New/install/moveit_ros_planning_interface:/home/kush/UR5_Project_New/install/moveit_ros_move_group:/home/kush/UR5_Project_New/install/moveit_ros_warehouse:/home/kush/UR5_Project_New/install/moveit_ros_robot_interaction:/home/kush/UR5_Project_New/install/moveit_kinematics:/home/kush/UR5_Project_New/install/moveit_ros_planning:/home/kush/UR5_Project_New/install/moveit_ros_occupancy_map_monitor:/home/kush/UR5_Project_New/install/moveit_core:/home/kush/UR5_Project_New/install/srdfdom:/home/kush/UR5_Project_New/install/moveit_resources_fanuc_description:/home/kush/UR5_Project_New/install/moveit_common:/opt/ros/humble LD_LIBRARY_PATH=/home/kush/UR5_Project_New/install/moveit_setup_framework/lib:/home/kush/UR5_Project_New/install/moveit_ros_visualization/lib:/home/kush/UR5_Project_New/install/moveit_ros_planning_interface/lib:/home/kush/UR5_Project_New/install/moveit_ros_move_group/lib:/home/kush/UR5_Project_New/install/moveit_ros_warehouse/lib:/home/kush/UR5_Project_New/install/moveit_ros_robot_interaction/lib:/home/kush/UR5_Project_New/install/moveit_kinematics/lib:/home/kush/UR5_Project_New/install/moveit_ros_planning/lib:/home/kush/UR5_Project_New/install/moveit_ros_occupancy_map_monitor/lib:/home/kush/UR5_Project_New/install/moveit_core/lib:/home/kush/UR5_Project_New/install/srdfdom/lib:${LD_LIBRARY_PATH} PATH=/home/kush/UR5_Project_New/install/moveit_core/bin:${PATH} PYTHONPATH=/home/kush/UR5_Project_New/install/srdfdom/local/lib/python3.10/dist-packages:${PYTHONPATH} /usr/bin/cmake /home/kush/UR5_Project_New/src/moveit2/moveit_setup_assistant/moveit_setup_srdf_plugins -DCMAKE_INSTALL_PREFIX=/home/kush/UR5_Project_New/install/moveit_setup_srdf_plugins
[0.400s] -- Found moveit_common: 2.5.4 (/home/kush/UR5_Project_New/install/moveit_common/share/moveit_common/cmake)
[0.402s] -- Found ament_cmake: 1.3.5 (/opt/ros/humble/share/ament_cmake/cmake)
[1.365s] -- Could NOT find libbfd (missing: LIBBFD_LIBRARY LIBBFD_INCLUDE_DIR) 
[1.367s] -- BACKWARD_HAS_UNWIND=1
[1.367s] -- BACKWARD_HAS_BACKTRACE=0
[1.367s] -- BACKWARD_HAS_BACKTRACE_SYMBOL=0
[1.367s] -- BACKWARD_HAS_DW=1
[1.370s] -- BACKWARD_HAS_BFD=0
[1.370s] -- Found Backward: /opt/ros/humble/share/backward_ros/cmake  
[1.370s] -- Found ament_cmake_ros: 0.10.0 (/opt/ros/humble/share/ament_cmake_ros/cmake)
[1.374s] -- Found moveit_setup_framework: 2.5.4 (/home/kush/UR5_Project_New/install/moveit_setup_framework/share/moveit_setup_framework/cmake)
[1.482s] -- Found rosidl_generator_c: 3.1.5 (/opt/ros/humble/share/rosidl_generator_c/cmake)
[1.490s] -- Found rosidl_adapter: 3.1.5 (/opt/ros/humble/share/rosidl_adapter/cmake)
[1.509s] -- Found rosidl_generator_cpp: 3.1.5 (/opt/ros/humble/share/rosidl_generator_cpp/cmake)
[1.541s] -- Using all available rosidl_typesupport_c: rosidl_typesupport_fastrtps_c;rosidl_typesupport_introspection_c
[1.584s] -- Using all available rosidl_typesupport_cpp: rosidl_typesupport_fastrtps_cpp;rosidl_typesupport_introspection_cpp
[1.704s] -- Found rmw_implementation_cmake: 6.1.1 (/opt/ros/humble/share/rmw_implementation_cmake/cmake)
[1.708s] -- Found rmw_fastrtps_cpp: 6.2.3 (/opt/ros/humble/share/rmw_fastrtps_cpp/cmake)
[2.003s] -- Using RMW implementation 'rmw_fastrtps_cpp' as default
[2.525s] -- Found Boost: /usr/lib/x86_64-linux-gnu/cmake/Boost-1.74.0/BoostConfig.cmake (found version "1.74.0") found components: chrono date_time filesystem iostreams program_options regex serialization system thread 
[2.542s] -- Found parameter_traits: 0.3.3 (/opt/ros/humble/share/parameter_traits/cmake)
[2.585s] -- Found rclcpp_lifecycle: 16.0.5 (/opt/ros/humble/share/rclcpp_lifecycle/cmake)
[2.711s] -- Found Boost: /usr/lib/x86_64-linux-gnu/cmake/Boost-1.74.0/BoostConfig.cmake (found version "1.74.0") found components: filesystem 
[2.919s] -- library: /usr/lib/x86_64-linux-gnu/libcurl.so
[3.830s] -- Ensuring Eigen3 include directory is part of orocos-kdl CMake target
[8.219s] -- Found Boost: /usr/lib/x86_64-linux-gnu/cmake/Boost-1.74.0/BoostConfig.cmake (found version "1.74.0") found components: system filesystem date_time program_options thread chrono 
[10.134s] -- Found Boost: /usr/lib/x86_64-linux-gnu/cmake/Boost-1.74.0/BoostConfig.cmake (found version "1.74.0") found components: thread date_time system filesystem 
[10.432s] -- Found Boost: /usr/lib/x86_64-linux-gnu/cmake/Boost-1.74.0/BoostConfig.cmake (found version "1.74.0") found components: date_time filesystem program_options system thread 
[11.035s] -- Found Boost: /usr/lib/x86_64-linux-gnu/cmake/Boost-1.74.0/BoostConfig.cmake (found version "1.74.0") found components: thread system filesystem regex date_time program_options 
[11.732s] -- Found Boost: /usr/lib/x86_64-linux-gnu/cmake/Boost-1.74.0/BoostConfig.cmake (found version "1.74.0") found components: system filesystem date_time program_options thread 
[15.051s] -- Setting OGRE_DIR to: '/opt/ros/humble/share/rviz_ogre_vendor/cmake/../../../opt/rviz_ogre_vendor/lib/OGRE/cmake'
[15.051s] -- Found OGRE
[15.051s] --   static     : OFF
[15.052s] --   components : HLMS;MeshLodGenerator;Overlay;Paging;Property;RTShaderSystem;Terrain;Volume
[15.052s] --   plugins    : Plugin_BSPSceneManager;Plugin_OctreeSceneManager;Plugin_PCZSceneManager;Plugin_ParticleFX;RenderSystem_GL;RenderSystem_GL3Plus;Codec_STBI
[15.052s] --   media      : /opt/ros/humble/opt/rviz_ogre_vendor/share/OGRE/Media
[15.052s] -- OGRE_LIBRARIES: OgreHLMS;OgreMeshLodGenerator;OgreOverlay;OgrePaging;OgreProperty;OgreRTShaderSystem;OgreTerrain;OgreVolume;OgreMain
[15.052s] -- OGRE_LIBRARY_DIRS: /opt/ros/humble/opt/rviz_ogre_vendor/lib
[15.052s] -- OGRE_PLUGINS: Plugin_BSPSceneManager;Plugin_OctreeSceneManager;Plugin_PCZSceneManager;Plugin_ParticleFX;RenderSystem_GL;RenderSystem_GL3Plus;Codec_STBI
[15.053s] -- OGRE_PLUGIN_DIR: /opt/ros/humble/opt/rviz_ogre_vendor/lib/OGRE
[15.053s] -- rviz_ogre_vendor::OgreOverlay for IMPORTED_LOCATION_RELEASE: /opt/ros/humble/opt/rviz_ogre_vendor/lib/libOgreOverlay.so
[15.053s] -- rviz_ogre_vendor::OgreOverlay for IMPORTED_LOCATION_DEBUG: /opt/ros/humble/opt/rviz_ogre_vendor/lib/libOgreOverlay.so
[15.053s] -- rviz_ogre_vendor::OgreMain for IMPORTED_LOCATION_RELEASE: /opt/ros/humble/opt/rviz_ogre_vendor/lib/libOgreMain.so
[15.053s] -- rviz_ogre_vendor::OgreMain for IMPORTED_LOCATION_DEBUG: /opt/ros/humble/opt/rviz_ogre_vendor/lib/libOgreMain.so
[15.053s] -- Could not find freeimage library
[15.532s] -- rviz_ogre_vendor::RenderSystem_GL for IMPORTED_LOCATION_RELEASE: _render_system_gl_static_library_abs-NOTFOUND
[15.533s] -- rviz_ogre_vendor::RenderSystem_GL for IMPORTED_LOCATION_DEBUG: _render_system_gl_static_library_abs-NOTFOUND
[17.930s] -- Found ament_lint_auto: 0.12.7 (/opt/ros/humble/share/ament_lint_auto/cmake)
[17.963s] -- Found gtest sources under '/opt/ros/humble/src/gtest_vendor': C++ tests using 'Google Test' will be built
[18.001s] -- Added test 'lint_cmake' to check CMake code style
[18.004s] -- Added test 'xmllint' to check XML markup files
[18.026s] -- Configuring done
[18.403s] -- Generating done
[18.429s] -- Build files have been written to: /home/kush/UR5_Project_New/build/moveit_setup_srdf_plugins
[18.495s] Invoked command in '/home/kush/UR5_Project_New/build/moveit_setup_srdf_plugins' returned '0': AMENT_PREFIX_PATH=/home/kush/UR5_Project_New/install/moveit_setup_framework:/home/kush/UR5_Project_New/install/moveit_ros_visualization:/home/kush/UR5_Project_New/install/moveit_ros_planning_interface:/home/kush/UR5_Project_New/install/moveit_ros_move_group:/home/kush/UR5_Project_New/install/moveit_ros_warehouse:/home/kush/UR5_Project_New/install/moveit_ros_robot_interaction:/home/kush/UR5_Project_New/install/moveit_kinematics:/home/kush/UR5_Project_New/install/moveit_ros_planning:/home/kush/UR5_Project_New/install/moveit_ros_occupancy_map_monitor:/home/kush/UR5_Project_New/install/moveit_core:/home/kush/UR5_Project_New/install/srdfdom:/home/kush/UR5_Project_New/install/moveit_resources_fanuc_description:/home/kush/UR5_Project_New/install/moveit_common:${AMENT_PREFIX_PATH} CMAKE_PREFIX_PATH=/home/kush/UR5_Project_New/install/moveit_setup_framework:/home/kush/UR5_Project_New/install/moveit_ros_visualization:/home/kush/UR5_Project_New/install/moveit_ros_planning_interface:/home/kush/UR5_Project_New/install/moveit_ros_move_group:/home/kush/UR5_Project_New/install/moveit_ros_warehouse:/home/kush/UR5_Project_New/install/moveit_ros_robot_interaction:/home/kush/UR5_Project_New/install/moveit_kinematics:/home/kush/UR5_Project_New/install/moveit_ros_planning:/home/kush/UR5_Project_New/install/moveit_ros_occupancy_map_monitor:/home/kush/UR5_Project_New/install/moveit_core:/home/kush/UR5_Project_New/install/srdfdom:/home/kush/UR5_Project_New/install/moveit_resources_fanuc_description:/home/kush/UR5_Project_New/install/moveit_common:/opt/ros/humble LD_LIBRARY_PATH=/home/kush/UR5_Project_New/install/moveit_setup_framework/lib:/home/kush/UR5_Project_New/install/moveit_ros_visualization/lib:/home/kush/UR5_Project_New/install/moveit_ros_planning_interface/lib:/home/kush/UR5_Project_New/install/moveit_ros_move_group/lib:/home/kush/UR5_Project_New/install/moveit_ros_warehouse/lib:/home/kush/UR5_Project_New/install/moveit_ros_robot_interaction/lib:/home/kush/UR5_Project_New/install/moveit_kinematics/lib:/home/kush/UR5_Project_New/install/moveit_ros_planning/lib:/home/kush/UR5_Project_New/install/moveit_ros_occupancy_map_monitor/lib:/home/kush/UR5_Project_New/install/moveit_core/lib:/home/kush/UR5_Project_New/install/srdfdom/lib:${LD_LIBRARY_PATH} PATH=/home/kush/UR5_Project_New/install/moveit_core/bin:${PATH} PYTHONPATH=/home/kush/UR5_Project_New/install/srdfdom/local/lib/python3.10/dist-packages:${PYTHONPATH} /usr/bin/cmake /home/kush/UR5_Project_New/src/moveit2/moveit_setup_assistant/moveit_setup_srdf_plugins -DCMAKE_INSTALL_PREFIX=/home/kush/UR5_Project_New/install/moveit_setup_srdf_plugins
[18.496s] Invoking command in '/home/kush/UR5_Project_New/build/moveit_setup_srdf_plugins': AMENT_PREFIX_PATH=/home/kush/UR5_Project_New/install/moveit_setup_framework:/home/kush/UR5_Project_New/install/moveit_ros_visualization:/home/kush/UR5_Project_New/install/moveit_ros_planning_interface:/home/kush/UR5_Project_New/install/moveit_ros_move_group:/home/kush/UR5_Project_New/install/moveit_ros_warehouse:/home/kush/UR5_Project_New/install/moveit_ros_robot_interaction:/home/kush/UR5_Project_New/install/moveit_kinematics:/home/kush/UR5_Project_New/install/moveit_ros_planning:/home/kush/UR5_Project_New/install/moveit_ros_occupancy_map_monitor:/home/kush/UR5_Project_New/install/moveit_core:/home/kush/UR5_Project_New/install/srdfdom:/home/kush/UR5_Project_New/install/moveit_resources_fanuc_description:/home/kush/UR5_Project_New/install/moveit_common:${AMENT_PREFIX_PATH} CMAKE_PREFIX_PATH=/home/kush/UR5_Project_New/install/moveit_setup_framework:/home/kush/UR5_Project_New/install/moveit_ros_visualization:/home/kush/UR5_Project_New/install/moveit_ros_planning_interface:/home/kush/UR5_Project_New/install/moveit_ros_move_group:/home/kush/UR5_Project_New/install/moveit_ros_warehouse:/home/kush/UR5_Project_New/install/moveit_ros_robot_interaction:/home/kush/UR5_Project_New/install/moveit_kinematics:/home/kush/UR5_Project_New/install/moveit_ros_planning:/home/kush/UR5_Project_New/install/moveit_ros_occupancy_map_monitor:/home/kush/UR5_Project_New/install/moveit_core:/home/kush/UR5_Project_New/install/srdfdom:/home/kush/UR5_Project_New/install/moveit_resources_fanuc_description:/home/kush/UR5_Project_New/install/moveit_common:/opt/ros/humble LD_LIBRARY_PATH=/home/kush/UR5_Project_New/install/moveit_setup_framework/lib:/home/kush/UR5_Project_New/install/moveit_ros_visualization/lib:/home/kush/UR5_Project_New/install/moveit_ros_planning_interface/lib:/home/kush/UR5_Project_New/install/moveit_ros_move_group/lib:/home/kush/UR5_Project_New/install/moveit_ros_warehouse/lib:/home/kush/UR5_Project_New/install/moveit_ros_robot_interaction/lib:/home/kush/UR5_Project_New/install/moveit_kinematics/lib:/home/kush/UR5_Project_New/install/moveit_ros_planning/lib:/home/kush/UR5_Project_New/install/moveit_ros_occupancy_map_monitor/lib:/home/kush/UR5_Project_New/install/moveit_core/lib:/home/kush/UR5_Project_New/install/srdfdom/lib:${LD_LIBRARY_PATH} PATH=/home/kush/UR5_Project_New/install/moveit_core/bin:${PATH} PYTHONPATH=/home/kush/UR5_Project_New/install/srdfdom/local/lib/python3.10/dist-packages:${PYTHONPATH} /usr/bin/cmake --build /home/kush/UR5_Project_New/build/moveit_setup_srdf_plugins -- -j4 -l4
[19.017s] [35m[1mConsolidate compiler generated dependencies of target moveit_setup_srdf_plugins[0m
[19.734s] [ 87%] Built target moveit_setup_srdf_plugins
[19.777s] [35m[1mConsolidate compiler generated dependencies of target gtest[0m
[19.824s] [ 91%] Built target gtest
[19.851s] [35m[1mConsolidate compiler generated dependencies of target gtest_main[0m
[19.891s] [ 95%] Built target gtest_main
[19.961s] [35m[1mConsolidate compiler generated dependencies of target test_srdf[0m
[20.028s] [100%] Built target test_srdf
[20.082s] Invoked command in '/home/kush/UR5_Project_New/build/moveit_setup_srdf_plugins' returned '0': AMENT_PREFIX_PATH=/home/kush/UR5_Project_New/install/moveit_setup_framework:/home/kush/UR5_Project_New/install/moveit_ros_visualization:/home/kush/UR5_Project_New/install/moveit_ros_planning_interface:/home/kush/UR5_Project_New/install/moveit_ros_move_group:/home/kush/UR5_Project_New/install/moveit_ros_warehouse:/home/kush/UR5_Project_New/install/moveit_ros_robot_interaction:/home/kush/UR5_Project_New/install/moveit_kinematics:/home/kush/UR5_Project_New/install/moveit_ros_planning:/home/kush/UR5_Project_New/install/moveit_ros_occupancy_map_monitor:/home/kush/UR5_Project_New/install/moveit_core:/home/kush/UR5_Project_New/install/srdfdom:/home/kush/UR5_Project_New/install/moveit_resources_fanuc_description:/home/kush/UR5_Project_New/install/moveit_common:${AMENT_PREFIX_PATH} CMAKE_PREFIX_PATH=/home/kush/UR5_Project_New/install/moveit_setup_framework:/home/kush/UR5_Project_New/install/moveit_ros_visualization:/home/kush/UR5_Project_New/install/moveit_ros_planning_interface:/home/kush/UR5_Project_New/install/moveit_ros_move_group:/home/kush/UR5_Project_New/install/moveit_ros_warehouse:/home/kush/UR5_Project_New/install/moveit_ros_robot_interaction:/home/kush/UR5_Project_New/install/moveit_kinematics:/home/kush/UR5_Project_New/install/moveit_ros_planning:/home/kush/UR5_Project_New/install/moveit_ros_occupancy_map_monitor:/home/kush/UR5_Project_New/install/moveit_core:/home/kush/UR5_Project_New/install/srdfdom:/home/kush/UR5_Project_New/install/moveit_resources_fanuc_description:/home/kush/UR5_Project_New/install/moveit_common:/opt/ros/humble LD_LIBRARY_PATH=/home/kush/UR5_Project_New/install/moveit_setup_framework/lib:/home/kush/UR5_Project_New/install/moveit_ros_visualization/lib:/home/kush/UR5_Project_New/install/moveit_ros_planning_interface/lib:/home/kush/UR5_Project_New/install/moveit_ros_move_group/lib:/home/kush/UR5_Project_New/install/moveit_ros_warehouse/lib:/home/kush/UR5_Project_New/install/moveit_ros_robot_interaction/lib:/home/kush/UR5_Project_New/install/moveit_kinematics/lib:/home/kush/UR5_Project_New/install/moveit_ros_planning/lib:/home/kush/UR5_Project_New/install/moveit_ros_occupancy_map_monitor/lib:/home/kush/UR5_Project_New/install/moveit_core/lib:/home/kush/UR5_Project_New/install/srdfdom/lib:${LD_LIBRARY_PATH} PATH=/home/kush/UR5_Project_New/install/moveit_core/bin:${PATH} PYTHONPATH=/home/kush/UR5_Project_New/install/srdfdom/local/lib/python3.10/dist-packages:${PYTHONPATH} /usr/bin/cmake --build /home/kush/UR5_Project_New/build/moveit_setup_srdf_plugins -- -j4 -l4
[20.342s] Invoking command in '/home/kush/UR5_Project_New/build/moveit_setup_srdf_plugins': AMENT_PREFIX_PATH=/home/kush/UR5_Project_New/install/moveit_setup_framework:/home/kush/UR5_Project_New/install/moveit_ros_visualization:/home/kush/UR5_Project_New/install/moveit_ros_planning_interface:/home/kush/UR5_Project_New/install/moveit_ros_move_group:/home/kush/UR5_Project_New/install/moveit_ros_warehouse:/home/kush/UR5_Project_New/install/moveit_ros_robot_interaction:/home/kush/UR5_Project_New/install/moveit_kinematics:/home/kush/UR5_Project_New/install/moveit_ros_planning:/home/kush/UR5_Project_New/install/moveit_ros_occupancy_map_monitor:/home/kush/UR5_Project_New/install/moveit_core:/home/kush/UR5_Project_New/install/srdfdom:/home/kush/UR5_Project_New/install/moveit_resources_fanuc_description:/home/kush/UR5_Project_New/install/moveit_common:${AMENT_PREFIX_PATH} CMAKE_PREFIX_PATH=/home/kush/UR5_Project_New/install/moveit_setup_framework:/home/kush/UR5_Project_New/install/moveit_ros_visualization:/home/kush/UR5_Project_New/install/moveit_ros_planning_interface:/home/kush/UR5_Project_New/install/moveit_ros_move_group:/home/kush/UR5_Project_New/install/moveit_ros_warehouse:/home/kush/UR5_Project_New/install/moveit_ros_robot_interaction:/home/kush/UR5_Project_New/install/moveit_kinematics:/home/kush/UR5_Project_New/install/moveit_ros_planning:/home/kush/UR5_Project_New/install/moveit_ros_occupancy_map_monitor:/home/kush/UR5_Project_New/install/moveit_core:/home/kush/UR5_Project_New/install/srdfdom:/home/kush/UR5_Project_New/install/moveit_resources_fanuc_description:/home/kush/UR5_Project_New/install/moveit_common:/opt/ros/humble LD_LIBRARY_PATH=/home/kush/UR5_Project_New/install/moveit_setup_framework/lib:/home/kush/UR5_Project_New/install/moveit_ros_visualization/lib:/home/kush/UR5_Project_New/install/moveit_ros_planning_interface/lib:/home/kush/UR5_Project_New/install/moveit_ros_move_group/lib:/home/kush/UR5_Project_New/install/moveit_ros_warehouse/lib:/home/kush/UR5_Project_New/install/moveit_ros_robot_interaction/lib:/home/kush/UR5_Project_New/install/moveit_kinematics/lib:/home/kush/UR5_Project_New/install/moveit_ros_planning/lib:/home/kush/UR5_Project_New/install/moveit_ros_occupancy_map_monitor/lib:/home/kush/UR5_Project_New/install/moveit_core/lib:/home/kush/UR5_Project_New/install/srdfdom/lib:${LD_LIBRARY_PATH} PATH=/home/kush/UR5_Project_New/install/moveit_core/bin:${PATH} PYTHONPATH=/home/kush/UR5_Project_New/install/srdfdom/local/lib/python3.10/dist-packages:${PYTHONPATH} /usr/bin/cmake --install /home/kush/UR5_Project_New/build/moveit_setup_srdf_plugins
[20.363s] -- Install configuration: "Release"
[20.392s] -- Up-to-date: /home/kush/UR5_Project_New/install/moveit_setup_srdf_plugins/lib/libmoveit_setup_srdf_plugins.so
[20.396s] -- Up-to-date: /home/kush/UR5_Project_New/install/moveit_setup_srdf_plugins/share/moveit_setup_srdf_plugins/moveit_setup_framework_plugins.xml
[20.398s] -- Up-to-date: /home/kush/UR5_Project_New/install/moveit_setup_srdf_plugins/include
[20.398s] -- Up-to-date: /home/kush/UR5_Project_New/install/moveit_setup_srdf_plugins/include/moveit_setup_srdf_plugins
[20.399s] -- Up-to-date: /home/kush/UR5_Project_New/install/moveit_setup_srdf_plugins/include/moveit_setup_srdf_plugins/virtual_joints_widget.hpp
[20.399s] -- Up-to-date: /home/kush/UR5_Project_New/install/moveit_setup_srdf_plugins/include/moveit_setup_srdf_plugins/kinematic_chain_widget.hpp
[20.399s] -- Up-to-date: /home/kush/UR5_Project_New/install/moveit_setup_srdf_plugins/include/moveit_setup_srdf_plugins/end_effectors_widget.hpp
[20.400s] -- Up-to-date: /home/kush/UR5_Project_New/install/moveit_setup_srdf_plugins/include/moveit_setup_srdf_plugins/collision_linear_model.hpp
[20.400s] -- Up-to-date: /home/kush/UR5_Project_New/install/moveit_setup_srdf_plugins/include/moveit_setup_srdf_plugins/end_effectors.hpp
[20.404s] -- Up-to-date: /home/kush/UR5_Project_New/install/moveit_setup_srdf_plugins/include/moveit_setup_srdf_plugins/rotated_header_view.hpp
[20.405s] -- Up-to-date: /home/kush/UR5_Project_New/install/moveit_setup_srdf_plugins/include/moveit_setup_srdf_plugins/robot_poses_widget.hpp
[20.405s] -- Up-to-date: /home/kush/UR5_Project_New/install/moveit_setup_srdf_plugins/include/moveit_setup_srdf_plugins/robot_poses.hpp
[20.405s] -- Up-to-date: /home/kush/UR5_Project_New/install/moveit_setup_srdf_plugins/include/moveit_setup_srdf_plugins/virtual_joints.hpp
[20.405s] -- Up-to-date: /home/kush/UR5_Project_New/install/moveit_setup_srdf_plugins/include/moveit_setup_srdf_plugins/group_meta_config.hpp
[20.405s] -- Up-to-date: /home/kush/UR5_Project_New/install/moveit_setup_srdf_plugins/include/moveit_setup_srdf_plugins/planning_groups_widget.hpp
[20.408s] -- Up-to-date: /home/kush/UR5_Project_New/install/moveit_setup_srdf_plugins/include/moveit_setup_srdf_plugins/passive_joints_widget.hpp
[20.408s] -- Up-to-date: /home/kush/UR5_Project_New/install/moveit_setup_srdf_plugins/include/moveit_setup_srdf_plugins/srdf_step.hpp
[20.409s] -- Up-to-date: /home/kush/UR5_Project_New/install/moveit_setup_srdf_plugins/include/moveit_setup_srdf_plugins/passive_joints.hpp
[20.409s] -- Up-to-date: /home/kush/UR5_Project_New/install/moveit_setup_srdf_plugins/include/moveit_setup_srdf_plugins/default_collisions.hpp
[20.409s] -- Up-to-date: /home/kush/UR5_Project_New/install/moveit_setup_srdf_plugins/include/moveit_setup_srdf_plugins/default_collisions_widget.hpp
[20.409s] -- Up-to-date: /home/kush/UR5_Project_New/install/moveit_setup_srdf_plugins/include/moveit_setup_srdf_plugins/compute_default_collisions.hpp
[20.409s] -- Up-to-date: /home/kush/UR5_Project_New/install/moveit_setup_srdf_plugins/include/moveit_setup_srdf_plugins/collision_matrix_model.hpp
[20.409s] -- Up-to-date: /home/kush/UR5_Project_New/install/moveit_setup_srdf_plugins/include/moveit_setup_srdf_plugins/planning_groups.hpp
[20.410s] -- Up-to-date: /home/kush/UR5_Project_New/install/moveit_setup_srdf_plugins/include/moveit_setup_srdf_plugins/group_edit_widget.hpp
[20.410s] -- Up-to-date: /home/kush/UR5_Project_New/install/moveit_setup_srdf_plugins/share/moveit_setup_srdf_plugins/environment/library_path.sh
[20.410s] -- Installing: /home/kush/UR5_Project_New/install/moveit_setup_srdf_plugins/share/moveit_setup_srdf_plugins/environment/library_path.dsv
[20.420s] -- Up-to-date: /home/kush/UR5_Project_New/install/moveit_setup_srdf_plugins/share/moveit_setup_srdf_plugins/moveit_setup_framework_plugins.xml
[20.420s] -- Up-to-date: /home/kush/UR5_Project_New/install/moveit_setup_srdf_plugins/share/ament_index/resource_index/package_run_dependencies/moveit_setup_srdf_plugins
[20.421s] -- Up-to-date: /home/kush/UR5_Project_New/install/moveit_setup_srdf_plugins/share/ament_index/resource_index/parent_prefix_path/moveit_setup_srdf_plugins
[20.423s] -- Up-to-date: /home/kush/UR5_Project_New/install/moveit_setup_srdf_plugins/share/moveit_setup_srdf_plugins/environment/ament_prefix_path.sh
[20.423s] -- Installing: /home/kush/UR5_Project_New/install/moveit_setup_srdf_plugins/share/moveit_setup_srdf_plugins/environment/ament_prefix_path.dsv
[20.423s] -- Up-to-date: /home/kush/UR5_Project_New/install/moveit_setup_srdf_plugins/share/moveit_setup_srdf_plugins/environment/path.sh
[20.423s] -- Installing: /home/kush/UR5_Project_New/install/moveit_setup_srdf_plugins/share/moveit_setup_srdf_plugins/environment/path.dsv
[20.424s] -- Up-to-date: /home/kush/UR5_Project_New/install/moveit_setup_srdf_plugins/share/moveit_setup_srdf_plugins/local_setup.bash
[20.424s] -- Up-to-date: /home/kush/UR5_Project_New/install/moveit_setup_srdf_plugins/share/moveit_setup_srdf_plugins/local_setup.sh
[20.424s] -- Up-to-date: /home/kush/UR5_Project_New/install/moveit_setup_srdf_plugins/share/moveit_setup_srdf_plugins/local_setup.zsh
[20.424s] -- Installing: /home/kush/UR5_Project_New/install/moveit_setup_srdf_plugins/share/moveit_setup_srdf_plugins/local_setup.dsv
[20.424s] -- Installing: /home/kush/UR5_Project_New/install/moveit_setup_srdf_plugins/share/moveit_setup_srdf_plugins/package.dsv
[20.425s] -- Up-to-date: /home/kush/UR5_Project_New/install/moveit_setup_srdf_plugins/share/ament_index/resource_index/packages/moveit_setup_srdf_plugins
[20.426s] -- Up-to-date: /home/kush/UR5_Project_New/install/moveit_setup_srdf_plugins/share/ament_index/resource_index/moveit_setup_framework__pluginlib__plugin/moveit_setup_srdf_plugins
[20.435s] -- Up-to-date: /home/kush/UR5_Project_New/install/moveit_setup_srdf_plugins/share/moveit_setup_srdf_plugins/cmake/export_moveit_setup_srdf_pluginsExport.cmake
[20.435s] -- Up-to-date: /home/kush/UR5_Project_New/install/moveit_setup_srdf_plugins/share/moveit_setup_srdf_plugins/cmake/export_moveit_setup_srdf_pluginsExport-release.cmake
[20.435s] -- Up-to-date: /home/kush/UR5_Project_New/install/moveit_setup_srdf_plugins/share/moveit_setup_srdf_plugins/cmake/ament_cmake_export_include_directories-extras.cmake
[20.435s] -- Up-to-date: /home/kush/UR5_Project_New/install/moveit_setup_srdf_plugins/share/moveit_setup_srdf_plugins/cmake/ament_cmake_export_libraries-extras.cmake
[20.435s] -- Up-to-date: /home/kush/UR5_Project_New/install/moveit_setup_srdf_plugins/share/moveit_setup_srdf_plugins/cmake/ament_cmake_export_targets-extras.cmake
[20.451s] -- Up-to-date: /home/kush/UR5_Project_New/install/moveit_setup_srdf_plugins/share/moveit_setup_srdf_plugins/cmake/moveit_setup_srdf_pluginsConfig.cmake
[20.451s] -- Up-to-date: /home/kush/UR5_Project_New/install/moveit_setup_srdf_plugins/share/moveit_setup_srdf_plugins/cmake/moveit_setup_srdf_pluginsConfig-version.cmake
[20.452s] -- Up-to-date: /home/kush/UR5_Project_New/install/moveit_setup_srdf_plugins/share/moveit_setup_srdf_plugins/package.xml
[20.452s] Invoked command in '/home/kush/UR5_Project_New/build/moveit_setup_srdf_plugins' returned '0': AMENT_PREFIX_PATH=/home/kush/UR5_Project_New/install/moveit_setup_framework:/home/kush/UR5_Project_New/install/moveit_ros_visualization:/home/kush/UR5_Project_New/install/moveit_ros_planning_interface:/home/kush/UR5_Project_New/install/moveit_ros_move_group:/home/kush/UR5_Project_New/install/moveit_ros_warehouse:/home/kush/UR5_Project_New/install/moveit_ros_robot_interaction:/home/kush/UR5_Project_New/install/moveit_kinematics:/home/kush/UR5_Project_New/install/moveit_ros_planning:/home/kush/UR5_Project_New/install/moveit_ros_occupancy_map_monitor:/home/kush/UR5_Project_New/install/moveit_core:/home/kush/UR5_Project_New/install/srdfdom:/home/kush/UR5_Project_New/install/moveit_resources_fanuc_description:/home/kush/UR5_Project_New/install/moveit_common:${AMENT_PREFIX_PATH} CMAKE_PREFIX_PATH=/home/kush/UR5_Project_New/install/moveit_setup_framework:/home/kush/UR5_Project_New/install/moveit_ros_visualization:/home/kush/UR5_Project_New/install/moveit_ros_planning_interface:/home/kush/UR5_Project_New/install/moveit_ros_move_group:/home/kush/UR5_Project_New/install/moveit_ros_warehouse:/home/kush/UR5_Project_New/install/moveit_ros_robot_interaction:/home/kush/UR5_Project_New/install/moveit_kinematics:/home/kush/UR5_Project_New/install/moveit_ros_planning:/home/kush/UR5_Project_New/install/moveit_ros_occupancy_map_monitor:/home/kush/UR5_Project_New/install/moveit_core:/home/kush/UR5_Project_New/install/srdfdom:/home/kush/UR5_Project_New/install/moveit_resources_fanuc_description:/home/kush/UR5_Project_New/install/moveit_common:/opt/ros/humble LD_LIBRARY_PATH=/home/kush/UR5_Project_New/install/moveit_setup_framework/lib:/home/kush/UR5_Project_New/install/moveit_ros_visualization/lib:/home/kush/UR5_Project_New/install/moveit_ros_planning_interface/lib:/home/kush/UR5_Project_New/install/moveit_ros_move_group/lib:/home/kush/UR5_Project_New/install/moveit_ros_warehouse/lib:/home/kush/UR5_Project_New/install/moveit_ros_robot_interaction/lib:/home/kush/UR5_Project_New/install/moveit_kinematics/lib:/home/kush/UR5_Project_New/install/moveit_ros_planning/lib:/home/kush/UR5_Project_New/install/moveit_ros_occupancy_map_monitor/lib:/home/kush/UR5_Project_New/install/moveit_core/lib:/home/kush/UR5_Project_New/install/srdfdom/lib:${LD_LIBRARY_PATH} PATH=/home/kush/UR5_Project_New/install/moveit_core/bin:${PATH} PYTHONPATH=/home/kush/UR5_Project_New/install/srdfdom/local/lib/python3.10/dist-packages:${PYTHONPATH} /usr/bin/cmake --install /home/kush/UR5_Project_New/build/moveit_setup_srdf_plugins
