[0.134s] Invoking command in '/home/kush/UR5_Project_New/build/moveit_ros_perception': AMENT_PREFIX_PATH=/home/kush/UR5_Project_New/install/moveit_ros_planning:/home/kush/UR5_Project_New/install/moveit_ros_occupancy_map_monitor:/home/kush/UR5_Project_New/install/moveit_core:/home/kush/UR5_Project_New/install/srdfdom:/home/kush/UR5_Project_New/install/moveit_common:${AMENT_PREFIX_PATH} CMAKE_PREFIX_PATH=/home/kush/UR5_Project_New/install/moveit_ros_planning:/home/kush/UR5_Project_New/install/moveit_ros_occupancy_map_monitor:/home/kush/UR5_Project_New/install/moveit_core:/home/kush/UR5_Project_New/install/srdfdom:/home/kush/UR5_Project_New/install/moveit_common:/opt/ros/humble LD_LIBRARY_PATH=/home/kush/UR5_Project_New/install/moveit_ros_planning/lib:/home/kush/UR5_Project_New/install/moveit_ros_occupancy_map_monitor/lib:/home/kush/UR5_Project_New/install/moveit_core/lib:/home/kush/UR5_Project_New/install/srdfdom/lib:${LD_LIBRARY_PATH} PATH=/home/kush/UR5_Project_New/install/moveit_core/bin:${PATH} PYTHONPATH=/home/kush/UR5_Project_New/install/srdfdom/local/lib/python3.10/dist-packages:${PYTHONPATH} /usr/bin/cmake /home/kush/UR5_Project_New/src/moveit2/moveit_ros/perception -DCMAKE_INSTALL_PREFIX=/home/kush/UR5_Project_New/install/moveit_ros_perception
[0.286s] -- Found moveit_common: 2.5.4 (/home/kush/UR5_Project_New/install/moveit_common/share/moveit_common/cmake)
[0.286s] -- Found ament_cmake: 1.3.5 (/opt/ros/humble/share/ament_cmake/cmake)
[1.310s] -- Could NOT find libbfd (missing: LIBBFD_LIBRARY LIBBFD_INCLUDE_DIR) 
[1.310s] -- BACKWARD_HAS_UNWIND=1
[1.310s] -- BACKWARD_HAS_BACKTRACE=0
[1.311s] -- BACKWARD_HAS_BACKTRACE_SYMBOL=0
[1.311s] -- BACKWARD_HAS_DW=1
[1.311s] -- BACKWARD_HAS_BFD=0
[1.330s] -- Found Backward: /opt/ros/humble/share/backward_ros/cmake  
[1.693s] -- Checking for module 'glut'
[1.740s] --   No package 'glut' found
[1.861s] -- Found cv_bridge: 3.2.1 (/opt/ros/humble/share/cv_bridge/cmake)
[2.208s] -- Found rosidl_generator_c: 3.1.5 (/opt/ros/humble/share/rosidl_generator_c/cmake)
[2.241s] -- Found rosidl_adapter: 3.1.5 (/opt/ros/humble/share/rosidl_adapter/cmake)
[2.284s] -- Found rosidl_generator_cpp: 3.1.5 (/opt/ros/humble/share/rosidl_generator_cpp/cmake)
[2.387s] -- Using all available rosidl_typesupport_c: rosidl_typesupport_fastrtps_c;rosidl_typesupport_introspection_c
[2.467s] -- Using all available rosidl_typesupport_cpp: rosidl_typesupport_fastrtps_cpp;rosidl_typesupport_introspection_cpp
[3.322s] -- Found moveit_core: 2.5.4 (/home/kush/UR5_Project_New/install/moveit_core/share/moveit_core/cmake)
[3.366s] -- Found Boost: /usr/lib/x86_64-linux-gnu/cmake/Boost-1.74.0/BoostConfig.cmake (found version "1.74.0") found components: chrono date_time filesystem iostreams program_options regex serialization system thread 
[3.395s] -- Found parameter_traits: 0.3.3 (/opt/ros/humble/share/parameter_traits/cmake)
[3.491s] -- Found rmw_implementation_cmake: 6.1.1 (/opt/ros/humble/share/rmw_implementation_cmake/cmake)
[3.493s] -- Found rmw_fastrtps_cpp: 6.2.3 (/opt/ros/humble/share/rmw_fastrtps_cpp/cmake)
[3.797s] -- Using RMW implementation 'rmw_fastrtps_cpp' as default
[4.212s] -- Found rclcpp_lifecycle: 16.0.5 (/opt/ros/humble/share/rclcpp_lifecycle/cmake)
[4.362s] -- Found Boost: /usr/lib/x86_64-linux-gnu/cmake/Boost-1.74.0/BoostConfig.cmake (found version "1.74.0") found components: filesystem 
[4.453s] -- library: /usr/lib/x86_64-linux-gnu/libcurl.so
[5.145s] -- Ensuring Eigen3 include directory is part of orocos-kdl CMake target
[8.355s] -- Found image_transport: 3.1.5 (/opt/ros/humble/share/image_transport/cmake)
[9.314s] -- Found moveit_ros_occupancy_map_monitor: 2.5.4 (/home/kush/UR5_Project_New/install/moveit_ros_occupancy_map_monitor/share/moveit_ros_occupancy_map_monitor/cmake)
[9.824s] -- Found Boost: /usr/lib/x86_64-linux-gnu/cmake/Boost-1.74.0/BoostConfig.cmake (found version "1.74.0") found components: thread 
[10.219s] -- Found ament_lint_auto: 0.12.7 (/opt/ros/humble/share/ament_lint_auto/cmake)
[10.475s] -- Added test 'cppcheck' to perform static code analysis on C / C++ code
[10.476s] -- Configured cppcheck include dirs: /home/kush/UR5_Project_New/src/moveit2/moveit_ros/perception/depth_image_octomap_updater/include;/home/kush/UR5_Project_New/src/moveit2/moveit_ros/perception/lazy_free_space_updater/include;/home/kush/UR5_Project_New/src/moveit2/moveit_ros/perception/mesh_filter/include;/home/kush/UR5_Project_New/src/moveit2/moveit_ros/perception/point_containment_filter/include;/home/kush/UR5_Project_New/src/moveit2/moveit_ros/perception/pointcloud_octomap_updater/include;/home/kush/UR5_Project_New/src/moveit2/moveit_ros/perception/semantic_world/include
[10.476s] -- Configured cppcheck exclude dirs and/or files: 
[10.479s] -- Added test 'lint_cmake' to check CMake code style
[10.480s] -- Added test 'xmllint' to check XML markup files
[10.567s] -- Configuring done
[13.946s] -- Generating done
[13.992s] -- Build files have been written to: /home/kush/UR5_Project_New/build/moveit_ros_perception
[14.017s] Invoked command in '/home/kush/UR5_Project_New/build/moveit_ros_perception' returned '0': AMENT_PREFIX_PATH=/home/kush/UR5_Project_New/install/moveit_ros_planning:/home/kush/UR5_Project_New/install/moveit_ros_occupancy_map_monitor:/home/kush/UR5_Project_New/install/moveit_core:/home/kush/UR5_Project_New/install/srdfdom:/home/kush/UR5_Project_New/install/moveit_common:${AMENT_PREFIX_PATH} CMAKE_PREFIX_PATH=/home/kush/UR5_Project_New/install/moveit_ros_planning:/home/kush/UR5_Project_New/install/moveit_ros_occupancy_map_monitor:/home/kush/UR5_Project_New/install/moveit_core:/home/kush/UR5_Project_New/install/srdfdom:/home/kush/UR5_Project_New/install/moveit_common:/opt/ros/humble LD_LIBRARY_PATH=/home/kush/UR5_Project_New/install/moveit_ros_planning/lib:/home/kush/UR5_Project_New/install/moveit_ros_occupancy_map_monitor/lib:/home/kush/UR5_Project_New/install/moveit_core/lib:/home/kush/UR5_Project_New/install/srdfdom/lib:${LD_LIBRARY_PATH} PATH=/home/kush/UR5_Project_New/install/moveit_core/bin:${PATH} PYTHONPATH=/home/kush/UR5_Project_New/install/srdfdom/local/lib/python3.10/dist-packages:${PYTHONPATH} /usr/bin/cmake /home/kush/UR5_Project_New/src/moveit2/moveit_ros/perception -DCMAKE_INSTALL_PREFIX=/home/kush/UR5_Project_New/install/moveit_ros_perception
[14.020s] Invoking command in '/home/kush/UR5_Project_New/build/moveit_ros_perception': AMENT_PREFIX_PATH=/home/kush/UR5_Project_New/install/moveit_ros_planning:/home/kush/UR5_Project_New/install/moveit_ros_occupancy_map_monitor:/home/kush/UR5_Project_New/install/moveit_core:/home/kush/UR5_Project_New/install/srdfdom:/home/kush/UR5_Project_New/install/moveit_common:${AMENT_PREFIX_PATH} CMAKE_PREFIX_PATH=/home/kush/UR5_Project_New/install/moveit_ros_planning:/home/kush/UR5_Project_New/install/moveit_ros_occupancy_map_monitor:/home/kush/UR5_Project_New/install/moveit_core:/home/kush/UR5_Project_New/install/srdfdom:/home/kush/UR5_Project_New/install/moveit_common:/opt/ros/humble LD_LIBRARY_PATH=/home/kush/UR5_Project_New/install/moveit_ros_planning/lib:/home/kush/UR5_Project_New/install/moveit_ros_occupancy_map_monitor/lib:/home/kush/UR5_Project_New/install/moveit_core/lib:/home/kush/UR5_Project_New/install/srdfdom/lib:${LD_LIBRARY_PATH} PATH=/home/kush/UR5_Project_New/install/moveit_core/bin:${PATH} PYTHONPATH=/home/kush/UR5_Project_New/install/srdfdom/local/lib/python3.10/dist-packages:${PYTHONPATH} /usr/bin/cmake --build /home/kush/UR5_Project_New/build/moveit_ros_perception -- -j4 -l4
[14.135s] [35m[1mConsolidate compiler generated dependencies of target moveit_lazy_free_space_updater[0m
[14.163s] [ 10%] Built target moveit_lazy_free_space_updater
[14.294s] [35m[1mConsolidate compiler generated dependencies of target moveit_semantic_world[0m
[14.365s] [ 20%] Built target moveit_semantic_world
[14.478s] [35m[1mConsolidate compiler generated dependencies of target moveit_mesh_filter[0m
[14.561s] [ 50%] Built target moveit_mesh_filter
[14.604s] [35m[1mConsolidate compiler generated dependencies of target moveit_point_containment_filter[0m
[14.766s] [ 60%] Built target moveit_point_containment_filter
[14.880s] [35m[1mConsolidate compiler generated dependencies of target moveit_depth_image_octomap_updater_core[0m
[15.002s] [ 70%] Built target moveit_depth_image_octomap_updater_core
[15.097s] [35m[1mConsolidate compiler generated dependencies of target moveit_pointcloud_octomap_updater_core[0m
[15.247s] [ 80%] Built target moveit_pointcloud_octomap_updater_core
[15.318s] [35m[1mConsolidate compiler generated dependencies of target moveit_depth_image_octomap_updater[0m
[15.370s] [ 90%] Built target moveit_depth_image_octomap_updater
[15.425s] [35m[1mConsolidate compiler generated dependencies of target moveit_pointcloud_octomap_updater[0m
[15.479s] [100%] Built target moveit_pointcloud_octomap_updater
[15.538s] Invoked command in '/home/kush/UR5_Project_New/build/moveit_ros_perception' returned '0': AMENT_PREFIX_PATH=/home/kush/UR5_Project_New/install/moveit_ros_planning:/home/kush/UR5_Project_New/install/moveit_ros_occupancy_map_monitor:/home/kush/UR5_Project_New/install/moveit_core:/home/kush/UR5_Project_New/install/srdfdom:/home/kush/UR5_Project_New/install/moveit_common:${AMENT_PREFIX_PATH} CMAKE_PREFIX_PATH=/home/kush/UR5_Project_New/install/moveit_ros_planning:/home/kush/UR5_Project_New/install/moveit_ros_occupancy_map_monitor:/home/kush/UR5_Project_New/install/moveit_core:/home/kush/UR5_Project_New/install/srdfdom:/home/kush/UR5_Project_New/install/moveit_common:/opt/ros/humble LD_LIBRARY_PATH=/home/kush/UR5_Project_New/install/moveit_ros_planning/lib:/home/kush/UR5_Project_New/install/moveit_ros_occupancy_map_monitor/lib:/home/kush/UR5_Project_New/install/moveit_core/lib:/home/kush/UR5_Project_New/install/srdfdom/lib:${LD_LIBRARY_PATH} PATH=/home/kush/UR5_Project_New/install/moveit_core/bin:${PATH} PYTHONPATH=/home/kush/UR5_Project_New/install/srdfdom/local/lib/python3.10/dist-packages:${PYTHONPATH} /usr/bin/cmake --build /home/kush/UR5_Project_New/build/moveit_ros_perception -- -j4 -l4
[15.637s] Invoking command in '/home/kush/UR5_Project_New/build/moveit_ros_perception': AMENT_PREFIX_PATH=/home/kush/UR5_Project_New/install/moveit_ros_planning:/home/kush/UR5_Project_New/install/moveit_ros_occupancy_map_monitor:/home/kush/UR5_Project_New/install/moveit_core:/home/kush/UR5_Project_New/install/srdfdom:/home/kush/UR5_Project_New/install/moveit_common:${AMENT_PREFIX_PATH} CMAKE_PREFIX_PATH=/home/kush/UR5_Project_New/install/moveit_ros_planning:/home/kush/UR5_Project_New/install/moveit_ros_occupancy_map_monitor:/home/kush/UR5_Project_New/install/moveit_core:/home/kush/UR5_Project_New/install/srdfdom:/home/kush/UR5_Project_New/install/moveit_common:/opt/ros/humble LD_LIBRARY_PATH=/home/kush/UR5_Project_New/install/moveit_ros_planning/lib:/home/kush/UR5_Project_New/install/moveit_ros_occupancy_map_monitor/lib:/home/kush/UR5_Project_New/install/moveit_core/lib:/home/kush/UR5_Project_New/install/srdfdom/lib:${LD_LIBRARY_PATH} PATH=/home/kush/UR5_Project_New/install/moveit_core/bin:${PATH} PYTHONPATH=/home/kush/UR5_Project_New/install/srdfdom/local/lib/python3.10/dist-packages:${PYTHONPATH} /usr/bin/cmake --install /home/kush/UR5_Project_New/build/moveit_ros_perception
[15.670s] -- Install configuration: "Release"
[15.672s] -- Up-to-date: /home/kush/UR5_Project_New/install/moveit_ros_perception/include
[15.673s] -- Up-to-date: /home/kush/UR5_Project_New/install/moveit_ros_perception/include/moveit
[15.675s] -- Up-to-date: /home/kush/UR5_Project_New/install/moveit_ros_perception/include/moveit/lazy_free_space_updater
[15.677s] -- Up-to-date: /home/kush/UR5_Project_New/install/moveit_ros_perception/include/moveit/lazy_free_space_updater/lazy_free_space_updater.h
[15.679s] -- Up-to-date: /home/kush/UR5_Project_New/install/moveit_ros_perception/include
[15.680s] -- Up-to-date: /home/kush/UR5_Project_New/install/moveit_ros_perception/include/moveit
[15.682s] -- Up-to-date: /home/kush/UR5_Project_New/install/moveit_ros_perception/include/moveit/point_containment_filter
[15.684s] -- Up-to-date: /home/kush/UR5_Project_New/install/moveit_ros_perception/include/moveit/point_containment_filter/shape_mask.h
[15.686s] -- Up-to-date: /home/kush/UR5_Project_New/install/moveit_ros_perception/include
[15.687s] -- Up-to-date: /home/kush/UR5_Project_New/install/moveit_ros_perception/include/moveit
[15.688s] -- Up-to-date: /home/kush/UR5_Project_New/install/moveit_ros_perception/include/moveit/pointcloud_octomap_updater
[15.688s] -- Up-to-date: /home/kush/UR5_Project_New/install/moveit_ros_perception/include/moveit/pointcloud_octomap_updater/pointcloud_octomap_updater.h
[15.696s] -- Up-to-date: /home/kush/UR5_Project_New/install/moveit_ros_perception/include
[15.696s] -- Up-to-date: /home/kush/UR5_Project_New/install/moveit_ros_perception/include/moveit
[15.697s] -- Up-to-date: /home/kush/UR5_Project_New/install/moveit_ros_perception/include/moveit/mesh_filter
[15.697s] -- Up-to-date: /home/kush/UR5_Project_New/install/moveit_ros_perception/include/moveit/mesh_filter/mesh_filter_base.h
[15.697s] -- Up-to-date: /home/kush/UR5_Project_New/install/moveit_ros_perception/include/moveit/mesh_filter/gl_renderer.h
[15.698s] -- Up-to-date: /home/kush/UR5_Project_New/install/moveit_ros_perception/include/moveit/mesh_filter/stereo_camera_model.h
[15.698s] -- Up-to-date: /home/kush/UR5_Project_New/install/moveit_ros_perception/include/moveit/mesh_filter/depth_self_filter_nodelet.h
[15.698s] -- Up-to-date: /home/kush/UR5_Project_New/install/moveit_ros_perception/include/moveit/mesh_filter/transform_provider.h
[15.699s] -- Up-to-date: /home/kush/UR5_Project_New/install/moveit_ros_perception/include/moveit/mesh_filter/sensor_model.h
[15.699s] -- Up-to-date: /home/kush/UR5_Project_New/install/moveit_ros_perception/include/moveit/mesh_filter/gl_mesh.h
[15.699s] -- Up-to-date: /home/kush/UR5_Project_New/install/moveit_ros_perception/include/moveit/mesh_filter/filter_job.h
[15.700s] -- Up-to-date: /home/kush/UR5_Project_New/install/moveit_ros_perception/include/moveit/mesh_filter/mesh_filter.h
[15.700s] -- Up-to-date: /home/kush/UR5_Project_New/install/moveit_ros_perception/include/moveit_mesh_filter_export.h
[15.701s] -- Up-to-date: /home/kush/UR5_Project_New/install/moveit_ros_perception/include
[15.701s] -- Up-to-date: /home/kush/UR5_Project_New/install/moveit_ros_perception/include/moveit
[15.702s] -- Up-to-date: /home/kush/UR5_Project_New/install/moveit_ros_perception/include/moveit/depth_image_octomap_updater
[15.702s] -- Up-to-date: /home/kush/UR5_Project_New/install/moveit_ros_perception/include/moveit/depth_image_octomap_updater/depth_image_octomap_updater.h
[15.703s] -- Up-to-date: /home/kush/UR5_Project_New/install/moveit_ros_perception/include
[15.703s] -- Up-to-date: /home/kush/UR5_Project_New/install/moveit_ros_perception/include/moveit
[15.704s] -- Up-to-date: /home/kush/UR5_Project_New/install/moveit_ros_perception/include/moveit/semantic_world
[15.704s] -- Up-to-date: /home/kush/UR5_Project_New/install/moveit_ros_perception/include/moveit/semantic_world/semantic_world.h
[15.716s] -- Up-to-date: /home/kush/UR5_Project_New/install/moveit_ros_perception/lib/libmoveit_depth_image_octomap_updater.so.2.5.4
[15.717s] -- Up-to-date: /home/kush/UR5_Project_New/install/moveit_ros_perception/lib/libmoveit_depth_image_octomap_updater.so
[15.794s] -- Up-to-date: /home/kush/UR5_Project_New/install/moveit_ros_perception/lib/libmoveit_depth_image_octomap_updater_core.so.2.5.4
[15.794s] -- Up-to-date: /home/kush/UR5_Project_New/install/moveit_ros_perception/lib/libmoveit_depth_image_octomap_updater_core.so
[15.837s] -- Up-to-date: /home/kush/UR5_Project_New/install/moveit_ros_perception/lib/libmoveit_lazy_free_space_updater.so.2.5.4
[15.839s] -- Up-to-date: /home/kush/UR5_Project_New/install/moveit_ros_perception/lib/libmoveit_lazy_free_space_updater.so
[15.898s] -- Up-to-date: /home/kush/UR5_Project_New/install/moveit_ros_perception/lib/libmoveit_mesh_filter.so.2.5.4
[15.898s] -- Up-to-date: /home/kush/UR5_Project_New/install/moveit_ros_perception/lib/libmoveit_mesh_filter.so
[15.939s] -- Up-to-date: /home/kush/UR5_Project_New/install/moveit_ros_perception/lib/libmoveit_point_containment_filter.so.2.5.4
[15.942s] -- Up-to-date: /home/kush/UR5_Project_New/install/moveit_ros_perception/lib/libmoveit_point_containment_filter.so
[15.972s] -- Up-to-date: /home/kush/UR5_Project_New/install/moveit_ros_perception/lib/libmoveit_pointcloud_octomap_updater.so.2.5.4
[15.973s] -- Up-to-date: /home/kush/UR5_Project_New/install/moveit_ros_perception/lib/libmoveit_pointcloud_octomap_updater.so
[16.030s] -- Up-to-date: /home/kush/UR5_Project_New/install/moveit_ros_perception/lib/libmoveit_pointcloud_octomap_updater_core.so.2.5.4
[16.032s] -- Up-to-date: /home/kush/UR5_Project_New/install/moveit_ros_perception/lib/libmoveit_pointcloud_octomap_updater_core.so
[16.052s] -- Up-to-date: /home/kush/UR5_Project_New/install/moveit_ros_perception/lib/libmoveit_semantic_world.so.2.5.4
[16.054s] -- Up-to-date: /home/kush/UR5_Project_New/install/moveit_ros_perception/lib/libmoveit_semantic_world.so
[16.055s] -- Up-to-date: /home/kush/UR5_Project_New/install/moveit_ros_perception/share/moveit_ros_perception/environment/library_path.sh
[16.056s] -- Installing: /home/kush/UR5_Project_New/install/moveit_ros_perception/share/moveit_ros_perception/environment/library_path.dsv
[16.059s] -- Up-to-date: /home/kush/UR5_Project_New/install/moveit_ros_perception/share/moveit_ros_perception/pointcloud_octomap_updater_plugin_description.xml
[16.060s] -- Up-to-date: /home/kush/UR5_Project_New/install/moveit_ros_perception/share/moveit_ros_perception/depth_image_octomap_updater_plugin_description.xml
[16.060s] -- Up-to-date: /home/kush/UR5_Project_New/install/moveit_ros_perception/share/ament_index/resource_index/package_run_dependencies/moveit_ros_perception
[16.060s] -- Installing: /home/kush/UR5_Project_New/install/moveit_ros_perception/share/ament_index/resource_index/parent_prefix_path/moveit_ros_perception
[16.061s] -- Up-to-date: /home/kush/UR5_Project_New/install/moveit_ros_perception/share/moveit_ros_perception/environment/ament_prefix_path.sh
[16.061s] -- Installing: /home/kush/UR5_Project_New/install/moveit_ros_perception/share/moveit_ros_perception/environment/ament_prefix_path.dsv
[16.061s] -- Up-to-date: /home/kush/UR5_Project_New/install/moveit_ros_perception/share/moveit_ros_perception/environment/path.sh
[16.062s] -- Installing: /home/kush/UR5_Project_New/install/moveit_ros_perception/share/moveit_ros_perception/environment/path.dsv
[16.062s] -- Up-to-date: /home/kush/UR5_Project_New/install/moveit_ros_perception/share/moveit_ros_perception/local_setup.bash
[16.062s] -- Up-to-date: /home/kush/UR5_Project_New/install/moveit_ros_perception/share/moveit_ros_perception/local_setup.sh
[16.062s] -- Up-to-date: /home/kush/UR5_Project_New/install/moveit_ros_perception/share/moveit_ros_perception/local_setup.zsh
[16.062s] -- Installing: /home/kush/UR5_Project_New/install/moveit_ros_perception/share/moveit_ros_perception/local_setup.dsv
[16.063s] -- Installing: /home/kush/UR5_Project_New/install/moveit_ros_perception/share/moveit_ros_perception/package.dsv
[16.063s] -- Up-to-date: /home/kush/UR5_Project_New/install/moveit_ros_perception/share/ament_index/resource_index/packages/moveit_ros_perception
[16.063s] -- Up-to-date: /home/kush/UR5_Project_New/install/moveit_ros_perception/share/ament_index/resource_index/moveit_ros_occupancy_map_monitor__pluginlib__plugin/moveit_ros_perception
[16.073s] -- Up-to-date: /home/kush/UR5_Project_New/install/moveit_ros_perception/share/moveit_ros_perception/cmake/export_moveit_ros_perceptionExport.cmake
[16.073s] -- Up-to-date: /home/kush/UR5_Project_New/install/moveit_ros_perception/share/moveit_ros_perception/cmake/export_moveit_ros_perceptionExport-release.cmake
[16.074s] -- Up-to-date: /home/kush/UR5_Project_New/install/moveit_ros_perception/share/moveit_ros_perception/cmake/ConfigExtras.cmake
[16.075s] -- Up-to-date: /home/kush/UR5_Project_New/install/moveit_ros_perception/share/moveit_ros_perception/cmake/ament_cmake_export_targets-extras.cmake
[16.075s] -- Up-to-date: /home/kush/UR5_Project_New/install/moveit_ros_perception/share/moveit_ros_perception/cmake/ament_cmake_export_dependencies-extras.cmake
[16.075s] -- Up-to-date: /home/kush/UR5_Project_New/install/moveit_ros_perception/share/moveit_ros_perception/cmake/moveit_ros_perceptionConfig.cmake
[16.075s] -- Up-to-date: /home/kush/UR5_Project_New/install/moveit_ros_perception/share/moveit_ros_perception/cmake/moveit_ros_perceptionConfig-version.cmake
[16.076s] -- Up-to-date: /home/kush/UR5_Project_New/install/moveit_ros_perception/share/moveit_ros_perception/package.xml
[16.083s] Invoked command in '/home/kush/UR5_Project_New/build/moveit_ros_perception' returned '0': AMENT_PREFIX_PATH=/home/kush/UR5_Project_New/install/moveit_ros_planning:/home/kush/UR5_Project_New/install/moveit_ros_occupancy_map_monitor:/home/kush/UR5_Project_New/install/moveit_core:/home/kush/UR5_Project_New/install/srdfdom:/home/kush/UR5_Project_New/install/moveit_common:${AMENT_PREFIX_PATH} CMAKE_PREFIX_PATH=/home/kush/UR5_Project_New/install/moveit_ros_planning:/home/kush/UR5_Project_New/install/moveit_ros_occupancy_map_monitor:/home/kush/UR5_Project_New/install/moveit_core:/home/kush/UR5_Project_New/install/srdfdom:/home/kush/UR5_Project_New/install/moveit_common:/opt/ros/humble LD_LIBRARY_PATH=/home/kush/UR5_Project_New/install/moveit_ros_planning/lib:/home/kush/UR5_Project_New/install/moveit_ros_occupancy_map_monitor/lib:/home/kush/UR5_Project_New/install/moveit_core/lib:/home/kush/UR5_Project_New/install/srdfdom/lib:${LD_LIBRARY_PATH} PATH=/home/kush/UR5_Project_New/install/moveit_core/bin:${PATH} PYTHONPATH=/home/kush/UR5_Project_New/install/srdfdom/local/lib/python3.10/dist-packages:${PYTHONPATH} /usr/bin/cmake --install /home/kush/UR5_Project_New/build/moveit_ros_perception
