[0.116s] Invoking command in '/home/kush/UR5_Project_New/build/moveit_visual_tools': AMENT_PREFIX_PATH=/home/kush/UR5_Project_New/install/moveit_ros_planning:/home/kush/UR5_Project_New/install/moveit_ros_occupancy_map_monitor:/home/kush/UR5_Project_New/install/moveit_core:/home/kush/UR5_Project_New/install/srdfdom:/home/kush/UR5_Project_New/install/moveit_common:${AMENT_PREFIX_PATH} CMAKE_PREFIX_PATH=/home/kush/UR5_Project_New/install/moveit_ros_planning:/home/kush/UR5_Project_New/install/moveit_ros_occupancy_map_monitor:/home/kush/UR5_Project_New/install/moveit_core:/home/kush/UR5_Project_New/install/srdfdom:/home/kush/UR5_Project_New/install/moveit_common:/opt/ros/humble LD_LIBRARY_PATH=/home/kush/UR5_Project_New/install/moveit_ros_planning/lib:/home/kush/UR5_Project_New/install/moveit_ros_occupancy_map_monitor/lib:/home/kush/UR5_Project_New/install/moveit_core/lib:/home/kush/UR5_Project_New/install/srdfdom/lib:${LD_LIBRARY_PATH} PATH=/home/kush/UR5_Project_New/install/moveit_core/bin:${PATH} PYTHONPATH=/home/kush/UR5_Project_New/install/srdfdom/local/lib/python3.10/dist-packages:${PYTHONPATH} /usr/bin/cmake --build /home/kush/UR5_Project_New/build/moveit_visual_tools -- -j4 -l4
[1.569s] [35m[1mConsolidate compiler generated dependencies of target moveit_visual_tools[0m
[1.777s] [ 66%] Built target moveit_visual_tools
[1.832s] [35m[1mConsolidate compiler generated dependencies of target moveit_visual_tools_demo[0m
[1.922s] [100%] Built target moveit_visual_tools_demo
[1.961s] Invoked command in '/home/kush/UR5_Project_New/build/moveit_visual_tools' returned '0': AMENT_PREFIX_PATH=/home/kush/UR5_Project_New/install/moveit_ros_planning:/home/kush/UR5_Project_New/install/moveit_ros_occupancy_map_monitor:/home/kush/UR5_Project_New/install/moveit_core:/home/kush/UR5_Project_New/install/srdfdom:/home/kush/UR5_Project_New/install/moveit_common:${AMENT_PREFIX_PATH} CMAKE_PREFIX_PATH=/home/kush/UR5_Project_New/install/moveit_ros_planning:/home/kush/UR5_Project_New/install/moveit_ros_occupancy_map_monitor:/home/kush/UR5_Project_New/install/moveit_core:/home/kush/UR5_Project_New/install/srdfdom:/home/kush/UR5_Project_New/install/moveit_common:/opt/ros/humble LD_LIBRARY_PATH=/home/kush/UR5_Project_New/install/moveit_ros_planning/lib:/home/kush/UR5_Project_New/install/moveit_ros_occupancy_map_monitor/lib:/home/kush/UR5_Project_New/install/moveit_core/lib:/home/kush/UR5_Project_New/install/srdfdom/lib:${LD_LIBRARY_PATH} PATH=/home/kush/UR5_Project_New/install/moveit_core/bin:${PATH} PYTHONPATH=/home/kush/UR5_Project_New/install/srdfdom/local/lib/python3.10/dist-packages:${PYTHONPATH} /usr/bin/cmake --build /home/kush/UR5_Project_New/build/moveit_visual_tools -- -j4 -l4
[2.033s] Invoking command in '/home/kush/UR5_Project_New/build/moveit_visual_tools': AMENT_PREFIX_PATH=/home/kush/UR5_Project_New/install/moveit_ros_planning:/home/kush/UR5_Project_New/install/moveit_ros_occupancy_map_monitor:/home/kush/UR5_Project_New/install/moveit_core:/home/kush/UR5_Project_New/install/srdfdom:/home/kush/UR5_Project_New/install/moveit_common:${AMENT_PREFIX_PATH} CMAKE_PREFIX_PATH=/home/kush/UR5_Project_New/install/moveit_ros_planning:/home/kush/UR5_Project_New/install/moveit_ros_occupancy_map_monitor:/home/kush/UR5_Project_New/install/moveit_core:/home/kush/UR5_Project_New/install/srdfdom:/home/kush/UR5_Project_New/install/moveit_common:/opt/ros/humble LD_LIBRARY_PATH=/home/kush/UR5_Project_New/install/moveit_ros_planning/lib:/home/kush/UR5_Project_New/install/moveit_ros_occupancy_map_monitor/lib:/home/kush/UR5_Project_New/install/moveit_core/lib:/home/kush/UR5_Project_New/install/srdfdom/lib:${LD_LIBRARY_PATH} PATH=/home/kush/UR5_Project_New/install/moveit_core/bin:${PATH} PYTHONPATH=/home/kush/UR5_Project_New/install/srdfdom/local/lib/python3.10/dist-packages:${PYTHONPATH} /usr/bin/cmake --install /home/kush/UR5_Project_New/build/moveit_visual_tools
[2.053s] -- Install configuration: "Release"
[2.053s] -- Up-to-date: /home/kush/UR5_Project_New/install/moveit_visual_tools/share/moveit_visual_tools/environment/library_path.sh
[2.054s] -- Up-to-date: /home/kush/UR5_Project_New/install/moveit_visual_tools/share/moveit_visual_tools/environment/library_path.dsv
[2.148s] -- Up-to-date: /home/kush/UR5_Project_New/install/moveit_visual_tools/lib/libmoveit_visual_tools.so
[2.200s] -- Up-to-date: /home/kush/UR5_Project_New/install/moveit_visual_tools/lib/moveit_visual_tools/moveit_visual_tools_demo
[2.201s] -- Up-to-date: /home/kush/UR5_Project_New/install/moveit_visual_tools/include
[2.201s] -- Up-to-date: /home/kush/UR5_Project_New/install/moveit_visual_tools/include/moveit_visual_tools
[2.201s] -- Up-to-date: /home/kush/UR5_Project_New/install/moveit_visual_tools/include/moveit_visual_tools/moveit_visual_tools.h
[2.201s] -- Up-to-date: /home/kush/UR5_Project_New/install/moveit_visual_tools/include/moveit_visual_tools/imarker_robot_state.h
[2.202s] -- Up-to-date: /home/kush/UR5_Project_New/install/moveit_visual_tools/include/moveit_visual_tools/imarker_end_effector.h
[2.202s] -- Up-to-date: /home/kush/UR5_Project_New/install/moveit_visual_tools/share/moveit_visual_tools/launch
[2.202s] -- Up-to-date: /home/kush/UR5_Project_New/install/moveit_visual_tools/share/moveit_visual_tools/launch/demo.rviz
[2.202s] -- Up-to-date: /home/kush/UR5_Project_New/install/moveit_visual_tools/share/moveit_visual_tools/launch/demo_rviz.launch.py
[2.202s] -- Up-to-date: /home/kush/UR5_Project_New/install/moveit_visual_tools/share/moveit_visual_tools/resources
[2.203s] -- Up-to-date: /home/kush/UR5_Project_New/install/moveit_visual_tools/share/moveit_visual_tools/resources/screenshot.png
[2.204s] -- Up-to-date: /home/kush/UR5_Project_New/install/moveit_visual_tools/share/moveit_visual_tools/resources/rrbot.srdf
[2.204s] -- Up-to-date: /home/kush/UR5_Project_New/install/moveit_visual_tools/share/moveit_visual_tools/resources/demo.png
[2.204s] -- Up-to-date: /home/kush/UR5_Project_New/install/moveit_visual_tools/share/moveit_visual_tools/resources/rrbot.urdf
[2.204s] -- Up-to-date: /home/kush/UR5_Project_New/install/moveit_visual_tools/share/moveit_visual_tools/resources/demo_mesh.stl
[2.205s] -- Up-to-date: /home/kush/UR5_Project_New/install/moveit_visual_tools/share/ament_index/resource_index/package_run_dependencies/moveit_visual_tools
[2.205s] -- Up-to-date: /home/kush/UR5_Project_New/install/moveit_visual_tools/share/ament_index/resource_index/parent_prefix_path/moveit_visual_tools
[2.205s] -- Up-to-date: /home/kush/UR5_Project_New/install/moveit_visual_tools/share/moveit_visual_tools/environment/ament_prefix_path.sh
[2.205s] -- Up-to-date: /home/kush/UR5_Project_New/install/moveit_visual_tools/share/moveit_visual_tools/environment/ament_prefix_path.dsv
[2.205s] -- Up-to-date: /home/kush/UR5_Project_New/install/moveit_visual_tools/share/moveit_visual_tools/environment/path.sh
[2.205s] -- Up-to-date: /home/kush/UR5_Project_New/install/moveit_visual_tools/share/moveit_visual_tools/environment/path.dsv
[2.206s] -- Up-to-date: /home/kush/UR5_Project_New/install/moveit_visual_tools/share/moveit_visual_tools/local_setup.bash
[2.206s] -- Up-to-date: /home/kush/UR5_Project_New/install/moveit_visual_tools/share/moveit_visual_tools/local_setup.sh
[2.206s] -- Up-to-date: /home/kush/UR5_Project_New/install/moveit_visual_tools/share/moveit_visual_tools/local_setup.zsh
[2.206s] -- Up-to-date: /home/kush/UR5_Project_New/install/moveit_visual_tools/share/moveit_visual_tools/local_setup.dsv
[2.206s] -- Installing: /home/kush/UR5_Project_New/install/moveit_visual_tools/share/moveit_visual_tools/package.dsv
[2.236s] -- Up-to-date: /home/kush/UR5_Project_New/install/moveit_visual_tools/share/ament_index/resource_index/packages/moveit_visual_tools
[2.278s] -- Up-to-date: /home/kush/UR5_Project_New/install/moveit_visual_tools/share/moveit_visual_tools/cmake/export_moveit_visual_toolsExport.cmake
[2.279s] -- Up-to-date: /home/kush/UR5_Project_New/install/moveit_visual_tools/share/moveit_visual_tools/cmake/export_moveit_visual_toolsExport-release.cmake
[2.280s] -- Up-to-date: /home/kush/UR5_Project_New/install/moveit_visual_tools/share/moveit_visual_tools/cmake/ament_cmake_export_targets-extras.cmake
[2.283s] -- Up-to-date: /home/kush/UR5_Project_New/install/moveit_visual_tools/share/moveit_visual_tools/cmake/ament_cmake_export_dependencies-extras.cmake
[2.283s] -- Up-to-date: /home/kush/UR5_Project_New/install/moveit_visual_tools/share/moveit_visual_tools/cmake/moveit_visual_toolsConfig.cmake
[2.283s] -- Up-to-date: /home/kush/UR5_Project_New/install/moveit_visual_tools/share/moveit_visual_tools/cmake/moveit_visual_toolsConfig-version.cmake
[2.284s] -- Up-to-date: /home/kush/UR5_Project_New/install/moveit_visual_tools/share/moveit_visual_tools/package.xml
[2.285s] Invoked command in '/home/kush/UR5_Project_New/build/moveit_visual_tools' returned '0': AMENT_PREFIX_PATH=/home/kush/UR5_Project_New/install/moveit_ros_planning:/home/kush/UR5_Project_New/install/moveit_ros_occupancy_map_monitor:/home/kush/UR5_Project_New/install/moveit_core:/home/kush/UR5_Project_New/install/srdfdom:/home/kush/UR5_Project_New/install/moveit_common:${AMENT_PREFIX_PATH} CMAKE_PREFIX_PATH=/home/kush/UR5_Project_New/install/moveit_ros_planning:/home/kush/UR5_Project_New/install/moveit_ros_occupancy_map_monitor:/home/kush/UR5_Project_New/install/moveit_core:/home/kush/UR5_Project_New/install/srdfdom:/home/kush/UR5_Project_New/install/moveit_common:/opt/ros/humble LD_LIBRARY_PATH=/home/kush/UR5_Project_New/install/moveit_ros_planning/lib:/home/kush/UR5_Project_New/install/moveit_ros_occupancy_map_monitor/lib:/home/kush/UR5_Project_New/install/moveit_core/lib:/home/kush/UR5_Project_New/install/srdfdom/lib:${LD_LIBRARY_PATH} PATH=/home/kush/UR5_Project_New/install/moveit_core/bin:${PATH} PYTHONPATH=/home/kush/UR5_Project_New/install/srdfdom/local/lib/python3.10/dist-packages:${PYTHONPATH} /usr/bin/cmake --install /home/kush/UR5_Project_New/build/moveit_visual_tools
