[0.067s] Invoking command in '/home/kush/UR5_Project_New/build/moveit_resources_prbt_ikfast_manipulator_plugin': AMENT_PREFIX_PATH=/home/kush/UR5_Project_New/install/moveit_core:/home/kush/UR5_Project_New/install/srdfdom:/home/kush/UR5_Project_New/install/moveit_common:${AMENT_PREFIX_PATH} CMAKE_PREFIX_PATH=/home/kush/UR5_Project_New/install/moveit_core:/home/kush/UR5_Project_New/install/srdfdom:/home/kush/UR5_Project_New/install/moveit_common:/opt/ros/humble LD_LIBRARY_PATH=/home/kush/UR5_Project_New/install/moveit_core/lib:/home/kush/UR5_Project_New/install/srdfdom/lib:${LD_LIBRARY_PATH} PATH=/home/kush/UR5_Project_New/install/moveit_core/bin:${PATH} PYTHONPATH=/home/kush/UR5_Project_New/install/srdfdom/local/lib/python3.10/dist-packages:${PYTHONPATH} /usr/bin/cmake /home/kush/UR5_Project_New/src/moveit2/moveit_planners/test_configs/prbt_ikfast_manipulator_plugin -DCMAKE_INSTALL_PREFIX=/home/kush/UR5_Project_New/install/moveit_resources_prbt_ikfast_manipulator_plugin
[0.225s] -- Found ament_cmake: 1.3.5 (/opt/ros/humble/share/ament_cmake/cmake)
[0.755s] -- Found moveit_core: 2.5.4 (/home/kush/UR5_Project_New/install/moveit_core/share/moveit_core/cmake)
[0.796s] -- Found Boost: /usr/lib/x86_64-linux-gnu/cmake/Boost-1.74.0/BoostConfig.cmake (found version "1.74.0") found components: chrono date_time filesystem iostreams program_options regex serialization system thread 
[0.878s] -- Found parameter_traits: 0.3.3 (/opt/ros/humble/share/parameter_traits/cmake)
[0.978s] -- Found rosidl_generator_c: 3.1.5 (/opt/ros/humble/share/rosidl_generator_c/cmake)
[0.979s] -- Found rosidl_adapter: 3.1.5 (/opt/ros/humble/share/rosidl_adapter/cmake)
[1.018s] -- Found rosidl_generator_cpp: 3.1.5 (/opt/ros/humble/share/rosidl_generator_cpp/cmake)
[1.029s] -- Using all available rosidl_typesupport_c: rosidl_typesupport_fastrtps_c;rosidl_typesupport_introspection_c
[1.081s] -- Using all available rosidl_typesupport_cpp: rosidl_typesupport_fastrtps_cpp;rosidl_typesupport_introspection_cpp
[1.271s] -- Found rmw_implementation_cmake: 6.1.1 (/opt/ros/humble/share/rmw_implementation_cmake/cmake)
[1.276s] -- Found rmw_fastrtps_cpp: 6.2.3 (/opt/ros/humble/share/rmw_fastrtps_cpp/cmake)
[1.603s] -- Using RMW implementation 'rmw_fastrtps_cpp' as default
[2.145s] -- Found rclcpp_lifecycle: 16.0.5 (/opt/ros/humble/share/rclcpp_lifecycle/cmake)
[2.279s] -- Found Boost: /usr/lib/x86_64-linux-gnu/cmake/Boost-1.74.0/BoostConfig.cmake (found version "1.74.0") found components: filesystem 
[2.514s] -- library: /usr/lib/x86_64-linux-gnu/libcurl.so
[3.428s] -- Ensuring Eigen3 include directory is part of orocos-kdl CMake target
[6.978s] -- Found tf2_kdl: 0.25.3 (/opt/ros/humble/share/tf2_kdl/cmake)
[7.065s] -- Found tf2_eigen_kdl: 0.25.3 (/opt/ros/humble/share/tf2_eigen_kdl/cmake)
[7.452s] -- Configuring done
[7.603s] -- Generating done
[7.622s] -- Build files have been written to: /home/kush/UR5_Project_New/build/moveit_resources_prbt_ikfast_manipulator_plugin
[7.685s] Invoked command in '/home/kush/UR5_Project_New/build/moveit_resources_prbt_ikfast_manipulator_plugin' returned '0': AMENT_PREFIX_PATH=/home/kush/UR5_Project_New/install/moveit_core:/home/kush/UR5_Project_New/install/srdfdom:/home/kush/UR5_Project_New/install/moveit_common:${AMENT_PREFIX_PATH} CMAKE_PREFIX_PATH=/home/kush/UR5_Project_New/install/moveit_core:/home/kush/UR5_Project_New/install/srdfdom:/home/kush/UR5_Project_New/install/moveit_common:/opt/ros/humble LD_LIBRARY_PATH=/home/kush/UR5_Project_New/install/moveit_core/lib:/home/kush/UR5_Project_New/install/srdfdom/lib:${LD_LIBRARY_PATH} PATH=/home/kush/UR5_Project_New/install/moveit_core/bin:${PATH} PYTHONPATH=/home/kush/UR5_Project_New/install/srdfdom/local/lib/python3.10/dist-packages:${PYTHONPATH} /usr/bin/cmake /home/kush/UR5_Project_New/src/moveit2/moveit_planners/test_configs/prbt_ikfast_manipulator_plugin -DCMAKE_INSTALL_PREFIX=/home/kush/UR5_Project_New/install/moveit_resources_prbt_ikfast_manipulator_plugin
[7.686s] Invoking command in '/home/kush/UR5_Project_New/build/moveit_resources_prbt_ikfast_manipulator_plugin': AMENT_PREFIX_PATH=/home/kush/UR5_Project_New/install/moveit_core:/home/kush/UR5_Project_New/install/srdfdom:/home/kush/UR5_Project_New/install/moveit_common:${AMENT_PREFIX_PATH} CMAKE_PREFIX_PATH=/home/kush/UR5_Project_New/install/moveit_core:/home/kush/UR5_Project_New/install/srdfdom:/home/kush/UR5_Project_New/install/moveit_common:/opt/ros/humble LD_LIBRARY_PATH=/home/kush/UR5_Project_New/install/moveit_core/lib:/home/kush/UR5_Project_New/install/srdfdom/lib:${LD_LIBRARY_PATH} PATH=/home/kush/UR5_Project_New/install/moveit_core/bin:${PATH} PYTHONPATH=/home/kush/UR5_Project_New/install/srdfdom/local/lib/python3.10/dist-packages:${PYTHONPATH} /usr/bin/cmake --build /home/kush/UR5_Project_New/build/moveit_resources_prbt_ikfast_manipulator_plugin -- -j4 -l4
[7.930s] [35m[1mConsolidate compiler generated dependencies of target prbt_manipulator_moveit_ikfast_plugin[0m
[8.085s] [100%] Built target prbt_manipulator_moveit_ikfast_plugin
[8.143s] Invoked command in '/home/kush/UR5_Project_New/build/moveit_resources_prbt_ikfast_manipulator_plugin' returned '0': AMENT_PREFIX_PATH=/home/kush/UR5_Project_New/install/moveit_core:/home/kush/UR5_Project_New/install/srdfdom:/home/kush/UR5_Project_New/install/moveit_common:${AMENT_PREFIX_PATH} CMAKE_PREFIX_PATH=/home/kush/UR5_Project_New/install/moveit_core:/home/kush/UR5_Project_New/install/srdfdom:/home/kush/UR5_Project_New/install/moveit_common:/opt/ros/humble LD_LIBRARY_PATH=/home/kush/UR5_Project_New/install/moveit_core/lib:/home/kush/UR5_Project_New/install/srdfdom/lib:${LD_LIBRARY_PATH} PATH=/home/kush/UR5_Project_New/install/moveit_core/bin:${PATH} PYTHONPATH=/home/kush/UR5_Project_New/install/srdfdom/local/lib/python3.10/dist-packages:${PYTHONPATH} /usr/bin/cmake --build /home/kush/UR5_Project_New/build/moveit_resources_prbt_ikfast_manipulator_plugin -- -j4 -l4
[8.497s] Invoking command in '/home/kush/UR5_Project_New/build/moveit_resources_prbt_ikfast_manipulator_plugin': AMENT_PREFIX_PATH=/home/kush/UR5_Project_New/install/moveit_core:/home/kush/UR5_Project_New/install/srdfdom:/home/kush/UR5_Project_New/install/moveit_common:${AMENT_PREFIX_PATH} CMAKE_PREFIX_PATH=/home/kush/UR5_Project_New/install/moveit_core:/home/kush/UR5_Project_New/install/srdfdom:/home/kush/UR5_Project_New/install/moveit_common:/opt/ros/humble LD_LIBRARY_PATH=/home/kush/UR5_Project_New/install/moveit_core/lib:/home/kush/UR5_Project_New/install/srdfdom/lib:${LD_LIBRARY_PATH} PATH=/home/kush/UR5_Project_New/install/moveit_core/bin:${PATH} PYTHONPATH=/home/kush/UR5_Project_New/install/srdfdom/local/lib/python3.10/dist-packages:${PYTHONPATH} /usr/bin/cmake --install /home/kush/UR5_Project_New/build/moveit_resources_prbt_ikfast_manipulator_plugin
[8.514s] -- Install configuration: "Release"
[8.516s] -- Up-to-date: /home/kush/UR5_Project_New/install/moveit_resources_prbt_ikfast_manipulator_plugin/share/moveit_resources_prbt_ikfast_manipulator_plugin/prbt_manipulator_moveit_ikfast_plugin_description.xml
[8.547s] -- Up-to-date: /home/kush/UR5_Project_New/install/moveit_resources_prbt_ikfast_manipulator_plugin/lib/libprbt_manipulator_moveit_ikfast_plugin.so
[8.548s] -- Up-to-date: /home/kush/UR5_Project_New/install/moveit_resources_prbt_ikfast_manipulator_plugin/share/moveit_resources_prbt_ikfast_manipulator_plugin/environment/library_path.sh
[8.548s] -- Installing: /home/kush/UR5_Project_New/install/moveit_resources_prbt_ikfast_manipulator_plugin/share/moveit_resources_prbt_ikfast_manipulator_plugin/environment/library_path.dsv
[8.548s] -- Up-to-date: /home/kush/UR5_Project_New/install/moveit_resources_prbt_ikfast_manipulator_plugin/share/ament_index/resource_index/package_run_dependencies/moveit_resources_prbt_ikfast_manipulator_plugin
[8.548s] -- Installing: /home/kush/UR5_Project_New/install/moveit_resources_prbt_ikfast_manipulator_plugin/share/ament_index/resource_index/parent_prefix_path/moveit_resources_prbt_ikfast_manipulator_plugin
[8.548s] -- Up-to-date: /home/kush/UR5_Project_New/install/moveit_resources_prbt_ikfast_manipulator_plugin/share/moveit_resources_prbt_ikfast_manipulator_plugin/environment/ament_prefix_path.sh
[8.549s] -- Installing: /home/kush/UR5_Project_New/install/moveit_resources_prbt_ikfast_manipulator_plugin/share/moveit_resources_prbt_ikfast_manipulator_plugin/environment/ament_prefix_path.dsv
[8.549s] -- Up-to-date: /home/kush/UR5_Project_New/install/moveit_resources_prbt_ikfast_manipulator_plugin/share/moveit_resources_prbt_ikfast_manipulator_plugin/environment/path.sh
[8.549s] -- Installing: /home/kush/UR5_Project_New/install/moveit_resources_prbt_ikfast_manipulator_plugin/share/moveit_resources_prbt_ikfast_manipulator_plugin/environment/path.dsv
[8.549s] -- Up-to-date: /home/kush/UR5_Project_New/install/moveit_resources_prbt_ikfast_manipulator_plugin/share/moveit_resources_prbt_ikfast_manipulator_plugin/local_setup.bash
[8.549s] -- Up-to-date: /home/kush/UR5_Project_New/install/moveit_resources_prbt_ikfast_manipulator_plugin/share/moveit_resources_prbt_ikfast_manipulator_plugin/local_setup.sh
[8.549s] -- Up-to-date: /home/kush/UR5_Project_New/install/moveit_resources_prbt_ikfast_manipulator_plugin/share/moveit_resources_prbt_ikfast_manipulator_plugin/local_setup.zsh
[8.550s] -- Installing: /home/kush/UR5_Project_New/install/moveit_resources_prbt_ikfast_manipulator_plugin/share/moveit_resources_prbt_ikfast_manipulator_plugin/local_setup.dsv
[8.550s] -- Installing: /home/kush/UR5_Project_New/install/moveit_resources_prbt_ikfast_manipulator_plugin/share/moveit_resources_prbt_ikfast_manipulator_plugin/package.dsv
[8.550s] -- Up-to-date: /home/kush/UR5_Project_New/install/moveit_resources_prbt_ikfast_manipulator_plugin/share/ament_index/resource_index/packages/moveit_resources_prbt_ikfast_manipulator_plugin
[8.550s] -- Up-to-date: /home/kush/UR5_Project_New/install/moveit_resources_prbt_ikfast_manipulator_plugin/share/ament_index/resource_index/moveit_core__pluginlib__plugin/moveit_resources_prbt_ikfast_manipulator_plugin
[8.561s] -- Up-to-date: /home/kush/UR5_Project_New/install/moveit_resources_prbt_ikfast_manipulator_plugin/share/moveit_resources_prbt_ikfast_manipulator_plugin/cmake/export_moveit_resources_prbt_ikfast_manipulator_pluginExport.cmake
[8.561s] -- Up-to-date: /home/kush/UR5_Project_New/install/moveit_resources_prbt_ikfast_manipulator_plugin/share/moveit_resources_prbt_ikfast_manipulator_plugin/cmake/export_moveit_resources_prbt_ikfast_manipulator_pluginExport-release.cmake
[8.561s] -- Up-to-date: /home/kush/UR5_Project_New/install/moveit_resources_prbt_ikfast_manipulator_plugin/share/moveit_resources_prbt_ikfast_manipulator_plugin/cmake/ament_cmake_export_targets-extras.cmake
[8.562s] -- Up-to-date: /home/kush/UR5_Project_New/install/moveit_resources_prbt_ikfast_manipulator_plugin/share/moveit_resources_prbt_ikfast_manipulator_plugin/cmake/moveit_resources_prbt_ikfast_manipulator_pluginConfig.cmake
[8.564s] -- Up-to-date: /home/kush/UR5_Project_New/install/moveit_resources_prbt_ikfast_manipulator_plugin/share/moveit_resources_prbt_ikfast_manipulator_plugin/cmake/moveit_resources_prbt_ikfast_manipulator_pluginConfig-version.cmake
[8.564s] -- Up-to-date: /home/kush/UR5_Project_New/install/moveit_resources_prbt_ikfast_manipulator_plugin/share/moveit_resources_prbt_ikfast_manipulator_plugin/package.xml
[8.572s] Invoked command in '/home/kush/UR5_Project_New/build/moveit_resources_prbt_ikfast_manipulator_plugin' returned '0': AMENT_PREFIX_PATH=/home/kush/UR5_Project_New/install/moveit_core:/home/kush/UR5_Project_New/install/srdfdom:/home/kush/UR5_Project_New/install/moveit_common:${AMENT_PREFIX_PATH} CMAKE_PREFIX_PATH=/home/kush/UR5_Project_New/install/moveit_core:/home/kush/UR5_Project_New/install/srdfdom:/home/kush/UR5_Project_New/install/moveit_common:/opt/ros/humble LD_LIBRARY_PATH=/home/kush/UR5_Project_New/install/moveit_core/lib:/home/kush/UR5_Project_New/install/srdfdom/lib:${LD_LIBRARY_PATH} PATH=/home/kush/UR5_Project_New/install/moveit_core/bin:${PATH} PYTHONPATH=/home/kush/UR5_Project_New/install/srdfdom/local/lib/python3.10/dist-packages:${PYTHONPATH} /usr/bin/cmake --install /home/kush/UR5_Project_New/build/moveit_resources_prbt_ikfast_manipulator_plugin
