[0.097s] Invoking command in '/home/kush/UR5_Project_New/build/moveit_ros_warehouse': AMENT_PREFIX_PATH=/home/kush/UR5_Project_New/install/moveit_ros_planning:/home/kush/UR5_Project_New/install/moveit_ros_occupancy_map_monitor:/home/kush/UR5_Project_New/install/moveit_core:/home/kush/UR5_Project_New/install/srdfdom:/home/kush/UR5_Project_New/install/moveit_common:${AMENT_PREFIX_PATH} CMAKE_PREFIX_PATH=/home/kush/UR5_Project_New/install/moveit_ros_planning:/home/kush/UR5_Project_New/install/moveit_ros_occupancy_map_monitor:/home/kush/UR5_Project_New/install/moveit_core:/home/kush/UR5_Project_New/install/srdfdom:/home/kush/UR5_Project_New/install/moveit_common:/home/kush/ws_moveit2_ur5/install/ur_description:/home/kush/ws_moveit2_ur5/install/pilz_industrial_motion_planner_testutils:/home/kush/ws_moveit2_ur5/install/moveit_runtime:/home/kush/ws_moveit2_ur5/install/moveit2_tutorials:/home/kush/ws_moveit2_ur5/install/moveit:/home/kush/ws_moveit2_ur5/install/moveit_planners:/home/kush/ws_moveit2_ur5/install/pilz_industrial_motion_planner:/home/kush/ws_moveit2_ur5/install/moveit_visual_tools:/home/kush/ws_moveit2_ur5/install/moveit_task_constructor_visualization:/home/kush/ws_moveit2_ur5/install/moveit_task_constructor_demo:/home/kush/ws_moveit2_ur5/install/moveit_task_constructor_capabilities:/home/kush/ws_moveit2_ur5/install/moveit_task_constructor_core:/home/kush/ws_moveit2_ur5/install/moveit_ros_control_interface:/home/kush/ws_moveit2_ur5/install/moveit_plugins:/home/kush/ws_moveit2_ur5/install/moveit_simple_controller_manager:/home/kush/ws_moveit2_ur5/install/moveit_setup_assistant:/home/kush/ws_moveit2_ur5/install/moveit_setup_srdf_plugins:/home/kush/ws_moveit2_ur5/install/moveit_setup_core_plugins:/home/kush/ws_moveit2_ur5/install/moveit_setup_controllers:/home/kush/ws_moveit2_ur5/install/moveit_setup_app_plugins:/home/kush/ws_moveit2_ur5/install/moveit_setup_framework:/home/kush/ws_moveit2_ur5/install/moveit_servo:/home/kush/ws_moveit2_ur5/install/moveit_ros:/home/kush/ws_moveit2_ur5/install/moveit_ros_visualization:/home/kush/ws_moveit2_ur5/install/moveit_hybrid_planning:/home/kush/ws_moveit2_ur5/install/moveit_ros_planning_interface:/home/kush/ws_moveit2_ur5/install/moveit_ros_benchmarks:/home/kush/ws_moveit2_ur5/install/moveit_ros_warehouse:/home/kush/ws_moveit2_ur5/install/moveit_ros_robot_interaction:/home/kush/ws_moveit2_ur5/install/moveit_ros_perception:/home/kush/ws_moveit2_ur5/install/moveit_resources_prbt_pg70_support:/home/kush/ws_moveit2_ur5/install/moveit_resources_prbt_moveit_config:/home/kush/ws_moveit2_ur5/install/moveit_ros_move_group:/home/kush/ws_moveit2_ur5/install/moveit_planners_ompl:/home/kush/ws_moveit2_ur5/install/moveit_ros_planning:/home/kush/ws_moveit2_ur5/install/moveit_ros_occupancy_map_monitor:/home/kush/ws_moveit2_ur5/install/moveit_resources_prbt_ikfast_manipulator_plugin:/home/kush/ws_moveit2_ur5/install/moveit_planners_chomp:/home/kush/ws_moveit2_ur5/install/moveit_kinematics:/home/kush/ws_moveit2_ur5/install/moveit_chomp_optimizer_adapter:/home/kush/ws_moveit2_ur5/install/chomp_motion_planner:/home/kush/ws_moveit2_ur5/install/moveit_core:/home/kush/ws_moveit2_ur5/install/srdfdom:/home/kush/ws_moveit2_ur5/install/rviz_marker_tools:/home/kush/ws_moveit2_ur5/install/rosparam_shortcuts:/home/kush/ws_moveit2_ur5/install/moveit_task_constructor_msgs:/home/kush/ws_moveit2_ur5/install/moveit_resources_prbt_support:/home/kush/ws_moveit2_ur5/install/moveit_resources:/home/kush/ws_moveit2_ur5/install/moveit_resources_pr2_description:/home/kush/ws_moveit2_ur5/install/moveit_resources_panda_moveit_config:/home/kush/ws_moveit2_ur5/install/moveit_resources_panda_description:/home/kush/ws_moveit2_ur5/install/moveit_resources_fanuc_moveit_config:/home/kush/ws_moveit2_ur5/install/moveit_resources_fanuc_description:/home/kush/ws_moveit2_ur5/install/moveit_common:/home/kush/ws_moveit2_ur5/install/moveit_configs_utils:/home/kush/ws_moveit2_ur5/install/launch_param_builder:/opt/ros/humble LD_LIBRARY_PATH=/home/kush/UR5_Project_New/install/moveit_ros_planning/lib:/home/kush/UR5_Project_New/install/moveit_ros_occupancy_map_monitor/lib:/home/kush/UR5_Project_New/install/moveit_core/lib:/home/kush/UR5_Project_New/install/srdfdom/lib:${LD_LIBRARY_PATH} PATH=/home/kush/UR5_Project_New/install/moveit_core/bin:${PATH} PYTHONPATH=/home/kush/UR5_Project_New/install/srdfdom/local/lib/python3.10/dist-packages:${PYTHONPATH} /usr/bin/cmake /home/kush/UR5_Project_New/src/moveit2/moveit_ros/warehouse -DCMAKE_BUILD_TYPE=Release -DCMAKE_INSTALL_PREFIX=/home/kush/UR5_Project_New/install/moveit_ros_warehouse
[0.309s] -- The C compiler identification is GNU 11.4.0
[0.465s] -- The CXX compiler identification is GNU 11.4.0
[0.507s] -- Detecting C compiler ABI info
[0.848s] -- Detecting C compiler ABI info - done
[0.879s] -- Check for working C compiler: /usr/bin/cc - skipped
[0.880s] -- Detecting C compile features
[0.882s] -- Detecting C compile features - done
[0.893s] -- Detecting CXX compiler ABI info
[1.261s] -- Detecting CXX compiler ABI info - done
[1.303s] -- Check for working CXX compiler: /usr/bin/c++ - skipped
[1.303s] -- Detecting CXX compile features
[1.304s] -- Detecting CXX compile features - done
[1.313s] -- Found moveit_common: 2.5.4 (/home/kush/UR5_Project_New/install/moveit_common/share/moveit_common/cmake)
[1.353s] -- Found ament_cmake: 1.3.5 (/opt/ros/humble/share/ament_cmake/cmake)
[2.093s] -- Found Python3: /usr/bin/python3.10 (found version "3.10.12") found components: Interpreter 
[2.831s] -- Found libdw: /usr/lib/x86_64-linux-gnu/libdw.so  
[2.873s] -- Could NOT find libbfd (missing: LIBBFD_LIBRARY LIBBFD_INCLUDE_DIR) 
[2.876s] -- BACKWARD_HAS_UNWIND=1
[2.881s] -- BACKWARD_HAS_BACKTRACE=0
[2.881s] -- BACKWARD_HAS_BACKTRACE_SYMBOL=0
[2.881s] -- BACKWARD_HAS_DW=1
[2.882s] -- BACKWARD_HAS_BFD=0
[2.885s] -- Found Backward: /opt/ros/humble/share/backward_ros/cmake  
[2.905s] -- Found rclcpp: 16.0.5 (/opt/ros/humble/share/rclcpp/cmake)
[3.234s] -- Found rosidl_generator_c: 3.1.5 (/opt/ros/humble/share/rosidl_generator_c/cmake)
[3.279s] -- Found rosidl_adapter: 3.1.5 (/opt/ros/humble/share/rosidl_adapter/cmake)
[3.335s] -- Found rosidl_generator_cpp: 3.1.5 (/opt/ros/humble/share/rosidl_generator_cpp/cmake)
[3.436s] -- Using all available rosidl_typesupport_c: rosidl_typesupport_fastrtps_c;rosidl_typesupport_introspection_c
[3.586s] -- Using all available rosidl_typesupport_cpp: rosidl_typesupport_fastrtps_cpp;rosidl_typesupport_introspection_cpp
[3.966s] -- Found rmw_implementation_cmake: 6.1.1 (/opt/ros/humble/share/rmw_implementation_cmake/cmake)
[4.046s] -- Found rmw_fastrtps_cpp: 6.2.3 (/opt/ros/humble/share/rmw_fastrtps_cpp/cmake)
[4.622s] -- Found OpenSSL: /usr/lib/x86_64-linux-gnu/libcrypto.so (found version "3.0.2")  
[4.726s] -- Found FastRTPS: /opt/ros/humble/include  
[5.065s] -- Using RMW implementation 'rmw_fastrtps_cpp' as default
[5.169s] -- Looking for pthread.h
[5.512s] -- Looking for pthread.h - found
[5.512s] -- Performing Test CMAKE_HAVE_LIBC_PTHREAD
[6.034s] -- Performing Test CMAKE_HAVE_LIBC_PTHREAD - Success
[6.038s] -- Found Threads: TRUE  
[6.595s] -- Found moveit_core: 2.5.4 (/home/kush/UR5_Project_New/install/moveit_core/share/moveit_core/cmake)
[6.836s] -- Found Boost: /usr/lib/x86_64-linux-gnu/cmake/Boost-1.74.0/BoostConfig.cmake (found version "1.74.0") found components: chrono date_time filesystem iostreams program_options regex serialization system thread 
[7.041s] -- Found parameter_traits: 0.3.3 (/opt/ros/humble/share/parameter_traits/cmake)
[7.223s] -- Found rclcpp_lifecycle: 16.0.5 (/opt/ros/humble/share/rclcpp_lifecycle/cmake)
[7.439s] -- Found Boost: /usr/lib/x86_64-linux-gnu/cmake/Boost-1.74.0/BoostConfig.cmake (found version "1.74.0") found components: filesystem 
[8.128s] -- library: /usr/lib/x86_64-linux-gnu/libcurl.so
[9.510s] -- Found Eigen3: TRUE (found version "3.4.0") 
[9.511s] -- Ensuring Eigen3 include directory is part of orocos-kdl CMake target
[14.106s] -- Found warehouse_ros: 2.0.4 (/opt/ros/humble/share/warehouse_ros/cmake)
[14.238s] -- Found moveit_ros_planning: 2.5.4 (/home/kush/UR5_Project_New/install/moveit_ros_planning/share/moveit_ros_planning/cmake)
[14.251s] -- Found Boost: /usr/lib/x86_64-linux-gnu/cmake/Boost-1.74.0/BoostConfig.cmake (found version "1.74.0") found components: system filesystem date_time program_options thread chrono 
[15.526s] -- Found Boost: /usr/lib/x86_64-linux-gnu/cmake/Boost-1.74.0/BoostConfig.cmake (found version "1.74.0") found components: thread system filesystem regex date_time program_options 
[15.543s] -- Performing Test COMPILER_HAS_HIDDEN_VISIBILITY
[15.857s] -- Performing Test COMPILER_HAS_HIDDEN_VISIBILITY - Success
[15.860s] -- Performing Test COMPILER_HAS_HIDDEN_INLINE_VISIBILITY
[16.153s] -- Performing Test COMPILER_HAS_HIDDEN_INLINE_VISIBILITY - Success
[16.154s] -- Performing Test COMPILER_HAS_DEPRECATED_ATTR
[16.481s] -- Performing Test COMPILER_HAS_DEPRECATED_ATTR - Success
[16.931s] -- Found ament_lint_auto: 0.12.7 (/opt/ros/humble/share/ament_lint_auto/cmake)
[17.037s] -- Added test 'cppcheck' to perform static code analysis on C / C++ code
[17.040s] -- Configured cppcheck include dirs: /home/kush/UR5_Project_New/src/moveit2/moveit_ros/warehouse/include
[17.040s] -- Configured cppcheck exclude dirs and/or files: 
[17.044s] -- Added test 'lint_cmake' to check CMake code style
[17.048s] -- Added test 'pep257' to check Python code against some of the docstring style conventions in PEP 257
[17.052s] -- Added test 'xmllint' to check XML markup files
[17.062s] -- Configuring done
[17.533s] -- Generating done
[17.543s] -- Build files have been written to: /home/kush/UR5_Project_New/build/moveit_ros_warehouse
[17.589s] Invoked command in '/home/kush/UR5_Project_New/build/moveit_ros_warehouse' returned '0': AMENT_PREFIX_PATH=/home/kush/UR5_Project_New/install/moveit_ros_planning:/home/kush/UR5_Project_New/install/moveit_ros_occupancy_map_monitor:/home/kush/UR5_Project_New/install/moveit_core:/home/kush/UR5_Project_New/install/srdfdom:/home/kush/UR5_Project_New/install/moveit_common:${AMENT_PREFIX_PATH} CMAKE_PREFIX_PATH=/home/kush/UR5_Project_New/install/moveit_ros_planning:/home/kush/UR5_Project_New/install/moveit_ros_occupancy_map_monitor:/home/kush/UR5_Project_New/install/moveit_core:/home/kush/UR5_Project_New/install/srdfdom:/home/kush/UR5_Project_New/install/moveit_common:/home/kush/ws_moveit2_ur5/install/ur_description:/home/kush/ws_moveit2_ur5/install/pilz_industrial_motion_planner_testutils:/home/kush/ws_moveit2_ur5/install/moveit_runtime:/home/kush/ws_moveit2_ur5/install/moveit2_tutorials:/home/kush/ws_moveit2_ur5/install/moveit:/home/kush/ws_moveit2_ur5/install/moveit_planners:/home/kush/ws_moveit2_ur5/install/pilz_industrial_motion_planner:/home/kush/ws_moveit2_ur5/install/moveit_visual_tools:/home/kush/ws_moveit2_ur5/install/moveit_task_constructor_visualization:/home/kush/ws_moveit2_ur5/install/moveit_task_constructor_demo:/home/kush/ws_moveit2_ur5/install/moveit_task_constructor_capabilities:/home/kush/ws_moveit2_ur5/install/moveit_task_constructor_core:/home/kush/ws_moveit2_ur5/install/moveit_ros_control_interface:/home/kush/ws_moveit2_ur5/install/moveit_plugins:/home/kush/ws_moveit2_ur5/install/moveit_simple_controller_manager:/home/kush/ws_moveit2_ur5/install/moveit_setup_assistant:/home/kush/ws_moveit2_ur5/install/moveit_setup_srdf_plugins:/home/kush/ws_moveit2_ur5/install/moveit_setup_core_plugins:/home/kush/ws_moveit2_ur5/install/moveit_setup_controllers:/home/kush/ws_moveit2_ur5/install/moveit_setup_app_plugins:/home/kush/ws_moveit2_ur5/install/moveit_setup_framework:/home/kush/ws_moveit2_ur5/install/moveit_servo:/home/kush/ws_moveit2_ur5/install/moveit_ros:/home/kush/ws_moveit2_ur5/install/moveit_ros_visualization:/home/kush/ws_moveit2_ur5/install/moveit_hybrid_planning:/home/kush/ws_moveit2_ur5/install/moveit_ros_planning_interface:/home/kush/ws_moveit2_ur5/install/moveit_ros_benchmarks:/home/kush/ws_moveit2_ur5/install/moveit_ros_warehouse:/home/kush/ws_moveit2_ur5/install/moveit_ros_robot_interaction:/home/kush/ws_moveit2_ur5/install/moveit_ros_perception:/home/kush/ws_moveit2_ur5/install/moveit_resources_prbt_pg70_support:/home/kush/ws_moveit2_ur5/install/moveit_resources_prbt_moveit_config:/home/kush/ws_moveit2_ur5/install/moveit_ros_move_group:/home/kush/ws_moveit2_ur5/install/moveit_planners_ompl:/home/kush/ws_moveit2_ur5/install/moveit_ros_planning:/home/kush/ws_moveit2_ur5/install/moveit_ros_occupancy_map_monitor:/home/kush/ws_moveit2_ur5/install/moveit_resources_prbt_ikfast_manipulator_plugin:/home/kush/ws_moveit2_ur5/install/moveit_planners_chomp:/home/kush/ws_moveit2_ur5/install/moveit_kinematics:/home/kush/ws_moveit2_ur5/install/moveit_chomp_optimizer_adapter:/home/kush/ws_moveit2_ur5/install/chomp_motion_planner:/home/kush/ws_moveit2_ur5/install/moveit_core:/home/kush/ws_moveit2_ur5/install/srdfdom:/home/kush/ws_moveit2_ur5/install/rviz_marker_tools:/home/kush/ws_moveit2_ur5/install/rosparam_shortcuts:/home/kush/ws_moveit2_ur5/install/moveit_task_constructor_msgs:/home/kush/ws_moveit2_ur5/install/moveit_resources_prbt_support:/home/kush/ws_moveit2_ur5/install/moveit_resources:/home/kush/ws_moveit2_ur5/install/moveit_resources_pr2_description:/home/kush/ws_moveit2_ur5/install/moveit_resources_panda_moveit_config:/home/kush/ws_moveit2_ur5/install/moveit_resources_panda_description:/home/kush/ws_moveit2_ur5/install/moveit_resources_fanuc_moveit_config:/home/kush/ws_moveit2_ur5/install/moveit_resources_fanuc_description:/home/kush/ws_moveit2_ur5/install/moveit_common:/home/kush/ws_moveit2_ur5/install/moveit_configs_utils:/home/kush/ws_moveit2_ur5/install/launch_param_builder:/opt/ros/humble LD_LIBRARY_PATH=/home/kush/UR5_Project_New/install/moveit_ros_planning/lib:/home/kush/UR5_Project_New/install/moveit_ros_occupancy_map_monitor/lib:/home/kush/UR5_Project_New/install/moveit_core/lib:/home/kush/UR5_Project_New/install/srdfdom/lib:${LD_LIBRARY_PATH} PATH=/home/kush/UR5_Project_New/install/moveit_core/bin:${PATH} PYTHONPATH=/home/kush/UR5_Project_New/install/srdfdom/local/lib/python3.10/dist-packages:${PYTHONPATH} /usr/bin/cmake /home/kush/UR5_Project_New/src/moveit2/moveit_ros/warehouse -DCMAKE_BUILD_TYPE=Release -DCMAKE_INSTALL_PREFIX=/home/kush/UR5_Project_New/install/moveit_ros_warehouse
[17.598s] Invoking command in '/home/kush/UR5_Project_New/build/moveit_ros_warehouse': AMENT_PREFIX_PATH=/home/kush/UR5_Project_New/install/moveit_ros_planning:/home/kush/UR5_Project_New/install/moveit_ros_occupancy_map_monitor:/home/kush/UR5_Project_New/install/moveit_core:/home/kush/UR5_Project_New/install/srdfdom:/home/kush/UR5_Project_New/install/moveit_common:${AMENT_PREFIX_PATH} CMAKE_PREFIX_PATH=/home/kush/UR5_Project_New/install/moveit_ros_planning:/home/kush/UR5_Project_New/install/moveit_ros_occupancy_map_monitor:/home/kush/UR5_Project_New/install/moveit_core:/home/kush/UR5_Project_New/install/srdfdom:/home/kush/UR5_Project_New/install/moveit_common:/home/kush/ws_moveit2_ur5/install/ur_description:/home/kush/ws_moveit2_ur5/install/pilz_industrial_motion_planner_testutils:/home/kush/ws_moveit2_ur5/install/moveit_runtime:/home/kush/ws_moveit2_ur5/install/moveit2_tutorials:/home/kush/ws_moveit2_ur5/install/moveit:/home/kush/ws_moveit2_ur5/install/moveit_planners:/home/kush/ws_moveit2_ur5/install/pilz_industrial_motion_planner:/home/kush/ws_moveit2_ur5/install/moveit_visual_tools:/home/kush/ws_moveit2_ur5/install/moveit_task_constructor_visualization:/home/kush/ws_moveit2_ur5/install/moveit_task_constructor_demo:/home/kush/ws_moveit2_ur5/install/moveit_task_constructor_capabilities:/home/kush/ws_moveit2_ur5/install/moveit_task_constructor_core:/home/kush/ws_moveit2_ur5/install/moveit_ros_control_interface:/home/kush/ws_moveit2_ur5/install/moveit_plugins:/home/kush/ws_moveit2_ur5/install/moveit_simple_controller_manager:/home/kush/ws_moveit2_ur5/install/moveit_setup_assistant:/home/kush/ws_moveit2_ur5/install/moveit_setup_srdf_plugins:/home/kush/ws_moveit2_ur5/install/moveit_setup_core_plugins:/home/kush/ws_moveit2_ur5/install/moveit_setup_controllers:/home/kush/ws_moveit2_ur5/install/moveit_setup_app_plugins:/home/kush/ws_moveit2_ur5/install/moveit_setup_framework:/home/kush/ws_moveit2_ur5/install/moveit_servo:/home/kush/ws_moveit2_ur5/install/moveit_ros:/home/kush/ws_moveit2_ur5/install/moveit_ros_visualization:/home/kush/ws_moveit2_ur5/install/moveit_hybrid_planning:/home/kush/ws_moveit2_ur5/install/moveit_ros_planning_interface:/home/kush/ws_moveit2_ur5/install/moveit_ros_benchmarks:/home/kush/ws_moveit2_ur5/install/moveit_ros_warehouse:/home/kush/ws_moveit2_ur5/install/moveit_ros_robot_interaction:/home/kush/ws_moveit2_ur5/install/moveit_ros_perception:/home/kush/ws_moveit2_ur5/install/moveit_resources_prbt_pg70_support:/home/kush/ws_moveit2_ur5/install/moveit_resources_prbt_moveit_config:/home/kush/ws_moveit2_ur5/install/moveit_ros_move_group:/home/kush/ws_moveit2_ur5/install/moveit_planners_ompl:/home/kush/ws_moveit2_ur5/install/moveit_ros_planning:/home/kush/ws_moveit2_ur5/install/moveit_ros_occupancy_map_monitor:/home/kush/ws_moveit2_ur5/install/moveit_resources_prbt_ikfast_manipulator_plugin:/home/kush/ws_moveit2_ur5/install/moveit_planners_chomp:/home/kush/ws_moveit2_ur5/install/moveit_kinematics:/home/kush/ws_moveit2_ur5/install/moveit_chomp_optimizer_adapter:/home/kush/ws_moveit2_ur5/install/chomp_motion_planner:/home/kush/ws_moveit2_ur5/install/moveit_core:/home/kush/ws_moveit2_ur5/install/srdfdom:/home/kush/ws_moveit2_ur5/install/rviz_marker_tools:/home/kush/ws_moveit2_ur5/install/rosparam_shortcuts:/home/kush/ws_moveit2_ur5/install/moveit_task_constructor_msgs:/home/kush/ws_moveit2_ur5/install/moveit_resources_prbt_support:/home/kush/ws_moveit2_ur5/install/moveit_resources:/home/kush/ws_moveit2_ur5/install/moveit_resources_pr2_description:/home/kush/ws_moveit2_ur5/install/moveit_resources_panda_moveit_config:/home/kush/ws_moveit2_ur5/install/moveit_resources_panda_description:/home/kush/ws_moveit2_ur5/install/moveit_resources_fanuc_moveit_config:/home/kush/ws_moveit2_ur5/install/moveit_resources_fanuc_description:/home/kush/ws_moveit2_ur5/install/moveit_common:/home/kush/ws_moveit2_ur5/install/moveit_configs_utils:/home/kush/ws_moveit2_ur5/install/launch_param_builder:/opt/ros/humble LD_LIBRARY_PATH=/home/kush/UR5_Project_New/install/moveit_ros_planning/lib:/home/kush/UR5_Project_New/install/moveit_ros_occupancy_map_monitor/lib:/home/kush/UR5_Project_New/install/moveit_core/lib:/home/kush/UR5_Project_New/install/srdfdom/lib:${LD_LIBRARY_PATH} PATH=/home/kush/UR5_Project_New/install/moveit_core/bin:${PATH} PYTHONPATH=/home/kush/UR5_Project_New/install/srdfdom/local/lib/python3.10/dist-packages:${PYTHONPATH} /usr/bin/cmake --build /home/kush/UR5_Project_New/build/moveit_ros_warehouse -- -j4 -l4
[18.039s] [  5%] [32mBuilding CXX object CMakeFiles/moveit_warehouse.dir/src/moveit_message_storage.cpp.o[0m
[18.055s] [ 10%] [32mBuilding CXX object CMakeFiles/moveit_warehouse.dir/src/planning_scene_storage.cpp.o[0m
[19.192s] [ 15%] [32mBuilding CXX object CMakeFiles/moveit_warehouse.dir/src/constraints_storage.cpp.o[0m
[78.296s] [ 20%] [32mBuilding CXX object CMakeFiles/moveit_warehouse.dir/src/state_storage.cpp.o[0m
[94.974s] [ 25%] [32mBuilding CXX object CMakeFiles/moveit_warehouse.dir/src/warehouse_connector.cpp.o[0m
[97.634s] [ 30%] [32mBuilding CXX object CMakeFiles/moveit_warehouse.dir/src/trajectory_constraints_storage.cpp.o[0m
[113.748s] [ 35%] [32mBuilding CXX object CMakeFiles/moveit_warehouse.dir/src/planning_scene_world_storage.cpp.o[0m
[129.075s] [ 40%] [32m[1mLinking CXX shared library libmoveit_warehouse.so[0m
[131.288s] [ 40%] Built target moveit_warehouse
[131.365s] [ 45%] [32mBuilding CXX object CMakeFiles/moveit_warehouse_broadcast.dir/src/broadcast.cpp.o[0m
[170.906s] [ 50%] [32m[1mLinking CXX executable moveit_warehouse_broadcast[0m
[171.838s] [ 50%] Built target moveit_warehouse_broadcast
[171.914s] [ 55%] [32mBuilding CXX object CMakeFiles/moveit_warehouse_save_as_text.dir/src/save_as_text.cpp.o[0m
[207.507s] [ 60%] [32m[1mLinking CXX executable moveit_warehouse_save_as_text[0m
[208.703s] [ 60%] Built target moveit_warehouse_save_as_text
[208.778s] [ 65%] [32mBuilding CXX object CMakeFiles/moveit_init_demo_warehouse.dir/src/initialize_demo_db.cpp.o[0m
[250.930s] [ 70%] [32m[1mLinking CXX executable moveit_init_demo_warehouse[0m
[252.171s] [ 70%] Built target moveit_init_demo_warehouse
[252.246s] [ 75%] [32mBuilding CXX object CMakeFiles/moveit_warehouse_services.dir/src/warehouse_services.cpp.o[0m
[279.973s] [ 80%] [32m[1mLinking CXX executable moveit_warehouse_services[0m
[280.916s] [ 80%] Built target moveit_warehouse_services
[281.021s] [ 85%] [32mBuilding CXX object CMakeFiles/moveit_warehouse_import_from_text.dir/src/import_from_text.cpp.o[0m
[326.846s] [ 90%] [32m[1mLinking CXX executable moveit_warehouse_import_from_text[0m
[328.636s] [ 90%] Built target moveit_warehouse_import_from_text
[328.829s] [ 95%] [32mBuilding CXX object CMakeFiles/moveit_save_to_warehouse.dir/src/save_to_warehouse.cpp.o[0m
[422.977s] [100%] [32m[1mLinking CXX executable moveit_save_to_warehouse[0m
[424.360s] [100%] Built target moveit_save_to_warehouse
[424.456s] Invoked command in '/home/kush/UR5_Project_New/build/moveit_ros_warehouse' returned '0': AMENT_PREFIX_PATH=/home/kush/UR5_Project_New/install/moveit_ros_planning:/home/kush/UR5_Project_New/install/moveit_ros_occupancy_map_monitor:/home/kush/UR5_Project_New/install/moveit_core:/home/kush/UR5_Project_New/install/srdfdom:/home/kush/UR5_Project_New/install/moveit_common:${AMENT_PREFIX_PATH} CMAKE_PREFIX_PATH=/home/kush/UR5_Project_New/install/moveit_ros_planning:/home/kush/UR5_Project_New/install/moveit_ros_occupancy_map_monitor:/home/kush/UR5_Project_New/install/moveit_core:/home/kush/UR5_Project_New/install/srdfdom:/home/kush/UR5_Project_New/install/moveit_common:/home/kush/ws_moveit2_ur5/install/ur_description:/home/kush/ws_moveit2_ur5/install/pilz_industrial_motion_planner_testutils:/home/kush/ws_moveit2_ur5/install/moveit_runtime:/home/kush/ws_moveit2_ur5/install/moveit2_tutorials:/home/kush/ws_moveit2_ur5/install/moveit:/home/kush/ws_moveit2_ur5/install/moveit_planners:/home/kush/ws_moveit2_ur5/install/pilz_industrial_motion_planner:/home/kush/ws_moveit2_ur5/install/moveit_visual_tools:/home/kush/ws_moveit2_ur5/install/moveit_task_constructor_visualization:/home/kush/ws_moveit2_ur5/install/moveit_task_constructor_demo:/home/kush/ws_moveit2_ur5/install/moveit_task_constructor_capabilities:/home/kush/ws_moveit2_ur5/install/moveit_task_constructor_core:/home/kush/ws_moveit2_ur5/install/moveit_ros_control_interface:/home/kush/ws_moveit2_ur5/install/moveit_plugins:/home/kush/ws_moveit2_ur5/install/moveit_simple_controller_manager:/home/kush/ws_moveit2_ur5/install/moveit_setup_assistant:/home/kush/ws_moveit2_ur5/install/moveit_setup_srdf_plugins:/home/kush/ws_moveit2_ur5/install/moveit_setup_core_plugins:/home/kush/ws_moveit2_ur5/install/moveit_setup_controllers:/home/kush/ws_moveit2_ur5/install/moveit_setup_app_plugins:/home/kush/ws_moveit2_ur5/install/moveit_setup_framework:/home/kush/ws_moveit2_ur5/install/moveit_servo:/home/kush/ws_moveit2_ur5/install/moveit_ros:/home/kush/ws_moveit2_ur5/install/moveit_ros_visualization:/home/kush/ws_moveit2_ur5/install/moveit_hybrid_planning:/home/kush/ws_moveit2_ur5/install/moveit_ros_planning_interface:/home/kush/ws_moveit2_ur5/install/moveit_ros_benchmarks:/home/kush/ws_moveit2_ur5/install/moveit_ros_warehouse:/home/kush/ws_moveit2_ur5/install/moveit_ros_robot_interaction:/home/kush/ws_moveit2_ur5/install/moveit_ros_perception:/home/kush/ws_moveit2_ur5/install/moveit_resources_prbt_pg70_support:/home/kush/ws_moveit2_ur5/install/moveit_resources_prbt_moveit_config:/home/kush/ws_moveit2_ur5/install/moveit_ros_move_group:/home/kush/ws_moveit2_ur5/install/moveit_planners_ompl:/home/kush/ws_moveit2_ur5/install/moveit_ros_planning:/home/kush/ws_moveit2_ur5/install/moveit_ros_occupancy_map_monitor:/home/kush/ws_moveit2_ur5/install/moveit_resources_prbt_ikfast_manipulator_plugin:/home/kush/ws_moveit2_ur5/install/moveit_planners_chomp:/home/kush/ws_moveit2_ur5/install/moveit_kinematics:/home/kush/ws_moveit2_ur5/install/moveit_chomp_optimizer_adapter:/home/kush/ws_moveit2_ur5/install/chomp_motion_planner:/home/kush/ws_moveit2_ur5/install/moveit_core:/home/kush/ws_moveit2_ur5/install/srdfdom:/home/kush/ws_moveit2_ur5/install/rviz_marker_tools:/home/kush/ws_moveit2_ur5/install/rosparam_shortcuts:/home/kush/ws_moveit2_ur5/install/moveit_task_constructor_msgs:/home/kush/ws_moveit2_ur5/install/moveit_resources_prbt_support:/home/kush/ws_moveit2_ur5/install/moveit_resources:/home/kush/ws_moveit2_ur5/install/moveit_resources_pr2_description:/home/kush/ws_moveit2_ur5/install/moveit_resources_panda_moveit_config:/home/kush/ws_moveit2_ur5/install/moveit_resources_panda_description:/home/kush/ws_moveit2_ur5/install/moveit_resources_fanuc_moveit_config:/home/kush/ws_moveit2_ur5/install/moveit_resources_fanuc_description:/home/kush/ws_moveit2_ur5/install/moveit_common:/home/kush/ws_moveit2_ur5/install/moveit_configs_utils:/home/kush/ws_moveit2_ur5/install/launch_param_builder:/opt/ros/humble LD_LIBRARY_PATH=/home/kush/UR5_Project_New/install/moveit_ros_planning/lib:/home/kush/UR5_Project_New/install/moveit_ros_occupancy_map_monitor/lib:/home/kush/UR5_Project_New/install/moveit_core/lib:/home/kush/UR5_Project_New/install/srdfdom/lib:${LD_LIBRARY_PATH} PATH=/home/kush/UR5_Project_New/install/moveit_core/bin:${PATH} PYTHONPATH=/home/kush/UR5_Project_New/install/srdfdom/local/lib/python3.10/dist-packages:${PYTHONPATH} /usr/bin/cmake --build /home/kush/UR5_Project_New/build/moveit_ros_warehouse -- -j4 -l4
[425.155s] Invoking command in '/home/kush/UR5_Project_New/build/moveit_ros_warehouse': AMENT_PREFIX_PATH=/home/kush/UR5_Project_New/install/moveit_ros_planning:/home/kush/UR5_Project_New/install/moveit_ros_occupancy_map_monitor:/home/kush/UR5_Project_New/install/moveit_core:/home/kush/UR5_Project_New/install/srdfdom:/home/kush/UR5_Project_New/install/moveit_common:${AMENT_PREFIX_PATH} CMAKE_PREFIX_PATH=/home/kush/UR5_Project_New/install/moveit_ros_planning:/home/kush/UR5_Project_New/install/moveit_ros_occupancy_map_monitor:/home/kush/UR5_Project_New/install/moveit_core:/home/kush/UR5_Project_New/install/srdfdom:/home/kush/UR5_Project_New/install/moveit_common:/home/kush/ws_moveit2_ur5/install/ur_description:/home/kush/ws_moveit2_ur5/install/pilz_industrial_motion_planner_testutils:/home/kush/ws_moveit2_ur5/install/moveit_runtime:/home/kush/ws_moveit2_ur5/install/moveit2_tutorials:/home/kush/ws_moveit2_ur5/install/moveit:/home/kush/ws_moveit2_ur5/install/moveit_planners:/home/kush/ws_moveit2_ur5/install/pilz_industrial_motion_planner:/home/kush/ws_moveit2_ur5/install/moveit_visual_tools:/home/kush/ws_moveit2_ur5/install/moveit_task_constructor_visualization:/home/kush/ws_moveit2_ur5/install/moveit_task_constructor_demo:/home/kush/ws_moveit2_ur5/install/moveit_task_constructor_capabilities:/home/kush/ws_moveit2_ur5/install/moveit_task_constructor_core:/home/kush/ws_moveit2_ur5/install/moveit_ros_control_interface:/home/kush/ws_moveit2_ur5/install/moveit_plugins:/home/kush/ws_moveit2_ur5/install/moveit_simple_controller_manager:/home/kush/ws_moveit2_ur5/install/moveit_setup_assistant:/home/kush/ws_moveit2_ur5/install/moveit_setup_srdf_plugins:/home/kush/ws_moveit2_ur5/install/moveit_setup_core_plugins:/home/kush/ws_moveit2_ur5/install/moveit_setup_controllers:/home/kush/ws_moveit2_ur5/install/moveit_setup_app_plugins:/home/kush/ws_moveit2_ur5/install/moveit_setup_framework:/home/kush/ws_moveit2_ur5/install/moveit_servo:/home/kush/ws_moveit2_ur5/install/moveit_ros:/home/kush/ws_moveit2_ur5/install/moveit_ros_visualization:/home/kush/ws_moveit2_ur5/install/moveit_hybrid_planning:/home/kush/ws_moveit2_ur5/install/moveit_ros_planning_interface:/home/kush/ws_moveit2_ur5/install/moveit_ros_benchmarks:/home/kush/ws_moveit2_ur5/install/moveit_ros_warehouse:/home/kush/ws_moveit2_ur5/install/moveit_ros_robot_interaction:/home/kush/ws_moveit2_ur5/install/moveit_ros_perception:/home/kush/ws_moveit2_ur5/install/moveit_resources_prbt_pg70_support:/home/kush/ws_moveit2_ur5/install/moveit_resources_prbt_moveit_config:/home/kush/ws_moveit2_ur5/install/moveit_ros_move_group:/home/kush/ws_moveit2_ur5/install/moveit_planners_ompl:/home/kush/ws_moveit2_ur5/install/moveit_ros_planning:/home/kush/ws_moveit2_ur5/install/moveit_ros_occupancy_map_monitor:/home/kush/ws_moveit2_ur5/install/moveit_resources_prbt_ikfast_manipulator_plugin:/home/kush/ws_moveit2_ur5/install/moveit_planners_chomp:/home/kush/ws_moveit2_ur5/install/moveit_kinematics:/home/kush/ws_moveit2_ur5/install/moveit_chomp_optimizer_adapter:/home/kush/ws_moveit2_ur5/install/chomp_motion_planner:/home/kush/ws_moveit2_ur5/install/moveit_core:/home/kush/ws_moveit2_ur5/install/srdfdom:/home/kush/ws_moveit2_ur5/install/rviz_marker_tools:/home/kush/ws_moveit2_ur5/install/rosparam_shortcuts:/home/kush/ws_moveit2_ur5/install/moveit_task_constructor_msgs:/home/kush/ws_moveit2_ur5/install/moveit_resources_prbt_support:/home/kush/ws_moveit2_ur5/install/moveit_resources:/home/kush/ws_moveit2_ur5/install/moveit_resources_pr2_description:/home/kush/ws_moveit2_ur5/install/moveit_resources_panda_moveit_config:/home/kush/ws_moveit2_ur5/install/moveit_resources_panda_description:/home/kush/ws_moveit2_ur5/install/moveit_resources_fanuc_moveit_config:/home/kush/ws_moveit2_ur5/install/moveit_resources_fanuc_description:/home/kush/ws_moveit2_ur5/install/moveit_common:/home/kush/ws_moveit2_ur5/install/moveit_configs_utils:/home/kush/ws_moveit2_ur5/install/launch_param_builder:/opt/ros/humble LD_LIBRARY_PATH=/home/kush/UR5_Project_New/install/moveit_ros_planning/lib:/home/kush/UR5_Project_New/install/moveit_ros_occupancy_map_monitor/lib:/home/kush/UR5_Project_New/install/moveit_core/lib:/home/kush/UR5_Project_New/install/srdfdom/lib:${LD_LIBRARY_PATH} PATH=/home/kush/UR5_Project_New/install/moveit_core/bin:${PATH} PYTHONPATH=/home/kush/UR5_Project_New/install/srdfdom/local/lib/python3.10/dist-packages:${PYTHONPATH} /usr/bin/cmake --install /home/kush/UR5_Project_New/build/moveit_ros_warehouse
[425.255s] -- Install configuration: "Release"
[425.255s] -- Installing: /home/kush/UR5_Project_New/install/moveit_ros_warehouse/lib/moveit_ros_warehouse/moveit_save_to_warehouse
[425.256s] -- Set runtime path of "/home/kush/UR5_Project_New/install/moveit_ros_warehouse/lib/moveit_ros_warehouse/moveit_save_to_warehouse" to ""
[425.256s] -- Installing: /home/kush/UR5_Project_New/install/moveit_ros_warehouse/lib/moveit_ros_warehouse/moveit_warehouse_broadcast
[425.280s] -- Set runtime path of "/home/kush/UR5_Project_New/install/moveit_ros_warehouse/lib/moveit_ros_warehouse/moveit_warehouse_broadcast" to ""
[425.280s] -- Installing: /home/kush/UR5_Project_New/install/moveit_ros_warehouse/lib/moveit_ros_warehouse/moveit_warehouse_import_from_text
[425.297s] -- Set runtime path of "/home/kush/UR5_Project_New/install/moveit_ros_warehouse/lib/moveit_ros_warehouse/moveit_warehouse_import_from_text" to ""
[425.297s] -- Installing: /home/kush/UR5_Project_New/install/moveit_ros_warehouse/lib/moveit_ros_warehouse/moveit_warehouse_save_as_text
[425.308s] -- Set runtime path of "/home/kush/UR5_Project_New/install/moveit_ros_warehouse/lib/moveit_ros_warehouse/moveit_warehouse_save_as_text" to ""
[425.308s] -- Installing: /home/kush/UR5_Project_New/install/moveit_ros_warehouse/lib/moveit_ros_warehouse/moveit_init_demo_warehouse
[425.327s] -- Set runtime path of "/home/kush/UR5_Project_New/install/moveit_ros_warehouse/lib/moveit_ros_warehouse/moveit_init_demo_warehouse" to ""
[425.327s] -- Installing: /home/kush/UR5_Project_New/install/moveit_ros_warehouse/lib/moveit_ros_warehouse/moveit_warehouse_services
[425.344s] -- Set runtime path of "/home/kush/UR5_Project_New/install/moveit_ros_warehouse/lib/moveit_ros_warehouse/moveit_warehouse_services" to ""
[425.344s] -- Installing: /home/kush/UR5_Project_New/install/moveit_ros_warehouse/include
[425.345s] -- Installing: /home/kush/UR5_Project_New/install/moveit_ros_warehouse/include/moveit
[425.345s] -- Installing: /home/kush/UR5_Project_New/install/moveit_ros_warehouse/include/moveit/warehouse
[425.346s] -- Installing: /home/kush/UR5_Project_New/install/moveit_ros_warehouse/include/moveit/warehouse/planning_scene_world_storage.h
[425.346s] -- Installing: /home/kush/UR5_Project_New/install/moveit_ros_warehouse/include/moveit/warehouse/constraints_storage.h
[425.347s] -- Installing: /home/kush/UR5_Project_New/install/moveit_ros_warehouse/include/moveit/warehouse/planning_scene_storage.h
[425.347s] -- Installing: /home/kush/UR5_Project_New/install/moveit_ros_warehouse/include/moveit/warehouse/trajectory_constraints_storage.h
[425.348s] -- Installing: /home/kush/UR5_Project_New/install/moveit_ros_warehouse/include/moveit/warehouse/state_storage.h
[425.348s] -- Installing: /home/kush/UR5_Project_New/install/moveit_ros_warehouse/include/moveit/warehouse/moveit_message_storage.h
[425.349s] -- Installing: /home/kush/UR5_Project_New/install/moveit_ros_warehouse/include/moveit/warehouse/warehouse_connector.h
[425.349s] -- Installing: /home/kush/UR5_Project_New/install/moveit_ros_warehouse/include/moveit_warehouse_export.h
[425.350s] -- Installing: /home/kush/UR5_Project_New/install/moveit_ros_warehouse/lib/libmoveit_warehouse.so.2.5.4
[425.372s] -- Set runtime path of "/home/kush/UR5_Project_New/install/moveit_ros_warehouse/lib/libmoveit_warehouse.so.2.5.4" to ""
[425.373s] -- Installing: /home/kush/UR5_Project_New/install/moveit_ros_warehouse/lib/libmoveit_warehouse.so
[425.373s] -- Installing: /home/kush/UR5_Project_New/install/moveit_ros_warehouse/share/moveit_ros_warehouse/environment/library_path.sh
[425.374s] -- Installing: /home/kush/UR5_Project_New/install/moveit_ros_warehouse/share/moveit_ros_warehouse/environment/library_path.dsv
[425.382s] -- Installing: /home/kush/UR5_Project_New/install/moveit_ros_warehouse/share/ament_index/resource_index/package_run_dependencies/moveit_ros_warehouse
[425.398s] -- Installing: /home/kush/UR5_Project_New/install/moveit_ros_warehouse/share/ament_index/resource_index/parent_prefix_path/moveit_ros_warehouse
[425.399s] -- Installing: /home/kush/UR5_Project_New/install/moveit_ros_warehouse/share/moveit_ros_warehouse/environment/ament_prefix_path.sh
[425.400s] -- Installing: /home/kush/UR5_Project_New/install/moveit_ros_warehouse/share/moveit_ros_warehouse/environment/ament_prefix_path.dsv
[425.400s] -- Installing: /home/kush/UR5_Project_New/install/moveit_ros_warehouse/share/moveit_ros_warehouse/environment/path.sh
[425.401s] -- Installing: /home/kush/UR5_Project_New/install/moveit_ros_warehouse/share/moveit_ros_warehouse/environment/path.dsv
[425.401s] -- Installing: /home/kush/UR5_Project_New/install/moveit_ros_warehouse/share/moveit_ros_warehouse/local_setup.bash
[425.401s] -- Installing: /home/kush/UR5_Project_New/install/moveit_ros_warehouse/share/moveit_ros_warehouse/local_setup.sh
[425.402s] -- Installing: /home/kush/UR5_Project_New/install/moveit_ros_warehouse/share/moveit_ros_warehouse/local_setup.zsh
[425.404s] -- Installing: /home/kush/UR5_Project_New/install/moveit_ros_warehouse/share/moveit_ros_warehouse/local_setup.dsv
[425.406s] -- Installing: /home/kush/UR5_Project_New/install/moveit_ros_warehouse/share/moveit_ros_warehouse/package.dsv
[425.406s] -- Installing: /home/kush/UR5_Project_New/install/moveit_ros_warehouse/share/ament_index/resource_index/packages/moveit_ros_warehouse
[425.407s] -- Installing: /home/kush/UR5_Project_New/install/moveit_ros_warehouse/share/moveit_ros_warehouse/cmake/export_moveit_ros_warehouseExport.cmake
[425.407s] -- Installing: /home/kush/UR5_Project_New/install/moveit_ros_warehouse/share/moveit_ros_warehouse/cmake/export_moveit_ros_warehouseExport-release.cmake
[425.408s] -- Installing: /home/kush/UR5_Project_New/install/moveit_ros_warehouse/share/moveit_ros_warehouse/cmake/ConfigExtras.cmake
[425.408s] -- Installing: /home/kush/UR5_Project_New/install/moveit_ros_warehouse/share/moveit_ros_warehouse/cmake/ament_cmake_export_targets-extras.cmake
[425.408s] -- Installing: /home/kush/UR5_Project_New/install/moveit_ros_warehouse/share/moveit_ros_warehouse/cmake/ament_cmake_export_dependencies-extras.cmake
[425.409s] -- Installing: /home/kush/UR5_Project_New/install/moveit_ros_warehouse/share/moveit_ros_warehouse/cmake/moveit_ros_warehouseConfig.cmake
[425.409s] -- Installing: /home/kush/UR5_Project_New/install/moveit_ros_warehouse/share/moveit_ros_warehouse/cmake/moveit_ros_warehouseConfig-version.cmake
[425.410s] -- Installing: /home/kush/UR5_Project_New/install/moveit_ros_warehouse/share/moveit_ros_warehouse/package.xml
[425.425s] Invoked command in '/home/kush/UR5_Project_New/build/moveit_ros_warehouse' returned '0': AMENT_PREFIX_PATH=/home/kush/UR5_Project_New/install/moveit_ros_planning:/home/kush/UR5_Project_New/install/moveit_ros_occupancy_map_monitor:/home/kush/UR5_Project_New/install/moveit_core:/home/kush/UR5_Project_New/install/srdfdom:/home/kush/UR5_Project_New/install/moveit_common:${AMENT_PREFIX_PATH} CMAKE_PREFIX_PATH=/home/kush/UR5_Project_New/install/moveit_ros_planning:/home/kush/UR5_Project_New/install/moveit_ros_occupancy_map_monitor:/home/kush/UR5_Project_New/install/moveit_core:/home/kush/UR5_Project_New/install/srdfdom:/home/kush/UR5_Project_New/install/moveit_common:/home/kush/ws_moveit2_ur5/install/ur_description:/home/kush/ws_moveit2_ur5/install/pilz_industrial_motion_planner_testutils:/home/kush/ws_moveit2_ur5/install/moveit_runtime:/home/kush/ws_moveit2_ur5/install/moveit2_tutorials:/home/kush/ws_moveit2_ur5/install/moveit:/home/kush/ws_moveit2_ur5/install/moveit_planners:/home/kush/ws_moveit2_ur5/install/pilz_industrial_motion_planner:/home/kush/ws_moveit2_ur5/install/moveit_visual_tools:/home/kush/ws_moveit2_ur5/install/moveit_task_constructor_visualization:/home/kush/ws_moveit2_ur5/install/moveit_task_constructor_demo:/home/kush/ws_moveit2_ur5/install/moveit_task_constructor_capabilities:/home/kush/ws_moveit2_ur5/install/moveit_task_constructor_core:/home/kush/ws_moveit2_ur5/install/moveit_ros_control_interface:/home/kush/ws_moveit2_ur5/install/moveit_plugins:/home/kush/ws_moveit2_ur5/install/moveit_simple_controller_manager:/home/kush/ws_moveit2_ur5/install/moveit_setup_assistant:/home/kush/ws_moveit2_ur5/install/moveit_setup_srdf_plugins:/home/kush/ws_moveit2_ur5/install/moveit_setup_core_plugins:/home/kush/ws_moveit2_ur5/install/moveit_setup_controllers:/home/kush/ws_moveit2_ur5/install/moveit_setup_app_plugins:/home/kush/ws_moveit2_ur5/install/moveit_setup_framework:/home/kush/ws_moveit2_ur5/install/moveit_servo:/home/kush/ws_moveit2_ur5/install/moveit_ros:/home/kush/ws_moveit2_ur5/install/moveit_ros_visualization:/home/kush/ws_moveit2_ur5/install/moveit_hybrid_planning:/home/kush/ws_moveit2_ur5/install/moveit_ros_planning_interface:/home/kush/ws_moveit2_ur5/install/moveit_ros_benchmarks:/home/kush/ws_moveit2_ur5/install/moveit_ros_warehouse:/home/kush/ws_moveit2_ur5/install/moveit_ros_robot_interaction:/home/kush/ws_moveit2_ur5/install/moveit_ros_perception:/home/kush/ws_moveit2_ur5/install/moveit_resources_prbt_pg70_support:/home/kush/ws_moveit2_ur5/install/moveit_resources_prbt_moveit_config:/home/kush/ws_moveit2_ur5/install/moveit_ros_move_group:/home/kush/ws_moveit2_ur5/install/moveit_planners_ompl:/home/kush/ws_moveit2_ur5/install/moveit_ros_planning:/home/kush/ws_moveit2_ur5/install/moveit_ros_occupancy_map_monitor:/home/kush/ws_moveit2_ur5/install/moveit_resources_prbt_ikfast_manipulator_plugin:/home/kush/ws_moveit2_ur5/install/moveit_planners_chomp:/home/kush/ws_moveit2_ur5/install/moveit_kinematics:/home/kush/ws_moveit2_ur5/install/moveit_chomp_optimizer_adapter:/home/kush/ws_moveit2_ur5/install/chomp_motion_planner:/home/kush/ws_moveit2_ur5/install/moveit_core:/home/kush/ws_moveit2_ur5/install/srdfdom:/home/kush/ws_moveit2_ur5/install/rviz_marker_tools:/home/kush/ws_moveit2_ur5/install/rosparam_shortcuts:/home/kush/ws_moveit2_ur5/install/moveit_task_constructor_msgs:/home/kush/ws_moveit2_ur5/install/moveit_resources_prbt_support:/home/kush/ws_moveit2_ur5/install/moveit_resources:/home/kush/ws_moveit2_ur5/install/moveit_resources_pr2_description:/home/kush/ws_moveit2_ur5/install/moveit_resources_panda_moveit_config:/home/kush/ws_moveit2_ur5/install/moveit_resources_panda_description:/home/kush/ws_moveit2_ur5/install/moveit_resources_fanuc_moveit_config:/home/kush/ws_moveit2_ur5/install/moveit_resources_fanuc_description:/home/kush/ws_moveit2_ur5/install/moveit_common:/home/kush/ws_moveit2_ur5/install/moveit_configs_utils:/home/kush/ws_moveit2_ur5/install/launch_param_builder:/opt/ros/humble LD_LIBRARY_PATH=/home/kush/UR5_Project_New/install/moveit_ros_planning/lib:/home/kush/UR5_Project_New/install/moveit_ros_occupancy_map_monitor/lib:/home/kush/UR5_Project_New/install/moveit_core/lib:/home/kush/UR5_Project_New/install/srdfdom/lib:${LD_LIBRARY_PATH} PATH=/home/kush/UR5_Project_New/install/moveit_core/bin:${PATH} PYTHONPATH=/home/kush/UR5_Project_New/install/srdfdom/local/lib/python3.10/dist-packages:${PYTHONPATH} /usr/bin/cmake --install /home/kush/UR5_Project_New/build/moveit_ros_warehouse
