[0.035s] Invoking command in '/home/kush/UR5_Project_New/build/ur_bringup': AMENT_PREFIX_PATH=/home/kush/UR5_Project_New/install/ur_controllers:/home/kush/UR5_Project_New/install/ur_dashboard_msgs:${AMENT_PREFIX_PATH} CMAKE_PREFIX_PATH=/home/kush/UR5_Project_New/install/ur_controllers:/home/kush/UR5_Project_New/install/ur_dashboard_msgs:/opt/ros/humble LD_LIBRARY_PATH=/home/kush/UR5_Project_New/install/ur_controllers/lib:/home/kush/UR5_Project_New/install/ur_dashboard_msgs/lib:${LD_LIBRARY_PATH} PYTHONPATH=/home/kush/UR5_Project_New/install/ur_dashboard_msgs/local/lib/python3.10/dist-packages:${PYTHONPATH} /usr/bin/cmake /home/kush/UR5_Project_New/src/Universal_Robots_ROS2_Driver/ur_bringup -DCMAKE_BUILD_TYPE=Release -DCMAKE_INSTALL_PREFIX=/home/kush/UR5_Project_New/install/ur_bringup
[0.200s] -- The C compiler identification is GNU 11.4.0
[0.371s] -- The CXX compiler identification is GNU 11.4.0
[0.388s] -- Detecting C compiler ABI info
[0.584s] -- Detecting C compiler ABI info - done
[0.604s] -- Check for working C compiler: /usr/bin/cc - skipped
[0.604s] -- Detecting C compile features
[0.605s] -- Detecting C compile features - done
[0.612s] -- Detecting CXX compiler ABI info
[0.775s] -- Detecting CXX compiler ABI info - done
[0.808s] -- Check for working CXX compiler: /usr/bin/c++ - skipped
[0.808s] -- Detecting CXX compile features
[0.809s] -- Detecting CXX compile features - done
[0.815s] -- Found ament_cmake: 1.3.5 (/opt/ros/humble/share/ament_cmake/cmake)
[1.249s] -- Found Python3: /usr/bin/python3.10 (found version "3.10.12") found components: Interpreter 
[1.632s] -- Configuring done
[1.639s] -- Generating done
[1.648s] -- Build files have been written to: /home/kush/UR5_Project_New/build/ur_bringup
[1.666s] Invoked command in '/home/kush/UR5_Project_New/build/ur_bringup' returned '0': AMENT_PREFIX_PATH=/home/kush/UR5_Project_New/install/ur_controllers:/home/kush/UR5_Project_New/install/ur_dashboard_msgs:${AMENT_PREFIX_PATH} CMAKE_PREFIX_PATH=/home/kush/UR5_Project_New/install/ur_controllers:/home/kush/UR5_Project_New/install/ur_dashboard_msgs:/opt/ros/humble LD_LIBRARY_PATH=/home/kush/UR5_Project_New/install/ur_controllers/lib:/home/kush/UR5_Project_New/install/ur_dashboard_msgs/lib:${LD_LIBRARY_PATH} PYTHONPATH=/home/kush/UR5_Project_New/install/ur_dashboard_msgs/local/lib/python3.10/dist-packages:${PYTHONPATH} /usr/bin/cmake /home/kush/UR5_Project_New/src/Universal_Robots_ROS2_Driver/ur_bringup -DCMAKE_BUILD_TYPE=Release -DCMAKE_INSTALL_PREFIX=/home/kush/UR5_Project_New/install/ur_bringup
[1.667s] Invoking command in '/home/kush/UR5_Project_New/build/ur_bringup': AMENT_PREFIX_PATH=/home/kush/UR5_Project_New/install/ur_controllers:/home/kush/UR5_Project_New/install/ur_dashboard_msgs:${AMENT_PREFIX_PATH} CMAKE_PREFIX_PATH=/home/kush/UR5_Project_New/install/ur_controllers:/home/kush/UR5_Project_New/install/ur_dashboard_msgs:/opt/ros/humble LD_LIBRARY_PATH=/home/kush/UR5_Project_New/install/ur_controllers/lib:/home/kush/UR5_Project_New/install/ur_dashboard_msgs/lib:${LD_LIBRARY_PATH} PYTHONPATH=/home/kush/UR5_Project_New/install/ur_dashboard_msgs/local/lib/python3.10/dist-packages:${PYTHONPATH} /usr/bin/cmake --build /home/kush/UR5_Project_New/build/ur_bringup -- -j4 -l4
[1.757s] Invoked command in '/home/kush/UR5_Project_New/build/ur_bringup' returned '0': AMENT_PREFIX_PATH=/home/kush/UR5_Project_New/install/ur_controllers:/home/kush/UR5_Project_New/install/ur_dashboard_msgs:${AMENT_PREFIX_PATH} CMAKE_PREFIX_PATH=/home/kush/UR5_Project_New/install/ur_controllers:/home/kush/UR5_Project_New/install/ur_dashboard_msgs:/opt/ros/humble LD_LIBRARY_PATH=/home/kush/UR5_Project_New/install/ur_controllers/lib:/home/kush/UR5_Project_New/install/ur_dashboard_msgs/lib:${LD_LIBRARY_PATH} PYTHONPATH=/home/kush/UR5_Project_New/install/ur_dashboard_msgs/local/lib/python3.10/dist-packages:${PYTHONPATH} /usr/bin/cmake --build /home/kush/UR5_Project_New/build/ur_bringup -- -j4 -l4
[1.804s] Invoking command in '/home/kush/UR5_Project_New/build/ur_bringup': AMENT_PREFIX_PATH=/home/kush/UR5_Project_New/install/ur_controllers:/home/kush/UR5_Project_New/install/ur_dashboard_msgs:${AMENT_PREFIX_PATH} CMAKE_PREFIX_PATH=/home/kush/UR5_Project_New/install/ur_controllers:/home/kush/UR5_Project_New/install/ur_dashboard_msgs:/opt/ros/humble LD_LIBRARY_PATH=/home/kush/UR5_Project_New/install/ur_controllers/lib:/home/kush/UR5_Project_New/install/ur_dashboard_msgs/lib:${LD_LIBRARY_PATH} PYTHONPATH=/home/kush/UR5_Project_New/install/ur_dashboard_msgs/local/lib/python3.10/dist-packages:${PYTHONPATH} /usr/bin/cmake --install /home/kush/UR5_Project_New/build/ur_bringup
[1.822s] -- Install configuration: "Release"
[1.823s] -- Installing: /home/kush/UR5_Project_New/install/ur_bringup/share/ur_bringup/config
[1.823s] -- Installing: /home/kush/UR5_Project_New/install/ur_bringup/share/ur_bringup/config/ur_controllers.yaml
[1.824s] -- Installing: /home/kush/UR5_Project_New/install/ur_bringup/share/ur_bringup/config/ur3_update_rate.yaml
[1.825s] -- Installing: /home/kush/UR5_Project_New/install/ur_bringup/share/ur_bringup/config/test_velocity_goal_publishers_config.yaml
[1.825s] -- Installing: /home/kush/UR5_Project_New/install/ur_bringup/share/ur_bringup/config/ur5e_update_rate.yaml
[1.825s] -- Installing: /home/kush/UR5_Project_New/install/ur_bringup/share/ur_bringup/config/test_goal_publishers_config.yaml
[1.826s] -- Installing: /home/kush/UR5_Project_New/install/ur_bringup/share/ur_bringup/config/ur10_update_rate.yaml
[1.826s] -- Installing: /home/kush/UR5_Project_New/install/ur_bringup/share/ur_bringup/config/ur16e_update_rate.yaml
[1.827s] -- Installing: /home/kush/UR5_Project_New/install/ur_bringup/share/ur_bringup/config/ur10e_update_rate.yaml
[1.827s] -- Installing: /home/kush/UR5_Project_New/install/ur_bringup/share/ur_bringup/config/ur5_update_rate.yaml
[1.828s] -- Installing: /home/kush/UR5_Project_New/install/ur_bringup/share/ur_bringup/config/ur3e_update_rate.yaml
[1.828s] -- Installing: /home/kush/UR5_Project_New/install/ur_bringup/share/ur_bringup/launch
[1.828s] -- Installing: /home/kush/UR5_Project_New/install/ur_bringup/share/ur_bringup/launch/test_joint_trajectory_controller.launch.py
[1.829s] -- Installing: /home/kush/UR5_Project_New/install/ur_bringup/share/ur_bringup/launch/ur10e.launch.py
[1.829s] -- Installing: /home/kush/UR5_Project_New/install/ur_bringup/share/ur_bringup/launch/ur5e.launch.py
[1.830s] -- Installing: /home/kush/UR5_Project_New/install/ur_bringup/share/ur_bringup/launch/test_scaled_joint_trajectory_controller.launch.py
[1.830s] -- Installing: /home/kush/UR5_Project_New/install/ur_bringup/share/ur_bringup/launch/ur_control.launch.py
[1.831s] -- Installing: /home/kush/UR5_Project_New/install/ur_bringup/share/ur_bringup/launch/ur3.launch.py
[1.831s] -- Installing: /home/kush/UR5_Project_New/install/ur_bringup/share/ur_bringup/launch/ur16e.launch.py
[1.832s] -- Installing: /home/kush/UR5_Project_New/install/ur_bringup/share/ur_bringup/launch/ur3e.launch.py
[1.832s] -- Installing: /home/kush/UR5_Project_New/install/ur_bringup/share/ur_bringup/launch/test_forward_velocity_controller.launch.py
[1.833s] -- Installing: /home/kush/UR5_Project_New/install/ur_bringup/share/ur_bringup/launch/ur5.launch.py
[1.833s] -- Installing: /home/kush/UR5_Project_New/install/ur_bringup/share/ur_bringup/launch/ur10.launch.py
[1.834s] -- Installing: /home/kush/UR5_Project_New/install/ur_bringup/share/ur_bringup/launch/ur_dashboard_client.launch.py
[1.835s] -- Installing: /home/kush/UR5_Project_New/install/ur_bringup/lib/ur_bringup/start_ursim.sh
[1.836s] -- Installing: /home/kush/UR5_Project_New/install/ur_bringup/share/ament_index/resource_index/package_run_dependencies/ur_bringup
[1.836s] -- Installing: /home/kush/UR5_Project_New/install/ur_bringup/share/ament_index/resource_index/parent_prefix_path/ur_bringup
[1.837s] -- Installing: /home/kush/UR5_Project_New/install/ur_bringup/share/ur_bringup/environment/ament_prefix_path.sh
[1.838s] -- Installing: /home/kush/UR5_Project_New/install/ur_bringup/share/ur_bringup/environment/ament_prefix_path.dsv
[1.838s] -- Installing: /home/kush/UR5_Project_New/install/ur_bringup/share/ur_bringup/environment/path.sh
[1.839s] -- Installing: /home/kush/UR5_Project_New/install/ur_bringup/share/ur_bringup/environment/path.dsv
[1.839s] -- Installing: /home/kush/UR5_Project_New/install/ur_bringup/share/ur_bringup/local_setup.bash
[1.841s] -- Installing: /home/kush/UR5_Project_New/install/ur_bringup/share/ur_bringup/local_setup.sh
[1.841s] -- Installing: /home/kush/UR5_Project_New/install/ur_bringup/share/ur_bringup/local_setup.zsh
[1.841s] -- Installing: /home/kush/UR5_Project_New/install/ur_bringup/share/ur_bringup/local_setup.dsv
[1.842s] -- Installing: /home/kush/UR5_Project_New/install/ur_bringup/share/ur_bringup/package.dsv
[1.842s] -- Installing: /home/kush/UR5_Project_New/install/ur_bringup/share/ament_index/resource_index/packages/ur_bringup
[1.843s] -- Installing: /home/kush/UR5_Project_New/install/ur_bringup/share/ur_bringup/cmake/ur_bringupConfig.cmake
[1.844s] -- Installing: /home/kush/UR5_Project_New/install/ur_bringup/share/ur_bringup/cmake/ur_bringupConfig-version.cmake
[1.844s] -- Installing: /home/kush/UR5_Project_New/install/ur_bringup/share/ur_bringup/package.xml
[1.853s] Invoked command in '/home/kush/UR5_Project_New/build/ur_bringup' returned '0': AMENT_PREFIX_PATH=/home/kush/UR5_Project_New/install/ur_controllers:/home/kush/UR5_Project_New/install/ur_dashboard_msgs:${AMENT_PREFIX_PATH} CMAKE_PREFIX_PATH=/home/kush/UR5_Project_New/install/ur_controllers:/home/kush/UR5_Project_New/install/ur_dashboard_msgs:/opt/ros/humble LD_LIBRARY_PATH=/home/kush/UR5_Project_New/install/ur_controllers/lib:/home/kush/UR5_Project_New/install/ur_dashboard_msgs/lib:${LD_LIBRARY_PATH} PYTHONPATH=/home/kush/UR5_Project_New/install/ur_dashboard_msgs/local/lib/python3.10/dist-packages:${PYTHONPATH} /usr/bin/cmake --install /home/kush/UR5_Project_New/build/ur_bringup
