[0.061s] Invoking command in '/home/kush/UR5_Project_New/src/build/ur_calibration': AMENT_PREFIX_PATH=/home/kush/UR5_Project_New/src/install/ur_robot_driver:/home/kush/UR5_Project_New/src/install/ur_controllers:/home/kush/UR5_Project_New/src/install/ur_description:/home/kush/UR5_Project_New/src/install/ur_dashboard_msgs:${AMENT_PREFIX_PATH} CMAKE_PREFIX_PATH=/home/kush/UR5_Project_New/src/install/ur_robot_driver:/home/kush/UR5_Project_New/src/install/ur_controllers:/home/kush/UR5_Project_New/src/install/ur_description:/home/kush/UR5_Project_New/src/install/ur_dashboard_msgs:/opt/ros/humble LD_LIBRARY_PATH=/home/kush/UR5_Project_New/src/install/ur_robot_driver/lib:/home/kush/UR5_Project_New/src/install/ur_controllers/lib:/home/kush/UR5_Project_New/src/install/ur_dashboard_msgs/lib:${LD_LIBRARY_PATH} PATH=/home/kush/UR5_Project_New/src/install/ur_robot_driver/bin:${PATH} PYTHONPATH=/home/kush/UR5_Project_New/src/install/ur_robot_driver/local/lib/python3.10/dist-packages:/home/kush/UR5_Project_New/src/install/ur_dashboard_msgs/local/lib/python3.10/dist-packages:${PYTHONPATH} /usr/bin/cmake /home/kush/UR5_Project_New/src/Universal_Robots_ROS2_Driver/ur_calibration -DCMAKE_INSTALL_PREFIX=/home/kush/UR5_Project_New/src/install/ur_calibration
[0.182s] -- The C compiler identification is GNU 11.4.0
[0.283s] -- The CXX compiler identification is GNU 11.4.0
[0.294s] -- Detecting C compiler ABI info
[0.408s] -- Detecting C compiler ABI info - done
[0.428s] -- Check for working C compiler: /usr/bin/cc - skipped
[0.429s] -- Detecting C compile features
[0.430s] -- Detecting C compile features - done
[0.437s] -- Detecting CXX compiler ABI info
[0.614s] -- Detecting CXX compiler ABI info - done
[0.646s] -- Check for working CXX compiler: /usr/bin/c++ - skipped
[0.647s] -- Detecting CXX compile features
[0.648s] -- Detecting CXX compile features - done
[0.650s] [0mur_calibration: You did not request a specific build type: selecting 'RelWithDebInfo'.[0m
[0.656s] -- Found ament_cmake: 1.3.5 (/opt/ros/humble/share/ament_cmake/cmake)
[1.034s] -- Found Python3: /usr/bin/python3.10 (found version "3.10.12") found components: Interpreter 
[1.203s] -- Found rclcpp: 16.0.5 (/opt/ros/humble/share/rclcpp/cmake)
[1.278s] -- Found rosidl_generator_c: 3.1.5 (/opt/ros/humble/share/rosidl_generator_c/cmake)
[1.290s] -- Found rosidl_adapter: 3.1.5 (/opt/ros/humble/share/rosidl_adapter/cmake)
[1.306s] -- Found rosidl_generator_cpp: 3.1.5 (/opt/ros/humble/share/rosidl_generator_cpp/cmake)
[1.348s] -- Using all available rosidl_typesupport_c: rosidl_typesupport_fastrtps_c;rosidl_typesupport_introspection_c
[1.405s] -- Using all available rosidl_typesupport_cpp: rosidl_typesupport_fastrtps_cpp;rosidl_typesupport_introspection_cpp
[1.607s] -- Found rmw_implementation_cmake: 6.1.1 (/opt/ros/humble/share/rmw_implementation_cmake/cmake)
[1.615s] -- Found rmw_fastrtps_cpp: 6.2.3 (/opt/ros/humble/share/rmw_fastrtps_cpp/cmake)
[1.796s] -- Found OpenSSL: /usr/lib/x86_64-linux-gnu/libcrypto.so (found version "3.0.2")  
[1.859s] -- Found FastRTPS: /opt/ros/humble/include  
[1.977s] -- Using RMW implementation 'rmw_fastrtps_cpp' as default
[2.001s] -- Looking for pthread.h
[2.151s] -- Looking for pthread.h - found
[2.152s] -- Performing Test CMAKE_HAVE_LIBC_PTHREAD
[2.348s] -- Performing Test CMAKE_HAVE_LIBC_PTHREAD - Success
[2.350s] -- Found Threads: TRUE  
[2.688s] -- Found ur_robot_driver: 2.2.8 (/home/kush/UR5_Project_New/src/install/ur_robot_driver/share/ur_robot_driver/cmake)
[6.583s] -- Found eigen3_cmake_module: 0.1.1 (/opt/ros/humble/share/eigen3_cmake_module/cmake)
[6.587s] -- Found Eigen3: TRUE (found version "3.4.0") 
[6.587s] -- Ensuring Eigen3 include directory is part of orocos-kdl CMake target
[10.763s] -- Found ament_cmake_gmock: 1.3.5 (/opt/ros/humble/share/ament_cmake_gmock/cmake)
[10.767s] -- Found gmock sources under '/opt/ros/humble/src/gmock_vendor': C++ tests using 'Google Mock' will be built
[10.777s] -- Found ament_cmake_gtest: 1.3.5 (/opt/ros/humble/share/ament_cmake_gtest/cmake)
[10.778s] -- Found gtest sources under '/opt/ros/humble/src/gtest_vendor': C++ tests using 'Google Test' will be built
[10.910s] -- Configuring done
[11.200s] -- Generating done
[11.208s] -- Build files have been written to: /home/kush/UR5_Project_New/src/build/ur_calibration
[11.242s] Invoked command in '/home/kush/UR5_Project_New/src/build/ur_calibration' returned '0': AMENT_PREFIX_PATH=/home/kush/UR5_Project_New/src/install/ur_robot_driver:/home/kush/UR5_Project_New/src/install/ur_controllers:/home/kush/UR5_Project_New/src/install/ur_description:/home/kush/UR5_Project_New/src/install/ur_dashboard_msgs:${AMENT_PREFIX_PATH} CMAKE_PREFIX_PATH=/home/kush/UR5_Project_New/src/install/ur_robot_driver:/home/kush/UR5_Project_New/src/install/ur_controllers:/home/kush/UR5_Project_New/src/install/ur_description:/home/kush/UR5_Project_New/src/install/ur_dashboard_msgs:/opt/ros/humble LD_LIBRARY_PATH=/home/kush/UR5_Project_New/src/install/ur_robot_driver/lib:/home/kush/UR5_Project_New/src/install/ur_controllers/lib:/home/kush/UR5_Project_New/src/install/ur_dashboard_msgs/lib:${LD_LIBRARY_PATH} PATH=/home/kush/UR5_Project_New/src/install/ur_robot_driver/bin:${PATH} PYTHONPATH=/home/kush/UR5_Project_New/src/install/ur_robot_driver/local/lib/python3.10/dist-packages:/home/kush/UR5_Project_New/src/install/ur_dashboard_msgs/local/lib/python3.10/dist-packages:${PYTHONPATH} /usr/bin/cmake /home/kush/UR5_Project_New/src/Universal_Robots_ROS2_Driver/ur_calibration -DCMAKE_INSTALL_PREFIX=/home/kush/UR5_Project_New/src/install/ur_calibration
[11.245s] Invoking command in '/home/kush/UR5_Project_New/src/build/ur_calibration': AMENT_PREFIX_PATH=/home/kush/UR5_Project_New/src/install/ur_robot_driver:/home/kush/UR5_Project_New/src/install/ur_controllers:/home/kush/UR5_Project_New/src/install/ur_description:/home/kush/UR5_Project_New/src/install/ur_dashboard_msgs:${AMENT_PREFIX_PATH} CMAKE_PREFIX_PATH=/home/kush/UR5_Project_New/src/install/ur_robot_driver:/home/kush/UR5_Project_New/src/install/ur_controllers:/home/kush/UR5_Project_New/src/install/ur_description:/home/kush/UR5_Project_New/src/install/ur_dashboard_msgs:/opt/ros/humble LD_LIBRARY_PATH=/home/kush/UR5_Project_New/src/install/ur_robot_driver/lib:/home/kush/UR5_Project_New/src/install/ur_controllers/lib:/home/kush/UR5_Project_New/src/install/ur_dashboard_msgs/lib:${LD_LIBRARY_PATH} PATH=/home/kush/UR5_Project_New/src/install/ur_robot_driver/bin:${PATH} PYTHONPATH=/home/kush/UR5_Project_New/src/install/ur_robot_driver/local/lib/python3.10/dist-packages:/home/kush/UR5_Project_New/src/install/ur_dashboard_msgs/local/lib/python3.10/dist-packages:${PYTHONPATH} /usr/bin/cmake --build /home/kush/UR5_Project_New/src/build/ur_calibration -- -j4 -l4
[11.376s] [  8%] [32mBuilding CXX object CMakeFiles/calibration.dir/src/calibration.cpp.o[0m
[28.468s] [ 16%] [32mBuilding CXX object CMakeFiles/calibration.dir/src/calibration_consumer.cpp.o[0m
[38.073s] [ 25%] [32m[1mLinking CXX static library libcalibration.a[0m
[38.460s] [ 25%] Built target calibration
[38.503s] [ 33%] [32mBuilding CXX object gmock/CMakeFiles/gmock.dir/opt/ros/humble/src/gtest_vendor/src/gtest-all.cc.o[0m
[54.843s] [ 41%] [32mBuilding CXX object gmock/CMakeFiles/gmock.dir/src/gmock-all.cc.o[0m
[61.422s] [ 50%] [32m[1mLinking CXX static library libgmock.a[0m
[61.841s] [ 50%] Built target gmock
[61.877s] [ 58%] [32mBuilding CXX object CMakeFiles/calibration_correction.dir/src/calibration_correction.cpp.o[0m
[73.479s] [ 66%] [32m[1mLinking CXX executable calibration_correction[0m
[74.133s] [ 66%] Built target calibration_correction
[74.180s] [ 75%] [32mBuilding CXX object gmock/CMakeFiles/gmock_main.dir/src/gmock_main.cc.o[0m
[76.654s] [ 83%] [32m[1mLinking CXX static library libgmock_main.a[0m
[76.773s] [ 83%] Built target gmock_main
[76.827s] [ 91%] [32mBuilding CXX object CMakeFiles/calibration_test.dir/test/calibration_test.cpp.o[0m
[88.202s] [100%] [32m[1mLinking CXX executable calibration_test[0m
[89.279s] [100%] Built target calibration_test
[89.299s] Invoked command in '/home/kush/UR5_Project_New/src/build/ur_calibration' returned '0': AMENT_PREFIX_PATH=/home/kush/UR5_Project_New/src/install/ur_robot_driver:/home/kush/UR5_Project_New/src/install/ur_controllers:/home/kush/UR5_Project_New/src/install/ur_description:/home/kush/UR5_Project_New/src/install/ur_dashboard_msgs:${AMENT_PREFIX_PATH} CMAKE_PREFIX_PATH=/home/kush/UR5_Project_New/src/install/ur_robot_driver:/home/kush/UR5_Project_New/src/install/ur_controllers:/home/kush/UR5_Project_New/src/install/ur_description:/home/kush/UR5_Project_New/src/install/ur_dashboard_msgs:/opt/ros/humble LD_LIBRARY_PATH=/home/kush/UR5_Project_New/src/install/ur_robot_driver/lib:/home/kush/UR5_Project_New/src/install/ur_controllers/lib:/home/kush/UR5_Project_New/src/install/ur_dashboard_msgs/lib:${LD_LIBRARY_PATH} PATH=/home/kush/UR5_Project_New/src/install/ur_robot_driver/bin:${PATH} PYTHONPATH=/home/kush/UR5_Project_New/src/install/ur_robot_driver/local/lib/python3.10/dist-packages:/home/kush/UR5_Project_New/src/install/ur_dashboard_msgs/local/lib/python3.10/dist-packages:${PYTHONPATH} /usr/bin/cmake --build /home/kush/UR5_Project_New/src/build/ur_calibration -- -j4 -l4
[89.369s] Invoking command in '/home/kush/UR5_Project_New/src/build/ur_calibration': AMENT_PREFIX_PATH=/home/kush/UR5_Project_New/src/install/ur_robot_driver:/home/kush/UR5_Project_New/src/install/ur_controllers:/home/kush/UR5_Project_New/src/install/ur_description:/home/kush/UR5_Project_New/src/install/ur_dashboard_msgs:${AMENT_PREFIX_PATH} CMAKE_PREFIX_PATH=/home/kush/UR5_Project_New/src/install/ur_robot_driver:/home/kush/UR5_Project_New/src/install/ur_controllers:/home/kush/UR5_Project_New/src/install/ur_description:/home/kush/UR5_Project_New/src/install/ur_dashboard_msgs:/opt/ros/humble LD_LIBRARY_PATH=/home/kush/UR5_Project_New/src/install/ur_robot_driver/lib:/home/kush/UR5_Project_New/src/install/ur_controllers/lib:/home/kush/UR5_Project_New/src/install/ur_dashboard_msgs/lib:${LD_LIBRARY_PATH} PATH=/home/kush/UR5_Project_New/src/install/ur_robot_driver/bin:${PATH} PYTHONPATH=/home/kush/UR5_Project_New/src/install/ur_robot_driver/local/lib/python3.10/dist-packages:/home/kush/UR5_Project_New/src/install/ur_dashboard_msgs/local/lib/python3.10/dist-packages:${PYTHONPATH} /usr/bin/cmake --install /home/kush/UR5_Project_New/src/build/ur_calibration
[89.389s] -- Install configuration: "RelWithDebInfo"
[89.389s] -- Installing: /home/kush/UR5_Project_New/src/install/ur_calibration/lib/ur_calibration/calibration_correction
[89.405s] -- Set runtime path of "/home/kush/UR5_Project_New/src/install/ur_calibration/lib/ur_calibration/calibration_correction" to ""
[89.406s] -- Installing: /home/kush/UR5_Project_New/src/install/ur_calibration/include
[89.406s] -- Installing: /home/kush/UR5_Project_New/src/install/ur_calibration/include/ur_calibration
[89.406s] -- Installing: /home/kush/UR5_Project_New/src/install/ur_calibration/include/ur_calibration/calibration_consumer.hpp
[89.406s] -- Installing: /home/kush/UR5_Project_New/src/install/ur_calibration/include/ur_calibration/calibration.hpp
[89.406s] -- Installing: /home/kush/UR5_Project_New/src/install/ur_calibration/share/ur_calibration/launch
[89.406s] -- Installing: /home/kush/UR5_Project_New/src/install/ur_calibration/share/ur_calibration/launch/calibration_correction.launch.py
[89.419s] -- Installing: /home/kush/UR5_Project_New/src/install/ur_calibration/share/ament_index/resource_index/package_run_dependencies/ur_calibration
[89.420s] -- Installing: /home/kush/UR5_Project_New/src/install/ur_calibration/share/ament_index/resource_index/parent_prefix_path/ur_calibration
[89.420s] -- Installing: /home/kush/UR5_Project_New/src/install/ur_calibration/share/ur_calibration/environment/ament_prefix_path.sh
[89.420s] -- Installing: /home/kush/UR5_Project_New/src/install/ur_calibration/share/ur_calibration/environment/ament_prefix_path.dsv
[89.421s] -- Installing: /home/kush/UR5_Project_New/src/install/ur_calibration/share/ur_calibration/environment/path.sh
[89.421s] -- Installing: /home/kush/UR5_Project_New/src/install/ur_calibration/share/ur_calibration/environment/path.dsv
[89.422s] -- Installing: /home/kush/UR5_Project_New/src/install/ur_calibration/share/ur_calibration/local_setup.bash
[89.422s] -- Installing: /home/kush/UR5_Project_New/src/install/ur_calibration/share/ur_calibration/local_setup.sh
[89.422s] -- Installing: /home/kush/UR5_Project_New/src/install/ur_calibration/share/ur_calibration/local_setup.zsh
[89.423s] -- Installing: /home/kush/UR5_Project_New/src/install/ur_calibration/share/ur_calibration/local_setup.dsv
[89.423s] -- Installing: /home/kush/UR5_Project_New/src/install/ur_calibration/share/ur_calibration/package.dsv
[89.424s] -- Installing: /home/kush/UR5_Project_New/src/install/ur_calibration/share/ament_index/resource_index/packages/ur_calibration
[89.424s] -- Installing: /home/kush/UR5_Project_New/src/install/ur_calibration/share/ur_calibration/cmake/ament_cmake_export_include_directories-extras.cmake
[89.424s] -- Installing: /home/kush/UR5_Project_New/src/install/ur_calibration/share/ur_calibration/cmake/ament_cmake_export_dependencies-extras.cmake
[89.424s] -- Installing: /home/kush/UR5_Project_New/src/install/ur_calibration/share/ur_calibration/cmake/ur_calibrationConfig.cmake
[89.425s] -- Installing: /home/kush/UR5_Project_New/src/install/ur_calibration/share/ur_calibration/cmake/ur_calibrationConfig-version.cmake
[89.425s] -- Installing: /home/kush/UR5_Project_New/src/install/ur_calibration/share/ur_calibration/package.xml
[89.431s] Invoked command in '/home/kush/UR5_Project_New/src/build/ur_calibration' returned '0': AMENT_PREFIX_PATH=/home/kush/UR5_Project_New/src/install/ur_robot_driver:/home/kush/UR5_Project_New/src/install/ur_controllers:/home/kush/UR5_Project_New/src/install/ur_description:/home/kush/UR5_Project_New/src/install/ur_dashboard_msgs:${AMENT_PREFIX_PATH} CMAKE_PREFIX_PATH=/home/kush/UR5_Project_New/src/install/ur_robot_driver:/home/kush/UR5_Project_New/src/install/ur_controllers:/home/kush/UR5_Project_New/src/install/ur_description:/home/kush/UR5_Project_New/src/install/ur_dashboard_msgs:/opt/ros/humble LD_LIBRARY_PATH=/home/kush/UR5_Project_New/src/install/ur_robot_driver/lib:/home/kush/UR5_Project_New/src/install/ur_controllers/lib:/home/kush/UR5_Project_New/src/install/ur_dashboard_msgs/lib:${LD_LIBRARY_PATH} PATH=/home/kush/UR5_Project_New/src/install/ur_robot_driver/bin:${PATH} PYTHONPATH=/home/kush/UR5_Project_New/src/install/ur_robot_driver/local/lib/python3.10/dist-packages:/home/kush/UR5_Project_New/src/install/ur_dashboard_msgs/local/lib/python3.10/dist-packages:${PYTHONPATH} /usr/bin/cmake --install /home/kush/UR5_Project_New/src/build/ur_calibration
