[0.081s] Invoking command in '/home/kush/UR5_Project_New/src/build/moveit_ros_planning': AMENT_PREFIX_PATH=/home/kush/UR5_Project_New/src/install/moveit_ros_occupancy_map_monitor:/home/kush/UR5_Project_New/src/install/moveit_core:/home/kush/UR5_Project_New/src/install/moveit_resources_panda_moveit_config:/home/kush/UR5_Project_New/src/install/srdfdom:/home/kush/UR5_Project_New/src/install/moveit_resources_panda_description:/home/kush/UR5_Project_New/src/install/moveit_common:${AMENT_PREFIX_PATH} CMAKE_PREFIX_PATH=/home/kush/UR5_Project_New/src/install/moveit_ros_occupancy_map_monitor:/home/kush/UR5_Project_New/src/install/moveit_core:/home/kush/UR5_Project_New/src/install/moveit_resources_panda_moveit_config:/home/kush/UR5_Project_New/src/install/srdfdom:/home/kush/UR5_Project_New/src/install/moveit_resources_panda_description:/home/kush/UR5_Project_New/src/install/moveit_common:/opt/ros/humble LD_LIBRARY_PATH=/home/kush/UR5_Project_New/src/install/moveit_ros_occupancy_map_monitor/lib:/home/kush/UR5_Project_New/src/install/moveit_core/lib:/home/kush/UR5_Project_New/src/install/srdfdom/lib:${LD_LIBRARY_PATH} PATH=/home/kush/UR5_Project_New/src/install/moveit_core/bin:${PATH} PYTHONPATH=/home/kush/UR5_Project_New/src/install/srdfdom/local/lib/python3.10/dist-packages:${PYTHONPATH} /usr/bin/cmake /home/kush/UR5_Project_New/src/moveit2/moveit_ros/planning -DCMAKE_INSTALL_PREFIX=/home/kush/UR5_Project_New/src/install/moveit_ros_planning
[0.463s] -- The C compiler identification is GNU 11.4.0
[0.849s] -- The CXX compiler identification is GNU 11.4.0
[0.886s] -- Detecting C compiler ABI info
[1.146s] -- Detecting C compiler ABI info - done
[1.182s] -- Check for working C compiler: /usr/bin/cc - skipped
[1.183s] -- Detecting C compile features
[1.185s] -- Detecting C compile features - done
[1.207s] -- Detecting CXX compiler ABI info
[1.524s] -- Detecting CXX compiler ABI info - done
[1.586s] -- Check for working CXX compiler: /usr/bin/c++ - skipped
[1.587s] -- Detecting CXX compile features
[1.589s] -- Detecting CXX compile features - done
[1.593s] -- Found moveit_common: 2.5.4 (/home/kush/UR5_Project_New/src/install/moveit_common/share/moveit_common/cmake)
[1.610s] -- Found ament_cmake: 1.3.5 (/opt/ros/humble/share/ament_cmake/cmake)
[2.639s] -- Found Python3: /usr/bin/python3.10 (found version "3.10.12") found components: Interpreter 
[3.249s] -- Found libdw: /usr/lib/x86_64-linux-gnu/libdw.so  
[3.267s] -- Could NOT find libbfd (missing: LIBBFD_LIBRARY LIBBFD_INCLUDE_DIR) 
[3.268s] -- BACKWARD_HAS_UNWIND=1
[3.268s] -- BACKWARD_HAS_BACKTRACE=0
[3.268s] -- BACKWARD_HAS_BACKTRACE_SYMBOL=0
[3.269s] -- BACKWARD_HAS_DW=1
[3.269s] -- BACKWARD_HAS_BFD=0
[3.271s] -- Found Backward: /opt/ros/humble/share/backward_ros/cmake  
[3.273s] [0mmoveit_ros_planning: You did not request a specific build type: Choosing 'Release' for maximum performance[0m
[3.278s] -- Found moveit_msgs: 2.2.1 (/opt/ros/humble/share/moveit_msgs/cmake)
[3.378s] -- Found rosidl_generator_c: 3.1.5 (/opt/ros/humble/share/rosidl_generator_c/cmake)
[3.396s] -- Found rosidl_adapter: 3.1.5 (/opt/ros/humble/share/rosidl_adapter/cmake)
[3.421s] -- Found rosidl_generator_cpp: 3.1.5 (/opt/ros/humble/share/rosidl_generator_cpp/cmake)
[3.462s] -- Using all available rosidl_typesupport_c: rosidl_typesupport_fastrtps_c;rosidl_typesupport_introspection_c
[3.524s] -- Using all available rosidl_typesupport_cpp: rosidl_typesupport_fastrtps_cpp;rosidl_typesupport_introspection_cpp
[6.021s] -- Found pluginlib: 5.1.0 (/opt/ros/humble/share/pluginlib/cmake)
[6.099s] -- Found rclcpp: 16.0.5 (/opt/ros/humble/share/rclcpp/cmake)
[6.279s] -- Found rmw_implementation_cmake: 6.1.1 (/opt/ros/humble/share/rmw_implementation_cmake/cmake)
[6.288s] -- Found rmw_fastrtps_cpp: 6.2.3 (/opt/ros/humble/share/rmw_fastrtps_cpp/cmake)
[6.554s] -- Found OpenSSL: /usr/lib/x86_64-linux-gnu/libcrypto.so (found version "3.0.2")  
[6.620s] -- Found FastRTPS: /opt/ros/humble/include  
[6.747s] -- Using RMW implementation 'rmw_fastrtps_cpp' as default
[6.775s] -- Looking for pthread.h
[7.266s] -- Looking for pthread.h - found
[7.267s] -- Performing Test CMAKE_HAVE_LIBC_PTHREAD
[7.658s] -- Performing Test CMAKE_HAVE_LIBC_PTHREAD - Success
[7.672s] -- Found Threads: TRUE  
[8.165s] -- Found message_filters: 4.3.3 (/opt/ros/humble/share/message_filters/cmake)
[8.183s] -- Found srdfdom: 2.0.4 (/home/kush/UR5_Project_New/src/install/srdfdom/share/srdfdom/cmake)
[8.249s] -- Found tf2: 0.25.3 (/opt/ros/humble/share/tf2/cmake)
[8.276s] -- Found tf2_geometry_msgs: 0.25.3 (/opt/ros/humble/share/tf2_geometry_msgs/cmake)
[8.318s] -- Found eigen3_cmake_module: 0.1.1 (/opt/ros/humble/share/eigen3_cmake_module/cmake)
[8.321s] -- Found Eigen3: TRUE (found version "3.4.0") 
[8.321s] -- Ensuring Eigen3 include directory is part of orocos-kdl CMake target
[9.161s] -- Found tf2_eigen: 0.25.3 (/opt/ros/humble/share/tf2_eigen/cmake)
[9.178s] -- Found moveit_core: 2.5.4 (/home/kush/UR5_Project_New/src/install/moveit_core/share/moveit_core/cmake)
[9.279s] -- Found Boost: /usr/lib/x86_64-linux-gnu/cmake/Boost-1.74.0/BoostConfig.cmake (found version "1.74.0") found components: chrono date_time filesystem iostreams program_options regex serialization system thread 
[9.319s] -- Found parameter_traits: 0.3.3 (/opt/ros/humble/share/parameter_traits/cmake)
[9.381s] -- Found rclcpp_lifecycle: 16.0.5 (/opt/ros/humble/share/rclcpp_lifecycle/cmake)
[9.524s] -- Found Boost: /usr/lib/x86_64-linux-gnu/cmake/Boost-1.74.0/BoostConfig.cmake (found version "1.74.0") found components: filesystem 
[9.780s] -- library: /usr/lib/x86_64-linux-gnu/libcurl.so
[11.219s] -- Found moveit_ros_occupancy_map_monitor: 2.5.4 (/home/kush/UR5_Project_New/src/install/moveit_ros_occupancy_map_monitor/share/moveit_ros_occupancy_map_monitor/cmake)
[11.841s] -- Found Boost: /usr/lib/x86_64-linux-gnu/cmake/Boost-1.74.0/BoostConfig.cmake (found version "1.74.0") found components: system filesystem date_time program_options thread chrono 
[12.012s] -- Performing Test COMPILER_HAS_HIDDEN_VISIBILITY
[12.370s] -- Performing Test COMPILER_HAS_HIDDEN_VISIBILITY - Success
[12.372s] -- Performing Test COMPILER_HAS_HIDDEN_INLINE_VISIBILITY
[12.755s] -- Performing Test COMPILER_HAS_HIDDEN_INLINE_VISIBILITY - Success
[12.756s] -- Performing Test COMPILER_HAS_DEPRECATED_ATTR
[13.093s] -- Performing Test COMPILER_HAS_DEPRECATED_ATTR - Success
[13.204s] -- Found ament_cmake_gtest: 1.3.5 (/opt/ros/humble/share/ament_cmake_gtest/cmake)
[13.210s] -- Found ament_cmake_gmock: 1.3.5 (/opt/ros/humble/share/ament_cmake_gmock/cmake)
[13.216s] -- Found gmock sources under '/opt/ros/humble/src/gmock_vendor': C++ tests using 'Google Mock' will be built
[13.227s] -- Found gtest sources under '/opt/ros/humble/src/gtest_vendor': C++ tests using 'Google Test' will be built
[13.327s] -- Found ament_lint_auto: 0.12.7 (/opt/ros/humble/share/ament_lint_auto/cmake)
[13.381s] -- Found launch_testing_ament_cmake: 1.0.4 (/opt/ros/humble/share/launch_testing_ament_cmake/cmake)
[13.388s] -- Found python_cmake_module: 0.10.0 (/opt/ros/humble/share/python_cmake_module/cmake)
[13.455s] -- Found PythonInterp: /usr/bin/python3 (found suitable version "3.10.12", minimum required is "3.6") 
[13.486s] -- Found PythonLibs: /usr/lib/x86_64-linux-gnu/libpython3.10.so (found suitable version "3.10.12", minimum required is "3.5") 
[13.490s] -- Using PYTHON_EXECUTABLE: /usr/bin/python3
[13.490s] -- Using PYTHON_INCLUDE_DIRS: /usr/include/python3.10
[13.490s] -- Using PYTHON_LIBRARIES: /usr/lib/x86_64-linux-gnu/libpython3.10.so
[13.566s] -- Found PythonExtra: .so  
[13.622s] -- Added test 'cppcheck' to perform static code analysis on C / C++ code
[13.625s] -- Configured cppcheck include dirs: /home/kush/UR5_Project_New/src/moveit2/moveit_ros/planning/rdf_loader/include;/home/kush/UR5_Project_New/src/moveit2/moveit_ros/planning/kinematics_plugin_loader/include;/home/kush/UR5_Project_New/src/moveit2/moveit_ros/planning/robot_model_loader/include;/home/kush/UR5_Project_New/src/moveit2/moveit_ros/planning/constraint_sampler_manager_loader/include;/home/kush/UR5_Project_New/src/moveit2/moveit_ros/planning/planning_pipeline/include;/home/kush/UR5_Project_New/src/moveit2/moveit_ros/planning/planning_scene_monitor/include;/home/kush/UR5_Project_New/src/moveit2/moveit_ros/planning/trajectory_execution_manager/include;/home/kush/UR5_Project_New/src/moveit2/moveit_ros/planning/plan_execution/include;/home/kush/UR5_Project_New/src/moveit2/moveit_ros/planning/collision_plugin_loader/include;/home/kush/UR5_Project_New/src/moveit2/moveit_ros/planning/moveit_cpp/include
[13.626s] -- Configured cppcheck exclude dirs and/or files: 
[13.633s] -- Added test 'lint_cmake' to check CMake code style
[13.642s] -- Added test 'pep257' to check Python code against some of the docstring style conventions in PEP 257
[13.647s] -- Added test 'xmllint' to check XML markup files
[13.674s] -- Configuring done
[14.815s] -- Generating done
[14.863s] -- Build files have been written to: /home/kush/UR5_Project_New/src/build/moveit_ros_planning
[15.008s] Invoked command in '/home/kush/UR5_Project_New/src/build/moveit_ros_planning' returned '0': AMENT_PREFIX_PATH=/home/kush/UR5_Project_New/src/install/moveit_ros_occupancy_map_monitor:/home/kush/UR5_Project_New/src/install/moveit_core:/home/kush/UR5_Project_New/src/install/moveit_resources_panda_moveit_config:/home/kush/UR5_Project_New/src/install/srdfdom:/home/kush/UR5_Project_New/src/install/moveit_resources_panda_description:/home/kush/UR5_Project_New/src/install/moveit_common:${AMENT_PREFIX_PATH} CMAKE_PREFIX_PATH=/home/kush/UR5_Project_New/src/install/moveit_ros_occupancy_map_monitor:/home/kush/UR5_Project_New/src/install/moveit_core:/home/kush/UR5_Project_New/src/install/moveit_resources_panda_moveit_config:/home/kush/UR5_Project_New/src/install/srdfdom:/home/kush/UR5_Project_New/src/install/moveit_resources_panda_description:/home/kush/UR5_Project_New/src/install/moveit_common:/opt/ros/humble LD_LIBRARY_PATH=/home/kush/UR5_Project_New/src/install/moveit_ros_occupancy_map_monitor/lib:/home/kush/UR5_Project_New/src/install/moveit_core/lib:/home/kush/UR5_Project_New/src/install/srdfdom/lib:${LD_LIBRARY_PATH} PATH=/home/kush/UR5_Project_New/src/install/moveit_core/bin:${PATH} PYTHONPATH=/home/kush/UR5_Project_New/src/install/srdfdom/local/lib/python3.10/dist-packages:${PYTHONPATH} /usr/bin/cmake /home/kush/UR5_Project_New/src/moveit2/moveit_ros/planning -DCMAKE_INSTALL_PREFIX=/home/kush/UR5_Project_New/src/install/moveit_ros_planning
[15.009s] Invoking command in '/home/kush/UR5_Project_New/src/build/moveit_ros_planning': AMENT_PREFIX_PATH=/home/kush/UR5_Project_New/src/install/moveit_ros_occupancy_map_monitor:/home/kush/UR5_Project_New/src/install/moveit_core:/home/kush/UR5_Project_New/src/install/moveit_resources_panda_moveit_config:/home/kush/UR5_Project_New/src/install/srdfdom:/home/kush/UR5_Project_New/src/install/moveit_resources_panda_description:/home/kush/UR5_Project_New/src/install/moveit_common:${AMENT_PREFIX_PATH} CMAKE_PREFIX_PATH=/home/kush/UR5_Project_New/src/install/moveit_ros_occupancy_map_monitor:/home/kush/UR5_Project_New/src/install/moveit_core:/home/kush/UR5_Project_New/src/install/moveit_resources_panda_moveit_config:/home/kush/UR5_Project_New/src/install/srdfdom:/home/kush/UR5_Project_New/src/install/moveit_resources_panda_description:/home/kush/UR5_Project_New/src/install/moveit_common:/opt/ros/humble LD_LIBRARY_PATH=/home/kush/UR5_Project_New/src/install/moveit_ros_occupancy_map_monitor/lib:/home/kush/UR5_Project_New/src/install/moveit_core/lib:/home/kush/UR5_Project_New/src/install/srdfdom/lib:${LD_LIBRARY_PATH} PATH=/home/kush/UR5_Project_New/src/install/moveit_core/bin:${PATH} PYTHONPATH=/home/kush/UR5_Project_New/src/install/srdfdom/local/lib/python3.10/dist-packages:${PYTHONPATH} /usr/bin/cmake --build /home/kush/UR5_Project_New/src/build/moveit_ros_planning -- -j4 -l4
[15.167s] [  1%] [32mBuilding CXX object rdf_loader/CMakeFiles/moveit_rdf_loader.dir/src/rdf_loader.cpp.o[0m
[26.762s] [  3%] [32mBuilding CXX object rdf_loader/CMakeFiles/moveit_rdf_loader.dir/src/synchronized_string_parameter.cpp.o[0m
[56.539s] [  4%] [32m[1mLinking CXX shared library libmoveit_rdf_loader.so[0m
[57.273s] [  4%] Built target moveit_rdf_loader
[57.317s] [  6%] [32mBuilding CXX object planning_request_adapter_plugins/CMakeFiles/moveit_default_planning_request_adapter_plugins.dir/src/empty.cpp.o[0m
[75.149s] [  8%] [32mBuilding CXX object planning_request_adapter_plugins/CMakeFiles/moveit_default_planning_request_adapter_plugins.dir/src/fix_start_state_bounds.cpp.o[0m
[91.152s] [  9%] [32mBuilding CXX object planning_request_adapter_plugins/CMakeFiles/moveit_default_planning_request_adapter_plugins.dir/src/fix_start_state_collision.cpp.o[0m
[103.824s] [ 11%] [32mBuilding CXX object planning_request_adapter_plugins/CMakeFiles/moveit_default_planning_request_adapter_plugins.dir/src/fix_start_state_path_constraints.cpp.o[0m
[106.411s] [ 12%] [32mBuilding CXX object planning_request_adapter_plugins/CMakeFiles/moveit_list_request_adapter_plugins.dir/src/list.cpp.o[0m
[108.423s] [ 14%] [32mBuilding CXX object planning_pipeline/CMakeFiles/moveit_planning_pipeline.dir/src/planning_pipeline.cpp.o[0m
[110.516s] [ 16%] [32mBuilding CXX object collision_plugin_loader/CMakeFiles/moveit_collision_plugin_loader.dir/src/collision_plugin_loader.cpp.o[0m
[127.501s] [ 17%] [32mBuilding CXX object planning_request_adapter_plugins/CMakeFiles/moveit_default_planning_request_adapter_plugins.dir/src/fix_workspace_bounds.cpp.o[0m
[135.110s] [ 19%] [32m[1mLinking CXX shared library libmoveit_collision_plugin_loader.so[0m
[136.060s] [ 19%] Built target moveit_collision_plugin_loader
[147.164s] [ 20%] [32m[1mLinking CXX executable moveit_list_request_adapter_plugins[0m
[147.897s] [ 20%] Built target moveit_list_request_adapter_plugins
[151.555s] [ 22%] [32mBuilding CXX object planning_request_adapter_plugins/CMakeFiles/moveit_default_planning_request_adapter_plugins.dir/src/add_time_parameterization.cpp.o[0m
[160.028s] [ 24%] [32m[1mLinking CXX shared library libmoveit_planning_pipeline.so[0m
[160.698s] [ 24%] Built target moveit_planning_pipeline
[165.542s] [ 25%] [32mBuilding CXX object planning_request_adapter_plugins/CMakeFiles/moveit_default_planning_request_adapter_plugins.dir/src/add_ruckig_traj_smoothing.cpp.o[0m
[171.751s] [ 27%] [32mBuilding CXX object kinematics_plugin_loader/CMakeFiles/moveit_kinematics_plugin_loader.dir/src/kinematics_plugin_loader.cpp.o[0m
[173.787s] [ 29%] [32mBuilding CXX object gmock/CMakeFiles/gmock.dir/opt/ros/humble/src/gtest_vendor/src/gtest-all.cc.o[0m
[175.899s] [ 30%] [32mBuilding CXX object gmock/CMakeFiles/gmock_main.dir/src/gmock_main.cc.o[0m
[180.218s] [ 32%] [32mBuilding CXX object planning_request_adapter_plugins/CMakeFiles/moveit_default_planning_request_adapter_plugins.dir/src/add_iterative_spline_parameterization.cpp.o[0m
[180.344s] [ 33%] [32m[1mLinking CXX static library libgmock_main.a[0m
[180.667s] [ 33%] Built target gmock_main
[197.767s] [ 35%] [32mBuilding CXX object gmock/CMakeFiles/gmock.dir/src/gmock-all.cc.o[0m
[197.810s] [ 37%] [32mBuilding CXX object planning_request_adapter_plugins/CMakeFiles/moveit_default_planning_request_adapter_plugins.dir/src/add_time_optimal_parameterization.cpp.o[0m
[202.950s] [ 38%] [32m[1mLinking CXX shared library libmoveit_kinematics_plugin_loader.so[0m
[203.894s] [ 38%] Built target moveit_kinematics_plugin_loader
[206.166s] [ 40%] [32m[1mLinking CXX static library libgmock.a[0m
[206.342s] [ 40%] Built target gmock
[211.994s] [ 41%] [32mBuilding CXX object planning_request_adapter_plugins/CMakeFiles/moveit_default_planning_request_adapter_plugins.dir/src/resolve_constraint_frames.cpp.o[0m
[223.981s] [ 43%] [32m[1mLinking CXX shared library libmoveit_default_planning_request_adapter_plugins.so[0m
[224.441s] [ 43%] Built target moveit_default_planning_request_adapter_plugins
[224.487s] [ 45%] [32mBuilding CXX object robot_model_loader/CMakeFiles/moveit_robot_model_loader.dir/src/robot_model_loader.cpp.o[0m
[224.501s] [ 46%] [32mBuilding CXX object constraint_sampler_manager_loader/CMakeFiles/moveit_constraint_sampler_manager_loader.dir/src/constraint_sampler_manager_loader.cpp.o[0m
[238.518s] [ 48%] [32m[1mLinking CXX shared library libmoveit_robot_model_loader.so[0m
[239.089s] [ 48%] Built target moveit_robot_model_loader
[239.130s] [ 50%] [32mBuilding CXX object planning_scene_monitor/CMakeFiles/moveit_planning_scene_monitor.dir/src/current_state_monitor.cpp.o[0m
[239.136s] [ 51%] [32mBuilding CXX object planning_scene_monitor/CMakeFiles/moveit_planning_scene_monitor.dir/src/planning_scene_monitor.cpp.o[0m
[254.138s] [ 53%] [32m[1mLinking CXX shared library libmoveit_constraint_sampler_manager_loader.so[0m
[254.983s] [ 53%] Built target moveit_constraint_sampler_manager_loader
[255.024s] [ 54%] [32mBuilding CXX object planning_scene_monitor/CMakeFiles/moveit_planning_scene_monitor.dir/src/current_state_monitor_middleware_handle.cpp.o[0m
[255.059s] [ 56%] [32mBuilding CXX object planning_components_tools/CMakeFiles/moveit_print_planning_model_info.dir/src/print_planning_model_info.cpp.o[0m
[272.096s] [ 58%] [32m[1mLinking CXX executable moveit_print_planning_model_info[0m
[272.879s] [ 58%] Built target moveit_print_planning_model_info
[300.915s] [ 59%] [32mBuilding CXX object planning_scene_monitor/CMakeFiles/moveit_planning_scene_monitor.dir/src/trajectory_monitor_middleware_handle.cpp.o[0m
[319.328s] [ 61%] [32mBuilding CXX object planning_scene_monitor/CMakeFiles/moveit_planning_scene_monitor.dir/src/trajectory_monitor.cpp.o[0m
[331.528s] [ 62%] [32m[1mLinking CXX shared library libmoveit_planning_scene_monitor.so[0m
[332.356s] [ 62%] Built target moveit_planning_scene_monitor
[332.402s] [ 64%] [32mBuilding CXX object planning_scene_monitor/CMakeFiles/demo_scene.dir/demos/demo_scene.cpp.o[0m
[332.420s] [ 66%] [32mBuilding CXX object planning_scene_monitor/CMakeFiles/current_state_monitor_tests.dir/test/current_state_monitor_tests.cpp.o[0m
[332.440s] [ 67%] [32mBuilding CXX object planning_components_tools/CMakeFiles/moveit_print_planning_scene_info.dir/src/print_planning_scene_info.cpp.o[0m
[332.456s] [ 69%] [32mBuilding CXX object planning_scene_monitor/CMakeFiles/trajectory_monitor_tests.dir/test/trajectory_monitor_tests.cpp.o[0m
[363.723s] [ 70%] [32m[1mLinking CXX executable moveit_print_planning_scene_info[0m
[365.114s] [ 70%] Built target moveit_print_planning_scene_info
[369.869s] [ 72%] [32m[1mLinking CXX executable current_state_monitor_tests[0m
[371.244s] [ 72%] Built target current_state_monitor_tests
[371.527s] [ 74%] [32m[1mLinking CXX executable trajectory_monitor_tests[0m
[371.540s] [ 75%] [32m[1mLinking CXX executable demo_scene[0m
[372.104s] [ 75%] Built target demo_scene
[372.472s] [ 75%] Built target trajectory_monitor_tests
[372.510s] [ 77%] [32mBuilding CXX object planning_components_tools/CMakeFiles/moveit_evaluate_collision_checking_speed.dir/src/evaluate_collision_checking_speed.cpp.o[0m
[386.555s] [ 79%] [32mBuilding CXX object planning_components_tools/CMakeFiles/moveit_publish_scene_from_text.dir/src/publish_scene_from_text.cpp.o[0m
[388.585s] [ 80%] [32mBuilding CXX object planning_components_tools/CMakeFiles/moveit_visualize_robot_collision_volume.dir/src/visualize_robot_collision_volume.cpp.o[0m
[390.674s] [ 82%] [32mBuilding CXX object planning_components_tools/CMakeFiles/moveit_display_random_state.dir/src/display_random_state.cpp.o[0m
[392.322s] [ 83%] [32m[1mLinking CXX executable moveit_evaluate_collision_checking_speed[0m
[393.768s] [ 83%] Built target moveit_evaluate_collision_checking_speed
[420.035s] [ 85%] [32m[1mLinking CXX executable moveit_visualize_robot_collision_volume[0m
[421.216s] [ 85%] Built target moveit_visualize_robot_collision_volume
[421.864s] [ 87%] [32m[1mLinking CXX executable moveit_publish_scene_from_text[0m
[422.646s] [ 87%] Built target moveit_publish_scene_from_text
[424.865s] [ 88%] [32m[1mLinking CXX executable moveit_display_random_state[0m
[425.600s] [ 88%] Built target moveit_display_random_state
[425.630s] [ 90%] [32mBuilding CXX object trajectory_execution_manager/CMakeFiles/moveit_trajectory_execution_manager.dir/src/trajectory_execution_manager.cpp.o[0m
[462.778s] [ 91%] [32m[1mLinking CXX shared library libmoveit_trajectory_execution_manager.so[0m
[463.397s] [ 91%] Built target moveit_trajectory_execution_manager
[463.428s] [ 93%] [32mBuilding CXX object plan_execution/CMakeFiles/moveit_plan_execution.dir/src/plan_execution.cpp.o[0m
[463.451s] [ 95%] [32mBuilding CXX object moveit_cpp/CMakeFiles/moveit_cpp.dir/src/moveit_cpp.cpp.o[0m
[463.462s] [ 96%] [32mBuilding CXX object moveit_cpp/CMakeFiles/moveit_cpp.dir/src/planning_component.cpp.o[0m
[490.594s] [ 98%] [32m[1mLinking CXX shared library libmoveit_plan_execution.so[0m
[491.484s] [ 98%] Built target moveit_plan_execution
[503.659s] [100%] [32m[1mLinking CXX shared library libmoveit_cpp.so[0m
[504.405s] [100%] Built target moveit_cpp
[504.422s] Invoked command in '/home/kush/UR5_Project_New/src/build/moveit_ros_planning' returned '0': AMENT_PREFIX_PATH=/home/kush/UR5_Project_New/src/install/moveit_ros_occupancy_map_monitor:/home/kush/UR5_Project_New/src/install/moveit_core:/home/kush/UR5_Project_New/src/install/moveit_resources_panda_moveit_config:/home/kush/UR5_Project_New/src/install/srdfdom:/home/kush/UR5_Project_New/src/install/moveit_resources_panda_description:/home/kush/UR5_Project_New/src/install/moveit_common:${AMENT_PREFIX_PATH} CMAKE_PREFIX_PATH=/home/kush/UR5_Project_New/src/install/moveit_ros_occupancy_map_monitor:/home/kush/UR5_Project_New/src/install/moveit_core:/home/kush/UR5_Project_New/src/install/moveit_resources_panda_moveit_config:/home/kush/UR5_Project_New/src/install/srdfdom:/home/kush/UR5_Project_New/src/install/moveit_resources_panda_description:/home/kush/UR5_Project_New/src/install/moveit_common:/opt/ros/humble LD_LIBRARY_PATH=/home/kush/UR5_Project_New/src/install/moveit_ros_occupancy_map_monitor/lib:/home/kush/UR5_Project_New/src/install/moveit_core/lib:/home/kush/UR5_Project_New/src/install/srdfdom/lib:${LD_LIBRARY_PATH} PATH=/home/kush/UR5_Project_New/src/install/moveit_core/bin:${PATH} PYTHONPATH=/home/kush/UR5_Project_New/src/install/srdfdom/local/lib/python3.10/dist-packages:${PYTHONPATH} /usr/bin/cmake --build /home/kush/UR5_Project_New/src/build/moveit_ros_planning -- -j4 -l4
[504.488s] Invoking command in '/home/kush/UR5_Project_New/src/build/moveit_ros_planning': AMENT_PREFIX_PATH=/home/kush/UR5_Project_New/src/install/moveit_ros_occupancy_map_monitor:/home/kush/UR5_Project_New/src/install/moveit_core:/home/kush/UR5_Project_New/src/install/moveit_resources_panda_moveit_config:/home/kush/UR5_Project_New/src/install/srdfdom:/home/kush/UR5_Project_New/src/install/moveit_resources_panda_description:/home/kush/UR5_Project_New/src/install/moveit_common:${AMENT_PREFIX_PATH} CMAKE_PREFIX_PATH=/home/kush/UR5_Project_New/src/install/moveit_ros_occupancy_map_monitor:/home/kush/UR5_Project_New/src/install/moveit_core:/home/kush/UR5_Project_New/src/install/moveit_resources_panda_moveit_config:/home/kush/UR5_Project_New/src/install/srdfdom:/home/kush/UR5_Project_New/src/install/moveit_resources_panda_description:/home/kush/UR5_Project_New/src/install/moveit_common:/opt/ros/humble LD_LIBRARY_PATH=/home/kush/UR5_Project_New/src/install/moveit_ros_occupancy_map_monitor/lib:/home/kush/UR5_Project_New/src/install/moveit_core/lib:/home/kush/UR5_Project_New/src/install/srdfdom/lib:${LD_LIBRARY_PATH} PATH=/home/kush/UR5_Project_New/src/install/moveit_core/bin:${PATH} PYTHONPATH=/home/kush/UR5_Project_New/src/install/srdfdom/local/lib/python3.10/dist-packages:${PYTHONPATH} /usr/bin/cmake --install /home/kush/UR5_Project_New/src/build/moveit_ros_planning
[504.499s] -- Install configuration: "Release"
[504.500s] -- Installing: /home/kush/UR5_Project_New/src/install/moveit_ros_planning/include
[504.500s] -- Installing: /home/kush/UR5_Project_New/src/install/moveit_ros_planning/include/moveit
[504.501s] -- Installing: /home/kush/UR5_Project_New/src/install/moveit_ros_planning/include/moveit/rdf_loader
[504.501s] -- Installing: /home/kush/UR5_Project_New/src/install/moveit_ros_planning/include/moveit/rdf_loader/synchronized_string_parameter.h
[504.501s] -- Installing: /home/kush/UR5_Project_New/src/install/moveit_ros_planning/include/moveit/rdf_loader/rdf_loader.h
[504.501s] -- Installing: /home/kush/UR5_Project_New/src/install/moveit_ros_planning/share/moveit_ros_planning/rdf_loader/test/data
[504.502s] -- Installing: /home/kush/UR5_Project_New/src/install/moveit_ros_planning/share/moveit_ros_planning/rdf_loader/test/data/kermit.srdf
[504.502s] -- Installing: /home/kush/UR5_Project_New/src/install/moveit_ros_planning/share/moveit_ros_planning/rdf_loader/test/data/gonzo.srdf
[504.502s] -- Installing: /home/kush/UR5_Project_New/src/install/moveit_ros_planning/share/moveit_ros_planning/rdf_loader/test/data/kermit.urdf
[504.502s] -- Installing: /home/kush/UR5_Project_New/src/install/moveit_ros_planning/share/moveit_ros_planning/rdf_loader/test/data/robin.srdf.xacro
[504.503s] -- Installing: /home/kush/UR5_Project_New/src/install/moveit_ros_planning/share/moveit_ros_planning/rdf_loader/test/data/gonzo.urdf
[504.503s] -- Installing: /home/kush/UR5_Project_New/src/install/moveit_ros_planning/share/moveit_ros_planning/rdf_loader/test/launch
[504.503s] -- Installing: /home/kush/UR5_Project_New/src/install/moveit_ros_planning/share/moveit_ros_planning/rdf_loader/test/launch/test_rdf_integration.test.py
[504.504s] -- Up-to-date: /home/kush/UR5_Project_New/src/install/moveit_ros_planning/include
[504.504s] -- Up-to-date: /home/kush/UR5_Project_New/src/install/moveit_ros_planning/include/moveit
[504.504s] -- Installing: /home/kush/UR5_Project_New/src/install/moveit_ros_planning/include/moveit/collision_plugin_loader
[504.504s] -- Installing: /home/kush/UR5_Project_New/src/install/moveit_ros_planning/include/moveit/collision_plugin_loader/collision_plugin_loader.h
[504.505s] -- Up-to-date: /home/kush/UR5_Project_New/src/install/moveit_ros_planning/include
[504.505s] -- Up-to-date: /home/kush/UR5_Project_New/src/install/moveit_ros_planning/include/moveit
[504.505s] -- Installing: /home/kush/UR5_Project_New/src/install/moveit_ros_planning/include/moveit/kinematics_plugin_loader
[504.506s] -- Installing: /home/kush/UR5_Project_New/src/install/moveit_ros_planning/include/moveit/kinematics_plugin_loader/kinematics_plugin_loader.h
[504.506s] -- Up-to-date: /home/kush/UR5_Project_New/src/install/moveit_ros_planning/include
[504.506s] -- Up-to-date: /home/kush/UR5_Project_New/src/install/moveit_ros_planning/include/moveit
[504.506s] -- Installing: /home/kush/UR5_Project_New/src/install/moveit_ros_planning/include/moveit/robot_model_loader
[504.507s] -- Installing: /home/kush/UR5_Project_New/src/install/moveit_ros_planning/include/moveit/robot_model_loader/robot_model_loader.h
[504.507s] -- Up-to-date: /home/kush/UR5_Project_New/src/install/moveit_ros_planning/include
[504.507s] -- Up-to-date: /home/kush/UR5_Project_New/src/install/moveit_ros_planning/include/moveit
[504.507s] -- Installing: /home/kush/UR5_Project_New/src/install/moveit_ros_planning/include/moveit/constraint_sampler_manager_loader
[504.508s] -- Installing: /home/kush/UR5_Project_New/src/install/moveit_ros_planning/include/moveit/constraint_sampler_manager_loader/constraint_sampler_manager_loader.h
[504.508s] -- Up-to-date: /home/kush/UR5_Project_New/src/install/moveit_ros_planning/include
[504.508s] -- Up-to-date: /home/kush/UR5_Project_New/src/install/moveit_ros_planning/include/moveit
[504.508s] -- Installing: /home/kush/UR5_Project_New/src/install/moveit_ros_planning/include/moveit/planning_pipeline
[504.508s] -- Installing: /home/kush/UR5_Project_New/src/install/moveit_ros_planning/include/moveit/planning_pipeline/planning_pipeline.h
[504.509s] -- Installing: /home/kush/UR5_Project_New/src/install/moveit_ros_planning/include/moveit_planning_pipeline_export.h
[504.509s] -- Installing: /home/kush/UR5_Project_New/src/install/moveit_ros_planning/lib/moveit_ros_planning/moveit_list_request_adapter_plugins
[504.509s] -- Set runtime path of "/home/kush/UR5_Project_New/src/install/moveit_ros_planning/lib/moveit_ros_planning/moveit_list_request_adapter_plugins" to ""
[504.510s] -- Installing: /home/kush/UR5_Project_New/src/install/moveit_ros_planning/lib/moveit_ros_planning/demo_scene
[504.510s] -- Set runtime path of "/home/kush/UR5_Project_New/src/install/moveit_ros_planning/lib/moveit_ros_planning/demo_scene" to ""
[504.510s] -- Up-to-date: /home/kush/UR5_Project_New/src/install/moveit_ros_planning/include
[504.510s] -- Up-to-date: /home/kush/UR5_Project_New/src/install/moveit_ros_planning/include/moveit
[504.511s] -- Installing: /home/kush/UR5_Project_New/src/install/moveit_ros_planning/include/moveit/planning_scene_monitor
[504.511s] -- Installing: /home/kush/UR5_Project_New/src/install/moveit_ros_planning/include/moveit/planning_scene_monitor/trajectory_monitor_middleware_handle.hpp
[504.511s] -- Installing: /home/kush/UR5_Project_New/src/install/moveit_ros_planning/include/moveit/planning_scene_monitor/current_state_monitor_middleware_handle.hpp
[504.511s] -- Installing: /home/kush/UR5_Project_New/src/install/moveit_ros_planning/include/moveit/planning_scene_monitor/trajectory_monitor.h
[504.511s] -- Installing: /home/kush/UR5_Project_New/src/install/moveit_ros_planning/include/moveit/planning_scene_monitor/current_state_monitor.h
[504.512s] -- Installing: /home/kush/UR5_Project_New/src/install/moveit_ros_planning/include/moveit/planning_scene_monitor/planning_scene_monitor.h
[504.512s] -- Installing: /home/kush/UR5_Project_New/src/install/moveit_ros_planning/include/moveit_planning_scene_monitor_export.h
[504.512s] -- Installing: /home/kush/UR5_Project_New/src/install/moveit_ros_planning/lib/moveit_ros_planning/moveit_print_planning_model_info
[504.512s] -- Set runtime path of "/home/kush/UR5_Project_New/src/install/moveit_ros_planning/lib/moveit_ros_planning/moveit_print_planning_model_info" to ""
[504.513s] -- Installing: /home/kush/UR5_Project_New/src/install/moveit_ros_planning/lib/moveit_ros_planning/moveit_print_planning_scene_info
[504.513s] -- Set runtime path of "/home/kush/UR5_Project_New/src/install/moveit_ros_planning/lib/moveit_ros_planning/moveit_print_planning_scene_info" to ""
[504.513s] -- Installing: /home/kush/UR5_Project_New/src/install/moveit_ros_planning/lib/moveit_ros_planning/moveit_display_random_state
[504.514s] -- Set runtime path of "/home/kush/UR5_Project_New/src/install/moveit_ros_planning/lib/moveit_ros_planning/moveit_display_random_state" to ""
[504.514s] -- Installing: /home/kush/UR5_Project_New/src/install/moveit_ros_planning/lib/moveit_ros_planning/moveit_visualize_robot_collision_volume
[504.515s] -- Set runtime path of "/home/kush/UR5_Project_New/src/install/moveit_ros_planning/lib/moveit_ros_planning/moveit_visualize_robot_collision_volume" to ""
[504.515s] -- Installing: /home/kush/UR5_Project_New/src/install/moveit_ros_planning/lib/moveit_ros_planning/moveit_evaluate_collision_checking_speed
[504.515s] -- Set runtime path of "/home/kush/UR5_Project_New/src/install/moveit_ros_planning/lib/moveit_ros_planning/moveit_evaluate_collision_checking_speed" to ""
[504.516s] -- Installing: /home/kush/UR5_Project_New/src/install/moveit_ros_planning/lib/moveit_ros_planning/moveit_publish_scene_from_text
[504.516s] -- Set runtime path of "/home/kush/UR5_Project_New/src/install/moveit_ros_planning/lib/moveit_ros_planning/moveit_publish_scene_from_text" to ""
[504.517s] -- Up-to-date: /home/kush/UR5_Project_New/src/install/moveit_ros_planning/include
[504.517s] -- Up-to-date: /home/kush/UR5_Project_New/src/install/moveit_ros_planning/include/moveit
[504.517s] -- Installing: /home/kush/UR5_Project_New/src/install/moveit_ros_planning/include/moveit/trajectory_execution_manager
[504.518s] -- Installing: /home/kush/UR5_Project_New/src/install/moveit_ros_planning/include/moveit/trajectory_execution_manager/trajectory_execution_manager.h
[504.518s] -- Installing: /home/kush/UR5_Project_New/src/install/moveit_ros_planning/include/moveit_trajectory_execution_manager_export.h
[504.518s] -- Up-to-date: /home/kush/UR5_Project_New/src/install/moveit_ros_planning/include
[504.518s] -- Up-to-date: /home/kush/UR5_Project_New/src/install/moveit_ros_planning/include/moveit
[504.519s] -- Installing: /home/kush/UR5_Project_New/src/install/moveit_ros_planning/include/moveit/plan_execution
[504.519s] -- Installing: /home/kush/UR5_Project_New/src/install/moveit_ros_planning/include/moveit/plan_execution/plan_representation.h
[504.519s] -- Installing: /home/kush/UR5_Project_New/src/install/moveit_ros_planning/include/moveit/plan_execution/plan_execution.h
[504.519s] -- Up-to-date: /home/kush/UR5_Project_New/src/install/moveit_ros_planning/include
[504.520s] -- Up-to-date: /home/kush/UR5_Project_New/src/install/moveit_ros_planning/include/moveit
[504.520s] -- Installing: /home/kush/UR5_Project_New/src/install/moveit_ros_planning/include/moveit/moveit_cpp
[504.520s] -- Installing: /home/kush/UR5_Project_New/src/install/moveit_ros_planning/include/moveit/moveit_cpp/planning_component.h
[504.521s] -- Installing: /home/kush/UR5_Project_New/src/install/moveit_ros_planning/include/moveit/moveit_cpp/moveit_cpp.h
[504.521s] -- Installing: /home/kush/UR5_Project_New/src/install/moveit_ros_planning/lib/libmoveit_rdf_loader.so.2.5.4
[504.523s] -- Set runtime path of "/home/kush/UR5_Project_New/src/install/moveit_ros_planning/lib/libmoveit_rdf_loader.so.2.5.4" to ""
[504.523s] -- Installing: /home/kush/UR5_Project_New/src/install/moveit_ros_planning/lib/libmoveit_rdf_loader.so
[504.523s] -- Installing: /home/kush/UR5_Project_New/src/install/moveit_ros_planning/lib/libmoveit_kinematics_plugin_loader.so.2.5.4
[504.525s] -- Set runtime path of "/home/kush/UR5_Project_New/src/install/moveit_ros_planning/lib/libmoveit_kinematics_plugin_loader.so.2.5.4" to ""
[504.525s] -- Installing: /home/kush/UR5_Project_New/src/install/moveit_ros_planning/lib/libmoveit_kinematics_plugin_loader.so
[504.525s] -- Installing: /home/kush/UR5_Project_New/src/install/moveit_ros_planning/lib/libmoveit_robot_model_loader.so.2.5.4
[504.526s] -- Set runtime path of "/home/kush/UR5_Project_New/src/install/moveit_ros_planning/lib/libmoveit_robot_model_loader.so.2.5.4" to ""
[504.527s] -- Installing: /home/kush/UR5_Project_New/src/install/moveit_ros_planning/lib/libmoveit_robot_model_loader.so
[504.527s] -- Installing: /home/kush/UR5_Project_New/src/install/moveit_ros_planning/lib/libmoveit_constraint_sampler_manager_loader.so.2.5.4
[504.529s] -- Set runtime path of "/home/kush/UR5_Project_New/src/install/moveit_ros_planning/lib/libmoveit_constraint_sampler_manager_loader.so.2.5.4" to ""
[504.529s] -- Installing: /home/kush/UR5_Project_New/src/install/moveit_ros_planning/lib/libmoveit_constraint_sampler_manager_loader.so
[504.529s] -- Installing: /home/kush/UR5_Project_New/src/install/moveit_ros_planning/lib/libmoveit_planning_pipeline.so.2.5.4
[504.532s] -- Set runtime path of "/home/kush/UR5_Project_New/src/install/moveit_ros_planning/lib/libmoveit_planning_pipeline.so.2.5.4" to ""
[504.532s] -- Installing: /home/kush/UR5_Project_New/src/install/moveit_ros_planning/lib/libmoveit_planning_pipeline.so
[504.533s] -- Installing: /home/kush/UR5_Project_New/src/install/moveit_ros_planning/lib/libmoveit_trajectory_execution_manager.so.2.5.4
[504.537s] -- Set runtime path of "/home/kush/UR5_Project_New/src/install/moveit_ros_planning/lib/libmoveit_trajectory_execution_manager.so.2.5.4" to ""
[504.537s] -- Installing: /home/kush/UR5_Project_New/src/install/moveit_ros_planning/lib/libmoveit_trajectory_execution_manager.so
[504.537s] -- Installing: /home/kush/UR5_Project_New/src/install/moveit_ros_planning/lib/libmoveit_plan_execution.so.2.5.4
[504.538s] -- Set runtime path of "/home/kush/UR5_Project_New/src/install/moveit_ros_planning/lib/libmoveit_plan_execution.so.2.5.4" to ""
[504.538s] -- Installing: /home/kush/UR5_Project_New/src/install/moveit_ros_planning/lib/libmoveit_plan_execution.so
[504.538s] -- Installing: /home/kush/UR5_Project_New/src/install/moveit_ros_planning/lib/libmoveit_planning_scene_monitor.so.2.5.4
[504.549s] -- Set runtime path of "/home/kush/UR5_Project_New/src/install/moveit_ros_planning/lib/libmoveit_planning_scene_monitor.so.2.5.4" to ""
[504.550s] -- Installing: /home/kush/UR5_Project_New/src/install/moveit_ros_planning/lib/libmoveit_planning_scene_monitor.so
[504.550s] -- Installing: /home/kush/UR5_Project_New/src/install/moveit_ros_planning/lib/libmoveit_collision_plugin_loader.so.2.5.4
[504.550s] -- Set runtime path of "/home/kush/UR5_Project_New/src/install/moveit_ros_planning/lib/libmoveit_collision_plugin_loader.so.2.5.4" to ""
[504.551s] -- Installing: /home/kush/UR5_Project_New/src/install/moveit_ros_planning/lib/libmoveit_collision_plugin_loader.so
[504.551s] -- Installing: /home/kush/UR5_Project_New/src/install/moveit_ros_planning/lib/libmoveit_default_planning_request_adapter_plugins.so.2.5.4
[504.552s] -- Set runtime path of "/home/kush/UR5_Project_New/src/install/moveit_ros_planning/lib/libmoveit_default_planning_request_adapter_plugins.so.2.5.4" to ""
[504.552s] -- Installing: /home/kush/UR5_Project_New/src/install/moveit_ros_planning/lib/libmoveit_default_planning_request_adapter_plugins.so
[504.552s] -- Installing: /home/kush/UR5_Project_New/src/install/moveit_ros_planning/lib/libmoveit_cpp.so.2.5.4
[504.554s] -- Set runtime path of "/home/kush/UR5_Project_New/src/install/moveit_ros_planning/lib/libmoveit_cpp.so.2.5.4" to ""
[504.555s] -- Installing: /home/kush/UR5_Project_New/src/install/moveit_ros_planning/lib/libmoveit_cpp.so
[504.555s] -- Installing: /home/kush/UR5_Project_New/src/install/moveit_ros_planning/share/moveit_ros_planning/environment/library_path.sh
[504.555s] -- Installing: /home/kush/UR5_Project_New/src/install/moveit_ros_planning/share/moveit_ros_planning/environment/library_path.dsv
[504.555s] -- Installing: /home/kush/UR5_Project_New/src/install/moveit_ros_planning/share/moveit_ros_planning/planning_request_adapters_plugin_description.xml
[504.556s] -- Installing: /home/kush/UR5_Project_New/src/install/moveit_ros_planning/share/ament_index/resource_index/package_run_dependencies/moveit_ros_planning
[504.556s] -- Installing: /home/kush/UR5_Project_New/src/install/moveit_ros_planning/share/ament_index/resource_index/parent_prefix_path/moveit_ros_planning
[504.556s] -- Installing: /home/kush/UR5_Project_New/src/install/moveit_ros_planning/share/moveit_ros_planning/environment/ament_prefix_path.sh
[504.557s] -- Installing: /home/kush/UR5_Project_New/src/install/moveit_ros_planning/share/moveit_ros_planning/environment/ament_prefix_path.dsv
[504.557s] -- Installing: /home/kush/UR5_Project_New/src/install/moveit_ros_planning/share/moveit_ros_planning/environment/path.sh
[504.557s] -- Installing: /home/kush/UR5_Project_New/src/install/moveit_ros_planning/share/moveit_ros_planning/environment/path.dsv
[504.558s] -- Installing: /home/kush/UR5_Project_New/src/install/moveit_ros_planning/share/moveit_ros_planning/local_setup.bash
[504.558s] -- Installing: /home/kush/UR5_Project_New/src/install/moveit_ros_planning/share/moveit_ros_planning/local_setup.sh
[504.558s] -- Installing: /home/kush/UR5_Project_New/src/install/moveit_ros_planning/share/moveit_ros_planning/local_setup.zsh
[504.558s] -- Installing: /home/kush/UR5_Project_New/src/install/moveit_ros_planning/share/moveit_ros_planning/local_setup.dsv
[504.559s] -- Installing: /home/kush/UR5_Project_New/src/install/moveit_ros_planning/share/moveit_ros_planning/package.dsv
[504.559s] -- Installing: /home/kush/UR5_Project_New/src/install/moveit_ros_planning/share/ament_index/resource_index/packages/moveit_ros_planning
[504.559s] -- Installing: /home/kush/UR5_Project_New/src/install/moveit_ros_planning/share/ament_index/resource_index/moveit_core__pluginlib__plugin/moveit_ros_planning
[504.560s] -- Installing: /home/kush/UR5_Project_New/src/install/moveit_ros_planning/share/moveit_ros_planning/cmake/export_moveit_ros_planningExport.cmake
[504.560s] -- Installing: /home/kush/UR5_Project_New/src/install/moveit_ros_planning/share/moveit_ros_planning/cmake/export_moveit_ros_planningExport-release.cmake
[504.560s] -- Installing: /home/kush/UR5_Project_New/src/install/moveit_ros_planning/share/moveit_ros_planning/cmake/ConfigExtras.cmake
[504.561s] -- Installing: /home/kush/UR5_Project_New/src/install/moveit_ros_planning/share/moveit_ros_planning/cmake/ament_cmake_export_targets-extras.cmake
[504.561s] -- Installing: /home/kush/UR5_Project_New/src/install/moveit_ros_planning/share/moveit_ros_planning/cmake/ament_cmake_export_dependencies-extras.cmake
[504.561s] -- Installing: /home/kush/UR5_Project_New/src/install/moveit_ros_planning/share/moveit_ros_planning/cmake/moveit_ros_planningConfig.cmake
[504.561s] -- Installing: /home/kush/UR5_Project_New/src/install/moveit_ros_planning/share/moveit_ros_planning/cmake/moveit_ros_planningConfig-version.cmake
[504.561s] -- Installing: /home/kush/UR5_Project_New/src/install/moveit_ros_planning/share/moveit_ros_planning/package.xml
[504.569s] Invoked command in '/home/kush/UR5_Project_New/src/build/moveit_ros_planning' returned '0': AMENT_PREFIX_PATH=/home/kush/UR5_Project_New/src/install/moveit_ros_occupancy_map_monitor:/home/kush/UR5_Project_New/src/install/moveit_core:/home/kush/UR5_Project_New/src/install/moveit_resources_panda_moveit_config:/home/kush/UR5_Project_New/src/install/srdfdom:/home/kush/UR5_Project_New/src/install/moveit_resources_panda_description:/home/kush/UR5_Project_New/src/install/moveit_common:${AMENT_PREFIX_PATH} CMAKE_PREFIX_PATH=/home/kush/UR5_Project_New/src/install/moveit_ros_occupancy_map_monitor:/home/kush/UR5_Project_New/src/install/moveit_core:/home/kush/UR5_Project_New/src/install/moveit_resources_panda_moveit_config:/home/kush/UR5_Project_New/src/install/srdfdom:/home/kush/UR5_Project_New/src/install/moveit_resources_panda_description:/home/kush/UR5_Project_New/src/install/moveit_common:/opt/ros/humble LD_LIBRARY_PATH=/home/kush/UR5_Project_New/src/install/moveit_ros_occupancy_map_monitor/lib:/home/kush/UR5_Project_New/src/install/moveit_core/lib:/home/kush/UR5_Project_New/src/install/srdfdom/lib:${LD_LIBRARY_PATH} PATH=/home/kush/UR5_Project_New/src/install/moveit_core/bin:${PATH} PYTHONPATH=/home/kush/UR5_Project_New/src/install/srdfdom/local/lib/python3.10/dist-packages:${PYTHONPATH} /usr/bin/cmake --install /home/kush/UR5_Project_New/src/build/moveit_ros_planning
