[0.086s] Invoking command in '/home/kush/UR5_Project_New/build/srdfdom': CMAKE_PREFIX_PATH=/opt/ros/humble /usr/bin/cmake --build /home/kush/UR5_Project_New/build/srdfdom -- -j4 -l4
[0.631s] [ 36%] Built target gtest
[0.631s] [ 36%] Built target gtest_main
[0.631s] [ 63%] Built target srdfdom
[0.632s] [ 63%] Built target ament_cmake_python_copy_srdfdom
[0.632s] [ 90%] Built target test_cpp_nl_NL.UTF-8
[0.632s] [100%] Built target test_cpp_C
[0.680s] running egg_info
[0.684s] writing srdfdom.egg-info/PKG-INFO
[0.685s] writing dependency_links to srdfdom.egg-info/dependency_links.txt
[0.688s] writing top-level names to srdfdom.egg-info/top_level.txt
[0.696s] reading manifest file 'srdfdom.egg-info/SOURCES.txt'
[0.698s] writing manifest file 'srdfdom.egg-info/SOURCES.txt'
[0.768s] [100%] Built target ament_cmake_python_build_srdfdom_egg
[0.811s] Invoked command in '/home/kush/UR5_Project_New/build/srdfdom' returned '0': CMAKE_PREFIX_PATH=/opt/ros/humble /usr/bin/cmake --build /home/kush/UR5_Project_New/build/srdfdom -- -j4 -l4
[0.929s] Invoking command in '/home/kush/UR5_Project_New/build/srdfdom': CMAKE_PREFIX_PATH=/opt/ros/humble /usr/bin/cmake --install /home/kush/UR5_Project_New/build/srdfdom
[0.949s] -- Install configuration: "Release"
[0.955s] -- Up-to-date: /home/kush/UR5_Project_New/install/srdfdom/lib/libsrdfdom.so.2.0.4
[0.955s] -- Up-to-date: /home/kush/UR5_Project_New/install/srdfdom/lib/libsrdfdom.so
[0.956s] -- Up-to-date: /home/kush/UR5_Project_New/install/srdfdom/include/srdfdom
[0.956s] -- Up-to-date: /home/kush/UR5_Project_New/install/srdfdom/include/srdfdom/visibility_control.h
[0.956s] -- Up-to-date: /home/kush/UR5_Project_New/install/srdfdom/include/srdfdom/model.h
[0.957s] -- Up-to-date: /home/kush/UR5_Project_New/install/srdfdom/include/srdfdom/srdf_writer.h
[0.957s] -- Up-to-date: /home/kush/UR5_Project_New/install/srdfdom/lib/srdfdom/display_srdf
[0.957s] -- Up-to-date: /home/kush/UR5_Project_New/install/srdfdom/share/srdfdom/environment/pythonpath.sh
[0.957s] -- Up-to-date: /home/kush/UR5_Project_New/install/srdfdom/share/srdfdom/environment/pythonpath.dsv
[0.957s] -- Up-to-date: /home/kush/UR5_Project_New/install/srdfdom/local/lib/python3.10/dist-packages/srdfdom-2.0.4-py3.10.egg-info
[0.958s] -- Installing: /home/kush/UR5_Project_New/install/srdfdom/local/lib/python3.10/dist-packages/srdfdom-2.0.4-py3.10.egg-info/SOURCES.txt
[0.958s] -- Installing: /home/kush/UR5_Project_New/install/srdfdom/local/lib/python3.10/dist-packages/srdfdom-2.0.4-py3.10.egg-info/dependency_links.txt
[0.958s] -- Installing: /home/kush/UR5_Project_New/install/srdfdom/local/lib/python3.10/dist-packages/srdfdom-2.0.4-py3.10.egg-info/PKG-INFO
[0.958s] -- Installing: /home/kush/UR5_Project_New/install/srdfdom/local/lib/python3.10/dist-packages/srdfdom-2.0.4-py3.10.egg-info/top_level.txt
[0.958s] -- Up-to-date: /home/kush/UR5_Project_New/install/srdfdom/local/lib/python3.10/dist-packages/srdfdom
[0.959s] -- Up-to-date: /home/kush/UR5_Project_New/install/srdfdom/local/lib/python3.10/dist-packages/srdfdom/__init__.py
[0.959s] -- Up-to-date: /home/kush/UR5_Project_New/install/srdfdom/local/lib/python3.10/dist-packages/srdfdom/srdf.py
[1.030s] Listing '/home/kush/UR5_Project_New/install/srdfdom/local/lib/python3.10/dist-packages/srdfdom'...
[1.048s] -- Up-to-date: /home/kush/UR5_Project_New/install/srdfdom/share/srdfdom/environment/library_path.sh
[1.049s] -- Up-to-date: /home/kush/UR5_Project_New/install/srdfdom/share/srdfdom/environment/library_path.dsv
[1.049s] -- Up-to-date: /home/kush/UR5_Project_New/install/srdfdom/share/ament_index/resource_index/package_run_dependencies/srdfdom
[1.050s] -- Up-to-date: /home/kush/UR5_Project_New/install/srdfdom/share/ament_index/resource_index/parent_prefix_path/srdfdom
[1.050s] -- Up-to-date: /home/kush/UR5_Project_New/install/srdfdom/share/srdfdom/environment/ament_prefix_path.sh
[1.050s] -- Up-to-date: /home/kush/UR5_Project_New/install/srdfdom/share/srdfdom/environment/ament_prefix_path.dsv
[1.050s] -- Up-to-date: /home/kush/UR5_Project_New/install/srdfdom/share/srdfdom/environment/path.sh
[1.050s] -- Up-to-date: /home/kush/UR5_Project_New/install/srdfdom/share/srdfdom/environment/path.dsv
[1.050s] -- Up-to-date: /home/kush/UR5_Project_New/install/srdfdom/share/srdfdom/local_setup.bash
[1.051s] -- Up-to-date: /home/kush/UR5_Project_New/install/srdfdom/share/srdfdom/local_setup.sh
[1.051s] -- Up-to-date: /home/kush/UR5_Project_New/install/srdfdom/share/srdfdom/local_setup.zsh
[1.051s] -- Up-to-date: /home/kush/UR5_Project_New/install/srdfdom/share/srdfdom/local_setup.dsv
[1.051s] -- Installing: /home/kush/UR5_Project_New/install/srdfdom/share/srdfdom/package.dsv
[1.051s] -- Up-to-date: /home/kush/UR5_Project_New/install/srdfdom/share/ament_index/resource_index/packages/srdfdom
[1.052s] -- Up-to-date: /home/kush/UR5_Project_New/install/srdfdom/share/srdfdom/cmake/srdfdomTargetsExport.cmake
[1.052s] -- Up-to-date: /home/kush/UR5_Project_New/install/srdfdom/share/srdfdom/cmake/srdfdomTargetsExport-release.cmake
[1.052s] -- Up-to-date: /home/kush/UR5_Project_New/install/srdfdom/share/srdfdom/cmake/ament_cmake_export_targets-extras.cmake
[1.052s] -- Up-to-date: /home/kush/UR5_Project_New/install/srdfdom/share/srdfdom/cmake/ament_cmake_export_dependencies-extras.cmake
[1.052s] -- Up-to-date: /home/kush/UR5_Project_New/install/srdfdom/share/srdfdom/cmake/srdfdomConfig.cmake
[1.053s] -- Up-to-date: /home/kush/UR5_Project_New/install/srdfdom/share/srdfdom/cmake/srdfdomConfig-version.cmake
[1.053s] -- Up-to-date: /home/kush/UR5_Project_New/install/srdfdom/share/srdfdom/package.xml
[1.076s] Invoked command in '/home/kush/UR5_Project_New/build/srdfdom' returned '0': CMAKE_PREFIX_PATH=/opt/ros/humble /usr/bin/cmake --install /home/kush/UR5_Project_New/build/srdfdom
