[0.231s] Invoking command in '/home/kush/UR5_Project_New/build/moveit_servo': AMENT_PREFIX_PATH=/home/kush/UR5_Project_New/install/moveit_ros_planning_interface:/home/kush/UR5_Project_New/install/moveit_ros_move_group:/home/kush/UR5_Project_New/install/moveit_ros_warehouse:/home/kush/UR5_Project_New/install/moveit_kinematics:/home/kush/UR5_Project_New/install/moveit_ros_planning:/home/kush/UR5_Project_New/install/moveit_ros_occupancy_map_monitor:/home/kush/UR5_Project_New/install/moveit_core:/home/kush/UR5_Project_New/install/moveit_resources_panda_moveit_config:/home/kush/UR5_Project_New/install/moveit_configs_utils:/home/kush/UR5_Project_New/install/srdfdom:/home/kush/UR5_Project_New/install/moveit_resources_panda_description:/home/kush/UR5_Project_New/install/moveit_common:/home/kush/UR5_Project_New/install/launch_param_builder:${AMENT_PREFIX_PATH} CMAKE_PREFIX_PATH=/home/kush/UR5_Project_New/install/moveit_ros_planning_interface:/home/kush/UR5_Project_New/install/moveit_ros_move_group:/home/kush/UR5_Project_New/install/moveit_ros_warehouse:/home/kush/UR5_Project_New/install/moveit_kinematics:/home/kush/UR5_Project_New/install/moveit_ros_planning:/home/kush/UR5_Project_New/install/moveit_ros_occupancy_map_monitor:/home/kush/UR5_Project_New/install/moveit_core:/home/kush/UR5_Project_New/install/moveit_resources_panda_moveit_config:/home/kush/UR5_Project_New/install/srdfdom:/home/kush/UR5_Project_New/install/moveit_resources_panda_description:/home/kush/UR5_Project_New/install/moveit_common:/opt/ros/humble LD_LIBRARY_PATH=/home/kush/UR5_Project_New/install/moveit_ros_planning_interface/lib:/home/kush/UR5_Project_New/install/moveit_ros_move_group/lib:/home/kush/UR5_Project_New/install/moveit_ros_warehouse/lib:/home/kush/UR5_Project_New/install/moveit_kinematics/lib:/home/kush/UR5_Project_New/install/moveit_ros_planning/lib:/home/kush/UR5_Project_New/install/moveit_ros_occupancy_map_monitor/lib:/home/kush/UR5_Project_New/install/moveit_core/lib:/home/kush/UR5_Project_New/install/srdfdom/lib:${LD_LIBRARY_PATH} PATH=/home/kush/UR5_Project_New/install/moveit_core/bin:${PATH} PYTHONPATH=/home/kush/UR5_Project_New/install/moveit_configs_utils/lib/python3.10/site-packages:/home/kush/UR5_Project_New/install/srdfdom/local/lib/python3.10/dist-packages:/home/kush/UR5_Project_New/install/launch_param_builder/lib/python3.10/site-packages:${PYTHONPATH} /usr/bin/cmake /home/kush/UR5_Project_New/src/moveit2/moveit_ros/moveit_servo -DCMAKE_INSTALL_PREFIX=/home/kush/UR5_Project_New/install/moveit_servo
[0.413s] -- Found moveit_common: 2.5.4 (/home/kush/UR5_Project_New/install/moveit_common/share/moveit_common/cmake)
[0.413s] -- Found ament_cmake: 1.3.5 (/opt/ros/humble/share/ament_cmake/cmake)
[1.216s] -- Could NOT find libbfd (missing: LIBBFD_LIBRARY LIBBFD_INCLUDE_DIR) 
[1.216s] -- BACKWARD_HAS_UNWIND=1
[1.216s] -- BACKWARD_HAS_BACKTRACE=0
[1.217s] -- BACKWARD_HAS_BACKTRACE_SYMBOL=0
[1.217s] -- BACKWARD_HAS_DW=1
[1.218s] -- BACKWARD_HAS_BFD=0
[1.218s] -- Found Backward: /opt/ros/humble/share/backward_ros/cmake  
[1.218s] -- Found eigen3_cmake_module: 0.1.1 (/opt/ros/humble/share/eigen3_cmake_module/cmake)
[1.218s] -- Found control_msgs: 4.4.0 (/opt/ros/humble/share/control_msgs/cmake)
[1.270s] -- Found rosidl_generator_c: 3.1.5 (/opt/ros/humble/share/rosidl_generator_c/cmake)
[1.281s] -- Found rosidl_adapter: 3.1.5 (/opt/ros/humble/share/rosidl_adapter/cmake)
[1.298s] -- Found rosidl_generator_cpp: 3.1.5 (/opt/ros/humble/share/rosidl_generator_cpp/cmake)
[1.331s] -- Using all available rosidl_typesupport_c: rosidl_typesupport_fastrtps_c;rosidl_typesupport_introspection_c
[1.381s] -- Using all available rosidl_typesupport_cpp: rosidl_typesupport_fastrtps_cpp;rosidl_typesupport_introspection_cpp
[3.426s] -- Found control_toolbox: 3.1.0 (/opt/ros/humble/share/control_toolbox/cmake)
[3.582s] -- Found rmw_implementation_cmake: 6.1.1 (/opt/ros/humble/share/rmw_implementation_cmake/cmake)
[3.587s] -- Found rmw_fastrtps_cpp: 6.2.3 (/opt/ros/humble/share/rmw_fastrtps_cpp/cmake)
[3.955s] -- Using RMW implementation 'rmw_fastrtps_cpp' as default
[4.846s] -- Found moveit_core: 2.5.4 (/home/kush/UR5_Project_New/install/moveit_core/share/moveit_core/cmake)
[4.884s] -- Found Boost: /usr/lib/x86_64-linux-gnu/cmake/Boost-1.74.0/BoostConfig.cmake (found version "1.74.0") found components: chrono date_time filesystem iostreams program_options regex serialization system thread 
[4.904s] -- Found parameter_traits: 0.3.3 (/opt/ros/humble/share/parameter_traits/cmake)
[4.948s] -- Found rclcpp_lifecycle: 16.0.5 (/opt/ros/humble/share/rclcpp_lifecycle/cmake)
[5.073s] -- Found Boost: /usr/lib/x86_64-linux-gnu/cmake/Boost-1.74.0/BoostConfig.cmake (found version "1.74.0") found components: filesystem 
[5.195s] -- library: /usr/lib/x86_64-linux-gnu/libcurl.so
[5.846s] -- Ensuring Eigen3 include directory is part of orocos-kdl CMake target
[8.644s] -- Found moveit_ros_planning: 2.5.4 (/home/kush/UR5_Project_New/install/moveit_ros_planning/share/moveit_ros_planning/cmake)
[8.668s] -- Found Boost: /usr/lib/x86_64-linux-gnu/cmake/Boost-1.74.0/BoostConfig.cmake (found version "1.74.0") found components: system filesystem date_time program_options thread chrono 
[10.719s] -- Found std_srvs: 4.2.3 (/opt/ros/humble/share/std_srvs/cmake)
[11.157s] -- Found ament_lint_auto: 0.12.7 (/opt/ros/humble/share/ament_lint_auto/cmake)
[11.158s] -- Found ament_cmake_gtest: 1.3.5 (/opt/ros/humble/share/ament_cmake_gtest/cmake)
[11.160s] -- Found ros_testing: 0.4.0 (/opt/ros/humble/share/ros_testing/cmake)
[11.168s] -- Found launch_testing_ament_cmake: 1.0.4 (/opt/ros/humble/share/launch_testing_ament_cmake/cmake)
[11.170s] -- Found python_cmake_module: 0.10.0 (/opt/ros/humble/share/python_cmake_module/cmake)
[11.234s] -- Using PYTHON_EXECUTABLE: /usr/bin/python3
[11.234s] -- Using PYTHON_INCLUDE_DIRS: /usr/include/python3.10
[11.234s] -- Using PYTHON_LIBRARIES: /usr/lib/x86_64-linux-gnu/libpython3.10.so
[11.271s] -- Found Boost: /usr/lib/x86_64-linux-gnu/cmake/Boost-1.74.0/BoostConfig.cmake (found version "1.74.0") found components: filesystem 
[13.920s] -- Found gtest sources under '/opt/ros/humble/src/gtest_vendor': C++ tests using 'Google Test' will be built
[14.155s] -- Added test 'cppcheck' to perform static code analysis on C / C++ code
[14.173s] -- Configured cppcheck include dirs: /home/kush/UR5_Project_New/src/moveit2/moveit_ros/moveit_servo/include
[14.173s] -- Configured cppcheck exclude dirs and/or files: 
[14.177s] -- Added test 'lint_cmake' to check CMake code style
[14.177s] -- Added test 'pep257' to check Python code against some of the docstring style conventions in PEP 257
[14.178s] -- Added test 'xmllint' to check XML markup files
[14.191s] -- Configuring done
[19.638s] -- Generating done
[19.691s] -- Build files have been written to: /home/kush/UR5_Project_New/build/moveit_servo
[19.737s] Invoked command in '/home/kush/UR5_Project_New/build/moveit_servo' returned '0': AMENT_PREFIX_PATH=/home/kush/UR5_Project_New/install/moveit_ros_planning_interface:/home/kush/UR5_Project_New/install/moveit_ros_move_group:/home/kush/UR5_Project_New/install/moveit_ros_warehouse:/home/kush/UR5_Project_New/install/moveit_kinematics:/home/kush/UR5_Project_New/install/moveit_ros_planning:/home/kush/UR5_Project_New/install/moveit_ros_occupancy_map_monitor:/home/kush/UR5_Project_New/install/moveit_core:/home/kush/UR5_Project_New/install/moveit_resources_panda_moveit_config:/home/kush/UR5_Project_New/install/moveit_configs_utils:/home/kush/UR5_Project_New/install/srdfdom:/home/kush/UR5_Project_New/install/moveit_resources_panda_description:/home/kush/UR5_Project_New/install/moveit_common:/home/kush/UR5_Project_New/install/launch_param_builder:${AMENT_PREFIX_PATH} CMAKE_PREFIX_PATH=/home/kush/UR5_Project_New/install/moveit_ros_planning_interface:/home/kush/UR5_Project_New/install/moveit_ros_move_group:/home/kush/UR5_Project_New/install/moveit_ros_warehouse:/home/kush/UR5_Project_New/install/moveit_kinematics:/home/kush/UR5_Project_New/install/moveit_ros_planning:/home/kush/UR5_Project_New/install/moveit_ros_occupancy_map_monitor:/home/kush/UR5_Project_New/install/moveit_core:/home/kush/UR5_Project_New/install/moveit_resources_panda_moveit_config:/home/kush/UR5_Project_New/install/srdfdom:/home/kush/UR5_Project_New/install/moveit_resources_panda_description:/home/kush/UR5_Project_New/install/moveit_common:/opt/ros/humble LD_LIBRARY_PATH=/home/kush/UR5_Project_New/install/moveit_ros_planning_interface/lib:/home/kush/UR5_Project_New/install/moveit_ros_move_group/lib:/home/kush/UR5_Project_New/install/moveit_ros_warehouse/lib:/home/kush/UR5_Project_New/install/moveit_kinematics/lib:/home/kush/UR5_Project_New/install/moveit_ros_planning/lib:/home/kush/UR5_Project_New/install/moveit_ros_occupancy_map_monitor/lib:/home/kush/UR5_Project_New/install/moveit_core/lib:/home/kush/UR5_Project_New/install/srdfdom/lib:${LD_LIBRARY_PATH} PATH=/home/kush/UR5_Project_New/install/moveit_core/bin:${PATH} PYTHONPATH=/home/kush/UR5_Project_New/install/moveit_configs_utils/lib/python3.10/site-packages:/home/kush/UR5_Project_New/install/srdfdom/local/lib/python3.10/dist-packages:/home/kush/UR5_Project_New/install/launch_param_builder/lib/python3.10/site-packages:${PYTHONPATH} /usr/bin/cmake /home/kush/UR5_Project_New/src/moveit2/moveit_ros/moveit_servo -DCMAKE_INSTALL_PREFIX=/home/kush/UR5_Project_New/install/moveit_servo
[19.738s] Invoking command in '/home/kush/UR5_Project_New/build/moveit_servo': AMENT_PREFIX_PATH=/home/kush/UR5_Project_New/install/moveit_ros_planning_interface:/home/kush/UR5_Project_New/install/moveit_ros_move_group:/home/kush/UR5_Project_New/install/moveit_ros_warehouse:/home/kush/UR5_Project_New/install/moveit_kinematics:/home/kush/UR5_Project_New/install/moveit_ros_planning:/home/kush/UR5_Project_New/install/moveit_ros_occupancy_map_monitor:/home/kush/UR5_Project_New/install/moveit_core:/home/kush/UR5_Project_New/install/moveit_resources_panda_moveit_config:/home/kush/UR5_Project_New/install/moveit_configs_utils:/home/kush/UR5_Project_New/install/srdfdom:/home/kush/UR5_Project_New/install/moveit_resources_panda_description:/home/kush/UR5_Project_New/install/moveit_common:/home/kush/UR5_Project_New/install/launch_param_builder:${AMENT_PREFIX_PATH} CMAKE_PREFIX_PATH=/home/kush/UR5_Project_New/install/moveit_ros_planning_interface:/home/kush/UR5_Project_New/install/moveit_ros_move_group:/home/kush/UR5_Project_New/install/moveit_ros_warehouse:/home/kush/UR5_Project_New/install/moveit_kinematics:/home/kush/UR5_Project_New/install/moveit_ros_planning:/home/kush/UR5_Project_New/install/moveit_ros_occupancy_map_monitor:/home/kush/UR5_Project_New/install/moveit_core:/home/kush/UR5_Project_New/install/moveit_resources_panda_moveit_config:/home/kush/UR5_Project_New/install/srdfdom:/home/kush/UR5_Project_New/install/moveit_resources_panda_description:/home/kush/UR5_Project_New/install/moveit_common:/opt/ros/humble LD_LIBRARY_PATH=/home/kush/UR5_Project_New/install/moveit_ros_planning_interface/lib:/home/kush/UR5_Project_New/install/moveit_ros_move_group/lib:/home/kush/UR5_Project_New/install/moveit_ros_warehouse/lib:/home/kush/UR5_Project_New/install/moveit_kinematics/lib:/home/kush/UR5_Project_New/install/moveit_ros_planning/lib:/home/kush/UR5_Project_New/install/moveit_ros_occupancy_map_monitor/lib:/home/kush/UR5_Project_New/install/moveit_core/lib:/home/kush/UR5_Project_New/install/srdfdom/lib:${LD_LIBRARY_PATH} PATH=/home/kush/UR5_Project_New/install/moveit_core/bin:${PATH} PYTHONPATH=/home/kush/UR5_Project_New/install/moveit_configs_utils/lib/python3.10/site-packages:/home/kush/UR5_Project_New/install/srdfdom/local/lib/python3.10/dist-packages:/home/kush/UR5_Project_New/install/launch_param_builder/lib/python3.10/site-packages:${PYTHONPATH} /usr/bin/cmake --build /home/kush/UR5_Project_New/build/moveit_servo -- -j4 -l4
[20.037s] [35m[1mConsolidate compiler generated dependencies of target moveit_servo_lib_parameters[0m
[20.201s] [  9%] Built target moveit_servo_lib_parameters
[20.313s] [35m[1mConsolidate compiler generated dependencies of target gtest_main[0m
[20.347s] [ 15%] Built target gtest_main
[20.417s] [35m[1mConsolidate compiler generated dependencies of target gtest[0m
[20.538s] [ 21%] Built target gtest
[21.083s] [35m[1mConsolidate compiler generated dependencies of target moveit_servo_lib[0m
[21.428s] [ 39%] Built target moveit_servo_lib
[21.483s] [35m[1mConsolidate compiler generated dependencies of target test_servo_integration[0m
[21.623s] [ 45%] Built target test_servo_integration
[21.733s] [35m[1mConsolidate compiler generated dependencies of target test_servo_collision[0m
[21.871s] [ 51%] Built target test_servo_collision
[21.926s] [35m[1mConsolidate compiler generated dependencies of target servo_calcs_unit_tests[0m
[22.036s] [ 57%] Built target servo_calcs_unit_tests
[22.092s] [35m[1mConsolidate compiler generated dependencies of target pose_tracking[0m
[22.188s] [ 63%] Built target pose_tracking
[22.233s] [35m[1mConsolidate compiler generated dependencies of target servo_node[0m
[22.370s] [ 69%] Built target servo_node
[22.520s] [35m[1mConsolidate compiler generated dependencies of target servo_pose_tracking_demo[0m
[22.635s] [ 75%] Built target servo_pose_tracking_demo
[22.683s] [35m[1mConsolidate compiler generated dependencies of target test_servo_pose_tracking[0m
[22.824s] [ 81%] Built target test_servo_pose_tracking
[22.885s] [35m[1mConsolidate compiler generated dependencies of target servo_node_main[0m
[22.995s] [ 87%] Built target servo_node_main
[23.049s] [35m[1mConsolidate compiler generated dependencies of target fake_command_publisher[0m
[23.125s] [ 93%] Built target fake_command_publisher
[23.170s] [35m[1mConsolidate compiler generated dependencies of target servo_controller_input[0m
[23.272s] [100%] Built target servo_controller_input
[23.314s] Invoked command in '/home/kush/UR5_Project_New/build/moveit_servo' returned '0': AMENT_PREFIX_PATH=/home/kush/UR5_Project_New/install/moveit_ros_planning_interface:/home/kush/UR5_Project_New/install/moveit_ros_move_group:/home/kush/UR5_Project_New/install/moveit_ros_warehouse:/home/kush/UR5_Project_New/install/moveit_kinematics:/home/kush/UR5_Project_New/install/moveit_ros_planning:/home/kush/UR5_Project_New/install/moveit_ros_occupancy_map_monitor:/home/kush/UR5_Project_New/install/moveit_core:/home/kush/UR5_Project_New/install/moveit_resources_panda_moveit_config:/home/kush/UR5_Project_New/install/moveit_configs_utils:/home/kush/UR5_Project_New/install/srdfdom:/home/kush/UR5_Project_New/install/moveit_resources_panda_description:/home/kush/UR5_Project_New/install/moveit_common:/home/kush/UR5_Project_New/install/launch_param_builder:${AMENT_PREFIX_PATH} CMAKE_PREFIX_PATH=/home/kush/UR5_Project_New/install/moveit_ros_planning_interface:/home/kush/UR5_Project_New/install/moveit_ros_move_group:/home/kush/UR5_Project_New/install/moveit_ros_warehouse:/home/kush/UR5_Project_New/install/moveit_kinematics:/home/kush/UR5_Project_New/install/moveit_ros_planning:/home/kush/UR5_Project_New/install/moveit_ros_occupancy_map_monitor:/home/kush/UR5_Project_New/install/moveit_core:/home/kush/UR5_Project_New/install/moveit_resources_panda_moveit_config:/home/kush/UR5_Project_New/install/srdfdom:/home/kush/UR5_Project_New/install/moveit_resources_panda_description:/home/kush/UR5_Project_New/install/moveit_common:/opt/ros/humble LD_LIBRARY_PATH=/home/kush/UR5_Project_New/install/moveit_ros_planning_interface/lib:/home/kush/UR5_Project_New/install/moveit_ros_move_group/lib:/home/kush/UR5_Project_New/install/moveit_ros_warehouse/lib:/home/kush/UR5_Project_New/install/moveit_kinematics/lib:/home/kush/UR5_Project_New/install/moveit_ros_planning/lib:/home/kush/UR5_Project_New/install/moveit_ros_occupancy_map_monitor/lib:/home/kush/UR5_Project_New/install/moveit_core/lib:/home/kush/UR5_Project_New/install/srdfdom/lib:${LD_LIBRARY_PATH} PATH=/home/kush/UR5_Project_New/install/moveit_core/bin:${PATH} PYTHONPATH=/home/kush/UR5_Project_New/install/moveit_configs_utils/lib/python3.10/site-packages:/home/kush/UR5_Project_New/install/srdfdom/local/lib/python3.10/dist-packages:/home/kush/UR5_Project_New/install/launch_param_builder/lib/python3.10/site-packages:${PYTHONPATH} /usr/bin/cmake --build /home/kush/UR5_Project_New/build/moveit_servo -- -j4 -l4
[23.612s] Invoking command in '/home/kush/UR5_Project_New/build/moveit_servo': AMENT_PREFIX_PATH=/home/kush/UR5_Project_New/install/moveit_ros_planning_interface:/home/kush/UR5_Project_New/install/moveit_ros_move_group:/home/kush/UR5_Project_New/install/moveit_ros_warehouse:/home/kush/UR5_Project_New/install/moveit_kinematics:/home/kush/UR5_Project_New/install/moveit_ros_planning:/home/kush/UR5_Project_New/install/moveit_ros_occupancy_map_monitor:/home/kush/UR5_Project_New/install/moveit_core:/home/kush/UR5_Project_New/install/moveit_resources_panda_moveit_config:/home/kush/UR5_Project_New/install/moveit_configs_utils:/home/kush/UR5_Project_New/install/srdfdom:/home/kush/UR5_Project_New/install/moveit_resources_panda_description:/home/kush/UR5_Project_New/install/moveit_common:/home/kush/UR5_Project_New/install/launch_param_builder:${AMENT_PREFIX_PATH} CMAKE_PREFIX_PATH=/home/kush/UR5_Project_New/install/moveit_ros_planning_interface:/home/kush/UR5_Project_New/install/moveit_ros_move_group:/home/kush/UR5_Project_New/install/moveit_ros_warehouse:/home/kush/UR5_Project_New/install/moveit_kinematics:/home/kush/UR5_Project_New/install/moveit_ros_planning:/home/kush/UR5_Project_New/install/moveit_ros_occupancy_map_monitor:/home/kush/UR5_Project_New/install/moveit_core:/home/kush/UR5_Project_New/install/moveit_resources_panda_moveit_config:/home/kush/UR5_Project_New/install/srdfdom:/home/kush/UR5_Project_New/install/moveit_resources_panda_description:/home/kush/UR5_Project_New/install/moveit_common:/opt/ros/humble LD_LIBRARY_PATH=/home/kush/UR5_Project_New/install/moveit_ros_planning_interface/lib:/home/kush/UR5_Project_New/install/moveit_ros_move_group/lib:/home/kush/UR5_Project_New/install/moveit_ros_warehouse/lib:/home/kush/UR5_Project_New/install/moveit_kinematics/lib:/home/kush/UR5_Project_New/install/moveit_ros_planning/lib:/home/kush/UR5_Project_New/install/moveit_ros_occupancy_map_monitor/lib:/home/kush/UR5_Project_New/install/moveit_core/lib:/home/kush/UR5_Project_New/install/srdfdom/lib:${LD_LIBRARY_PATH} PATH=/home/kush/UR5_Project_New/install/moveit_core/bin:${PATH} PYTHONPATH=/home/kush/UR5_Project_New/install/moveit_configs_utils/lib/python3.10/site-packages:/home/kush/UR5_Project_New/install/srdfdom/local/lib/python3.10/dist-packages:/home/kush/UR5_Project_New/install/launch_param_builder/lib/python3.10/site-packages:${PYTHONPATH} /usr/bin/cmake --install /home/kush/UR5_Project_New/build/moveit_servo
[23.633s] -- Install configuration: "Release"
[23.720s] -- Up-to-date: /home/kush/UR5_Project_New/install/moveit_servo/lib/libmoveit_servo_lib.so.2.5.4
[23.723s] -- Up-to-date: /home/kush/UR5_Project_New/install/moveit_servo/lib/libmoveit_servo_lib.so
[23.780s] -- Up-to-date: /home/kush/UR5_Project_New/install/moveit_servo/lib/libmoveit_servo_lib_parameters.so.2.5.4
[23.784s] -- Up-to-date: /home/kush/UR5_Project_New/install/moveit_servo/lib/libmoveit_servo_lib_parameters.so
[23.842s] -- Up-to-date: /home/kush/UR5_Project_New/install/moveit_servo/lib/libpose_tracking.so
[23.875s] -- Up-to-date: /home/kush/UR5_Project_New/install/moveit_servo/lib/libservo_node.so
[23.951s] -- Up-to-date: /home/kush/UR5_Project_New/install/moveit_servo/lib/libservo_controller_input.so
[23.993s] -- Up-to-date: /home/kush/UR5_Project_New/install/moveit_servo/lib/moveit_servo/servo_node_main
[24.034s] -- Up-to-date: /home/kush/UR5_Project_New/install/moveit_servo/lib/moveit_servo/servo_pose_tracking_demo
[24.084s] -- Up-to-date: /home/kush/UR5_Project_New/install/moveit_servo/lib/moveit_servo/fake_command_publisher
[24.084s] -- Up-to-date: /home/kush/UR5_Project_New/install/moveit_servo/include
[24.085s] -- Up-to-date: /home/kush/UR5_Project_New/install/moveit_servo/include/moveit_servo
[24.085s] -- Up-to-date: /home/kush/UR5_Project_New/install/moveit_servo/include/moveit_servo/servo_parameters.h
[24.086s] -- Up-to-date: /home/kush/UR5_Project_New/install/moveit_servo/include/moveit_servo/status_codes.h
[24.086s] -- Up-to-date: /home/kush/UR5_Project_New/install/moveit_servo/include/moveit_servo/collision_check.h
[24.086s] -- Up-to-date: /home/kush/UR5_Project_New/install/moveit_servo/include/moveit_servo/servo_calcs.h
[24.086s] -- Up-to-date: /home/kush/UR5_Project_New/install/moveit_servo/include/moveit_servo/make_shared_from_pool.h
[24.091s] -- Up-to-date: /home/kush/UR5_Project_New/install/moveit_servo/include/moveit_servo/pose_tracking.h
[24.091s] -- Up-to-date: /home/kush/UR5_Project_New/install/moveit_servo/include/moveit_servo/parameter_descriptor_builder.hpp
[24.091s] -- Up-to-date: /home/kush/UR5_Project_New/install/moveit_servo/include/moveit_servo/utilities.h
[24.092s] -- Up-to-date: /home/kush/UR5_Project_New/install/moveit_servo/include/moveit_servo/servo.h
[24.092s] -- Up-to-date: /home/kush/UR5_Project_New/install/moveit_servo/include/moveit_servo/servo_node.h
[24.092s] -- Up-to-date: /home/kush/UR5_Project_New/install/moveit_servo/include/moveit_servo/enforce_limits.hpp
[24.092s] -- Up-to-date: /home/kush/UR5_Project_New/install/moveit_servo/include/moveit_servo/servo_server.h
[24.092s] -- Up-to-date: /home/kush/UR5_Project_New/install/moveit_servo/share/moveit_servo/launch
[24.092s] -- Up-to-date: /home/kush/UR5_Project_New/install/moveit_servo/share/moveit_servo/launch/servo_example.launch.py
[24.093s] -- Up-to-date: /home/kush/UR5_Project_New/install/moveit_servo/share/moveit_servo/launch/pose_tracking_example.launch.py
[24.098s] -- Up-to-date: /home/kush/UR5_Project_New/install/moveit_servo/share/moveit_servo/config
[24.098s] -- Up-to-date: /home/kush/UR5_Project_New/install/moveit_servo/share/moveit_servo/config/panda_simulated_config_pose_tracking.yaml
[24.098s] -- Up-to-date: /home/kush/UR5_Project_New/install/moveit_servo/share/moveit_servo/config/demo_rviz_config.rviz
[24.098s] -- Up-to-date: /home/kush/UR5_Project_New/install/moveit_servo/share/moveit_servo/config/demo_rviz_pose_tracking.rviz
[24.098s] -- Up-to-date: /home/kush/UR5_Project_New/install/moveit_servo/share/moveit_servo/config/panda_simulated_config.yaml
[24.100s] -- Up-to-date: /home/kush/UR5_Project_New/install/moveit_servo/share/moveit_servo/config/pose_tracking_settings.yaml
[24.107s] -- Up-to-date: /home/kush/UR5_Project_New/install/moveit_servo/share/moveit_servo/environment/library_path.sh
[24.107s] -- Installing: /home/kush/UR5_Project_New/install/moveit_servo/share/moveit_servo/environment/library_path.dsv
[24.108s] -- Up-to-date: /home/kush/UR5_Project_New/install/moveit_servo/share/ament_index/resource_index/package_run_dependencies/moveit_servo
[24.108s] -- Installing: /home/kush/UR5_Project_New/install/moveit_servo/share/ament_index/resource_index/parent_prefix_path/moveit_servo
[24.108s] -- Up-to-date: /home/kush/UR5_Project_New/install/moveit_servo/share/moveit_servo/environment/ament_prefix_path.sh
[24.108s] -- Installing: /home/kush/UR5_Project_New/install/moveit_servo/share/moveit_servo/environment/ament_prefix_path.dsv
[24.108s] -- Up-to-date: /home/kush/UR5_Project_New/install/moveit_servo/share/moveit_servo/environment/path.sh
[24.109s] -- Installing: /home/kush/UR5_Project_New/install/moveit_servo/share/moveit_servo/environment/path.dsv
[24.110s] -- Up-to-date: /home/kush/UR5_Project_New/install/moveit_servo/share/moveit_servo/local_setup.bash
[24.110s] -- Up-to-date: /home/kush/UR5_Project_New/install/moveit_servo/share/moveit_servo/local_setup.sh
[24.110s] -- Up-to-date: /home/kush/UR5_Project_New/install/moveit_servo/share/moveit_servo/local_setup.zsh
[24.110s] -- Installing: /home/kush/UR5_Project_New/install/moveit_servo/share/moveit_servo/local_setup.dsv
[24.110s] -- Installing: /home/kush/UR5_Project_New/install/moveit_servo/share/moveit_servo/package.dsv
[24.111s] -- Up-to-date: /home/kush/UR5_Project_New/install/moveit_servo/share/ament_index/resource_index/packages/moveit_servo
[24.111s] -- Up-to-date: /home/kush/UR5_Project_New/install/moveit_servo/share/ament_index/resource_index/rclcpp_components/moveit_servo
[24.130s] -- Up-to-date: /home/kush/UR5_Project_New/install/moveit_servo/share/moveit_servo/cmake/export_moveit_servoExport.cmake
[24.131s] -- Up-to-date: /home/kush/UR5_Project_New/install/moveit_servo/share/moveit_servo/cmake/export_moveit_servoExport-release.cmake
[24.131s] -- Up-to-date: /home/kush/UR5_Project_New/install/moveit_servo/share/moveit_servo/cmake/ament_cmake_export_targets-extras.cmake
[24.131s] -- Up-to-date: /home/kush/UR5_Project_New/install/moveit_servo/share/moveit_servo/cmake/ament_cmake_export_dependencies-extras.cmake
[24.131s] -- Up-to-date: /home/kush/UR5_Project_New/install/moveit_servo/share/moveit_servo/cmake/moveit_servoConfig.cmake
[24.132s] -- Up-to-date: /home/kush/UR5_Project_New/install/moveit_servo/share/moveit_servo/cmake/moveit_servoConfig-version.cmake
[24.132s] -- Up-to-date: /home/kush/UR5_Project_New/install/moveit_servo/share/moveit_servo/package.xml
[24.152s] Invoked command in '/home/kush/UR5_Project_New/build/moveit_servo' returned '0': AMENT_PREFIX_PATH=/home/kush/UR5_Project_New/install/moveit_ros_planning_interface:/home/kush/UR5_Project_New/install/moveit_ros_move_group:/home/kush/UR5_Project_New/install/moveit_ros_warehouse:/home/kush/UR5_Project_New/install/moveit_kinematics:/home/kush/UR5_Project_New/install/moveit_ros_planning:/home/kush/UR5_Project_New/install/moveit_ros_occupancy_map_monitor:/home/kush/UR5_Project_New/install/moveit_core:/home/kush/UR5_Project_New/install/moveit_resources_panda_moveit_config:/home/kush/UR5_Project_New/install/moveit_configs_utils:/home/kush/UR5_Project_New/install/srdfdom:/home/kush/UR5_Project_New/install/moveit_resources_panda_description:/home/kush/UR5_Project_New/install/moveit_common:/home/kush/UR5_Project_New/install/launch_param_builder:${AMENT_PREFIX_PATH} CMAKE_PREFIX_PATH=/home/kush/UR5_Project_New/install/moveit_ros_planning_interface:/home/kush/UR5_Project_New/install/moveit_ros_move_group:/home/kush/UR5_Project_New/install/moveit_ros_warehouse:/home/kush/UR5_Project_New/install/moveit_kinematics:/home/kush/UR5_Project_New/install/moveit_ros_planning:/home/kush/UR5_Project_New/install/moveit_ros_occupancy_map_monitor:/home/kush/UR5_Project_New/install/moveit_core:/home/kush/UR5_Project_New/install/moveit_resources_panda_moveit_config:/home/kush/UR5_Project_New/install/srdfdom:/home/kush/UR5_Project_New/install/moveit_resources_panda_description:/home/kush/UR5_Project_New/install/moveit_common:/opt/ros/humble LD_LIBRARY_PATH=/home/kush/UR5_Project_New/install/moveit_ros_planning_interface/lib:/home/kush/UR5_Project_New/install/moveit_ros_move_group/lib:/home/kush/UR5_Project_New/install/moveit_ros_warehouse/lib:/home/kush/UR5_Project_New/install/moveit_kinematics/lib:/home/kush/UR5_Project_New/install/moveit_ros_planning/lib:/home/kush/UR5_Project_New/install/moveit_ros_occupancy_map_monitor/lib:/home/kush/UR5_Project_New/install/moveit_core/lib:/home/kush/UR5_Project_New/install/srdfdom/lib:${LD_LIBRARY_PATH} PATH=/home/kush/UR5_Project_New/install/moveit_core/bin:${PATH} PYTHONPATH=/home/kush/UR5_Project_New/install/moveit_configs_utils/lib/python3.10/site-packages:/home/kush/UR5_Project_New/install/srdfdom/local/lib/python3.10/dist-packages:/home/kush/UR5_Project_New/install/launch_param_builder/lib/python3.10/site-packages:${PYTHONPATH} /usr/bin/cmake --install /home/kush/UR5_Project_New/build/moveit_servo
