[0.101s] Invoking command in '/home/kush/UR5_Project_New/build/moveit_setup_app_plugins': AMENT_PREFIX_PATH=/home/kush/UR5_Project_New/install/moveit_setup_framework:/home/kush/UR5_Project_New/install/moveit_ros_visualization:/home/kush/UR5_Project_New/install/moveit_ros_planning_interface:/home/kush/UR5_Project_New/install/moveit_ros_move_group:/home/kush/UR5_Project_New/install/moveit_ros_warehouse:/home/kush/UR5_Project_New/install/moveit_ros_robot_interaction:/home/kush/UR5_Project_New/install/moveit_kinematics:/home/kush/UR5_Project_New/install/moveit_ros_planning:/home/kush/UR5_Project_New/install/moveit_ros_occupancy_map_monitor:/home/kush/UR5_Project_New/install/moveit_core:/home/kush/UR5_Project_New/install/moveit_configs_utils:/home/kush/UR5_Project_New/install/srdfdom:/home/kush/UR5_Project_New/install/moveit_common:/home/kush/UR5_Project_New/install/launch_param_builder:${AMENT_PREFIX_PATH} CMAKE_PREFIX_PATH=/home/kush/UR5_Project_New/install/moveit_setup_framework:/home/kush/UR5_Project_New/install/moveit_ros_visualization:/home/kush/UR5_Project_New/install/moveit_ros_planning_interface:/home/kush/UR5_Project_New/install/moveit_ros_move_group:/home/kush/UR5_Project_New/install/moveit_ros_warehouse:/home/kush/UR5_Project_New/install/moveit_ros_robot_interaction:/home/kush/UR5_Project_New/install/moveit_kinematics:/home/kush/UR5_Project_New/install/moveit_ros_planning:/home/kush/UR5_Project_New/install/moveit_ros_occupancy_map_monitor:/home/kush/UR5_Project_New/install/moveit_core:/home/kush/UR5_Project_New/install/srdfdom:/home/kush/UR5_Project_New/install/moveit_common:/opt/ros/humble LD_LIBRARY_PATH=/home/kush/UR5_Project_New/install/moveit_setup_framework/lib:/home/kush/UR5_Project_New/install/moveit_ros_visualization/lib:/home/kush/UR5_Project_New/install/moveit_ros_planning_interface/lib:/home/kush/UR5_Project_New/install/moveit_ros_move_group/lib:/home/kush/UR5_Project_New/install/moveit_ros_warehouse/lib:/home/kush/UR5_Project_New/install/moveit_ros_robot_interaction/lib:/home/kush/UR5_Project_New/install/moveit_kinematics/lib:/home/kush/UR5_Project_New/install/moveit_ros_planning/lib:/home/kush/UR5_Project_New/install/moveit_ros_occupancy_map_monitor/lib:/home/kush/UR5_Project_New/install/moveit_core/lib:/home/kush/UR5_Project_New/install/srdfdom/lib:${LD_LIBRARY_PATH} PATH=/home/kush/UR5_Project_New/install/moveit_core/bin:${PATH} PYTHONPATH=/home/kush/UR5_Project_New/install/moveit_configs_utils/lib/python3.10/site-packages:/home/kush/UR5_Project_New/install/srdfdom/local/lib/python3.10/dist-packages:/home/kush/UR5_Project_New/install/launch_param_builder/lib/python3.10/site-packages:${PYTHONPATH} /usr/bin/cmake /home/kush/UR5_Project_New/src/moveit2/moveit_setup_assistant/moveit_setup_app_plugins -DCMAKE_BUILD_TYPE=Release -DCMAKE_INSTALL_PREFIX=/home/kush/UR5_Project_New/install/moveit_setup_app_plugins
[0.248s] -- The C compiler identification is GNU 11.4.0
[0.402s] -- The CXX compiler identification is GNU 11.4.0
[0.423s] -- Detecting C compiler ABI info
[0.632s] -- Detecting C compiler ABI info - done
[0.668s] -- Check for working C compiler: /usr/bin/cc - skipped
[0.671s] -- Detecting C compile features
[0.672s] -- Detecting C compile features - done
[0.677s] -- Detecting CXX compiler ABI info
[0.952s] -- Detecting CXX compiler ABI info - done
[0.975s] -- Check for working CXX compiler: /usr/bin/c++ - skipped
[0.975s] -- Detecting CXX compile features
[0.977s] -- Detecting CXX compile features - done
[0.982s] -- Found moveit_common: 2.5.4 (/home/kush/UR5_Project_New/install/moveit_common/share/moveit_common/cmake)
[0.989s] -- Found ament_cmake: 1.3.5 (/opt/ros/humble/share/ament_cmake/cmake)
[1.483s] -- Found Python3: /usr/bin/python3.10 (found version "3.10.12") found components: Interpreter 
[2.055s] -- Found libdw: /usr/lib/x86_64-linux-gnu/libdw.so  
[2.074s] -- Could NOT find libbfd (missing: LIBBFD_LIBRARY LIBBFD_INCLUDE_DIR) 
[2.076s] -- BACKWARD_HAS_UNWIND=1
[2.077s] -- BACKWARD_HAS_BACKTRACE=0
[2.078s] -- BACKWARD_HAS_BACKTRACE_SYMBOL=0
[2.080s] -- BACKWARD_HAS_DW=1
[2.081s] -- BACKWARD_HAS_BFD=0
[2.084s] -- Found Backward: /opt/ros/humble/share/backward_ros/cmake  
[2.095s] -- Found ament_cmake_ros: 0.10.0 (/opt/ros/humble/share/ament_cmake_ros/cmake)
[2.140s] -- Found ament_index_cpp: 1.4.0 (/opt/ros/humble/share/ament_index_cpp/cmake)
[2.144s] -- Found moveit_ros_visualization: 2.5.4 (/home/kush/UR5_Project_New/install/moveit_ros_visualization/share/moveit_ros_visualization/cmake)
[2.836s] -- Found Boost: /usr/lib/x86_64-linux-gnu/cmake/Boost-1.74.0/BoostConfig.cmake (found version "1.74.0") found components: thread date_time system filesystem 
[3.008s] -- Found Boost: /usr/lib/x86_64-linux-gnu/cmake/Boost-1.74.0/BoostConfig.cmake (found version "1.74.0") found components: filesystem 
[3.168s] -- Found rosidl_generator_c: 3.1.5 (/opt/ros/humble/share/rosidl_generator_c/cmake)
[3.199s] -- Found rosidl_adapter: 3.1.5 (/opt/ros/humble/share/rosidl_adapter/cmake)
[3.259s] -- Found rosidl_generator_cpp: 3.1.5 (/opt/ros/humble/share/rosidl_generator_cpp/cmake)
[3.303s] -- Using all available rosidl_typesupport_c: rosidl_typesupport_fastrtps_c;rosidl_typesupport_introspection_c
[3.361s] -- Using all available rosidl_typesupport_cpp: rosidl_typesupport_fastrtps_cpp;rosidl_typesupport_introspection_cpp
[4.225s] -- Found rmw_implementation_cmake: 6.1.1 (/opt/ros/humble/share/rmw_implementation_cmake/cmake)
[4.247s] -- Found rmw_fastrtps_cpp: 6.2.3 (/opt/ros/humble/share/rmw_fastrtps_cpp/cmake)
[4.726s] -- Found OpenSSL: /usr/lib/x86_64-linux-gnu/libcrypto.so (found version "3.0.2")  
[4.797s] -- Found FastRTPS: /opt/ros/humble/include  
[5.014s] -- Using RMW implementation 'rmw_fastrtps_cpp' as default
[5.074s] -- Found Threads: TRUE  
[5.851s] -- library: /usr/lib/x86_64-linux-gnu/libcurl.so
[6.878s] -- Found Boost: /usr/lib/x86_64-linux-gnu/cmake/Boost-1.74.0/BoostConfig.cmake (found version "1.74.0") found components: system filesystem date_time program_options thread chrono 
[8.271s] -- Found Boost: /usr/lib/x86_64-linux-gnu/cmake/Boost-1.74.0/BoostConfig.cmake (found version "1.74.0") found components: chrono date_time filesystem iostreams program_options regex serialization system thread 
[8.306s] -- Found parameter_traits: 0.3.3 (/opt/ros/humble/share/parameter_traits/cmake)
[8.372s] -- Found rclcpp_lifecycle: 16.0.5 (/opt/ros/humble/share/rclcpp_lifecycle/cmake)
[8.569s] -- Found Eigen3: TRUE (found version "3.4.0") 
[8.570s] -- Ensuring Eigen3 include directory is part of orocos-kdl CMake target
[12.614s] -- Found Boost: /usr/lib/x86_64-linux-gnu/cmake/Boost-1.74.0/BoostConfig.cmake (found version "1.74.0") found components: date_time filesystem program_options system thread 
[13.201s] -- Found Boost: /usr/lib/x86_64-linux-gnu/cmake/Boost-1.74.0/BoostConfig.cmake (found version "1.74.0") found components: thread system filesystem regex date_time program_options 
[13.953s] -- Found Boost: /usr/lib/x86_64-linux-gnu/cmake/Boost-1.74.0/BoostConfig.cmake (found version "1.74.0") found components: system filesystem date_time program_options thread 
[17.382s] -- Setting OGRE_DIR to: '/opt/ros/humble/share/rviz_ogre_vendor/cmake/../../../opt/rviz_ogre_vendor/lib/OGRE/cmake'
[17.386s] -- Found OGRE
[17.387s] --   static     : OFF
[17.388s] --   components : HLMS;MeshLodGenerator;Overlay;Paging;Property;RTShaderSystem;Terrain;Volume
[17.389s] --   plugins    : Plugin_BSPSceneManager;Plugin_OctreeSceneManager;Plugin_PCZSceneManager;Plugin_ParticleFX;RenderSystem_GL;RenderSystem_GL3Plus;Codec_STBI
[17.389s] --   media      : /opt/ros/humble/opt/rviz_ogre_vendor/share/OGRE/Media
[17.389s] -- OGRE_LIBRARIES: OgreHLMS;OgreMeshLodGenerator;OgreOverlay;OgrePaging;OgreProperty;OgreRTShaderSystem;OgreTerrain;OgreVolume;OgreMain
[17.389s] -- OGRE_LIBRARY_DIRS: /opt/ros/humble/opt/rviz_ogre_vendor/lib
[17.389s] -- OGRE_PLUGINS: Plugin_BSPSceneManager;Plugin_OctreeSceneManager;Plugin_PCZSceneManager;Plugin_ParticleFX;RenderSystem_GL;RenderSystem_GL3Plus;Codec_STBI
[17.390s] -- OGRE_PLUGIN_DIR: /opt/ros/humble/opt/rviz_ogre_vendor/lib/OGRE
[17.390s] -- rviz_ogre_vendor::OgreOverlay for IMPORTED_LOCATION_RELEASE: /opt/ros/humble/opt/rviz_ogre_vendor/lib/libOgreOverlay.so
[17.390s] -- rviz_ogre_vendor::OgreOverlay for IMPORTED_LOCATION_DEBUG: /opt/ros/humble/opt/rviz_ogre_vendor/lib/libOgreOverlay.so
[17.390s] -- rviz_ogre_vendor::OgreMain for IMPORTED_LOCATION_RELEASE: /opt/ros/humble/opt/rviz_ogre_vendor/lib/libOgreMain.so
[17.390s] -- rviz_ogre_vendor::OgreMain for IMPORTED_LOCATION_DEBUG: /opt/ros/humble/opt/rviz_ogre_vendor/lib/libOgreMain.so
[17.396s] -- Could not find freeimage library
[17.451s] -- Found ZLIB: /usr/lib/x86_64-linux-gnu/libz.so (found version "1.2.11") 
[17.467s] -- Found OpenGL: /usr/lib/x86_64-linux-gnu/libOpenGL.so   
[17.754s] -- Found X11: /usr/include   
[17.754s] -- Looking for XOpenDisplay in /usr/lib/x86_64-linux-gnu/libX11.so;/usr/lib/x86_64-linux-gnu/libXext.so
[18.002s] -- Looking for XOpenDisplay in /usr/lib/x86_64-linux-gnu/libX11.so;/usr/lib/x86_64-linux-gnu/libXext.so - found
[18.002s] -- Looking for gethostbyname
[18.318s] -- Looking for gethostbyname - found
[18.319s] -- Looking for connect
[18.624s] -- Looking for connect - found
[18.624s] -- Looking for remove
[18.944s] -- Looking for remove - found
[18.945s] -- Looking for shmat
[19.310s] -- Looking for shmat - found
[19.310s] -- Looking for IceConnectionNumber in ICE
[19.559s] -- Looking for IceConnectionNumber in ICE - found
[19.565s] -- rviz_ogre_vendor::RenderSystem_GL for IMPORTED_LOCATION_RELEASE: _render_system_gl_static_library_abs-NOTFOUND
[19.565s] -- rviz_ogre_vendor::RenderSystem_GL for IMPORTED_LOCATION_DEBUG: _render_system_gl_static_library_abs-NOTFOUND
[21.759s] -- Found moveit_setup_framework: 2.5.4 (/home/kush/UR5_Project_New/install/moveit_setup_framework/share/moveit_setup_framework/cmake)
[22.490s] -- Found ament_lint_auto: 0.12.7 (/opt/ros/humble/share/ament_lint_auto/cmake)
[22.550s] -- Found gtest sources under '/opt/ros/humble/src/gtest_vendor': C++ tests using 'Google Test' will be built
[22.590s] -- Added test 'lint_cmake' to check CMake code style
[22.594s] -- Added test 'xmllint' to check XML markup files
[22.632s] -- Configuring done
[22.983s] -- Generating done
[23.001s] -- Build files have been written to: /home/kush/UR5_Project_New/build/moveit_setup_app_plugins
[23.090s] Invoked command in '/home/kush/UR5_Project_New/build/moveit_setup_app_plugins' returned '0': AMENT_PREFIX_PATH=/home/kush/UR5_Project_New/install/moveit_setup_framework:/home/kush/UR5_Project_New/install/moveit_ros_visualization:/home/kush/UR5_Project_New/install/moveit_ros_planning_interface:/home/kush/UR5_Project_New/install/moveit_ros_move_group:/home/kush/UR5_Project_New/install/moveit_ros_warehouse:/home/kush/UR5_Project_New/install/moveit_ros_robot_interaction:/home/kush/UR5_Project_New/install/moveit_kinematics:/home/kush/UR5_Project_New/install/moveit_ros_planning:/home/kush/UR5_Project_New/install/moveit_ros_occupancy_map_monitor:/home/kush/UR5_Project_New/install/moveit_core:/home/kush/UR5_Project_New/install/moveit_configs_utils:/home/kush/UR5_Project_New/install/srdfdom:/home/kush/UR5_Project_New/install/moveit_common:/home/kush/UR5_Project_New/install/launch_param_builder:${AMENT_PREFIX_PATH} CMAKE_PREFIX_PATH=/home/kush/UR5_Project_New/install/moveit_setup_framework:/home/kush/UR5_Project_New/install/moveit_ros_visualization:/home/kush/UR5_Project_New/install/moveit_ros_planning_interface:/home/kush/UR5_Project_New/install/moveit_ros_move_group:/home/kush/UR5_Project_New/install/moveit_ros_warehouse:/home/kush/UR5_Project_New/install/moveit_ros_robot_interaction:/home/kush/UR5_Project_New/install/moveit_kinematics:/home/kush/UR5_Project_New/install/moveit_ros_planning:/home/kush/UR5_Project_New/install/moveit_ros_occupancy_map_monitor:/home/kush/UR5_Project_New/install/moveit_core:/home/kush/UR5_Project_New/install/srdfdom:/home/kush/UR5_Project_New/install/moveit_common:/opt/ros/humble LD_LIBRARY_PATH=/home/kush/UR5_Project_New/install/moveit_setup_framework/lib:/home/kush/UR5_Project_New/install/moveit_ros_visualization/lib:/home/kush/UR5_Project_New/install/moveit_ros_planning_interface/lib:/home/kush/UR5_Project_New/install/moveit_ros_move_group/lib:/home/kush/UR5_Project_New/install/moveit_ros_warehouse/lib:/home/kush/UR5_Project_New/install/moveit_ros_robot_interaction/lib:/home/kush/UR5_Project_New/install/moveit_kinematics/lib:/home/kush/UR5_Project_New/install/moveit_ros_planning/lib:/home/kush/UR5_Project_New/install/moveit_ros_occupancy_map_monitor/lib:/home/kush/UR5_Project_New/install/moveit_core/lib:/home/kush/UR5_Project_New/install/srdfdom/lib:${LD_LIBRARY_PATH} PATH=/home/kush/UR5_Project_New/install/moveit_core/bin:${PATH} PYTHONPATH=/home/kush/UR5_Project_New/install/moveit_configs_utils/lib/python3.10/site-packages:/home/kush/UR5_Project_New/install/srdfdom/local/lib/python3.10/dist-packages:/home/kush/UR5_Project_New/install/launch_param_builder/lib/python3.10/site-packages:${PYTHONPATH} /usr/bin/cmake /home/kush/UR5_Project_New/src/moveit2/moveit_setup_assistant/moveit_setup_app_plugins -DCMAKE_BUILD_TYPE=Release -DCMAKE_INSTALL_PREFIX=/home/kush/UR5_Project_New/install/moveit_setup_app_plugins
[23.091s] Invoking command in '/home/kush/UR5_Project_New/build/moveit_setup_app_plugins': AMENT_PREFIX_PATH=/home/kush/UR5_Project_New/install/moveit_setup_framework:/home/kush/UR5_Project_New/install/moveit_ros_visualization:/home/kush/UR5_Project_New/install/moveit_ros_planning_interface:/home/kush/UR5_Project_New/install/moveit_ros_move_group:/home/kush/UR5_Project_New/install/moveit_ros_warehouse:/home/kush/UR5_Project_New/install/moveit_ros_robot_interaction:/home/kush/UR5_Project_New/install/moveit_kinematics:/home/kush/UR5_Project_New/install/moveit_ros_planning:/home/kush/UR5_Project_New/install/moveit_ros_occupancy_map_monitor:/home/kush/UR5_Project_New/install/moveit_core:/home/kush/UR5_Project_New/install/moveit_configs_utils:/home/kush/UR5_Project_New/install/srdfdom:/home/kush/UR5_Project_New/install/moveit_common:/home/kush/UR5_Project_New/install/launch_param_builder:${AMENT_PREFIX_PATH} CMAKE_PREFIX_PATH=/home/kush/UR5_Project_New/install/moveit_setup_framework:/home/kush/UR5_Project_New/install/moveit_ros_visualization:/home/kush/UR5_Project_New/install/moveit_ros_planning_interface:/home/kush/UR5_Project_New/install/moveit_ros_move_group:/home/kush/UR5_Project_New/install/moveit_ros_warehouse:/home/kush/UR5_Project_New/install/moveit_ros_robot_interaction:/home/kush/UR5_Project_New/install/moveit_kinematics:/home/kush/UR5_Project_New/install/moveit_ros_planning:/home/kush/UR5_Project_New/install/moveit_ros_occupancy_map_monitor:/home/kush/UR5_Project_New/install/moveit_core:/home/kush/UR5_Project_New/install/srdfdom:/home/kush/UR5_Project_New/install/moveit_common:/opt/ros/humble LD_LIBRARY_PATH=/home/kush/UR5_Project_New/install/moveit_setup_framework/lib:/home/kush/UR5_Project_New/install/moveit_ros_visualization/lib:/home/kush/UR5_Project_New/install/moveit_ros_planning_interface/lib:/home/kush/UR5_Project_New/install/moveit_ros_move_group/lib:/home/kush/UR5_Project_New/install/moveit_ros_warehouse/lib:/home/kush/UR5_Project_New/install/moveit_ros_robot_interaction/lib:/home/kush/UR5_Project_New/install/moveit_kinematics/lib:/home/kush/UR5_Project_New/install/moveit_ros_planning/lib:/home/kush/UR5_Project_New/install/moveit_ros_occupancy_map_monitor/lib:/home/kush/UR5_Project_New/install/moveit_core/lib:/home/kush/UR5_Project_New/install/srdfdom/lib:${LD_LIBRARY_PATH} PATH=/home/kush/UR5_Project_New/install/moveit_core/bin:${PATH} PYTHONPATH=/home/kush/UR5_Project_New/install/moveit_configs_utils/lib/python3.10/site-packages:/home/kush/UR5_Project_New/install/srdfdom/local/lib/python3.10/dist-packages:/home/kush/UR5_Project_New/install/launch_param_builder/lib/python3.10/site-packages:${PYTHONPATH} /usr/bin/cmake --build /home/kush/UR5_Project_New/build/moveit_setup_app_plugins -- -j4 -l4
[23.380s] [  4%] [34m[1mAutomatic MOC for target moveit_setup_app_plugins[0m
[23.524s] [  4%] Built target moveit_setup_app_plugins_autogen
[23.608s] [  8%] [34m[1mAutomatic MOC for target gtest[0m
[23.709s] [  8%] Built target gtest_autogen
[23.744s] [ 12%] [34m[1mGenerating include/moveit_setup_app_plugins/moc_perception_widget.cpp[0m
[23.777s] [ 16%] [34m[1mGenerating include/moveit_setup_app_plugins/moc_launches_widget.cpp[0m
[23.847s] [ 20%] [32mBuilding CXX object CMakeFiles/moveit_setup_app_plugins.dir/moveit_setup_app_plugins_autogen/mocs_compilation.cpp.o[0m
[23.899s] [ 24%] [32mBuilding CXX object CMakeFiles/moveit_setup_app_plugins.dir/src/launches.cpp.o[0m
[35.597s] [ 28%] [32mBuilding CXX object CMakeFiles/moveit_setup_app_plugins.dir/src/launches_widget.cpp.o[0m
[72.265s] [ 32%] [32mBuilding CXX object CMakeFiles/moveit_setup_app_plugins.dir/src/launches_config.cpp.o[0m
[82.587s] [ 36%] [32mBuilding CXX object CMakeFiles/moveit_setup_app_plugins.dir/src/perception_config.cpp.o[0m
[98.870s] [ 40%] [32mBuilding CXX object CMakeFiles/moveit_setup_app_plugins.dir/src/perception.cpp.o[0m
[107.968s] [ 44%] [32mBuilding CXX object CMakeFiles/moveit_setup_app_plugins.dir/src/perception_widget.cpp.o[0m
[142.369s] [ 48%] [32mBuilding CXX object CMakeFiles/moveit_setup_app_plugins.dir/include/moveit_setup_app_plugins/moc_launches_widget.cpp.o[0m
[175.014s] [ 52%] [32mBuilding CXX object CMakeFiles/moveit_setup_app_plugins.dir/include/moveit_setup_app_plugins/moc_perception_widget.cpp.o[0m
[206.137s] [ 56%] [32m[1mLinking CXX shared library libmoveit_setup_app_plugins.so[0m
[207.719s] [ 56%] Built target moveit_setup_app_plugins
[207.773s] [ 60%] [32mBuilding CXX object gtest/CMakeFiles/gtest.dir/gtest_autogen/mocs_compilation.cpp.o[0m
[207.823s] [ 64%] [32mBuilding CXX object gtest/CMakeFiles/gtest.dir/src/gtest-all.cc.o[0m
[229.318s] [ 68%] [32m[1mLinking CXX static library libgtest.a[0m
[229.501s] [ 68%] Built target gtest
[229.554s] [ 72%] [34m[1mAutomatic MOC for target gtest_main[0m
[229.637s] [ 72%] Built target gtest_main_autogen
[229.689s] [ 76%] [32mBuilding CXX object gtest/CMakeFiles/gtest_main.dir/gtest_main_autogen/mocs_compilation.cpp.o[0m
[229.736s] [ 80%] [32mBuilding CXX object gtest/CMakeFiles/gtest_main.dir/src/gtest_main.cc.o[0m
[232.617s] [ 84%] [32m[1mLinking CXX static library libgtest_main.a[0m
[232.772s] [ 84%] Built target gtest_main
[232.829s] [ 88%] [34m[1mAutomatic MOC for target test_perception[0m
[232.928s] [ 88%] Built target test_perception_autogen
[232.984s] [ 92%] [32mBuilding CXX object CMakeFiles/test_perception.dir/test_perception_autogen/mocs_compilation.cpp.o[0m
[233.032s] [ 96%] [32mBuilding CXX object CMakeFiles/test_perception.dir/test/test_perception.cpp.o[0m
[258.589s] [100%] [32m[1mLinking CXX executable test_perception[0m
[260.444s] [100%] Built target test_perception
[260.495s] Invoked command in '/home/kush/UR5_Project_New/build/moveit_setup_app_plugins' returned '0': AMENT_PREFIX_PATH=/home/kush/UR5_Project_New/install/moveit_setup_framework:/home/kush/UR5_Project_New/install/moveit_ros_visualization:/home/kush/UR5_Project_New/install/moveit_ros_planning_interface:/home/kush/UR5_Project_New/install/moveit_ros_move_group:/home/kush/UR5_Project_New/install/moveit_ros_warehouse:/home/kush/UR5_Project_New/install/moveit_ros_robot_interaction:/home/kush/UR5_Project_New/install/moveit_kinematics:/home/kush/UR5_Project_New/install/moveit_ros_planning:/home/kush/UR5_Project_New/install/moveit_ros_occupancy_map_monitor:/home/kush/UR5_Project_New/install/moveit_core:/home/kush/UR5_Project_New/install/moveit_configs_utils:/home/kush/UR5_Project_New/install/srdfdom:/home/kush/UR5_Project_New/install/moveit_common:/home/kush/UR5_Project_New/install/launch_param_builder:${AMENT_PREFIX_PATH} CMAKE_PREFIX_PATH=/home/kush/UR5_Project_New/install/moveit_setup_framework:/home/kush/UR5_Project_New/install/moveit_ros_visualization:/home/kush/UR5_Project_New/install/moveit_ros_planning_interface:/home/kush/UR5_Project_New/install/moveit_ros_move_group:/home/kush/UR5_Project_New/install/moveit_ros_warehouse:/home/kush/UR5_Project_New/install/moveit_ros_robot_interaction:/home/kush/UR5_Project_New/install/moveit_kinematics:/home/kush/UR5_Project_New/install/moveit_ros_planning:/home/kush/UR5_Project_New/install/moveit_ros_occupancy_map_monitor:/home/kush/UR5_Project_New/install/moveit_core:/home/kush/UR5_Project_New/install/srdfdom:/home/kush/UR5_Project_New/install/moveit_common:/opt/ros/humble LD_LIBRARY_PATH=/home/kush/UR5_Project_New/install/moveit_setup_framework/lib:/home/kush/UR5_Project_New/install/moveit_ros_visualization/lib:/home/kush/UR5_Project_New/install/moveit_ros_planning_interface/lib:/home/kush/UR5_Project_New/install/moveit_ros_move_group/lib:/home/kush/UR5_Project_New/install/moveit_ros_warehouse/lib:/home/kush/UR5_Project_New/install/moveit_ros_robot_interaction/lib:/home/kush/UR5_Project_New/install/moveit_kinematics/lib:/home/kush/UR5_Project_New/install/moveit_ros_planning/lib:/home/kush/UR5_Project_New/install/moveit_ros_occupancy_map_monitor/lib:/home/kush/UR5_Project_New/install/moveit_core/lib:/home/kush/UR5_Project_New/install/srdfdom/lib:${LD_LIBRARY_PATH} PATH=/home/kush/UR5_Project_New/install/moveit_core/bin:${PATH} PYTHONPATH=/home/kush/UR5_Project_New/install/moveit_configs_utils/lib/python3.10/site-packages:/home/kush/UR5_Project_New/install/srdfdom/local/lib/python3.10/dist-packages:/home/kush/UR5_Project_New/install/launch_param_builder/lib/python3.10/site-packages:${PYTHONPATH} /usr/bin/cmake --build /home/kush/UR5_Project_New/build/moveit_setup_app_plugins -- -j4 -l4
[260.643s] Invoking command in '/home/kush/UR5_Project_New/build/moveit_setup_app_plugins': AMENT_PREFIX_PATH=/home/kush/UR5_Project_New/install/moveit_setup_framework:/home/kush/UR5_Project_New/install/moveit_ros_visualization:/home/kush/UR5_Project_New/install/moveit_ros_planning_interface:/home/kush/UR5_Project_New/install/moveit_ros_move_group:/home/kush/UR5_Project_New/install/moveit_ros_warehouse:/home/kush/UR5_Project_New/install/moveit_ros_robot_interaction:/home/kush/UR5_Project_New/install/moveit_kinematics:/home/kush/UR5_Project_New/install/moveit_ros_planning:/home/kush/UR5_Project_New/install/moveit_ros_occupancy_map_monitor:/home/kush/UR5_Project_New/install/moveit_core:/home/kush/UR5_Project_New/install/moveit_configs_utils:/home/kush/UR5_Project_New/install/srdfdom:/home/kush/UR5_Project_New/install/moveit_common:/home/kush/UR5_Project_New/install/launch_param_builder:${AMENT_PREFIX_PATH} CMAKE_PREFIX_PATH=/home/kush/UR5_Project_New/install/moveit_setup_framework:/home/kush/UR5_Project_New/install/moveit_ros_visualization:/home/kush/UR5_Project_New/install/moveit_ros_planning_interface:/home/kush/UR5_Project_New/install/moveit_ros_move_group:/home/kush/UR5_Project_New/install/moveit_ros_warehouse:/home/kush/UR5_Project_New/install/moveit_ros_robot_interaction:/home/kush/UR5_Project_New/install/moveit_kinematics:/home/kush/UR5_Project_New/install/moveit_ros_planning:/home/kush/UR5_Project_New/install/moveit_ros_occupancy_map_monitor:/home/kush/UR5_Project_New/install/moveit_core:/home/kush/UR5_Project_New/install/srdfdom:/home/kush/UR5_Project_New/install/moveit_common:/opt/ros/humble LD_LIBRARY_PATH=/home/kush/UR5_Project_New/install/moveit_setup_framework/lib:/home/kush/UR5_Project_New/install/moveit_ros_visualization/lib:/home/kush/UR5_Project_New/install/moveit_ros_planning_interface/lib:/home/kush/UR5_Project_New/install/moveit_ros_move_group/lib:/home/kush/UR5_Project_New/install/moveit_ros_warehouse/lib:/home/kush/UR5_Project_New/install/moveit_ros_robot_interaction/lib:/home/kush/UR5_Project_New/install/moveit_kinematics/lib:/home/kush/UR5_Project_New/install/moveit_ros_planning/lib:/home/kush/UR5_Project_New/install/moveit_ros_occupancy_map_monitor/lib:/home/kush/UR5_Project_New/install/moveit_core/lib:/home/kush/UR5_Project_New/install/srdfdom/lib:${LD_LIBRARY_PATH} PATH=/home/kush/UR5_Project_New/install/moveit_core/bin:${PATH} PYTHONPATH=/home/kush/UR5_Project_New/install/moveit_configs_utils/lib/python3.10/site-packages:/home/kush/UR5_Project_New/install/srdfdom/local/lib/python3.10/dist-packages:/home/kush/UR5_Project_New/install/launch_param_builder/lib/python3.10/site-packages:${PYTHONPATH} /usr/bin/cmake --install /home/kush/UR5_Project_New/build/moveit_setup_app_plugins
[260.678s] -- Install configuration: "Release"
[260.680s] -- Installing: /home/kush/UR5_Project_New/install/moveit_setup_app_plugins/share/moveit_setup_app_plugins/templates
[260.680s] -- Installing: /home/kush/UR5_Project_New/install/moveit_setup_app_plugins/share/moveit_setup_app_plugins/templates/launch
[260.680s] -- Installing: /home/kush/UR5_Project_New/install/moveit_setup_app_plugins/share/moveit_setup_app_plugins/templates/launch/generic.launch.py.template
[260.695s] -- Installing: /home/kush/UR5_Project_New/install/moveit_setup_app_plugins/share/moveit_setup_app_plugins/templates/config
[260.697s] -- Installing: /home/kush/UR5_Project_New/install/moveit_setup_app_plugins/share/moveit_setup_app_plugins/templates/config/sensors_3d.yaml
[260.697s] -- Installing: /home/kush/UR5_Project_New/install/moveit_setup_app_plugins/share/moveit_setup_app_plugins/templates/config/moveit.rviz
[260.697s] -- Installing: /home/kush/UR5_Project_New/install/moveit_setup_app_plugins/lib/libmoveit_setup_app_plugins.so
[260.700s] -- Set runtime path of "/home/kush/UR5_Project_New/install/moveit_setup_app_plugins/lib/libmoveit_setup_app_plugins.so" to ""
[260.700s] -- Installing: /home/kush/UR5_Project_New/install/moveit_setup_app_plugins/share/moveit_setup_app_plugins/moveit_setup_framework_plugins.xml
[260.700s] -- Installing: /home/kush/UR5_Project_New/install/moveit_setup_app_plugins/include
[260.700s] -- Installing: /home/kush/UR5_Project_New/install/moveit_setup_app_plugins/include/moveit_setup_app_plugins
[260.701s] -- Installing: /home/kush/UR5_Project_New/install/moveit_setup_app_plugins/include/moveit_setup_app_plugins/launches_config.hpp
[260.701s] -- Installing: /home/kush/UR5_Project_New/install/moveit_setup_app_plugins/include/moveit_setup_app_plugins/perception_config.hpp
[260.701s] -- Installing: /home/kush/UR5_Project_New/install/moveit_setup_app_plugins/include/moveit_setup_app_plugins/perception_widget.hpp
[260.702s] -- Installing: /home/kush/UR5_Project_New/install/moveit_setup_app_plugins/include/moveit_setup_app_plugins/perception.hpp
[260.702s] -- Installing: /home/kush/UR5_Project_New/install/moveit_setup_app_plugins/include/moveit_setup_app_plugins/launches_widget.hpp
[260.702s] -- Installing: /home/kush/UR5_Project_New/install/moveit_setup_app_plugins/include/moveit_setup_app_plugins/launch_bundle.hpp
[260.702s] -- Installing: /home/kush/UR5_Project_New/install/moveit_setup_app_plugins/include/moveit_setup_app_plugins/launches.hpp
[260.703s] -- Installing: /home/kush/UR5_Project_New/install/moveit_setup_app_plugins/share/moveit_setup_app_plugins/environment/library_path.sh
[260.704s] -- Installing: /home/kush/UR5_Project_New/install/moveit_setup_app_plugins/share/moveit_setup_app_plugins/environment/library_path.dsv
[260.704s] -- Up-to-date: /home/kush/UR5_Project_New/install/moveit_setup_app_plugins/share/moveit_setup_app_plugins/moveit_setup_framework_plugins.xml
[260.704s] -- Installing: /home/kush/UR5_Project_New/install/moveit_setup_app_plugins/share/ament_index/resource_index/package_run_dependencies/moveit_setup_app_plugins
[260.704s] -- Installing: /home/kush/UR5_Project_New/install/moveit_setup_app_plugins/share/ament_index/resource_index/parent_prefix_path/moveit_setup_app_plugins
[260.707s] -- Installing: /home/kush/UR5_Project_New/install/moveit_setup_app_plugins/share/moveit_setup_app_plugins/environment/ament_prefix_path.sh
[260.708s] -- Installing: /home/kush/UR5_Project_New/install/moveit_setup_app_plugins/share/moveit_setup_app_plugins/environment/ament_prefix_path.dsv
[260.708s] -- Installing: /home/kush/UR5_Project_New/install/moveit_setup_app_plugins/share/moveit_setup_app_plugins/environment/path.sh
[260.711s] -- Installing: /home/kush/UR5_Project_New/install/moveit_setup_app_plugins/share/moveit_setup_app_plugins/environment/path.dsv
[260.712s] -- Installing: /home/kush/UR5_Project_New/install/moveit_setup_app_plugins/share/moveit_setup_app_plugins/local_setup.bash
[260.712s] -- Installing: /home/kush/UR5_Project_New/install/moveit_setup_app_plugins/share/moveit_setup_app_plugins/local_setup.sh
[260.712s] -- Installing: /home/kush/UR5_Project_New/install/moveit_setup_app_plugins/share/moveit_setup_app_plugins/local_setup.zsh
[260.712s] -- Installing: /home/kush/UR5_Project_New/install/moveit_setup_app_plugins/share/moveit_setup_app_plugins/local_setup.dsv
[260.713s] -- Installing: /home/kush/UR5_Project_New/install/moveit_setup_app_plugins/share/moveit_setup_app_plugins/package.dsv
[260.714s] -- Installing: /home/kush/UR5_Project_New/install/moveit_setup_app_plugins/share/ament_index/resource_index/packages/moveit_setup_app_plugins
[260.715s] -- Installing: /home/kush/UR5_Project_New/install/moveit_setup_app_plugins/share/ament_index/resource_index/moveit_setup_framework__pluginlib__plugin/moveit_setup_app_plugins
[260.715s] -- Installing: /home/kush/UR5_Project_New/install/moveit_setup_app_plugins/share/moveit_setup_app_plugins/cmake/export_moveit_setup_app_pluginsExport.cmake
[260.718s] -- Installing: /home/kush/UR5_Project_New/install/moveit_setup_app_plugins/share/moveit_setup_app_plugins/cmake/export_moveit_setup_app_pluginsExport-release.cmake
[260.722s] -- Installing: /home/kush/UR5_Project_New/install/moveit_setup_app_plugins/share/moveit_setup_app_plugins/cmake/ament_cmake_export_include_directories-extras.cmake
[260.723s] -- Installing: /home/kush/UR5_Project_New/install/moveit_setup_app_plugins/share/moveit_setup_app_plugins/cmake/ament_cmake_export_libraries-extras.cmake
[260.723s] -- Installing: /home/kush/UR5_Project_New/install/moveit_setup_app_plugins/share/moveit_setup_app_plugins/cmake/ament_cmake_export_targets-extras.cmake
[260.723s] -- Installing: /home/kush/UR5_Project_New/install/moveit_setup_app_plugins/share/moveit_setup_app_plugins/cmake/moveit_setup_app_pluginsConfig.cmake
[260.724s] -- Installing: /home/kush/UR5_Project_New/install/moveit_setup_app_plugins/share/moveit_setup_app_plugins/cmake/moveit_setup_app_pluginsConfig-version.cmake
[260.724s] -- Installing: /home/kush/UR5_Project_New/install/moveit_setup_app_plugins/share/moveit_setup_app_plugins/package.xml
[260.735s] Invoked command in '/home/kush/UR5_Project_New/build/moveit_setup_app_plugins' returned '0': AMENT_PREFIX_PATH=/home/kush/UR5_Project_New/install/moveit_setup_framework:/home/kush/UR5_Project_New/install/moveit_ros_visualization:/home/kush/UR5_Project_New/install/moveit_ros_planning_interface:/home/kush/UR5_Project_New/install/moveit_ros_move_group:/home/kush/UR5_Project_New/install/moveit_ros_warehouse:/home/kush/UR5_Project_New/install/moveit_ros_robot_interaction:/home/kush/UR5_Project_New/install/moveit_kinematics:/home/kush/UR5_Project_New/install/moveit_ros_planning:/home/kush/UR5_Project_New/install/moveit_ros_occupancy_map_monitor:/home/kush/UR5_Project_New/install/moveit_core:/home/kush/UR5_Project_New/install/moveit_configs_utils:/home/kush/UR5_Project_New/install/srdfdom:/home/kush/UR5_Project_New/install/moveit_common:/home/kush/UR5_Project_New/install/launch_param_builder:${AMENT_PREFIX_PATH} CMAKE_PREFIX_PATH=/home/kush/UR5_Project_New/install/moveit_setup_framework:/home/kush/UR5_Project_New/install/moveit_ros_visualization:/home/kush/UR5_Project_New/install/moveit_ros_planning_interface:/home/kush/UR5_Project_New/install/moveit_ros_move_group:/home/kush/UR5_Project_New/install/moveit_ros_warehouse:/home/kush/UR5_Project_New/install/moveit_ros_robot_interaction:/home/kush/UR5_Project_New/install/moveit_kinematics:/home/kush/UR5_Project_New/install/moveit_ros_planning:/home/kush/UR5_Project_New/install/moveit_ros_occupancy_map_monitor:/home/kush/UR5_Project_New/install/moveit_core:/home/kush/UR5_Project_New/install/srdfdom:/home/kush/UR5_Project_New/install/moveit_common:/opt/ros/humble LD_LIBRARY_PATH=/home/kush/UR5_Project_New/install/moveit_setup_framework/lib:/home/kush/UR5_Project_New/install/moveit_ros_visualization/lib:/home/kush/UR5_Project_New/install/moveit_ros_planning_interface/lib:/home/kush/UR5_Project_New/install/moveit_ros_move_group/lib:/home/kush/UR5_Project_New/install/moveit_ros_warehouse/lib:/home/kush/UR5_Project_New/install/moveit_ros_robot_interaction/lib:/home/kush/UR5_Project_New/install/moveit_kinematics/lib:/home/kush/UR5_Project_New/install/moveit_ros_planning/lib:/home/kush/UR5_Project_New/install/moveit_ros_occupancy_map_monitor/lib:/home/kush/UR5_Project_New/install/moveit_core/lib:/home/kush/UR5_Project_New/install/srdfdom/lib:${LD_LIBRARY_PATH} PATH=/home/kush/UR5_Project_New/install/moveit_core/bin:${PATH} PYTHONPATH=/home/kush/UR5_Project_New/install/moveit_configs_utils/lib/python3.10/site-packages:/home/kush/UR5_Project_New/install/srdfdom/local/lib/python3.10/dist-packages:/home/kush/UR5_Project_New/install/launch_param_builder/lib/python3.10/site-packages:${PYTHONPATH} /usr/bin/cmake --install /home/kush/UR5_Project_New/build/moveit_setup_app_plugins
