[0.118s] Invoking command in '/home/kush/UR5_Project_New/src/build/moveit_kinematics': AMENT_PREFIX_PATH=/home/kush/UR5_Project_New/src/install/moveit_ros_planning:/home/kush/UR5_Project_New/src/install/moveit_ros_occupancy_map_monitor:/home/kush/UR5_Project_New/src/install/moveit_core:/home/kush/UR5_Project_New/src/install/moveit_resources_panda_moveit_config:/home/kush/UR5_Project_New/src/install/moveit_resources_fanuc_moveit_config:/home/kush/UR5_Project_New/src/install/moveit_configs_utils:/home/kush/UR5_Project_New/src/install/srdfdom:/home/kush/UR5_Project_New/src/install/moveit_resources_panda_description:/home/kush/UR5_Project_New/src/install/moveit_resources_fanuc_description:/home/kush/UR5_Project_New/src/install/moveit_common:/home/kush/UR5_Project_New/src/install/launch_param_builder:${AMENT_PREFIX_PATH} CMAKE_PREFIX_PATH=/home/kush/UR5_Project_New/src/install/moveit_ros_planning:/home/kush/UR5_Project_New/src/install/moveit_ros_occupancy_map_monitor:/home/kush/UR5_Project_New/src/install/moveit_core:/home/kush/UR5_Project_New/src/install/moveit_resources_panda_moveit_config:/home/kush/UR5_Project_New/src/install/moveit_resources_fanuc_moveit_config:/home/kush/UR5_Project_New/src/install/srdfdom:/home/kush/UR5_Project_New/src/install/moveit_resources_panda_description:/home/kush/UR5_Project_New/src/install/moveit_resources_fanuc_description:/home/kush/UR5_Project_New/src/install/moveit_common:/opt/ros/humble LD_LIBRARY_PATH=/home/kush/UR5_Project_New/src/install/moveit_ros_planning/lib:/home/kush/UR5_Project_New/src/install/moveit_ros_occupancy_map_monitor/lib:/home/kush/UR5_Project_New/src/install/moveit_core/lib:/home/kush/UR5_Project_New/src/install/srdfdom/lib:${LD_LIBRARY_PATH} PATH=/home/kush/UR5_Project_New/src/install/moveit_core/bin:${PATH} PYTHONPATH=/home/kush/UR5_Project_New/src/install/moveit_configs_utils/lib/python3.10/site-packages:/home/kush/UR5_Project_New/src/install/srdfdom/local/lib/python3.10/dist-packages:/home/kush/UR5_Project_New/src/install/launch_param_builder/lib/python3.10/site-packages:${PYTHONPATH} /usr/bin/cmake /home/kush/UR5_Project_New/src/moveit2/moveit_kinematics -DCMAKE_INSTALL_PREFIX=/home/kush/UR5_Project_New/src/install/moveit_kinematics
[0.360s] -- The C compiler identification is GNU 11.4.0
[0.659s] -- The CXX compiler identification is GNU 11.4.0
[0.719s] -- Detecting C compiler ABI info
[1.002s] -- Detecting C compiler ABI info - done
[1.096s] -- Check for working C compiler: /usr/bin/cc - skipped
[1.097s] -- Detecting C compile features
[1.099s] -- Detecting C compile features - done
[1.119s] -- Detecting CXX compiler ABI info
[1.533s] -- Detecting CXX compiler ABI info - done
[1.554s] -- Check for working CXX compiler: /usr/bin/c++ - skipped
[1.555s] -- Detecting CXX compile features
[1.556s] -- Detecting CXX compile features - done
[1.560s] -- Found moveit_common: 2.5.4 (/home/kush/UR5_Project_New/src/install/moveit_common/share/moveit_common/cmake)
[1.567s] -- Found ament_cmake: 1.3.5 (/opt/ros/humble/share/ament_cmake/cmake)
[2.209s] -- Found Python3: /usr/bin/python3.10 (found version "3.10.12") found components: Interpreter 
[2.845s] -- Found libdw: /usr/lib/x86_64-linux-gnu/libdw.so  
[2.867s] -- Could NOT find libbfd (missing: LIBBFD_LIBRARY LIBBFD_INCLUDE_DIR) 
[2.867s] -- BACKWARD_HAS_UNWIND=1
[2.868s] -- BACKWARD_HAS_BACKTRACE=0
[2.868s] -- BACKWARD_HAS_BACKTRACE_SYMBOL=0
[2.868s] -- BACKWARD_HAS_DW=1
[2.868s] -- BACKWARD_HAS_BFD=0
[2.869s] -- Found Backward: /opt/ros/humble/share/backward_ros/cmake  
[2.870s] [0mmoveit_kinematics: You did not request a specific build type: Choosing 'Release' for maximum performance[0m
[2.899s] -- Found tf2_kdl: 0.25.3 (/opt/ros/humble/share/tf2_kdl/cmake)
[3.008s] -- Found rosidl_generator_c: 3.1.5 (/opt/ros/humble/share/rosidl_generator_c/cmake)
[3.040s] -- Found rosidl_adapter: 3.1.5 (/opt/ros/humble/share/rosidl_adapter/cmake)
[3.065s] -- Found rosidl_generator_cpp: 3.1.5 (/opt/ros/humble/share/rosidl_generator_cpp/cmake)
[3.110s] -- Using all available rosidl_typesupport_c: rosidl_typesupport_fastrtps_c;rosidl_typesupport_introspection_c
[3.175s] -- Using all available rosidl_typesupport_cpp: rosidl_typesupport_fastrtps_cpp;rosidl_typesupport_introspection_cpp
[3.805s] -- Found eigen3_cmake_module: 0.1.1 (/opt/ros/humble/share/eigen3_cmake_module/cmake)
[3.808s] -- Found Eigen3: TRUE (found version "3.4.0") 
[3.808s] -- Ensuring Eigen3 include directory is part of orocos-kdl CMake target
[4.394s] -- Found rmw_implementation_cmake: 6.1.1 (/opt/ros/humble/share/rmw_implementation_cmake/cmake)
[4.409s] -- Found rmw_fastrtps_cpp: 6.2.3 (/opt/ros/humble/share/rmw_fastrtps_cpp/cmake)
[4.964s] -- Found OpenSSL: /usr/lib/x86_64-linux-gnu/libcrypto.so (found version "3.0.2")  
[5.069s] -- Found FastRTPS: /opt/ros/humble/include  
[5.225s] -- Using RMW implementation 'rmw_fastrtps_cpp' as default
[5.264s] -- Looking for pthread.h
[5.758s] -- Looking for pthread.h - found
[5.758s] -- Performing Test CMAKE_HAVE_LIBC_PTHREAD
[6.381s] -- Performing Test CMAKE_HAVE_LIBC_PTHREAD - Success
[6.384s] -- Found Threads: TRUE  
[8.796s] -- Found kdl_parser: 2.6.4 (/opt/ros/humble/share/kdl_parser/cmake)
[8.825s] -- Found random_numbers: 2.0.1 (/opt/ros/humble/share/random_numbers/cmake)
[8.887s] -- Found pluginlib: 5.1.0 (/opt/ros/humble/share/pluginlib/cmake)
[8.971s] -- Found moveit_core: 2.5.4 (/home/kush/UR5_Project_New/src/install/moveit_core/share/moveit_core/cmake)
[9.058s] -- Found Boost: /usr/lib/x86_64-linux-gnu/cmake/Boost-1.74.0/BoostConfig.cmake (found version "1.74.0") found components: chrono date_time filesystem iostreams program_options regex serialization system thread 
[9.128s] -- Found parameter_traits: 0.3.3 (/opt/ros/humble/share/parameter_traits/cmake)
[9.257s] -- Found rclcpp_lifecycle: 16.0.5 (/opt/ros/humble/share/rclcpp_lifecycle/cmake)
[9.434s] -- Found Boost: /usr/lib/x86_64-linux-gnu/cmake/Boost-1.74.0/BoostConfig.cmake (found version "1.74.0") found components: filesystem 
[9.806s] -- library: /usr/lib/x86_64-linux-gnu/libcurl.so
[13.838s] -- Found moveit_ros_planning: 2.5.4 (/home/kush/UR5_Project_New/src/install/moveit_ros_planning/share/moveit_ros_planning/cmake)
[13.850s] -- Found Boost: /usr/lib/x86_64-linux-gnu/cmake/Boost-1.74.0/BoostConfig.cmake (found version "1.74.0") found components: system filesystem date_time program_options thread chrono 
[15.409s] -- Found Boost: /usr/lib/x86_64-linux-gnu/cmake/Boost-1.74.0/BoostConfig.cmake (found version "1.74.0") found components: program_options system 
[15.592s] -- Found ament_cmake_gtest: 1.3.5 (/opt/ros/humble/share/ament_cmake_gtest/cmake)
[15.600s] -- Found ros_testing: 0.4.0 (/opt/ros/humble/share/ros_testing/cmake)
[15.630s] -- Found launch_testing_ament_cmake: 1.0.4 (/opt/ros/humble/share/launch_testing_ament_cmake/cmake)
[15.636s] -- Found python_cmake_module: 0.10.0 (/opt/ros/humble/share/python_cmake_module/cmake)
[15.749s] -- Found PythonInterp: /usr/bin/python3 (found suitable version "3.10.12", minimum required is "3.6") 
[15.767s] -- Found PythonLibs: /usr/lib/x86_64-linux-gnu/libpython3.10.so (found suitable version "3.10.12", minimum required is "3.5") 
[15.768s] -- Using PYTHON_EXECUTABLE: /usr/bin/python3
[15.768s] -- Using PYTHON_INCLUDE_DIRS: /usr/include/python3.10
[15.768s] -- Using PYTHON_LIBRARIES: /usr/lib/x86_64-linux-gnu/libpython3.10.so
[15.822s] -- Found PythonExtra: .so  
[15.838s] -- Found moveit_resources_fanuc_description: 2.0.6 (/home/kush/UR5_Project_New/src/install/moveit_resources_fanuc_description/share/moveit_resources_fanuc_description/cmake)
[15.855s] -- Found moveit_resources_fanuc_moveit_config: 2.0.6 (/home/kush/UR5_Project_New/src/install/moveit_resources_fanuc_moveit_config/share/moveit_resources_fanuc_moveit_config/cmake)
[15.877s] -- Found moveit_resources_panda_description: 2.0.6 (/home/kush/UR5_Project_New/src/install/moveit_resources_panda_description/share/moveit_resources_panda_description/cmake)
[15.877s] -- Found moveit_resources_panda_moveit_config: 2.0.6 (/home/kush/UR5_Project_New/src/install/moveit_resources_panda_moveit_config/share/moveit_resources_panda_moveit_config/cmake)
[15.883s] -- Found gtest sources under '/opt/ros/humble/src/gtest_vendor': C++ tests using 'Google Test' will be built
[15.922s] -- Found ament_lint_auto: 0.12.7 (/opt/ros/humble/share/ament_lint_auto/cmake)
[15.949s] -- Found launch_testing_ament_cmake: 1.0.4 (/opt/ros/humble/share/launch_testing_ament_cmake/cmake)
[15.950s] -- Found python_cmake_module: 0.10.0 (/opt/ros/humble/share/python_cmake_module/cmake)
[16.012s] -- Using PYTHON_EXECUTABLE: /usr/bin/python3
[16.012s] -- Using PYTHON_INCLUDE_DIRS: /usr/include/python3.10
[16.012s] -- Using PYTHON_LIBRARIES: /usr/lib/x86_64-linux-gnu/libpython3.10.so
[16.158s] -- Added test 'cppcheck' to perform static code analysis on C / C++ code
[16.162s] -- Configured cppcheck include dirs: /home/kush/UR5_Project_New/src/moveit2/moveit_kinematics/kdl_kinematics_plugin/include;/home/kush/UR5_Project_New/src/moveit2/moveit_kinematics/lma_kinematics_plugin/include;/home/kush/UR5_Project_New/src/moveit2/moveit_kinematics/srv_kinematics_plugin/include;/home/kush/UR5_Project_New/src/moveit2/moveit_kinematics/cached_ik_kinematics_plugin/include
[16.162s] -- Configured cppcheck exclude dirs and/or files: 
[16.179s] -- Added test 'lint_cmake' to check CMake code style
[16.194s] -- Configuring done
[16.917s] -- Generating done
[16.935s] -- Build files have been written to: /home/kush/UR5_Project_New/src/build/moveit_kinematics
[17.013s] Invoked command in '/home/kush/UR5_Project_New/src/build/moveit_kinematics' returned '0': AMENT_PREFIX_PATH=/home/kush/UR5_Project_New/src/install/moveit_ros_planning:/home/kush/UR5_Project_New/src/install/moveit_ros_occupancy_map_monitor:/home/kush/UR5_Project_New/src/install/moveit_core:/home/kush/UR5_Project_New/src/install/moveit_resources_panda_moveit_config:/home/kush/UR5_Project_New/src/install/moveit_resources_fanuc_moveit_config:/home/kush/UR5_Project_New/src/install/moveit_configs_utils:/home/kush/UR5_Project_New/src/install/srdfdom:/home/kush/UR5_Project_New/src/install/moveit_resources_panda_description:/home/kush/UR5_Project_New/src/install/moveit_resources_fanuc_description:/home/kush/UR5_Project_New/src/install/moveit_common:/home/kush/UR5_Project_New/src/install/launch_param_builder:${AMENT_PREFIX_PATH} CMAKE_PREFIX_PATH=/home/kush/UR5_Project_New/src/install/moveit_ros_planning:/home/kush/UR5_Project_New/src/install/moveit_ros_occupancy_map_monitor:/home/kush/UR5_Project_New/src/install/moveit_core:/home/kush/UR5_Project_New/src/install/moveit_resources_panda_moveit_config:/home/kush/UR5_Project_New/src/install/moveit_resources_fanuc_moveit_config:/home/kush/UR5_Project_New/src/install/srdfdom:/home/kush/UR5_Project_New/src/install/moveit_resources_panda_description:/home/kush/UR5_Project_New/src/install/moveit_resources_fanuc_description:/home/kush/UR5_Project_New/src/install/moveit_common:/opt/ros/humble LD_LIBRARY_PATH=/home/kush/UR5_Project_New/src/install/moveit_ros_planning/lib:/home/kush/UR5_Project_New/src/install/moveit_ros_occupancy_map_monitor/lib:/home/kush/UR5_Project_New/src/install/moveit_core/lib:/home/kush/UR5_Project_New/src/install/srdfdom/lib:${LD_LIBRARY_PATH} PATH=/home/kush/UR5_Project_New/src/install/moveit_core/bin:${PATH} PYTHONPATH=/home/kush/UR5_Project_New/src/install/moveit_configs_utils/lib/python3.10/site-packages:/home/kush/UR5_Project_New/src/install/srdfdom/local/lib/python3.10/dist-packages:/home/kush/UR5_Project_New/src/install/launch_param_builder/lib/python3.10/site-packages:${PYTHONPATH} /usr/bin/cmake /home/kush/UR5_Project_New/src/moveit2/moveit_kinematics -DCMAKE_INSTALL_PREFIX=/home/kush/UR5_Project_New/src/install/moveit_kinematics
[17.027s] Invoking command in '/home/kush/UR5_Project_New/src/build/moveit_kinematics': AMENT_PREFIX_PATH=/home/kush/UR5_Project_New/src/install/moveit_ros_planning:/home/kush/UR5_Project_New/src/install/moveit_ros_occupancy_map_monitor:/home/kush/UR5_Project_New/src/install/moveit_core:/home/kush/UR5_Project_New/src/install/moveit_resources_panda_moveit_config:/home/kush/UR5_Project_New/src/install/moveit_resources_fanuc_moveit_config:/home/kush/UR5_Project_New/src/install/moveit_configs_utils:/home/kush/UR5_Project_New/src/install/srdfdom:/home/kush/UR5_Project_New/src/install/moveit_resources_panda_description:/home/kush/UR5_Project_New/src/install/moveit_resources_fanuc_description:/home/kush/UR5_Project_New/src/install/moveit_common:/home/kush/UR5_Project_New/src/install/launch_param_builder:${AMENT_PREFIX_PATH} CMAKE_PREFIX_PATH=/home/kush/UR5_Project_New/src/install/moveit_ros_planning:/home/kush/UR5_Project_New/src/install/moveit_ros_occupancy_map_monitor:/home/kush/UR5_Project_New/src/install/moveit_core:/home/kush/UR5_Project_New/src/install/moveit_resources_panda_moveit_config:/home/kush/UR5_Project_New/src/install/moveit_resources_fanuc_moveit_config:/home/kush/UR5_Project_New/src/install/srdfdom:/home/kush/UR5_Project_New/src/install/moveit_resources_panda_description:/home/kush/UR5_Project_New/src/install/moveit_resources_fanuc_description:/home/kush/UR5_Project_New/src/install/moveit_common:/opt/ros/humble LD_LIBRARY_PATH=/home/kush/UR5_Project_New/src/install/moveit_ros_planning/lib:/home/kush/UR5_Project_New/src/install/moveit_ros_occupancy_map_monitor/lib:/home/kush/UR5_Project_New/src/install/moveit_core/lib:/home/kush/UR5_Project_New/src/install/srdfdom/lib:${LD_LIBRARY_PATH} PATH=/home/kush/UR5_Project_New/src/install/moveit_core/bin:${PATH} PYTHONPATH=/home/kush/UR5_Project_New/src/install/moveit_configs_utils/lib/python3.10/site-packages:/home/kush/UR5_Project_New/src/install/srdfdom/local/lib/python3.10/dist-packages:/home/kush/UR5_Project_New/src/install/launch_param_builder/lib/python3.10/site-packages:${PYTHONPATH} /usr/bin/cmake --build /home/kush/UR5_Project_New/src/build/moveit_kinematics -- -j4 -l4
[17.349s] [  5%] [32mBuilding CXX object cached_ik_kinematics_plugin/CMakeFiles/moveit_cached_ik_kinematics_base.dir/src/ik_cache.cpp.o[0m
[53.322s] [ 10%] [32m[1mLinking CXX shared library libmoveit_cached_ik_kinematics_base.so[0m
[54.290s] [ 10%] Built target moveit_cached_ik_kinematics_base
[54.454s] [ 15%] [32mBuilding CXX object lma_kinematics_plugin/CMakeFiles/moveit_lma_kinematics_plugin.dir/src/lma_kinematics_plugin.cpp.o[0m
[82.727s] [ 21%] [32m[1mLinking CXX shared library libmoveit_lma_kinematics_plugin.so[0m
[83.557s] [ 21%] Built target moveit_lma_kinematics_plugin
[83.676s] [ 26%] [32mBuilding CXX object gtest/CMakeFiles/gtest_main.dir/src/gtest_main.cc.o[0m
[87.394s] [ 31%] [32m[1mLinking CXX static library libgtest_main.a[0m
[87.678s] [ 31%] Built target gtest_main
[87.813s] [ 36%] [32mBuilding CXX object gtest/CMakeFiles/gtest.dir/src/gtest-all.cc.o[0m
[113.228s] [ 42%] [32m[1mLinking CXX static library libgtest.a[0m
[113.386s] [ 42%] Built target gtest
[113.464s] [ 47%] [32mBuilding CXX object test/CMakeFiles/benchmark_ik.dir/benchmark_ik.cpp.o[0m
[148.193s] [ 52%] [32m[1mLinking CXX executable benchmark_ik[0m
[149.648s] [ 52%] Built target benchmark_ik
[149.714s] [ 57%] [32mBuilding CXX object kdl_kinematics_plugin/CMakeFiles/moveit_kdl_kinematics_plugin.dir/src/kdl_kinematics_plugin.cpp.o[0m
[183.185s] [ 63%] [32mBuilding CXX object kdl_kinematics_plugin/CMakeFiles/moveit_kdl_kinematics_plugin.dir/src/chainiksolver_vel_mimic_svd.cpp.o[0m
[211.182s] [ 68%] [32m[1mLinking CXX shared library libmoveit_kdl_kinematics_plugin.so[0m
[212.002s] [ 68%] Built target moveit_kdl_kinematics_plugin
[212.162s] [ 73%] [32mBuilding CXX object srv_kinematics_plugin/CMakeFiles/moveit_srv_kinematics_plugin.dir/src/srv_kinematics_plugin.cpp.o[0m
[245.754s] [ 78%] [32m[1mLinking CXX shared library libmoveit_srv_kinematics_plugin.so[0m
[246.461s] [ 78%] Built target moveit_srv_kinematics_plugin
[246.642s] [ 84%] [32mBuilding CXX object test/CMakeFiles/test_kinematics_plugin.dir/test_kinematics_plugin.cpp.o[0m
[316.085s] [ 89%] [32m[1mLinking CXX executable test_kinematics_plugin[0m
[317.689s] [ 89%] Built target test_kinematics_plugin
[317.829s] [ 94%] [32mBuilding CXX object cached_ik_kinematics_plugin/CMakeFiles/moveit_cached_ik_kinematics_plugin.dir/src/cached_ik_kinematics_plugin.cpp.o[0m
[345.598s] [100%] [32m[1mLinking CXX shared library libmoveit_cached_ik_kinematics_plugin.so[0m
[346.242s] [100%] Built target moveit_cached_ik_kinematics_plugin
[346.288s] Invoked command in '/home/kush/UR5_Project_New/src/build/moveit_kinematics' returned '0': AMENT_PREFIX_PATH=/home/kush/UR5_Project_New/src/install/moveit_ros_planning:/home/kush/UR5_Project_New/src/install/moveit_ros_occupancy_map_monitor:/home/kush/UR5_Project_New/src/install/moveit_core:/home/kush/UR5_Project_New/src/install/moveit_resources_panda_moveit_config:/home/kush/UR5_Project_New/src/install/moveit_resources_fanuc_moveit_config:/home/kush/UR5_Project_New/src/install/moveit_configs_utils:/home/kush/UR5_Project_New/src/install/srdfdom:/home/kush/UR5_Project_New/src/install/moveit_resources_panda_description:/home/kush/UR5_Project_New/src/install/moveit_resources_fanuc_description:/home/kush/UR5_Project_New/src/install/moveit_common:/home/kush/UR5_Project_New/src/install/launch_param_builder:${AMENT_PREFIX_PATH} CMAKE_PREFIX_PATH=/home/kush/UR5_Project_New/src/install/moveit_ros_planning:/home/kush/UR5_Project_New/src/install/moveit_ros_occupancy_map_monitor:/home/kush/UR5_Project_New/src/install/moveit_core:/home/kush/UR5_Project_New/src/install/moveit_resources_panda_moveit_config:/home/kush/UR5_Project_New/src/install/moveit_resources_fanuc_moveit_config:/home/kush/UR5_Project_New/src/install/srdfdom:/home/kush/UR5_Project_New/src/install/moveit_resources_panda_description:/home/kush/UR5_Project_New/src/install/moveit_resources_fanuc_description:/home/kush/UR5_Project_New/src/install/moveit_common:/opt/ros/humble LD_LIBRARY_PATH=/home/kush/UR5_Project_New/src/install/moveit_ros_planning/lib:/home/kush/UR5_Project_New/src/install/moveit_ros_occupancy_map_monitor/lib:/home/kush/UR5_Project_New/src/install/moveit_core/lib:/home/kush/UR5_Project_New/src/install/srdfdom/lib:${LD_LIBRARY_PATH} PATH=/home/kush/UR5_Project_New/src/install/moveit_core/bin:${PATH} PYTHONPATH=/home/kush/UR5_Project_New/src/install/moveit_configs_utils/lib/python3.10/site-packages:/home/kush/UR5_Project_New/src/install/srdfdom/local/lib/python3.10/dist-packages:/home/kush/UR5_Project_New/src/install/launch_param_builder/lib/python3.10/site-packages:${PYTHONPATH} /usr/bin/cmake --build /home/kush/UR5_Project_New/src/build/moveit_kinematics -- -j4 -l4
[346.537s] Invoking command in '/home/kush/UR5_Project_New/src/build/moveit_kinematics': AMENT_PREFIX_PATH=/home/kush/UR5_Project_New/src/install/moveit_ros_planning:/home/kush/UR5_Project_New/src/install/moveit_ros_occupancy_map_monitor:/home/kush/UR5_Project_New/src/install/moveit_core:/home/kush/UR5_Project_New/src/install/moveit_resources_panda_moveit_config:/home/kush/UR5_Project_New/src/install/moveit_resources_fanuc_moveit_config:/home/kush/UR5_Project_New/src/install/moveit_configs_utils:/home/kush/UR5_Project_New/src/install/srdfdom:/home/kush/UR5_Project_New/src/install/moveit_resources_panda_description:/home/kush/UR5_Project_New/src/install/moveit_resources_fanuc_description:/home/kush/UR5_Project_New/src/install/moveit_common:/home/kush/UR5_Project_New/src/install/launch_param_builder:${AMENT_PREFIX_PATH} CMAKE_PREFIX_PATH=/home/kush/UR5_Project_New/src/install/moveit_ros_planning:/home/kush/UR5_Project_New/src/install/moveit_ros_occupancy_map_monitor:/home/kush/UR5_Project_New/src/install/moveit_core:/home/kush/UR5_Project_New/src/install/moveit_resources_panda_moveit_config:/home/kush/UR5_Project_New/src/install/moveit_resources_fanuc_moveit_config:/home/kush/UR5_Project_New/src/install/srdfdom:/home/kush/UR5_Project_New/src/install/moveit_resources_panda_description:/home/kush/UR5_Project_New/src/install/moveit_resources_fanuc_description:/home/kush/UR5_Project_New/src/install/moveit_common:/opt/ros/humble LD_LIBRARY_PATH=/home/kush/UR5_Project_New/src/install/moveit_ros_planning/lib:/home/kush/UR5_Project_New/src/install/moveit_ros_occupancy_map_monitor/lib:/home/kush/UR5_Project_New/src/install/moveit_core/lib:/home/kush/UR5_Project_New/src/install/srdfdom/lib:${LD_LIBRARY_PATH} PATH=/home/kush/UR5_Project_New/src/install/moveit_core/bin:${PATH} PYTHONPATH=/home/kush/UR5_Project_New/src/install/moveit_configs_utils/lib/python3.10/site-packages:/home/kush/UR5_Project_New/src/install/srdfdom/local/lib/python3.10/dist-packages:/home/kush/UR5_Project_New/src/install/launch_param_builder/lib/python3.10/site-packages:${PYTHONPATH} /usr/bin/cmake --install /home/kush/UR5_Project_New/src/build/moveit_kinematics
[346.557s] -- Install configuration: "Release"
[346.558s] -- Installing: /home/kush/UR5_Project_New/src/install/moveit_kinematics/share/moveit_kinematics/kdl_kinematics_plugin_description.xml
[346.574s] -- Installing: /home/kush/UR5_Project_New/src/install/moveit_kinematics/share/moveit_kinematics/lma_kinematics_plugin_description.xml
[346.575s] -- Installing: /home/kush/UR5_Project_New/src/install/moveit_kinematics/share/moveit_kinematics/srv_kinematics_plugin_description.xml
[346.576s] -- Installing: /home/kush/UR5_Project_New/src/install/moveit_kinematics/share/moveit_kinematics/cached_ik_kinematics_plugin_description.xml
[346.582s] -- Installing: /home/kush/UR5_Project_New/src/install/moveit_kinematics/include
[346.583s] -- Installing: /home/kush/UR5_Project_New/src/install/moveit_kinematics/include/moveit
[346.583s] -- Installing: /home/kush/UR5_Project_New/src/install/moveit_kinematics/include/moveit/cached_ik_kinematics_plugin
[346.584s] -- Installing: /home/kush/UR5_Project_New/src/install/moveit_kinematics/include/moveit/cached_ik_kinematics_plugin/cached_ik_kinematics_plugin-inl.h
[346.584s] -- Installing: /home/kush/UR5_Project_New/src/install/moveit_kinematics/include/moveit/cached_ik_kinematics_plugin/detail
[346.585s] -- Installing: /home/kush/UR5_Project_New/src/install/moveit_kinematics/include/moveit/cached_ik_kinematics_plugin/detail/GreedyKCenters.h
[346.585s] -- Installing: /home/kush/UR5_Project_New/src/install/moveit_kinematics/include/moveit/cached_ik_kinematics_plugin/detail/NearestNeighbors.h
[346.586s] -- Installing: /home/kush/UR5_Project_New/src/install/moveit_kinematics/include/moveit/cached_ik_kinematics_plugin/detail/NearestNeighborsGNAT.h
[346.586s] -- Installing: /home/kush/UR5_Project_New/src/install/moveit_kinematics/include/moveit/cached_ik_kinematics_plugin/cached_ik_kinematics_plugin.h
[346.587s] -- Installing: /home/kush/UR5_Project_New/src/install/moveit_kinematics/share/moveit_kinematics/launch
[346.587s] -- Installing: /home/kush/UR5_Project_New/src/install/moveit_kinematics/share/moveit_kinematics/launch/measure_ik_call_cost.launch
[346.589s] -- Installing: /home/kush/UR5_Project_New/src/install/moveit_kinematics/lib/moveit_kinematics/auto_create_ikfast_moveit_plugin.sh
[346.589s] -- Installing: /home/kush/UR5_Project_New/src/install/moveit_kinematics/lib/moveit_kinematics/create_ikfast_moveit_plugin.py
[346.590s] -- Installing: /home/kush/UR5_Project_New/src/install/moveit_kinematics/lib/moveit_kinematics/round_collada_numbers.py
[346.591s] -- Installing: /home/kush/UR5_Project_New/src/install/moveit_kinematics/share/moveit_kinematics/ikfast_kinematics_plugin/templates
[346.591s] -- Installing: /home/kush/UR5_Project_New/src/install/moveit_kinematics/share/moveit_kinematics/ikfast_kinematics_plugin/templates/ikfast61_moveit_plugin_template.cpp
[346.592s] -- Installing: /home/kush/UR5_Project_New/src/install/moveit_kinematics/share/moveit_kinematics/ikfast_kinematics_plugin/templates/CMakeLists.txt
[346.593s] -- Installing: /home/kush/UR5_Project_New/src/install/moveit_kinematics/share/moveit_kinematics/ikfast_kinematics_plugin/templates/ikfast.h
[346.594s] -- Up-to-date: /home/kush/UR5_Project_New/src/install/moveit_kinematics/include
[346.594s] -- Up-to-date: /home/kush/UR5_Project_New/src/install/moveit_kinematics/include/moveit
[346.595s] -- Installing: /home/kush/UR5_Project_New/src/install/moveit_kinematics/include/moveit/kdl_kinematics_plugin
[346.595s] -- Installing: /home/kush/UR5_Project_New/src/install/moveit_kinematics/include/moveit/kdl_kinematics_plugin/joint_mimic.hpp
[346.596s] -- Installing: /home/kush/UR5_Project_New/src/install/moveit_kinematics/include/moveit/kdl_kinematics_plugin/kdl_kinematics_plugin.h
[346.596s] -- Installing: /home/kush/UR5_Project_New/src/install/moveit_kinematics/include/moveit/kdl_kinematics_plugin/chainiksolver_vel_mimic_svd.hpp
[346.597s] -- Up-to-date: /home/kush/UR5_Project_New/src/install/moveit_kinematics/include
[346.597s] -- Up-to-date: /home/kush/UR5_Project_New/src/install/moveit_kinematics/include/moveit
[346.598s] -- Installing: /home/kush/UR5_Project_New/src/install/moveit_kinematics/include/moveit/lma_kinematics_plugin
[346.598s] -- Installing: /home/kush/UR5_Project_New/src/install/moveit_kinematics/include/moveit/lma_kinematics_plugin/lma_kinematics_plugin.h
[346.599s] -- Up-to-date: /home/kush/UR5_Project_New/src/install/moveit_kinematics/include
[346.599s] -- Up-to-date: /home/kush/UR5_Project_New/src/install/moveit_kinematics/include/moveit
[346.600s] -- Installing: /home/kush/UR5_Project_New/src/install/moveit_kinematics/include/moveit/srv_kinematics_plugin
[346.600s] -- Installing: /home/kush/UR5_Project_New/src/install/moveit_kinematics/include/moveit/srv_kinematics_plugin/srv_kinematics_plugin.h
[346.602s] -- Installing: /home/kush/UR5_Project_New/src/install/moveit_kinematics/share/moveit_kinematics/config
[346.603s] -- Installing: /home/kush/UR5_Project_New/src/install/moveit_kinematics/share/moveit_kinematics/config/panda-lma-singular-test.yaml
[346.613s] -- Installing: /home/kush/UR5_Project_New/src/install/moveit_kinematics/share/moveit_kinematics/config/panda-lma-test.yaml
[346.614s] -- Installing: /home/kush/UR5_Project_New/src/install/moveit_kinematics/share/moveit_kinematics/config/panda-kdl-test.yaml
[346.615s] -- Installing: /home/kush/UR5_Project_New/src/install/moveit_kinematics/share/moveit_kinematics/config/fanuc-kdl-test.yaml
[346.615s] -- Installing: /home/kush/UR5_Project_New/src/install/moveit_kinematics/share/moveit_kinematics/config/fanuc-kdl-singular-test.yaml
[346.616s] -- Installing: /home/kush/UR5_Project_New/src/install/moveit_kinematics/share/moveit_kinematics/config/fanuc-lma-test.yaml
[346.616s] -- Installing: /home/kush/UR5_Project_New/src/install/moveit_kinematics/share/moveit_kinematics/config/panda-kdl-singular-test.yaml
[346.617s] -- Installing: /home/kush/UR5_Project_New/src/install/moveit_kinematics/share/moveit_kinematics/config/fanuc-lma-singular-test.yaml
[346.618s] -- Up-to-date: /home/kush/UR5_Project_New/src/install/moveit_kinematics/share/moveit_kinematics/launch
[346.618s] -- Installing: /home/kush/UR5_Project_New/src/install/moveit_kinematics/share/moveit_kinematics/launch/fanuc-lma-singular.test.py
[346.619s] -- Installing: /home/kush/UR5_Project_New/src/install/moveit_kinematics/share/moveit_kinematics/launch/panda-lma-singular.test.py
[346.619s] -- Installing: /home/kush/UR5_Project_New/src/install/moveit_kinematics/share/moveit_kinematics/launch/panda-kdl-singular.test.py
[346.620s] -- Installing: /home/kush/UR5_Project_New/src/install/moveit_kinematics/share/moveit_kinematics/launch/panda-lma.test.py
[346.620s] -- Installing: /home/kush/UR5_Project_New/src/install/moveit_kinematics/share/moveit_kinematics/launch/fanuc-kdl-singular.test.py
[346.621s] -- Installing: /home/kush/UR5_Project_New/src/install/moveit_kinematics/share/moveit_kinematics/launch/fanuc-lma.test.py
[346.622s] -- Installing: /home/kush/UR5_Project_New/src/install/moveit_kinematics/share/moveit_kinematics/launch/fanuc-kdl.test.py
[346.622s] -- Installing: /home/kush/UR5_Project_New/src/install/moveit_kinematics/share/moveit_kinematics/launch/panda-kdl.test.py
[346.623s] -- Installing: /home/kush/UR5_Project_New/src/install/moveit_kinematics/lib/moveit_kinematics/benchmark_ik
[346.625s] -- Set runtime path of "/home/kush/UR5_Project_New/src/install/moveit_kinematics/lib/moveit_kinematics/benchmark_ik" to ""
[346.625s] -- Installing: /home/kush/UR5_Project_New/src/install/moveit_kinematics/lib/moveit_kinematics/test_kinematics_plugin
[346.629s] -- Set runtime path of "/home/kush/UR5_Project_New/src/install/moveit_kinematics/lib/moveit_kinematics/test_kinematics_plugin" to ""
[346.630s] -- Installing: /home/kush/UR5_Project_New/src/install/moveit_kinematics/lib/libmoveit_cached_ik_kinematics_base.so.2.5.4
[346.636s] -- Set runtime path of "/home/kush/UR5_Project_New/src/install/moveit_kinematics/lib/libmoveit_cached_ik_kinematics_base.so.2.5.4" to ""
[346.636s] -- Installing: /home/kush/UR5_Project_New/src/install/moveit_kinematics/lib/libmoveit_cached_ik_kinematics_base.so
[346.637s] -- Installing: /home/kush/UR5_Project_New/src/install/moveit_kinematics/lib/libmoveit_cached_ik_kinematics_plugin.so.2.5.4
[346.639s] -- Set runtime path of "/home/kush/UR5_Project_New/src/install/moveit_kinematics/lib/libmoveit_cached_ik_kinematics_plugin.so.2.5.4" to ""
[346.639s] -- Installing: /home/kush/UR5_Project_New/src/install/moveit_kinematics/lib/libmoveit_cached_ik_kinematics_plugin.so
[346.639s] -- Installing: /home/kush/UR5_Project_New/src/install/moveit_kinematics/lib/libmoveit_kdl_kinematics_plugin.so
[346.641s] -- Set runtime path of "/home/kush/UR5_Project_New/src/install/moveit_kinematics/lib/libmoveit_kdl_kinematics_plugin.so" to ""
[346.642s] -- Installing: /home/kush/UR5_Project_New/src/install/moveit_kinematics/lib/libmoveit_lma_kinematics_plugin.so.2.5.4
[346.652s] -- Set runtime path of "/home/kush/UR5_Project_New/src/install/moveit_kinematics/lib/libmoveit_lma_kinematics_plugin.so.2.5.4" to ""
[346.653s] -- Installing: /home/kush/UR5_Project_New/src/install/moveit_kinematics/lib/libmoveit_lma_kinematics_plugin.so
[346.653s] -- Installing: /home/kush/UR5_Project_New/src/install/moveit_kinematics/lib/libmoveit_srv_kinematics_plugin.so.2.5.4
[346.655s] -- Set runtime path of "/home/kush/UR5_Project_New/src/install/moveit_kinematics/lib/libmoveit_srv_kinematics_plugin.so.2.5.4" to ""
[346.655s] -- Installing: /home/kush/UR5_Project_New/src/install/moveit_kinematics/lib/libmoveit_srv_kinematics_plugin.so
[346.656s] -- Installing: /home/kush/UR5_Project_New/src/install/moveit_kinematics/share/moveit_kinematics/environment/library_path.sh
[346.656s] -- Installing: /home/kush/UR5_Project_New/src/install/moveit_kinematics/share/moveit_kinematics/environment/library_path.dsv
[346.657s] -- Installing: /home/kush/UR5_Project_New/src/install/moveit_kinematics/share/ament_index/resource_index/package_run_dependencies/moveit_kinematics
[346.658s] -- Installing: /home/kush/UR5_Project_New/src/install/moveit_kinematics/share/ament_index/resource_index/parent_prefix_path/moveit_kinematics
[346.659s] -- Installing: /home/kush/UR5_Project_New/src/install/moveit_kinematics/share/moveit_kinematics/environment/ament_prefix_path.sh
[346.659s] -- Installing: /home/kush/UR5_Project_New/src/install/moveit_kinematics/share/moveit_kinematics/environment/ament_prefix_path.dsv
[346.660s] -- Installing: /home/kush/UR5_Project_New/src/install/moveit_kinematics/share/moveit_kinematics/environment/path.sh
[346.660s] -- Installing: /home/kush/UR5_Project_New/src/install/moveit_kinematics/share/moveit_kinematics/environment/path.dsv
[346.661s] -- Installing: /home/kush/UR5_Project_New/src/install/moveit_kinematics/share/moveit_kinematics/local_setup.bash
[346.662s] -- Installing: /home/kush/UR5_Project_New/src/install/moveit_kinematics/share/moveit_kinematics/local_setup.sh
[346.662s] -- Installing: /home/kush/UR5_Project_New/src/install/moveit_kinematics/share/moveit_kinematics/local_setup.zsh
[346.663s] -- Installing: /home/kush/UR5_Project_New/src/install/moveit_kinematics/share/moveit_kinematics/local_setup.dsv
[346.663s] -- Installing: /home/kush/UR5_Project_New/src/install/moveit_kinematics/share/moveit_kinematics/package.dsv
[346.664s] -- Installing: /home/kush/UR5_Project_New/src/install/moveit_kinematics/share/ament_index/resource_index/packages/moveit_kinematics
[346.665s] -- Installing: /home/kush/UR5_Project_New/src/install/moveit_kinematics/share/ament_index/resource_index/moveit_core__pluginlib__plugin/moveit_kinematics
[346.665s] -- Installing: /home/kush/UR5_Project_New/src/install/moveit_kinematics/share/moveit_kinematics/cmake/export_moveit_kinematicsExport.cmake
[346.666s] -- Installing: /home/kush/UR5_Project_New/src/install/moveit_kinematics/share/moveit_kinematics/cmake/export_moveit_kinematicsExport-release.cmake
[346.669s] -- Installing: /home/kush/UR5_Project_New/src/install/moveit_kinematics/share/moveit_kinematics/cmake/ConfigExtras.cmake
[346.669s] -- Installing: /home/kush/UR5_Project_New/src/install/moveit_kinematics/share/moveit_kinematics/cmake/ament_cmake_export_targets-extras.cmake
[346.670s] -- Installing: /home/kush/UR5_Project_New/src/install/moveit_kinematics/share/moveit_kinematics/cmake/ament_cmake_export_dependencies-extras.cmake
[346.670s] -- Installing: /home/kush/UR5_Project_New/src/install/moveit_kinematics/share/moveit_kinematics/cmake/moveit_kinematicsConfig.cmake
[346.670s] -- Installing: /home/kush/UR5_Project_New/src/install/moveit_kinematics/share/moveit_kinematics/cmake/moveit_kinematicsConfig-version.cmake
[346.671s] -- Installing: /home/kush/UR5_Project_New/src/install/moveit_kinematics/share/moveit_kinematics/package.xml
[346.685s] Invoked command in '/home/kush/UR5_Project_New/src/build/moveit_kinematics' returned '0': AMENT_PREFIX_PATH=/home/kush/UR5_Project_New/src/install/moveit_ros_planning:/home/kush/UR5_Project_New/src/install/moveit_ros_occupancy_map_monitor:/home/kush/UR5_Project_New/src/install/moveit_core:/home/kush/UR5_Project_New/src/install/moveit_resources_panda_moveit_config:/home/kush/UR5_Project_New/src/install/moveit_resources_fanuc_moveit_config:/home/kush/UR5_Project_New/src/install/moveit_configs_utils:/home/kush/UR5_Project_New/src/install/srdfdom:/home/kush/UR5_Project_New/src/install/moveit_resources_panda_description:/home/kush/UR5_Project_New/src/install/moveit_resources_fanuc_description:/home/kush/UR5_Project_New/src/install/moveit_common:/home/kush/UR5_Project_New/src/install/launch_param_builder:${AMENT_PREFIX_PATH} CMAKE_PREFIX_PATH=/home/kush/UR5_Project_New/src/install/moveit_ros_planning:/home/kush/UR5_Project_New/src/install/moveit_ros_occupancy_map_monitor:/home/kush/UR5_Project_New/src/install/moveit_core:/home/kush/UR5_Project_New/src/install/moveit_resources_panda_moveit_config:/home/kush/UR5_Project_New/src/install/moveit_resources_fanuc_moveit_config:/home/kush/UR5_Project_New/src/install/srdfdom:/home/kush/UR5_Project_New/src/install/moveit_resources_panda_description:/home/kush/UR5_Project_New/src/install/moveit_resources_fanuc_description:/home/kush/UR5_Project_New/src/install/moveit_common:/opt/ros/humble LD_LIBRARY_PATH=/home/kush/UR5_Project_New/src/install/moveit_ros_planning/lib:/home/kush/UR5_Project_New/src/install/moveit_ros_occupancy_map_monitor/lib:/home/kush/UR5_Project_New/src/install/moveit_core/lib:/home/kush/UR5_Project_New/src/install/srdfdom/lib:${LD_LIBRARY_PATH} PATH=/home/kush/UR5_Project_New/src/install/moveit_core/bin:${PATH} PYTHONPATH=/home/kush/UR5_Project_New/src/install/moveit_configs_utils/lib/python3.10/site-packages:/home/kush/UR5_Project_New/src/install/srdfdom/local/lib/python3.10/dist-packages:/home/kush/UR5_Project_New/src/install/launch_param_builder/lib/python3.10/site-packages:${PYTHONPATH} /usr/bin/cmake --install /home/kush/UR5_Project_New/src/build/moveit_kinematics
