[3.003s] Invoking command in '/home/kush/UR5_Project_New/src/moveit2/moveit_configs_utils': AMENT_PREFIX_PATH=/home/kush/UR5_Project_New/install/srdfdom:/home/kush/UR5_Project_New/install/launch_param_builder:${AMENT_PREFIX_PATH} CMAKE_PREFIX_PATH=/home/kush/UR5_Project_New/install/srdfdom:${CMAKE_PREFIX_PATH} LD_LIBRARY_PATH=/home/kush/UR5_Project_New/install/srdfdom/lib:${LD_LIBRARY_PATH} PYTHONPATH=/home/kush/UR5_Project_New/build/moveit_configs_utils/prefix_override:/home/kush/UR5_Project_New/install/moveit_configs_utils/lib/python3.10/site-packages:/home/kush/UR5_Project_New/install/srdfdom/local/lib/python3.10/dist-packages:/home/kush/UR5_Project_New/install/launch_param_builder/lib/python3.10/site-packages:${PYTHONPATH} /usr/bin/python3 setup.py egg_info --egg-base ../../../build/moveit_configs_utils build --build-base /home/kush/UR5_Project_New/build/moveit_configs_utils/build install --record /home/kush/UR5_Project_New/build/moveit_configs_utils/install.log --single-version-externally-managed
[3.841s] running egg_info
[3.846s] creating ../../../build/moveit_configs_utils/moveit_configs_utils.egg-info
[3.847s] writing ../../../build/moveit_configs_utils/moveit_configs_utils.egg-info/PKG-INFO
[3.847s] writing dependency_links to ../../../build/moveit_configs_utils/moveit_configs_utils.egg-info/dependency_links.txt
[3.847s] writing entry points to ../../../build/moveit_configs_utils/moveit_configs_utils.egg-info/entry_points.txt
[3.847s] writing requirements to ../../../build/moveit_configs_utils/moveit_configs_utils.egg-info/requires.txt
[3.847s] writing top-level names to ../../../build/moveit_configs_utils/moveit_configs_utils.egg-info/top_level.txt
[3.847s] writing manifest file '../../../build/moveit_configs_utils/moveit_configs_utils.egg-info/SOURCES.txt'
[3.850s] reading manifest file '../../../build/moveit_configs_utils/moveit_configs_utils.egg-info/SOURCES.txt'
[3.852s] writing manifest file '../../../build/moveit_configs_utils/moveit_configs_utils.egg-info/SOURCES.txt'
[3.852s] running build
[3.853s] running build_py
[3.853s] creating /home/kush/UR5_Project_New/build/moveit_configs_utils/build
[3.853s] creating /home/kush/UR5_Project_New/build/moveit_configs_utils/build/lib
[3.853s] creating /home/kush/UR5_Project_New/build/moveit_configs_utils/build/lib/moveit_configs_utils
[3.854s] copying moveit_configs_utils/__init__.py -> /home/kush/UR5_Project_New/build/moveit_configs_utils/build/lib/moveit_configs_utils
[3.880s] copying moveit_configs_utils/launches.py -> /home/kush/UR5_Project_New/build/moveit_configs_utils/build/lib/moveit_configs_utils
[3.880s] copying moveit_configs_utils/launch_utils.py -> /home/kush/UR5_Project_New/build/moveit_configs_utils/build/lib/moveit_configs_utils
[3.881s] copying moveit_configs_utils/moveit_configs_builder.py -> /home/kush/UR5_Project_New/build/moveit_configs_utils/build/lib/moveit_configs_utils
[3.881s] creating /home/kush/UR5_Project_New/build/moveit_configs_utils/build/lib/moveit_configs_utils/substitutions
[3.882s] copying moveit_configs_utils/substitutions/__init__.py -> /home/kush/UR5_Project_New/build/moveit_configs_utils/build/lib/moveit_configs_utils/substitutions
[3.882s] copying moveit_configs_utils/substitutions/xacro.py -> /home/kush/UR5_Project_New/build/moveit_configs_utils/build/lib/moveit_configs_utils/substitutions
[3.883s] running install
[3.883s] /usr/lib/python3/dist-packages/setuptools/command/install.py:34: SetuptoolsDeprecationWarning: setup.py install is deprecated. Use build and pip and other standards-based tools.
[3.884s]   warnings.warn(
[3.884s] running install_lib
[3.886s] creating /home/kush/UR5_Project_New/install/moveit_configs_utils/lib/python3.10/site-packages/moveit_configs_utils
[3.886s] copying /home/kush/UR5_Project_New/build/moveit_configs_utils/build/lib/moveit_configs_utils/__init__.py -> /home/kush/UR5_Project_New/install/moveit_configs_utils/lib/python3.10/site-packages/moveit_configs_utils
[3.886s] copying /home/kush/UR5_Project_New/build/moveit_configs_utils/build/lib/moveit_configs_utils/launches.py -> /home/kush/UR5_Project_New/install/moveit_configs_utils/lib/python3.10/site-packages/moveit_configs_utils
[3.887s] copying /home/kush/UR5_Project_New/build/moveit_configs_utils/build/lib/moveit_configs_utils/launch_utils.py -> /home/kush/UR5_Project_New/install/moveit_configs_utils/lib/python3.10/site-packages/moveit_configs_utils
[3.887s] copying /home/kush/UR5_Project_New/build/moveit_configs_utils/build/lib/moveit_configs_utils/moveit_configs_builder.py -> /home/kush/UR5_Project_New/install/moveit_configs_utils/lib/python3.10/site-packages/moveit_configs_utils
[3.887s] creating /home/kush/UR5_Project_New/install/moveit_configs_utils/lib/python3.10/site-packages/moveit_configs_utils/substitutions
[3.888s] copying /home/kush/UR5_Project_New/build/moveit_configs_utils/build/lib/moveit_configs_utils/substitutions/__init__.py -> /home/kush/UR5_Project_New/install/moveit_configs_utils/lib/python3.10/site-packages/moveit_configs_utils/substitutions
[3.888s] copying /home/kush/UR5_Project_New/build/moveit_configs_utils/build/lib/moveit_configs_utils/substitutions/xacro.py -> /home/kush/UR5_Project_New/install/moveit_configs_utils/lib/python3.10/site-packages/moveit_configs_utils/substitutions
[3.889s] byte-compiling /home/kush/UR5_Project_New/install/moveit_configs_utils/lib/python3.10/site-packages/moveit_configs_utils/__init__.py to __init__.cpython-310.pyc
[3.899s] byte-compiling /home/kush/UR5_Project_New/install/moveit_configs_utils/lib/python3.10/site-packages/moveit_configs_utils/launches.py to launches.cpython-310.pyc
[3.903s] byte-compiling /home/kush/UR5_Project_New/install/moveit_configs_utils/lib/python3.10/site-packages/moveit_configs_utils/launch_utils.py to launch_utils.cpython-310.pyc
[3.904s] byte-compiling /home/kush/UR5_Project_New/install/moveit_configs_utils/lib/python3.10/site-packages/moveit_configs_utils/moveit_configs_builder.py to moveit_configs_builder.cpython-310.pyc
[3.910s] byte-compiling /home/kush/UR5_Project_New/install/moveit_configs_utils/lib/python3.10/site-packages/moveit_configs_utils/substitutions/__init__.py to __init__.cpython-310.pyc
[3.910s] byte-compiling /home/kush/UR5_Project_New/install/moveit_configs_utils/lib/python3.10/site-packages/moveit_configs_utils/substitutions/xacro.py to xacro.cpython-310.pyc
[3.912s] running install_data
[3.913s] creating /home/kush/UR5_Project_New/install/moveit_configs_utils/share/ament_index
[3.914s] creating /home/kush/UR5_Project_New/install/moveit_configs_utils/share/ament_index/resource_index
[3.915s] creating /home/kush/UR5_Project_New/install/moveit_configs_utils/share/ament_index/resource_index/packages
[3.923s] copying resource/moveit_configs_utils -> /home/kush/UR5_Project_New/install/moveit_configs_utils/share/ament_index/resource_index/packages
[3.924s] copying package.xml -> /home/kush/UR5_Project_New/install/moveit_configs_utils/share/moveit_configs_utils
[3.924s] creating /home/kush/UR5_Project_New/install/moveit_configs_utils/share/moveit_configs_utils/default_configs
[3.929s] copying default_configs/pilz_industrial_motion_planner_planning.yaml -> /home/kush/UR5_Project_New/install/moveit_configs_utils/share/moveit_configs_utils/default_configs
[3.929s] copying default_configs/ompl_defaults.yaml -> /home/kush/UR5_Project_New/install/moveit_configs_utils/share/moveit_configs_utils/default_configs
[3.932s] copying default_configs/ompl_planning.yaml -> /home/kush/UR5_Project_New/install/moveit_configs_utils/share/moveit_configs_utils/default_configs
[3.932s] copying default_configs/chomp_planning.yaml -> /home/kush/UR5_Project_New/install/moveit_configs_utils/share/moveit_configs_utils/default_configs
[3.932s] running install_egg_info
[3.943s] Copying ../../../build/moveit_configs_utils/moveit_configs_utils.egg-info to /home/kush/UR5_Project_New/install/moveit_configs_utils/lib/python3.10/site-packages/moveit_configs_utils-2.5.3-py3.10.egg-info
[3.947s] running install_scripts
[4.046s] writing list of installed files to '/home/kush/UR5_Project_New/build/moveit_configs_utils/install.log'
[4.184s] Invoked command in '/home/kush/UR5_Project_New/src/moveit2/moveit_configs_utils' returned '0': AMENT_PREFIX_PATH=/home/kush/UR5_Project_New/install/srdfdom:/home/kush/UR5_Project_New/install/launch_param_builder:${AMENT_PREFIX_PATH} CMAKE_PREFIX_PATH=/home/kush/UR5_Project_New/install/srdfdom:${CMAKE_PREFIX_PATH} LD_LIBRARY_PATH=/home/kush/UR5_Project_New/install/srdfdom/lib:${LD_LIBRARY_PATH} PYTHONPATH=/home/kush/UR5_Project_New/build/moveit_configs_utils/prefix_override:/home/kush/UR5_Project_New/install/moveit_configs_utils/lib/python3.10/site-packages:/home/kush/UR5_Project_New/install/srdfdom/local/lib/python3.10/dist-packages:/home/kush/UR5_Project_New/install/launch_param_builder/lib/python3.10/site-packages:${PYTHONPATH} /usr/bin/python3 setup.py egg_info --egg-base ../../../build/moveit_configs_utils build --build-base /home/kush/UR5_Project_New/build/moveit_configs_utils/build install --record /home/kush/UR5_Project_New/build/moveit_configs_utils/install.log --single-version-externally-managed
