[1.824s] Invoking command in '/home/kush/UR5_Project_New/src/moveit2/moveit_configs_utils': AMENT_PREFIX_PATH=/home/kush/UR5_Project_New/install/srdfdom:/home/kush/UR5_Project_New/install/launch_param_builder:${AMENT_PREFIX_PATH} CMAKE_PREFIX_PATH=/home/kush/UR5_Project_New/install/srdfdom LD_LIBRARY_PATH=/home/kush/UR5_Project_New/install/srdfdom/lib:${LD_LIBRARY_PATH} PYTHONPATH=/home/kush/UR5_Project_New/build/moveit_configs_utils/prefix_override:/home/kush/UR5_Project_New/install/moveit_configs_utils/lib/python3.10/site-packages:/home/kush/UR5_Project_New/install/srdfdom/local/lib/python3.10/dist-packages:/home/kush/UR5_Project_New/install/launch_param_builder/lib/python3.10/site-packages:${PYTHONPATH} /usr/bin/python3 setup.py egg_info --egg-base ../../../build/moveit_configs_utils build --build-base /home/kush/UR5_Project_New/build/moveit_configs_utils/build install --record /home/kush/UR5_Project_New/build/moveit_configs_utils/install.log --single-version-externally-managed
[2.466s] running egg_info
[2.469s] writing ../../../build/moveit_configs_utils/moveit_configs_utils.egg-info/PKG-INFO
[2.469s] writing dependency_links to ../../../build/moveit_configs_utils/moveit_configs_utils.egg-info/dependency_links.txt
[2.469s] writing entry points to ../../../build/moveit_configs_utils/moveit_configs_utils.egg-info/entry_points.txt
[2.469s] writing requirements to ../../../build/moveit_configs_utils/moveit_configs_utils.egg-info/requires.txt
[2.469s] writing top-level names to ../../../build/moveit_configs_utils/moveit_configs_utils.egg-info/top_level.txt
[2.474s] reading manifest file '../../../build/moveit_configs_utils/moveit_configs_utils.egg-info/SOURCES.txt'
[2.490s] writing manifest file '../../../build/moveit_configs_utils/moveit_configs_utils.egg-info/SOURCES.txt'
[2.490s] running build
[2.491s] running build_py
[2.492s] running install
[2.492s] /usr/lib/python3/dist-packages/setuptools/command/install.py:34: SetuptoolsDeprecationWarning: setup.py install is deprecated. Use build and pip and other standards-based tools.
[2.492s]   warnings.warn(
[2.493s] running install_lib
[2.496s] running install_data
[2.497s] running install_egg_info
[2.502s] removing '/home/kush/UR5_Project_New/install/moveit_configs_utils/lib/python3.10/site-packages/moveit_configs_utils-2.5.3-py3.10.egg-info' (and everything under it)
[2.502s] Copying ../../../build/moveit_configs_utils/moveit_configs_utils.egg-info to /home/kush/UR5_Project_New/install/moveit_configs_utils/lib/python3.10/site-packages/moveit_configs_utils-2.5.3-py3.10.egg-info
[2.556s] running install_scripts
[2.604s] writing list of installed files to '/home/kush/UR5_Project_New/build/moveit_configs_utils/install.log'
[2.670s] Invoked command in '/home/kush/UR5_Project_New/src/moveit2/moveit_configs_utils' returned '0': AMENT_PREFIX_PATH=/home/kush/UR5_Project_New/install/srdfdom:/home/kush/UR5_Project_New/install/launch_param_builder:${AMENT_PREFIX_PATH} CMAKE_PREFIX_PATH=/home/kush/UR5_Project_New/install/srdfdom LD_LIBRARY_PATH=/home/kush/UR5_Project_New/install/srdfdom/lib:${LD_LIBRARY_PATH} PYTHONPATH=/home/kush/UR5_Project_New/build/moveit_configs_utils/prefix_override:/home/kush/UR5_Project_New/install/moveit_configs_utils/lib/python3.10/site-packages:/home/kush/UR5_Project_New/install/srdfdom/local/lib/python3.10/dist-packages:/home/kush/UR5_Project_New/install/launch_param_builder/lib/python3.10/site-packages:${PYTHONPATH} /usr/bin/python3 setup.py egg_info --egg-base ../../../build/moveit_configs_utils build --build-base /home/kush/UR5_Project_New/build/moveit_configs_utils/build install --record /home/kush/UR5_Project_New/build/moveit_configs_utils/install.log --single-version-externally-managed
