[2.276s] Invoking command in '/home/kush/UR5_Project_New/src/moveit2/moveit_configs_utils': AMENT_PREFIX_PATH=/home/kush/UR5_Project_New/src/install/srdfdom:/home/kush/UR5_Project_New/src/install/launch_param_builder:${AMENT_PREFIX_PATH} CMAKE_PREFIX_PATH=/home/kush/UR5_Project_New/src/install/srdfdom LD_LIBRARY_PATH=/home/kush/UR5_Project_New/src/install/srdfdom/lib:${LD_LIBRARY_PATH} PYTHONPATH=/home/kush/UR5_Project_New/src/build/moveit_configs_utils/prefix_override:/home/kush/UR5_Project_New/src/install/moveit_configs_utils/lib/python3.10/site-packages:/home/kush/UR5_Project_New/src/install/srdfdom/local/lib/python3.10/dist-packages:/home/kush/UR5_Project_New/src/install/launch_param_builder/lib/python3.10/site-packages:${PYTHONPATH} /usr/bin/python3 setup.py egg_info --egg-base ../../build/moveit_configs_utils build --build-base /home/kush/UR5_Project_New/src/build/moveit_configs_utils/build install --record /home/kush/UR5_Project_New/src/build/moveit_configs_utils/install.log --single-version-externally-managed
[3.420s] running egg_info
[3.422s] creating ../../build/moveit_configs_utils/moveit_configs_utils.egg-info
[3.423s] writing ../../build/moveit_configs_utils/moveit_configs_utils.egg-info/PKG-INFO
[3.425s] writing dependency_links to ../../build/moveit_configs_utils/moveit_configs_utils.egg-info/dependency_links.txt
[3.425s] writing entry points to ../../build/moveit_configs_utils/moveit_configs_utils.egg-info/entry_points.txt
[3.426s] writing requirements to ../../build/moveit_configs_utils/moveit_configs_utils.egg-info/requires.txt
[3.427s] writing top-level names to ../../build/moveit_configs_utils/moveit_configs_utils.egg-info/top_level.txt
[3.428s] writing manifest file '../../build/moveit_configs_utils/moveit_configs_utils.egg-info/SOURCES.txt'
[3.433s] reading manifest file '../../build/moveit_configs_utils/moveit_configs_utils.egg-info/SOURCES.txt'
[3.438s] writing manifest file '../../build/moveit_configs_utils/moveit_configs_utils.egg-info/SOURCES.txt'
[3.447s] running build
[3.447s] running build_py
[3.448s] creating /home/kush/UR5_Project_New/src/build/moveit_configs_utils/build
[3.448s] creating /home/kush/UR5_Project_New/src/build/moveit_configs_utils/build/lib
[3.448s] creating /home/kush/UR5_Project_New/src/build/moveit_configs_utils/build/lib/moveit_configs_utils
[3.449s] copying moveit_configs_utils/__init__.py -> /home/kush/UR5_Project_New/src/build/moveit_configs_utils/build/lib/moveit_configs_utils
[3.476s] copying moveit_configs_utils/launches.py -> /home/kush/UR5_Project_New/src/build/moveit_configs_utils/build/lib/moveit_configs_utils
[3.478s] copying moveit_configs_utils/launch_utils.py -> /home/kush/UR5_Project_New/src/build/moveit_configs_utils/build/lib/moveit_configs_utils
[3.479s] copying moveit_configs_utils/moveit_configs_builder.py -> /home/kush/UR5_Project_New/src/build/moveit_configs_utils/build/lib/moveit_configs_utils
[3.481s] creating /home/kush/UR5_Project_New/src/build/moveit_configs_utils/build/lib/moveit_configs_utils/substitutions
[3.481s] copying moveit_configs_utils/substitutions/__init__.py -> /home/kush/UR5_Project_New/src/build/moveit_configs_utils/build/lib/moveit_configs_utils/substitutions
[3.482s] copying moveit_configs_utils/substitutions/xacro.py -> /home/kush/UR5_Project_New/src/build/moveit_configs_utils/build/lib/moveit_configs_utils/substitutions
[3.483s] running install
[3.484s] /usr/lib/python3/dist-packages/setuptools/command/install.py:34: SetuptoolsDeprecationWarning: setup.py install is deprecated. Use build and pip and other standards-based tools.
[3.484s]   warnings.warn(
[3.484s] running install_lib
[3.487s] creating /home/kush/UR5_Project_New/src/install/moveit_configs_utils/lib/python3.10/site-packages/moveit_configs_utils
[3.488s] copying /home/kush/UR5_Project_New/src/build/moveit_configs_utils/build/lib/moveit_configs_utils/__init__.py -> /home/kush/UR5_Project_New/src/install/moveit_configs_utils/lib/python3.10/site-packages/moveit_configs_utils
[3.488s] copying /home/kush/UR5_Project_New/src/build/moveit_configs_utils/build/lib/moveit_configs_utils/launches.py -> /home/kush/UR5_Project_New/src/install/moveit_configs_utils/lib/python3.10/site-packages/moveit_configs_utils
[3.489s] copying /home/kush/UR5_Project_New/src/build/moveit_configs_utils/build/lib/moveit_configs_utils/launch_utils.py -> /home/kush/UR5_Project_New/src/install/moveit_configs_utils/lib/python3.10/site-packages/moveit_configs_utils
[3.489s] copying /home/kush/UR5_Project_New/src/build/moveit_configs_utils/build/lib/moveit_configs_utils/moveit_configs_builder.py -> /home/kush/UR5_Project_New/src/install/moveit_configs_utils/lib/python3.10/site-packages/moveit_configs_utils
[3.489s] creating /home/kush/UR5_Project_New/src/install/moveit_configs_utils/lib/python3.10/site-packages/moveit_configs_utils/substitutions
[3.489s] copying /home/kush/UR5_Project_New/src/build/moveit_configs_utils/build/lib/moveit_configs_utils/substitutions/__init__.py -> /home/kush/UR5_Project_New/src/install/moveit_configs_utils/lib/python3.10/site-packages/moveit_configs_utils/substitutions
[3.490s] copying /home/kush/UR5_Project_New/src/build/moveit_configs_utils/build/lib/moveit_configs_utils/substitutions/xacro.py -> /home/kush/UR5_Project_New/src/install/moveit_configs_utils/lib/python3.10/site-packages/moveit_configs_utils/substitutions
[3.499s] byte-compiling /home/kush/UR5_Project_New/src/install/moveit_configs_utils/lib/python3.10/site-packages/moveit_configs_utils/__init__.py to __init__.cpython-310.pyc
[3.499s] byte-compiling /home/kush/UR5_Project_New/src/install/moveit_configs_utils/lib/python3.10/site-packages/moveit_configs_utils/launches.py to launches.cpython-310.pyc
[3.503s] byte-compiling /home/kush/UR5_Project_New/src/install/moveit_configs_utils/lib/python3.10/site-packages/moveit_configs_utils/launch_utils.py to launch_utils.cpython-310.pyc
[3.505s] byte-compiling /home/kush/UR5_Project_New/src/install/moveit_configs_utils/lib/python3.10/site-packages/moveit_configs_utils/moveit_configs_builder.py to moveit_configs_builder.cpython-310.pyc
[3.516s] byte-compiling /home/kush/UR5_Project_New/src/install/moveit_configs_utils/lib/python3.10/site-packages/moveit_configs_utils/substitutions/__init__.py to __init__.cpython-310.pyc
[3.517s] byte-compiling /home/kush/UR5_Project_New/src/install/moveit_configs_utils/lib/python3.10/site-packages/moveit_configs_utils/substitutions/xacro.py to xacro.cpython-310.pyc
[3.519s] running install_data
[3.521s] creating /home/kush/UR5_Project_New/src/install/moveit_configs_utils/share/ament_index
[3.521s] creating /home/kush/UR5_Project_New/src/install/moveit_configs_utils/share/ament_index/resource_index
[3.522s] creating /home/kush/UR5_Project_New/src/install/moveit_configs_utils/share/ament_index/resource_index/packages
[3.522s] copying resource/moveit_configs_utils -> /home/kush/UR5_Project_New/src/install/moveit_configs_utils/share/ament_index/resource_index/packages
[3.522s] copying package.xml -> /home/kush/UR5_Project_New/src/install/moveit_configs_utils/share/moveit_configs_utils
[3.522s] creating /home/kush/UR5_Project_New/src/install/moveit_configs_utils/share/moveit_configs_utils/default_configs
[3.522s] copying default_configs/pilz_industrial_motion_planner_planning.yaml -> /home/kush/UR5_Project_New/src/install/moveit_configs_utils/share/moveit_configs_utils/default_configs
[3.530s] copying default_configs/ompl_defaults.yaml -> /home/kush/UR5_Project_New/src/install/moveit_configs_utils/share/moveit_configs_utils/default_configs
[3.532s] copying default_configs/ompl_planning.yaml -> /home/kush/UR5_Project_New/src/install/moveit_configs_utils/share/moveit_configs_utils/default_configs
[3.532s] copying default_configs/chomp_planning.yaml -> /home/kush/UR5_Project_New/src/install/moveit_configs_utils/share/moveit_configs_utils/default_configs
[3.533s] running install_egg_info
[3.547s] Copying ../../build/moveit_configs_utils/moveit_configs_utils.egg-info to /home/kush/UR5_Project_New/src/install/moveit_configs_utils/lib/python3.10/site-packages/moveit_configs_utils-2.5.3-py3.10.egg-info
[3.550s] running install_scripts
[3.686s] writing list of installed files to '/home/kush/UR5_Project_New/src/build/moveit_configs_utils/install.log'
[3.803s] Invoked command in '/home/kush/UR5_Project_New/src/moveit2/moveit_configs_utils' returned '0': AMENT_PREFIX_PATH=/home/kush/UR5_Project_New/src/install/srdfdom:/home/kush/UR5_Project_New/src/install/launch_param_builder:${AMENT_PREFIX_PATH} CMAKE_PREFIX_PATH=/home/kush/UR5_Project_New/src/install/srdfdom LD_LIBRARY_PATH=/home/kush/UR5_Project_New/src/install/srdfdom/lib:${LD_LIBRARY_PATH} PYTHONPATH=/home/kush/UR5_Project_New/src/build/moveit_configs_utils/prefix_override:/home/kush/UR5_Project_New/src/install/moveit_configs_utils/lib/python3.10/site-packages:/home/kush/UR5_Project_New/src/install/srdfdom/local/lib/python3.10/dist-packages:/home/kush/UR5_Project_New/src/install/launch_param_builder/lib/python3.10/site-packages:${PYTHONPATH} /usr/bin/python3 setup.py egg_info --egg-base ../../build/moveit_configs_utils build --build-base /home/kush/UR5_Project_New/src/build/moveit_configs_utils/build install --record /home/kush/UR5_Project_New/src/build/moveit_configs_utils/install.log --single-version-externally-managed
