[0.169s] Invoking command in '/home/kush/UR5_Project_New/build/moveit_ros_control_interface': AMENT_PREFIX_PATH=/home/kush/UR5_Project_New/install/moveit_simple_controller_manager:/home/kush/UR5_Project_New/install/moveit_core:/home/kush/UR5_Project_New/install/srdfdom:/home/kush/UR5_Project_New/install/moveit_common:${AMENT_PREFIX_PATH} CMAKE_PREFIX_PATH=/home/kush/UR5_Project_New/install/moveit_simple_controller_manager:/home/kush/UR5_Project_New/install/moveit_core:/home/kush/UR5_Project_New/install/srdfdom:/home/kush/UR5_Project_New/install/moveit_common:/opt/ros/humble LD_LIBRARY_PATH=/home/kush/UR5_Project_New/install/moveit_simple_controller_manager/lib:/home/kush/UR5_Project_New/install/moveit_core/lib:/home/kush/UR5_Project_New/install/srdfdom/lib:${LD_LIBRARY_PATH} PATH=/home/kush/UR5_Project_New/install/moveit_core/bin:${PATH} PYTHONPATH=/home/kush/UR5_Project_New/install/srdfdom/local/lib/python3.10/dist-packages:${PYTHONPATH} /usr/bin/cmake --build /home/kush/UR5_Project_New/build/moveit_ros_control_interface -- -j4 -l4
[0.463s] [ 25%] Built target moveit_ros_control_interface_gripper_plugin
[0.559s] [ 50%] Built target moveit_ros_control_interface_plugin
[0.577s] [ 75%] Built target moveit_ros_control_interface_trajectory_plugin
[0.603s] [100%] Built target moveit_ros_control_interface_empty_plugin
[0.669s] Invoked command in '/home/kush/UR5_Project_New/build/moveit_ros_control_interface' returned '0': AMENT_PREFIX_PATH=/home/kush/UR5_Project_New/install/moveit_simple_controller_manager:/home/kush/UR5_Project_New/install/moveit_core:/home/kush/UR5_Project_New/install/srdfdom:/home/kush/UR5_Project_New/install/moveit_common:${AMENT_PREFIX_PATH} CMAKE_PREFIX_PATH=/home/kush/UR5_Project_New/install/moveit_simple_controller_manager:/home/kush/UR5_Project_New/install/moveit_core:/home/kush/UR5_Project_New/install/srdfdom:/home/kush/UR5_Project_New/install/moveit_common:/opt/ros/humble LD_LIBRARY_PATH=/home/kush/UR5_Project_New/install/moveit_simple_controller_manager/lib:/home/kush/UR5_Project_New/install/moveit_core/lib:/home/kush/UR5_Project_New/install/srdfdom/lib:${LD_LIBRARY_PATH} PATH=/home/kush/UR5_Project_New/install/moveit_core/bin:${PATH} PYTHONPATH=/home/kush/UR5_Project_New/install/srdfdom/local/lib/python3.10/dist-packages:${PYTHONPATH} /usr/bin/cmake --build /home/kush/UR5_Project_New/build/moveit_ros_control_interface -- -j4 -l4
[0.854s] Invoking command in '/home/kush/UR5_Project_New/build/moveit_ros_control_interface': AMENT_PREFIX_PATH=/home/kush/UR5_Project_New/install/moveit_simple_controller_manager:/home/kush/UR5_Project_New/install/moveit_core:/home/kush/UR5_Project_New/install/srdfdom:/home/kush/UR5_Project_New/install/moveit_common:${AMENT_PREFIX_PATH} CMAKE_PREFIX_PATH=/home/kush/UR5_Project_New/install/moveit_simple_controller_manager:/home/kush/UR5_Project_New/install/moveit_core:/home/kush/UR5_Project_New/install/srdfdom:/home/kush/UR5_Project_New/install/moveit_common:/opt/ros/humble LD_LIBRARY_PATH=/home/kush/UR5_Project_New/install/moveit_simple_controller_manager/lib:/home/kush/UR5_Project_New/install/moveit_core/lib:/home/kush/UR5_Project_New/install/srdfdom/lib:${LD_LIBRARY_PATH} PATH=/home/kush/UR5_Project_New/install/moveit_core/bin:${PATH} PYTHONPATH=/home/kush/UR5_Project_New/install/srdfdom/local/lib/python3.10/dist-packages:${PYTHONPATH} /usr/bin/cmake --install /home/kush/UR5_Project_New/build/moveit_ros_control_interface
[0.880s] -- Install configuration: "Release"
[0.882s] -- Up-to-date: /home/kush/UR5_Project_New/install/moveit_ros_control_interface/lib/libmoveit_ros_control_interface_plugin.so.2.5.4
[0.885s] -- Up-to-date: /home/kush/UR5_Project_New/install/moveit_ros_control_interface/lib/libmoveit_ros_control_interface_plugin.so
[0.887s] -- Up-to-date: /home/kush/UR5_Project_New/install/moveit_ros_control_interface/lib/libmoveit_ros_control_interface_trajectory_plugin.so.2.5.4
[0.890s] -- Up-to-date: /home/kush/UR5_Project_New/install/moveit_ros_control_interface/lib/libmoveit_ros_control_interface_trajectory_plugin.so
[0.892s] -- Up-to-date: /home/kush/UR5_Project_New/install/moveit_ros_control_interface/lib/libmoveit_ros_control_interface_gripper_plugin.so.2.5.4
[0.894s] -- Up-to-date: /home/kush/UR5_Project_New/install/moveit_ros_control_interface/lib/libmoveit_ros_control_interface_gripper_plugin.so
[0.896s] -- Up-to-date: /home/kush/UR5_Project_New/install/moveit_ros_control_interface/lib/libmoveit_ros_control_interface_empty_plugin.so.2.5.4
[0.899s] -- Up-to-date: /home/kush/UR5_Project_New/install/moveit_ros_control_interface/lib/libmoveit_ros_control_interface_empty_plugin.so
[0.901s] -- Up-to-date: /home/kush/UR5_Project_New/install/moveit_ros_control_interface/include
[0.902s] -- Up-to-date: /home/kush/UR5_Project_New/install/moveit_ros_control_interface/include/moveit_ros_control_interface
[0.904s] -- Up-to-date: /home/kush/UR5_Project_New/install/moveit_ros_control_interface/include/moveit_ros_control_interface/ControllerHandle.h
[0.906s] -- Up-to-date: /home/kush/UR5_Project_New/install/moveit_ros_control_interface/share/moveit_ros_control_interface/moveit_core_plugins.xml
[0.907s] -- Up-to-date: /home/kush/UR5_Project_New/install/moveit_ros_control_interface/share/moveit_ros_control_interface/moveit_ros_control_interface_plugins.xml
[0.907s] -- Up-to-date: /home/kush/UR5_Project_New/install/moveit_ros_control_interface/share/moveit_ros_control_interface/environment/library_path.sh
[0.917s] -- Up-to-date: /home/kush/UR5_Project_New/install/moveit_ros_control_interface/share/moveit_ros_control_interface/environment/library_path.dsv
[0.918s] -- Up-to-date: /home/kush/UR5_Project_New/install/moveit_ros_control_interface/share/ament_index/resource_index/package_run_dependencies/moveit_ros_control_interface
[0.918s] -- Up-to-date: /home/kush/UR5_Project_New/install/moveit_ros_control_interface/share/ament_index/resource_index/parent_prefix_path/moveit_ros_control_interface
[0.918s] -- Up-to-date: /home/kush/UR5_Project_New/install/moveit_ros_control_interface/share/moveit_ros_control_interface/environment/ament_prefix_path.sh
[0.918s] -- Up-to-date: /home/kush/UR5_Project_New/install/moveit_ros_control_interface/share/moveit_ros_control_interface/environment/ament_prefix_path.dsv
[0.918s] -- Up-to-date: /home/kush/UR5_Project_New/install/moveit_ros_control_interface/share/moveit_ros_control_interface/environment/path.sh
[0.919s] -- Up-to-date: /home/kush/UR5_Project_New/install/moveit_ros_control_interface/share/moveit_ros_control_interface/environment/path.dsv
[0.919s] -- Up-to-date: /home/kush/UR5_Project_New/install/moveit_ros_control_interface/share/moveit_ros_control_interface/local_setup.bash
[0.919s] -- Up-to-date: /home/kush/UR5_Project_New/install/moveit_ros_control_interface/share/moveit_ros_control_interface/local_setup.sh
[0.919s] -- Up-to-date: /home/kush/UR5_Project_New/install/moveit_ros_control_interface/share/moveit_ros_control_interface/local_setup.zsh
[0.919s] -- Up-to-date: /home/kush/UR5_Project_New/install/moveit_ros_control_interface/share/moveit_ros_control_interface/local_setup.dsv
[0.919s] -- Installing: /home/kush/UR5_Project_New/install/moveit_ros_control_interface/share/moveit_ros_control_interface/package.dsv
[0.920s] -- Up-to-date: /home/kush/UR5_Project_New/install/moveit_ros_control_interface/share/ament_index/resource_index/packages/moveit_ros_control_interface
[0.920s] -- Up-to-date: /home/kush/UR5_Project_New/install/moveit_ros_control_interface/share/ament_index/resource_index/moveit_core__pluginlib__plugin/moveit_ros_control_interface
[0.920s] -- Up-to-date: /home/kush/UR5_Project_New/install/moveit_ros_control_interface/share/ament_index/resource_index/moveit_ros_control_interface__pluginlib__plugin/moveit_ros_control_interface
[0.920s] -- Up-to-date: /home/kush/UR5_Project_New/install/moveit_ros_control_interface/share/moveit_ros_control_interface/cmake/export_moveit_ros_control_interfaceExport.cmake
[0.920s] -- Up-to-date: /home/kush/UR5_Project_New/install/moveit_ros_control_interface/share/moveit_ros_control_interface/cmake/export_moveit_ros_control_interfaceExport-release.cmake
[0.921s] -- Up-to-date: /home/kush/UR5_Project_New/install/moveit_ros_control_interface/share/moveit_ros_control_interface/cmake/ConfigExtras.cmake
[0.921s] -- Up-to-date: /home/kush/UR5_Project_New/install/moveit_ros_control_interface/share/moveit_ros_control_interface/cmake/ament_cmake_export_targets-extras.cmake
[0.921s] -- Up-to-date: /home/kush/UR5_Project_New/install/moveit_ros_control_interface/share/moveit_ros_control_interface/cmake/ament_cmake_export_dependencies-extras.cmake
[0.921s] -- Up-to-date: /home/kush/UR5_Project_New/install/moveit_ros_control_interface/share/moveit_ros_control_interface/cmake/moveit_ros_control_interfaceConfig.cmake
[0.921s] -- Up-to-date: /home/kush/UR5_Project_New/install/moveit_ros_control_interface/share/moveit_ros_control_interface/cmake/moveit_ros_control_interfaceConfig-version.cmake
[0.921s] -- Up-to-date: /home/kush/UR5_Project_New/install/moveit_ros_control_interface/share/moveit_ros_control_interface/package.xml
[0.936s] Invoked command in '/home/kush/UR5_Project_New/build/moveit_ros_control_interface' returned '0': AMENT_PREFIX_PATH=/home/kush/UR5_Project_New/install/moveit_simple_controller_manager:/home/kush/UR5_Project_New/install/moveit_core:/home/kush/UR5_Project_New/install/srdfdom:/home/kush/UR5_Project_New/install/moveit_common:${AMENT_PREFIX_PATH} CMAKE_PREFIX_PATH=/home/kush/UR5_Project_New/install/moveit_simple_controller_manager:/home/kush/UR5_Project_New/install/moveit_core:/home/kush/UR5_Project_New/install/srdfdom:/home/kush/UR5_Project_New/install/moveit_common:/opt/ros/humble LD_LIBRARY_PATH=/home/kush/UR5_Project_New/install/moveit_simple_controller_manager/lib:/home/kush/UR5_Project_New/install/moveit_core/lib:/home/kush/UR5_Project_New/install/srdfdom/lib:${LD_LIBRARY_PATH} PATH=/home/kush/UR5_Project_New/install/moveit_core/bin:${PATH} PYTHONPATH=/home/kush/UR5_Project_New/install/srdfdom/local/lib/python3.10/dist-packages:${PYTHONPATH} /usr/bin/cmake --install /home/kush/UR5_Project_New/build/moveit_ros_control_interface
