[0.187s] Invoking command in '/home/kush/UR5_Project_New/build/moveit_core': AMENT_PREFIX_PATH=/home/kush/UR5_Project_New/install/moveit_resources_panda_moveit_config:/home/kush/UR5_Project_New/install/srdfdom:/home/kush/UR5_Project_New/install/moveit_resources_pr2_description:/home/kush/UR5_Project_New/install/moveit_resources_panda_description:/home/kush/UR5_Project_New/install/moveit_common:${AMENT_PREFIX_PATH} CMAKE_PREFIX_PATH=/home/kush/UR5_Project_New/install/moveit_resources_panda_moveit_config:/home/kush/UR5_Project_New/install/srdfdom:/home/kush/UR5_Project_New/install/moveit_resources_pr2_description:/home/kush/UR5_Project_New/install/moveit_resources_panda_description:/home/kush/UR5_Project_New/install/moveit_common:/home/kush/ws_moveit2_ur5/install/ur_description:/home/kush/ws_moveit2_ur5/install/pilz_industrial_motion_planner_testutils:/home/kush/ws_moveit2_ur5/install/moveit_runtime:/home/kush/ws_moveit2_ur5/install/moveit2_tutorials:/home/kush/ws_moveit2_ur5/install/moveit:/home/kush/ws_moveit2_ur5/install/moveit_planners:/home/kush/ws_moveit2_ur5/install/pilz_industrial_motion_planner:/home/kush/ws_moveit2_ur5/install/moveit_visual_tools:/home/kush/ws_moveit2_ur5/install/moveit_task_constructor_visualization:/home/kush/ws_moveit2_ur5/install/moveit_task_constructor_demo:/home/kush/ws_moveit2_ur5/install/moveit_task_constructor_capabilities:/home/kush/ws_moveit2_ur5/install/moveit_task_constructor_core:/home/kush/ws_moveit2_ur5/install/moveit_ros_control_interface:/home/kush/ws_moveit2_ur5/install/moveit_plugins:/home/kush/ws_moveit2_ur5/install/moveit_simple_controller_manager:/home/kush/ws_moveit2_ur5/install/moveit_setup_assistant:/home/kush/ws_moveit2_ur5/install/moveit_setup_srdf_plugins:/home/kush/ws_moveit2_ur5/install/moveit_setup_core_plugins:/home/kush/ws_moveit2_ur5/install/moveit_setup_controllers:/home/kush/ws_moveit2_ur5/install/moveit_setup_app_plugins:/home/kush/ws_moveit2_ur5/install/moveit_setup_framework:/home/kush/ws_moveit2_ur5/install/moveit_servo:/home/kush/ws_moveit2_ur5/install/moveit_ros:/home/kush/ws_moveit2_ur5/install/moveit_ros_visualization:/home/kush/ws_moveit2_ur5/install/moveit_hybrid_planning:/home/kush/ws_moveit2_ur5/install/moveit_ros_planning_interface:/home/kush/ws_moveit2_ur5/install/moveit_ros_benchmarks:/home/kush/ws_moveit2_ur5/install/moveit_ros_warehouse:/home/kush/ws_moveit2_ur5/install/moveit_ros_robot_interaction:/home/kush/ws_moveit2_ur5/install/moveit_ros_perception:/home/kush/ws_moveit2_ur5/install/moveit_resources_prbt_pg70_support:/home/kush/ws_moveit2_ur5/install/moveit_resources_prbt_moveit_config:/home/kush/ws_moveit2_ur5/install/moveit_ros_move_group:/home/kush/ws_moveit2_ur5/install/moveit_planners_ompl:/home/kush/ws_moveit2_ur5/install/moveit_ros_planning:/home/kush/ws_moveit2_ur5/install/moveit_ros_occupancy_map_monitor:/home/kush/ws_moveit2_ur5/install/moveit_resources_prbt_ikfast_manipulator_plugin:/home/kush/ws_moveit2_ur5/install/moveit_planners_chomp:/home/kush/ws_moveit2_ur5/install/moveit_kinematics:/home/kush/ws_moveit2_ur5/install/moveit_chomp_optimizer_adapter:/home/kush/ws_moveit2_ur5/install/chomp_motion_planner:/home/kush/ws_moveit2_ur5/install/moveit_core:/home/kush/ws_moveit2_ur5/install/srdfdom:/home/kush/ws_moveit2_ur5/install/rviz_marker_tools:/home/kush/ws_moveit2_ur5/install/rosparam_shortcuts:/home/kush/ws_moveit2_ur5/install/moveit_task_constructor_msgs:/home/kush/ws_moveit2_ur5/install/moveit_resources_prbt_support:/home/kush/ws_moveit2_ur5/install/moveit_resources:/home/kush/ws_moveit2_ur5/install/moveit_resources_pr2_description:/home/kush/ws_moveit2_ur5/install/moveit_resources_panda_moveit_config:/home/kush/ws_moveit2_ur5/install/moveit_resources_panda_description:/home/kush/ws_moveit2_ur5/install/moveit_resources_fanuc_moveit_config:/home/kush/ws_moveit2_ur5/install/moveit_resources_fanuc_description:/home/kush/ws_moveit2_ur5/install/moveit_common:/home/kush/ws_moveit2_ur5/install/moveit_configs_utils:/home/kush/ws_moveit2_ur5/install/launch_param_builder:/opt/ros/humble LD_LIBRARY_PATH=/home/kush/UR5_Project_New/install/srdfdom/lib:${LD_LIBRARY_PATH} PYTHONPATH=/home/kush/UR5_Project_New/install/srdfdom/local/lib/python3.10/dist-packages:${PYTHONPATH} /usr/bin/cmake /home/kush/UR5_Project_New/src/moveit2/moveit_core -DCMAKE_BUILD_TYPE=Release -DCMAKE_INSTALL_PREFIX=/home/kush/UR5_Project_New/install/moveit_core
[0.546s] -- The CXX compiler identification is GNU 11.4.0
[0.590s] -- Detecting CXX compiler ABI info
[1.266s] -- Detecting CXX compiler ABI info - done
[1.310s] -- Check for working CXX compiler: /usr/bin/c++ - skipped
[1.311s] -- Detecting CXX compile features
[1.314s] -- Detecting CXX compile features - done
[1.318s] -- Found moveit_common: 2.5.4 (/home/kush/UR5_Project_New/install/moveit_common/share/moveit_common/cmake)
[1.336s] -- Found ament_cmake: 1.3.5 (/opt/ros/humble/share/ament_cmake/cmake)
[2.442s] -- Found Python3: /usr/bin/python3.10 (found version "3.10.12") found components: Interpreter 
[3.349s] -- Found libdw: /usr/lib/x86_64-linux-gnu/libdw.so  
[3.369s] -- Could NOT find libbfd (missing: LIBBFD_LIBRARY LIBBFD_INCLUDE_DIR) 
[3.369s] -- BACKWARD_HAS_UNWIND=1
[3.369s] -- BACKWARD_HAS_BACKTRACE=0
[3.369s] -- BACKWARD_HAS_BACKTRACE_SYMBOL=0
[3.369s] -- BACKWARD_HAS_DW=1
[3.370s] -- BACKWARD_HAS_BFD=0
[3.370s] -- Found Backward: /opt/ros/humble/share/backward_ros/cmake  
[3.388s] -- Found rclcpp: 16.0.5 (/opt/ros/humble/share/rclcpp/cmake)
[3.669s] -- Found rosidl_generator_c: 3.1.5 (/opt/ros/humble/share/rosidl_generator_c/cmake)
[3.709s] -- Found rosidl_adapter: 3.1.5 (/opt/ros/humble/share/rosidl_adapter/cmake)
[3.756s] -- Found rosidl_generator_cpp: 3.1.5 (/opt/ros/humble/share/rosidl_generator_cpp/cmake)
[3.866s] -- Using all available rosidl_typesupport_c: rosidl_typesupport_fastrtps_c;rosidl_typesupport_introspection_c
[3.989s] -- Using all available rosidl_typesupport_cpp: rosidl_typesupport_fastrtps_cpp;rosidl_typesupport_introspection_cpp
[4.304s] -- Found rmw_implementation_cmake: 6.1.1 (/opt/ros/humble/share/rmw_implementation_cmake/cmake)
[4.328s] -- Found rmw_fastrtps_cpp: 6.2.3 (/opt/ros/humble/share/rmw_fastrtps_cpp/cmake)
[4.917s] -- Found OpenSSL: /usr/lib/x86_64-linux-gnu/libcrypto.so (found version "3.0.2")  
[5.131s] -- Found FastRTPS: /opt/ros/humble/include  
[5.343s] -- Using RMW implementation 'rmw_fastrtps_cpp' as default
[5.421s] -- Looking for C++ include pthread.h
[5.831s] -- Looking for C++ include pthread.h - found
[5.834s] -- Performing Test CMAKE_HAVE_LIBC_PTHREAD
[6.442s] -- Performing Test CMAKE_HAVE_LIBC_PTHREAD - Success
[6.445s] -- Found Threads: TRUE  
[7.061s] -- Found eigen3_cmake_module: 0.1.1 (/opt/ros/humble/share/eigen3_cmake_module/cmake)
[7.092s] -- Found Eigen3: TRUE (found version "3.4.0") 
[7.103s] -- Found PkgConfig: /usr/bin/pkg-config (found version "0.29.2") 
[7.105s] -- Checking for module 'fcl>=0.5.0'
[7.253s] --   Found fcl, version 0.7.0
[7.496s] -- Found Bullet: /usr/lib/x86_64-linux-gnu/libBulletDynamics.so (Required is at least version "2.87") 
[7.532s] -- Found angles: 1.15.0 (/opt/ros/humble/share/angles/cmake)
[7.640s] -- Found urdf: 2.6.0 (/opt/ros/humble/share/urdf/cmake)
[7.794s] -- Found tf2_eigen: 0.25.3 (/opt/ros/humble/share/tf2_eigen/cmake)
[9.136s] -- Found tf2_kdl: 0.25.3 (/opt/ros/humble/share/tf2_kdl/cmake)
[9.241s] -- Ensuring Eigen3 include directory is part of orocos-kdl CMake target
[9.292s] -- Found tf2_geometry_msgs: 0.25.3 (/opt/ros/humble/share/tf2_geometry_msgs/cmake)
[9.385s] -- Found eigen_stl_containers: 1.0.0 (/opt/ros/humble/share/eigen_stl_containers/cmake)
[9.410s] -- Found generate_parameter_library: 0.3.3 (/opt/ros/humble/share/generate_parameter_library/cmake)
[9.455s] -- Found parameter_traits: 0.3.3 (/opt/ros/humble/share/parameter_traits/cmake)
[9.623s] -- Found rclcpp_lifecycle: 16.0.5 (/opt/ros/humble/share/rclcpp_lifecycle/cmake)
[9.850s] -- Found geometric_shapes: 2.1.3 (/opt/ros/humble/share/geometric_shapes/cmake)
[9.944s] -- Found Boost: /usr/lib/x86_64-linux-gnu/cmake/Boost-1.74.0/BoostConfig.cmake (found version "1.74.0") found components: filesystem 
[10.789s] -- library: /usr/lib/x86_64-linux-gnu/libcurl.so
[11.960s] -- Found kdl_parser: 2.6.4 (/opt/ros/humble/share/kdl_parser/cmake)
[11.983s] -- Found moveit_msgs: 2.2.1 (/opt/ros/humble/share/moveit_msgs/cmake)
[13.867s] -- Found srdfdom: 2.0.4 (/home/kush/UR5_Project_New/install/srdfdom/share/srdfdom/cmake)
[13.908s] -- Found common_interfaces: 4.2.3 (/opt/ros/humble/share/common_interfaces/cmake)
[14.209s] -- Found Boost: /usr/lib/x86_64-linux-gnu/cmake/Boost-1.74.0/BoostConfig.cmake (found version "1.74.0") found components: chrono date_time filesystem iostreams program_options regex serialization system thread 
[14.213s] --  *** Building MoveIt 2.5.4-Alpha ***
[14.276s] -- Performing Test COMPILER_HAS_HIDDEN_VISIBILITY
[14.691s] -- Performing Test COMPILER_HAS_HIDDEN_VISIBILITY - Success
[14.693s] -- Performing Test COMPILER_HAS_HIDDEN_INLINE_VISIBILITY
[15.050s] -- Performing Test COMPILER_HAS_HIDDEN_INLINE_VISIBILITY - Success
[15.050s] -- Performing Test COMPILER_HAS_DEPRECATED_ATTR
[15.412s] -- Performing Test COMPILER_HAS_DEPRECATED_ATTR - Success
[15.503s] -- Found ament_cmake_gtest: 1.3.5 (/opt/ros/humble/share/ament_cmake_gtest/cmake)
[15.524s] -- Found gtest sources under '/opt/ros/humble/src/gtest_vendor': C++ tests using 'Google Test' will be built
[15.760s] -- The C compiler identification is GNU 11.4.0
[15.808s] -- Detecting C compiler ABI info
[16.395s] -- Detecting C compiler ABI info - done
[16.429s] -- Check for working C compiler: /usr/bin/cc - skipped
[16.430s] -- Detecting C compile features
[16.431s] -- Detecting C compile features - done
[16.535s] -- Found ament_cmake_gmock: 1.3.5 (/opt/ros/humble/share/ament_cmake_gmock/cmake)
[16.563s] -- Found gmock sources under '/opt/ros/humble/src/gmock_vendor': C++ tests using 'Google Mock' will be built
[16.572s] -- Found ament_cmake_gtest: 1.3.5 (/opt/ros/humble/share/ament_cmake_gtest/cmake)
[16.574s] -- Found gtest sources under '/opt/ros/humble/src/gtest_vendor': C++ tests using 'Google Test' will be built
[16.686s] -- Found ament_cmake_gtest: 1.3.5 (/opt/ros/humble/share/ament_cmake_gtest/cmake)
[16.688s] -- Found gtest sources under '/opt/ros/humble/src/gtest_vendor': C++ tests using 'Google Test' will be built
[16.941s] -- Found ament_cmake_gtest: 1.3.5 (/opt/ros/humble/share/ament_cmake_gtest/cmake)
[16.943s] -- Found gtest sources under '/opt/ros/humble/src/gtest_vendor': C++ tests using 'Google Test' will be built
[17.032s] -- Found ament_lint_auto: 0.12.7 (/opt/ros/humble/share/ament_lint_auto/cmake)
[17.034s] -- Found ament_cmake_gtest: 1.3.5 (/opt/ros/humble/share/ament_cmake_gtest/cmake)
[17.036s] -- Found gtest sources under '/opt/ros/humble/src/gtest_vendor': C++ tests using 'Google Test' will be built
[17.183s] -- Found ament_cmake_gtest: 1.3.5 (/opt/ros/humble/share/ament_cmake_gtest/cmake)
[17.185s] -- Found gtest sources under '/opt/ros/humble/src/gtest_vendor': C++ tests using 'Google Test' will be built
[17.305s] -- Found ament_cmake_gtest: 1.3.5 (/opt/ros/humble/share/ament_cmake_gtest/cmake)
[17.307s] -- Found gtest sources under '/opt/ros/humble/src/gtest_vendor': C++ tests using 'Google Test' will be built
[17.384s] -- Found ament_cmake_gtest: 1.3.5 (/opt/ros/humble/share/ament_cmake_gtest/cmake)
[17.387s] -- Found gtest sources under '/opt/ros/humble/src/gtest_vendor': C++ tests using 'Google Test' will be built
[17.442s] -- Found gtest sources under '/opt/ros/humble/src/gtest_vendor': C++ tests using 'Google Test' will be built
[17.524s] -- Found gtest sources under '/opt/ros/humble/src/gtest_vendor': C++ tests using 'Google Test' will be built
[17.613s] -- Found ament_cmake_gtest: 1.3.5 (/opt/ros/humble/share/ament_cmake_gtest/cmake)
[17.615s] -- Found gtest sources under '/opt/ros/humble/src/gtest_vendor': C++ tests using 'Google Test' will be built
[17.794s] -- Found gtest sources under '/opt/ros/humble/src/gtest_vendor': C++ tests using 'Google Test' will be built
[17.909s] -- Found gtest sources under '/opt/ros/humble/src/gtest_vendor': C++ tests using 'Google Test' will be built
[18.007s] -- Found gtest sources under '/opt/ros/humble/src/gtest_vendor': C++ tests using 'Google Test' will be built
[18.030s] -- Found ament_lint_auto: 0.12.7 (/opt/ros/humble/share/ament_lint_auto/cmake)
[18.190s] -- Added test 'cppcheck' to perform static code analysis on C / C++ code
[18.195s] -- Configured cppcheck include dirs: /home/kush/UR5_Project_New/src/moveit2/moveit_core/exceptions/include;/home/kush/UR5_Project_New/src/moveit2/moveit_core/collision_detection/include;/home/kush/UR5_Project_New/src/moveit2/moveit_core/collision_detection_fcl/include;/home/kush/UR5_Project_New/src/moveit2/moveit_core/collision_detection_bullet/include;/home/kush/UR5_Project_New/src/moveit2/moveit_core/constraint_samplers/include;/home/kush/UR5_Project_New/src/moveit2/moveit_core/controller_manager/include;/home/kush/UR5_Project_New/src/moveit2/moveit_core/distance_field/include;/home/kush/UR5_Project_New/src/moveit2/moveit_core/collision_distance_field/include;/home/kush/UR5_Project_New/src/moveit2/moveit_core/dynamics_solver/include;/home/kush/UR5_Project_New/src/moveit2/moveit_core/kinematics_base/include;/home/kush/UR5_Project_New/src/moveit2/moveit_core/kinematics_metrics/include;/home/kush/UR5_Project_New/src/moveit2/moveit_core/robot_model/include;/home/kush/UR5_Project_New/src/moveit2/moveit_core/transforms/include;/home/kush/UR5_Project_New/src/moveit2/moveit_core/robot_state/include;/home/kush/UR5_Project_New/src/moveit2/moveit_core/robot_trajectory/include;/home/kush/UR5_Project_New/src/moveit2/moveit_core/kinematic_constraints/include;/home/kush/UR5_Project_New/src/moveit2/moveit_core/macros/include;/home/kush/UR5_Project_New/src/moveit2/moveit_core/online_signal_smoothing/include;/home/kush/UR5_Project_New/src/moveit2/moveit_core/planning_interface/include;/home/kush/UR5_Project_New/src/moveit2/moveit_core/planning_request_adapter/include;/home/kush/UR5_Project_New/src/moveit2/moveit_core/planning_scene/include;/home/kush/UR5_Project_New/src/moveit2/moveit_core/sensor_manager/include;/home/kush/UR5_Project_New/src/moveit2/moveit_core/trajectory_processing/include;/home/kush/UR5_Project_New/src/moveit2/moveit_core/utils/include
[18.195s] -- Configured cppcheck exclude dirs and/or files: 
[18.212s] -- Added test 'pep257' to check Python code against some of the docstring style conventions in PEP 257
[18.221s] -- Added test 'xmllint' to check XML markup files
[18.235s] -- Configuring done
[20.967s] -- Generating done
[20.989s] -- Build files have been written to: /home/kush/UR5_Project_New/build/moveit_core
[21.087s] Invoked command in '/home/kush/UR5_Project_New/build/moveit_core' returned '0': AMENT_PREFIX_PATH=/home/kush/UR5_Project_New/install/moveit_resources_panda_moveit_config:/home/kush/UR5_Project_New/install/srdfdom:/home/kush/UR5_Project_New/install/moveit_resources_pr2_description:/home/kush/UR5_Project_New/install/moveit_resources_panda_description:/home/kush/UR5_Project_New/install/moveit_common:${AMENT_PREFIX_PATH} CMAKE_PREFIX_PATH=/home/kush/UR5_Project_New/install/moveit_resources_panda_moveit_config:/home/kush/UR5_Project_New/install/srdfdom:/home/kush/UR5_Project_New/install/moveit_resources_pr2_description:/home/kush/UR5_Project_New/install/moveit_resources_panda_description:/home/kush/UR5_Project_New/install/moveit_common:/home/kush/ws_moveit2_ur5/install/ur_description:/home/kush/ws_moveit2_ur5/install/pilz_industrial_motion_planner_testutils:/home/kush/ws_moveit2_ur5/install/moveit_runtime:/home/kush/ws_moveit2_ur5/install/moveit2_tutorials:/home/kush/ws_moveit2_ur5/install/moveit:/home/kush/ws_moveit2_ur5/install/moveit_planners:/home/kush/ws_moveit2_ur5/install/pilz_industrial_motion_planner:/home/kush/ws_moveit2_ur5/install/moveit_visual_tools:/home/kush/ws_moveit2_ur5/install/moveit_task_constructor_visualization:/home/kush/ws_moveit2_ur5/install/moveit_task_constructor_demo:/home/kush/ws_moveit2_ur5/install/moveit_task_constructor_capabilities:/home/kush/ws_moveit2_ur5/install/moveit_task_constructor_core:/home/kush/ws_moveit2_ur5/install/moveit_ros_control_interface:/home/kush/ws_moveit2_ur5/install/moveit_plugins:/home/kush/ws_moveit2_ur5/install/moveit_simple_controller_manager:/home/kush/ws_moveit2_ur5/install/moveit_setup_assistant:/home/kush/ws_moveit2_ur5/install/moveit_setup_srdf_plugins:/home/kush/ws_moveit2_ur5/install/moveit_setup_core_plugins:/home/kush/ws_moveit2_ur5/install/moveit_setup_controllers:/home/kush/ws_moveit2_ur5/install/moveit_setup_app_plugins:/home/kush/ws_moveit2_ur5/install/moveit_setup_framework:/home/kush/ws_moveit2_ur5/install/moveit_servo:/home/kush/ws_moveit2_ur5/install/moveit_ros:/home/kush/ws_moveit2_ur5/install/moveit_ros_visualization:/home/kush/ws_moveit2_ur5/install/moveit_hybrid_planning:/home/kush/ws_moveit2_ur5/install/moveit_ros_planning_interface:/home/kush/ws_moveit2_ur5/install/moveit_ros_benchmarks:/home/kush/ws_moveit2_ur5/install/moveit_ros_warehouse:/home/kush/ws_moveit2_ur5/install/moveit_ros_robot_interaction:/home/kush/ws_moveit2_ur5/install/moveit_ros_perception:/home/kush/ws_moveit2_ur5/install/moveit_resources_prbt_pg70_support:/home/kush/ws_moveit2_ur5/install/moveit_resources_prbt_moveit_config:/home/kush/ws_moveit2_ur5/install/moveit_ros_move_group:/home/kush/ws_moveit2_ur5/install/moveit_planners_ompl:/home/kush/ws_moveit2_ur5/install/moveit_ros_planning:/home/kush/ws_moveit2_ur5/install/moveit_ros_occupancy_map_monitor:/home/kush/ws_moveit2_ur5/install/moveit_resources_prbt_ikfast_manipulator_plugin:/home/kush/ws_moveit2_ur5/install/moveit_planners_chomp:/home/kush/ws_moveit2_ur5/install/moveit_kinematics:/home/kush/ws_moveit2_ur5/install/moveit_chomp_optimizer_adapter:/home/kush/ws_moveit2_ur5/install/chomp_motion_planner:/home/kush/ws_moveit2_ur5/install/moveit_core:/home/kush/ws_moveit2_ur5/install/srdfdom:/home/kush/ws_moveit2_ur5/install/rviz_marker_tools:/home/kush/ws_moveit2_ur5/install/rosparam_shortcuts:/home/kush/ws_moveit2_ur5/install/moveit_task_constructor_msgs:/home/kush/ws_moveit2_ur5/install/moveit_resources_prbt_support:/home/kush/ws_moveit2_ur5/install/moveit_resources:/home/kush/ws_moveit2_ur5/install/moveit_resources_pr2_description:/home/kush/ws_moveit2_ur5/install/moveit_resources_panda_moveit_config:/home/kush/ws_moveit2_ur5/install/moveit_resources_panda_description:/home/kush/ws_moveit2_ur5/install/moveit_resources_fanuc_moveit_config:/home/kush/ws_moveit2_ur5/install/moveit_resources_fanuc_description:/home/kush/ws_moveit2_ur5/install/moveit_common:/home/kush/ws_moveit2_ur5/install/moveit_configs_utils:/home/kush/ws_moveit2_ur5/install/launch_param_builder:/opt/ros/humble LD_LIBRARY_PATH=/home/kush/UR5_Project_New/install/srdfdom/lib:${LD_LIBRARY_PATH} PYTHONPATH=/home/kush/UR5_Project_New/install/srdfdom/local/lib/python3.10/dist-packages:${PYTHONPATH} /usr/bin/cmake /home/kush/UR5_Project_New/src/moveit2/moveit_core -DCMAKE_BUILD_TYPE=Release -DCMAKE_INSTALL_PREFIX=/home/kush/UR5_Project_New/install/moveit_core
[21.089s] Invoking command in '/home/kush/UR5_Project_New/build/moveit_core': AMENT_PREFIX_PATH=/home/kush/UR5_Project_New/install/moveit_resources_panda_moveit_config:/home/kush/UR5_Project_New/install/srdfdom:/home/kush/UR5_Project_New/install/moveit_resources_pr2_description:/home/kush/UR5_Project_New/install/moveit_resources_panda_description:/home/kush/UR5_Project_New/install/moveit_common:${AMENT_PREFIX_PATH} CMAKE_PREFIX_PATH=/home/kush/UR5_Project_New/install/moveit_resources_panda_moveit_config:/home/kush/UR5_Project_New/install/srdfdom:/home/kush/UR5_Project_New/install/moveit_resources_pr2_description:/home/kush/UR5_Project_New/install/moveit_resources_panda_description:/home/kush/UR5_Project_New/install/moveit_common:/home/kush/ws_moveit2_ur5/install/ur_description:/home/kush/ws_moveit2_ur5/install/pilz_industrial_motion_planner_testutils:/home/kush/ws_moveit2_ur5/install/moveit_runtime:/home/kush/ws_moveit2_ur5/install/moveit2_tutorials:/home/kush/ws_moveit2_ur5/install/moveit:/home/kush/ws_moveit2_ur5/install/moveit_planners:/home/kush/ws_moveit2_ur5/install/pilz_industrial_motion_planner:/home/kush/ws_moveit2_ur5/install/moveit_visual_tools:/home/kush/ws_moveit2_ur5/install/moveit_task_constructor_visualization:/home/kush/ws_moveit2_ur5/install/moveit_task_constructor_demo:/home/kush/ws_moveit2_ur5/install/moveit_task_constructor_capabilities:/home/kush/ws_moveit2_ur5/install/moveit_task_constructor_core:/home/kush/ws_moveit2_ur5/install/moveit_ros_control_interface:/home/kush/ws_moveit2_ur5/install/moveit_plugins:/home/kush/ws_moveit2_ur5/install/moveit_simple_controller_manager:/home/kush/ws_moveit2_ur5/install/moveit_setup_assistant:/home/kush/ws_moveit2_ur5/install/moveit_setup_srdf_plugins:/home/kush/ws_moveit2_ur5/install/moveit_setup_core_plugins:/home/kush/ws_moveit2_ur5/install/moveit_setup_controllers:/home/kush/ws_moveit2_ur5/install/moveit_setup_app_plugins:/home/kush/ws_moveit2_ur5/install/moveit_setup_framework:/home/kush/ws_moveit2_ur5/install/moveit_servo:/home/kush/ws_moveit2_ur5/install/moveit_ros:/home/kush/ws_moveit2_ur5/install/moveit_ros_visualization:/home/kush/ws_moveit2_ur5/install/moveit_hybrid_planning:/home/kush/ws_moveit2_ur5/install/moveit_ros_planning_interface:/home/kush/ws_moveit2_ur5/install/moveit_ros_benchmarks:/home/kush/ws_moveit2_ur5/install/moveit_ros_warehouse:/home/kush/ws_moveit2_ur5/install/moveit_ros_robot_interaction:/home/kush/ws_moveit2_ur5/install/moveit_ros_perception:/home/kush/ws_moveit2_ur5/install/moveit_resources_prbt_pg70_support:/home/kush/ws_moveit2_ur5/install/moveit_resources_prbt_moveit_config:/home/kush/ws_moveit2_ur5/install/moveit_ros_move_group:/home/kush/ws_moveit2_ur5/install/moveit_planners_ompl:/home/kush/ws_moveit2_ur5/install/moveit_ros_planning:/home/kush/ws_moveit2_ur5/install/moveit_ros_occupancy_map_monitor:/home/kush/ws_moveit2_ur5/install/moveit_resources_prbt_ikfast_manipulator_plugin:/home/kush/ws_moveit2_ur5/install/moveit_planners_chomp:/home/kush/ws_moveit2_ur5/install/moveit_kinematics:/home/kush/ws_moveit2_ur5/install/moveit_chomp_optimizer_adapter:/home/kush/ws_moveit2_ur5/install/chomp_motion_planner:/home/kush/ws_moveit2_ur5/install/moveit_core:/home/kush/ws_moveit2_ur5/install/srdfdom:/home/kush/ws_moveit2_ur5/install/rviz_marker_tools:/home/kush/ws_moveit2_ur5/install/rosparam_shortcuts:/home/kush/ws_moveit2_ur5/install/moveit_task_constructor_msgs:/home/kush/ws_moveit2_ur5/install/moveit_resources_prbt_support:/home/kush/ws_moveit2_ur5/install/moveit_resources:/home/kush/ws_moveit2_ur5/install/moveit_resources_pr2_description:/home/kush/ws_moveit2_ur5/install/moveit_resources_panda_moveit_config:/home/kush/ws_moveit2_ur5/install/moveit_resources_panda_description:/home/kush/ws_moveit2_ur5/install/moveit_resources_fanuc_moveit_config:/home/kush/ws_moveit2_ur5/install/moveit_resources_fanuc_description:/home/kush/ws_moveit2_ur5/install/moveit_common:/home/kush/ws_moveit2_ur5/install/moveit_configs_utils:/home/kush/ws_moveit2_ur5/install/launch_param_builder:/opt/ros/humble LD_LIBRARY_PATH=/home/kush/UR5_Project_New/install/srdfdom/lib:${LD_LIBRARY_PATH} PYTHONPATH=/home/kush/UR5_Project_New/install/srdfdom/local/lib/python3.10/dist-packages:${PYTHONPATH} /usr/bin/cmake --build /home/kush/UR5_Project_New/build/moveit_core -- -j4 -l4
[21.324s] [  0%] [32mBuilding CXX object transforms/CMakeFiles/moveit_transforms.dir/src/transforms.cpp.o[0m
[39.798s] [  1%] [32m[1mLinking CXX shared library libmoveit_transforms.so[0m
[40.459s] [  1%] Built target moveit_transforms
[40.536s] [  2%] [32mBuilding CXX object distance_field/CMakeFiles/moveit_distance_field.dir/src/distance_field.cpp.o[0m
[59.952s] [  2%] [32mBuilding CXX object distance_field/CMakeFiles/moveit_distance_field.dir/src/find_internal_points.cpp.o[0m
[63.188s] [  3%] [32mBuilding CXX object distance_field/CMakeFiles/moveit_distance_field.dir/src/propagation_distance_field.cpp.o[0m
[78.202s] [  3%] [32m[1mLinking CXX shared library libmoveit_distance_field.so[0m
[78.592s] [  3%] Built target moveit_distance_field
[78.662s] [  4%] [32mBuilding CXX object utils/CMakeFiles/moveit_utils.dir/src/lexical_casts.cpp.o[0m
[79.719s] [  4%] [32mBuilding CXX object utils/CMakeFiles/moveit_utils.dir/src/message_checks.cpp.o[0m
[82.071s] [  5%] [32mBuilding CXX object utils/CMakeFiles/moveit_utils.dir/src/rclcpp_utils.cpp.o[0m
[82.733s] [  5%] [32m[1mLinking CXX shared library libmoveit_utils.so[0m
[84.257s] [  5%] Built target moveit_utils
[84.321s] [  5%] [32mBuilding CXX object gtest/CMakeFiles/gtest.dir/src/gtest-all.cc.o[0m
[96.810s] [  6%] [32m[1mLinking CXX static library libgtest.a[0m
[96.935s] [  6%] Built target gtest
[96.979s] [  7%] [32mBuilding CXX object gtest/CMakeFiles/gtest_main.dir/src/gtest_main.cc.o[0m
[98.666s] [  7%] [32m[1mLinking CXX static library libgtest_main.a[0m
[98.824s] [  7%] Built target gtest_main
[98.875s] [  7%] [32mBuilding CXX object gmock/CMakeFiles/gmock.dir/opt/ros/humble/src/gtest_vendor/src/gtest-all.cc.o[0m
[111.280s] [  8%] [32mBuilding CXX object gmock/CMakeFiles/gmock.dir/src/gmock-all.cc.o[0m
[116.746s] [  9%] [32m[1mLinking CXX static library libgmock.a[0m
[116.875s] [  9%] Built target gmock
[116.919s] [  9%] [32mBuilding CXX object gmock/CMakeFiles/gmock_main.dir/src/gmock_main.cc.o[0m
[119.138s] [ 10%] [32m[1mLinking CXX static library libgmock_main.a[0m
[119.301s] [ 10%] Built target gmock_main
[119.369s] [ 11%] [32mBuilding CXX object distance_field/CMakeFiles/test_voxel_grid.dir/test/test_voxel_grid.cpp.o[0m
[121.401s] [ 11%] [32mBuilding CXX object distance_field/CMakeFiles/test_distance_field.dir/test/test_distance_field.cpp.o[0m
[122.453s] [ 11%] [32mBuilding CXX object kinematics_base/CMakeFiles/moveit_kinematics_base.dir/src/kinematics_base.cpp.o[0m
[123.602s] [ 11%] [32mBuilding CXX object exceptions/CMakeFiles/moveit_exceptions.dir/src/exceptions.cpp.o[0m
[125.898s] [ 12%] [32m[1mLinking CXX shared library libmoveit_exceptions.so[0m
[126.301s] [ 12%] Built target moveit_exceptions
[131.514s] [ 12%] [32m[1mLinking CXX executable test_voxel_grid[0m
[131.914s] [ 12%] Built target test_voxel_grid
[135.702s] [ 13%] [32m[1mLinking CXX shared library libmoveit_kinematics_base.so[0m
[136.120s] [ 13%] Built target moveit_kinematics_base
[143.215s] [ 14%] [32m[1mLinking CXX executable test_distance_field[0m
[143.813s] [ 14%] Built target test_distance_field
[143.857s] [ 14%] [32mBuilding CXX object transforms/CMakeFiles/test_transforms.dir/test/test_transforms.cpp.o[0m
[148.739s] [ 15%] [32m[1mLinking CXX executable test_transforms[0m
[148.985s] [ 15%] Built target test_transforms
[149.032s] [ 16%] [32mBuilding CXX object version/CMakeFiles/moveit_version.dir/version.cpp.o[0m
[149.101s] [ 17%] [32m[1mLinking CXX executable moveit_version[0m
[149.239s] [ 17%] Built target moveit_version
[149.284s] [ 18%] [32mBuilding CXX object robot_model/CMakeFiles/moveit_robot_model.dir/src/aabb.cpp.o[0m
[152.823s] [ 18%] [32mBuilding CXX object robot_model/CMakeFiles/moveit_robot_model.dir/src/fixed_joint_model.cpp.o[0m
[155.116s] [ 19%] [32mBuilding CXX object robot_model/CMakeFiles/moveit_robot_model.dir/src/floating_joint_model.cpp.o[0m
[156.163s] [ 20%] [32mBuilding CXX object robot_model/CMakeFiles/moveit_robot_model.dir/src/joint_model.cpp.o[0m
[162.704s] [ 20%] [32mBuilding CXX object robot_model/CMakeFiles/moveit_robot_model.dir/src/joint_model_group.cpp.o[0m
[162.950s] [ 21%] [32mBuilding CXX object robot_model/CMakeFiles/moveit_robot_model.dir/src/link_model.cpp.o[0m
[171.694s] [ 21%] [32mBuilding CXX object robot_model/CMakeFiles/moveit_robot_model.dir/src/planar_joint_model.cpp.o[0m
[177.395s] [ 22%] [32mBuilding CXX object robot_model/CMakeFiles/moveit_robot_model.dir/src/prismatic_joint_model.cpp.o[0m
[179.480s] [ 23%] [32mBuilding CXX object robot_model/CMakeFiles/moveit_robot_model.dir/src/revolute_joint_model.cpp.o[0m
[181.457s] [ 23%] [32mBuilding CXX object robot_model/CMakeFiles/moveit_robot_model.dir/src/robot_model.cpp.o[0m
[197.505s] [ 24%] [32m[1mLinking CXX shared library libmoveit_robot_model.so[0m
[197.805s] [ 24%] Built target moveit_robot_model
[197.875s] [ 24%] [32mBuilding CXX object robot_state/CMakeFiles/moveit_robot_state.dir/src/attached_body.cpp.o[0m
[197.877s] [ 25%] [34m[1mRunning `/opt/ros/humble/bin/generate_parameter_library_py /home/kush/UR5_Project_New/build/moveit_core/online_signal_smoothing/moveit_butterworth_parameters/include//moveit_butterworth_parameters.hpp /home/kush/UR5_Project_New/src/moveit2/moveit_core/online_signal_smoothing/src/butterworth_parameters.yaml `[0m
[197.881s] [ 25%] [32mBuilding CXX object online_signal_smoothing/CMakeFiles/moveit_smoothing_base.dir/src/smoothing_base_class.cpp.o[0m
[198.450s] [ 25%] Built target moveit_butterworth_parameters
[198.481s] [ 26%] [32mBuilding CXX object robot_state/CMakeFiles/moveit_robot_state.dir/src/conversions.cpp.o[0m
[198.644s] [ 27%] [32mBuilding CXX object utils/CMakeFiles/moveit_test_utils.dir/src/robot_model_test_utils.cpp.o[0m
[207.060s] [ 28%] [32m[1mLinking CXX shared library libmoveit_smoothing_base.so[0m
[207.808s] [ 28%] Built target moveit_smoothing_base
[220.469s] [ 28%] [32m[1mLinking CXX shared library libmoveit_test_utils.so[0m
[220.816s] [ 28%] Built target moveit_test_utils
[220.887s] [ 29%] [32mBuilding CXX object online_signal_smoothing/CMakeFiles/moveit_butterworth_filter.dir/src/butterworth_filter.cpp.o[0m
[222.100s] [ 29%] [32mBuilding CXX object robot_state/CMakeFiles/moveit_robot_state.dir/src/cartesian_interpolator.cpp.o[0m
[222.103s] [ 30%] [32mBuilding CXX object robot_state/CMakeFiles/moveit_robot_state.dir/src/robot_state.cpp.o[0m
[236.070s] [ 30%] [32m[1mLinking CXX shared library libmoveit_butterworth_filter.so[0m
[236.534s] [ 30%] Built target moveit_butterworth_filter
[264.058s] [ 31%] [32m[1mLinking CXX shared library libmoveit_robot_state.so[0m
[264.398s] [ 31%] Built target moveit_robot_state
[264.465s] [ 32%] [32mBuilding CXX object collision_detection/CMakeFiles/moveit_collision_detection.dir/src/allvalid/collision_env_allvalid.cpp.o[0m
[264.469s] [ 33%] [32mBuilding CXX object robot_model/CMakeFiles/test_robot_model.dir/test/test.cpp.o[0m
[264.501s] [ 33%] [32mBuilding CXX object online_signal_smoothing/CMakeFiles/test_butterworth_filter.dir/test/test_butterworth_filter.cpp.o[0m
[265.661s] [ 33%] [32mBuilding CXX object robot_trajectory/CMakeFiles/moveit_robot_trajectory.dir/src/robot_trajectory.cpp.o[0m
[282.667s] [ 33%] [32mBuilding CXX object collision_detection/CMakeFiles/moveit_collision_detection.dir/src/collision_common.cpp.o[0m
[283.594s] [ 33%] [32m[1mLinking CXX executable test_robot_model[0m
[284.950s] [ 33%] Built target test_robot_model
[285.479s] [ 34%] [32m[1mLinking CXX executable test_butterworth_filter[0m
[285.918s] [ 34%] Built target test_butterworth_filter
[292.514s] [ 35%] [32m[1mLinking CXX shared library libmoveit_robot_trajectory.so[0m
[292.947s] [ 35%] Built target moveit_robot_trajectory
[293.234s] [ 36%] [32mBuilding CXX object collision_detection/CMakeFiles/moveit_collision_detection.dir/src/collision_matrix.cpp.o[0m
[302.400s] [ 36%] [32mBuilding CXX object collision_detection/CMakeFiles/moveit_collision_detection.dir/src/collision_octomap_filter.cpp.o[0m
[311.354s] [ 37%] [32mBuilding CXX object planning_interface/CMakeFiles/moveit_planning_interface.dir/src/planning_interface.cpp.o[0m
[311.646s] [ 38%] [32mBuilding CXX object collision_detection/CMakeFiles/moveit_collision_detection.dir/src/collision_tools.cpp.o[0m
[313.531s] [ 38%] [32mBuilding CXX object kinematics_metrics/CMakeFiles/moveit_kinematics_metrics.dir/src/kinematics_metrics.cpp.o[0m
[315.655s] [ 39%] [32mBuilding CXX object dynamics_solver/CMakeFiles/moveit_dynamics_solver.dir/src/dynamics_solver.cpp.o[0m
[333.342s] [ 40%] [32mBuilding CXX object collision_detection/CMakeFiles/moveit_collision_detection.dir/src/world.cpp.o[0m
[335.934s] [ 41%] [32m[1mLinking CXX shared library libmoveit_dynamics_solver.so[0m
[336.801s] [ 41%] Built target moveit_dynamics_solver
[339.943s] [ 41%] [32mBuilding CXX object planning_interface/CMakeFiles/moveit_planning_interface.dir/src/planning_response.cpp.o[0m
[345.363s] [ 41%] [32mBuilding CXX object collision_detection/CMakeFiles/moveit_collision_detection.dir/src/world_diff.cpp.o[0m
[351.102s] [ 42%] [32mBuilding CXX object collision_detection/CMakeFiles/moveit_collision_detection.dir/src/collision_env.cpp.o[0m
[359.076s] [ 43%] [32m[1mLinking CXX shared library libmoveit_planning_interface.so[0m
[359.564s] [ 43%] Built target moveit_planning_interface
[365.524s] [ 43%] [32mBuilding CXX object collision_detection/CMakeFiles/moveit_collision_detection.dir/src/collision_plugin_cache.cpp.o[0m
[366.330s] [ 44%] [32m[1mLinking CXX shared library libmoveit_kinematics_metrics.so[0m
[366.642s] [ 44%] Built target moveit_kinematics_metrics
[385.501s] [ 45%] [32m[1mLinking CXX shared library libmoveit_collision_detection.so[0m
[385.988s] [ 45%] Built target moveit_collision_detection
[386.034s] [ 45%] [32mBuilding CXX object robot_state/CMakeFiles/test_robot_state_complex.dir/test/test_kinematic_complex.cpp.o[0m
[399.646s] [ 46%] [32m[1mLinking CXX executable test_robot_state_complex[0m
[400.097s] [ 46%] Built target test_robot_state_complex
[400.142s] [ 46%] [32mBuilding CXX object robot_state/CMakeFiles/test_aabb.dir/test/test_aabb.cpp.o[0m
[407.199s] [ 46%] [32mBuilding CXX object robot_state/CMakeFiles/test_cartesian_interpolator.dir/test/test_cartesian_interpolator.cpp.o[0m
[408.246s] [ 46%] [32mBuilding CXX object robot_state/CMakeFiles/test_robot_state_benchmark.dir/test/robot_state_benchmark.cpp.o[0m
[409.387s] [ 47%] [32mBuilding CXX object robot_state/CMakeFiles/test_robot_state.dir/test/robot_state_test.cpp.o[0m
[420.049s] [ 48%] [32m[1mLinking CXX executable test_aabb[0m
[420.855s] [ 48%] Built target test_aabb
[426.020s] [ 49%] [32m[1mLinking CXX executable test_cartesian_interpolator[0m
[426.622s] [ 49%] Built target test_cartesian_interpolator
[428.074s] [ 50%] [32m[1mLinking CXX executable test_robot_state_benchmark[0m
[428.755s] [ 50%] Built target test_robot_state_benchmark
[435.864s] [ 51%] [32m[1mLinking CXX executable test_robot_state[0m
[436.325s] [ 51%] Built target test_robot_state
[436.371s] [ 52%] [32mBuilding CXX object collision_detection/CMakeFiles/test_world_diff.dir/test/test_world_diff.cpp.o[0m
[444.373s] [ 53%] [32m[1mLinking CXX executable test_world_diff[0m
[444.785s] [ 53%] Built target test_world_diff
[444.829s] [ 53%] [32mBuilding CXX object collision_detection/CMakeFiles/test_all_valid.dir/test/test_all_valid.cpp.o[0m
[455.829s] [ 54%] [32m[1mLinking CXX executable test_all_valid[0m
[456.282s] [ 54%] Built target test_all_valid
[456.348s] [ 55%] [32mBuilding CXX object collision_detection/CMakeFiles/test_world.dir/test/test_world.cpp.o[0m
[456.349s] [ 56%] [32mBuilding CXX object collision_detection_bullet/CMakeFiles/moveit_collision_detection_bullet.dir/src/bullet_integration/bullet_utils.cpp.o[0m
[457.428s] [ 56%] [32mBuilding CXX object collision_detection_fcl/CMakeFiles/moveit_collision_detection_fcl.dir/src/collision_common.cpp.o[0m
[458.584s] [ 57%] [32mBuilding CXX object robot_trajectory/CMakeFiles/test_robot_trajectory.dir/test/test_robot_trajectory.cpp.o[0m
[478.640s] [ 57%] [32m[1mLinking CXX executable test_world[0m
[479.302s] [ 57%] Built target test_world
[481.621s] [ 57%] [32mBuilding CXX object collision_detection_bullet/CMakeFiles/moveit_collision_detection_bullet.dir/src/bullet_integration/bullet_discrete_bvh_manager.cpp.o[0m
[487.503s] [ 57%] [32m[1mLinking CXX executable test_robot_trajectory[0m
[488.199s] [ 58%] [32mBuilding CXX object collision_detection_fcl/CMakeFiles/moveit_collision_detection_fcl.dir/src/collision_env_fcl.cpp.o[0m
[488.280s] [ 58%] Built target test_robot_trajectory
[493.847s] [ 59%] [32mBuilding CXX object collision_detection_bullet/CMakeFiles/moveit_collision_detection_bullet.dir/src/bullet_integration/bullet_cast_bvh_manager.cpp.o[0m
[505.524s] [ 59%] [32mBuilding CXX object collision_detection_bullet/CMakeFiles/moveit_collision_detection_bullet.dir/src/collision_env_bullet.cpp.o[0m
[505.811s] [ 60%] [32m[1mLinking CXX shared library libmoveit_collision_detection_fcl.so[0m
[506.510s] [ 60%] Built target moveit_collision_detection_fcl
[518.421s] [ 61%] [32mBuilding CXX object collision_detection_bullet/CMakeFiles/moveit_collision_detection_bullet.dir/src/bullet_integration/contact_checker_common.cpp.o[0m
[527.252s] [ 62%] [32mBuilding CXX object collision_detection_bullet/CMakeFiles/moveit_collision_detection_bullet.dir/src/bullet_integration/bullet_bvh_manager.cpp.o[0m
[535.495s] [ 62%] [32mBuilding CXX object collision_detection_bullet/CMakeFiles/moveit_collision_detection_bullet.dir/src/bullet_integration/ros_bullet_utils.cpp.o[0m
[544.732s] [ 63%] [32m[1mLinking CXX shared library libmoveit_collision_detection_bullet.so[0m
[545.279s] [ 63%] Built target moveit_collision_detection_bullet
[545.327s] [ 64%] [32mBuilding CXX object collision_detection_fcl/CMakeFiles/test_fcl_collision_env.dir/test/test_fcl_env.cpp.o[0m
[560.979s] [ 65%] [32m[1mLinking CXX executable test_fcl_collision_env[0m
[561.625s] [ 65%] Built target test_fcl_collision_env
[561.682s] [ 66%] [32mBuilding CXX object collision_detection_fcl/CMakeFiles/test_fcl_collision_detection.dir/test/test_fcl_collision_detection_pr2.cpp.o[0m
[579.922s] [ 66%] [32m[1mLinking CXX executable test_fcl_collision_detection[0m
[580.475s] [ 66%] Built target test_fcl_collision_detection
[580.543s] [ 67%] [32mBuilding CXX object collision_detection_fcl/CMakeFiles/test_fcl_collision_detection_panda.dir/test/test_fcl_collision_detection_panda.cpp.o[0m
[580.547s] [ 67%] [32mBuilding CXX object kinematic_constraints/CMakeFiles/moveit_kinematic_constraints.dir/src/kinematic_constraint.cpp.o[0m
[581.698s] [ 68%] [32mBuilding CXX object collision_detection_bullet/CMakeFiles/test_bullet_collision_detection.dir/test/test_bullet_collision_detection_pr2.cpp.o[0m
[582.822s] [ 69%] [32mBuilding CXX object trajectory_processing/CMakeFiles/moveit_trajectory_processing.dir/src/iterative_time_parameterization.cpp.o[0m
[607.612s] [ 69%] [32mBuilding CXX object trajectory_processing/CMakeFiles/moveit_trajectory_processing.dir/src/iterative_spline_parameterization.cpp.o[0m
[611.110s] [ 69%] [32m[1mLinking CXX executable test_fcl_collision_detection_panda[0m
[612.346s] [ 69%] Built target test_fcl_collision_detection_panda
[618.087s] [ 69%] [32m[1mLinking CXX executable test_bullet_collision_detection[0m
[619.044s] [ 69%] Built target test_bullet_collision_detection
[627.042s] [ 70%] [32mBuilding CXX object kinematic_constraints/CMakeFiles/moveit_kinematic_constraints.dir/src/utils.cpp.o[0m
[627.169s] [ 71%] [32mBuilding CXX object trajectory_processing/CMakeFiles/moveit_trajectory_processing.dir/src/ruckig_traj_smoothing.cpp.o[0m
[647.166s] [ 72%] [32mBuilding CXX object trajectory_processing/CMakeFiles/moveit_trajectory_processing.dir/src/trajectory_tools.cpp.o[0m
[648.323s] [ 73%] [32m[1mLinking CXX shared library libmoveit_kinematic_constraints.so[0m
[648.686s] [ 73%] [32mBuilding CXX object trajectory_processing/CMakeFiles/moveit_trajectory_processing.dir/src/time_optimal_trajectory_generation.cpp.o[0m
[648.946s] [ 73%] Built target moveit_kinematic_constraints
[662.797s] [ 74%] [32m[1mLinking CXX shared library libmoveit_trajectory_processing.so[0m
[663.148s] [ 74%] Built target moveit_trajectory_processing
[663.194s] [ 74%] [32mBuilding CXX object kinematic_constraints/CMakeFiles/test_constraints.dir/test/test_constraints.cpp.o[0m
[667.241s] [ 74%] [32mBuilding CXX object kinematic_constraints/CMakeFiles/test_orientation_constraints.dir/test/test_orientation_constraints.cpp.o[0m
[669.295s] [ 75%] [32mBuilding CXX object collision_detection_bullet/CMakeFiles/test_bullet_continuous_collision_checking.dir/test/test_bullet_continuous_collision_checking.cpp.o[0m
[671.439s] [ 76%] [32mBuilding CXX object collision_detection_bullet/CMakeFiles/test_bullet_collision_detection_panda.dir/test/test_bullet_collision_detection_panda.cpp.o[0m
[701.005s] [ 76%] [32m[1mLinking CXX executable test_bullet_collision_detection_panda[0m
[701.701s] [ 77%] [32m[1mLinking CXX executable test_orientation_constraints[0m
[702.160s] [ 78%] [32m[1mLinking CXX executable test_constraints[0m
[702.239s] [ 78%] Built target test_bullet_collision_detection_panda
[702.791s] [ 78%] Built target test_orientation_constraints
[702.968s] [ 78%] Built target test_constraints
[703.975s] [ 79%] [32m[1mLinking CXX executable test_bullet_continuous_collision_checking[0m
[704.603s] [ 79%] Built target test_bullet_continuous_collision_checking
[704.665s] [ 80%] [32mBuilding CXX object trajectory_processing/CMakeFiles/test_ruckig_traj_smoothing.dir/test/test_ruckig_traj_smoothing.cpp.o[0m
[718.257s] [ 80%] [32m[1mLinking CXX executable test_ruckig_traj_smoothing[0m
[718.841s] [ 80%] Built target test_ruckig_traj_smoothing
[718.887s] [ 81%] [32mBuilding CXX object planning_scene/CMakeFiles/moveit_planning_scene.dir/src/planning_scene.cpp.o[0m
[747.955s] [ 81%] [32m[1mLinking CXX shared library libmoveit_planning_scene.so[0m
[748.370s] [ 81%] Built target moveit_planning_scene
[748.418s] [ 82%] [32mBuilding CXX object trajectory_processing/CMakeFiles/test_time_optimal_trajectory_generation.dir/test/test_time_optimal_trajectory_generation.cpp.o[0m
[752.468s] [ 82%] [32mBuilding CXX object constraint_samplers/CMakeFiles/moveit_constraint_samplers.dir/src/constraint_sampler.cpp.o[0m
[754.516s] [ 82%] [32mBuilding CXX object collision_distance_field/CMakeFiles/moveit_collision_distance_field.dir/src/collision_distance_field_types.cpp.o[0m
[756.639s] [ 82%] [32mBuilding CXX object trajectory_processing/CMakeFiles/test_time_parameterization.dir/test/test_time_parameterization.cpp.o[0m
[774.352s] [ 83%] [32mBuilding CXX object constraint_samplers/CMakeFiles/moveit_constraint_samplers.dir/src/constraint_sampler_manager.cpp.o[0m
[777.584s] [ 84%] [32m[1mLinking CXX executable test_time_optimal_trajectory_generation[0m
[777.671s] [ 85%] [32mBuilding CXX object collision_distance_field/CMakeFiles/moveit_collision_distance_field.dir/src/collision_common_distance_field.cpp.o[0m
[778.740s] [ 85%] Built target test_time_optimal_trajectory_generation
[781.873s] [ 86%] [32m[1mLinking CXX executable test_time_parameterization[0m
[782.902s] [ 86%] Built target test_time_parameterization
[792.723s] [ 86%] [32mBuilding CXX object constraint_samplers/CMakeFiles/moveit_constraint_samplers.dir/src/constraint_sampler_tools.cpp.o[0m
[793.695s] [ 86%] [32mBuilding CXX object collision_distance_field/CMakeFiles/moveit_collision_distance_field.dir/src/collision_env_distance_field.cpp.o[0m
[804.921s] [ 87%] [32mBuilding CXX object constraint_samplers/CMakeFiles/moveit_constraint_samplers.dir/src/default_constraint_samplers.cpp.o[0m
[816.781s] [ 88%] [32mBuilding CXX object collision_distance_field/CMakeFiles/moveit_collision_distance_field.dir/src/collision_env_hybrid.cpp.o[0m
[823.315s] [ 88%] [32mBuilding CXX object constraint_samplers/CMakeFiles/moveit_constraint_samplers.dir/src/union_constraint_sampler.cpp.o[0m
[832.194s] [ 89%] [32m[1mLinking CXX shared library libmoveit_collision_distance_field.so[0m
[832.602s] [ 89%] Built target moveit_collision_distance_field
[835.572s] [ 90%] [32m[1mLinking CXX shared library libmoveit_constraint_samplers.so[0m
[835.862s] [ 90%] Built target moveit_constraint_samplers
[835.906s] [ 91%] [32mBuilding CXX object planning_scene/CMakeFiles/test_collision_objects.dir/test/test_collision_objects.cpp.o[0m
[836.934s] [ 91%] [32mBuilding CXX object planning_scene/CMakeFiles/test_multi_threaded.dir/test/test_multi_threaded.cpp.o[0m
[837.984s] [ 92%] [32mBuilding CXX object planning_scene/CMakeFiles/test_planning_scene.dir/test/test_planning_scene.cpp.o[0m
[839.107s] [ 92%] [32mBuilding CXX object planning_request_adapter/CMakeFiles/moveit_planning_request_adapter.dir/src/planning_request_adapter.cpp.o[0m
[859.501s] [ 93%] [32m[1mLinking CXX shared library libmoveit_planning_request_adapter.so[0m
[860.108s] [ 93%] Built target moveit_planning_request_adapter
[861.099s] [ 94%] [32m[1mLinking CXX executable test_multi_threaded[0m
[861.816s] [ 94%] Built target test_multi_threaded
[863.549s] [ 94%] [32m[1mLinking CXX executable test_collision_objects[0m
[864.091s] [ 94%] Built target test_collision_objects
[870.997s] [ 94%] [32m[1mLinking CXX executable test_planning_scene[0m
[871.469s] [ 94%] Built target test_planning_scene
[871.511s] [ 95%] [32mBuilding CXX object collision_distance_field/CMakeFiles/test_collision_distance_field.dir/test/test_collision_distance_field.cpp.o[0m
[887.108s] [ 95%] [32m[1mLinking CXX executable test_collision_distance_field[0m
[887.558s] [ 95%] Built target test_collision_distance_field
[887.626s] [ 96%] [32mBuilding CXX object constraint_samplers/CMakeFiles/test_constraint_samplers.dir/test/pr2_arm_kinematics_plugin.cpp.o[0m
[887.626s] [ 97%] [32mBuilding CXX object constraint_samplers/CMakeFiles/test_constraint_samplers.dir/test/test_constraint_samplers.cpp.o[0m
[887.627s] [ 97%] [32mBuilding CXX object collision_detection_bullet/CMakeFiles/collision_detector_bullet_plugin.dir/src/collision_detector_bullet_plugin_loader.cpp.o[0m
[887.627s] [ 97%] [32mBuilding CXX object collision_detection_fcl/CMakeFiles/collision_detector_fcl_plugin.dir/src/collision_detector_fcl_plugin_loader.cpp.o[0m
[908.420s] [ 98%] [32m[1mLinking CXX shared library libcollision_detector_bullet_plugin.so[0m
[908.740s] [ 98%] Built target collision_detector_bullet_plugin
[910.140s] [ 99%] [32m[1mLinking CXX shared library libcollision_detector_fcl_plugin.so[0m
[910.552s] [ 99%] Built target collision_detector_fcl_plugin
[919.841s] [ 99%] [32mBuilding CXX object constraint_samplers/CMakeFiles/test_constraint_samplers.dir/test/pr2_arm_ik.cpp.o[0m
[928.642s] [100%] [32m[1mLinking CXX executable test_constraint_samplers[0m
[929.182s] [100%] Built target test_constraint_samplers
[929.206s] Invoked command in '/home/kush/UR5_Project_New/build/moveit_core' returned '0': AMENT_PREFIX_PATH=/home/kush/UR5_Project_New/install/moveit_resources_panda_moveit_config:/home/kush/UR5_Project_New/install/srdfdom:/home/kush/UR5_Project_New/install/moveit_resources_pr2_description:/home/kush/UR5_Project_New/install/moveit_resources_panda_description:/home/kush/UR5_Project_New/install/moveit_common:${AMENT_PREFIX_PATH} CMAKE_PREFIX_PATH=/home/kush/UR5_Project_New/install/moveit_resources_panda_moveit_config:/home/kush/UR5_Project_New/install/srdfdom:/home/kush/UR5_Project_New/install/moveit_resources_pr2_description:/home/kush/UR5_Project_New/install/moveit_resources_panda_description:/home/kush/UR5_Project_New/install/moveit_common:/home/kush/ws_moveit2_ur5/install/ur_description:/home/kush/ws_moveit2_ur5/install/pilz_industrial_motion_planner_testutils:/home/kush/ws_moveit2_ur5/install/moveit_runtime:/home/kush/ws_moveit2_ur5/install/moveit2_tutorials:/home/kush/ws_moveit2_ur5/install/moveit:/home/kush/ws_moveit2_ur5/install/moveit_planners:/home/kush/ws_moveit2_ur5/install/pilz_industrial_motion_planner:/home/kush/ws_moveit2_ur5/install/moveit_visual_tools:/home/kush/ws_moveit2_ur5/install/moveit_task_constructor_visualization:/home/kush/ws_moveit2_ur5/install/moveit_task_constructor_demo:/home/kush/ws_moveit2_ur5/install/moveit_task_constructor_capabilities:/home/kush/ws_moveit2_ur5/install/moveit_task_constructor_core:/home/kush/ws_moveit2_ur5/install/moveit_ros_control_interface:/home/kush/ws_moveit2_ur5/install/moveit_plugins:/home/kush/ws_moveit2_ur5/install/moveit_simple_controller_manager:/home/kush/ws_moveit2_ur5/install/moveit_setup_assistant:/home/kush/ws_moveit2_ur5/install/moveit_setup_srdf_plugins:/home/kush/ws_moveit2_ur5/install/moveit_setup_core_plugins:/home/kush/ws_moveit2_ur5/install/moveit_setup_controllers:/home/kush/ws_moveit2_ur5/install/moveit_setup_app_plugins:/home/kush/ws_moveit2_ur5/install/moveit_setup_framework:/home/kush/ws_moveit2_ur5/install/moveit_servo:/home/kush/ws_moveit2_ur5/install/moveit_ros:/home/kush/ws_moveit2_ur5/install/moveit_ros_visualization:/home/kush/ws_moveit2_ur5/install/moveit_hybrid_planning:/home/kush/ws_moveit2_ur5/install/moveit_ros_planning_interface:/home/kush/ws_moveit2_ur5/install/moveit_ros_benchmarks:/home/kush/ws_moveit2_ur5/install/moveit_ros_warehouse:/home/kush/ws_moveit2_ur5/install/moveit_ros_robot_interaction:/home/kush/ws_moveit2_ur5/install/moveit_ros_perception:/home/kush/ws_moveit2_ur5/install/moveit_resources_prbt_pg70_support:/home/kush/ws_moveit2_ur5/install/moveit_resources_prbt_moveit_config:/home/kush/ws_moveit2_ur5/install/moveit_ros_move_group:/home/kush/ws_moveit2_ur5/install/moveit_planners_ompl:/home/kush/ws_moveit2_ur5/install/moveit_ros_planning:/home/kush/ws_moveit2_ur5/install/moveit_ros_occupancy_map_monitor:/home/kush/ws_moveit2_ur5/install/moveit_resources_prbt_ikfast_manipulator_plugin:/home/kush/ws_moveit2_ur5/install/moveit_planners_chomp:/home/kush/ws_moveit2_ur5/install/moveit_kinematics:/home/kush/ws_moveit2_ur5/install/moveit_chomp_optimizer_adapter:/home/kush/ws_moveit2_ur5/install/chomp_motion_planner:/home/kush/ws_moveit2_ur5/install/moveit_core:/home/kush/ws_moveit2_ur5/install/srdfdom:/home/kush/ws_moveit2_ur5/install/rviz_marker_tools:/home/kush/ws_moveit2_ur5/install/rosparam_shortcuts:/home/kush/ws_moveit2_ur5/install/moveit_task_constructor_msgs:/home/kush/ws_moveit2_ur5/install/moveit_resources_prbt_support:/home/kush/ws_moveit2_ur5/install/moveit_resources:/home/kush/ws_moveit2_ur5/install/moveit_resources_pr2_description:/home/kush/ws_moveit2_ur5/install/moveit_resources_panda_moveit_config:/home/kush/ws_moveit2_ur5/install/moveit_resources_panda_description:/home/kush/ws_moveit2_ur5/install/moveit_resources_fanuc_moveit_config:/home/kush/ws_moveit2_ur5/install/moveit_resources_fanuc_description:/home/kush/ws_moveit2_ur5/install/moveit_common:/home/kush/ws_moveit2_ur5/install/moveit_configs_utils:/home/kush/ws_moveit2_ur5/install/launch_param_builder:/opt/ros/humble LD_LIBRARY_PATH=/home/kush/UR5_Project_New/install/srdfdom/lib:${LD_LIBRARY_PATH} PYTHONPATH=/home/kush/UR5_Project_New/install/srdfdom/local/lib/python3.10/dist-packages:${PYTHONPATH} /usr/bin/cmake --build /home/kush/UR5_Project_New/build/moveit_core -- -j4 -l4
[929.396s] Invoking command in '/home/kush/UR5_Project_New/build/moveit_core': AMENT_PREFIX_PATH=/home/kush/UR5_Project_New/install/moveit_resources_panda_moveit_config:/home/kush/UR5_Project_New/install/srdfdom:/home/kush/UR5_Project_New/install/moveit_resources_pr2_description:/home/kush/UR5_Project_New/install/moveit_resources_panda_description:/home/kush/UR5_Project_New/install/moveit_common:${AMENT_PREFIX_PATH} CMAKE_PREFIX_PATH=/home/kush/UR5_Project_New/install/moveit_resources_panda_moveit_config:/home/kush/UR5_Project_New/install/srdfdom:/home/kush/UR5_Project_New/install/moveit_resources_pr2_description:/home/kush/UR5_Project_New/install/moveit_resources_panda_description:/home/kush/UR5_Project_New/install/moveit_common:/home/kush/ws_moveit2_ur5/install/ur_description:/home/kush/ws_moveit2_ur5/install/pilz_industrial_motion_planner_testutils:/home/kush/ws_moveit2_ur5/install/moveit_runtime:/home/kush/ws_moveit2_ur5/install/moveit2_tutorials:/home/kush/ws_moveit2_ur5/install/moveit:/home/kush/ws_moveit2_ur5/install/moveit_planners:/home/kush/ws_moveit2_ur5/install/pilz_industrial_motion_planner:/home/kush/ws_moveit2_ur5/install/moveit_visual_tools:/home/kush/ws_moveit2_ur5/install/moveit_task_constructor_visualization:/home/kush/ws_moveit2_ur5/install/moveit_task_constructor_demo:/home/kush/ws_moveit2_ur5/install/moveit_task_constructor_capabilities:/home/kush/ws_moveit2_ur5/install/moveit_task_constructor_core:/home/kush/ws_moveit2_ur5/install/moveit_ros_control_interface:/home/kush/ws_moveit2_ur5/install/moveit_plugins:/home/kush/ws_moveit2_ur5/install/moveit_simple_controller_manager:/home/kush/ws_moveit2_ur5/install/moveit_setup_assistant:/home/kush/ws_moveit2_ur5/install/moveit_setup_srdf_plugins:/home/kush/ws_moveit2_ur5/install/moveit_setup_core_plugins:/home/kush/ws_moveit2_ur5/install/moveit_setup_controllers:/home/kush/ws_moveit2_ur5/install/moveit_setup_app_plugins:/home/kush/ws_moveit2_ur5/install/moveit_setup_framework:/home/kush/ws_moveit2_ur5/install/moveit_servo:/home/kush/ws_moveit2_ur5/install/moveit_ros:/home/kush/ws_moveit2_ur5/install/moveit_ros_visualization:/home/kush/ws_moveit2_ur5/install/moveit_hybrid_planning:/home/kush/ws_moveit2_ur5/install/moveit_ros_planning_interface:/home/kush/ws_moveit2_ur5/install/moveit_ros_benchmarks:/home/kush/ws_moveit2_ur5/install/moveit_ros_warehouse:/home/kush/ws_moveit2_ur5/install/moveit_ros_robot_interaction:/home/kush/ws_moveit2_ur5/install/moveit_ros_perception:/home/kush/ws_moveit2_ur5/install/moveit_resources_prbt_pg70_support:/home/kush/ws_moveit2_ur5/install/moveit_resources_prbt_moveit_config:/home/kush/ws_moveit2_ur5/install/moveit_ros_move_group:/home/kush/ws_moveit2_ur5/install/moveit_planners_ompl:/home/kush/ws_moveit2_ur5/install/moveit_ros_planning:/home/kush/ws_moveit2_ur5/install/moveit_ros_occupancy_map_monitor:/home/kush/ws_moveit2_ur5/install/moveit_resources_prbt_ikfast_manipulator_plugin:/home/kush/ws_moveit2_ur5/install/moveit_planners_chomp:/home/kush/ws_moveit2_ur5/install/moveit_kinematics:/home/kush/ws_moveit2_ur5/install/moveit_chomp_optimizer_adapter:/home/kush/ws_moveit2_ur5/install/chomp_motion_planner:/home/kush/ws_moveit2_ur5/install/moveit_core:/home/kush/ws_moveit2_ur5/install/srdfdom:/home/kush/ws_moveit2_ur5/install/rviz_marker_tools:/home/kush/ws_moveit2_ur5/install/rosparam_shortcuts:/home/kush/ws_moveit2_ur5/install/moveit_task_constructor_msgs:/home/kush/ws_moveit2_ur5/install/moveit_resources_prbt_support:/home/kush/ws_moveit2_ur5/install/moveit_resources:/home/kush/ws_moveit2_ur5/install/moveit_resources_pr2_description:/home/kush/ws_moveit2_ur5/install/moveit_resources_panda_moveit_config:/home/kush/ws_moveit2_ur5/install/moveit_resources_panda_description:/home/kush/ws_moveit2_ur5/install/moveit_resources_fanuc_moveit_config:/home/kush/ws_moveit2_ur5/install/moveit_resources_fanuc_description:/home/kush/ws_moveit2_ur5/install/moveit_common:/home/kush/ws_moveit2_ur5/install/moveit_configs_utils:/home/kush/ws_moveit2_ur5/install/launch_param_builder:/opt/ros/humble LD_LIBRARY_PATH=/home/kush/UR5_Project_New/install/srdfdom/lib:${LD_LIBRARY_PATH} PYTHONPATH=/home/kush/UR5_Project_New/install/srdfdom/local/lib/python3.10/dist-packages:${PYTHONPATH} /usr/bin/cmake --install /home/kush/UR5_Project_New/build/moveit_core
[929.415s] -- Install configuration: "Release"
[929.415s] -- Installing: /home/kush/UR5_Project_New/install/moveit_core/include/moveit/version.h
[929.415s] -- Up-to-date: /home/kush/UR5_Project_New/install/moveit_core/include
[929.415s] -- Up-to-date: /home/kush/UR5_Project_New/install/moveit_core/include/moveit
[929.415s] -- Installing: /home/kush/UR5_Project_New/install/moveit_core/include/moveit/collision_distance_field
[929.416s] -- Installing: /home/kush/UR5_Project_New/install/moveit_core/include/moveit/collision_distance_field/collision_common_distance_field.h
[929.416s] -- Installing: /home/kush/UR5_Project_New/install/moveit_core/include/moveit/collision_distance_field/collision_detector_allocator_distance_field.h
[929.416s] -- Installing: /home/kush/UR5_Project_New/install/moveit_core/include/moveit/collision_distance_field/collision_detector_allocator_hybrid.h
[929.416s] -- Installing: /home/kush/UR5_Project_New/install/moveit_core/include/moveit/collision_distance_field/collision_env_distance_field.h
[929.416s] -- Installing: /home/kush/UR5_Project_New/install/moveit_core/include/moveit/collision_distance_field/collision_env_hybrid.h
[929.416s] -- Installing: /home/kush/UR5_Project_New/install/moveit_core/include/moveit/collision_distance_field/collision_distance_field_types.h
[929.416s] -- Installing: /home/kush/UR5_Project_New/install/moveit_core/include/moveit_collision_distance_field_export.h
[929.417s] -- Up-to-date: /home/kush/UR5_Project_New/install/moveit_core/include
[929.417s] -- Up-to-date: /home/kush/UR5_Project_New/install/moveit_core/include/moveit
[929.417s] -- Installing: /home/kush/UR5_Project_New/install/moveit_core/include/moveit/constraint_samplers
[929.417s] -- Installing: /home/kush/UR5_Project_New/install/moveit_core/include/moveit/constraint_samplers/default_constraint_samplers.h
[929.417s] -- Installing: /home/kush/UR5_Project_New/install/moveit_core/include/moveit/constraint_samplers/constraint_sampler_tools.h
[929.417s] -- Installing: /home/kush/UR5_Project_New/install/moveit_core/include/moveit/constraint_samplers/constraint_sampler_allocator.h
[929.417s] -- Installing: /home/kush/UR5_Project_New/install/moveit_core/include/moveit/constraint_samplers/constraint_sampler_manager.h
[929.418s] -- Installing: /home/kush/UR5_Project_New/install/moveit_core/include/moveit/constraint_samplers/union_constraint_sampler.h
[929.418s] -- Installing: /home/kush/UR5_Project_New/install/moveit_core/include/moveit/constraint_samplers/constraint_sampler.h
[929.418s] -- Up-to-date: /home/kush/UR5_Project_New/install/moveit_core/include
[929.418s] -- Up-to-date: /home/kush/UR5_Project_New/install/moveit_core/include/moveit
[929.419s] -- Installing: /home/kush/UR5_Project_New/install/moveit_core/include/moveit/controller_manager
[929.419s] -- Installing: /home/kush/UR5_Project_New/install/moveit_core/include/moveit/controller_manager/controller_manager.h
[929.419s] -- Up-to-date: /home/kush/UR5_Project_New/install/moveit_core/include
[929.419s] -- Up-to-date: /home/kush/UR5_Project_New/install/moveit_core/include/moveit
[929.419s] -- Installing: /home/kush/UR5_Project_New/install/moveit_core/include/moveit/distance_field
[929.419s] -- Installing: /home/kush/UR5_Project_New/install/moveit_core/include/moveit/distance_field/propagation_distance_field.h
[929.419s] -- Installing: /home/kush/UR5_Project_New/install/moveit_core/include/moveit/distance_field/find_internal_points.h
[929.420s] -- Installing: /home/kush/UR5_Project_New/install/moveit_core/include/moveit/distance_field/voxel_grid.h
[929.420s] -- Installing: /home/kush/UR5_Project_New/install/moveit_core/include/moveit/distance_field/distance_field.h
[929.420s] -- Up-to-date: /home/kush/UR5_Project_New/install/moveit_core/include
[929.420s] -- Up-to-date: /home/kush/UR5_Project_New/install/moveit_core/include/moveit
[929.420s] -- Installing: /home/kush/UR5_Project_New/install/moveit_core/include/moveit/dynamics_solver
[929.420s] -- Installing: /home/kush/UR5_Project_New/install/moveit_core/include/moveit/dynamics_solver/dynamics_solver.h
[929.421s] -- Up-to-date: /home/kush/UR5_Project_New/install/moveit_core/include
[929.421s] -- Up-to-date: /home/kush/UR5_Project_New/install/moveit_core/include/moveit
[929.421s] -- Installing: /home/kush/UR5_Project_New/install/moveit_core/include/moveit/exceptions
[929.421s] -- Installing: /home/kush/UR5_Project_New/install/moveit_core/include/moveit/exceptions/exceptions.h
[929.422s] -- Up-to-date: /home/kush/UR5_Project_New/install/moveit_core/include
[929.422s] -- Up-to-date: /home/kush/UR5_Project_New/install/moveit_core/include/moveit
[929.422s] -- Installing: /home/kush/UR5_Project_New/install/moveit_core/include/moveit/kinematics_base
[929.422s] -- Installing: /home/kush/UR5_Project_New/install/moveit_core/include/moveit/kinematics_base/kinematics_base.h
[929.422s] -- Installing: /home/kush/UR5_Project_New/install/moveit_core/include/moveit_kinematics_base_export.h
[929.423s] -- Up-to-date: /home/kush/UR5_Project_New/install/moveit_core/include
[929.423s] -- Up-to-date: /home/kush/UR5_Project_New/install/moveit_core/include/moveit
[929.424s] -- Installing: /home/kush/UR5_Project_New/install/moveit_core/include/moveit/kinematic_constraints
[929.424s] -- Installing: /home/kush/UR5_Project_New/install/moveit_core/include/moveit/kinematic_constraints/kinematic_constraint.h
[929.424s] -- Installing: /home/kush/UR5_Project_New/install/moveit_core/include/moveit/kinematic_constraints/utils.h
[929.424s] -- Up-to-date: /home/kush/UR5_Project_New/install/moveit_core/include
[929.424s] -- Up-to-date: /home/kush/UR5_Project_New/install/moveit_core/include/moveit
[929.424s] -- Installing: /home/kush/UR5_Project_New/install/moveit_core/include/moveit/kinematics_metrics
[929.425s] -- Installing: /home/kush/UR5_Project_New/install/moveit_core/include/moveit/kinematics_metrics/kinematics_metrics.h
[929.425s] -- Up-to-date: /home/kush/UR5_Project_New/install/moveit_core/include
[929.425s] -- Up-to-date: /home/kush/UR5_Project_New/install/moveit_core/include/moveit
[929.425s] -- Installing: /home/kush/UR5_Project_New/install/moveit_core/include/moveit/macros
[929.425s] -- Installing: /home/kush/UR5_Project_New/install/moveit_core/include/moveit/macros/class_forward.h
[929.425s] -- Installing: /home/kush/UR5_Project_New/install/moveit_core/include/moveit/macros/console_colors.h
[929.425s] -- Installing: /home/kush/UR5_Project_New/install/moveit_core/include/moveit/macros/deprecation.h
[929.426s] -- Installing: /home/kush/UR5_Project_New/install/moveit_core/include/moveit/macros/declare_ptr.h
[929.426s] -- Installing: /home/kush/UR5_Project_New/install/moveit_core/include/moveit_butterworth_parameters
[929.426s] -- Installing: /home/kush/UR5_Project_New/install/moveit_core/include/moveit_butterworth_parameters/moveit_butterworth_parameters.hpp
[929.426s] -- Up-to-date: /home/kush/UR5_Project_New/install/moveit_core/include
[929.427s] -- Up-to-date: /home/kush/UR5_Project_New/install/moveit_core/include/moveit
[929.427s] -- Installing: /home/kush/UR5_Project_New/install/moveit_core/include/moveit/online_signal_smoothing
[929.427s] -- Installing: /home/kush/UR5_Project_New/install/moveit_core/include/moveit/online_signal_smoothing/smoothing_base_class.h
[929.427s] -- Installing: /home/kush/UR5_Project_New/install/moveit_core/include/moveit/online_signal_smoothing/butterworth_filter.h
[929.427s] -- Installing: /home/kush/UR5_Project_New/install/moveit_core/include/moveit_smoothing_base_export.h
[929.428s] -- Installing: /home/kush/UR5_Project_New/install/moveit_core/include/moveit_butterworth_filter_export.h
[929.428s] -- Up-to-date: /home/kush/UR5_Project_New/install/moveit_core/include
[929.428s] -- Up-to-date: /home/kush/UR5_Project_New/install/moveit_core/include/moveit
[929.428s] -- Installing: /home/kush/UR5_Project_New/install/moveit_core/include/moveit/planning_interface
[929.429s] -- Installing: /home/kush/UR5_Project_New/install/moveit_core/include/moveit/planning_interface/planning_request.h
[929.429s] -- Installing: /home/kush/UR5_Project_New/install/moveit_core/include/moveit/planning_interface/planning_response.h
[929.429s] -- Installing: /home/kush/UR5_Project_New/install/moveit_core/include/moveit/planning_interface/planning_interface.h
[929.429s] -- Up-to-date: /home/kush/UR5_Project_New/install/moveit_core/include
[929.429s] -- Up-to-date: /home/kush/UR5_Project_New/install/moveit_core/include/moveit
[929.430s] -- Installing: /home/kush/UR5_Project_New/install/moveit_core/include/moveit/planning_request_adapter
[929.430s] -- Installing: /home/kush/UR5_Project_New/install/moveit_core/include/moveit/planning_request_adapter/planning_request_adapter.h
[929.430s] -- Up-to-date: /home/kush/UR5_Project_New/install/moveit_core/include
[929.430s] -- Up-to-date: /home/kush/UR5_Project_New/install/moveit_core/include/moveit
[929.431s] -- Installing: /home/kush/UR5_Project_New/install/moveit_core/include/moveit/planning_scene
[929.431s] -- Installing: /home/kush/UR5_Project_New/install/moveit_core/include/moveit/planning_scene/planning_scene.h
[929.431s] -- Installing: /home/kush/UR5_Project_New/install/moveit_core/include/moveit_planning_scene_export.h
[929.431s] -- Up-to-date: /home/kush/UR5_Project_New/install/moveit_core/include
[929.431s] -- Up-to-date: /home/kush/UR5_Project_New/install/moveit_core/include/moveit
[929.432s] -- Installing: /home/kush/UR5_Project_New/install/moveit_core/include/moveit/robot_model
[929.432s] -- Installing: /home/kush/UR5_Project_New/install/moveit_core/include/moveit/robot_model/revolute_joint_model.h
[929.432s] -- Installing: /home/kush/UR5_Project_New/install/moveit_core/include/moveit/robot_model/prismatic_joint_model.h
[929.432s] -- Installing: /home/kush/UR5_Project_New/install/moveit_core/include/moveit/robot_model/floating_joint_model.h
[929.432s] -- Installing: /home/kush/UR5_Project_New/install/moveit_core/include/moveit/robot_model/robot_model.h
[929.433s] -- Installing: /home/kush/UR5_Project_New/install/moveit_core/include/moveit/robot_model/fixed_joint_model.h
[929.433s] -- Installing: /home/kush/UR5_Project_New/install/moveit_core/include/moveit/robot_model/link_model.h
[929.433s] -- Installing: /home/kush/UR5_Project_New/install/moveit_core/include/moveit/robot_model/joint_model.h
[929.433s] -- Installing: /home/kush/UR5_Project_New/install/moveit_core/include/moveit/robot_model/planar_joint_model.h
[929.433s] -- Installing: /home/kush/UR5_Project_New/install/moveit_core/include/moveit/robot_model/joint_model_group.h
[929.434s] -- Installing: /home/kush/UR5_Project_New/install/moveit_core/include/moveit/robot_model/aabb.h
[929.434s] -- Up-to-date: /home/kush/UR5_Project_New/install/moveit_core/include
[929.434s] -- Up-to-date: /home/kush/UR5_Project_New/install/moveit_core/include/moveit
[929.435s] -- Installing: /home/kush/UR5_Project_New/install/moveit_core/include/moveit/robot_state
[929.435s] -- Installing: /home/kush/UR5_Project_New/install/moveit_core/include/moveit/robot_state/conversions.h
[929.435s] -- Installing: /home/kush/UR5_Project_New/install/moveit_core/include/moveit/robot_state/attached_body.h
[929.435s] -- Installing: /home/kush/UR5_Project_New/install/moveit_core/include/moveit/robot_state/cartesian_interpolator.h
[929.435s] -- Installing: /home/kush/UR5_Project_New/install/moveit_core/include/moveit/robot_state/robot_state.h
[929.436s] -- Up-to-date: /home/kush/UR5_Project_New/install/moveit_core/include
[929.436s] -- Up-to-date: /home/kush/UR5_Project_New/install/moveit_core/include/moveit
[929.436s] -- Installing: /home/kush/UR5_Project_New/install/moveit_core/include/moveit/robot_trajectory
[929.436s] -- Installing: /home/kush/UR5_Project_New/install/moveit_core/include/moveit/robot_trajectory/robot_trajectory.h
[929.437s] -- Up-to-date: /home/kush/UR5_Project_New/install/moveit_core/include
[929.437s] -- Up-to-date: /home/kush/UR5_Project_New/install/moveit_core/include/moveit
[929.437s] -- Installing: /home/kush/UR5_Project_New/install/moveit_core/include/moveit/sensor_manager
[929.437s] -- Installing: /home/kush/UR5_Project_New/install/moveit_core/include/moveit/sensor_manager/sensor_manager.h
[929.437s] -- Up-to-date: /home/kush/UR5_Project_New/install/moveit_core/include
[929.438s] -- Up-to-date: /home/kush/UR5_Project_New/install/moveit_core/include/moveit
[929.438s] -- Installing: /home/kush/UR5_Project_New/install/moveit_core/include/moveit/trajectory_processing
[929.438s] -- Installing: /home/kush/UR5_Project_New/install/moveit_core/include/moveit/trajectory_processing/trajectory_tools.h
[929.438s] -- Installing: /home/kush/UR5_Project_New/install/moveit_core/include/moveit/trajectory_processing/iterative_spline_parameterization.h
[929.438s] -- Installing: /home/kush/UR5_Project_New/install/moveit_core/include/moveit/trajectory_processing/time_parameterization.h
[929.439s] -- Installing: /home/kush/UR5_Project_New/install/moveit_core/include/moveit/trajectory_processing/ruckig_traj_smoothing.h
[929.439s] -- Installing: /home/kush/UR5_Project_New/install/moveit_core/include/moveit/trajectory_processing/iterative_time_parameterization.h
[929.439s] -- Installing: /home/kush/UR5_Project_New/install/moveit_core/include/moveit/trajectory_processing/time_optimal_trajectory_generation.h
[929.439s] -- Up-to-date: /home/kush/UR5_Project_New/install/moveit_core/include
[929.439s] -- Up-to-date: /home/kush/UR5_Project_New/install/moveit_core/include/moveit
[929.440s] -- Installing: /home/kush/UR5_Project_New/install/moveit_core/include/moveit/transforms
[929.440s] -- Installing: /home/kush/UR5_Project_New/install/moveit_core/include/moveit/transforms/transforms.h
[929.440s] -- Up-to-date: /home/kush/UR5_Project_New/install/moveit_core/include
[929.440s] -- Up-to-date: /home/kush/UR5_Project_New/install/moveit_core/include/moveit
[929.440s] -- Installing: /home/kush/UR5_Project_New/install/moveit_core/include/moveit/utils
[929.441s] -- Installing: /home/kush/UR5_Project_New/install/moveit_core/include/moveit/utils/message_checks.h
[929.441s] -- Installing: /home/kush/UR5_Project_New/install/moveit_core/include/moveit/utils/lexical_casts.h
[929.441s] -- Installing: /home/kush/UR5_Project_New/install/moveit_core/include/moveit/utils/rclcpp_utils.h
[929.441s] -- Installing: /home/kush/UR5_Project_New/install/moveit_core/include/moveit/utils/robot_model_test_utils.h
[929.441s] -- Installing: /home/kush/UR5_Project_New/install/moveit_core/include/moveit/utils/moveit_error_code.h
[929.442s] -- Installing: /home/kush/UR5_Project_New/install/moveit_core/bin/moveit_version
[929.442s] -- Up-to-date: /home/kush/UR5_Project_New/install/moveit_core/include
[929.443s] -- Up-to-date: /home/kush/UR5_Project_New/install/moveit_core/include/moveit
[929.443s] -- Installing: /home/kush/UR5_Project_New/install/moveit_core/include/moveit/collision_detection
[929.443s] -- Installing: /home/kush/UR5_Project_New/install/moveit_core/include/moveit/collision_detection/test_collision_common_pr2.h
[929.443s] -- Installing: /home/kush/UR5_Project_New/install/moveit_core/include/moveit/collision_detection/world_diff.h
[929.444s] -- Installing: /home/kush/UR5_Project_New/install/moveit_core/include/moveit/collision_detection/occupancy_map.h
[929.444s] -- Installing: /home/kush/UR5_Project_New/install/moveit_core/include/moveit/collision_detection/collision_env.h
[929.444s] -- Installing: /home/kush/UR5_Project_New/install/moveit_core/include/moveit/collision_detection/world.h
[929.444s] -- Installing: /home/kush/UR5_Project_New/install/moveit_core/include/moveit/collision_detection/collision_matrix.h
[929.444s] -- Installing: /home/kush/UR5_Project_New/install/moveit_core/include/moveit/collision_detection/collision_tools.h
[929.445s] -- Installing: /home/kush/UR5_Project_New/install/moveit_core/include/moveit/collision_detection/collision_plugin_cache.h
[929.445s] -- Installing: /home/kush/UR5_Project_New/install/moveit_core/include/moveit/collision_detection/collision_plugin.h
[929.445s] -- Installing: /home/kush/UR5_Project_New/install/moveit_core/include/moveit/collision_detection/allvalid
[929.445s] -- Installing: /home/kush/UR5_Project_New/install/moveit_core/include/moveit/collision_detection/allvalid/collision_env_allvalid.h
[929.445s] -- Installing: /home/kush/UR5_Project_New/install/moveit_core/include/moveit/collision_detection/allvalid/collision_detector_allocator_allvalid.h
[929.446s] -- Installing: /home/kush/UR5_Project_New/install/moveit_core/include/moveit/collision_detection/test_collision_common_panda.h
[929.446s] -- Installing: /home/kush/UR5_Project_New/install/moveit_core/include/moveit/collision_detection/collision_detector_allocator.h
[929.446s] -- Installing: /home/kush/UR5_Project_New/install/moveit_core/include/moveit/collision_detection/collision_octomap_filter.h
[929.446s] -- Installing: /home/kush/UR5_Project_New/install/moveit_core/include/moveit/collision_detection/collision_common.h
[929.447s] -- Installing: /home/kush/UR5_Project_New/install/moveit_core/include/moveit_collision_detection_export.h
[929.447s] -- Up-to-date: /home/kush/UR5_Project_New/install/moveit_core/include
[929.447s] -- Up-to-date: /home/kush/UR5_Project_New/install/moveit_core/include/moveit
[929.447s] -- Installing: /home/kush/UR5_Project_New/install/moveit_core/include/moveit/collision_detection_bullet
[929.448s] -- Installing: /home/kush/UR5_Project_New/install/moveit_core/include/moveit/collision_detection_bullet/collision_detector_allocator_bullet.h
[929.448s] -- Installing: /home/kush/UR5_Project_New/install/moveit_core/include/moveit/collision_detection_bullet/bullet_integration
[929.448s] -- Installing: /home/kush/UR5_Project_New/install/moveit_core/include/moveit/collision_detection_bullet/bullet_integration/bullet_utils.h
[929.448s] -- Installing: /home/kush/UR5_Project_New/install/moveit_core/include/moveit/collision_detection_bullet/bullet_integration/contact_checker_common.h
[929.448s] -- Installing: /home/kush/UR5_Project_New/install/moveit_core/include/moveit/collision_detection_bullet/bullet_integration/bullet_bvh_manager.h
[929.449s] -- Installing: /home/kush/UR5_Project_New/install/moveit_core/include/moveit/collision_detection_bullet/bullet_integration/bullet_cast_bvh_manager.h
[929.449s] -- Installing: /home/kush/UR5_Project_New/install/moveit_core/include/moveit/collision_detection_bullet/bullet_integration/bullet_discrete_bvh_manager.h
[929.449s] -- Installing: /home/kush/UR5_Project_New/install/moveit_core/include/moveit/collision_detection_bullet/bullet_integration/basic_types.h
[929.449s] -- Installing: /home/kush/UR5_Project_New/install/moveit_core/include/moveit/collision_detection_bullet/bullet_integration/ros_bullet_utils.h
[929.449s] -- Installing: /home/kush/UR5_Project_New/install/moveit_core/include/moveit/collision_detection_bullet/collision_env_bullet.h
[929.450s] -- Installing: /home/kush/UR5_Project_New/install/moveit_core/include/moveit/collision_detection_bullet/collision_detector_bullet_plugin_loader.h
[929.450s] -- Installing: /home/kush/UR5_Project_New/install/moveit_core/include/moveit_collision_detection_bullet_export.h
[929.450s] -- Installing: /home/kush/UR5_Project_New/install/moveit_core/lib/libmoveit_collision_detection_bullet.so.2.5.4
[929.451s] -- Set runtime path of "/home/kush/UR5_Project_New/install/moveit_core/lib/libmoveit_collision_detection_bullet.so.2.5.4" to ""
[929.452s] -- Installing: /home/kush/UR5_Project_New/install/moveit_core/lib/libmoveit_collision_detection_bullet.so
[929.452s] -- Installing: /home/kush/UR5_Project_New/install/moveit_core/lib/libcollision_detector_bullet_plugin.so.2.5.4
[929.452s] -- Set runtime path of "/home/kush/UR5_Project_New/install/moveit_core/lib/libcollision_detector_bullet_plugin.so.2.5.4" to ""
[929.453s] -- Installing: /home/kush/UR5_Project_New/install/moveit_core/lib/libcollision_detector_bullet_plugin.so
[929.453s] -- Installing: /home/kush/UR5_Project_New/install/moveit_core/share/moveit_core/environment/library_path.sh
[929.453s] -- Installing: /home/kush/UR5_Project_New/install/moveit_core/share/moveit_core/environment/library_path.dsv
[929.453s] -- Up-to-date: /home/kush/UR5_Project_New/install/moveit_core/include
[929.454s] -- Up-to-date: /home/kush/UR5_Project_New/install/moveit_core/include/moveit
[929.454s] -- Installing: /home/kush/UR5_Project_New/install/moveit_core/include/moveit/collision_detection_fcl
[929.454s] -- Installing: /home/kush/UR5_Project_New/install/moveit_core/include/moveit/collision_detection_fcl/collision_detector_fcl_plugin_loader.h
[929.454s] -- Installing: /home/kush/UR5_Project_New/install/moveit_core/include/moveit/collision_detection_fcl/fcl_compat.h
[929.454s] -- Installing: /home/kush/UR5_Project_New/install/moveit_core/include/moveit/collision_detection_fcl/collision_env_fcl.h
[929.455s] -- Installing: /home/kush/UR5_Project_New/install/moveit_core/include/moveit/collision_detection_fcl/collision_detector_allocator_fcl.h
[929.455s] -- Installing: /home/kush/UR5_Project_New/install/moveit_core/include/moveit/collision_detection_fcl/collision_common.h
[929.455s] -- Installing: /home/kush/UR5_Project_New/install/moveit_core/include/moveit_collision_detection_fcl_export.h
[929.455s] -- Installing: /home/kush/UR5_Project_New/install/moveit_core/lib/libmoveit_butterworth_filter.so.2.5.4
[929.456s] -- Set runtime path of "/home/kush/UR5_Project_New/install/moveit_core/lib/libmoveit_butterworth_filter.so.2.5.4" to ""
[929.456s] -- Installing: /home/kush/UR5_Project_New/install/moveit_core/lib/libmoveit_butterworth_filter.so
[929.456s] -- Installing: /home/kush/UR5_Project_New/install/moveit_core/lib/libmoveit_collision_distance_field.so.2.5.4
[929.458s] -- Set runtime path of "/home/kush/UR5_Project_New/install/moveit_core/lib/libmoveit_collision_distance_field.so.2.5.4" to ""
[929.458s] -- Installing: /home/kush/UR5_Project_New/install/moveit_core/lib/libmoveit_collision_distance_field.so
[929.458s] -- Installing: /home/kush/UR5_Project_New/install/moveit_core/lib/libmoveit_collision_detection.so.2.5.4
[929.460s] -- Set runtime path of "/home/kush/UR5_Project_New/install/moveit_core/lib/libmoveit_collision_detection.so.2.5.4" to ""
[929.460s] -- Installing: /home/kush/UR5_Project_New/install/moveit_core/lib/libmoveit_collision_detection.so
[929.460s] -- Installing: /home/kush/UR5_Project_New/install/moveit_core/lib/libmoveit_collision_detection_fcl.so.2.5.4
[929.461s] -- Set runtime path of "/home/kush/UR5_Project_New/install/moveit_core/lib/libmoveit_collision_detection_fcl.so.2.5.4" to ""
[929.461s] -- Installing: /home/kush/UR5_Project_New/install/moveit_core/lib/libmoveit_collision_detection_fcl.so
[929.462s] -- Up-to-date: /home/kush/UR5_Project_New/install/moveit_core/lib/libmoveit_collision_detection_bullet.so.2.5.4
[929.462s] -- Up-to-date: /home/kush/UR5_Project_New/install/moveit_core/lib/libmoveit_collision_detection_bullet.so
[929.462s] -- Installing: /home/kush/UR5_Project_New/install/moveit_core/lib/libmoveit_dynamics_solver.so.2.5.4
[929.463s] -- Set runtime path of "/home/kush/UR5_Project_New/install/moveit_core/lib/libmoveit_dynamics_solver.so.2.5.4" to ""
[929.463s] -- Installing: /home/kush/UR5_Project_New/install/moveit_core/lib/libmoveit_dynamics_solver.so
[929.463s] -- Installing: /home/kush/UR5_Project_New/install/moveit_core/lib/libmoveit_constraint_samplers.so.2.5.4
[929.464s] -- Set runtime path of "/home/kush/UR5_Project_New/install/moveit_core/lib/libmoveit_constraint_samplers.so.2.5.4" to ""
[929.465s] -- Installing: /home/kush/UR5_Project_New/install/moveit_core/lib/libmoveit_constraint_samplers.so
[929.465s] -- Installing: /home/kush/UR5_Project_New/install/moveit_core/lib/libmoveit_distance_field.so.2.5.4
[929.466s] -- Set runtime path of "/home/kush/UR5_Project_New/install/moveit_core/lib/libmoveit_distance_field.so.2.5.4" to ""
[929.466s] -- Installing: /home/kush/UR5_Project_New/install/moveit_core/lib/libmoveit_distance_field.so
[929.466s] -- Installing: /home/kush/UR5_Project_New/install/moveit_core/lib/libmoveit_exceptions.so.2.5.4
[929.467s] -- Set runtime path of "/home/kush/UR5_Project_New/install/moveit_core/lib/libmoveit_exceptions.so.2.5.4" to ""
[929.467s] -- Installing: /home/kush/UR5_Project_New/install/moveit_core/lib/libmoveit_exceptions.so
[929.467s] -- Installing: /home/kush/UR5_Project_New/install/moveit_core/lib/libmoveit_kinematics_base.so
[929.468s] -- Set runtime path of "/home/kush/UR5_Project_New/install/moveit_core/lib/libmoveit_kinematics_base.so" to ""
[929.468s] -- Installing: /home/kush/UR5_Project_New/install/moveit_core/lib/libmoveit_kinematic_constraints.so.2.5.4
[929.469s] -- Set runtime path of "/home/kush/UR5_Project_New/install/moveit_core/lib/libmoveit_kinematic_constraints.so.2.5.4" to ""
[929.469s] -- Installing: /home/kush/UR5_Project_New/install/moveit_core/lib/libmoveit_kinematic_constraints.so
[929.469s] -- Installing: /home/kush/UR5_Project_New/install/moveit_core/lib/libmoveit_kinematics_metrics.so.2.5.4
[929.470s] -- Set runtime path of "/home/kush/UR5_Project_New/install/moveit_core/lib/libmoveit_kinematics_metrics.so.2.5.4" to ""
[929.470s] -- Installing: /home/kush/UR5_Project_New/install/moveit_core/lib/libmoveit_kinematics_metrics.so
[929.470s] -- Installing: /home/kush/UR5_Project_New/install/moveit_core/lib/libmoveit_planning_interface.so.2.5.4
[929.471s] -- Set runtime path of "/home/kush/UR5_Project_New/install/moveit_core/lib/libmoveit_planning_interface.so.2.5.4" to ""
[929.471s] -- Installing: /home/kush/UR5_Project_New/install/moveit_core/lib/libmoveit_planning_interface.so
[929.472s] -- Installing: /home/kush/UR5_Project_New/install/moveit_core/lib/libmoveit_planning_scene.so.2.5.4
[929.473s] -- Set runtime path of "/home/kush/UR5_Project_New/install/moveit_core/lib/libmoveit_planning_scene.so.2.5.4" to ""
[929.473s] -- Installing: /home/kush/UR5_Project_New/install/moveit_core/lib/libmoveit_planning_scene.so
[929.474s] -- Installing: /home/kush/UR5_Project_New/install/moveit_core/lib/libmoveit_planning_request_adapter.so.2.5.4
[929.474s] -- Set runtime path of "/home/kush/UR5_Project_New/install/moveit_core/lib/libmoveit_planning_request_adapter.so.2.5.4" to ""
[929.474s] -- Installing: /home/kush/UR5_Project_New/install/moveit_core/lib/libmoveit_planning_request_adapter.so
[929.475s] -- Installing: /home/kush/UR5_Project_New/install/moveit_core/lib/libmoveit_robot_model.so.2.5.4
[929.476s] -- Set runtime path of "/home/kush/UR5_Project_New/install/moveit_core/lib/libmoveit_robot_model.so.2.5.4" to ""
[929.476s] -- Installing: /home/kush/UR5_Project_New/install/moveit_core/lib/libmoveit_robot_model.so
[929.476s] -- Installing: /home/kush/UR5_Project_New/install/moveit_core/lib/libmoveit_robot_state.so.2.5.4
[929.478s] -- Set runtime path of "/home/kush/UR5_Project_New/install/moveit_core/lib/libmoveit_robot_state.so.2.5.4" to ""
[929.478s] -- Installing: /home/kush/UR5_Project_New/install/moveit_core/lib/libmoveit_robot_state.so
[929.478s] -- Installing: /home/kush/UR5_Project_New/install/moveit_core/lib/libmoveit_robot_trajectory.so.2.5.4
[929.479s] -- Set runtime path of "/home/kush/UR5_Project_New/install/moveit_core/lib/libmoveit_robot_trajectory.so.2.5.4" to ""
[929.479s] -- Installing: /home/kush/UR5_Project_New/install/moveit_core/lib/libmoveit_robot_trajectory.so
[929.480s] -- Installing: /home/kush/UR5_Project_New/install/moveit_core/lib/libmoveit_smoothing_base.so.2.5.4
[929.480s] -- Set runtime path of "/home/kush/UR5_Project_New/install/moveit_core/lib/libmoveit_smoothing_base.so.2.5.4" to ""
[929.480s] -- Installing: /home/kush/UR5_Project_New/install/moveit_core/lib/libmoveit_smoothing_base.so
[929.481s] -- Installing: /home/kush/UR5_Project_New/install/moveit_core/lib/libmoveit_test_utils.so.2.5.4
[929.482s] -- Set runtime path of "/home/kush/UR5_Project_New/install/moveit_core/lib/libmoveit_test_utils.so.2.5.4" to ""
[929.482s] -- Installing: /home/kush/UR5_Project_New/install/moveit_core/lib/libmoveit_test_utils.so
[929.482s] -- Installing: /home/kush/UR5_Project_New/install/moveit_core/lib/libmoveit_trajectory_processing.so.2.5.4
[929.483s] -- Set runtime path of "/home/kush/UR5_Project_New/install/moveit_core/lib/libmoveit_trajectory_processing.so.2.5.4" to ""
[929.484s] -- Installing: /home/kush/UR5_Project_New/install/moveit_core/lib/libmoveit_trajectory_processing.so
[929.484s] -- Installing: /home/kush/UR5_Project_New/install/moveit_core/lib/libmoveit_transforms.so.2.5.4
[929.484s] -- Set runtime path of "/home/kush/UR5_Project_New/install/moveit_core/lib/libmoveit_transforms.so.2.5.4" to ""
[929.484s] -- Installing: /home/kush/UR5_Project_New/install/moveit_core/lib/libmoveit_transforms.so
[929.485s] -- Installing: /home/kush/UR5_Project_New/install/moveit_core/lib/libmoveit_utils.so.2.5.4
[929.485s] -- Set runtime path of "/home/kush/UR5_Project_New/install/moveit_core/lib/libmoveit_utils.so.2.5.4" to ""
[929.485s] -- Installing: /home/kush/UR5_Project_New/install/moveit_core/lib/libmoveit_utils.so
[929.486s] -- Up-to-date: /home/kush/UR5_Project_New/install/moveit_core/share/moveit_core/environment/library_path.sh
[929.486s] -- Up-to-date: /home/kush/UR5_Project_New/install/moveit_core/share/moveit_core/environment/library_path.dsv
[929.486s] -- Installing: /home/kush/UR5_Project_New/install/moveit_core/share/moveit_core/collision_detector_fcl_description.xml
[929.502s] -- Installing: /home/kush/UR5_Project_New/install/moveit_core/share/moveit_core/collision_detector_bullet_description.xml
[929.502s] -- Installing: /home/kush/UR5_Project_New/install/moveit_core/share/moveit_core/filter_plugin_butterworth.xml
[929.512s] -- Installing: /home/kush/UR5_Project_New/install/moveit_core/share/ament_index/resource_index/package_run_dependencies/moveit_core
[929.513s] -- Installing: /home/kush/UR5_Project_New/install/moveit_core/share/ament_index/resource_index/parent_prefix_path/moveit_core
[929.513s] -- Installing: /home/kush/UR5_Project_New/install/moveit_core/share/moveit_core/environment/ament_prefix_path.sh
[929.513s] -- Installing: /home/kush/UR5_Project_New/install/moveit_core/share/moveit_core/environment/ament_prefix_path.dsv
[929.514s] -- Installing: /home/kush/UR5_Project_New/install/moveit_core/share/moveit_core/environment/path.sh
[929.514s] -- Installing: /home/kush/UR5_Project_New/install/moveit_core/share/moveit_core/environment/path.dsv
[929.514s] -- Installing: /home/kush/UR5_Project_New/install/moveit_core/share/moveit_core/local_setup.bash
[929.514s] -- Installing: /home/kush/UR5_Project_New/install/moveit_core/share/moveit_core/local_setup.sh
[929.514s] -- Installing: /home/kush/UR5_Project_New/install/moveit_core/share/moveit_core/local_setup.zsh
[929.515s] -- Installing: /home/kush/UR5_Project_New/install/moveit_core/share/moveit_core/local_setup.dsv
[929.515s] -- Installing: /home/kush/UR5_Project_New/install/moveit_core/share/moveit_core/package.dsv
[929.515s] -- Installing: /home/kush/UR5_Project_New/install/moveit_core/share/ament_index/resource_index/packages/moveit_core
[929.515s] -- Installing: /home/kush/UR5_Project_New/install/moveit_core/share/ament_index/resource_index/moveit_core__pluginlib__plugin/moveit_core
[929.515s] -- Installing: /home/kush/UR5_Project_New/install/moveit_core/share/moveit_core/cmake/export_moveit_coreExport.cmake
[929.516s] -- Installing: /home/kush/UR5_Project_New/install/moveit_core/share/moveit_core/cmake/export_moveit_coreExport-release.cmake
[929.516s] -- Installing: /home/kush/UR5_Project_New/install/moveit_core/share/moveit_core/cmake/ConfigExtras.cmake
[929.516s] -- Installing: /home/kush/UR5_Project_New/install/moveit_core/share/moveit_core/cmake/ament_cmake_export_targets-extras.cmake
[929.516s] -- Installing: /home/kush/UR5_Project_New/install/moveit_core/share/moveit_core/cmake/ament_cmake_export_dependencies-extras.cmake
[929.516s] -- Installing: /home/kush/UR5_Project_New/install/moveit_core/share/moveit_core/cmake/moveit_coreConfig.cmake
[929.516s] -- Installing: /home/kush/UR5_Project_New/install/moveit_core/share/moveit_core/cmake/moveit_coreConfig-version.cmake
[929.517s] -- Installing: /home/kush/UR5_Project_New/install/moveit_core/share/moveit_core/package.xml
[929.522s] Invoked command in '/home/kush/UR5_Project_New/build/moveit_core' returned '0': AMENT_PREFIX_PATH=/home/kush/UR5_Project_New/install/moveit_resources_panda_moveit_config:/home/kush/UR5_Project_New/install/srdfdom:/home/kush/UR5_Project_New/install/moveit_resources_pr2_description:/home/kush/UR5_Project_New/install/moveit_resources_panda_description:/home/kush/UR5_Project_New/install/moveit_common:${AMENT_PREFIX_PATH} CMAKE_PREFIX_PATH=/home/kush/UR5_Project_New/install/moveit_resources_panda_moveit_config:/home/kush/UR5_Project_New/install/srdfdom:/home/kush/UR5_Project_New/install/moveit_resources_pr2_description:/home/kush/UR5_Project_New/install/moveit_resources_panda_description:/home/kush/UR5_Project_New/install/moveit_common:/home/kush/ws_moveit2_ur5/install/ur_description:/home/kush/ws_moveit2_ur5/install/pilz_industrial_motion_planner_testutils:/home/kush/ws_moveit2_ur5/install/moveit_runtime:/home/kush/ws_moveit2_ur5/install/moveit2_tutorials:/home/kush/ws_moveit2_ur5/install/moveit:/home/kush/ws_moveit2_ur5/install/moveit_planners:/home/kush/ws_moveit2_ur5/install/pilz_industrial_motion_planner:/home/kush/ws_moveit2_ur5/install/moveit_visual_tools:/home/kush/ws_moveit2_ur5/install/moveit_task_constructor_visualization:/home/kush/ws_moveit2_ur5/install/moveit_task_constructor_demo:/home/kush/ws_moveit2_ur5/install/moveit_task_constructor_capabilities:/home/kush/ws_moveit2_ur5/install/moveit_task_constructor_core:/home/kush/ws_moveit2_ur5/install/moveit_ros_control_interface:/home/kush/ws_moveit2_ur5/install/moveit_plugins:/home/kush/ws_moveit2_ur5/install/moveit_simple_controller_manager:/home/kush/ws_moveit2_ur5/install/moveit_setup_assistant:/home/kush/ws_moveit2_ur5/install/moveit_setup_srdf_plugins:/home/kush/ws_moveit2_ur5/install/moveit_setup_core_plugins:/home/kush/ws_moveit2_ur5/install/moveit_setup_controllers:/home/kush/ws_moveit2_ur5/install/moveit_setup_app_plugins:/home/kush/ws_moveit2_ur5/install/moveit_setup_framework:/home/kush/ws_moveit2_ur5/install/moveit_servo:/home/kush/ws_moveit2_ur5/install/moveit_ros:/home/kush/ws_moveit2_ur5/install/moveit_ros_visualization:/home/kush/ws_moveit2_ur5/install/moveit_hybrid_planning:/home/kush/ws_moveit2_ur5/install/moveit_ros_planning_interface:/home/kush/ws_moveit2_ur5/install/moveit_ros_benchmarks:/home/kush/ws_moveit2_ur5/install/moveit_ros_warehouse:/home/kush/ws_moveit2_ur5/install/moveit_ros_robot_interaction:/home/kush/ws_moveit2_ur5/install/moveit_ros_perception:/home/kush/ws_moveit2_ur5/install/moveit_resources_prbt_pg70_support:/home/kush/ws_moveit2_ur5/install/moveit_resources_prbt_moveit_config:/home/kush/ws_moveit2_ur5/install/moveit_ros_move_group:/home/kush/ws_moveit2_ur5/install/moveit_planners_ompl:/home/kush/ws_moveit2_ur5/install/moveit_ros_planning:/home/kush/ws_moveit2_ur5/install/moveit_ros_occupancy_map_monitor:/home/kush/ws_moveit2_ur5/install/moveit_resources_prbt_ikfast_manipulator_plugin:/home/kush/ws_moveit2_ur5/install/moveit_planners_chomp:/home/kush/ws_moveit2_ur5/install/moveit_kinematics:/home/kush/ws_moveit2_ur5/install/moveit_chomp_optimizer_adapter:/home/kush/ws_moveit2_ur5/install/chomp_motion_planner:/home/kush/ws_moveit2_ur5/install/moveit_core:/home/kush/ws_moveit2_ur5/install/srdfdom:/home/kush/ws_moveit2_ur5/install/rviz_marker_tools:/home/kush/ws_moveit2_ur5/install/rosparam_shortcuts:/home/kush/ws_moveit2_ur5/install/moveit_task_constructor_msgs:/home/kush/ws_moveit2_ur5/install/moveit_resources_prbt_support:/home/kush/ws_moveit2_ur5/install/moveit_resources:/home/kush/ws_moveit2_ur5/install/moveit_resources_pr2_description:/home/kush/ws_moveit2_ur5/install/moveit_resources_panda_moveit_config:/home/kush/ws_moveit2_ur5/install/moveit_resources_panda_description:/home/kush/ws_moveit2_ur5/install/moveit_resources_fanuc_moveit_config:/home/kush/ws_moveit2_ur5/install/moveit_resources_fanuc_description:/home/kush/ws_moveit2_ur5/install/moveit_common:/home/kush/ws_moveit2_ur5/install/moveit_configs_utils:/home/kush/ws_moveit2_ur5/install/launch_param_builder:/opt/ros/humble LD_LIBRARY_PATH=/home/kush/UR5_Project_New/install/srdfdom/lib:${LD_LIBRARY_PATH} PYTHONPATH=/home/kush/UR5_Project_New/install/srdfdom/local/lib/python3.10/dist-packages:${PYTHONPATH} /usr/bin/cmake --install /home/kush/UR5_Project_New/build/moveit_core
