[0.174s] Invoking command in '/home/kush/UR5_Project_New/build/moveit_simple_controller_manager': AMENT_PREFIX_PATH=/home/kush/UR5_Project_New/install/moveit_core:/home/kush/UR5_Project_New/install/srdfdom:/home/kush/UR5_Project_New/install/moveit_common:${AMENT_PREFIX_PATH} CMAKE_PREFIX_PATH=/home/kush/UR5_Project_New/install/moveit_core:/home/kush/UR5_Project_New/install/srdfdom:/home/kush/UR5_Project_New/install/moveit_common:/opt/ros/humble LD_LIBRARY_PATH=/home/kush/UR5_Project_New/install/moveit_core/lib:/home/kush/UR5_Project_New/install/srdfdom/lib:${LD_LIBRARY_PATH} PATH=/home/kush/UR5_Project_New/install/moveit_core/bin:${PATH} PYTHONPATH=/home/kush/UR5_Project_New/install/srdfdom/local/lib/python3.10/dist-packages:${PYTHONPATH} /usr/bin/cmake /home/kush/UR5_Project_New/src/moveit2/moveit_plugins/moveit_simple_controller_manager -DCMAKE_INSTALL_PREFIX=/home/kush/UR5_Project_New/install/moveit_simple_controller_manager
[0.343s] -- Found moveit_common: 2.5.4 (/home/kush/UR5_Project_New/install/moveit_common/share/moveit_common/cmake)
[0.344s] -- Found ament_cmake: 1.3.5 (/opt/ros/humble/share/ament_cmake/cmake)
[1.062s] -- Could NOT find libbfd (missing: LIBBFD_LIBRARY LIBBFD_INCLUDE_DIR) 
[1.064s] -- BACKWARD_HAS_UNWIND=1
[1.065s] -- BACKWARD_HAS_BACKTRACE=0
[1.067s] -- BACKWARD_HAS_BACKTRACE_SYMBOL=0
[1.082s] -- BACKWARD_HAS_DW=1
[1.084s] -- BACKWARD_HAS_BFD=0
[1.094s] -- Found Backward: /opt/ros/humble/share/backward_ros/cmake  
[1.098s] -- Found moveit_core: 2.5.4 (/home/kush/UR5_Project_New/install/moveit_core/share/moveit_core/cmake)
[1.152s] -- Found Boost: /usr/lib/x86_64-linux-gnu/cmake/Boost-1.74.0/BoostConfig.cmake (found version "1.74.0") found components: chrono date_time filesystem iostreams program_options regex serialization system thread 
[1.218s] -- Found parameter_traits: 0.3.3 (/opt/ros/humble/share/parameter_traits/cmake)
[1.347s] -- Found rosidl_generator_c: 3.1.5 (/opt/ros/humble/share/rosidl_generator_c/cmake)
[1.420s] -- Found rosidl_adapter: 3.1.5 (/opt/ros/humble/share/rosidl_adapter/cmake)
[1.420s] -- Found rosidl_generator_cpp: 3.1.5 (/opt/ros/humble/share/rosidl_generator_cpp/cmake)
[1.484s] -- Using all available rosidl_typesupport_c: rosidl_typesupport_fastrtps_c;rosidl_typesupport_introspection_c
[1.543s] -- Using all available rosidl_typesupport_cpp: rosidl_typesupport_fastrtps_cpp;rosidl_typesupport_introspection_cpp
[1.738s] -- Found rmw_implementation_cmake: 6.1.1 (/opt/ros/humble/share/rmw_implementation_cmake/cmake)
[1.741s] -- Found rmw_fastrtps_cpp: 6.2.3 (/opt/ros/humble/share/rmw_fastrtps_cpp/cmake)
[2.194s] -- Using RMW implementation 'rmw_fastrtps_cpp' as default
[3.142s] -- Found rclcpp_lifecycle: 16.0.5 (/opt/ros/humble/share/rclcpp_lifecycle/cmake)
[3.353s] -- Found Boost: /usr/lib/x86_64-linux-gnu/cmake/Boost-1.74.0/BoostConfig.cmake (found version "1.74.0") found components: filesystem 
[3.770s] -- library: /usr/lib/x86_64-linux-gnu/libcurl.so
[4.996s] -- Ensuring Eigen3 include directory is part of orocos-kdl CMake target
[8.994s] -- Found control_msgs: 4.4.0 (/opt/ros/humble/share/control_msgs/cmake)
[9.984s] -- Found Boost: /usr/lib/x86_64-linux-gnu/cmake/Boost-1.74.0/BoostConfig.cmake (found version "1.74.0") found components: thread 
[10.002s] -- Found ament_lint_auto: 0.12.7 (/opt/ros/humble/share/ament_lint_auto/cmake)
[10.028s] -- Added test 'cppcheck' to perform static code analysis on C / C++ code
[10.029s] -- Configured cppcheck include dirs: /home/kush/UR5_Project_New/src/moveit2/moveit_plugins/moveit_simple_controller_manager/include
[10.029s] -- Configured cppcheck exclude dirs and/or files: 
[10.031s] -- Added test 'lint_cmake' to check CMake code style
[10.033s] -- Added test 'xmllint' to check XML markup files
[10.044s] -- Configuring done
[10.205s] -- Generating done
[10.220s] -- Build files have been written to: /home/kush/UR5_Project_New/build/moveit_simple_controller_manager
[10.252s] Invoked command in '/home/kush/UR5_Project_New/build/moveit_simple_controller_manager' returned '0': AMENT_PREFIX_PATH=/home/kush/UR5_Project_New/install/moveit_core:/home/kush/UR5_Project_New/install/srdfdom:/home/kush/UR5_Project_New/install/moveit_common:${AMENT_PREFIX_PATH} CMAKE_PREFIX_PATH=/home/kush/UR5_Project_New/install/moveit_core:/home/kush/UR5_Project_New/install/srdfdom:/home/kush/UR5_Project_New/install/moveit_common:/opt/ros/humble LD_LIBRARY_PATH=/home/kush/UR5_Project_New/install/moveit_core/lib:/home/kush/UR5_Project_New/install/srdfdom/lib:${LD_LIBRARY_PATH} PATH=/home/kush/UR5_Project_New/install/moveit_core/bin:${PATH} PYTHONPATH=/home/kush/UR5_Project_New/install/srdfdom/local/lib/python3.10/dist-packages:${PYTHONPATH} /usr/bin/cmake /home/kush/UR5_Project_New/src/moveit2/moveit_plugins/moveit_simple_controller_manager -DCMAKE_INSTALL_PREFIX=/home/kush/UR5_Project_New/install/moveit_simple_controller_manager
[10.253s] Invoking command in '/home/kush/UR5_Project_New/build/moveit_simple_controller_manager': AMENT_PREFIX_PATH=/home/kush/UR5_Project_New/install/moveit_core:/home/kush/UR5_Project_New/install/srdfdom:/home/kush/UR5_Project_New/install/moveit_common:${AMENT_PREFIX_PATH} CMAKE_PREFIX_PATH=/home/kush/UR5_Project_New/install/moveit_core:/home/kush/UR5_Project_New/install/srdfdom:/home/kush/UR5_Project_New/install/moveit_common:/opt/ros/humble LD_LIBRARY_PATH=/home/kush/UR5_Project_New/install/moveit_core/lib:/home/kush/UR5_Project_New/install/srdfdom/lib:${LD_LIBRARY_PATH} PATH=/home/kush/UR5_Project_New/install/moveit_core/bin:${PATH} PYTHONPATH=/home/kush/UR5_Project_New/install/srdfdom/local/lib/python3.10/dist-packages:${PYTHONPATH} /usr/bin/cmake --build /home/kush/UR5_Project_New/build/moveit_simple_controller_manager -- -j4 -l4
[10.446s] [35m[1mConsolidate compiler generated dependencies of target moveit_simple_controller_manager[0m
[10.621s] [100%] Built target moveit_simple_controller_manager
[10.683s] Invoked command in '/home/kush/UR5_Project_New/build/moveit_simple_controller_manager' returned '0': AMENT_PREFIX_PATH=/home/kush/UR5_Project_New/install/moveit_core:/home/kush/UR5_Project_New/install/srdfdom:/home/kush/UR5_Project_New/install/moveit_common:${AMENT_PREFIX_PATH} CMAKE_PREFIX_PATH=/home/kush/UR5_Project_New/install/moveit_core:/home/kush/UR5_Project_New/install/srdfdom:/home/kush/UR5_Project_New/install/moveit_common:/opt/ros/humble LD_LIBRARY_PATH=/home/kush/UR5_Project_New/install/moveit_core/lib:/home/kush/UR5_Project_New/install/srdfdom/lib:${LD_LIBRARY_PATH} PATH=/home/kush/UR5_Project_New/install/moveit_core/bin:${PATH} PYTHONPATH=/home/kush/UR5_Project_New/install/srdfdom/local/lib/python3.10/dist-packages:${PYTHONPATH} /usr/bin/cmake --build /home/kush/UR5_Project_New/build/moveit_simple_controller_manager -- -j4 -l4
[10.841s] Invoking command in '/home/kush/UR5_Project_New/build/moveit_simple_controller_manager': AMENT_PREFIX_PATH=/home/kush/UR5_Project_New/install/moveit_core:/home/kush/UR5_Project_New/install/srdfdom:/home/kush/UR5_Project_New/install/moveit_common:${AMENT_PREFIX_PATH} CMAKE_PREFIX_PATH=/home/kush/UR5_Project_New/install/moveit_core:/home/kush/UR5_Project_New/install/srdfdom:/home/kush/UR5_Project_New/install/moveit_common:/opt/ros/humble LD_LIBRARY_PATH=/home/kush/UR5_Project_New/install/moveit_core/lib:/home/kush/UR5_Project_New/install/srdfdom/lib:${LD_LIBRARY_PATH} PATH=/home/kush/UR5_Project_New/install/moveit_core/bin:${PATH} PYTHONPATH=/home/kush/UR5_Project_New/install/srdfdom/local/lib/python3.10/dist-packages:${PYTHONPATH} /usr/bin/cmake --install /home/kush/UR5_Project_New/build/moveit_simple_controller_manager
[10.858s] -- Install configuration: "Release"
[10.908s] -- Up-to-date: /home/kush/UR5_Project_New/install/moveit_simple_controller_manager/lib/libmoveit_simple_controller_manager.so.2.5.4
[10.911s] -- Up-to-date: /home/kush/UR5_Project_New/install/moveit_simple_controller_manager/lib/libmoveit_simple_controller_manager.so
[10.911s] -- Up-to-date: /home/kush/UR5_Project_New/install/moveit_simple_controller_manager/include
[10.911s] -- Up-to-date: /home/kush/UR5_Project_New/install/moveit_simple_controller_manager/include/moveit_simple_controller_manager
[10.914s] -- Up-to-date: /home/kush/UR5_Project_New/install/moveit_simple_controller_manager/include/moveit_simple_controller_manager/action_based_controller_handle.h
[10.914s] -- Up-to-date: /home/kush/UR5_Project_New/install/moveit_simple_controller_manager/include/moveit_simple_controller_manager/follow_joint_trajectory_controller_handle.h
[10.915s] -- Up-to-date: /home/kush/UR5_Project_New/install/moveit_simple_controller_manager/include/moveit_simple_controller_manager/empty_controller_handle.h
[10.925s] -- Up-to-date: /home/kush/UR5_Project_New/install/moveit_simple_controller_manager/include/moveit_simple_controller_manager/gripper_controller_handle.h
[10.925s] -- Up-to-date: /home/kush/UR5_Project_New/install/moveit_simple_controller_manager/share/moveit_simple_controller_manager/environment/library_path.sh
[10.925s] -- Installing: /home/kush/UR5_Project_New/install/moveit_simple_controller_manager/share/moveit_simple_controller_manager/environment/library_path.dsv
[10.925s] -- Up-to-date: /home/kush/UR5_Project_New/install/moveit_simple_controller_manager/share/moveit_simple_controller_manager/moveit_simple_controller_manager_plugin_description.xml
[10.926s] -- Up-to-date: /home/kush/UR5_Project_New/install/moveit_simple_controller_manager/share/ament_index/resource_index/package_run_dependencies/moveit_simple_controller_manager
[10.926s] -- Installing: /home/kush/UR5_Project_New/install/moveit_simple_controller_manager/share/ament_index/resource_index/parent_prefix_path/moveit_simple_controller_manager
[10.926s] -- Up-to-date: /home/kush/UR5_Project_New/install/moveit_simple_controller_manager/share/moveit_simple_controller_manager/environment/ament_prefix_path.sh
[10.926s] -- Installing: /home/kush/UR5_Project_New/install/moveit_simple_controller_manager/share/moveit_simple_controller_manager/environment/ament_prefix_path.dsv
[10.926s] -- Up-to-date: /home/kush/UR5_Project_New/install/moveit_simple_controller_manager/share/moveit_simple_controller_manager/environment/path.sh
[10.927s] -- Installing: /home/kush/UR5_Project_New/install/moveit_simple_controller_manager/share/moveit_simple_controller_manager/environment/path.dsv
[10.927s] -- Up-to-date: /home/kush/UR5_Project_New/install/moveit_simple_controller_manager/share/moveit_simple_controller_manager/local_setup.bash
[10.927s] -- Up-to-date: /home/kush/UR5_Project_New/install/moveit_simple_controller_manager/share/moveit_simple_controller_manager/local_setup.sh
[10.927s] -- Up-to-date: /home/kush/UR5_Project_New/install/moveit_simple_controller_manager/share/moveit_simple_controller_manager/local_setup.zsh
[10.927s] -- Installing: /home/kush/UR5_Project_New/install/moveit_simple_controller_manager/share/moveit_simple_controller_manager/local_setup.dsv
[10.927s] -- Installing: /home/kush/UR5_Project_New/install/moveit_simple_controller_manager/share/moveit_simple_controller_manager/package.dsv
[10.928s] -- Up-to-date: /home/kush/UR5_Project_New/install/moveit_simple_controller_manager/share/ament_index/resource_index/packages/moveit_simple_controller_manager
[10.928s] -- Up-to-date: /home/kush/UR5_Project_New/install/moveit_simple_controller_manager/share/ament_index/resource_index/moveit_core__pluginlib__plugin/moveit_simple_controller_manager
[10.939s] -- Up-to-date: /home/kush/UR5_Project_New/install/moveit_simple_controller_manager/share/moveit_simple_controller_manager/cmake/export_moveit_simple_controller_managerExport.cmake
[10.939s] -- Up-to-date: /home/kush/UR5_Project_New/install/moveit_simple_controller_manager/share/moveit_simple_controller_manager/cmake/export_moveit_simple_controller_managerExport-release.cmake
[10.939s] -- Up-to-date: /home/kush/UR5_Project_New/install/moveit_simple_controller_manager/share/moveit_simple_controller_manager/cmake/ConfigExtras.cmake
[10.939s] -- Up-to-date: /home/kush/UR5_Project_New/install/moveit_simple_controller_manager/share/moveit_simple_controller_manager/cmake/ament_cmake_export_targets-extras.cmake
[10.939s] -- Up-to-date: /home/kush/UR5_Project_New/install/moveit_simple_controller_manager/share/moveit_simple_controller_manager/cmake/ament_cmake_export_dependencies-extras.cmake
[10.939s] -- Up-to-date: /home/kush/UR5_Project_New/install/moveit_simple_controller_manager/share/moveit_simple_controller_manager/cmake/moveit_simple_controller_managerConfig.cmake
[10.940s] -- Up-to-date: /home/kush/UR5_Project_New/install/moveit_simple_controller_manager/share/moveit_simple_controller_manager/cmake/moveit_simple_controller_managerConfig-version.cmake
[10.940s] -- Up-to-date: /home/kush/UR5_Project_New/install/moveit_simple_controller_manager/share/moveit_simple_controller_manager/package.xml
[10.985s] Invoked command in '/home/kush/UR5_Project_New/build/moveit_simple_controller_manager' returned '0': AMENT_PREFIX_PATH=/home/kush/UR5_Project_New/install/moveit_core:/home/kush/UR5_Project_New/install/srdfdom:/home/kush/UR5_Project_New/install/moveit_common:${AMENT_PREFIX_PATH} CMAKE_PREFIX_PATH=/home/kush/UR5_Project_New/install/moveit_core:/home/kush/UR5_Project_New/install/srdfdom:/home/kush/UR5_Project_New/install/moveit_common:/opt/ros/humble LD_LIBRARY_PATH=/home/kush/UR5_Project_New/install/moveit_core/lib:/home/kush/UR5_Project_New/install/srdfdom/lib:${LD_LIBRARY_PATH} PATH=/home/kush/UR5_Project_New/install/moveit_core/bin:${PATH} PYTHONPATH=/home/kush/UR5_Project_New/install/srdfdom/local/lib/python3.10/dist-packages:${PYTHONPATH} /usr/bin/cmake --install /home/kush/UR5_Project_New/build/moveit_simple_controller_manager
