[0.015s] Invoking command in '/home/kush/UR5_Project_New/build/ur_controllers': AMENT_PREFIX_PATH=/home/kush/UR5_Project_New/install/ur_dashboard_msgs:${AMENT_PREFIX_PATH} CMAKE_PREFIX_PATH=/home/kush/UR5_Project_New/install/ur_dashboard_msgs:/opt/ros/humble LD_LIBRARY_PATH=/home/kush/UR5_Project_New/install/ur_dashboard_msgs/lib:${LD_LIBRARY_PATH} PYTHONPATH=/home/kush/UR5_Project_New/install/ur_dashboard_msgs/local/lib/python3.10/dist-packages:${PYTHONPATH} /usr/bin/cmake /home/kush/UR5_Project_New/src/Universal_Robots_ROS2_Driver/ur_controllers -DCMAKE_BUILD_TYPE=Release -DCMAKE_INSTALL_PREFIX=/home/kush/UR5_Project_New/install/ur_controllers
[0.115s] -- The C compiler identification is GNU 11.4.0
[0.218s] -- The CXX compiler identification is GNU 11.4.0
[0.232s] -- Detecting C compiler ABI info
[0.349s] -- Detecting C compiler ABI info - done
[0.369s] -- Check for working C compiler: /usr/bin/cc - skipped
[0.369s] -- Detecting C compile features
[0.370s] -- Detecting C compile features - done
[0.376s] -- Detecting CXX compiler ABI info
[0.503s] -- Detecting CXX compiler ABI info - done
[0.527s] -- Check for working CXX compiler: /usr/bin/c++ - skipped
[0.527s] -- Detecting CXX compile features
[0.528s] -- Detecting CXX compile features - done
[0.534s] -- Found ament_cmake: 1.3.5 (/opt/ros/humble/share/ament_cmake/cmake)
[0.823s] -- Found Python3: /usr/bin/python3.10 (found version "3.10.12") found components: Interpreter 
[0.973s] -- Found angles: 1.15.0 (/opt/ros/humble/share/angles/cmake)
[0.993s] -- Found controller_interface: 2.29.0 (/opt/ros/humble/share/controller_interface/cmake)
[1.085s] -- Found rosidl_generator_c: 3.1.5 (/opt/ros/humble/share/rosidl_generator_c/cmake)
[1.094s] -- Found rosidl_adapter: 3.1.5 (/opt/ros/humble/share/rosidl_adapter/cmake)
[1.108s] -- Found rosidl_generator_cpp: 3.1.5 (/opt/ros/humble/share/rosidl_generator_cpp/cmake)
[1.137s] -- Using all available rosidl_typesupport_c: rosidl_typesupport_fastrtps_c;rosidl_typesupport_introspection_c
[1.193s] -- Using all available rosidl_typesupport_cpp: rosidl_typesupport_fastrtps_cpp;rosidl_typesupport_introspection_cpp
[2.395s] -- Found rmw_implementation_cmake: 6.1.1 (/opt/ros/humble/share/rmw_implementation_cmake/cmake)
[2.403s] -- Found rmw_fastrtps_cpp: 6.2.3 (/opt/ros/humble/share/rmw_fastrtps_cpp/cmake)
[2.567s] -- Found OpenSSL: /usr/lib/x86_64-linux-gnu/libcrypto.so (found version "3.0.2")  
[2.614s] -- Found FastRTPS: /opt/ros/humble/include  
[2.691s] -- Using RMW implementation 'rmw_fastrtps_cpp' as default
[2.710s] -- Looking for pthread.h
[2.838s] -- Looking for pthread.h - found
[2.838s] -- Performing Test CMAKE_HAVE_LIBC_PTHREAD
[2.955s] -- Performing Test CMAKE_HAVE_LIBC_PTHREAD - Success
[2.958s] -- Found Threads: TRUE  
[3.606s] -- Found joint_trajectory_controller: 2.23.0 (/opt/ros/humble/share/joint_trajectory_controller/cmake)
[4.092s] -- Found parameter_traits: 0.3.3 (/opt/ros/humble/share/parameter_traits/cmake)
[4.459s] -- Found std_srvs: 4.2.3 (/opt/ros/humble/share/std_srvs/cmake)
[4.490s] -- Found ur_dashboard_msgs: 2.2.8 (/home/kush/UR5_Project_New/install/ur_dashboard_msgs/share/ur_dashboard_msgs/cmake)
[4.669s] -- Found ur_msgs: 2.0.0 (/opt/ros/humble/share/ur_msgs/cmake)
[5.108s] -- Configuring done
[5.859s] -- Generating done
[5.864s] -- Build files have been written to: /home/kush/UR5_Project_New/build/ur_controllers
[5.886s] Invoked command in '/home/kush/UR5_Project_New/build/ur_controllers' returned '0': AMENT_PREFIX_PATH=/home/kush/UR5_Project_New/install/ur_dashboard_msgs:${AMENT_PREFIX_PATH} CMAKE_PREFIX_PATH=/home/kush/UR5_Project_New/install/ur_dashboard_msgs:/opt/ros/humble LD_LIBRARY_PATH=/home/kush/UR5_Project_New/install/ur_dashboard_msgs/lib:${LD_LIBRARY_PATH} PYTHONPATH=/home/kush/UR5_Project_New/install/ur_dashboard_msgs/local/lib/python3.10/dist-packages:${PYTHONPATH} /usr/bin/cmake /home/kush/UR5_Project_New/src/Universal_Robots_ROS2_Driver/ur_controllers -DCMAKE_BUILD_TYPE=Release -DCMAKE_INSTALL_PREFIX=/home/kush/UR5_Project_New/install/ur_controllers
[5.890s] Invoking command in '/home/kush/UR5_Project_New/build/ur_controllers': AMENT_PREFIX_PATH=/home/kush/UR5_Project_New/install/ur_dashboard_msgs:${AMENT_PREFIX_PATH} CMAKE_PREFIX_PATH=/home/kush/UR5_Project_New/install/ur_dashboard_msgs:/opt/ros/humble LD_LIBRARY_PATH=/home/kush/UR5_Project_New/install/ur_dashboard_msgs/lib:${LD_LIBRARY_PATH} PYTHONPATH=/home/kush/UR5_Project_New/install/ur_dashboard_msgs/local/lib/python3.10/dist-packages:${PYTHONPATH} /usr/bin/cmake --build /home/kush/UR5_Project_New/build/ur_controllers -- -j4 -l4
[5.982s] [ 14%] [34m[1mRunning `/opt/ros/humble/bin/generate_parameter_library_py /home/kush/UR5_Project_New/build/ur_controllers/gpio_controller_parameters/include//gpio_controller_parameters.hpp /home/kush/UR5_Project_New/src/Universal_Robots_ROS2_Driver/ur_controllers/src/gpio_controller_parameters.yaml `[0m
[6.312s] [ 14%] Built target gpio_controller_parameters
[6.343s] [ 28%] [34m[1mRunning `/opt/ros/humble/bin/generate_parameter_library_py /home/kush/UR5_Project_New/build/ur_controllers/scaled_joint_trajectory_controller_parameters/include//scaled_joint_trajectory_controller_parameters.hpp /home/kush/UR5_Project_New/src/Universal_Robots_ROS2_Driver/ur_controllers/src/scaled_joint_trajectory_controller_parameters.yaml `[0m
[6.582s] [ 28%] Built target scaled_joint_trajectory_controller_parameters
[6.613s] [ 42%] [34m[1mRunning `/opt/ros/humble/bin/generate_parameter_library_py /home/kush/UR5_Project_New/build/ur_controllers/speed_scaling_state_broadcaster_parameters/include//speed_scaling_state_broadcaster_parameters.hpp /home/kush/UR5_Project_New/src/Universal_Robots_ROS2_Driver/ur_controllers/src/speed_scaling_state_broadcaster_parameters.yaml `[0m
[6.864s] [ 42%] Built target speed_scaling_state_broadcaster_parameters
[6.894s] [ 57%] [32mBuilding CXX object CMakeFiles/ur_controllers.dir/src/scaled_joint_trajectory_controller.cpp.o[0m
[18.536s] [ 71%] [32mBuilding CXX object CMakeFiles/ur_controllers.dir/src/gpio_controller.cpp.o[0m
[37.803s] [ 85%] [32mBuilding CXX object CMakeFiles/ur_controllers.dir/src/speed_scaling_state_broadcaster.cpp.o[0m
[47.123s] [100%] [32m[1mLinking CXX shared library libur_controllers.so[0m
[47.636s] [100%] Built target ur_controllers
[47.655s] Invoked command in '/home/kush/UR5_Project_New/build/ur_controllers' returned '0': AMENT_PREFIX_PATH=/home/kush/UR5_Project_New/install/ur_dashboard_msgs:${AMENT_PREFIX_PATH} CMAKE_PREFIX_PATH=/home/kush/UR5_Project_New/install/ur_dashboard_msgs:/opt/ros/humble LD_LIBRARY_PATH=/home/kush/UR5_Project_New/install/ur_dashboard_msgs/lib:${LD_LIBRARY_PATH} PYTHONPATH=/home/kush/UR5_Project_New/install/ur_dashboard_msgs/local/lib/python3.10/dist-packages:${PYTHONPATH} /usr/bin/cmake --build /home/kush/UR5_Project_New/build/ur_controllers -- -j4 -l4
[47.701s] Invoking command in '/home/kush/UR5_Project_New/build/ur_controllers': AMENT_PREFIX_PATH=/home/kush/UR5_Project_New/install/ur_dashboard_msgs:${AMENT_PREFIX_PATH} CMAKE_PREFIX_PATH=/home/kush/UR5_Project_New/install/ur_dashboard_msgs:/opt/ros/humble LD_LIBRARY_PATH=/home/kush/UR5_Project_New/install/ur_dashboard_msgs/lib:${LD_LIBRARY_PATH} PYTHONPATH=/home/kush/UR5_Project_New/install/ur_dashboard_msgs/local/lib/python3.10/dist-packages:${PYTHONPATH} /usr/bin/cmake --install /home/kush/UR5_Project_New/build/ur_controllers
[47.712s] -- Install configuration: "Release"
[47.712s] -- Installing: /home/kush/UR5_Project_New/install/ur_controllers/include/gpio_controller_parameters
[47.713s] -- Installing: /home/kush/UR5_Project_New/install/ur_controllers/include/gpio_controller_parameters/gpio_controller_parameters.hpp
[47.713s] -- Installing: /home/kush/UR5_Project_New/install/ur_controllers/include/speed_scaling_state_broadcaster_parameters
[47.713s] -- Installing: /home/kush/UR5_Project_New/install/ur_controllers/include/speed_scaling_state_broadcaster_parameters/speed_scaling_state_broadcaster_parameters.hpp
[47.713s] -- Installing: /home/kush/UR5_Project_New/install/ur_controllers/include/scaled_joint_trajectory_controller_parameters
[47.713s] -- Installing: /home/kush/UR5_Project_New/install/ur_controllers/include/scaled_joint_trajectory_controller_parameters/scaled_joint_trajectory_controller_parameters.hpp
[47.713s] -- Installing: /home/kush/UR5_Project_New/install/ur_controllers/share/ur_controllers/controller_plugins.xml
[47.714s] -- Installing: /home/kush/UR5_Project_New/install/ur_controllers/lib/libur_controllers.so
[47.716s] -- Set runtime path of "/home/kush/UR5_Project_New/install/ur_controllers/lib/libur_controllers.so" to ""
[47.716s] -- Up-to-date: /home/kush/UR5_Project_New/install/ur_controllers/include
[47.716s] -- Installing: /home/kush/UR5_Project_New/install/ur_controllers/include/ur_controllers
[47.716s] -- Installing: /home/kush/UR5_Project_New/install/ur_controllers/include/ur_controllers/gpio_controller.hpp
[47.717s] -- Installing: /home/kush/UR5_Project_New/install/ur_controllers/include/ur_controllers/scaled_joint_trajectory_controller.hpp
[47.717s] -- Installing: /home/kush/UR5_Project_New/install/ur_controllers/include/ur_controllers/speed_scaling_state_broadcaster.hpp
[47.717s] -- Up-to-date: /home/kush/UR5_Project_New/install/ur_controllers/share/ur_controllers/controller_plugins.xml
[47.717s] -- Installing: /home/kush/UR5_Project_New/install/ur_controllers/share/ur_controllers/environment/library_path.sh
[47.717s] -- Installing: /home/kush/UR5_Project_New/install/ur_controllers/share/ur_controllers/environment/library_path.dsv
[47.717s] -- Installing: /home/kush/UR5_Project_New/install/ur_controllers/share/ament_index/resource_index/package_run_dependencies/ur_controllers
[47.718s] -- Installing: /home/kush/UR5_Project_New/install/ur_controllers/share/ament_index/resource_index/parent_prefix_path/ur_controllers
[47.718s] -- Installing: /home/kush/UR5_Project_New/install/ur_controllers/share/ur_controllers/environment/ament_prefix_path.sh
[47.718s] -- Installing: /home/kush/UR5_Project_New/install/ur_controllers/share/ur_controllers/environment/ament_prefix_path.dsv
[47.718s] -- Installing: /home/kush/UR5_Project_New/install/ur_controllers/share/ur_controllers/environment/path.sh
[47.718s] -- Installing: /home/kush/UR5_Project_New/install/ur_controllers/share/ur_controllers/environment/path.dsv
[47.719s] -- Installing: /home/kush/UR5_Project_New/install/ur_controllers/share/ur_controllers/local_setup.bash
[47.719s] -- Installing: /home/kush/UR5_Project_New/install/ur_controllers/share/ur_controllers/local_setup.sh
[47.719s] -- Installing: /home/kush/UR5_Project_New/install/ur_controllers/share/ur_controllers/local_setup.zsh
[47.719s] -- Installing: /home/kush/UR5_Project_New/install/ur_controllers/share/ur_controllers/local_setup.dsv
[47.719s] -- Installing: /home/kush/UR5_Project_New/install/ur_controllers/share/ur_controllers/package.dsv
[47.719s] -- Installing: /home/kush/UR5_Project_New/install/ur_controllers/share/ament_index/resource_index/packages/ur_controllers
[47.720s] -- Installing: /home/kush/UR5_Project_New/install/ur_controllers/share/ament_index/resource_index/controller_interface__pluginlib__plugin/ur_controllers
[47.720s] -- Installing: /home/kush/UR5_Project_New/install/ur_controllers/share/ur_controllers/cmake/ament_cmake_export_dependencies-extras.cmake
[47.720s] -- Installing: /home/kush/UR5_Project_New/install/ur_controllers/share/ur_controllers/cmake/ament_cmake_export_include_directories-extras.cmake
[47.720s] -- Installing: /home/kush/UR5_Project_New/install/ur_controllers/share/ur_controllers/cmake/ament_cmake_export_libraries-extras.cmake
[47.721s] -- Installing: /home/kush/UR5_Project_New/install/ur_controllers/share/ur_controllers/cmake/ur_controllersConfig.cmake
[47.721s] -- Installing: /home/kush/UR5_Project_New/install/ur_controllers/share/ur_controllers/cmake/ur_controllersConfig-version.cmake
[47.721s] -- Installing: /home/kush/UR5_Project_New/install/ur_controllers/share/ur_controllers/package.xml
[47.727s] Invoked command in '/home/kush/UR5_Project_New/build/ur_controllers' returned '0': AMENT_PREFIX_PATH=/home/kush/UR5_Project_New/install/ur_dashboard_msgs:${AMENT_PREFIX_PATH} CMAKE_PREFIX_PATH=/home/kush/UR5_Project_New/install/ur_dashboard_msgs:/opt/ros/humble LD_LIBRARY_PATH=/home/kush/UR5_Project_New/install/ur_dashboard_msgs/lib:${LD_LIBRARY_PATH} PYTHONPATH=/home/kush/UR5_Project_New/install/ur_dashboard_msgs/local/lib/python3.10/dist-packages:${PYTHONPATH} /usr/bin/cmake --install /home/kush/UR5_Project_New/build/ur_controllers
