[0.668s] Invoking command in '/home/kush/UR5_Project_New/src/build/moveit_resources_panda_description': CMAKE_PREFIX_PATH=/opt/ros/humble /usr/bin/cmake /home/kush/UR5_Project_New/src/moveit_resources/panda_description -DCMAKE_INSTALL_PREFIX=/home/kush/UR5_Project_New/src/install/moveit_resources_panda_description
[5.835s] -- The C compiler identification is GNU 11.4.0
[6.010s] -- The CXX compiler identification is GNU 11.4.0
[6.267s] -- Detecting C compiler ABI info
[6.790s] -- Detecting C compiler ABI info - done
[6.809s] -- Check for working C compiler: /usr/bin/cc - skipped
[6.816s] -- Detecting C compile features
[6.840s] -- Detecting C compile features - done
[6.847s] -- Detecting CXX compiler ABI info
[7.043s] -- Detecting CXX compiler ABI info - done
[7.062s] -- Check for working CXX compiler: /usr/bin/c++ - skipped
[7.063s] -- Detecting CXX compile features
[7.063s] -- Detecting CXX compile features - done
[7.068s] -- Found ament_cmake: 1.3.5 (/opt/ros/humble/share/ament_cmake/cmake)
[7.358s] -- Found Python3: /usr/bin/python3.10 (found version "3.10.12") found components: Interpreter 
[7.659s] -- Configuring done
[7.665s] -- Generating done
[7.667s] -- Build files have been written to: /home/kush/UR5_Project_New/src/build/moveit_resources_panda_description
[7.680s] Invoked command in '/home/kush/UR5_Project_New/src/build/moveit_resources_panda_description' returned '0': CMAKE_PREFIX_PATH=/opt/ros/humble /usr/bin/cmake /home/kush/UR5_Project_New/src/moveit_resources/panda_description -DCMAKE_INSTALL_PREFIX=/home/kush/UR5_Project_New/src/install/moveit_resources_panda_description
[7.681s] Invoking command in '/home/kush/UR5_Project_New/src/build/moveit_resources_panda_description': CMAKE_PREFIX_PATH=/opt/ros/humble /usr/bin/cmake --build /home/kush/UR5_Project_New/src/build/moveit_resources_panda_description -- -j4 -l4
[7.806s] Invoked command in '/home/kush/UR5_Project_New/src/build/moveit_resources_panda_description' returned '0': CMAKE_PREFIX_PATH=/opt/ros/humble /usr/bin/cmake --build /home/kush/UR5_Project_New/src/build/moveit_resources_panda_description -- -j4 -l4
[8.419s] Invoking command in '/home/kush/UR5_Project_New/src/build/moveit_resources_panda_description': CMAKE_PREFIX_PATH=/opt/ros/humble /usr/bin/cmake --install /home/kush/UR5_Project_New/src/build/moveit_resources_panda_description
[8.431s] -- Install configuration: ""
[8.431s] -- Installing: /home/kush/UR5_Project_New/src/install/moveit_resources_panda_description/share/ament_index/resource_index/package_run_dependencies/moveit_resources_panda_description
[8.431s] -- Installing: /home/kush/UR5_Project_New/src/install/moveit_resources_panda_description/share/ament_index/resource_index/parent_prefix_path/moveit_resources_panda_description
[8.432s] -- Installing: /home/kush/UR5_Project_New/src/install/moveit_resources_panda_description/share/moveit_resources_panda_description/environment/ament_prefix_path.sh
[8.432s] -- Installing: /home/kush/UR5_Project_New/src/install/moveit_resources_panda_description/share/moveit_resources_panda_description/environment/ament_prefix_path.dsv
[8.433s] -- Installing: /home/kush/UR5_Project_New/src/install/moveit_resources_panda_description/share/moveit_resources_panda_description/environment/path.sh
[8.433s] -- Installing: /home/kush/UR5_Project_New/src/install/moveit_resources_panda_description/share/moveit_resources_panda_description/environment/path.dsv
[8.433s] -- Installing: /home/kush/UR5_Project_New/src/install/moveit_resources_panda_description/share/moveit_resources_panda_description/local_setup.bash
[8.435s] -- Installing: /home/kush/UR5_Project_New/src/install/moveit_resources_panda_description/share/moveit_resources_panda_description/local_setup.sh
[8.435s] -- Installing: /home/kush/UR5_Project_New/src/install/moveit_resources_panda_description/share/moveit_resources_panda_description/local_setup.zsh
[8.436s] -- Installing: /home/kush/UR5_Project_New/src/install/moveit_resources_panda_description/share/moveit_resources_panda_description/local_setup.dsv
[8.436s] -- Installing: /home/kush/UR5_Project_New/src/install/moveit_resources_panda_description/share/moveit_resources_panda_description/package.dsv
[8.436s] -- Installing: /home/kush/UR5_Project_New/src/install/moveit_resources_panda_description/share/ament_index/resource_index/packages/moveit_resources_panda_description
[8.437s] -- Installing: /home/kush/UR5_Project_New/src/install/moveit_resources_panda_description/share/moveit_resources_panda_description/cmake/moveit_resources_panda_descriptionConfig.cmake
[8.437s] -- Installing: /home/kush/UR5_Project_New/src/install/moveit_resources_panda_description/share/moveit_resources_panda_description/cmake/moveit_resources_panda_descriptionConfig-version.cmake
[8.437s] -- Installing: /home/kush/UR5_Project_New/src/install/moveit_resources_panda_description/share/moveit_resources_panda_description/package.xml
[8.437s] -- Installing: /home/kush/UR5_Project_New/src/install/moveit_resources_panda_description/share/moveit_resources_panda_description/meshes
[8.437s] -- Installing: /home/kush/UR5_Project_New/src/install/moveit_resources_panda_description/share/moveit_resources_panda_description/meshes/visual
[8.437s] -- Installing: /home/kush/UR5_Project_New/src/install/moveit_resources_panda_description/share/moveit_resources_panda_description/meshes/visual/link1.dae
[8.584s] -- Installing: /home/kush/UR5_Project_New/src/install/moveit_resources_panda_description/share/moveit_resources_panda_description/meshes/visual/link7.dae
[8.642s] -- Installing: /home/kush/UR5_Project_New/src/install/moveit_resources_panda_description/share/moveit_resources_panda_description/meshes/visual/link2.dae
[8.735s] -- Installing: /home/kush/UR5_Project_New/src/install/moveit_resources_panda_description/share/moveit_resources_panda_description/meshes/visual/finger.dae
[8.756s] -- Installing: /home/kush/UR5_Project_New/src/install/moveit_resources_panda_description/share/moveit_resources_panda_description/meshes/visual/link5.dae
[8.844s] -- Installing: /home/kush/UR5_Project_New/src/install/moveit_resources_panda_description/share/moveit_resources_panda_description/meshes/visual/link0.dae
[8.905s] -- Installing: /home/kush/UR5_Project_New/src/install/moveit_resources_panda_description/share/moveit_resources_panda_description/meshes/visual/link6.dae
[8.984s] -- Installing: /home/kush/UR5_Project_New/src/install/moveit_resources_panda_description/share/moveit_resources_panda_description/meshes/visual/link4.dae
[9.045s] -- Installing: /home/kush/UR5_Project_New/src/install/moveit_resources_panda_description/share/moveit_resources_panda_description/meshes/visual/hand.dae
[9.064s] -- Installing: /home/kush/UR5_Project_New/src/install/moveit_resources_panda_description/share/moveit_resources_panda_description/meshes/visual/link3.dae
[9.096s] -- Installing: /home/kush/UR5_Project_New/src/install/moveit_resources_panda_description/share/moveit_resources_panda_description/meshes/collision
[9.097s] -- Installing: /home/kush/UR5_Project_New/src/install/moveit_resources_panda_description/share/moveit_resources_panda_description/meshes/collision/finger.stl
[9.110s] -- Installing: /home/kush/UR5_Project_New/src/install/moveit_resources_panda_description/share/moveit_resources_panda_description/meshes/collision/link3.stl
[9.135s] -- Installing: /home/kush/UR5_Project_New/src/install/moveit_resources_panda_description/share/moveit_resources_panda_description/meshes/collision/link2.stl
[9.150s] -- Installing: /home/kush/UR5_Project_New/src/install/moveit_resources_panda_description/share/moveit_resources_panda_description/meshes/collision/link7.stl
[9.164s] -- Installing: /home/kush/UR5_Project_New/src/install/moveit_resources_panda_description/share/moveit_resources_panda_description/meshes/collision/link4.stl
[9.165s] -- Installing: /home/kush/UR5_Project_New/src/install/moveit_resources_panda_description/share/moveit_resources_panda_description/meshes/collision/hand.stl
[9.178s] -- Installing: /home/kush/UR5_Project_New/src/install/moveit_resources_panda_description/share/moveit_resources_panda_description/meshes/collision/link1.stl
[9.178s] -- Installing: /home/kush/UR5_Project_New/src/install/moveit_resources_panda_description/share/moveit_resources_panda_description/meshes/collision/link0.stl
[9.178s] -- Installing: /home/kush/UR5_Project_New/src/install/moveit_resources_panda_description/share/moveit_resources_panda_description/meshes/collision/link6.stl
[9.193s] -- Installing: /home/kush/UR5_Project_New/src/install/moveit_resources_panda_description/share/moveit_resources_panda_description/meshes/collision/link5.stl
[9.195s] -- Installing: /home/kush/UR5_Project_New/src/install/moveit_resources_panda_description/share/moveit_resources_panda_description/urdf
[9.195s] -- Installing: /home/kush/UR5_Project_New/src/install/moveit_resources_panda_description/share/moveit_resources_panda_description/urdf/panda.urdf
[9.214s] Invoked command in '/home/kush/UR5_Project_New/src/build/moveit_resources_panda_description' returned '0': CMAKE_PREFIX_PATH=/opt/ros/humble /usr/bin/cmake --install /home/kush/UR5_Project_New/src/build/moveit_resources_panda_description
