[0.133s] Invoking command in '/home/kush/UR5_Project_New/build/moveit_simple_controller_manager': AMENT_PREFIX_PATH=/home/kush/UR5_Project_New/install/moveit_core:/home/kush/UR5_Project_New/install/srdfdom:/home/kush/UR5_Project_New/install/moveit_common:${AMENT_PREFIX_PATH} CMAKE_PREFIX_PATH=/home/kush/UR5_Project_New/install/moveit_core:/home/kush/UR5_Project_New/install/srdfdom:/home/kush/UR5_Project_New/install/moveit_common:/opt/ros/humble LD_LIBRARY_PATH=/home/kush/UR5_Project_New/install/moveit_core/lib:/home/kush/UR5_Project_New/install/srdfdom/lib:${LD_LIBRARY_PATH} PATH=/home/kush/UR5_Project_New/install/moveit_core/bin:${PATH} PYTHONPATH=/home/kush/UR5_Project_New/install/srdfdom/local/lib/python3.10/dist-packages:${PYTHONPATH} /usr/bin/cmake --build /home/kush/UR5_Project_New/build/moveit_simple_controller_manager -- -j4 -l4
[0.473s] [100%] Built target moveit_simple_controller_manager
[0.558s] Invoked command in '/home/kush/UR5_Project_New/build/moveit_simple_controller_manager' returned '0': AMENT_PREFIX_PATH=/home/kush/UR5_Project_New/install/moveit_core:/home/kush/UR5_Project_New/install/srdfdom:/home/kush/UR5_Project_New/install/moveit_common:${AMENT_PREFIX_PATH} CMAKE_PREFIX_PATH=/home/kush/UR5_Project_New/install/moveit_core:/home/kush/UR5_Project_New/install/srdfdom:/home/kush/UR5_Project_New/install/moveit_common:/opt/ros/humble LD_LIBRARY_PATH=/home/kush/UR5_Project_New/install/moveit_core/lib:/home/kush/UR5_Project_New/install/srdfdom/lib:${LD_LIBRARY_PATH} PATH=/home/kush/UR5_Project_New/install/moveit_core/bin:${PATH} PYTHONPATH=/home/kush/UR5_Project_New/install/srdfdom/local/lib/python3.10/dist-packages:${PYTHONPATH} /usr/bin/cmake --build /home/kush/UR5_Project_New/build/moveit_simple_controller_manager -- -j4 -l4
[0.861s] Invoking command in '/home/kush/UR5_Project_New/build/moveit_simple_controller_manager': AMENT_PREFIX_PATH=/home/kush/UR5_Project_New/install/moveit_core:/home/kush/UR5_Project_New/install/srdfdom:/home/kush/UR5_Project_New/install/moveit_common:${AMENT_PREFIX_PATH} CMAKE_PREFIX_PATH=/home/kush/UR5_Project_New/install/moveit_core:/home/kush/UR5_Project_New/install/srdfdom:/home/kush/UR5_Project_New/install/moveit_common:/opt/ros/humble LD_LIBRARY_PATH=/home/kush/UR5_Project_New/install/moveit_core/lib:/home/kush/UR5_Project_New/install/srdfdom/lib:${LD_LIBRARY_PATH} PATH=/home/kush/UR5_Project_New/install/moveit_core/bin:${PATH} PYTHONPATH=/home/kush/UR5_Project_New/install/srdfdom/local/lib/python3.10/dist-packages:${PYTHONPATH} /usr/bin/cmake --install /home/kush/UR5_Project_New/build/moveit_simple_controller_manager
[0.880s] -- Install configuration: "Release"
[0.881s] -- Up-to-date: /home/kush/UR5_Project_New/install/moveit_simple_controller_manager/lib/libmoveit_simple_controller_manager.so.2.5.4
[0.881s] -- Up-to-date: /home/kush/UR5_Project_New/install/moveit_simple_controller_manager/lib/libmoveit_simple_controller_manager.so
[0.882s] -- Up-to-date: /home/kush/UR5_Project_New/install/moveit_simple_controller_manager/include
[0.882s] -- Up-to-date: /home/kush/UR5_Project_New/install/moveit_simple_controller_manager/include/moveit_simple_controller_manager
[0.882s] -- Up-to-date: /home/kush/UR5_Project_New/install/moveit_simple_controller_manager/include/moveit_simple_controller_manager/action_based_controller_handle.h
[0.882s] -- Up-to-date: /home/kush/UR5_Project_New/install/moveit_simple_controller_manager/include/moveit_simple_controller_manager/follow_joint_trajectory_controller_handle.h
[0.882s] -- Up-to-date: /home/kush/UR5_Project_New/install/moveit_simple_controller_manager/include/moveit_simple_controller_manager/empty_controller_handle.h
[0.883s] -- Up-to-date: /home/kush/UR5_Project_New/install/moveit_simple_controller_manager/include/moveit_simple_controller_manager/gripper_controller_handle.h
[0.883s] -- Up-to-date: /home/kush/UR5_Project_New/install/moveit_simple_controller_manager/share/moveit_simple_controller_manager/environment/library_path.sh
[0.883s] -- Up-to-date: /home/kush/UR5_Project_New/install/moveit_simple_controller_manager/share/moveit_simple_controller_manager/environment/library_path.dsv
[0.883s] -- Up-to-date: /home/kush/UR5_Project_New/install/moveit_simple_controller_manager/share/moveit_simple_controller_manager/moveit_simple_controller_manager_plugin_description.xml
[0.883s] -- Up-to-date: /home/kush/UR5_Project_New/install/moveit_simple_controller_manager/share/ament_index/resource_index/package_run_dependencies/moveit_simple_controller_manager
[0.884s] -- Up-to-date: /home/kush/UR5_Project_New/install/moveit_simple_controller_manager/share/ament_index/resource_index/parent_prefix_path/moveit_simple_controller_manager
[0.884s] -- Up-to-date: /home/kush/UR5_Project_New/install/moveit_simple_controller_manager/share/moveit_simple_controller_manager/environment/ament_prefix_path.sh
[0.884s] -- Up-to-date: /home/kush/UR5_Project_New/install/moveit_simple_controller_manager/share/moveit_simple_controller_manager/environment/ament_prefix_path.dsv
[0.884s] -- Up-to-date: /home/kush/UR5_Project_New/install/moveit_simple_controller_manager/share/moveit_simple_controller_manager/environment/path.sh
[0.885s] -- Up-to-date: /home/kush/UR5_Project_New/install/moveit_simple_controller_manager/share/moveit_simple_controller_manager/environment/path.dsv
[0.885s] -- Up-to-date: /home/kush/UR5_Project_New/install/moveit_simple_controller_manager/share/moveit_simple_controller_manager/local_setup.bash
[0.885s] -- Up-to-date: /home/kush/UR5_Project_New/install/moveit_simple_controller_manager/share/moveit_simple_controller_manager/local_setup.sh
[0.885s] -- Up-to-date: /home/kush/UR5_Project_New/install/moveit_simple_controller_manager/share/moveit_simple_controller_manager/local_setup.zsh
[0.885s] -- Up-to-date: /home/kush/UR5_Project_New/install/moveit_simple_controller_manager/share/moveit_simple_controller_manager/local_setup.dsv
[0.885s] -- Installing: /home/kush/UR5_Project_New/install/moveit_simple_controller_manager/share/moveit_simple_controller_manager/package.dsv
[0.886s] -- Up-to-date: /home/kush/UR5_Project_New/install/moveit_simple_controller_manager/share/ament_index/resource_index/packages/moveit_simple_controller_manager
[0.886s] -- Up-to-date: /home/kush/UR5_Project_New/install/moveit_simple_controller_manager/share/ament_index/resource_index/moveit_core__pluginlib__plugin/moveit_simple_controller_manager
[0.886s] -- Up-to-date: /home/kush/UR5_Project_New/install/moveit_simple_controller_manager/share/moveit_simple_controller_manager/cmake/export_moveit_simple_controller_managerExport.cmake
[0.886s] -- Up-to-date: /home/kush/UR5_Project_New/install/moveit_simple_controller_manager/share/moveit_simple_controller_manager/cmake/export_moveit_simple_controller_managerExport-release.cmake
[0.890s] -- Up-to-date: /home/kush/UR5_Project_New/install/moveit_simple_controller_manager/share/moveit_simple_controller_manager/cmake/ConfigExtras.cmake
[0.896s] -- Up-to-date: /home/kush/UR5_Project_New/install/moveit_simple_controller_manager/share/moveit_simple_controller_manager/cmake/ament_cmake_export_targets-extras.cmake
[0.897s] -- Up-to-date: /home/kush/UR5_Project_New/install/moveit_simple_controller_manager/share/moveit_simple_controller_manager/cmake/ament_cmake_export_dependencies-extras.cmake
[0.897s] -- Up-to-date: /home/kush/UR5_Project_New/install/moveit_simple_controller_manager/share/moveit_simple_controller_manager/cmake/moveit_simple_controller_managerConfig.cmake
[0.897s] -- Up-to-date: /home/kush/UR5_Project_New/install/moveit_simple_controller_manager/share/moveit_simple_controller_manager/cmake/moveit_simple_controller_managerConfig-version.cmake
[0.897s] -- Up-to-date: /home/kush/UR5_Project_New/install/moveit_simple_controller_manager/share/moveit_simple_controller_manager/package.xml
[0.898s] Invoked command in '/home/kush/UR5_Project_New/build/moveit_simple_controller_manager' returned '0': AMENT_PREFIX_PATH=/home/kush/UR5_Project_New/install/moveit_core:/home/kush/UR5_Project_New/install/srdfdom:/home/kush/UR5_Project_New/install/moveit_common:${AMENT_PREFIX_PATH} CMAKE_PREFIX_PATH=/home/kush/UR5_Project_New/install/moveit_core:/home/kush/UR5_Project_New/install/srdfdom:/home/kush/UR5_Project_New/install/moveit_common:/opt/ros/humble LD_LIBRARY_PATH=/home/kush/UR5_Project_New/install/moveit_core/lib:/home/kush/UR5_Project_New/install/srdfdom/lib:${LD_LIBRARY_PATH} PATH=/home/kush/UR5_Project_New/install/moveit_core/bin:${PATH} PYTHONPATH=/home/kush/UR5_Project_New/install/srdfdom/local/lib/python3.10/dist-packages:${PYTHONPATH} /usr/bin/cmake --install /home/kush/UR5_Project_New/build/moveit_simple_controller_manager
