[0.059s] Invoking command in '/home/kush/UR5_Project_New/src/build/rosparam_shortcuts': CMAKE_PREFIX_PATH=/opt/ros/humble /usr/bin/cmake /home/kush/UR5_Project_New/src/rosparam_shortcuts -DCMAKE_INSTALL_PREFIX=/home/kush/UR5_Project_New/src/install/rosparam_shortcuts
[0.259s] -- The C compiler identification is GNU 11.4.0
[0.547s] -- The CXX compiler identification is GNU 11.4.0
[0.581s] -- Detecting C compiler ABI info
[0.920s] -- Detecting C compiler ABI info - done
[0.968s] -- Check for working C compiler: /usr/bin/cc - skipped
[0.969s] -- Detecting C compile features
[0.971s] -- Detecting C compile features - done
[0.988s] -- Detecting CXX compiler ABI info
[1.246s] -- Detecting CXX compiler ABI info - done
[1.288s] -- Check for working CXX compiler: /usr/bin/c++ - skipped
[1.288s] -- Detecting CXX compile features
[1.290s] -- Detecting CXX compile features - done
[1.304s] -- Found ament_cmake: 1.3.5 (/opt/ros/humble/share/ament_cmake/cmake)
[1.958s] -- Found Python3: /usr/bin/python3.10 (found version "3.10.12") found components: Interpreter 
[2.373s] -- Found eigen3_cmake_module: 0.1.1 (/opt/ros/humble/share/eigen3_cmake_module/cmake)
[2.410s] -- Found Eigen3: TRUE (found version "3.4.0") 
[2.414s] -- Found geometry_msgs: 4.2.3 (/opt/ros/humble/share/geometry_msgs/cmake)
[2.608s] -- Found rosidl_generator_c: 3.1.5 (/opt/ros/humble/share/rosidl_generator_c/cmake)
[2.623s] -- Found rosidl_adapter: 3.1.5 (/opt/ros/humble/share/rosidl_adapter/cmake)
[2.669s] -- Found rosidl_generator_cpp: 3.1.5 (/opt/ros/humble/share/rosidl_generator_cpp/cmake)
[2.745s] -- Using all available rosidl_typesupport_c: rosidl_typesupport_fastrtps_c;rosidl_typesupport_introspection_c
[2.806s] -- Using all available rosidl_typesupport_cpp: rosidl_typesupport_fastrtps_cpp;rosidl_typesupport_introspection_cpp
[3.162s] -- Found rclcpp: 16.0.5 (/opt/ros/humble/share/rclcpp/cmake)
[3.335s] -- Found rmw_implementation_cmake: 6.1.1 (/opt/ros/humble/share/rmw_implementation_cmake/cmake)
[3.341s] -- Found rmw_fastrtps_cpp: 6.2.3 (/opt/ros/humble/share/rmw_fastrtps_cpp/cmake)
[3.873s] -- Found OpenSSL: /usr/lib/x86_64-linux-gnu/libcrypto.so (found version "3.0.2")  
[4.022s] -- Found FastRTPS: /opt/ros/humble/include  
[4.154s] -- Using RMW implementation 'rmw_fastrtps_cpp' as default
[4.182s] -- Looking for pthread.h
[4.469s] -- Looking for pthread.h - found
[4.470s] -- Performing Test CMAKE_HAVE_LIBC_PTHREAD
[5.005s] -- Performing Test CMAKE_HAVE_LIBC_PTHREAD - Success
[5.009s] -- Found Threads: TRUE  
[5.699s] -- Found tf2_eigen: 0.25.3 (/opt/ros/humble/share/tf2_eigen/cmake)
[7.935s] -- Found ament_lint_auto: 0.12.7 (/opt/ros/humble/share/ament_lint_auto/cmake)
[7.999s] -- Found ament_cmake_gtest: 1.3.5 (/opt/ros/humble/share/ament_cmake_gtest/cmake)
[8.038s] -- Found ros_testing: 0.4.0 (/opt/ros/humble/share/ros_testing/cmake)
[8.064s] -- Found launch_testing_ament_cmake: 1.0.4 (/opt/ros/humble/share/launch_testing_ament_cmake/cmake)
[8.068s] -- Found python_cmake_module: 0.10.0 (/opt/ros/humble/share/python_cmake_module/cmake)
[8.180s] -- Found PythonInterp: /usr/bin/python3 (found suitable version "3.10.12", minimum required is "3.6") 
[8.215s] -- Found PythonLibs: /usr/lib/x86_64-linux-gnu/libpython3.10.so (found suitable version "3.10.12", minimum required is "3.5") 
[8.216s] -- Using PYTHON_EXECUTABLE: /usr/bin/python3
[8.217s] -- Using PYTHON_INCLUDE_DIRS: /usr/include/python3.10
[8.217s] -- Using PYTHON_LIBRARIES: /usr/lib/x86_64-linux-gnu/libpython3.10.so
[8.334s] -- Found PythonExtra: .so  
[8.745s] -- Found gtest sources under '/opt/ros/humble/src/gtest_vendor': C++ tests using 'Google Test' will be built
[8.801s] -- Added test 'copyright' to check source files copyright and LICENSE
[8.809s] -- Added test 'lint_cmake' to check CMake code style
[8.811s] -- Added test 'pep257' to check Python code against some of the docstring style conventions in PEP 257
[8.813s] -- Added test 'xmllint' to check XML markup files
[8.816s] -- Configuring done
[8.900s] -- Generating done
[8.907s] -- Build files have been written to: /home/kush/UR5_Project_New/src/build/rosparam_shortcuts
[8.951s] Invoked command in '/home/kush/UR5_Project_New/src/build/rosparam_shortcuts' returned '0': CMAKE_PREFIX_PATH=/opt/ros/humble /usr/bin/cmake /home/kush/UR5_Project_New/src/rosparam_shortcuts -DCMAKE_INSTALL_PREFIX=/home/kush/UR5_Project_New/src/install/rosparam_shortcuts
[8.959s] Invoking command in '/home/kush/UR5_Project_New/src/build/rosparam_shortcuts': CMAKE_PREFIX_PATH=/opt/ros/humble /usr/bin/cmake --build /home/kush/UR5_Project_New/src/build/rosparam_shortcuts -- -j4 -l4
[9.078s] [  7%] [32mBuilding CXX object CMakeFiles/rosparam_shortcuts.dir/src/node_parameters.cpp.o[0m
[20.904s] [ 15%] [32mBuilding CXX object CMakeFiles/rosparam_shortcuts.dir/src/rosparam_shortcuts.cpp.o[0m
[46.391s] [ 23%] [32m[1mLinking CXX shared library librosparam_shortcuts.so[0m
[47.419s] [ 23%] Built target rosparam_shortcuts
[47.561s] [ 30%] [32mBuilding CXX object gtest/CMakeFiles/gtest.dir/src/gtest-all.cc.o[0m
[61.021s] [ 38%] [32m[1mLinking CXX static library libgtest.a[0m
[61.410s] [ 38%] Built target gtest
[61.458s] [ 46%] [32mBuilding CXX object CMakeFiles/rosparam_shortcuts_node_parameters_example.dir/src/node_parameters_example.cpp.o[0m
[73.294s] [ 53%] [32m[1mLinking CXX executable node_parameters_example[0m
[74.008s] [ 53%] Built target rosparam_shortcuts_node_parameters_example
[74.169s] [ 61%] [32mBuilding CXX object CMakeFiles/rosparam_shortcuts_example.dir/src/example.cpp.o[0m
[87.506s] [ 69%] [32m[1mLinking CXX executable example[0m
[88.177s] [ 69%] Built target rosparam_shortcuts_example
[88.336s] [ 76%] [32mBuilding CXX object gtest/CMakeFiles/gtest_main.dir/src/gtest_main.cc.o[0m
[92.700s] [ 84%] [32m[1mLinking CXX static library libgtest_main.a[0m
[93.137s] [ 84%] Built target gtest_main
[93.281s] [ 92%] [32mBuilding CXX object CMakeFiles/test_node_parameters.dir/test/test_node_parameters.cpp.o[0m
[114.227s] [100%] [32m[1mLinking CXX executable test_node_parameters[0m
[115.230s] [100%] Built target test_node_parameters
[115.297s] Invoked command in '/home/kush/UR5_Project_New/src/build/rosparam_shortcuts' returned '0': CMAKE_PREFIX_PATH=/opt/ros/humble /usr/bin/cmake --build /home/kush/UR5_Project_New/src/build/rosparam_shortcuts -- -j4 -l4
[115.829s] Invoking command in '/home/kush/UR5_Project_New/src/build/rosparam_shortcuts': CMAKE_PREFIX_PATH=/opt/ros/humble /usr/bin/cmake --install /home/kush/UR5_Project_New/src/build/rosparam_shortcuts
[115.860s] -- Install configuration: ""
[115.860s] -- Installing: /home/kush/UR5_Project_New/src/install/rosparam_shortcuts/lib/librosparam_shortcuts.so
[115.875s] -- Set runtime path of "/home/kush/UR5_Project_New/src/install/rosparam_shortcuts/lib/librosparam_shortcuts.so" to ""
[115.875s] -- Installing: /home/kush/UR5_Project_New/src/install/rosparam_shortcuts/lib/rosparam_shortcuts/example
[115.883s] -- Set runtime path of "/home/kush/UR5_Project_New/src/install/rosparam_shortcuts/lib/rosparam_shortcuts/example" to ""
[115.884s] -- Installing: /home/kush/UR5_Project_New/src/install/rosparam_shortcuts/lib/rosparam_shortcuts/node_parameters_example
[115.895s] -- Set runtime path of "/home/kush/UR5_Project_New/src/install/rosparam_shortcuts/lib/rosparam_shortcuts/node_parameters_example" to ""
[115.896s] -- Installing: /home/kush/UR5_Project_New/src/install/rosparam_shortcuts/include
[115.897s] -- Installing: /home/kush/UR5_Project_New/src/install/rosparam_shortcuts/include/rosparam_shortcuts
[115.898s] -- Installing: /home/kush/UR5_Project_New/src/install/rosparam_shortcuts/include/rosparam_shortcuts/node_parameters.h
[115.901s] -- Installing: /home/kush/UR5_Project_New/src/install/rosparam_shortcuts/include/rosparam_shortcuts/rosparam_shortcuts.h
[115.904s] -- Installing: /home/kush/UR5_Project_New/src/install/rosparam_shortcuts/share/rosparam_shortcuts/launch
[115.905s] -- Installing: /home/kush/UR5_Project_New/src/install/rosparam_shortcuts/share/rosparam_shortcuts/launch/example.launch.py
[115.915s] -- Installing: /home/kush/UR5_Project_New/src/install/rosparam_shortcuts/share/rosparam_shortcuts/config
[115.915s] -- Installing: /home/kush/UR5_Project_New/src/install/rosparam_shortcuts/share/rosparam_shortcuts/config/example.yaml
[115.916s] -- Installing: /home/kush/UR5_Project_New/src/install/rosparam_shortcuts/share/rosparam_shortcuts/environment/library_path.sh
[115.917s] -- Installing: /home/kush/UR5_Project_New/src/install/rosparam_shortcuts/share/rosparam_shortcuts/environment/library_path.dsv
[115.919s] -- Installing: /home/kush/UR5_Project_New/src/install/rosparam_shortcuts/share/ament_index/resource_index/package_run_dependencies/rosparam_shortcuts
[115.920s] -- Installing: /home/kush/UR5_Project_New/src/install/rosparam_shortcuts/share/ament_index/resource_index/parent_prefix_path/rosparam_shortcuts
[115.920s] -- Installing: /home/kush/UR5_Project_New/src/install/rosparam_shortcuts/share/rosparam_shortcuts/environment/ament_prefix_path.sh
[115.921s] -- Installing: /home/kush/UR5_Project_New/src/install/rosparam_shortcuts/share/rosparam_shortcuts/environment/ament_prefix_path.dsv
[115.922s] -- Installing: /home/kush/UR5_Project_New/src/install/rosparam_shortcuts/share/rosparam_shortcuts/environment/path.sh
[115.923s] -- Installing: /home/kush/UR5_Project_New/src/install/rosparam_shortcuts/share/rosparam_shortcuts/environment/path.dsv
[115.923s] -- Installing: /home/kush/UR5_Project_New/src/install/rosparam_shortcuts/share/rosparam_shortcuts/local_setup.bash
[115.924s] -- Installing: /home/kush/UR5_Project_New/src/install/rosparam_shortcuts/share/rosparam_shortcuts/local_setup.sh
[115.925s] -- Installing: /home/kush/UR5_Project_New/src/install/rosparam_shortcuts/share/rosparam_shortcuts/local_setup.zsh
[115.926s] -- Installing: /home/kush/UR5_Project_New/src/install/rosparam_shortcuts/share/rosparam_shortcuts/local_setup.dsv
[115.926s] -- Installing: /home/kush/UR5_Project_New/src/install/rosparam_shortcuts/share/rosparam_shortcuts/package.dsv
[115.927s] -- Installing: /home/kush/UR5_Project_New/src/install/rosparam_shortcuts/share/ament_index/resource_index/packages/rosparam_shortcuts
[115.928s] -- Installing: /home/kush/UR5_Project_New/src/install/rosparam_shortcuts/share/rosparam_shortcuts/cmake/export_rosparam_shortcutsExport.cmake
[115.929s] -- Installing: /home/kush/UR5_Project_New/src/install/rosparam_shortcuts/share/rosparam_shortcuts/cmake/export_rosparam_shortcutsExport-noconfig.cmake
[115.930s] -- Installing: /home/kush/UR5_Project_New/src/install/rosparam_shortcuts/share/rosparam_shortcuts/cmake/ament_cmake_export_targets-extras.cmake
[115.930s] -- Installing: /home/kush/UR5_Project_New/src/install/rosparam_shortcuts/share/rosparam_shortcuts/cmake/ament_cmake_export_dependencies-extras.cmake
[115.931s] -- Installing: /home/kush/UR5_Project_New/src/install/rosparam_shortcuts/share/rosparam_shortcuts/cmake/rosparam_shortcutsConfig.cmake
[115.932s] -- Installing: /home/kush/UR5_Project_New/src/install/rosparam_shortcuts/share/rosparam_shortcuts/cmake/rosparam_shortcutsConfig-version.cmake
[115.933s] -- Installing: /home/kush/UR5_Project_New/src/install/rosparam_shortcuts/share/rosparam_shortcuts/package.xml
[115.958s] Invoked command in '/home/kush/UR5_Project_New/src/build/rosparam_shortcuts' returned '0': CMAKE_PREFIX_PATH=/opt/ros/humble /usr/bin/cmake --install /home/kush/UR5_Project_New/src/build/rosparam_shortcuts
