[0.102s] Invoking command in '/home/kush/UR5_Project_New/build/moveit_resources_prbt_support': CMAKE_PREFIX_PATH=${CMAKE_PREFIX_PATH}:/home/kush/ws_moveit2_ur5/install/moveit_configs_utils:/home/kush/ws_moveit2_ur5/install/launch_param_builder:/opt/ros/humble /usr/bin/cmake /home/kush/UR5_Project_New/src/moveit2/moveit_planners/test_configs/prbt_support -DCMAKE_BUILD_TYPE=Release -DCMAKE_INSTALL_PREFIX=/home/kush/UR5_Project_New/install/moveit_resources_prbt_support
[0.451s] -- The C compiler identification is GNU 11.4.0
[0.690s] -- The CXX compiler identification is GNU 11.4.0
[0.737s] -- Detecting C compiler ABI info
[1.186s] -- Detecting C compiler ABI info - done
[1.253s] -- Check for working C compiler: /usr/bin/cc - skipped
[1.254s] -- Detecting C compile features
[1.256s] -- Detecting C compile features - done
[1.287s] -- Detecting CXX compiler ABI info
[1.947s] -- Detecting CXX compiler ABI info - done
[1.989s] -- Check for working CXX compiler: /usr/bin/c++ - skipped
[1.990s] -- Detecting CXX compile features
[1.991s] -- Detecting CXX compile features - done
[2.057s] -- Found ament_cmake: 1.3.5 (/opt/ros/humble/share/ament_cmake/cmake)
[3.214s] -- Found Python3: /usr/bin/python3.10 (found version "3.10.12") found components: Interpreter 
[4.477s] -- Configuring done
[4.501s] -- Generating done
[4.507s] -- Build files have been written to: /home/kush/UR5_Project_New/build/moveit_resources_prbt_support
[4.542s] Invoked command in '/home/kush/UR5_Project_New/build/moveit_resources_prbt_support' returned '0': CMAKE_PREFIX_PATH=${CMAKE_PREFIX_PATH}:/home/kush/ws_moveit2_ur5/install/moveit_configs_utils:/home/kush/ws_moveit2_ur5/install/launch_param_builder:/opt/ros/humble /usr/bin/cmake /home/kush/UR5_Project_New/src/moveit2/moveit_planners/test_configs/prbt_support -DCMAKE_BUILD_TYPE=Release -DCMAKE_INSTALL_PREFIX=/home/kush/UR5_Project_New/install/moveit_resources_prbt_support
[4.543s] Invoking command in '/home/kush/UR5_Project_New/build/moveit_resources_prbt_support': CMAKE_PREFIX_PATH=${CMAKE_PREFIX_PATH}:/home/kush/ws_moveit2_ur5/install/moveit_configs_utils:/home/kush/ws_moveit2_ur5/install/launch_param_builder:/opt/ros/humble /usr/bin/cmake --build /home/kush/UR5_Project_New/build/moveit_resources_prbt_support -- -j4 -l4
[4.854s] Invoked command in '/home/kush/UR5_Project_New/build/moveit_resources_prbt_support' returned '0': CMAKE_PREFIX_PATH=${CMAKE_PREFIX_PATH}:/home/kush/ws_moveit2_ur5/install/moveit_configs_utils:/home/kush/ws_moveit2_ur5/install/launch_param_builder:/opt/ros/humble /usr/bin/cmake --build /home/kush/UR5_Project_New/build/moveit_resources_prbt_support -- -j4 -l4
[5.188s] Invoking command in '/home/kush/UR5_Project_New/build/moveit_resources_prbt_support': CMAKE_PREFIX_PATH=${CMAKE_PREFIX_PATH}:/home/kush/ws_moveit2_ur5/install/moveit_configs_utils:/home/kush/ws_moveit2_ur5/install/launch_param_builder:/opt/ros/humble /usr/bin/cmake --install /home/kush/UR5_Project_New/build/moveit_resources_prbt_support
[5.215s] -- Install configuration: "Release"
[5.218s] -- Installing: /home/kush/UR5_Project_New/install/moveit_resources_prbt_support/share/ament_index/resource_index/package_run_dependencies/moveit_resources_prbt_support
[5.224s] -- Installing: /home/kush/UR5_Project_New/install/moveit_resources_prbt_support/share/ament_index/resource_index/parent_prefix_path/moveit_resources_prbt_support
[5.228s] -- Installing: /home/kush/UR5_Project_New/install/moveit_resources_prbt_support/share/moveit_resources_prbt_support/environment/ament_prefix_path.sh
[5.228s] -- Installing: /home/kush/UR5_Project_New/install/moveit_resources_prbt_support/share/moveit_resources_prbt_support/environment/ament_prefix_path.dsv
[5.230s] -- Installing: /home/kush/UR5_Project_New/install/moveit_resources_prbt_support/share/moveit_resources_prbt_support/environment/path.sh
[5.231s] -- Installing: /home/kush/UR5_Project_New/install/moveit_resources_prbt_support/share/moveit_resources_prbt_support/environment/path.dsv
[5.232s] -- Installing: /home/kush/UR5_Project_New/install/moveit_resources_prbt_support/share/moveit_resources_prbt_support/local_setup.bash
[5.234s] -- Installing: /home/kush/UR5_Project_New/install/moveit_resources_prbt_support/share/moveit_resources_prbt_support/local_setup.sh
[5.236s] -- Installing: /home/kush/UR5_Project_New/install/moveit_resources_prbt_support/share/moveit_resources_prbt_support/local_setup.zsh
[5.239s] -- Installing: /home/kush/UR5_Project_New/install/moveit_resources_prbt_support/share/moveit_resources_prbt_support/local_setup.dsv
[5.242s] -- Installing: /home/kush/UR5_Project_New/install/moveit_resources_prbt_support/share/moveit_resources_prbt_support/package.dsv
[5.243s] -- Installing: /home/kush/UR5_Project_New/install/moveit_resources_prbt_support/share/ament_index/resource_index/packages/moveit_resources_prbt_support
[5.246s] -- Installing: /home/kush/UR5_Project_New/install/moveit_resources_prbt_support/share/moveit_resources_prbt_support/cmake/moveit_resources_prbt_supportConfig.cmake
[5.247s] -- Installing: /home/kush/UR5_Project_New/install/moveit_resources_prbt_support/share/moveit_resources_prbt_support/cmake/moveit_resources_prbt_supportConfig-version.cmake
[5.248s] -- Installing: /home/kush/UR5_Project_New/install/moveit_resources_prbt_support/share/moveit_resources_prbt_support/package.xml
[5.249s] -- Installing: /home/kush/UR5_Project_New/install/moveit_resources_prbt_support/share/moveit_resources_prbt_support/urdf
[5.249s] -- Installing: /home/kush/UR5_Project_New/install/moveit_resources_prbt_support/share/moveit_resources_prbt_support/urdf/prbt.xacro
[5.250s] -- Installing: /home/kush/UR5_Project_New/install/moveit_resources_prbt_support/share/moveit_resources_prbt_support/urdf/prbt.ros2_control.xacro
[5.251s] -- Installing: /home/kush/UR5_Project_New/install/moveit_resources_prbt_support/share/moveit_resources_prbt_support/urdf/simple_gripper_brackets.urdf.xacro
[5.254s] -- Installing: /home/kush/UR5_Project_New/install/moveit_resources_prbt_support/share/moveit_resources_prbt_support/urdf/prbt_macro.xacro
[5.255s] -- Installing: /home/kush/UR5_Project_New/install/moveit_resources_prbt_support/share/moveit_resources_prbt_support/meshes
[5.256s] -- Installing: /home/kush/UR5_Project_New/install/moveit_resources_prbt_support/share/moveit_resources_prbt_support/meshes/link_2.stl
[5.256s] -- Installing: /home/kush/UR5_Project_New/install/moveit_resources_prbt_support/share/moveit_resources_prbt_support/meshes/foot.dae
[5.260s] -- Installing: /home/kush/UR5_Project_New/install/moveit_resources_prbt_support/share/moveit_resources_prbt_support/meshes/foot.stl
[5.261s] -- Installing: /home/kush/UR5_Project_New/install/moveit_resources_prbt_support/share/moveit_resources_prbt_support/meshes/link_1.dae
[5.271s] -- Installing: /home/kush/UR5_Project_New/install/moveit_resources_prbt_support/share/moveit_resources_prbt_support/meshes/link_5.stl
[5.273s] -- Installing: /home/kush/UR5_Project_New/install/moveit_resources_prbt_support/share/moveit_resources_prbt_support/meshes/flange.stl
[5.273s] -- Installing: /home/kush/UR5_Project_New/install/moveit_resources_prbt_support/share/moveit_resources_prbt_support/meshes/link_5.dae
[5.279s] -- Installing: /home/kush/UR5_Project_New/install/moveit_resources_prbt_support/share/moveit_resources_prbt_support/meshes/link_4.stl
[5.281s] -- Installing: /home/kush/UR5_Project_New/install/moveit_resources_prbt_support/share/moveit_resources_prbt_support/meshes/link_4.dae
[5.285s] -- Installing: /home/kush/UR5_Project_New/install/moveit_resources_prbt_support/share/moveit_resources_prbt_support/meshes/link_2.dae
[5.288s] -- Installing: /home/kush/UR5_Project_New/install/moveit_resources_prbt_support/share/moveit_resources_prbt_support/meshes/link_1.stl
[5.288s] -- Installing: /home/kush/UR5_Project_New/install/moveit_resources_prbt_support/share/moveit_resources_prbt_support/meshes/flange.dae
[5.288s] -- Installing: /home/kush/UR5_Project_New/install/moveit_resources_prbt_support/share/moveit_resources_prbt_support/meshes/link_3.dae
[5.289s] -- Installing: /home/kush/UR5_Project_New/install/moveit_resources_prbt_support/share/moveit_resources_prbt_support/meshes/link_3.stl
[5.289s] -- Installing: /home/kush/UR5_Project_New/install/moveit_resources_prbt_support/share/moveit_resources_prbt_support/config
[5.290s] -- Installing: /home/kush/UR5_Project_New/install/moveit_resources_prbt_support/share/moveit_resources_prbt_support/config/prbt_0_1.dcf
[5.290s] -- Installing: /home/kush/UR5_Project_New/install/moveit_resources_prbt_support/share/moveit_resources_prbt_support/config/manipulator_driver.yaml
[5.290s] -- Installing: /home/kush/UR5_Project_New/install/moveit_resources_prbt_support/share/moveit_resources_prbt_support/config/manipulator_controller.yaml
[5.310s] Invoked command in '/home/kush/UR5_Project_New/build/moveit_resources_prbt_support' returned '0': CMAKE_PREFIX_PATH=${CMAKE_PREFIX_PATH}:/home/kush/ws_moveit2_ur5/install/moveit_configs_utils:/home/kush/ws_moveit2_ur5/install/launch_param_builder:/opt/ros/humble /usr/bin/cmake --install /home/kush/UR5_Project_New/build/moveit_resources_prbt_support
