[0.232s] Invoking command in '/home/kush/UR5_Project_New/build/chomp_motion_planner': AMENT_PREFIX_PATH=/home/kush/UR5_Project_New/install/moveit_core:/home/kush/UR5_Project_New/install/srdfdom:/home/kush/UR5_Project_New/install/moveit_common:${AMENT_PREFIX_PATH} CMAKE_PREFIX_PATH=/home/kush/UR5_Project_New/install/moveit_core:/home/kush/UR5_Project_New/install/srdfdom:/home/kush/UR5_Project_New/install/moveit_common:/opt/ros/humble LD_LIBRARY_PATH=/home/kush/UR5_Project_New/install/moveit_core/lib:/home/kush/UR5_Project_New/install/srdfdom/lib:${LD_LIBRARY_PATH} PATH=/home/kush/UR5_Project_New/install/moveit_core/bin:${PATH} PYTHONPATH=/home/kush/UR5_Project_New/install/srdfdom/local/lib/python3.10/dist-packages:${PYTHONPATH} /usr/bin/cmake --build /home/kush/UR5_Project_New/build/chomp_motion_planner -- -j4 -l4
[0.627s] [100%] Built target chomp_motion_planner
[0.763s] Invoked command in '/home/kush/UR5_Project_New/build/chomp_motion_planner' returned '0': AMENT_PREFIX_PATH=/home/kush/UR5_Project_New/install/moveit_core:/home/kush/UR5_Project_New/install/srdfdom:/home/kush/UR5_Project_New/install/moveit_common:${AMENT_PREFIX_PATH} CMAKE_PREFIX_PATH=/home/kush/UR5_Project_New/install/moveit_core:/home/kush/UR5_Project_New/install/srdfdom:/home/kush/UR5_Project_New/install/moveit_common:/opt/ros/humble LD_LIBRARY_PATH=/home/kush/UR5_Project_New/install/moveit_core/lib:/home/kush/UR5_Project_New/install/srdfdom/lib:${LD_LIBRARY_PATH} PATH=/home/kush/UR5_Project_New/install/moveit_core/bin:${PATH} PYTHONPATH=/home/kush/UR5_Project_New/install/srdfdom/local/lib/python3.10/dist-packages:${PYTHONPATH} /usr/bin/cmake --build /home/kush/UR5_Project_New/build/chomp_motion_planner -- -j4 -l4
[0.987s] Invoking command in '/home/kush/UR5_Project_New/build/chomp_motion_planner': AMENT_PREFIX_PATH=/home/kush/UR5_Project_New/install/moveit_core:/home/kush/UR5_Project_New/install/srdfdom:/home/kush/UR5_Project_New/install/moveit_common:${AMENT_PREFIX_PATH} CMAKE_PREFIX_PATH=/home/kush/UR5_Project_New/install/moveit_core:/home/kush/UR5_Project_New/install/srdfdom:/home/kush/UR5_Project_New/install/moveit_common:/opt/ros/humble LD_LIBRARY_PATH=/home/kush/UR5_Project_New/install/moveit_core/lib:/home/kush/UR5_Project_New/install/srdfdom/lib:${LD_LIBRARY_PATH} PATH=/home/kush/UR5_Project_New/install/moveit_core/bin:${PATH} PYTHONPATH=/home/kush/UR5_Project_New/install/srdfdom/local/lib/python3.10/dist-packages:${PYTHONPATH} /usr/bin/cmake --install /home/kush/UR5_Project_New/build/chomp_motion_planner
[1.006s] -- Install configuration: "Release"
[1.011s] -- Up-to-date: /home/kush/UR5_Project_New/install/chomp_motion_planner/lib/libchomp_motion_planner.so.2.5.4
[1.011s] -- Up-to-date: /home/kush/UR5_Project_New/install/chomp_motion_planner/lib/libchomp_motion_planner.so
[1.011s] -- Up-to-date: /home/kush/UR5_Project_New/install/chomp_motion_planner/include
[1.012s] -- Up-to-date: /home/kush/UR5_Project_New/install/chomp_motion_planner/include/chomp_motion_planner
[1.012s] -- Up-to-date: /home/kush/UR5_Project_New/install/chomp_motion_planner/include/chomp_motion_planner/multivariate_gaussian.h
[1.012s] -- Up-to-date: /home/kush/UR5_Project_New/install/chomp_motion_planner/include/chomp_motion_planner/chomp_cost.h
[1.012s] -- Up-to-date: /home/kush/UR5_Project_New/install/chomp_motion_planner/include/chomp_motion_planner/chomp_utils.h
[1.012s] -- Up-to-date: /home/kush/UR5_Project_New/install/chomp_motion_planner/include/chomp_motion_planner/chomp_optimizer.h
[1.012s] -- Up-to-date: /home/kush/UR5_Project_New/install/chomp_motion_planner/include/chomp_motion_planner/chomp_planner.h
[1.013s] -- Up-to-date: /home/kush/UR5_Project_New/install/chomp_motion_planner/include/chomp_motion_planner/chomp_parameters.h
[1.013s] -- Up-to-date: /home/kush/UR5_Project_New/install/chomp_motion_planner/include/chomp_motion_planner/chomp_trajectory.h
[1.013s] -- Up-to-date: /home/kush/UR5_Project_New/install/chomp_motion_planner/share/chomp_motion_planner/environment/library_path.sh
[1.013s] -- Up-to-date: /home/kush/UR5_Project_New/install/chomp_motion_planner/share/chomp_motion_planner/environment/library_path.dsv
[1.013s] -- Up-to-date: /home/kush/UR5_Project_New/install/chomp_motion_planner/share/ament_index/resource_index/package_run_dependencies/chomp_motion_planner
[1.014s] -- Up-to-date: /home/kush/UR5_Project_New/install/chomp_motion_planner/share/ament_index/resource_index/parent_prefix_path/chomp_motion_planner
[1.014s] -- Up-to-date: /home/kush/UR5_Project_New/install/chomp_motion_planner/share/chomp_motion_planner/environment/ament_prefix_path.sh
[1.014s] -- Up-to-date: /home/kush/UR5_Project_New/install/chomp_motion_planner/share/chomp_motion_planner/environment/ament_prefix_path.dsv
[1.014s] -- Up-to-date: /home/kush/UR5_Project_New/install/chomp_motion_planner/share/chomp_motion_planner/environment/path.sh
[1.014s] -- Up-to-date: /home/kush/UR5_Project_New/install/chomp_motion_planner/share/chomp_motion_planner/environment/path.dsv
[1.015s] -- Up-to-date: /home/kush/UR5_Project_New/install/chomp_motion_planner/share/chomp_motion_planner/local_setup.bash
[1.015s] -- Up-to-date: /home/kush/UR5_Project_New/install/chomp_motion_planner/share/chomp_motion_planner/local_setup.sh
[1.015s] -- Up-to-date: /home/kush/UR5_Project_New/install/chomp_motion_planner/share/chomp_motion_planner/local_setup.zsh
[1.015s] -- Up-to-date: /home/kush/UR5_Project_New/install/chomp_motion_planner/share/chomp_motion_planner/local_setup.dsv
[1.015s] -- Installing: /home/kush/UR5_Project_New/install/chomp_motion_planner/share/chomp_motion_planner/package.dsv
[1.015s] -- Up-to-date: /home/kush/UR5_Project_New/install/chomp_motion_planner/share/ament_index/resource_index/packages/chomp_motion_planner
[1.016s] -- Up-to-date: /home/kush/UR5_Project_New/install/chomp_motion_planner/share/chomp_motion_planner/cmake/chomp_motion_plannerTargetsExport.cmake
[1.016s] -- Up-to-date: /home/kush/UR5_Project_New/install/chomp_motion_planner/share/chomp_motion_planner/cmake/chomp_motion_plannerTargetsExport-release.cmake
[1.017s] -- Up-to-date: /home/kush/UR5_Project_New/install/chomp_motion_planner/share/chomp_motion_planner/cmake/ament_cmake_export_targets-extras.cmake
[1.017s] -- Up-to-date: /home/kush/UR5_Project_New/install/chomp_motion_planner/share/chomp_motion_planner/cmake/chomp_motion_plannerConfig.cmake
[1.018s] -- Up-to-date: /home/kush/UR5_Project_New/install/chomp_motion_planner/share/chomp_motion_planner/cmake/chomp_motion_plannerConfig-version.cmake
[1.018s] -- Up-to-date: /home/kush/UR5_Project_New/install/chomp_motion_planner/share/chomp_motion_planner/package.xml
[1.028s] Invoked command in '/home/kush/UR5_Project_New/build/chomp_motion_planner' returned '0': AMENT_PREFIX_PATH=/home/kush/UR5_Project_New/install/moveit_core:/home/kush/UR5_Project_New/install/srdfdom:/home/kush/UR5_Project_New/install/moveit_common:${AMENT_PREFIX_PATH} CMAKE_PREFIX_PATH=/home/kush/UR5_Project_New/install/moveit_core:/home/kush/UR5_Project_New/install/srdfdom:/home/kush/UR5_Project_New/install/moveit_common:/opt/ros/humble LD_LIBRARY_PATH=/home/kush/UR5_Project_New/install/moveit_core/lib:/home/kush/UR5_Project_New/install/srdfdom/lib:${LD_LIBRARY_PATH} PATH=/home/kush/UR5_Project_New/install/moveit_core/bin:${PATH} PYTHONPATH=/home/kush/UR5_Project_New/install/srdfdom/local/lib/python3.10/dist-packages:${PYTHONPATH} /usr/bin/cmake --install /home/kush/UR5_Project_New/build/chomp_motion_planner
