[0.412s] Invoking command in '/home/kush/UR5_Project_New/build/pilz_industrial_motion_planner': AMENT_PREFIX_PATH=/home/kush/UR5_Project_New/install/moveit_resources_prbt_pg70_support:/home/kush/UR5_Project_New/install/moveit_ros_planning_interface:/home/kush/UR5_Project_New/install/moveit_resources_prbt_moveit_config:/home/kush/UR5_Project_New/install/moveit_ros_move_group:/home/kush/UR5_Project_New/install/moveit_ros_warehouse:/home/kush/UR5_Project_New/install/moveit_kinematics:/home/kush/UR5_Project_New/install/moveit_ros_planning:/home/kush/UR5_Project_New/install/pilz_industrial_motion_planner_testutils:/home/kush/UR5_Project_New/install/moveit_ros_occupancy_map_monitor:/home/kush/UR5_Project_New/install/moveit_resources_prbt_ikfast_manipulator_plugin:/home/kush/UR5_Project_New/install/moveit_core:/home/kush/UR5_Project_New/install/moveit_resources_panda_moveit_config:/home/kush/UR5_Project_New/install/moveit_configs_utils:/home/kush/UR5_Project_New/install/srdfdom:/home/kush/UR5_Project_New/install/moveit_resources_prbt_support:/home/kush/UR5_Project_New/install/moveit_resources_panda_description:/home/kush/UR5_Project_New/install/moveit_common:/home/kush/UR5_Project_New/install/launch_param_builder:${AMENT_PREFIX_PATH} CMAKE_PREFIX_PATH=/home/kush/UR5_Project_New/install/moveit_resources_prbt_pg70_support:/home/kush/UR5_Project_New/install/moveit_ros_planning_interface:/home/kush/UR5_Project_New/install/moveit_resources_prbt_moveit_config:/home/kush/UR5_Project_New/install/moveit_ros_move_group:/home/kush/UR5_Project_New/install/moveit_ros_warehouse:/home/kush/UR5_Project_New/install/moveit_kinematics:/home/kush/UR5_Project_New/install/moveit_ros_planning:/home/kush/UR5_Project_New/install/pilz_industrial_motion_planner_testutils:/home/kush/UR5_Project_New/install/moveit_ros_occupancy_map_monitor:/home/kush/UR5_Project_New/install/moveit_resources_prbt_ikfast_manipulator_plugin:/home/kush/UR5_Project_New/install/moveit_core:/home/kush/UR5_Project_New/install/moveit_resources_panda_moveit_config:/home/kush/UR5_Project_New/install/srdfdom:/home/kush/UR5_Project_New/install/moveit_resources_prbt_support:/home/kush/UR5_Project_New/install/moveit_resources_panda_description:/home/kush/UR5_Project_New/install/moveit_common:/opt/ros/humble LD_LIBRARY_PATH=/home/kush/UR5_Project_New/install/moveit_ros_planning_interface/lib:/home/kush/UR5_Project_New/install/moveit_ros_move_group/lib:/home/kush/UR5_Project_New/install/moveit_ros_warehouse/lib:/home/kush/UR5_Project_New/install/moveit_kinematics/lib:/home/kush/UR5_Project_New/install/moveit_ros_planning/lib:/home/kush/UR5_Project_New/install/pilz_industrial_motion_planner_testutils/lib:/home/kush/UR5_Project_New/install/moveit_ros_occupancy_map_monitor/lib:/home/kush/UR5_Project_New/install/moveit_resources_prbt_ikfast_manipulator_plugin/lib:/home/kush/UR5_Project_New/install/moveit_core/lib:/home/kush/UR5_Project_New/install/srdfdom/lib:${LD_LIBRARY_PATH} PATH=/home/kush/UR5_Project_New/install/moveit_core/bin:${PATH} PYTHONPATH=/home/kush/UR5_Project_New/install/moveit_configs_utils/lib/python3.10/site-packages:/home/kush/UR5_Project_New/install/srdfdom/local/lib/python3.10/dist-packages:/home/kush/UR5_Project_New/install/launch_param_builder/lib/python3.10/site-packages:${PYTHONPATH} /usr/bin/cmake --build /home/kush/UR5_Project_New/build/pilz_industrial_motion_planner -- -j4 -l4
[0.707s] [35m[1mConsolidate compiler generated dependencies of target planning_context_loader_base[0m
[0.863s] [  2%] Built target planning_context_loader_base
[1.025s] [  4%] Built target gtest_main
[1.107s] [35m[1mConsolidate compiler generated dependencies of target gtest[0m
[1.194s] [  7%] Built target gtest
[1.227s] [35m[1mConsolidate compiler generated dependencies of target gmock_main[0m
[1.267s] [  9%] Built target gmock_main
[1.339s] [35m[1mConsolidate compiler generated dependencies of target gmock[0m
[1.447s] [ 13%] Built target gmock
[1.549s] [35m[1mConsolidate compiler generated dependencies of target trajectory_generation_common[0m
[1.780s] [ 18%] Built target trajectory_generation_common
[1.910s] [35m[1mConsolidate compiler generated dependencies of target joint_limits_common[0m
[2.197s] [ 26%] Built target joint_limits_common
[2.285s] [35m[1mConsolidate compiler generated dependencies of target command_list_manager[0m
[2.487s] [ 30%] Built target command_list_manager
[2.565s] [35m[1mConsolidate compiler generated dependencies of target planning_context_loader_lin[0m
[2.811s] [ 34%] Built target planning_context_loader_lin
[2.965s] [35m[1mConsolidate compiler generated dependencies of target planning_context_loader_circ[0m
[3.196s] [ 39%] Built target planning_context_loader_circ
[3.280s] [35m[1mConsolidate compiler generated dependencies of target sequence_capability[0m
[3.547s] [ 43%] Built target sequence_capability
[3.653s] [35m[1mConsolidate compiler generated dependencies of target pilz_industrial_motion_planner_test_utils[0m
[3.871s] [ 45%] Built target pilz_industrial_motion_planner_test_utils
[3.980s] [35m[1mConsolidate compiler generated dependencies of target unittest_joint_limit[0m
[4.076s] [ 48%] Built target unittest_joint_limit
[4.125s] [35m[1mConsolidate compiler generated dependencies of target unittest_joint_limits_aggregator[0m
[4.189s] [ 50%] Built target unittest_joint_limits_aggregator
[4.275s] [35m[1mConsolidate compiler generated dependencies of target unittest_joint_limits_container[0m
[4.375s] [ 53%] Built target unittest_joint_limits_container
[4.482s] [35m[1mConsolidate compiler generated dependencies of target unittest_joint_limits_validator[0m
[4.590s] [ 55%] Built target unittest_joint_limits_validator
[4.661s] [35m[1mConsolidate compiler generated dependencies of target unittest_cartesian_limits_aggregator[0m
[4.811s] [ 57%] Built target unittest_cartesian_limits_aggregator
[4.915s] [35m[1mConsolidate compiler generated dependencies of target unittest_trajectory_functions[0m
[5.120s] [ 60%] Built target unittest_trajectory_functions
[5.227s] [35m[1mConsolidate compiler generated dependencies of target unittest_trajectory_blender_transition_window[0m
[5.430s] [ 63%] Built target unittest_trajectory_blender_transition_window
[5.515s] [35m[1mConsolidate compiler generated dependencies of target unittest_trajectory_generator_circ[0m
[5.775s] [ 66%] Built target unittest_trajectory_generator_circ
[5.891s] [35m[1mConsolidate compiler generated dependencies of target unittest_trajectory_generator_lin[0m
[6.105s] [ 68%] Built target unittest_trajectory_generator_lin
[6.214s] [35m[1mConsolidate compiler generated dependencies of target planning_context_loader_ptp[0m
[6.494s] [ 73%] Built target planning_context_loader_ptp
[6.568s] [35m[1mConsolidate compiler generated dependencies of target pilz_industrial_motion_planner[0m
[6.740s] [ 75%] Built target pilz_industrial_motion_planner
[6.852s] [35m[1mConsolidate compiler generated dependencies of target unittest_trajectory_generator_ptp[0m
[7.096s] [ 78%] Built target unittest_trajectory_generator_ptp
[7.247s] [35m[1mConsolidate compiler generated dependencies of target unittest_velocity_profile_atrap[0m
[7.371s] [ 81%] Built target unittest_velocity_profile_atrap
[7.498s] [35m[1mConsolidate compiler generated dependencies of target unittest_trajectory_generator[0m
[7.711s] [ 85%] Built target unittest_trajectory_generator
[7.842s] [35m[1mConsolidate compiler generated dependencies of target unittest_pilz_industrial_motion_planner[0m
[7.992s] [ 87%] Built target unittest_pilz_industrial_motion_planner
[8.039s] [35m[1mConsolidate compiler generated dependencies of target unittest_planning_context_loaders[0m
[8.268s] [ 90%] Built target unittest_planning_context_loaders
[8.389s] [35m[1mConsolidate compiler generated dependencies of target unittest_planning_context[0m
[8.571s] [ 92%] Built target unittest_planning_context
[8.657s] [35m[1mConsolidate compiler generated dependencies of target unittest_get_solver_tip_frame[0m
[8.794s] [ 95%] Built target unittest_get_solver_tip_frame
[8.887s] [35m[1mConsolidate compiler generated dependencies of target unittest_pilz_industrial_motion_planner_direct[0m
[9.028s] [ 97%] Built target unittest_pilz_industrial_motion_planner_direct
[9.126s] [35m[1mConsolidate compiler generated dependencies of target unittest_trajectory_generator_common[0m
[9.319s] [100%] Built target unittest_trajectory_generator_common
[9.402s] Invoked command in '/home/kush/UR5_Project_New/build/pilz_industrial_motion_planner' returned '0': AMENT_PREFIX_PATH=/home/kush/UR5_Project_New/install/moveit_resources_prbt_pg70_support:/home/kush/UR5_Project_New/install/moveit_ros_planning_interface:/home/kush/UR5_Project_New/install/moveit_resources_prbt_moveit_config:/home/kush/UR5_Project_New/install/moveit_ros_move_group:/home/kush/UR5_Project_New/install/moveit_ros_warehouse:/home/kush/UR5_Project_New/install/moveit_kinematics:/home/kush/UR5_Project_New/install/moveit_ros_planning:/home/kush/UR5_Project_New/install/pilz_industrial_motion_planner_testutils:/home/kush/UR5_Project_New/install/moveit_ros_occupancy_map_monitor:/home/kush/UR5_Project_New/install/moveit_resources_prbt_ikfast_manipulator_plugin:/home/kush/UR5_Project_New/install/moveit_core:/home/kush/UR5_Project_New/install/moveit_resources_panda_moveit_config:/home/kush/UR5_Project_New/install/moveit_configs_utils:/home/kush/UR5_Project_New/install/srdfdom:/home/kush/UR5_Project_New/install/moveit_resources_prbt_support:/home/kush/UR5_Project_New/install/moveit_resources_panda_description:/home/kush/UR5_Project_New/install/moveit_common:/home/kush/UR5_Project_New/install/launch_param_builder:${AMENT_PREFIX_PATH} CMAKE_PREFIX_PATH=/home/kush/UR5_Project_New/install/moveit_resources_prbt_pg70_support:/home/kush/UR5_Project_New/install/moveit_ros_planning_interface:/home/kush/UR5_Project_New/install/moveit_resources_prbt_moveit_config:/home/kush/UR5_Project_New/install/moveit_ros_move_group:/home/kush/UR5_Project_New/install/moveit_ros_warehouse:/home/kush/UR5_Project_New/install/moveit_kinematics:/home/kush/UR5_Project_New/install/moveit_ros_planning:/home/kush/UR5_Project_New/install/pilz_industrial_motion_planner_testutils:/home/kush/UR5_Project_New/install/moveit_ros_occupancy_map_monitor:/home/kush/UR5_Project_New/install/moveit_resources_prbt_ikfast_manipulator_plugin:/home/kush/UR5_Project_New/install/moveit_core:/home/kush/UR5_Project_New/install/moveit_resources_panda_moveit_config:/home/kush/UR5_Project_New/install/srdfdom:/home/kush/UR5_Project_New/install/moveit_resources_prbt_support:/home/kush/UR5_Project_New/install/moveit_resources_panda_description:/home/kush/UR5_Project_New/install/moveit_common:/opt/ros/humble LD_LIBRARY_PATH=/home/kush/UR5_Project_New/install/moveit_ros_planning_interface/lib:/home/kush/UR5_Project_New/install/moveit_ros_move_group/lib:/home/kush/UR5_Project_New/install/moveit_ros_warehouse/lib:/home/kush/UR5_Project_New/install/moveit_kinematics/lib:/home/kush/UR5_Project_New/install/moveit_ros_planning/lib:/home/kush/UR5_Project_New/install/pilz_industrial_motion_planner_testutils/lib:/home/kush/UR5_Project_New/install/moveit_ros_occupancy_map_monitor/lib:/home/kush/UR5_Project_New/install/moveit_resources_prbt_ikfast_manipulator_plugin/lib:/home/kush/UR5_Project_New/install/moveit_core/lib:/home/kush/UR5_Project_New/install/srdfdom/lib:${LD_LIBRARY_PATH} PATH=/home/kush/UR5_Project_New/install/moveit_core/bin:${PATH} PYTHONPATH=/home/kush/UR5_Project_New/install/moveit_configs_utils/lib/python3.10/site-packages:/home/kush/UR5_Project_New/install/srdfdom/local/lib/python3.10/dist-packages:/home/kush/UR5_Project_New/install/launch_param_builder/lib/python3.10/site-packages:${PYTHONPATH} /usr/bin/cmake --build /home/kush/UR5_Project_New/build/pilz_industrial_motion_planner -- -j4 -l4
[10.816s] Invoking command in '/home/kush/UR5_Project_New/build/pilz_industrial_motion_planner': AMENT_PREFIX_PATH=/home/kush/UR5_Project_New/install/moveit_resources_prbt_pg70_support:/home/kush/UR5_Project_New/install/moveit_ros_planning_interface:/home/kush/UR5_Project_New/install/moveit_resources_prbt_moveit_config:/home/kush/UR5_Project_New/install/moveit_ros_move_group:/home/kush/UR5_Project_New/install/moveit_ros_warehouse:/home/kush/UR5_Project_New/install/moveit_kinematics:/home/kush/UR5_Project_New/install/moveit_ros_planning:/home/kush/UR5_Project_New/install/pilz_industrial_motion_planner_testutils:/home/kush/UR5_Project_New/install/moveit_ros_occupancy_map_monitor:/home/kush/UR5_Project_New/install/moveit_resources_prbt_ikfast_manipulator_plugin:/home/kush/UR5_Project_New/install/moveit_core:/home/kush/UR5_Project_New/install/moveit_resources_panda_moveit_config:/home/kush/UR5_Project_New/install/moveit_configs_utils:/home/kush/UR5_Project_New/install/srdfdom:/home/kush/UR5_Project_New/install/moveit_resources_prbt_support:/home/kush/UR5_Project_New/install/moveit_resources_panda_description:/home/kush/UR5_Project_New/install/moveit_common:/home/kush/UR5_Project_New/install/launch_param_builder:${AMENT_PREFIX_PATH} CMAKE_PREFIX_PATH=/home/kush/UR5_Project_New/install/moveit_resources_prbt_pg70_support:/home/kush/UR5_Project_New/install/moveit_ros_planning_interface:/home/kush/UR5_Project_New/install/moveit_resources_prbt_moveit_config:/home/kush/UR5_Project_New/install/moveit_ros_move_group:/home/kush/UR5_Project_New/install/moveit_ros_warehouse:/home/kush/UR5_Project_New/install/moveit_kinematics:/home/kush/UR5_Project_New/install/moveit_ros_planning:/home/kush/UR5_Project_New/install/pilz_industrial_motion_planner_testutils:/home/kush/UR5_Project_New/install/moveit_ros_occupancy_map_monitor:/home/kush/UR5_Project_New/install/moveit_resources_prbt_ikfast_manipulator_plugin:/home/kush/UR5_Project_New/install/moveit_core:/home/kush/UR5_Project_New/install/moveit_resources_panda_moveit_config:/home/kush/UR5_Project_New/install/srdfdom:/home/kush/UR5_Project_New/install/moveit_resources_prbt_support:/home/kush/UR5_Project_New/install/moveit_resources_panda_description:/home/kush/UR5_Project_New/install/moveit_common:/opt/ros/humble LD_LIBRARY_PATH=/home/kush/UR5_Project_New/install/moveit_ros_planning_interface/lib:/home/kush/UR5_Project_New/install/moveit_ros_move_group/lib:/home/kush/UR5_Project_New/install/moveit_ros_warehouse/lib:/home/kush/UR5_Project_New/install/moveit_kinematics/lib:/home/kush/UR5_Project_New/install/moveit_ros_planning/lib:/home/kush/UR5_Project_New/install/pilz_industrial_motion_planner_testutils/lib:/home/kush/UR5_Project_New/install/moveit_ros_occupancy_map_monitor/lib:/home/kush/UR5_Project_New/install/moveit_resources_prbt_ikfast_manipulator_plugin/lib:/home/kush/UR5_Project_New/install/moveit_core/lib:/home/kush/UR5_Project_New/install/srdfdom/lib:${LD_LIBRARY_PATH} PATH=/home/kush/UR5_Project_New/install/moveit_core/bin:${PATH} PYTHONPATH=/home/kush/UR5_Project_New/install/moveit_configs_utils/lib/python3.10/site-packages:/home/kush/UR5_Project_New/install/srdfdom/local/lib/python3.10/dist-packages:/home/kush/UR5_Project_New/install/launch_param_builder/lib/python3.10/site-packages:${PYTHONPATH} /usr/bin/cmake --install /home/kush/UR5_Project_New/build/pilz_industrial_motion_planner
[10.853s] -- Install configuration: "Release"
[10.855s] -- Up-to-date: /home/kush/UR5_Project_New/install/pilz_industrial_motion_planner/share/pilz_industrial_motion_planner/plugins/pilz_industrial_motion_planner_plugin_description.xml
[10.856s] -- Up-to-date: /home/kush/UR5_Project_New/install/pilz_industrial_motion_planner/share/pilz_industrial_motion_planner/plugins/sequence_capability_plugin_description.xml
[10.856s] -- Up-to-date: /home/kush/UR5_Project_New/install/pilz_industrial_motion_planner/share/pilz_industrial_motion_planner/plugins/planning_context_plugin_description.xml
[10.856s] -- Up-to-date: /home/kush/UR5_Project_New/install/pilz_industrial_motion_planner/lib/libpilz_industrial_motion_planner.so
[10.858s] -- Up-to-date: /home/kush/UR5_Project_New/install/pilz_industrial_motion_planner/lib/libjoint_limits_common.so
[10.860s] -- Up-to-date: /home/kush/UR5_Project_New/install/pilz_industrial_motion_planner/lib/libplanning_context_loader_base.so
[10.863s] -- Up-to-date: /home/kush/UR5_Project_New/install/pilz_industrial_motion_planner/lib/libplanning_context_loader_ptp.so
[10.864s] -- Up-to-date: /home/kush/UR5_Project_New/install/pilz_industrial_motion_planner/lib/libplanning_context_loader_lin.so
[10.865s] -- Up-to-date: /home/kush/UR5_Project_New/install/pilz_industrial_motion_planner/lib/libplanning_context_loader_circ.so
[10.875s] -- Up-to-date: /home/kush/UR5_Project_New/install/pilz_industrial_motion_planner/lib/libcommand_list_manager.so
[10.877s] -- Up-to-date: /home/kush/UR5_Project_New/install/pilz_industrial_motion_planner/lib/libsequence_capability.so
[10.878s] -- Up-to-date: /home/kush/UR5_Project_New/install/pilz_industrial_motion_planner/lib/libtrajectory_generation_common.so
[10.879s] -- Up-to-date: /home/kush/UR5_Project_New/install/pilz_industrial_motion_planner/include
[10.879s] -- Up-to-date: /home/kush/UR5_Project_New/install/pilz_industrial_motion_planner/include/pilz_industrial_motion_planner
[10.879s] -- Up-to-date: /home/kush/UR5_Project_New/install/pilz_industrial_motion_planner/include/pilz_industrial_motion_planner/limits_container.h
[10.880s] -- Up-to-date: /home/kush/UR5_Project_New/install/pilz_industrial_motion_planner/include/pilz_industrial_motion_planner/trajectory_generator.h
[10.880s] -- Up-to-date: /home/kush/UR5_Project_New/install/pilz_industrial_motion_planner/include/pilz_industrial_motion_planner/joint_limits_extension.h
[10.880s] -- Up-to-date: /home/kush/UR5_Project_New/install/pilz_industrial_motion_planner/include/pilz_industrial_motion_planner/planning_context_loader.h
[10.881s] -- Up-to-date: /home/kush/UR5_Project_New/install/pilz_industrial_motion_planner/include/pilz_industrial_motion_planner/cartesian_limits_aggregator.h
[10.881s] -- Up-to-date: /home/kush/UR5_Project_New/install/pilz_industrial_motion_planner/include/pilz_industrial_motion_planner/planning_context_base.h
[10.881s] -- Up-to-date: /home/kush/UR5_Project_New/install/pilz_industrial_motion_planner/include/pilz_industrial_motion_planner/pilz_industrial_motion_planner.h
[10.882s] -- Up-to-date: /home/kush/UR5_Project_New/install/pilz_industrial_motion_planner/include/pilz_industrial_motion_planner/joint_limits_container.h
[10.882s] -- Up-to-date: /home/kush/UR5_Project_New/install/pilz_industrial_motion_planner/include/pilz_industrial_motion_planner/move_group_sequence_action.h
[10.882s] -- Up-to-date: /home/kush/UR5_Project_New/install/pilz_industrial_motion_planner/include/pilz_industrial_motion_planner/planning_context_loader_ptp.h
[10.883s] -- Up-to-date: /home/kush/UR5_Project_New/install/pilz_industrial_motion_planner/include/pilz_industrial_motion_planner/trajectory_blender.h
[10.883s] -- Up-to-date: /home/kush/UR5_Project_New/install/pilz_industrial_motion_planner/include/pilz_industrial_motion_planner/planning_exceptions.h
[10.883s] -- Up-to-date: /home/kush/UR5_Project_New/install/pilz_industrial_motion_planner/include/pilz_industrial_motion_planner/joint_limits_aggregator.h
[10.884s] -- Up-to-date: /home/kush/UR5_Project_New/install/pilz_industrial_motion_planner/include/pilz_industrial_motion_planner/cartesian_limit.h
[10.884s] -- Up-to-date: /home/kush/UR5_Project_New/install/pilz_industrial_motion_planner/include/pilz_industrial_motion_planner/trajectory_generator_circ.h
[10.884s] -- Up-to-date: /home/kush/UR5_Project_New/install/pilz_industrial_motion_planner/include/pilz_industrial_motion_planner/planning_context_lin.h
[10.885s] -- Up-to-date: /home/kush/UR5_Project_New/install/pilz_industrial_motion_planner/include/pilz_industrial_motion_planner/trajectory_blend_response.h
[10.885s] -- Up-to-date: /home/kush/UR5_Project_New/install/pilz_industrial_motion_planner/include/pilz_industrial_motion_planner/trajectory_blender_transition_window.h
[10.885s] -- Up-to-date: /home/kush/UR5_Project_New/install/pilz_industrial_motion_planner/include/pilz_industrial_motion_planner/planning_context_loader_lin.h
[10.885s] -- Up-to-date: /home/kush/UR5_Project_New/install/pilz_industrial_motion_planner/include/pilz_industrial_motion_planner/joint_limits_interface_extension.h
[10.886s] -- Up-to-date: /home/kush/UR5_Project_New/install/pilz_industrial_motion_planner/include/pilz_industrial_motion_planner/velocity_profile_atrap.h
[10.886s] -- Up-to-date: /home/kush/UR5_Project_New/install/pilz_industrial_motion_planner/include/pilz_industrial_motion_planner/path_circle_generator.h
[10.886s] -- Up-to-date: /home/kush/UR5_Project_New/install/pilz_industrial_motion_planner/include/pilz_industrial_motion_planner/move_group_sequence_service.h
[10.887s] -- Up-to-date: /home/kush/UR5_Project_New/install/pilz_industrial_motion_planner/include/pilz_industrial_motion_planner/command_list_manager.h
[10.887s] -- Up-to-date: /home/kush/UR5_Project_New/install/pilz_industrial_motion_planner/include/pilz_industrial_motion_planner/trajectory_generator_lin.h
[10.888s] -- Up-to-date: /home/kush/UR5_Project_New/install/pilz_industrial_motion_planner/include/pilz_industrial_motion_planner/trajectory_functions.h
[10.888s] -- Up-to-date: /home/kush/UR5_Project_New/install/pilz_industrial_motion_planner/include/pilz_industrial_motion_planner/capability_names.h
[10.888s] -- Up-to-date: /home/kush/UR5_Project_New/install/pilz_industrial_motion_planner/include/pilz_industrial_motion_planner/cartesian_trajectory.h
[10.889s] -- Up-to-date: /home/kush/UR5_Project_New/install/pilz_industrial_motion_planner/include/pilz_industrial_motion_planner/joint_limits_validator.h
[10.889s] -- Up-to-date: /home/kush/UR5_Project_New/install/pilz_industrial_motion_planner/include/pilz_industrial_motion_planner/planning_context_circ.h
[10.889s] -- Up-to-date: /home/kush/UR5_Project_New/install/pilz_industrial_motion_planner/include/pilz_industrial_motion_planner/planning_context_loader_circ.h
[10.889s] -- Up-to-date: /home/kush/UR5_Project_New/install/pilz_industrial_motion_planner/include/pilz_industrial_motion_planner/cartesian_trajectory_point.h
[10.890s] -- Up-to-date: /home/kush/UR5_Project_New/install/pilz_industrial_motion_planner/include/pilz_industrial_motion_planner/tip_frame_getter.h
[10.890s] -- Up-to-date: /home/kush/UR5_Project_New/install/pilz_industrial_motion_planner/include/pilz_industrial_motion_planner/trajectory_generator_ptp.h
[10.890s] -- Up-to-date: /home/kush/UR5_Project_New/install/pilz_industrial_motion_planner/include/pilz_industrial_motion_planner/plan_components_builder.h
[10.891s] -- Up-to-date: /home/kush/UR5_Project_New/install/pilz_industrial_motion_planner/include/pilz_industrial_motion_planner/trajectory_generation_exceptions.h
[10.891s] -- Up-to-date: /home/kush/UR5_Project_New/install/pilz_industrial_motion_planner/include/pilz_industrial_motion_planner/planning_context_ptp.h
[10.892s] -- Up-to-date: /home/kush/UR5_Project_New/install/pilz_industrial_motion_planner/include/pilz_industrial_motion_planner/trajectory_blend_request.h
[10.892s] -- Up-to-date: /home/kush/UR5_Project_New/install/pilz_industrial_motion_planner/include/joint_limits_copy
[10.893s] -- Up-to-date: /home/kush/UR5_Project_New/install/pilz_industrial_motion_planner/include/joint_limits_copy/joint_limits_rosparam.hpp
[10.893s] -- Up-to-date: /home/kush/UR5_Project_New/install/pilz_industrial_motion_planner/include/joint_limits_copy/joint_limits.hpp
[10.893s] -- Up-to-date: /home/kush/UR5_Project_New/install/pilz_industrial_motion_planner/share/pilz_industrial_motion_planner/environment/library_path.sh
[10.894s] -- Up-to-date: /home/kush/UR5_Project_New/install/pilz_industrial_motion_planner/share/pilz_industrial_motion_planner/environment/library_path.dsv
[10.899s] -- Up-to-date: /home/kush/UR5_Project_New/install/pilz_industrial_motion_planner/lib/pilz_industrial_motion_planner/unittest_pilz_industrial_motion_planner_direct
[10.903s] -- Up-to-date: /home/kush/UR5_Project_New/install/pilz_industrial_motion_planner/lib/pilz_industrial_motion_planner/unittest_velocity_profile_atrap
[10.905s] -- Up-to-date: /home/kush/UR5_Project_New/install/pilz_industrial_motion_planner/lib/pilz_industrial_motion_planner/unittest_trajectory_generator
[10.906s] -- Up-to-date: /home/kush/UR5_Project_New/install/pilz_industrial_motion_planner/lib/pilz_industrial_motion_planner/unittest_trajectory_functions
[10.911s] -- Up-to-date: /home/kush/UR5_Project_New/install/pilz_industrial_motion_planner/lib/pilz_industrial_motion_planner/unittest_trajectory_blender_transition_window
[10.913s] -- Up-to-date: /home/kush/UR5_Project_New/install/pilz_industrial_motion_planner/lib/pilz_industrial_motion_planner/unittest_trajectory_generator_common
[10.914s] -- Up-to-date: /home/kush/UR5_Project_New/install/pilz_industrial_motion_planner/lib/pilz_industrial_motion_planner/unittest_trajectory_generator_circ
[10.915s] -- Up-to-date: /home/kush/UR5_Project_New/install/pilz_industrial_motion_planner/lib/pilz_industrial_motion_planner/unittest_trajectory_generator_lin
[10.917s] -- Up-to-date: /home/kush/UR5_Project_New/install/pilz_industrial_motion_planner/lib/pilz_industrial_motion_planner/unittest_trajectory_generator_ptp
[10.919s] -- Up-to-date: /home/kush/UR5_Project_New/install/pilz_industrial_motion_planner/lib/pilz_industrial_motion_planner/unittest_pilz_industrial_motion_planner
[10.927s] -- Up-to-date: /home/kush/UR5_Project_New/install/pilz_industrial_motion_planner/lib/pilz_industrial_motion_planner/unittest_joint_limit
[10.929s] -- Up-to-date: /home/kush/UR5_Project_New/install/pilz_industrial_motion_planner/lib/pilz_industrial_motion_planner/unittest_joint_limits_aggregator
[10.930s] -- Up-to-date: /home/kush/UR5_Project_New/install/pilz_industrial_motion_planner/lib/pilz_industrial_motion_planner/unittest_joint_limits_container
[10.931s] -- Up-to-date: /home/kush/UR5_Project_New/install/pilz_industrial_motion_planner/lib/pilz_industrial_motion_planner/unittest_joint_limits_validator
[10.932s] -- Up-to-date: /home/kush/UR5_Project_New/install/pilz_industrial_motion_planner/lib/pilz_industrial_motion_planner/unittest_cartesian_limits_aggregator
[10.933s] -- Up-to-date: /home/kush/UR5_Project_New/install/pilz_industrial_motion_planner/lib/pilz_industrial_motion_planner/unittest_planning_context_loaders
[10.934s] -- Up-to-date: /home/kush/UR5_Project_New/install/pilz_industrial_motion_planner/lib/pilz_industrial_motion_planner/unittest_planning_context
[10.935s] -- Up-to-date: /home/kush/UR5_Project_New/install/pilz_industrial_motion_planner/lib/pilz_industrial_motion_planner/unittest_get_solver_tip_frame
[10.936s] -- Up-to-date: /home/kush/UR5_Project_New/install/pilz_industrial_motion_planner/share/pilz_industrial_motion_planner/config
[10.943s] -- Up-to-date: /home/kush/UR5_Project_New/install/pilz_industrial_motion_planner/share/pilz_industrial_motion_planner/config/unittest_trajectory_generator_circ.yaml
[10.944s] -- Up-to-date: /home/kush/UR5_Project_New/install/pilz_industrial_motion_planner/share/pilz_industrial_motion_planner/config/unittest_trajectory_generator_lin.yaml
[10.944s] -- Up-to-date: /home/kush/UR5_Project_New/install/pilz_industrial_motion_planner/share/pilz_industrial_motion_planner/config/unittest_trajectory_generator_common.yaml
[10.944s] -- Up-to-date: /home/kush/UR5_Project_New/install/pilz_industrial_motion_planner/share/pilz_industrial_motion_planner/config/unittest_joint_limits_aggregator.yaml
[10.945s] -- Up-to-date: /home/kush/UR5_Project_New/install/pilz_industrial_motion_planner/share/pilz_industrial_motion_planner/config/unittest_cartesian_limits_aggregator.yaml
[10.945s] -- Up-to-date: /home/kush/UR5_Project_New/install/pilz_industrial_motion_planner/share/pilz_industrial_motion_planner/config/unittest_trajectory_functions.yaml
[10.945s] -- Up-to-date: /home/kush/UR5_Project_New/install/pilz_industrial_motion_planner/share/pilz_industrial_motion_planner/config/unittest_trajectory_blender_transition_window.yaml
[10.946s] -- Up-to-date: /home/kush/UR5_Project_New/install/pilz_industrial_motion_planner/share/pilz_industrial_motion_planner/config/unittest_trajectory_generator_ptp.yaml
[10.946s] -- Up-to-date: /home/kush/UR5_Project_New/install/pilz_industrial_motion_planner/share/pilz_industrial_motion_planner/config/unittest_joint_limit_config.yaml
[10.947s] -- Up-to-date: /home/kush/UR5_Project_New/install/pilz_industrial_motion_planner/share/pilz_industrial_motion_planner/launch
[10.947s] -- Up-to-date: /home/kush/UR5_Project_New/install/pilz_industrial_motion_planner/share/pilz_industrial_motion_planner/launch/unittest_planning_context.test.py
[10.947s] -- Up-to-date: /home/kush/UR5_Project_New/install/pilz_industrial_motion_planner/share/pilz_industrial_motion_planner/launch/unittest_trajectory_blender_transition_window.test.py
[10.948s] -- Up-to-date: /home/kush/UR5_Project_New/install/pilz_industrial_motion_planner/share/pilz_industrial_motion_planner/launch/unittest_joint_limit.test.py
[10.948s] -- Up-to-date: /home/kush/UR5_Project_New/install/pilz_industrial_motion_planner/share/pilz_industrial_motion_planner/launch/unittest_trajectory_generator_lin.test.py
[10.948s] -- Up-to-date: /home/kush/UR5_Project_New/install/pilz_industrial_motion_planner/share/pilz_industrial_motion_planner/launch/unittest_joint_limits_aggregator.test.py
[10.949s] -- Up-to-date: /home/kush/UR5_Project_New/install/pilz_industrial_motion_planner/share/pilz_industrial_motion_planner/launch/unittest_trajectory_generator_common.test.py
[10.949s] -- Up-to-date: /home/kush/UR5_Project_New/install/pilz_industrial_motion_planner/share/pilz_industrial_motion_planner/launch/unittest_trajectory_functions.test.py
[10.949s] -- Up-to-date: /home/kush/UR5_Project_New/install/pilz_industrial_motion_planner/share/pilz_industrial_motion_planner/launch/unittest_trajectory_generator_ptp.test.py
[10.949s] -- Up-to-date: /home/kush/UR5_Project_New/install/pilz_industrial_motion_planner/share/pilz_industrial_motion_planner/launch/unittest_trajectory_generator_circ.test.py
[10.950s] -- Up-to-date: /home/kush/UR5_Project_New/install/pilz_industrial_motion_planner/share/pilz_industrial_motion_planner/launch/unittest_pilz_industrial_motion_planner.test.py
[10.950s] -- Up-to-date: /home/kush/UR5_Project_New/install/pilz_industrial_motion_planner/share/pilz_industrial_motion_planner/launch/unittest_cartesian_limits_aggregator.test.py
[10.950s] -- Up-to-date: /home/kush/UR5_Project_New/install/pilz_industrial_motion_planner/share/pilz_industrial_motion_planner/launch/unittest_planning_context_loaders.test.py
[10.951s] -- Up-to-date: /home/kush/UR5_Project_New/install/pilz_industrial_motion_planner/share/pilz_industrial_motion_planner/launch/common_parameters.py
[10.951s] -- Up-to-date: /home/kush/UR5_Project_New/install/pilz_industrial_motion_planner/share/pilz_industrial_motion_planner/test_data
[10.952s] -- Up-to-date: /home/kush/UR5_Project_New/install/pilz_industrial_motion_planner/share/pilz_industrial_motion_planner/test_data/frankaemika_panda
[10.952s] -- Up-to-date: /home/kush/UR5_Project_New/install/pilz_industrial_motion_planner/share/pilz_industrial_motion_planner/test_data/frankaemika_panda/testdata_sequence.xml
[10.953s] -- Up-to-date: /home/kush/UR5_Project_New/install/pilz_industrial_motion_planner/share/pilz_industrial_motion_planner/test_data/testpoints.py
[10.953s] -- Up-to-date: /home/kush/UR5_Project_New/install/pilz_industrial_motion_planner/share/pilz_industrial_motion_planner/test_data/prbt
[10.953s] -- Up-to-date: /home/kush/UR5_Project_New/install/pilz_industrial_motion_planner/share/pilz_industrial_motion_planner/test_data/prbt/testdata_deprecated.xml
[10.953s] -- Up-to-date: /home/kush/UR5_Project_New/install/pilz_industrial_motion_planner/share/pilz_industrial_motion_planner/test_data/prbt/testdata_with_gripper.xml
[10.954s] -- Up-to-date: /home/kush/UR5_Project_New/install/pilz_industrial_motion_planner/share/pilz_industrial_motion_planner/test_data/prbt/testdata_sequence.xml
[10.954s] -- Up-to-date: /home/kush/UR5_Project_New/install/pilz_industrial_motion_planner/share/pilz_industrial_motion_planner/test_data/concept_testdata.png
[10.954s] -- Up-to-date: /home/kush/UR5_Project_New/install/pilz_industrial_motion_planner/share/pilz_industrial_motion_planner/test_data/concept_testdata.odp
[10.955s] -- Up-to-date: /home/kush/UR5_Project_New/install/pilz_industrial_motion_planner/share/ament_index/resource_index/package_run_dependencies/pilz_industrial_motion_planner
[10.955s] -- Up-to-date: /home/kush/UR5_Project_New/install/pilz_industrial_motion_planner/share/ament_index/resource_index/parent_prefix_path/pilz_industrial_motion_planner
[10.956s] -- Up-to-date: /home/kush/UR5_Project_New/install/pilz_industrial_motion_planner/share/pilz_industrial_motion_planner/environment/ament_prefix_path.sh
[10.956s] -- Up-to-date: /home/kush/UR5_Project_New/install/pilz_industrial_motion_planner/share/pilz_industrial_motion_planner/environment/ament_prefix_path.dsv
[10.956s] -- Up-to-date: /home/kush/UR5_Project_New/install/pilz_industrial_motion_planner/share/pilz_industrial_motion_planner/environment/path.sh
[10.957s] -- Up-to-date: /home/kush/UR5_Project_New/install/pilz_industrial_motion_planner/share/pilz_industrial_motion_planner/environment/path.dsv
[10.957s] -- Up-to-date: /home/kush/UR5_Project_New/install/pilz_industrial_motion_planner/share/pilz_industrial_motion_planner/local_setup.bash
[10.958s] -- Up-to-date: /home/kush/UR5_Project_New/install/pilz_industrial_motion_planner/share/pilz_industrial_motion_planner/local_setup.sh
[10.958s] -- Up-to-date: /home/kush/UR5_Project_New/install/pilz_industrial_motion_planner/share/pilz_industrial_motion_planner/local_setup.zsh
[10.958s] -- Up-to-date: /home/kush/UR5_Project_New/install/pilz_industrial_motion_planner/share/pilz_industrial_motion_planner/local_setup.dsv
[10.959s] -- Installing: /home/kush/UR5_Project_New/install/pilz_industrial_motion_planner/share/pilz_industrial_motion_planner/package.dsv
[10.960s] -- Up-to-date: /home/kush/UR5_Project_New/install/pilz_industrial_motion_planner/share/ament_index/resource_index/packages/pilz_industrial_motion_planner
[10.960s] -- Up-to-date: /home/kush/UR5_Project_New/install/pilz_industrial_motion_planner/share/ament_index/resource_index/moveit_core__pluginlib__plugin/pilz_industrial_motion_planner
[10.960s] -- Up-to-date: /home/kush/UR5_Project_New/install/pilz_industrial_motion_planner/share/ament_index/resource_index/moveit_ros_move_group__pluginlib__plugin/pilz_industrial_motion_planner
[10.961s] -- Up-to-date: /home/kush/UR5_Project_New/install/pilz_industrial_motion_planner/share/ament_index/resource_index/pilz_industrial_motion_planner__pluginlib__plugin/pilz_industrial_motion_planner
[10.961s] -- Up-to-date: /home/kush/UR5_Project_New/install/pilz_industrial_motion_planner/share/pilz_industrial_motion_planner/cmake/pilz_industrial_motion_plannerTargetsExport.cmake
[10.962s] -- Up-to-date: /home/kush/UR5_Project_New/install/pilz_industrial_motion_planner/share/pilz_industrial_motion_planner/cmake/pilz_industrial_motion_plannerTargetsExport-release.cmake
[10.962s] -- Up-to-date: /home/kush/UR5_Project_New/install/pilz_industrial_motion_planner/share/pilz_industrial_motion_planner/cmake/ament_cmake_export_include_directories-extras.cmake
[10.963s] -- Up-to-date: /home/kush/UR5_Project_New/install/pilz_industrial_motion_planner/share/pilz_industrial_motion_planner/cmake/ament_cmake_export_targets-extras.cmake
[10.963s] -- Up-to-date: /home/kush/UR5_Project_New/install/pilz_industrial_motion_planner/share/pilz_industrial_motion_planner/cmake/ament_cmake_export_dependencies-extras.cmake
[10.964s] -- Up-to-date: /home/kush/UR5_Project_New/install/pilz_industrial_motion_planner/share/pilz_industrial_motion_planner/cmake/pilz_industrial_motion_plannerConfig.cmake
[10.964s] -- Up-to-date: /home/kush/UR5_Project_New/install/pilz_industrial_motion_planner/share/pilz_industrial_motion_planner/cmake/pilz_industrial_motion_plannerConfig-version.cmake
[10.965s] -- Up-to-date: /home/kush/UR5_Project_New/install/pilz_industrial_motion_planner/share/pilz_industrial_motion_planner/package.xml
[11.101s] Invoked command in '/home/kush/UR5_Project_New/build/pilz_industrial_motion_planner' returned '0': AMENT_PREFIX_PATH=/home/kush/UR5_Project_New/install/moveit_resources_prbt_pg70_support:/home/kush/UR5_Project_New/install/moveit_ros_planning_interface:/home/kush/UR5_Project_New/install/moveit_resources_prbt_moveit_config:/home/kush/UR5_Project_New/install/moveit_ros_move_group:/home/kush/UR5_Project_New/install/moveit_ros_warehouse:/home/kush/UR5_Project_New/install/moveit_kinematics:/home/kush/UR5_Project_New/install/moveit_ros_planning:/home/kush/UR5_Project_New/install/pilz_industrial_motion_planner_testutils:/home/kush/UR5_Project_New/install/moveit_ros_occupancy_map_monitor:/home/kush/UR5_Project_New/install/moveit_resources_prbt_ikfast_manipulator_plugin:/home/kush/UR5_Project_New/install/moveit_core:/home/kush/UR5_Project_New/install/moveit_resources_panda_moveit_config:/home/kush/UR5_Project_New/install/moveit_configs_utils:/home/kush/UR5_Project_New/install/srdfdom:/home/kush/UR5_Project_New/install/moveit_resources_prbt_support:/home/kush/UR5_Project_New/install/moveit_resources_panda_description:/home/kush/UR5_Project_New/install/moveit_common:/home/kush/UR5_Project_New/install/launch_param_builder:${AMENT_PREFIX_PATH} CMAKE_PREFIX_PATH=/home/kush/UR5_Project_New/install/moveit_resources_prbt_pg70_support:/home/kush/UR5_Project_New/install/moveit_ros_planning_interface:/home/kush/UR5_Project_New/install/moveit_resources_prbt_moveit_config:/home/kush/UR5_Project_New/install/moveit_ros_move_group:/home/kush/UR5_Project_New/install/moveit_ros_warehouse:/home/kush/UR5_Project_New/install/moveit_kinematics:/home/kush/UR5_Project_New/install/moveit_ros_planning:/home/kush/UR5_Project_New/install/pilz_industrial_motion_planner_testutils:/home/kush/UR5_Project_New/install/moveit_ros_occupancy_map_monitor:/home/kush/UR5_Project_New/install/moveit_resources_prbt_ikfast_manipulator_plugin:/home/kush/UR5_Project_New/install/moveit_core:/home/kush/UR5_Project_New/install/moveit_resources_panda_moveit_config:/home/kush/UR5_Project_New/install/srdfdom:/home/kush/UR5_Project_New/install/moveit_resources_prbt_support:/home/kush/UR5_Project_New/install/moveit_resources_panda_description:/home/kush/UR5_Project_New/install/moveit_common:/opt/ros/humble LD_LIBRARY_PATH=/home/kush/UR5_Project_New/install/moveit_ros_planning_interface/lib:/home/kush/UR5_Project_New/install/moveit_ros_move_group/lib:/home/kush/UR5_Project_New/install/moveit_ros_warehouse/lib:/home/kush/UR5_Project_New/install/moveit_kinematics/lib:/home/kush/UR5_Project_New/install/moveit_ros_planning/lib:/home/kush/UR5_Project_New/install/pilz_industrial_motion_planner_testutils/lib:/home/kush/UR5_Project_New/install/moveit_ros_occupancy_map_monitor/lib:/home/kush/UR5_Project_New/install/moveit_resources_prbt_ikfast_manipulator_plugin/lib:/home/kush/UR5_Project_New/install/moveit_core/lib:/home/kush/UR5_Project_New/install/srdfdom/lib:${LD_LIBRARY_PATH} PATH=/home/kush/UR5_Project_New/install/moveit_core/bin:${PATH} PYTHONPATH=/home/kush/UR5_Project_New/install/moveit_configs_utils/lib/python3.10/site-packages:/home/kush/UR5_Project_New/install/srdfdom/local/lib/python3.10/dist-packages:/home/kush/UR5_Project_New/install/launch_param_builder/lib/python3.10/site-packages:${PYTHONPATH} /usr/bin/cmake --install /home/kush/UR5_Project_New/build/pilz_industrial_motion_planner
