[0.162s] Invoking command in '/home/kush/UR5_Project_New/build/moveit_planners_chomp': AMENT_PREFIX_PATH=/home/kush/UR5_Project_New/install/chomp_motion_planner:/home/kush/UR5_Project_New/install/moveit_core:/home/kush/UR5_Project_New/install/srdfdom:/home/kush/UR5_Project_New/install/moveit_common:${AMENT_PREFIX_PATH} CMAKE_PREFIX_PATH=/home/kush/UR5_Project_New/install/chomp_motion_planner:/home/kush/UR5_Project_New/install/moveit_core:/home/kush/UR5_Project_New/install/srdfdom:/home/kush/UR5_Project_New/install/moveit_common:/opt/ros/humble LD_LIBRARY_PATH=/home/kush/UR5_Project_New/install/chomp_motion_planner/lib:/home/kush/UR5_Project_New/install/moveit_core/lib:/home/kush/UR5_Project_New/install/srdfdom/lib:${LD_LIBRARY_PATH} PATH=/home/kush/UR5_Project_New/install/moveit_core/bin:${PATH} PYTHONPATH=/home/kush/UR5_Project_New/install/srdfdom/local/lib/python3.10/dist-packages:${PYTHONPATH} /usr/bin/cmake /home/kush/UR5_Project_New/src/moveit2/moveit_planners/chomp/chomp_interface -DCMAKE_INSTALL_PREFIX=/home/kush/UR5_Project_New/install/moveit_planners_chomp
[0.233s] -- Found moveit_common: 2.5.4 (/home/kush/UR5_Project_New/install/moveit_common/share/moveit_common/cmake)
[0.234s] -- Found ament_cmake: 1.3.5 (/opt/ros/humble/share/ament_cmake/cmake)
[1.183s] -- Could NOT find libbfd (missing: LIBBFD_LIBRARY LIBBFD_INCLUDE_DIR) 
[1.185s] -- BACKWARD_HAS_UNWIND=1
[1.185s] -- BACKWARD_HAS_BACKTRACE=0
[1.186s] -- BACKWARD_HAS_BACKTRACE_SYMBOL=0
[1.186s] -- BACKWARD_HAS_DW=1
[1.186s] -- BACKWARD_HAS_BFD=0
[1.187s] -- Found Backward: /opt/ros/humble/share/backward_ros/cmake  
[1.187s] -- Found moveit_core: 2.5.4 (/home/kush/UR5_Project_New/install/moveit_core/share/moveit_core/cmake)
[1.273s] -- Found Boost: /usr/lib/x86_64-linux-gnu/cmake/Boost-1.74.0/BoostConfig.cmake (found version "1.74.0") found components: chrono date_time filesystem iostreams program_options regex serialization system thread 
[1.319s] -- Found parameter_traits: 0.3.3 (/opt/ros/humble/share/parameter_traits/cmake)
[1.388s] -- Found rosidl_generator_c: 3.1.5 (/opt/ros/humble/share/rosidl_generator_c/cmake)
[1.395s] -- Found rosidl_adapter: 3.1.5 (/opt/ros/humble/share/rosidl_adapter/cmake)
[1.412s] -- Found rosidl_generator_cpp: 3.1.5 (/opt/ros/humble/share/rosidl_generator_cpp/cmake)
[1.447s] -- Using all available rosidl_typesupport_c: rosidl_typesupport_fastrtps_c;rosidl_typesupport_introspection_c
[1.533s] -- Using all available rosidl_typesupport_cpp: rosidl_typesupport_fastrtps_cpp;rosidl_typesupport_introspection_cpp
[1.808s] -- Found rmw_implementation_cmake: 6.1.1 (/opt/ros/humble/share/rmw_implementation_cmake/cmake)
[1.812s] -- Found rmw_fastrtps_cpp: 6.2.3 (/opt/ros/humble/share/rmw_fastrtps_cpp/cmake)
[2.321s] -- Using RMW implementation 'rmw_fastrtps_cpp' as default
[3.113s] -- Found rclcpp_lifecycle: 16.0.5 (/opt/ros/humble/share/rclcpp_lifecycle/cmake)
[3.330s] -- Found Boost: /usr/lib/x86_64-linux-gnu/cmake/Boost-1.74.0/BoostConfig.cmake (found version "1.74.0") found components: filesystem 
[3.684s] -- library: /usr/lib/x86_64-linux-gnu/libcurl.so
[4.628s] -- Ensuring Eigen3 include directory is part of orocos-kdl CMake target
[8.355s] -- Found chomp_motion_planner: 2.5.4 (/home/kush/UR5_Project_New/install/chomp_motion_planner/share/chomp_motion_planner/cmake)
[8.389s] -- Found ament_lint_auto: 0.12.7 (/opt/ros/humble/share/ament_lint_auto/cmake)
[8.450s] -- Added test 'cppcheck' to perform static code analysis on C / C++ code
[8.453s] -- Configured cppcheck include dirs: /home/kush/UR5_Project_New/src/moveit2/moveit_planners/chomp/chomp_interface/include
[8.454s] -- Configured cppcheck exclude dirs and/or files: 
[8.459s] -- Added test 'xmllint' to check XML markup files
[8.499s] -- Configuring done
[8.722s] -- Generating done
[8.736s] -- Build files have been written to: /home/kush/UR5_Project_New/build/moveit_planners_chomp
[8.772s] Invoked command in '/home/kush/UR5_Project_New/build/moveit_planners_chomp' returned '0': AMENT_PREFIX_PATH=/home/kush/UR5_Project_New/install/chomp_motion_planner:/home/kush/UR5_Project_New/install/moveit_core:/home/kush/UR5_Project_New/install/srdfdom:/home/kush/UR5_Project_New/install/moveit_common:${AMENT_PREFIX_PATH} CMAKE_PREFIX_PATH=/home/kush/UR5_Project_New/install/chomp_motion_planner:/home/kush/UR5_Project_New/install/moveit_core:/home/kush/UR5_Project_New/install/srdfdom:/home/kush/UR5_Project_New/install/moveit_common:/opt/ros/humble LD_LIBRARY_PATH=/home/kush/UR5_Project_New/install/chomp_motion_planner/lib:/home/kush/UR5_Project_New/install/moveit_core/lib:/home/kush/UR5_Project_New/install/srdfdom/lib:${LD_LIBRARY_PATH} PATH=/home/kush/UR5_Project_New/install/moveit_core/bin:${PATH} PYTHONPATH=/home/kush/UR5_Project_New/install/srdfdom/local/lib/python3.10/dist-packages:${PYTHONPATH} /usr/bin/cmake /home/kush/UR5_Project_New/src/moveit2/moveit_planners/chomp/chomp_interface -DCMAKE_INSTALL_PREFIX=/home/kush/UR5_Project_New/install/moveit_planners_chomp
[8.772s] Invoking command in '/home/kush/UR5_Project_New/build/moveit_planners_chomp': AMENT_PREFIX_PATH=/home/kush/UR5_Project_New/install/chomp_motion_planner:/home/kush/UR5_Project_New/install/moveit_core:/home/kush/UR5_Project_New/install/srdfdom:/home/kush/UR5_Project_New/install/moveit_common:${AMENT_PREFIX_PATH} CMAKE_PREFIX_PATH=/home/kush/UR5_Project_New/install/chomp_motion_planner:/home/kush/UR5_Project_New/install/moveit_core:/home/kush/UR5_Project_New/install/srdfdom:/home/kush/UR5_Project_New/install/moveit_common:/opt/ros/humble LD_LIBRARY_PATH=/home/kush/UR5_Project_New/install/chomp_motion_planner/lib:/home/kush/UR5_Project_New/install/moveit_core/lib:/home/kush/UR5_Project_New/install/srdfdom/lib:${LD_LIBRARY_PATH} PATH=/home/kush/UR5_Project_New/install/moveit_core/bin:${PATH} PYTHONPATH=/home/kush/UR5_Project_New/install/srdfdom/local/lib/python3.10/dist-packages:${PYTHONPATH} /usr/bin/cmake --build /home/kush/UR5_Project_New/build/moveit_planners_chomp -- -j4 -l4
[8.937s] [35m[1mConsolidate compiler generated dependencies of target moveit_chomp_interface[0m
[9.125s] [ 60%] Built target moveit_chomp_interface
[9.235s] [35m[1mConsolidate compiler generated dependencies of target moveit_chomp_planner_plugin[0m
[9.398s] [100%] Built target moveit_chomp_planner_plugin
[9.457s] Invoked command in '/home/kush/UR5_Project_New/build/moveit_planners_chomp' returned '0': AMENT_PREFIX_PATH=/home/kush/UR5_Project_New/install/chomp_motion_planner:/home/kush/UR5_Project_New/install/moveit_core:/home/kush/UR5_Project_New/install/srdfdom:/home/kush/UR5_Project_New/install/moveit_common:${AMENT_PREFIX_PATH} CMAKE_PREFIX_PATH=/home/kush/UR5_Project_New/install/chomp_motion_planner:/home/kush/UR5_Project_New/install/moveit_core:/home/kush/UR5_Project_New/install/srdfdom:/home/kush/UR5_Project_New/install/moveit_common:/opt/ros/humble LD_LIBRARY_PATH=/home/kush/UR5_Project_New/install/chomp_motion_planner/lib:/home/kush/UR5_Project_New/install/moveit_core/lib:/home/kush/UR5_Project_New/install/srdfdom/lib:${LD_LIBRARY_PATH} PATH=/home/kush/UR5_Project_New/install/moveit_core/bin:${PATH} PYTHONPATH=/home/kush/UR5_Project_New/install/srdfdom/local/lib/python3.10/dist-packages:${PYTHONPATH} /usr/bin/cmake --build /home/kush/UR5_Project_New/build/moveit_planners_chomp -- -j4 -l4
[9.886s] Invoking command in '/home/kush/UR5_Project_New/build/moveit_planners_chomp': AMENT_PREFIX_PATH=/home/kush/UR5_Project_New/install/chomp_motion_planner:/home/kush/UR5_Project_New/install/moveit_core:/home/kush/UR5_Project_New/install/srdfdom:/home/kush/UR5_Project_New/install/moveit_common:${AMENT_PREFIX_PATH} CMAKE_PREFIX_PATH=/home/kush/UR5_Project_New/install/chomp_motion_planner:/home/kush/UR5_Project_New/install/moveit_core:/home/kush/UR5_Project_New/install/srdfdom:/home/kush/UR5_Project_New/install/moveit_common:/opt/ros/humble LD_LIBRARY_PATH=/home/kush/UR5_Project_New/install/chomp_motion_planner/lib:/home/kush/UR5_Project_New/install/moveit_core/lib:/home/kush/UR5_Project_New/install/srdfdom/lib:${LD_LIBRARY_PATH} PATH=/home/kush/UR5_Project_New/install/moveit_core/bin:${PATH} PYTHONPATH=/home/kush/UR5_Project_New/install/srdfdom/local/lib/python3.10/dist-packages:${PYTHONPATH} /usr/bin/cmake --install /home/kush/UR5_Project_New/build/moveit_planners_chomp
[9.924s] -- Install configuration: "Release"
[9.925s] -- Up-to-date: /home/kush/UR5_Project_New/install/moveit_planners_chomp/lib/libmoveit_chomp_interface.so.2.5.4
[9.926s] -- Up-to-date: /home/kush/UR5_Project_New/install/moveit_planners_chomp/lib/libmoveit_chomp_interface.so
[9.929s] -- Up-to-date: /home/kush/UR5_Project_New/install/moveit_planners_chomp/lib/libmoveit_chomp_planner_plugin.so
[9.930s] -- Up-to-date: /home/kush/UR5_Project_New/install/moveit_planners_chomp/share/moveit_planners_chomp/environment/library_path.sh
[9.931s] -- Installing: /home/kush/UR5_Project_New/install/moveit_planners_chomp/share/moveit_planners_chomp/environment/library_path.dsv
[9.931s] -- Up-to-date: /home/kush/UR5_Project_New/install/moveit_planners_chomp/share/moveit_planners_chomp/chomp_interface_plugin_description.xml
[9.932s] -- Up-to-date: /home/kush/UR5_Project_New/install/moveit_planners_chomp/share/ament_index/resource_index/package_run_dependencies/moveit_planners_chomp
[9.932s] -- Installing: /home/kush/UR5_Project_New/install/moveit_planners_chomp/share/ament_index/resource_index/parent_prefix_path/moveit_planners_chomp
[9.933s] -- Up-to-date: /home/kush/UR5_Project_New/install/moveit_planners_chomp/share/moveit_planners_chomp/environment/ament_prefix_path.sh
[9.934s] -- Installing: /home/kush/UR5_Project_New/install/moveit_planners_chomp/share/moveit_planners_chomp/environment/ament_prefix_path.dsv
[9.935s] -- Up-to-date: /home/kush/UR5_Project_New/install/moveit_planners_chomp/share/moveit_planners_chomp/environment/path.sh
[9.935s] -- Installing: /home/kush/UR5_Project_New/install/moveit_planners_chomp/share/moveit_planners_chomp/environment/path.dsv
[9.936s] -- Up-to-date: /home/kush/UR5_Project_New/install/moveit_planners_chomp/share/moveit_planners_chomp/local_setup.bash
[9.936s] -- Up-to-date: /home/kush/UR5_Project_New/install/moveit_planners_chomp/share/moveit_planners_chomp/local_setup.sh
[9.937s] -- Up-to-date: /home/kush/UR5_Project_New/install/moveit_planners_chomp/share/moveit_planners_chomp/local_setup.zsh
[9.937s] -- Installing: /home/kush/UR5_Project_New/install/moveit_planners_chomp/share/moveit_planners_chomp/local_setup.dsv
[9.945s] -- Installing: /home/kush/UR5_Project_New/install/moveit_planners_chomp/share/moveit_planners_chomp/package.dsv
[9.946s] -- Up-to-date: /home/kush/UR5_Project_New/install/moveit_planners_chomp/share/ament_index/resource_index/packages/moveit_planners_chomp
[9.946s] -- Up-to-date: /home/kush/UR5_Project_New/install/moveit_planners_chomp/share/ament_index/resource_index/moveit_core__pluginlib__plugin/moveit_planners_chomp
[9.968s] -- Up-to-date: /home/kush/UR5_Project_New/install/moveit_planners_chomp/share/moveit_planners_chomp/cmake/moveit_planners_chompTargetsExport.cmake
[9.969s] -- Up-to-date: /home/kush/UR5_Project_New/install/moveit_planners_chomp/share/moveit_planners_chomp/cmake/moveit_planners_chompTargetsExport-release.cmake
[9.969s] -- Up-to-date: /home/kush/UR5_Project_New/install/moveit_planners_chomp/share/moveit_planners_chomp/cmake/ament_cmake_export_targets-extras.cmake
[9.970s] -- Up-to-date: /home/kush/UR5_Project_New/install/moveit_planners_chomp/share/moveit_planners_chomp/cmake/ament_cmake_export_dependencies-extras.cmake
[9.972s] -- Up-to-date: /home/kush/UR5_Project_New/install/moveit_planners_chomp/share/moveit_planners_chomp/cmake/moveit_planners_chompConfig.cmake
[9.973s] -- Up-to-date: /home/kush/UR5_Project_New/install/moveit_planners_chomp/share/moveit_planners_chomp/cmake/moveit_planners_chompConfig-version.cmake
[9.973s] -- Up-to-date: /home/kush/UR5_Project_New/install/moveit_planners_chomp/share/moveit_planners_chomp/package.xml
[9.980s] Invoked command in '/home/kush/UR5_Project_New/build/moveit_planners_chomp' returned '0': AMENT_PREFIX_PATH=/home/kush/UR5_Project_New/install/chomp_motion_planner:/home/kush/UR5_Project_New/install/moveit_core:/home/kush/UR5_Project_New/install/srdfdom:/home/kush/UR5_Project_New/install/moveit_common:${AMENT_PREFIX_PATH} CMAKE_PREFIX_PATH=/home/kush/UR5_Project_New/install/chomp_motion_planner:/home/kush/UR5_Project_New/install/moveit_core:/home/kush/UR5_Project_New/install/srdfdom:/home/kush/UR5_Project_New/install/moveit_common:/opt/ros/humble LD_LIBRARY_PATH=/home/kush/UR5_Project_New/install/chomp_motion_planner/lib:/home/kush/UR5_Project_New/install/moveit_core/lib:/home/kush/UR5_Project_New/install/srdfdom/lib:${LD_LIBRARY_PATH} PATH=/home/kush/UR5_Project_New/install/moveit_core/bin:${PATH} PYTHONPATH=/home/kush/UR5_Project_New/install/srdfdom/local/lib/python3.10/dist-packages:${PYTHONPATH} /usr/bin/cmake --install /home/kush/UR5_Project_New/build/moveit_planners_chomp
