[0.093s] Invoking command in '/home/kush/UR5_Project_New/build/moveit_planners_chomp': AMENT_PREFIX_PATH=/home/kush/UR5_Project_New/install/chomp_motion_planner:/home/kush/UR5_Project_New/install/moveit_core:/home/kush/UR5_Project_New/install/srdfdom:/home/kush/UR5_Project_New/install/moveit_common:${AMENT_PREFIX_PATH} CMAKE_PREFIX_PATH=/home/kush/UR5_Project_New/install/chomp_motion_planner:/home/kush/UR5_Project_New/install/moveit_core:/home/kush/UR5_Project_New/install/srdfdom:/home/kush/UR5_Project_New/install/moveit_common:/opt/ros/humble LD_LIBRARY_PATH=/home/kush/UR5_Project_New/install/chomp_motion_planner/lib:/home/kush/UR5_Project_New/install/moveit_core/lib:/home/kush/UR5_Project_New/install/srdfdom/lib:${LD_LIBRARY_PATH} PATH=/home/kush/UR5_Project_New/install/moveit_core/bin:${PATH} PYTHONPATH=/home/kush/UR5_Project_New/install/srdfdom/local/lib/python3.10/dist-packages:${PYTHONPATH} /usr/bin/cmake --build /home/kush/UR5_Project_New/build/moveit_planners_chomp -- -j4 -l4
[0.415s] [ 60%] Built target moveit_chomp_interface
[0.600s] [100%] Built target moveit_chomp_planner_plugin
[0.701s] Invoked command in '/home/kush/UR5_Project_New/build/moveit_planners_chomp' returned '0': AMENT_PREFIX_PATH=/home/kush/UR5_Project_New/install/chomp_motion_planner:/home/kush/UR5_Project_New/install/moveit_core:/home/kush/UR5_Project_New/install/srdfdom:/home/kush/UR5_Project_New/install/moveit_common:${AMENT_PREFIX_PATH} CMAKE_PREFIX_PATH=/home/kush/UR5_Project_New/install/chomp_motion_planner:/home/kush/UR5_Project_New/install/moveit_core:/home/kush/UR5_Project_New/install/srdfdom:/home/kush/UR5_Project_New/install/moveit_common:/opt/ros/humble LD_LIBRARY_PATH=/home/kush/UR5_Project_New/install/chomp_motion_planner/lib:/home/kush/UR5_Project_New/install/moveit_core/lib:/home/kush/UR5_Project_New/install/srdfdom/lib:${LD_LIBRARY_PATH} PATH=/home/kush/UR5_Project_New/install/moveit_core/bin:${PATH} PYTHONPATH=/home/kush/UR5_Project_New/install/srdfdom/local/lib/python3.10/dist-packages:${PYTHONPATH} /usr/bin/cmake --build /home/kush/UR5_Project_New/build/moveit_planners_chomp -- -j4 -l4
[0.735s] Invoking command in '/home/kush/UR5_Project_New/build/moveit_planners_chomp': AMENT_PREFIX_PATH=/home/kush/UR5_Project_New/install/chomp_motion_planner:/home/kush/UR5_Project_New/install/moveit_core:/home/kush/UR5_Project_New/install/srdfdom:/home/kush/UR5_Project_New/install/moveit_common:${AMENT_PREFIX_PATH} CMAKE_PREFIX_PATH=/home/kush/UR5_Project_New/install/chomp_motion_planner:/home/kush/UR5_Project_New/install/moveit_core:/home/kush/UR5_Project_New/install/srdfdom:/home/kush/UR5_Project_New/install/moveit_common:/opt/ros/humble LD_LIBRARY_PATH=/home/kush/UR5_Project_New/install/chomp_motion_planner/lib:/home/kush/UR5_Project_New/install/moveit_core/lib:/home/kush/UR5_Project_New/install/srdfdom/lib:${LD_LIBRARY_PATH} PATH=/home/kush/UR5_Project_New/install/moveit_core/bin:${PATH} PYTHONPATH=/home/kush/UR5_Project_New/install/srdfdom/local/lib/python3.10/dist-packages:${PYTHONPATH} /usr/bin/cmake --install /home/kush/UR5_Project_New/build/moveit_planners_chomp
[0.762s] -- Install configuration: "Release"
[0.787s] -- Up-to-date: /home/kush/UR5_Project_New/install/moveit_planners_chomp/lib/libmoveit_chomp_interface.so.2.5.4
[0.788s] -- Up-to-date: /home/kush/UR5_Project_New/install/moveit_planners_chomp/lib/libmoveit_chomp_interface.so
[0.832s] -- Up-to-date: /home/kush/UR5_Project_New/install/moveit_planners_chomp/lib/libmoveit_chomp_planner_plugin.so
[0.833s] -- Up-to-date: /home/kush/UR5_Project_New/install/moveit_planners_chomp/share/moveit_planners_chomp/environment/library_path.sh
[0.834s] -- Up-to-date: /home/kush/UR5_Project_New/install/moveit_planners_chomp/share/moveit_planners_chomp/environment/library_path.dsv
[0.834s] -- Up-to-date: /home/kush/UR5_Project_New/install/moveit_planners_chomp/share/moveit_planners_chomp/chomp_interface_plugin_description.xml
[0.835s] -- Up-to-date: /home/kush/UR5_Project_New/install/moveit_planners_chomp/share/ament_index/resource_index/package_run_dependencies/moveit_planners_chomp
[0.836s] -- Up-to-date: /home/kush/UR5_Project_New/install/moveit_planners_chomp/share/ament_index/resource_index/parent_prefix_path/moveit_planners_chomp
[0.836s] -- Up-to-date: /home/kush/UR5_Project_New/install/moveit_planners_chomp/share/moveit_planners_chomp/environment/ament_prefix_path.sh
[0.836s] -- Up-to-date: /home/kush/UR5_Project_New/install/moveit_planners_chomp/share/moveit_planners_chomp/environment/ament_prefix_path.dsv
[0.836s] -- Up-to-date: /home/kush/UR5_Project_New/install/moveit_planners_chomp/share/moveit_planners_chomp/environment/path.sh
[0.836s] -- Up-to-date: /home/kush/UR5_Project_New/install/moveit_planners_chomp/share/moveit_planners_chomp/environment/path.dsv
[0.836s] -- Up-to-date: /home/kush/UR5_Project_New/install/moveit_planners_chomp/share/moveit_planners_chomp/local_setup.bash
[0.837s] -- Up-to-date: /home/kush/UR5_Project_New/install/moveit_planners_chomp/share/moveit_planners_chomp/local_setup.sh
[0.837s] -- Up-to-date: /home/kush/UR5_Project_New/install/moveit_planners_chomp/share/moveit_planners_chomp/local_setup.zsh
[0.837s] -- Up-to-date: /home/kush/UR5_Project_New/install/moveit_planners_chomp/share/moveit_planners_chomp/local_setup.dsv
[0.837s] -- Installing: /home/kush/UR5_Project_New/install/moveit_planners_chomp/share/moveit_planners_chomp/package.dsv
[0.861s] -- Up-to-date: /home/kush/UR5_Project_New/install/moveit_planners_chomp/share/ament_index/resource_index/packages/moveit_planners_chomp
[0.862s] -- Up-to-date: /home/kush/UR5_Project_New/install/moveit_planners_chomp/share/ament_index/resource_index/moveit_core__pluginlib__plugin/moveit_planners_chomp
[0.920s] -- Up-to-date: /home/kush/UR5_Project_New/install/moveit_planners_chomp/share/moveit_planners_chomp/cmake/moveit_planners_chompTargetsExport.cmake
[0.921s] -- Up-to-date: /home/kush/UR5_Project_New/install/moveit_planners_chomp/share/moveit_planners_chomp/cmake/moveit_planners_chompTargetsExport-release.cmake
[0.921s] -- Up-to-date: /home/kush/UR5_Project_New/install/moveit_planners_chomp/share/moveit_planners_chomp/cmake/ament_cmake_export_targets-extras.cmake
[0.921s] -- Up-to-date: /home/kush/UR5_Project_New/install/moveit_planners_chomp/share/moveit_planners_chomp/cmake/ament_cmake_export_dependencies-extras.cmake
[0.921s] -- Up-to-date: /home/kush/UR5_Project_New/install/moveit_planners_chomp/share/moveit_planners_chomp/cmake/moveit_planners_chompConfig.cmake
[0.922s] -- Up-to-date: /home/kush/UR5_Project_New/install/moveit_planners_chomp/share/moveit_planners_chomp/cmake/moveit_planners_chompConfig-version.cmake
[0.922s] -- Up-to-date: /home/kush/UR5_Project_New/install/moveit_planners_chomp/share/moveit_planners_chomp/package.xml
[0.927s] Invoked command in '/home/kush/UR5_Project_New/build/moveit_planners_chomp' returned '0': AMENT_PREFIX_PATH=/home/kush/UR5_Project_New/install/chomp_motion_planner:/home/kush/UR5_Project_New/install/moveit_core:/home/kush/UR5_Project_New/install/srdfdom:/home/kush/UR5_Project_New/install/moveit_common:${AMENT_PREFIX_PATH} CMAKE_PREFIX_PATH=/home/kush/UR5_Project_New/install/chomp_motion_planner:/home/kush/UR5_Project_New/install/moveit_core:/home/kush/UR5_Project_New/install/srdfdom:/home/kush/UR5_Project_New/install/moveit_common:/opt/ros/humble LD_LIBRARY_PATH=/home/kush/UR5_Project_New/install/chomp_motion_planner/lib:/home/kush/UR5_Project_New/install/moveit_core/lib:/home/kush/UR5_Project_New/install/srdfdom/lib:${LD_LIBRARY_PATH} PATH=/home/kush/UR5_Project_New/install/moveit_core/bin:${PATH} PYTHONPATH=/home/kush/UR5_Project_New/install/srdfdom/local/lib/python3.10/dist-packages:${PYTHONPATH} /usr/bin/cmake --install /home/kush/UR5_Project_New/build/moveit_planners_chomp
