[0.163s] Invoking command in '/home/kush/UR5_Project_New/build/moveit_task_constructor_msgs': CMAKE_PREFIX_PATH=/opt/ros/humble /usr/bin/cmake --build /home/kush/UR5_Project_New/build/moveit_task_constructor_msgs -- -j4 -l4
[2.600s] [  0%] Built target moveit_task_constructor_msgs__cpp
[2.920s] [  0%] Built target ament_cmake_python_copy_moveit_task_constructor_msgs
[3.114s] [35m[1mConsolidate compiler generated dependencies of target moveit_task_constructor_msgs__rosidl_generator_c[0m
[3.294s] [35m[1mConsolidate compiler generated dependencies of target moveit_task_constructor_msgs__rosidl_typesupport_cpp[0m
[3.350s] [35m[1mConsolidate compiler generated dependencies of target moveit_task_constructor_msgs__rosidl_typesupport_fastrtps_cpp[0m
[3.623s] [35m[1mConsolidate compiler generated dependencies of target moveit_task_constructor_msgs__rosidl_typesupport_introspection_cpp[0m
[3.713s] [ 12%] Built target moveit_task_constructor_msgs__rosidl_generator_c
[3.776s] [ 24%] Built target moveit_task_constructor_msgs__rosidl_typesupport_introspection_cpp
[3.777s] [ 35%] Built target moveit_task_constructor_msgs__rosidl_typesupport_fastrtps_cpp
[3.781s] [ 47%] Built target moveit_task_constructor_msgs__rosidl_typesupport_cpp
[4.119s] [35m[1mConsolidate compiler generated dependencies of target moveit_task_constructor_msgs__rosidl_typesupport_c[0m
[4.127s] [35m[1mConsolidate compiler generated dependencies of target moveit_task_constructor_msgs__rosidl_typesupport_introspection_c[0m
[4.185s] [ 59%] Built target moveit_task_constructor_msgs__rosidl_typesupport_c
[4.245s] [ 71%] Built target moveit_task_constructor_msgs__rosidl_typesupport_introspection_c
[4.364s] running egg_info
[4.365s] writing moveit_task_constructor_msgs.egg-info/PKG-INFO
[4.365s] writing dependency_links to moveit_task_constructor_msgs.egg-info/dependency_links.txt
[4.366s] writing top-level names to moveit_task_constructor_msgs.egg-info/top_level.txt
[4.369s] reading manifest file 'moveit_task_constructor_msgs.egg-info/SOURCES.txt'
[4.403s] writing manifest file 'moveit_task_constructor_msgs.egg-info/SOURCES.txt'
[4.447s] [ 71%] Built target ament_cmake_python_build_moveit_task_constructor_msgs_egg
[4.478s] [35m[1mConsolidate compiler generated dependencies of target moveit_task_constructor_msgs__rosidl_typesupport_fastrtps_c[0m
[4.550s] [ 83%] Built target moveit_task_constructor_msgs__rosidl_typesupport_fastrtps_c
[4.690s] [ 83%] Built target moveit_task_constructor_msgs
[4.858s] [ 84%] Built target moveit_task_constructor_msgs__py
[5.369s] [35m[1mConsolidate compiler generated dependencies of target moveit_task_constructor_msgs__rosidl_generator_py[0m
[5.782s] [ 95%] Built target moveit_task_constructor_msgs__rosidl_generator_py
[5.930s] [35m[1mConsolidate compiler generated dependencies of target moveit_task_constructor_msgs__rosidl_typesupport_fastrtps_c__pyext[0m
[5.956s] [35m[1mConsolidate compiler generated dependencies of target moveit_task_constructor_msgs__rosidl_typesupport_introspection_c__pyext[0m
[5.962s] [ 97%] Built target moveit_task_constructor_msgs__rosidl_typesupport_fastrtps_c__pyext
[5.969s] [35m[1mConsolidate compiler generated dependencies of target moveit_task_constructor_msgs__rosidl_typesupport_c__pyext[0m
[5.992s] [ 99%] Built target moveit_task_constructor_msgs__rosidl_typesupport_introspection_c__pyext
[6.001s] [100%] Built target moveit_task_constructor_msgs__rosidl_typesupport_c__pyext
[6.039s] Invoked command in '/home/kush/UR5_Project_New/build/moveit_task_constructor_msgs' returned '0': CMAKE_PREFIX_PATH=/opt/ros/humble /usr/bin/cmake --build /home/kush/UR5_Project_New/build/moveit_task_constructor_msgs -- -j4 -l4
[6.480s] Invoking command in '/home/kush/UR5_Project_New/build/moveit_task_constructor_msgs': CMAKE_PREFIX_PATH=/opt/ros/humble /usr/bin/cmake --install /home/kush/UR5_Project_New/build/moveit_task_constructor_msgs
[6.591s] -- Install configuration: "Release"
[6.591s] -- Up-to-date: /home/kush/UR5_Project_New/install/moveit_task_constructor_msgs/share/ament_index/resource_index/rosidl_interfaces/moveit_task_constructor_msgs
[6.592s] -- Up-to-date: /home/kush/UR5_Project_New/install/moveit_task_constructor_msgs/include/moveit_task_constructor_msgs/moveit_task_constructor_msgs
[6.592s] -- Up-to-date: /home/kush/UR5_Project_New/install/moveit_task_constructor_msgs/include/moveit_task_constructor_msgs/moveit_task_constructor_msgs/srv
[6.592s] -- Up-to-date: /home/kush/UR5_Project_New/install/moveit_task_constructor_msgs/include/moveit_task_constructor_msgs/moveit_task_constructor_msgs/srv/detail
[6.593s] -- Up-to-date: /home/kush/UR5_Project_New/install/moveit_task_constructor_msgs/include/moveit_task_constructor_msgs/moveit_task_constructor_msgs/srv/detail/get_solution__functions.c
[6.593s] -- Up-to-date: /home/kush/UR5_Project_New/install/moveit_task_constructor_msgs/include/moveit_task_constructor_msgs/moveit_task_constructor_msgs/srv/detail/get_solution__type_support.h
[6.594s] -- Up-to-date: /home/kush/UR5_Project_New/install/moveit_task_constructor_msgs/include/moveit_task_constructor_msgs/moveit_task_constructor_msgs/srv/detail/get_solution__functions.h
[6.594s] -- Up-to-date: /home/kush/UR5_Project_New/install/moveit_task_constructor_msgs/include/moveit_task_constructor_msgs/moveit_task_constructor_msgs/srv/detail/get_solution__struct.h
[6.594s] -- Up-to-date: /home/kush/UR5_Project_New/install/moveit_task_constructor_msgs/include/moveit_task_constructor_msgs/moveit_task_constructor_msgs/srv/get_solution.h
[6.595s] -- Up-to-date: /home/kush/UR5_Project_New/install/moveit_task_constructor_msgs/include/moveit_task_constructor_msgs/moveit_task_constructor_msgs/msg
[6.595s] -- Up-to-date: /home/kush/UR5_Project_New/install/moveit_task_constructor_msgs/include/moveit_task_constructor_msgs/moveit_task_constructor_msgs/msg/rosidl_generator_c__visibility_control.h
[6.595s] -- Up-to-date: /home/kush/UR5_Project_New/install/moveit_task_constructor_msgs/include/moveit_task_constructor_msgs/moveit_task_constructor_msgs/msg/property.h
[6.595s] -- Up-to-date: /home/kush/UR5_Project_New/install/moveit_task_constructor_msgs/include/moveit_task_constructor_msgs/moveit_task_constructor_msgs/msg/task_description.h
[6.596s] -- Up-to-date: /home/kush/UR5_Project_New/install/moveit_task_constructor_msgs/include/moveit_task_constructor_msgs/moveit_task_constructor_msgs/msg/solution.h
[6.596s] -- Up-to-date: /home/kush/UR5_Project_New/install/moveit_task_constructor_msgs/include/moveit_task_constructor_msgs/moveit_task_constructor_msgs/msg/solution_info.h
[6.596s] -- Up-to-date: /home/kush/UR5_Project_New/install/moveit_task_constructor_msgs/include/moveit_task_constructor_msgs/moveit_task_constructor_msgs/msg/stage_statistics.h
[6.597s] -- Up-to-date: /home/kush/UR5_Project_New/install/moveit_task_constructor_msgs/include/moveit_task_constructor_msgs/moveit_task_constructor_msgs/msg/sub_solution.h
[6.597s] -- Up-to-date: /home/kush/UR5_Project_New/install/moveit_task_constructor_msgs/include/moveit_task_constructor_msgs/moveit_task_constructor_msgs/msg/task_statistics.h
[6.597s] -- Up-to-date: /home/kush/UR5_Project_New/install/moveit_task_constructor_msgs/include/moveit_task_constructor_msgs/moveit_task_constructor_msgs/msg/sub_trajectory.h
[6.598s] -- Up-to-date: /home/kush/UR5_Project_New/install/moveit_task_constructor_msgs/include/moveit_task_constructor_msgs/moveit_task_constructor_msgs/msg/detail
[6.598s] -- Up-to-date: /home/kush/UR5_Project_New/install/moveit_task_constructor_msgs/include/moveit_task_constructor_msgs/moveit_task_constructor_msgs/msg/detail/stage_statistics__functions.c
[6.598s] -- Up-to-date: /home/kush/UR5_Project_New/install/moveit_task_constructor_msgs/include/moveit_task_constructor_msgs/moveit_task_constructor_msgs/msg/detail/task_description__functions.c
[6.598s] -- Up-to-date: /home/kush/UR5_Project_New/install/moveit_task_constructor_msgs/include/moveit_task_constructor_msgs/moveit_task_constructor_msgs/msg/detail/stage_statistics__struct.h
[6.599s] -- Up-to-date: /home/kush/UR5_Project_New/install/moveit_task_constructor_msgs/include/moveit_task_constructor_msgs/moveit_task_constructor_msgs/msg/detail/solution__struct.h
[6.599s] -- Up-to-date: /home/kush/UR5_Project_New/install/moveit_task_constructor_msgs/include/moveit_task_constructor_msgs/moveit_task_constructor_msgs/msg/detail/solution__functions.c
[6.599s] -- Up-to-date: /home/kush/UR5_Project_New/install/moveit_task_constructor_msgs/include/moveit_task_constructor_msgs/moveit_task_constructor_msgs/msg/detail/sub_trajectory__struct.h
[6.599s] -- Up-to-date: /home/kush/UR5_Project_New/install/moveit_task_constructor_msgs/include/moveit_task_constructor_msgs/moveit_task_constructor_msgs/msg/detail/solution_info__functions.h
[6.599s] -- Up-to-date: /home/kush/UR5_Project_New/install/moveit_task_constructor_msgs/include/moveit_task_constructor_msgs/moveit_task_constructor_msgs/msg/detail/sub_trajectory__type_support.h
[6.600s] -- Up-to-date: /home/kush/UR5_Project_New/install/moveit_task_constructor_msgs/include/moveit_task_constructor_msgs/moveit_task_constructor_msgs/msg/detail/stage_description__functions.c
[6.600s] -- Up-to-date: /home/kush/UR5_Project_New/install/moveit_task_constructor_msgs/include/moveit_task_constructor_msgs/moveit_task_constructor_msgs/msg/detail/sub_trajectory__functions.c
[6.600s] -- Up-to-date: /home/kush/UR5_Project_New/install/moveit_task_constructor_msgs/include/moveit_task_constructor_msgs/moveit_task_constructor_msgs/msg/detail/sub_solution__functions.h
[6.600s] -- Up-to-date: /home/kush/UR5_Project_New/install/moveit_task_constructor_msgs/include/moveit_task_constructor_msgs/moveit_task_constructor_msgs/msg/detail/task_description__type_support.h
[6.600s] -- Up-to-date: /home/kush/UR5_Project_New/install/moveit_task_constructor_msgs/include/moveit_task_constructor_msgs/moveit_task_constructor_msgs/msg/detail/task_statistics__functions.h
[6.601s] -- Up-to-date: /home/kush/UR5_Project_New/install/moveit_task_constructor_msgs/include/moveit_task_constructor_msgs/moveit_task_constructor_msgs/msg/detail/property__type_support.h
[6.601s] -- Up-to-date: /home/kush/UR5_Project_New/install/moveit_task_constructor_msgs/include/moveit_task_constructor_msgs/moveit_task_constructor_msgs/msg/detail/sub_solution__struct.h
[6.601s] -- Up-to-date: /home/kush/UR5_Project_New/install/moveit_task_constructor_msgs/include/moveit_task_constructor_msgs/moveit_task_constructor_msgs/msg/detail/task_description__struct.h
[6.601s] -- Up-to-date: /home/kush/UR5_Project_New/install/moveit_task_constructor_msgs/include/moveit_task_constructor_msgs/moveit_task_constructor_msgs/msg/detail/sub_solution__type_support.h
[6.601s] -- Up-to-date: /home/kush/UR5_Project_New/install/moveit_task_constructor_msgs/include/moveit_task_constructor_msgs/moveit_task_constructor_msgs/msg/detail/task_description__functions.h
[6.601s] -- Up-to-date: /home/kush/UR5_Project_New/install/moveit_task_constructor_msgs/include/moveit_task_constructor_msgs/moveit_task_constructor_msgs/msg/detail/solution_info__struct.h
[6.602s] -- Up-to-date: /home/kush/UR5_Project_New/install/moveit_task_constructor_msgs/include/moveit_task_constructor_msgs/moveit_task_constructor_msgs/msg/detail/task_statistics__struct.h
[6.602s] -- Up-to-date: /home/kush/UR5_Project_New/install/moveit_task_constructor_msgs/include/moveit_task_constructor_msgs/moveit_task_constructor_msgs/msg/detail/stage_description__type_support.h
[6.602s] -- Up-to-date: /home/kush/UR5_Project_New/install/moveit_task_constructor_msgs/include/moveit_task_constructor_msgs/moveit_task_constructor_msgs/msg/detail/stage_description__functions.h
[6.602s] -- Up-to-date: /home/kush/UR5_Project_New/install/moveit_task_constructor_msgs/include/moveit_task_constructor_msgs/moveit_task_constructor_msgs/msg/detail/sub_solution__functions.c
[6.602s] -- Up-to-date: /home/kush/UR5_Project_New/install/moveit_task_constructor_msgs/include/moveit_task_constructor_msgs/moveit_task_constructor_msgs/msg/detail/stage_statistics__functions.h
[6.602s] -- Up-to-date: /home/kush/UR5_Project_New/install/moveit_task_constructor_msgs/include/moveit_task_constructor_msgs/moveit_task_constructor_msgs/msg/detail/property__functions.c
[6.603s] -- Up-to-date: /home/kush/UR5_Project_New/install/moveit_task_constructor_msgs/include/moveit_task_constructor_msgs/moveit_task_constructor_msgs/msg/detail/task_statistics__functions.c
[6.603s] -- Up-to-date: /home/kush/UR5_Project_New/install/moveit_task_constructor_msgs/include/moveit_task_constructor_msgs/moveit_task_constructor_msgs/msg/detail/solution__functions.h
[6.603s] -- Up-to-date: /home/kush/UR5_Project_New/install/moveit_task_constructor_msgs/include/moveit_task_constructor_msgs/moveit_task_constructor_msgs/msg/detail/task_statistics__type_support.h
[6.603s] -- Up-to-date: /home/kush/UR5_Project_New/install/moveit_task_constructor_msgs/include/moveit_task_constructor_msgs/moveit_task_constructor_msgs/msg/detail/sub_trajectory__functions.h
[6.603s] -- Up-to-date: /home/kush/UR5_Project_New/install/moveit_task_constructor_msgs/include/moveit_task_constructor_msgs/moveit_task_constructor_msgs/msg/detail/solution_info__type_support.h
[6.603s] -- Up-to-date: /home/kush/UR5_Project_New/install/moveit_task_constructor_msgs/include/moveit_task_constructor_msgs/moveit_task_constructor_msgs/msg/detail/solution_info__functions.c
[6.604s] -- Up-to-date: /home/kush/UR5_Project_New/install/moveit_task_constructor_msgs/include/moveit_task_constructor_msgs/moveit_task_constructor_msgs/msg/detail/property__struct.h
[6.604s] -- Up-to-date: /home/kush/UR5_Project_New/install/moveit_task_constructor_msgs/include/moveit_task_constructor_msgs/moveit_task_constructor_msgs/msg/detail/stage_statistics__type_support.h
[6.604s] -- Up-to-date: /home/kush/UR5_Project_New/install/moveit_task_constructor_msgs/include/moveit_task_constructor_msgs/moveit_task_constructor_msgs/msg/detail/solution__type_support.h
[6.604s] -- Up-to-date: /home/kush/UR5_Project_New/install/moveit_task_constructor_msgs/include/moveit_task_constructor_msgs/moveit_task_constructor_msgs/msg/detail/stage_description__struct.h
[6.604s] -- Up-to-date: /home/kush/UR5_Project_New/install/moveit_task_constructor_msgs/include/moveit_task_constructor_msgs/moveit_task_constructor_msgs/msg/detail/property__functions.h
[6.605s] -- Up-to-date: /home/kush/UR5_Project_New/install/moveit_task_constructor_msgs/include/moveit_task_constructor_msgs/moveit_task_constructor_msgs/msg/stage_description.h
[6.605s] -- Up-to-date: /home/kush/UR5_Project_New/install/moveit_task_constructor_msgs/include/moveit_task_constructor_msgs/moveit_task_constructor_msgs/action
[6.605s] -- Up-to-date: /home/kush/UR5_Project_New/install/moveit_task_constructor_msgs/include/moveit_task_constructor_msgs/moveit_task_constructor_msgs/action/execute_task_solution.h
[6.605s] -- Up-to-date: /home/kush/UR5_Project_New/install/moveit_task_constructor_msgs/include/moveit_task_constructor_msgs/moveit_task_constructor_msgs/action/detail
[6.606s] -- Up-to-date: /home/kush/UR5_Project_New/install/moveit_task_constructor_msgs/include/moveit_task_constructor_msgs/moveit_task_constructor_msgs/action/detail/execute_task_solution__functions.h
[6.606s] -- Up-to-date: /home/kush/UR5_Project_New/install/moveit_task_constructor_msgs/include/moveit_task_constructor_msgs/moveit_task_constructor_msgs/action/detail/execute_task_solution__type_support.h
[6.606s] -- Up-to-date: /home/kush/UR5_Project_New/install/moveit_task_constructor_msgs/include/moveit_task_constructor_msgs/moveit_task_constructor_msgs/action/detail/execute_task_solution__functions.c
[6.606s] -- Up-to-date: /home/kush/UR5_Project_New/install/moveit_task_constructor_msgs/include/moveit_task_constructor_msgs/moveit_task_constructor_msgs/action/detail/execute_task_solution__struct.h
[6.606s] -- Up-to-date: /home/kush/UR5_Project_New/install/moveit_task_constructor_msgs/share/moveit_task_constructor_msgs/environment/library_path.sh
[6.607s] -- Up-to-date: /home/kush/UR5_Project_New/install/moveit_task_constructor_msgs/share/moveit_task_constructor_msgs/environment/library_path.dsv
[6.800s] -- Up-to-date: /home/kush/UR5_Project_New/install/moveit_task_constructor_msgs/lib/libmoveit_task_constructor_msgs__rosidl_generator_c.so
[6.801s] -- Up-to-date: /home/kush/UR5_Project_New/install/moveit_task_constructor_msgs/include/moveit_task_constructor_msgs/moveit_task_constructor_msgs
[6.801s] -- Up-to-date: /home/kush/UR5_Project_New/install/moveit_task_constructor_msgs/include/moveit_task_constructor_msgs/moveit_task_constructor_msgs/srv
[6.802s] -- Up-to-date: /home/kush/UR5_Project_New/install/moveit_task_constructor_msgs/include/moveit_task_constructor_msgs/moveit_task_constructor_msgs/srv/detail
[6.802s] -- Up-to-date: /home/kush/UR5_Project_New/install/moveit_task_constructor_msgs/include/moveit_task_constructor_msgs/moveit_task_constructor_msgs/srv/detail/get_solution__rosidl_typesupport_fastrtps_c.h
[6.802s] -- Up-to-date: /home/kush/UR5_Project_New/install/moveit_task_constructor_msgs/include/moveit_task_constructor_msgs/moveit_task_constructor_msgs/msg
[6.802s] -- Up-to-date: /home/kush/UR5_Project_New/install/moveit_task_constructor_msgs/include/moveit_task_constructor_msgs/moveit_task_constructor_msgs/msg/rosidl_typesupport_fastrtps_c__visibility_control.h
[6.802s] -- Up-to-date: /home/kush/UR5_Project_New/install/moveit_task_constructor_msgs/include/moveit_task_constructor_msgs/moveit_task_constructor_msgs/msg/detail
[6.802s] -- Up-to-date: /home/kush/UR5_Project_New/install/moveit_task_constructor_msgs/include/moveit_task_constructor_msgs/moveit_task_constructor_msgs/msg/detail/sub_solution__rosidl_typesupport_fastrtps_c.h
[6.802s] -- Up-to-date: /home/kush/UR5_Project_New/install/moveit_task_constructor_msgs/include/moveit_task_constructor_msgs/moveit_task_constructor_msgs/msg/detail/sub_trajectory__rosidl_typesupport_fastrtps_c.h
[6.802s] -- Up-to-date: /home/kush/UR5_Project_New/install/moveit_task_constructor_msgs/include/moveit_task_constructor_msgs/moveit_task_constructor_msgs/msg/detail/property__rosidl_typesupport_fastrtps_c.h
[6.802s] -- Up-to-date: /home/kush/UR5_Project_New/install/moveit_task_constructor_msgs/include/moveit_task_constructor_msgs/moveit_task_constructor_msgs/msg/detail/solution_info__rosidl_typesupport_fastrtps_c.h
[6.803s] -- Up-to-date: /home/kush/UR5_Project_New/install/moveit_task_constructor_msgs/include/moveit_task_constructor_msgs/moveit_task_constructor_msgs/msg/detail/solution__rosidl_typesupport_fastrtps_c.h
[6.803s] -- Up-to-date: /home/kush/UR5_Project_New/install/moveit_task_constructor_msgs/include/moveit_task_constructor_msgs/moveit_task_constructor_msgs/msg/detail/stage_statistics__rosidl_typesupport_fastrtps_c.h
[6.803s] -- Up-to-date: /home/kush/UR5_Project_New/install/moveit_task_constructor_msgs/include/moveit_task_constructor_msgs/moveit_task_constructor_msgs/msg/detail/stage_description__rosidl_typesupport_fastrtps_c.h
[6.803s] -- Up-to-date: /home/kush/UR5_Project_New/install/moveit_task_constructor_msgs/include/moveit_task_constructor_msgs/moveit_task_constructor_msgs/msg/detail/task_statistics__rosidl_typesupport_fastrtps_c.h
[6.803s] -- Up-to-date: /home/kush/UR5_Project_New/install/moveit_task_constructor_msgs/include/moveit_task_constructor_msgs/moveit_task_constructor_msgs/msg/detail/task_description__rosidl_typesupport_fastrtps_c.h
[6.803s] -- Up-to-date: /home/kush/UR5_Project_New/install/moveit_task_constructor_msgs/include/moveit_task_constructor_msgs/moveit_task_constructor_msgs/action
[6.803s] -- Up-to-date: /home/kush/UR5_Project_New/install/moveit_task_constructor_msgs/include/moveit_task_constructor_msgs/moveit_task_constructor_msgs/action/detail
[6.803s] -- Up-to-date: /home/kush/UR5_Project_New/install/moveit_task_constructor_msgs/include/moveit_task_constructor_msgs/moveit_task_constructor_msgs/action/detail/execute_task_solution__rosidl_typesupport_fastrtps_c.h
[6.957s] -- Up-to-date: /home/kush/UR5_Project_New/install/moveit_task_constructor_msgs/lib/libmoveit_task_constructor_msgs__rosidl_typesupport_fastrtps_c.so
[6.958s] -- Up-to-date: /home/kush/UR5_Project_New/install/moveit_task_constructor_msgs/include/moveit_task_constructor_msgs/moveit_task_constructor_msgs
[6.963s] -- Up-to-date: /home/kush/UR5_Project_New/install/moveit_task_constructor_msgs/include/moveit_task_constructor_msgs/moveit_task_constructor_msgs/srv
[6.964s] -- Up-to-date: /home/kush/UR5_Project_New/install/moveit_task_constructor_msgs/include/moveit_task_constructor_msgs/moveit_task_constructor_msgs/srv/get_solution.hpp
[6.964s] -- Up-to-date: /home/kush/UR5_Project_New/install/moveit_task_constructor_msgs/include/moveit_task_constructor_msgs/moveit_task_constructor_msgs/srv/detail
[6.964s] -- Up-to-date: /home/kush/UR5_Project_New/install/moveit_task_constructor_msgs/include/moveit_task_constructor_msgs/moveit_task_constructor_msgs/srv/detail/get_solution__traits.hpp
[6.964s] -- Up-to-date: /home/kush/UR5_Project_New/install/moveit_task_constructor_msgs/include/moveit_task_constructor_msgs/moveit_task_constructor_msgs/srv/detail/get_solution__struct.hpp
[6.967s] -- Up-to-date: /home/kush/UR5_Project_New/install/moveit_task_constructor_msgs/include/moveit_task_constructor_msgs/moveit_task_constructor_msgs/srv/detail/get_solution__builder.hpp
[6.968s] -- Up-to-date: /home/kush/UR5_Project_New/install/moveit_task_constructor_msgs/include/moveit_task_constructor_msgs/moveit_task_constructor_msgs/msg
[6.968s] -- Up-to-date: /home/kush/UR5_Project_New/install/moveit_task_constructor_msgs/include/moveit_task_constructor_msgs/moveit_task_constructor_msgs/msg/task_statistics.hpp
[6.968s] -- Up-to-date: /home/kush/UR5_Project_New/install/moveit_task_constructor_msgs/include/moveit_task_constructor_msgs/moveit_task_constructor_msgs/msg/stage_statistics.hpp
[6.968s] -- Up-to-date: /home/kush/UR5_Project_New/install/moveit_task_constructor_msgs/include/moveit_task_constructor_msgs/moveit_task_constructor_msgs/msg/task_description.hpp
[6.968s] -- Up-to-date: /home/kush/UR5_Project_New/install/moveit_task_constructor_msgs/include/moveit_task_constructor_msgs/moveit_task_constructor_msgs/msg/sub_solution.hpp
[6.969s] -- Up-to-date: /home/kush/UR5_Project_New/install/moveit_task_constructor_msgs/include/moveit_task_constructor_msgs/moveit_task_constructor_msgs/msg/stage_description.hpp
[6.969s] -- Up-to-date: /home/kush/UR5_Project_New/install/moveit_task_constructor_msgs/include/moveit_task_constructor_msgs/moveit_task_constructor_msgs/msg/solution_info.hpp
[6.969s] -- Up-to-date: /home/kush/UR5_Project_New/install/moveit_task_constructor_msgs/include/moveit_task_constructor_msgs/moveit_task_constructor_msgs/msg/solution.hpp
[6.969s] -- Up-to-date: /home/kush/UR5_Project_New/install/moveit_task_constructor_msgs/include/moveit_task_constructor_msgs/moveit_task_constructor_msgs/msg/sub_trajectory.hpp
[6.969s] -- Up-to-date: /home/kush/UR5_Project_New/install/moveit_task_constructor_msgs/include/moveit_task_constructor_msgs/moveit_task_constructor_msgs/msg/detail
[6.970s] -- Up-to-date: /home/kush/UR5_Project_New/install/moveit_task_constructor_msgs/include/moveit_task_constructor_msgs/moveit_task_constructor_msgs/msg/detail/stage_statistics__traits.hpp
[6.970s] -- Up-to-date: /home/kush/UR5_Project_New/install/moveit_task_constructor_msgs/include/moveit_task_constructor_msgs/moveit_task_constructor_msgs/msg/detail/task_description__traits.hpp
[6.970s] -- Up-to-date: /home/kush/UR5_Project_New/install/moveit_task_constructor_msgs/include/moveit_task_constructor_msgs/moveit_task_constructor_msgs/msg/detail/task_statistics__builder.hpp
[6.970s] -- Up-to-date: /home/kush/UR5_Project_New/install/moveit_task_constructor_msgs/include/moveit_task_constructor_msgs/moveit_task_constructor_msgs/msg/detail/task_description__struct.hpp
[6.970s] -- Up-to-date: /home/kush/UR5_Project_New/install/moveit_task_constructor_msgs/include/moveit_task_constructor_msgs/moveit_task_constructor_msgs/msg/detail/task_description__builder.hpp
[6.970s] -- Up-to-date: /home/kush/UR5_Project_New/install/moveit_task_constructor_msgs/include/moveit_task_constructor_msgs/moveit_task_constructor_msgs/msg/detail/stage_description__builder.hpp
[6.971s] -- Up-to-date: /home/kush/UR5_Project_New/install/moveit_task_constructor_msgs/include/moveit_task_constructor_msgs/moveit_task_constructor_msgs/msg/detail/sub_solution__struct.hpp
[6.971s] -- Up-to-date: /home/kush/UR5_Project_New/install/moveit_task_constructor_msgs/include/moveit_task_constructor_msgs/moveit_task_constructor_msgs/msg/detail/solution__struct.hpp
[6.971s] -- Up-to-date: /home/kush/UR5_Project_New/install/moveit_task_constructor_msgs/include/moveit_task_constructor_msgs/moveit_task_constructor_msgs/msg/detail/solution_info__traits.hpp
[6.971s] -- Up-to-date: /home/kush/UR5_Project_New/install/moveit_task_constructor_msgs/include/moveit_task_constructor_msgs/moveit_task_constructor_msgs/msg/detail/solution__builder.hpp
[6.971s] -- Up-to-date: /home/kush/UR5_Project_New/install/moveit_task_constructor_msgs/include/moveit_task_constructor_msgs/moveit_task_constructor_msgs/msg/detail/property__struct.hpp
[6.971s] -- Up-to-date: /home/kush/UR5_Project_New/install/moveit_task_constructor_msgs/include/moveit_task_constructor_msgs/moveit_task_constructor_msgs/msg/detail/sub_trajectory__struct.hpp
[6.972s] -- Up-to-date: /home/kush/UR5_Project_New/install/moveit_task_constructor_msgs/include/moveit_task_constructor_msgs/moveit_task_constructor_msgs/msg/detail/sub_trajectory__builder.hpp
[6.972s] -- Up-to-date: /home/kush/UR5_Project_New/install/moveit_task_constructor_msgs/include/moveit_task_constructor_msgs/moveit_task_constructor_msgs/msg/detail/property__builder.hpp
[6.972s] -- Up-to-date: /home/kush/UR5_Project_New/install/moveit_task_constructor_msgs/include/moveit_task_constructor_msgs/moveit_task_constructor_msgs/msg/detail/stage_statistics__builder.hpp
[6.972s] -- Up-to-date: /home/kush/UR5_Project_New/install/moveit_task_constructor_msgs/include/moveit_task_constructor_msgs/moveit_task_constructor_msgs/msg/detail/solution__traits.hpp
[6.972s] -- Up-to-date: /home/kush/UR5_Project_New/install/moveit_task_constructor_msgs/include/moveit_task_constructor_msgs/moveit_task_constructor_msgs/msg/detail/stage_statistics__struct.hpp
[6.972s] -- Up-to-date: /home/kush/UR5_Project_New/install/moveit_task_constructor_msgs/include/moveit_task_constructor_msgs/moveit_task_constructor_msgs/msg/detail/sub_solution__builder.hpp
[6.973s] -- Up-to-date: /home/kush/UR5_Project_New/install/moveit_task_constructor_msgs/include/moveit_task_constructor_msgs/moveit_task_constructor_msgs/msg/detail/solution_info__builder.hpp
[6.973s] -- Up-to-date: /home/kush/UR5_Project_New/install/moveit_task_constructor_msgs/include/moveit_task_constructor_msgs/moveit_task_constructor_msgs/msg/detail/stage_description__traits.hpp
[6.973s] -- Up-to-date: /home/kush/UR5_Project_New/install/moveit_task_constructor_msgs/include/moveit_task_constructor_msgs/moveit_task_constructor_msgs/msg/detail/sub_solution__traits.hpp
[6.973s] -- Up-to-date: /home/kush/UR5_Project_New/install/moveit_task_constructor_msgs/include/moveit_task_constructor_msgs/moveit_task_constructor_msgs/msg/detail/task_statistics__traits.hpp
[6.973s] -- Up-to-date: /home/kush/UR5_Project_New/install/moveit_task_constructor_msgs/include/moveit_task_constructor_msgs/moveit_task_constructor_msgs/msg/detail/sub_trajectory__traits.hpp
[6.973s] -- Up-to-date: /home/kush/UR5_Project_New/install/moveit_task_constructor_msgs/include/moveit_task_constructor_msgs/moveit_task_constructor_msgs/msg/detail/task_statistics__struct.hpp
[6.974s] -- Up-to-date: /home/kush/UR5_Project_New/install/moveit_task_constructor_msgs/include/moveit_task_constructor_msgs/moveit_task_constructor_msgs/msg/detail/property__traits.hpp
[6.974s] -- Up-to-date: /home/kush/UR5_Project_New/install/moveit_task_constructor_msgs/include/moveit_task_constructor_msgs/moveit_task_constructor_msgs/msg/detail/stage_description__struct.hpp
[6.974s] -- Up-to-date: /home/kush/UR5_Project_New/install/moveit_task_constructor_msgs/include/moveit_task_constructor_msgs/moveit_task_constructor_msgs/msg/detail/solution_info__struct.hpp
[6.974s] -- Up-to-date: /home/kush/UR5_Project_New/install/moveit_task_constructor_msgs/include/moveit_task_constructor_msgs/moveit_task_constructor_msgs/msg/property.hpp
[6.974s] -- Up-to-date: /home/kush/UR5_Project_New/install/moveit_task_constructor_msgs/include/moveit_task_constructor_msgs/moveit_task_constructor_msgs/action
[6.974s] -- Up-to-date: /home/kush/UR5_Project_New/install/moveit_task_constructor_msgs/include/moveit_task_constructor_msgs/moveit_task_constructor_msgs/action/execute_task_solution.hpp
[6.975s] -- Up-to-date: /home/kush/UR5_Project_New/install/moveit_task_constructor_msgs/include/moveit_task_constructor_msgs/moveit_task_constructor_msgs/action/detail
[6.975s] -- Up-to-date: /home/kush/UR5_Project_New/install/moveit_task_constructor_msgs/include/moveit_task_constructor_msgs/moveit_task_constructor_msgs/action/detail/execute_task_solution__traits.hpp
[6.977s] -- Up-to-date: /home/kush/UR5_Project_New/install/moveit_task_constructor_msgs/include/moveit_task_constructor_msgs/moveit_task_constructor_msgs/action/detail/execute_task_solution__builder.hpp
[6.977s] -- Up-to-date: /home/kush/UR5_Project_New/install/moveit_task_constructor_msgs/include/moveit_task_constructor_msgs/moveit_task_constructor_msgs/action/detail/execute_task_solution__struct.hpp
[6.977s] -- Up-to-date: /home/kush/UR5_Project_New/install/moveit_task_constructor_msgs/include/moveit_task_constructor_msgs/moveit_task_constructor_msgs
[6.978s] -- Up-to-date: /home/kush/UR5_Project_New/install/moveit_task_constructor_msgs/include/moveit_task_constructor_msgs/moveit_task_constructor_msgs/srv
[6.978s] -- Up-to-date: /home/kush/UR5_Project_New/install/moveit_task_constructor_msgs/include/moveit_task_constructor_msgs/moveit_task_constructor_msgs/srv/detail
[6.978s] -- Up-to-date: /home/kush/UR5_Project_New/install/moveit_task_constructor_msgs/include/moveit_task_constructor_msgs/moveit_task_constructor_msgs/srv/detail/get_solution__rosidl_typesupport_fastrtps_cpp.hpp
[6.978s] -- Up-to-date: /home/kush/UR5_Project_New/install/moveit_task_constructor_msgs/include/moveit_task_constructor_msgs/moveit_task_constructor_msgs/srv/detail/dds_fastrtps
[6.978s] -- Up-to-date: /home/kush/UR5_Project_New/install/moveit_task_constructor_msgs/include/moveit_task_constructor_msgs/moveit_task_constructor_msgs/msg
[6.979s] -- Up-to-date: /home/kush/UR5_Project_New/install/moveit_task_constructor_msgs/include/moveit_task_constructor_msgs/moveit_task_constructor_msgs/msg/rosidl_typesupport_fastrtps_cpp__visibility_control.h
[6.979s] -- Up-to-date: /home/kush/UR5_Project_New/install/moveit_task_constructor_msgs/include/moveit_task_constructor_msgs/moveit_task_constructor_msgs/msg/detail
[6.979s] -- Up-to-date: /home/kush/UR5_Project_New/install/moveit_task_constructor_msgs/include/moveit_task_constructor_msgs/moveit_task_constructor_msgs/msg/detail/task_description__rosidl_typesupport_fastrtps_cpp.hpp
[6.980s] -- Up-to-date: /home/kush/UR5_Project_New/install/moveit_task_constructor_msgs/include/moveit_task_constructor_msgs/moveit_task_constructor_msgs/msg/detail/solution__rosidl_typesupport_fastrtps_cpp.hpp
[6.980s] -- Up-to-date: /home/kush/UR5_Project_New/install/moveit_task_constructor_msgs/include/moveit_task_constructor_msgs/moveit_task_constructor_msgs/msg/detail/sub_trajectory__rosidl_typesupport_fastrtps_cpp.hpp
[6.980s] -- Up-to-date: /home/kush/UR5_Project_New/install/moveit_task_constructor_msgs/include/moveit_task_constructor_msgs/moveit_task_constructor_msgs/msg/detail/stage_description__rosidl_typesupport_fastrtps_cpp.hpp
[6.980s] -- Up-to-date: /home/kush/UR5_Project_New/install/moveit_task_constructor_msgs/include/moveit_task_constructor_msgs/moveit_task_constructor_msgs/msg/detail/property__rosidl_typesupport_fastrtps_cpp.hpp
[6.980s] -- Up-to-date: /home/kush/UR5_Project_New/install/moveit_task_constructor_msgs/include/moveit_task_constructor_msgs/moveit_task_constructor_msgs/msg/detail/sub_solution__rosidl_typesupport_fastrtps_cpp.hpp
[6.981s] -- Up-to-date: /home/kush/UR5_Project_New/install/moveit_task_constructor_msgs/include/moveit_task_constructor_msgs/moveit_task_constructor_msgs/msg/detail/task_statistics__rosidl_typesupport_fastrtps_cpp.hpp
[6.981s] -- Up-to-date: /home/kush/UR5_Project_New/install/moveit_task_constructor_msgs/include/moveit_task_constructor_msgs/moveit_task_constructor_msgs/msg/detail/stage_statistics__rosidl_typesupport_fastrtps_cpp.hpp
[6.981s] -- Up-to-date: /home/kush/UR5_Project_New/install/moveit_task_constructor_msgs/include/moveit_task_constructor_msgs/moveit_task_constructor_msgs/msg/detail/dds_fastrtps
[6.981s] -- Up-to-date: /home/kush/UR5_Project_New/install/moveit_task_constructor_msgs/include/moveit_task_constructor_msgs/moveit_task_constructor_msgs/msg/detail/solution_info__rosidl_typesupport_fastrtps_cpp.hpp
[6.984s] -- Up-to-date: /home/kush/UR5_Project_New/install/moveit_task_constructor_msgs/include/moveit_task_constructor_msgs/moveit_task_constructor_msgs/action
[6.987s] -- Up-to-date: /home/kush/UR5_Project_New/install/moveit_task_constructor_msgs/include/moveit_task_constructor_msgs/moveit_task_constructor_msgs/action/detail
[6.987s] -- Up-to-date: /home/kush/UR5_Project_New/install/moveit_task_constructor_msgs/include/moveit_task_constructor_msgs/moveit_task_constructor_msgs/action/detail/dds_fastrtps
[6.987s] -- Up-to-date: /home/kush/UR5_Project_New/install/moveit_task_constructor_msgs/include/moveit_task_constructor_msgs/moveit_task_constructor_msgs/action/detail/execute_task_solution__rosidl_typesupport_fastrtps_cpp.hpp
[7.062s] -- Up-to-date: /home/kush/UR5_Project_New/install/moveit_task_constructor_msgs/lib/libmoveit_task_constructor_msgs__rosidl_typesupport_fastrtps_cpp.so
[7.063s] -- Up-to-date: /home/kush/UR5_Project_New/install/moveit_task_constructor_msgs/include/moveit_task_constructor_msgs/moveit_task_constructor_msgs
[7.063s] -- Up-to-date: /home/kush/UR5_Project_New/install/moveit_task_constructor_msgs/include/moveit_task_constructor_msgs/moveit_task_constructor_msgs/srv
[7.063s] -- Up-to-date: /home/kush/UR5_Project_New/install/moveit_task_constructor_msgs/include/moveit_task_constructor_msgs/moveit_task_constructor_msgs/srv/detail
[7.064s] -- Up-to-date: /home/kush/UR5_Project_New/install/moveit_task_constructor_msgs/include/moveit_task_constructor_msgs/moveit_task_constructor_msgs/srv/detail/get_solution__rosidl_typesupport_introspection_c.h
[7.064s] -- Up-to-date: /home/kush/UR5_Project_New/install/moveit_task_constructor_msgs/include/moveit_task_constructor_msgs/moveit_task_constructor_msgs/srv/detail/get_solution__type_support.c
[7.070s] -- Up-to-date: /home/kush/UR5_Project_New/install/moveit_task_constructor_msgs/include/moveit_task_constructor_msgs/moveit_task_constructor_msgs/msg
[7.070s] -- Up-to-date: /home/kush/UR5_Project_New/install/moveit_task_constructor_msgs/include/moveit_task_constructor_msgs/moveit_task_constructor_msgs/msg/rosidl_typesupport_introspection_c__visibility_control.h
[7.071s] -- Up-to-date: /home/kush/UR5_Project_New/install/moveit_task_constructor_msgs/include/moveit_task_constructor_msgs/moveit_task_constructor_msgs/msg/detail
[7.071s] -- Up-to-date: /home/kush/UR5_Project_New/install/moveit_task_constructor_msgs/include/moveit_task_constructor_msgs/moveit_task_constructor_msgs/msg/detail/stage_description__type_support.c
[7.071s] -- Up-to-date: /home/kush/UR5_Project_New/install/moveit_task_constructor_msgs/include/moveit_task_constructor_msgs/moveit_task_constructor_msgs/msg/detail/solution_info__rosidl_typesupport_introspection_c.h
[7.071s] -- Up-to-date: /home/kush/UR5_Project_New/install/moveit_task_constructor_msgs/include/moveit_task_constructor_msgs/moveit_task_constructor_msgs/msg/detail/property__rosidl_typesupport_introspection_c.h
[7.071s] -- Up-to-date: /home/kush/UR5_Project_New/install/moveit_task_constructor_msgs/include/moveit_task_constructor_msgs/moveit_task_constructor_msgs/msg/detail/solution__type_support.c
[7.071s] -- Up-to-date: /home/kush/UR5_Project_New/install/moveit_task_constructor_msgs/include/moveit_task_constructor_msgs/moveit_task_constructor_msgs/msg/detail/solution_info__type_support.c
[7.072s] -- Up-to-date: /home/kush/UR5_Project_New/install/moveit_task_constructor_msgs/include/moveit_task_constructor_msgs/moveit_task_constructor_msgs/msg/detail/stage_statistics__type_support.c
[7.074s] -- Up-to-date: /home/kush/UR5_Project_New/install/moveit_task_constructor_msgs/include/moveit_task_constructor_msgs/moveit_task_constructor_msgs/msg/detail/sub_solution__rosidl_typesupport_introspection_c.h
[7.074s] -- Up-to-date: /home/kush/UR5_Project_New/install/moveit_task_constructor_msgs/include/moveit_task_constructor_msgs/moveit_task_constructor_msgs/msg/detail/property__type_support.c
[7.074s] -- Up-to-date: /home/kush/UR5_Project_New/install/moveit_task_constructor_msgs/include/moveit_task_constructor_msgs/moveit_task_constructor_msgs/msg/detail/task_description__rosidl_typesupport_introspection_c.h
[7.075s] -- Up-to-date: /home/kush/UR5_Project_New/install/moveit_task_constructor_msgs/include/moveit_task_constructor_msgs/moveit_task_constructor_msgs/msg/detail/task_description__type_support.c
[7.075s] -- Up-to-date: /home/kush/UR5_Project_New/install/moveit_task_constructor_msgs/include/moveit_task_constructor_msgs/moveit_task_constructor_msgs/msg/detail/sub_solution__type_support.c
[7.075s] -- Up-to-date: /home/kush/UR5_Project_New/install/moveit_task_constructor_msgs/include/moveit_task_constructor_msgs/moveit_task_constructor_msgs/msg/detail/task_statistics__type_support.c
[7.075s] -- Up-to-date: /home/kush/UR5_Project_New/install/moveit_task_constructor_msgs/include/moveit_task_constructor_msgs/moveit_task_constructor_msgs/msg/detail/stage_description__rosidl_typesupport_introspection_c.h
[7.075s] -- Up-to-date: /home/kush/UR5_Project_New/install/moveit_task_constructor_msgs/include/moveit_task_constructor_msgs/moveit_task_constructor_msgs/msg/detail/solution__rosidl_typesupport_introspection_c.h
[7.076s] -- Up-to-date: /home/kush/UR5_Project_New/install/moveit_task_constructor_msgs/include/moveit_task_constructor_msgs/moveit_task_constructor_msgs/msg/detail/sub_trajectory__rosidl_typesupport_introspection_c.h
[7.076s] -- Up-to-date: /home/kush/UR5_Project_New/install/moveit_task_constructor_msgs/include/moveit_task_constructor_msgs/moveit_task_constructor_msgs/msg/detail/stage_statistics__rosidl_typesupport_introspection_c.h
[7.076s] -- Up-to-date: /home/kush/UR5_Project_New/install/moveit_task_constructor_msgs/include/moveit_task_constructor_msgs/moveit_task_constructor_msgs/msg/detail/task_statistics__rosidl_typesupport_introspection_c.h
[7.076s] -- Up-to-date: /home/kush/UR5_Project_New/install/moveit_task_constructor_msgs/include/moveit_task_constructor_msgs/moveit_task_constructor_msgs/msg/detail/sub_trajectory__type_support.c
[7.083s] -- Up-to-date: /home/kush/UR5_Project_New/install/moveit_task_constructor_msgs/include/moveit_task_constructor_msgs/moveit_task_constructor_msgs/action
[7.083s] -- Up-to-date: /home/kush/UR5_Project_New/install/moveit_task_constructor_msgs/include/moveit_task_constructor_msgs/moveit_task_constructor_msgs/action/detail
[7.085s] -- Up-to-date: /home/kush/UR5_Project_New/install/moveit_task_constructor_msgs/include/moveit_task_constructor_msgs/moveit_task_constructor_msgs/action/detail/execute_task_solution__rosidl_typesupport_introspection_c.h
[7.085s] -- Up-to-date: /home/kush/UR5_Project_New/install/moveit_task_constructor_msgs/include/moveit_task_constructor_msgs/moveit_task_constructor_msgs/action/detail/execute_task_solution__type_support.c
[7.086s] -- Up-to-date: /home/kush/UR5_Project_New/install/moveit_task_constructor_msgs/lib/libmoveit_task_constructor_msgs__rosidl_typesupport_introspection_c.so
[7.158s] -- Up-to-date: /home/kush/UR5_Project_New/install/moveit_task_constructor_msgs/lib/libmoveit_task_constructor_msgs__rosidl_typesupport_c.so
[7.160s] -- Up-to-date: /home/kush/UR5_Project_New/install/moveit_task_constructor_msgs/include/moveit_task_constructor_msgs/moveit_task_constructor_msgs
[7.160s] -- Up-to-date: /home/kush/UR5_Project_New/install/moveit_task_constructor_msgs/include/moveit_task_constructor_msgs/moveit_task_constructor_msgs/srv
[7.160s] -- Up-to-date: /home/kush/UR5_Project_New/install/moveit_task_constructor_msgs/include/moveit_task_constructor_msgs/moveit_task_constructor_msgs/srv/detail
[7.160s] -- Up-to-date: /home/kush/UR5_Project_New/install/moveit_task_constructor_msgs/include/moveit_task_constructor_msgs/moveit_task_constructor_msgs/srv/detail/get_solution__type_support.cpp
[7.160s] -- Up-to-date: /home/kush/UR5_Project_New/install/moveit_task_constructor_msgs/include/moveit_task_constructor_msgs/moveit_task_constructor_msgs/srv/detail/get_solution__rosidl_typesupport_introspection_cpp.hpp
[7.160s] -- Up-to-date: /home/kush/UR5_Project_New/install/moveit_task_constructor_msgs/include/moveit_task_constructor_msgs/moveit_task_constructor_msgs/msg
[7.161s] -- Up-to-date: /home/kush/UR5_Project_New/install/moveit_task_constructor_msgs/include/moveit_task_constructor_msgs/moveit_task_constructor_msgs/msg/detail
[7.161s] -- Up-to-date: /home/kush/UR5_Project_New/install/moveit_task_constructor_msgs/include/moveit_task_constructor_msgs/moveit_task_constructor_msgs/msg/detail/solution_info__rosidl_typesupport_introspection_cpp.hpp
[7.161s] -- Up-to-date: /home/kush/UR5_Project_New/install/moveit_task_constructor_msgs/include/moveit_task_constructor_msgs/moveit_task_constructor_msgs/msg/detail/property__rosidl_typesupport_introspection_cpp.hpp
[7.161s] -- Up-to-date: /home/kush/UR5_Project_New/install/moveit_task_constructor_msgs/include/moveit_task_constructor_msgs/moveit_task_constructor_msgs/msg/detail/task_description__rosidl_typesupport_introspection_cpp.hpp
[7.161s] -- Up-to-date: /home/kush/UR5_Project_New/install/moveit_task_constructor_msgs/include/moveit_task_constructor_msgs/moveit_task_constructor_msgs/msg/detail/stage_statistics__rosidl_typesupport_introspection_cpp.hpp
[7.161s] -- Up-to-date: /home/kush/UR5_Project_New/install/moveit_task_constructor_msgs/include/moveit_task_constructor_msgs/moveit_task_constructor_msgs/msg/detail/task_description__type_support.cpp
[7.162s] -- Up-to-date: /home/kush/UR5_Project_New/install/moveit_task_constructor_msgs/include/moveit_task_constructor_msgs/moveit_task_constructor_msgs/msg/detail/sub_solution__rosidl_typesupport_introspection_cpp.hpp
[7.162s] -- Up-to-date: /home/kush/UR5_Project_New/install/moveit_task_constructor_msgs/include/moveit_task_constructor_msgs/moveit_task_constructor_msgs/msg/detail/solution__type_support.cpp
[7.162s] -- Up-to-date: /home/kush/UR5_Project_New/install/moveit_task_constructor_msgs/include/moveit_task_constructor_msgs/moveit_task_constructor_msgs/msg/detail/property__type_support.cpp
[7.162s] -- Up-to-date: /home/kush/UR5_Project_New/install/moveit_task_constructor_msgs/include/moveit_task_constructor_msgs/moveit_task_constructor_msgs/msg/detail/solution_info__type_support.cpp
[7.162s] -- Up-to-date: /home/kush/UR5_Project_New/install/moveit_task_constructor_msgs/include/moveit_task_constructor_msgs/moveit_task_constructor_msgs/msg/detail/solution__rosidl_typesupport_introspection_cpp.hpp
[7.162s] -- Up-to-date: /home/kush/UR5_Project_New/install/moveit_task_constructor_msgs/include/moveit_task_constructor_msgs/moveit_task_constructor_msgs/msg/detail/sub_solution__type_support.cpp
[7.162s] -- Up-to-date: /home/kush/UR5_Project_New/install/moveit_task_constructor_msgs/include/moveit_task_constructor_msgs/moveit_task_constructor_msgs/msg/detail/stage_description__type_support.cpp
[7.163s] -- Up-to-date: /home/kush/UR5_Project_New/install/moveit_task_constructor_msgs/include/moveit_task_constructor_msgs/moveit_task_constructor_msgs/msg/detail/task_statistics__rosidl_typesupport_introspection_cpp.hpp
[7.163s] -- Up-to-date: /home/kush/UR5_Project_New/install/moveit_task_constructor_msgs/include/moveit_task_constructor_msgs/moveit_task_constructor_msgs/msg/detail/stage_description__rosidl_typesupport_introspection_cpp.hpp
[7.163s] -- Up-to-date: /home/kush/UR5_Project_New/install/moveit_task_constructor_msgs/include/moveit_task_constructor_msgs/moveit_task_constructor_msgs/msg/detail/stage_statistics__type_support.cpp
[7.163s] -- Up-to-date: /home/kush/UR5_Project_New/install/moveit_task_constructor_msgs/include/moveit_task_constructor_msgs/moveit_task_constructor_msgs/msg/detail/sub_trajectory__rosidl_typesupport_introspection_cpp.hpp
[7.163s] -- Up-to-date: /home/kush/UR5_Project_New/install/moveit_task_constructor_msgs/include/moveit_task_constructor_msgs/moveit_task_constructor_msgs/msg/detail/sub_trajectory__type_support.cpp
[7.175s] -- Up-to-date: /home/kush/UR5_Project_New/install/moveit_task_constructor_msgs/include/moveit_task_constructor_msgs/moveit_task_constructor_msgs/msg/detail/task_statistics__type_support.cpp
[7.175s] -- Up-to-date: /home/kush/UR5_Project_New/install/moveit_task_constructor_msgs/include/moveit_task_constructor_msgs/moveit_task_constructor_msgs/action
[7.175s] -- Up-to-date: /home/kush/UR5_Project_New/install/moveit_task_constructor_msgs/include/moveit_task_constructor_msgs/moveit_task_constructor_msgs/action/detail
[7.176s] -- Up-to-date: /home/kush/UR5_Project_New/install/moveit_task_constructor_msgs/include/moveit_task_constructor_msgs/moveit_task_constructor_msgs/action/detail/execute_task_solution__type_support.cpp
[7.176s] -- Up-to-date: /home/kush/UR5_Project_New/install/moveit_task_constructor_msgs/include/moveit_task_constructor_msgs/moveit_task_constructor_msgs/action/detail/execute_task_solution__rosidl_typesupport_introspection_cpp.hpp
[7.326s] -- Up-to-date: /home/kush/UR5_Project_New/install/moveit_task_constructor_msgs/lib/libmoveit_task_constructor_msgs__rosidl_typesupport_introspection_cpp.so
[7.377s] -- Up-to-date: /home/kush/UR5_Project_New/install/moveit_task_constructor_msgs/lib/libmoveit_task_constructor_msgs__rosidl_typesupport_cpp.so
[7.378s] -- Up-to-date: /home/kush/UR5_Project_New/install/moveit_task_constructor_msgs/share/moveit_task_constructor_msgs/environment/pythonpath.sh
[7.379s] -- Up-to-date: /home/kush/UR5_Project_New/install/moveit_task_constructor_msgs/share/moveit_task_constructor_msgs/environment/pythonpath.dsv
[7.379s] -- Up-to-date: /home/kush/UR5_Project_New/install/moveit_task_constructor_msgs/local/lib/python3.10/dist-packages/moveit_task_constructor_msgs-0.1.3-py3.10.egg-info
[7.379s] -- Installing: /home/kush/UR5_Project_New/install/moveit_task_constructor_msgs/local/lib/python3.10/dist-packages/moveit_task_constructor_msgs-0.1.3-py3.10.egg-info/SOURCES.txt
[7.380s] -- Installing: /home/kush/UR5_Project_New/install/moveit_task_constructor_msgs/local/lib/python3.10/dist-packages/moveit_task_constructor_msgs-0.1.3-py3.10.egg-info/dependency_links.txt
[7.381s] -- Installing: /home/kush/UR5_Project_New/install/moveit_task_constructor_msgs/local/lib/python3.10/dist-packages/moveit_task_constructor_msgs-0.1.3-py3.10.egg-info/PKG-INFO
[7.381s] -- Installing: /home/kush/UR5_Project_New/install/moveit_task_constructor_msgs/local/lib/python3.10/dist-packages/moveit_task_constructor_msgs-0.1.3-py3.10.egg-info/top_level.txt
[7.382s] -- Up-to-date: /home/kush/UR5_Project_New/install/moveit_task_constructor_msgs/local/lib/python3.10/dist-packages/moveit_task_constructor_msgs
[7.383s] -- Up-to-date: /home/kush/UR5_Project_New/install/moveit_task_constructor_msgs/local/lib/python3.10/dist-packages/moveit_task_constructor_msgs/moveit_task_constructor_msgs_s__rosidl_typesupport_fastrtps_c.cpython-310-x86_64-linux-gnu.so
[7.383s] -- Up-to-date: /home/kush/UR5_Project_New/install/moveit_task_constructor_msgs/local/lib/python3.10/dist-packages/moveit_task_constructor_msgs/_moveit_task_constructor_msgs_s.ep.rosidl_typesupport_introspection_c.c
[7.384s] -- Up-to-date: /home/kush/UR5_Project_New/install/moveit_task_constructor_msgs/local/lib/python3.10/dist-packages/moveit_task_constructor_msgs/libmoveit_task_constructor_msgs__rosidl_generator_py.so
[7.384s] -- Up-to-date: /home/kush/UR5_Project_New/install/moveit_task_constructor_msgs/local/lib/python3.10/dist-packages/moveit_task_constructor_msgs/__init__.py
[7.385s] -- Up-to-date: /home/kush/UR5_Project_New/install/moveit_task_constructor_msgs/local/lib/python3.10/dist-packages/moveit_task_constructor_msgs/srv
[7.385s] -- Up-to-date: /home/kush/UR5_Project_New/install/moveit_task_constructor_msgs/local/lib/python3.10/dist-packages/moveit_task_constructor_msgs/srv/__init__.py
[7.385s] -- Up-to-date: /home/kush/UR5_Project_New/install/moveit_task_constructor_msgs/local/lib/python3.10/dist-packages/moveit_task_constructor_msgs/srv/_get_solution_s.c
[7.386s] -- Up-to-date: /home/kush/UR5_Project_New/install/moveit_task_constructor_msgs/local/lib/python3.10/dist-packages/moveit_task_constructor_msgs/srv/_get_solution.py
[7.386s] -- Up-to-date: /home/kush/UR5_Project_New/install/moveit_task_constructor_msgs/local/lib/python3.10/dist-packages/moveit_task_constructor_msgs/msg
[7.388s] -- Up-to-date: /home/kush/UR5_Project_New/install/moveit_task_constructor_msgs/local/lib/python3.10/dist-packages/moveit_task_constructor_msgs/msg/_task_statistics_s.c
[7.388s] -- Up-to-date: /home/kush/UR5_Project_New/install/moveit_task_constructor_msgs/local/lib/python3.10/dist-packages/moveit_task_constructor_msgs/msg/__init__.py
[7.388s] -- Up-to-date: /home/kush/UR5_Project_New/install/moveit_task_constructor_msgs/local/lib/python3.10/dist-packages/moveit_task_constructor_msgs/msg/_solution_s.c
[7.389s] -- Up-to-date: /home/kush/UR5_Project_New/install/moveit_task_constructor_msgs/local/lib/python3.10/dist-packages/moveit_task_constructor_msgs/msg/_stage_description_s.c
[7.390s] -- Up-to-date: /home/kush/UR5_Project_New/install/moveit_task_constructor_msgs/local/lib/python3.10/dist-packages/moveit_task_constructor_msgs/msg/_task_statistics.py
[7.391s] -- Up-to-date: /home/kush/UR5_Project_New/install/moveit_task_constructor_msgs/local/lib/python3.10/dist-packages/moveit_task_constructor_msgs/msg/_solution_info.py
[7.391s] -- Up-to-date: /home/kush/UR5_Project_New/install/moveit_task_constructor_msgs/local/lib/python3.10/dist-packages/moveit_task_constructor_msgs/msg/_sub_trajectory_s.c
[7.391s] -- Up-to-date: /home/kush/UR5_Project_New/install/moveit_task_constructor_msgs/local/lib/python3.10/dist-packages/moveit_task_constructor_msgs/msg/_solution_info_s.c
[7.391s] -- Up-to-date: /home/kush/UR5_Project_New/install/moveit_task_constructor_msgs/local/lib/python3.10/dist-packages/moveit_task_constructor_msgs/msg/_stage_statistics_s.c
[7.392s] -- Up-to-date: /home/kush/UR5_Project_New/install/moveit_task_constructor_msgs/local/lib/python3.10/dist-packages/moveit_task_constructor_msgs/msg/_task_description.py
[7.392s] -- Up-to-date: /home/kush/UR5_Project_New/install/moveit_task_constructor_msgs/local/lib/python3.10/dist-packages/moveit_task_constructor_msgs/msg/_property_s.c
[7.392s] -- Up-to-date: /home/kush/UR5_Project_New/install/moveit_task_constructor_msgs/local/lib/python3.10/dist-packages/moveit_task_constructor_msgs/msg/_sub_solution_s.c
[7.392s] -- Up-to-date: /home/kush/UR5_Project_New/install/moveit_task_constructor_msgs/local/lib/python3.10/dist-packages/moveit_task_constructor_msgs/msg/_solution.py
[7.392s] -- Up-to-date: /home/kush/UR5_Project_New/install/moveit_task_constructor_msgs/local/lib/python3.10/dist-packages/moveit_task_constructor_msgs/msg/_stage_statistics.py
[7.393s] -- Up-to-date: /home/kush/UR5_Project_New/install/moveit_task_constructor_msgs/local/lib/python3.10/dist-packages/moveit_task_constructor_msgs/msg/_stage_description.py
[7.393s] -- Up-to-date: /home/kush/UR5_Project_New/install/moveit_task_constructor_msgs/local/lib/python3.10/dist-packages/moveit_task_constructor_msgs/msg/_sub_solution.py
[7.393s] -- Up-to-date: /home/kush/UR5_Project_New/install/moveit_task_constructor_msgs/local/lib/python3.10/dist-packages/moveit_task_constructor_msgs/msg/_property.py
[7.393s] -- Up-to-date: /home/kush/UR5_Project_New/install/moveit_task_constructor_msgs/local/lib/python3.10/dist-packages/moveit_task_constructor_msgs/msg/_sub_trajectory.py
[7.393s] -- Up-to-date: /home/kush/UR5_Project_New/install/moveit_task_constructor_msgs/local/lib/python3.10/dist-packages/moveit_task_constructor_msgs/msg/_task_description_s.c
[7.394s] -- Up-to-date: /home/kush/UR5_Project_New/install/moveit_task_constructor_msgs/local/lib/python3.10/dist-packages/moveit_task_constructor_msgs/moveit_task_constructor_msgs_s__rosidl_typesupport_introspection_c.cpython-310-x86_64-linux-gnu.so
[7.394s] -- Up-to-date: /home/kush/UR5_Project_New/install/moveit_task_constructor_msgs/local/lib/python3.10/dist-packages/moveit_task_constructor_msgs/action
[7.394s] -- Up-to-date: /home/kush/UR5_Project_New/install/moveit_task_constructor_msgs/local/lib/python3.10/dist-packages/moveit_task_constructor_msgs/action/__init__.py
[7.394s] -- Up-to-date: /home/kush/UR5_Project_New/install/moveit_task_constructor_msgs/local/lib/python3.10/dist-packages/moveit_task_constructor_msgs/action/_execute_task_solution.py
[7.394s] -- Up-to-date: /home/kush/UR5_Project_New/install/moveit_task_constructor_msgs/local/lib/python3.10/dist-packages/moveit_task_constructor_msgs/action/_execute_task_solution_s.c
[7.394s] -- Up-to-date: /home/kush/UR5_Project_New/install/moveit_task_constructor_msgs/local/lib/python3.10/dist-packages/moveit_task_constructor_msgs/_moveit_task_constructor_msgs_s.ep.rosidl_typesupport_fastrtps_c.c
[7.395s] -- Up-to-date: /home/kush/UR5_Project_New/install/moveit_task_constructor_msgs/local/lib/python3.10/dist-packages/moveit_task_constructor_msgs/_moveit_task_constructor_msgs_s.ep.rosidl_typesupport_c.c
[7.395s] -- Up-to-date: /home/kush/UR5_Project_New/install/moveit_task_constructor_msgs/local/lib/python3.10/dist-packages/moveit_task_constructor_msgs/moveit_task_constructor_msgs_s__rosidl_typesupport_c.cpython-310-x86_64-linux-gnu.so
[7.811s] Listing '/home/kush/UR5_Project_New/install/moveit_task_constructor_msgs/local/lib/python3.10/dist-packages/moveit_task_constructor_msgs'...
[7.812s] Listing '/home/kush/UR5_Project_New/install/moveit_task_constructor_msgs/local/lib/python3.10/dist-packages/moveit_task_constructor_msgs/action'...
[7.812s] Listing '/home/kush/UR5_Project_New/install/moveit_task_constructor_msgs/local/lib/python3.10/dist-packages/moveit_task_constructor_msgs/msg'...
[7.812s] Listing '/home/kush/UR5_Project_New/install/moveit_task_constructor_msgs/local/lib/python3.10/dist-packages/moveit_task_constructor_msgs/srv'...
[7.919s] -- Up-to-date: /home/kush/UR5_Project_New/install/moveit_task_constructor_msgs/local/lib/python3.10/dist-packages/moveit_task_constructor_msgs/moveit_task_constructor_msgs_s__rosidl_typesupport_fastrtps_c.cpython-310-x86_64-linux-gnu.so
[7.973s] -- Up-to-date: /home/kush/UR5_Project_New/install/moveit_task_constructor_msgs/local/lib/python3.10/dist-packages/moveit_task_constructor_msgs/moveit_task_constructor_msgs_s__rosidl_typesupport_introspection_c.cpython-310-x86_64-linux-gnu.so
[8.018s] -- Up-to-date: /home/kush/UR5_Project_New/install/moveit_task_constructor_msgs/local/lib/python3.10/dist-packages/moveit_task_constructor_msgs/moveit_task_constructor_msgs_s__rosidl_typesupport_c.cpython-310-x86_64-linux-gnu.so
[8.063s] -- Up-to-date: /home/kush/UR5_Project_New/install/moveit_task_constructor_msgs/lib/libmoveit_task_constructor_msgs__rosidl_generator_py.so
[8.064s] -- Up-to-date: /home/kush/UR5_Project_New/install/moveit_task_constructor_msgs/share/moveit_task_constructor_msgs/msg/Property.idl
[8.064s] -- Up-to-date: /home/kush/UR5_Project_New/install/moveit_task_constructor_msgs/share/moveit_task_constructor_msgs/msg/Solution.idl
[8.064s] -- Up-to-date: /home/kush/UR5_Project_New/install/moveit_task_constructor_msgs/share/moveit_task_constructor_msgs/msg/SolutionInfo.idl
[8.064s] -- Up-to-date: /home/kush/UR5_Project_New/install/moveit_task_constructor_msgs/share/moveit_task_constructor_msgs/msg/StageDescription.idl
[8.065s] -- Up-to-date: /home/kush/UR5_Project_New/install/moveit_task_constructor_msgs/share/moveit_task_constructor_msgs/msg/StageStatistics.idl
[8.065s] -- Up-to-date: /home/kush/UR5_Project_New/install/moveit_task_constructor_msgs/share/moveit_task_constructor_msgs/msg/SubSolution.idl
[8.065s] -- Up-to-date: /home/kush/UR5_Project_New/install/moveit_task_constructor_msgs/share/moveit_task_constructor_msgs/msg/SubTrajectory.idl
[8.065s] -- Up-to-date: /home/kush/UR5_Project_New/install/moveit_task_constructor_msgs/share/moveit_task_constructor_msgs/msg/TaskDescription.idl
[8.065s] -- Up-to-date: /home/kush/UR5_Project_New/install/moveit_task_constructor_msgs/share/moveit_task_constructor_msgs/msg/TaskStatistics.idl
[8.065s] -- Up-to-date: /home/kush/UR5_Project_New/install/moveit_task_constructor_msgs/share/moveit_task_constructor_msgs/srv/GetSolution.idl
[8.066s] -- Up-to-date: /home/kush/UR5_Project_New/install/moveit_task_constructor_msgs/share/moveit_task_constructor_msgs/action/ExecuteTaskSolution.idl
[8.066s] -- Up-to-date: /home/kush/UR5_Project_New/install/moveit_task_constructor_msgs/share/moveit_task_constructor_msgs/msg/Property.msg
[8.066s] -- Up-to-date: /home/kush/UR5_Project_New/install/moveit_task_constructor_msgs/share/moveit_task_constructor_msgs/msg/Solution.msg
[8.066s] -- Up-to-date: /home/kush/UR5_Project_New/install/moveit_task_constructor_msgs/share/moveit_task_constructor_msgs/msg/SolutionInfo.msg
[8.066s] -- Up-to-date: /home/kush/UR5_Project_New/install/moveit_task_constructor_msgs/share/moveit_task_constructor_msgs/msg/StageDescription.msg
[8.067s] -- Up-to-date: /home/kush/UR5_Project_New/install/moveit_task_constructor_msgs/share/moveit_task_constructor_msgs/msg/StageStatistics.msg
[8.067s] -- Up-to-date: /home/kush/UR5_Project_New/install/moveit_task_constructor_msgs/share/moveit_task_constructor_msgs/msg/SubSolution.msg
[8.067s] -- Up-to-date: /home/kush/UR5_Project_New/install/moveit_task_constructor_msgs/share/moveit_task_constructor_msgs/msg/SubTrajectory.msg
[8.067s] -- Up-to-date: /home/kush/UR5_Project_New/install/moveit_task_constructor_msgs/share/moveit_task_constructor_msgs/msg/TaskDescription.msg
[8.067s] -- Up-to-date: /home/kush/UR5_Project_New/install/moveit_task_constructor_msgs/share/moveit_task_constructor_msgs/msg/TaskStatistics.msg
[8.067s] -- Up-to-date: /home/kush/UR5_Project_New/install/moveit_task_constructor_msgs/share/moveit_task_constructor_msgs/srv/GetSolution.srv
[8.068s] -- Up-to-date: /home/kush/UR5_Project_New/install/moveit_task_constructor_msgs/share/moveit_task_constructor_msgs/srv/GetSolution_Request.msg
[8.068s] -- Up-to-date: /home/kush/UR5_Project_New/install/moveit_task_constructor_msgs/share/moveit_task_constructor_msgs/srv/GetSolution_Response.msg
[8.068s] -- Up-to-date: /home/kush/UR5_Project_New/install/moveit_task_constructor_msgs/share/moveit_task_constructor_msgs/action/ExecuteTaskSolution.action
[8.068s] -- Up-to-date: /home/kush/UR5_Project_New/install/moveit_task_constructor_msgs/share/ament_index/resource_index/package_run_dependencies/moveit_task_constructor_msgs
[8.068s] -- Up-to-date: /home/kush/UR5_Project_New/install/moveit_task_constructor_msgs/share/ament_index/resource_index/parent_prefix_path/moveit_task_constructor_msgs
[8.068s] -- Up-to-date: /home/kush/UR5_Project_New/install/moveit_task_constructor_msgs/share/moveit_task_constructor_msgs/environment/ament_prefix_path.sh
[8.069s] -- Up-to-date: /home/kush/UR5_Project_New/install/moveit_task_constructor_msgs/share/moveit_task_constructor_msgs/environment/ament_prefix_path.dsv
[8.069s] -- Up-to-date: /home/kush/UR5_Project_New/install/moveit_task_constructor_msgs/share/moveit_task_constructor_msgs/environment/path.sh
[8.069s] -- Up-to-date: /home/kush/UR5_Project_New/install/moveit_task_constructor_msgs/share/moveit_task_constructor_msgs/environment/path.dsv
[8.069s] -- Up-to-date: /home/kush/UR5_Project_New/install/moveit_task_constructor_msgs/share/moveit_task_constructor_msgs/local_setup.bash
[8.069s] -- Up-to-date: /home/kush/UR5_Project_New/install/moveit_task_constructor_msgs/share/moveit_task_constructor_msgs/local_setup.sh
[8.070s] -- Up-to-date: /home/kush/UR5_Project_New/install/moveit_task_constructor_msgs/share/moveit_task_constructor_msgs/local_setup.zsh
[8.070s] -- Up-to-date: /home/kush/UR5_Project_New/install/moveit_task_constructor_msgs/share/moveit_task_constructor_msgs/local_setup.dsv
[8.070s] -- Installing: /home/kush/UR5_Project_New/install/moveit_task_constructor_msgs/share/moveit_task_constructor_msgs/package.dsv
[8.091s] -- Up-to-date: /home/kush/UR5_Project_New/install/moveit_task_constructor_msgs/share/ament_index/resource_index/packages/moveit_task_constructor_msgs
[8.112s] -- Up-to-date: /home/kush/UR5_Project_New/install/moveit_task_constructor_msgs/share/moveit_task_constructor_msgs/cmake/export_moveit_task_constructor_msgs__rosidl_generator_cExport.cmake
[8.112s] -- Up-to-date: /home/kush/UR5_Project_New/install/moveit_task_constructor_msgs/share/moveit_task_constructor_msgs/cmake/export_moveit_task_constructor_msgs__rosidl_generator_cExport-release.cmake
[8.124s] -- Up-to-date: /home/kush/UR5_Project_New/install/moveit_task_constructor_msgs/share/moveit_task_constructor_msgs/cmake/export_moveit_task_constructor_msgs__rosidl_typesupport_fastrtps_cExport.cmake
[8.124s] -- Up-to-date: /home/kush/UR5_Project_New/install/moveit_task_constructor_msgs/share/moveit_task_constructor_msgs/cmake/export_moveit_task_constructor_msgs__rosidl_typesupport_fastrtps_cExport-release.cmake
[8.152s] -- Up-to-date: /home/kush/UR5_Project_New/install/moveit_task_constructor_msgs/share/moveit_task_constructor_msgs/cmake/export_moveit_task_constructor_msgs__rosidl_generator_cppExport.cmake
[8.152s] -- Up-to-date: /home/kush/UR5_Project_New/install/moveit_task_constructor_msgs/share/moveit_task_constructor_msgs/cmake/export_moveit_task_constructor_msgs__rosidl_typesupport_fastrtps_cppExport.cmake
[8.152s] -- Up-to-date: /home/kush/UR5_Project_New/install/moveit_task_constructor_msgs/share/moveit_task_constructor_msgs/cmake/export_moveit_task_constructor_msgs__rosidl_typesupport_fastrtps_cppExport-release.cmake
[8.165s] -- Up-to-date: /home/kush/UR5_Project_New/install/moveit_task_constructor_msgs/share/moveit_task_constructor_msgs/cmake/moveit_task_constructor_msgs__rosidl_typesupport_introspection_cExport.cmake
[8.166s] -- Up-to-date: /home/kush/UR5_Project_New/install/moveit_task_constructor_msgs/share/moveit_task_constructor_msgs/cmake/moveit_task_constructor_msgs__rosidl_typesupport_introspection_cExport-release.cmake
[8.204s] -- Up-to-date: /home/kush/UR5_Project_New/install/moveit_task_constructor_msgs/share/moveit_task_constructor_msgs/cmake/moveit_task_constructor_msgs__rosidl_typesupport_cExport.cmake
[8.204s] -- Up-to-date: /home/kush/UR5_Project_New/install/moveit_task_constructor_msgs/share/moveit_task_constructor_msgs/cmake/moveit_task_constructor_msgs__rosidl_typesupport_cExport-release.cmake
[8.230s] -- Up-to-date: /home/kush/UR5_Project_New/install/moveit_task_constructor_msgs/share/moveit_task_constructor_msgs/cmake/moveit_task_constructor_msgs__rosidl_typesupport_introspection_cppExport.cmake
[8.230s] -- Up-to-date: /home/kush/UR5_Project_New/install/moveit_task_constructor_msgs/share/moveit_task_constructor_msgs/cmake/moveit_task_constructor_msgs__rosidl_typesupport_introspection_cppExport-release.cmake
[8.252s] -- Up-to-date: /home/kush/UR5_Project_New/install/moveit_task_constructor_msgs/share/moveit_task_constructor_msgs/cmake/moveit_task_constructor_msgs__rosidl_typesupport_cppExport.cmake
[8.253s] -- Up-to-date: /home/kush/UR5_Project_New/install/moveit_task_constructor_msgs/share/moveit_task_constructor_msgs/cmake/moveit_task_constructor_msgs__rosidl_typesupport_cppExport-release.cmake
[8.280s] -- Up-to-date: /home/kush/UR5_Project_New/install/moveit_task_constructor_msgs/share/moveit_task_constructor_msgs/cmake/export_moveit_task_constructor_msgs__rosidl_generator_pyExport.cmake
[8.280s] -- Up-to-date: /home/kush/UR5_Project_New/install/moveit_task_constructor_msgs/share/moveit_task_constructor_msgs/cmake/export_moveit_task_constructor_msgs__rosidl_generator_pyExport-release.cmake
[8.280s] -- Up-to-date: /home/kush/UR5_Project_New/install/moveit_task_constructor_msgs/share/moveit_task_constructor_msgs/cmake/rosidl_cmake-extras.cmake
[8.280s] -- Up-to-date: /home/kush/UR5_Project_New/install/moveit_task_constructor_msgs/share/moveit_task_constructor_msgs/cmake/ament_cmake_export_dependencies-extras.cmake
[8.282s] -- Up-to-date: /home/kush/UR5_Project_New/install/moveit_task_constructor_msgs/share/moveit_task_constructor_msgs/cmake/ament_cmake_export_include_directories-extras.cmake
[8.282s] -- Up-to-date: /home/kush/UR5_Project_New/install/moveit_task_constructor_msgs/share/moveit_task_constructor_msgs/cmake/ament_cmake_export_libraries-extras.cmake
[8.282s] -- Up-to-date: /home/kush/UR5_Project_New/install/moveit_task_constructor_msgs/share/moveit_task_constructor_msgs/cmake/ament_cmake_export_targets-extras.cmake
[8.282s] -- Up-to-date: /home/kush/UR5_Project_New/install/moveit_task_constructor_msgs/share/moveit_task_constructor_msgs/cmake/rosidl_cmake_export_typesupport_targets-extras.cmake
[8.283s] -- Up-to-date: /home/kush/UR5_Project_New/install/moveit_task_constructor_msgs/share/moveit_task_constructor_msgs/cmake/rosidl_cmake_export_typesupport_libraries-extras.cmake
[8.284s] -- Up-to-date: /home/kush/UR5_Project_New/install/moveit_task_constructor_msgs/share/moveit_task_constructor_msgs/cmake/moveit_task_constructor_msgsConfig.cmake
[8.284s] -- Up-to-date: /home/kush/UR5_Project_New/install/moveit_task_constructor_msgs/share/moveit_task_constructor_msgs/cmake/moveit_task_constructor_msgsConfig-version.cmake
[8.284s] -- Up-to-date: /home/kush/UR5_Project_New/install/moveit_task_constructor_msgs/share/moveit_task_constructor_msgs/package.xml
[8.352s] Invoked command in '/home/kush/UR5_Project_New/build/moveit_task_constructor_msgs' returned '0': CMAKE_PREFIX_PATH=/opt/ros/humble /usr/bin/cmake --install /home/kush/UR5_Project_New/build/moveit_task_constructor_msgs
