[0.089s] Invoking command in '/home/kush/UR5_Project_New/build/rviz_marker_tools': AMENT_PREFIX_PATH=/home/kush/UR5_Project_New/install/moveit_common:${AMENT_PREFIX_PATH} CMAKE_PREFIX_PATH=/home/kush/UR5_Project_New/install/moveit_common:/opt/ros/humble /usr/bin/cmake --build /home/kush/UR5_Project_New/build/rviz_marker_tools -- -j4 -l4
[0.441s] [100%] Built target rviz_marker_tools
[0.488s] Invoked command in '/home/kush/UR5_Project_New/build/rviz_marker_tools' returned '0': AMENT_PREFIX_PATH=/home/kush/UR5_Project_New/install/moveit_common:${AMENT_PREFIX_PATH} CMAKE_PREFIX_PATH=/home/kush/UR5_Project_New/install/moveit_common:/opt/ros/humble /usr/bin/cmake --build /home/kush/UR5_Project_New/build/rviz_marker_tools -- -j4 -l4
[0.726s] Invoking command in '/home/kush/UR5_Project_New/build/rviz_marker_tools': AMENT_PREFIX_PATH=/home/kush/UR5_Project_New/install/moveit_common:${AMENT_PREFIX_PATH} CMAKE_PREFIX_PATH=/home/kush/UR5_Project_New/install/moveit_common:/opt/ros/humble /usr/bin/cmake --install /home/kush/UR5_Project_New/build/rviz_marker_tools
[0.746s] -- Install configuration: "Release"
[0.747s] -- Up-to-date: /home/kush/UR5_Project_New/install/rviz_marker_tools/include
[0.763s] -- Up-to-date: /home/kush/UR5_Project_New/install/rviz_marker_tools/include/rviz_marker_tools
[0.764s] -- Up-to-date: /home/kush/UR5_Project_New/install/rviz_marker_tools/include/rviz_marker_tools/marker_creation.h
[0.764s] -- Up-to-date: /home/kush/UR5_Project_New/install/rviz_marker_tools/lib/librviz_marker_tools.so
[0.764s] -- Up-to-date: /home/kush/UR5_Project_New/install/rviz_marker_tools/share/rviz_marker_tools/environment/library_path.sh
[0.764s] -- Up-to-date: /home/kush/UR5_Project_New/install/rviz_marker_tools/share/rviz_marker_tools/environment/library_path.dsv
[0.764s] -- Up-to-date: /home/kush/UR5_Project_New/install/rviz_marker_tools/share/ament_index/resource_index/package_run_dependencies/rviz_marker_tools
[0.765s] -- Up-to-date: /home/kush/UR5_Project_New/install/rviz_marker_tools/share/ament_index/resource_index/parent_prefix_path/rviz_marker_tools
[0.765s] -- Up-to-date: /home/kush/UR5_Project_New/install/rviz_marker_tools/share/rviz_marker_tools/environment/ament_prefix_path.sh
[0.765s] -- Up-to-date: /home/kush/UR5_Project_New/install/rviz_marker_tools/share/rviz_marker_tools/environment/ament_prefix_path.dsv
[0.765s] -- Up-to-date: /home/kush/UR5_Project_New/install/rviz_marker_tools/share/rviz_marker_tools/environment/path.sh
[0.765s] -- Up-to-date: /home/kush/UR5_Project_New/install/rviz_marker_tools/share/rviz_marker_tools/environment/path.dsv
[0.766s] -- Up-to-date: /home/kush/UR5_Project_New/install/rviz_marker_tools/share/rviz_marker_tools/local_setup.bash
[0.766s] -- Up-to-date: /home/kush/UR5_Project_New/install/rviz_marker_tools/share/rviz_marker_tools/local_setup.sh
[0.766s] -- Up-to-date: /home/kush/UR5_Project_New/install/rviz_marker_tools/share/rviz_marker_tools/local_setup.zsh
[0.766s] -- Up-to-date: /home/kush/UR5_Project_New/install/rviz_marker_tools/share/rviz_marker_tools/local_setup.dsv
[0.766s] -- Installing: /home/kush/UR5_Project_New/install/rviz_marker_tools/share/rviz_marker_tools/package.dsv
[0.766s] -- Up-to-date: /home/kush/UR5_Project_New/install/rviz_marker_tools/share/ament_index/resource_index/packages/rviz_marker_tools
[0.767s] -- Up-to-date: /home/kush/UR5_Project_New/install/rviz_marker_tools/share/rviz_marker_tools/cmake/rviz_marker_toolsTargetsExport.cmake
[0.767s] -- Up-to-date: /home/kush/UR5_Project_New/install/rviz_marker_tools/share/rviz_marker_tools/cmake/rviz_marker_toolsTargetsExport-release.cmake
[0.775s] -- Up-to-date: /home/kush/UR5_Project_New/install/rviz_marker_tools/share/rviz_marker_tools/cmake/ament_cmake_export_targets-extras.cmake
[0.775s] -- Up-to-date: /home/kush/UR5_Project_New/install/rviz_marker_tools/share/rviz_marker_tools/cmake/ament_cmake_export_dependencies-extras.cmake
[0.775s] -- Up-to-date: /home/kush/UR5_Project_New/install/rviz_marker_tools/share/rviz_marker_tools/cmake/rviz_marker_toolsConfig.cmake
[0.776s] -- Up-to-date: /home/kush/UR5_Project_New/install/rviz_marker_tools/share/rviz_marker_tools/cmake/rviz_marker_toolsConfig-version.cmake
[0.776s] -- Up-to-date: /home/kush/UR5_Project_New/install/rviz_marker_tools/share/rviz_marker_tools/package.xml
[0.776s] Invoked command in '/home/kush/UR5_Project_New/build/rviz_marker_tools' returned '0': AMENT_PREFIX_PATH=/home/kush/UR5_Project_New/install/moveit_common:${AMENT_PREFIX_PATH} CMAKE_PREFIX_PATH=/home/kush/UR5_Project_New/install/moveit_common:/opt/ros/humble /usr/bin/cmake --install /home/kush/UR5_Project_New/build/rviz_marker_tools
