[0.408s] Invoking command in '/home/kush/UR5_Project_New/build/moveit_servo': AMENT_PREFIX_PATH=/home/kush/UR5_Project_New/install/moveit_ros_planning_interface:/home/kush/UR5_Project_New/install/moveit_ros_move_group:/home/kush/UR5_Project_New/install/moveit_ros_warehouse:/home/kush/UR5_Project_New/install/moveit_kinematics:/home/kush/UR5_Project_New/install/moveit_ros_planning:/home/kush/UR5_Project_New/install/moveit_ros_occupancy_map_monitor:/home/kush/UR5_Project_New/install/moveit_core:/home/kush/UR5_Project_New/install/moveit_resources_panda_moveit_config:/home/kush/UR5_Project_New/install/moveit_configs_utils:/home/kush/UR5_Project_New/install/srdfdom:/home/kush/UR5_Project_New/install/moveit_resources_panda_description:/home/kush/UR5_Project_New/install/moveit_common:/home/kush/UR5_Project_New/install/launch_param_builder:${AMENT_PREFIX_PATH} CMAKE_PREFIX_PATH=/home/kush/UR5_Project_New/install/moveit_ros_planning_interface:/home/kush/UR5_Project_New/install/moveit_ros_move_group:/home/kush/UR5_Project_New/install/moveit_ros_warehouse:/home/kush/UR5_Project_New/install/moveit_kinematics:/home/kush/UR5_Project_New/install/moveit_ros_planning:/home/kush/UR5_Project_New/install/moveit_ros_occupancy_map_monitor:/home/kush/UR5_Project_New/install/moveit_core:/home/kush/UR5_Project_New/install/moveit_resources_panda_moveit_config:/home/kush/UR5_Project_New/install/srdfdom:/home/kush/UR5_Project_New/install/moveit_resources_panda_description:/home/kush/UR5_Project_New/install/moveit_common:/opt/ros/humble LD_LIBRARY_PATH=/home/kush/UR5_Project_New/install/moveit_ros_planning_interface/lib:/home/kush/UR5_Project_New/install/moveit_ros_move_group/lib:/home/kush/UR5_Project_New/install/moveit_ros_warehouse/lib:/home/kush/UR5_Project_New/install/moveit_kinematics/lib:/home/kush/UR5_Project_New/install/moveit_ros_planning/lib:/home/kush/UR5_Project_New/install/moveit_ros_occupancy_map_monitor/lib:/home/kush/UR5_Project_New/install/moveit_core/lib:/home/kush/UR5_Project_New/install/srdfdom/lib:${LD_LIBRARY_PATH} PATH=/home/kush/UR5_Project_New/install/moveit_core/bin:${PATH} PYTHONPATH=/home/kush/UR5_Project_New/install/moveit_configs_utils/lib/python3.10/site-packages:/home/kush/UR5_Project_New/install/srdfdom/local/lib/python3.10/dist-packages:/home/kush/UR5_Project_New/install/launch_param_builder/lib/python3.10/site-packages:${PYTHONPATH} /usr/bin/cmake --build /home/kush/UR5_Project_New/build/moveit_servo -- -j4 -l4
[0.784s] [35m[1mConsolidate compiler generated dependencies of target moveit_servo_lib_parameters[0m
[1.036s] [  9%] Built target moveit_servo_lib_parameters
[1.161s] [ 15%] Built target gtest_main
[1.228s] [35m[1mConsolidate compiler generated dependencies of target gtest[0m
[1.320s] [ 21%] Built target gtest
[1.430s] [35m[1mConsolidate compiler generated dependencies of target moveit_servo_lib[0m
[1.736s] [ 39%] Built target moveit_servo_lib
[1.804s] [35m[1mConsolidate compiler generated dependencies of target test_servo_integration[0m
[1.958s] [ 45%] Built target test_servo_integration
[2.093s] [35m[1mConsolidate compiler generated dependencies of target test_servo_collision[0m
[2.329s] [ 51%] Built target test_servo_collision
[2.434s] [35m[1mConsolidate compiler generated dependencies of target servo_calcs_unit_tests[0m
[2.684s] [ 57%] Built target servo_calcs_unit_tests
[2.780s] [35m[1mConsolidate compiler generated dependencies of target pose_tracking[0m
[3.002s] [ 63%] Built target pose_tracking
[3.088s] [35m[1mConsolidate compiler generated dependencies of target servo_node[0m
[3.324s] [ 69%] Built target servo_node
[3.434s] [35m[1mConsolidate compiler generated dependencies of target servo_pose_tracking_demo[0m
[3.675s] [ 75%] Built target servo_pose_tracking_demo
[3.781s] [35m[1mConsolidate compiler generated dependencies of target test_servo_pose_tracking[0m
[4.009s] [ 81%] Built target test_servo_pose_tracking
[4.140s] [35m[1mConsolidate compiler generated dependencies of target servo_node_main[0m
[4.393s] [ 87%] Built target servo_node_main
[4.580s] [ 93%] Built target fake_command_publisher
[4.678s] [35m[1mConsolidate compiler generated dependencies of target servo_controller_input[0m
[4.811s] [100%] Built target servo_controller_input
[4.925s] Invoked command in '/home/kush/UR5_Project_New/build/moveit_servo' returned '0': AMENT_PREFIX_PATH=/home/kush/UR5_Project_New/install/moveit_ros_planning_interface:/home/kush/UR5_Project_New/install/moveit_ros_move_group:/home/kush/UR5_Project_New/install/moveit_ros_warehouse:/home/kush/UR5_Project_New/install/moveit_kinematics:/home/kush/UR5_Project_New/install/moveit_ros_planning:/home/kush/UR5_Project_New/install/moveit_ros_occupancy_map_monitor:/home/kush/UR5_Project_New/install/moveit_core:/home/kush/UR5_Project_New/install/moveit_resources_panda_moveit_config:/home/kush/UR5_Project_New/install/moveit_configs_utils:/home/kush/UR5_Project_New/install/srdfdom:/home/kush/UR5_Project_New/install/moveit_resources_panda_description:/home/kush/UR5_Project_New/install/moveit_common:/home/kush/UR5_Project_New/install/launch_param_builder:${AMENT_PREFIX_PATH} CMAKE_PREFIX_PATH=/home/kush/UR5_Project_New/install/moveit_ros_planning_interface:/home/kush/UR5_Project_New/install/moveit_ros_move_group:/home/kush/UR5_Project_New/install/moveit_ros_warehouse:/home/kush/UR5_Project_New/install/moveit_kinematics:/home/kush/UR5_Project_New/install/moveit_ros_planning:/home/kush/UR5_Project_New/install/moveit_ros_occupancy_map_monitor:/home/kush/UR5_Project_New/install/moveit_core:/home/kush/UR5_Project_New/install/moveit_resources_panda_moveit_config:/home/kush/UR5_Project_New/install/srdfdom:/home/kush/UR5_Project_New/install/moveit_resources_panda_description:/home/kush/UR5_Project_New/install/moveit_common:/opt/ros/humble LD_LIBRARY_PATH=/home/kush/UR5_Project_New/install/moveit_ros_planning_interface/lib:/home/kush/UR5_Project_New/install/moveit_ros_move_group/lib:/home/kush/UR5_Project_New/install/moveit_ros_warehouse/lib:/home/kush/UR5_Project_New/install/moveit_kinematics/lib:/home/kush/UR5_Project_New/install/moveit_ros_planning/lib:/home/kush/UR5_Project_New/install/moveit_ros_occupancy_map_monitor/lib:/home/kush/UR5_Project_New/install/moveit_core/lib:/home/kush/UR5_Project_New/install/srdfdom/lib:${LD_LIBRARY_PATH} PATH=/home/kush/UR5_Project_New/install/moveit_core/bin:${PATH} PYTHONPATH=/home/kush/UR5_Project_New/install/moveit_configs_utils/lib/python3.10/site-packages:/home/kush/UR5_Project_New/install/srdfdom/local/lib/python3.10/dist-packages:/home/kush/UR5_Project_New/install/launch_param_builder/lib/python3.10/site-packages:${PYTHONPATH} /usr/bin/cmake --build /home/kush/UR5_Project_New/build/moveit_servo -- -j4 -l4
[6.283s] Invoking command in '/home/kush/UR5_Project_New/build/moveit_servo': AMENT_PREFIX_PATH=/home/kush/UR5_Project_New/install/moveit_ros_planning_interface:/home/kush/UR5_Project_New/install/moveit_ros_move_group:/home/kush/UR5_Project_New/install/moveit_ros_warehouse:/home/kush/UR5_Project_New/install/moveit_kinematics:/home/kush/UR5_Project_New/install/moveit_ros_planning:/home/kush/UR5_Project_New/install/moveit_ros_occupancy_map_monitor:/home/kush/UR5_Project_New/install/moveit_core:/home/kush/UR5_Project_New/install/moveit_resources_panda_moveit_config:/home/kush/UR5_Project_New/install/moveit_configs_utils:/home/kush/UR5_Project_New/install/srdfdom:/home/kush/UR5_Project_New/install/moveit_resources_panda_description:/home/kush/UR5_Project_New/install/moveit_common:/home/kush/UR5_Project_New/install/launch_param_builder:${AMENT_PREFIX_PATH} CMAKE_PREFIX_PATH=/home/kush/UR5_Project_New/install/moveit_ros_planning_interface:/home/kush/UR5_Project_New/install/moveit_ros_move_group:/home/kush/UR5_Project_New/install/moveit_ros_warehouse:/home/kush/UR5_Project_New/install/moveit_kinematics:/home/kush/UR5_Project_New/install/moveit_ros_planning:/home/kush/UR5_Project_New/install/moveit_ros_occupancy_map_monitor:/home/kush/UR5_Project_New/install/moveit_core:/home/kush/UR5_Project_New/install/moveit_resources_panda_moveit_config:/home/kush/UR5_Project_New/install/srdfdom:/home/kush/UR5_Project_New/install/moveit_resources_panda_description:/home/kush/UR5_Project_New/install/moveit_common:/opt/ros/humble LD_LIBRARY_PATH=/home/kush/UR5_Project_New/install/moveit_ros_planning_interface/lib:/home/kush/UR5_Project_New/install/moveit_ros_move_group/lib:/home/kush/UR5_Project_New/install/moveit_ros_warehouse/lib:/home/kush/UR5_Project_New/install/moveit_kinematics/lib:/home/kush/UR5_Project_New/install/moveit_ros_planning/lib:/home/kush/UR5_Project_New/install/moveit_ros_occupancy_map_monitor/lib:/home/kush/UR5_Project_New/install/moveit_core/lib:/home/kush/UR5_Project_New/install/srdfdom/lib:${LD_LIBRARY_PATH} PATH=/home/kush/UR5_Project_New/install/moveit_core/bin:${PATH} PYTHONPATH=/home/kush/UR5_Project_New/install/moveit_configs_utils/lib/python3.10/site-packages:/home/kush/UR5_Project_New/install/srdfdom/local/lib/python3.10/dist-packages:/home/kush/UR5_Project_New/install/launch_param_builder/lib/python3.10/site-packages:${PYTHONPATH} /usr/bin/cmake --install /home/kush/UR5_Project_New/build/moveit_servo
[6.333s] -- Install configuration: "Release"
[6.334s] -- Up-to-date: /home/kush/UR5_Project_New/install/moveit_servo/lib/libmoveit_servo_lib.so.2.5.4
[6.341s] -- Up-to-date: /home/kush/UR5_Project_New/install/moveit_servo/lib/libmoveit_servo_lib.so
[6.341s] -- Up-to-date: /home/kush/UR5_Project_New/install/moveit_servo/lib/libmoveit_servo_lib_parameters.so.2.5.4
[6.341s] -- Up-to-date: /home/kush/UR5_Project_New/install/moveit_servo/lib/libmoveit_servo_lib_parameters.so
[6.342s] -- Up-to-date: /home/kush/UR5_Project_New/install/moveit_servo/lib/libpose_tracking.so
[6.343s] -- Up-to-date: /home/kush/UR5_Project_New/install/moveit_servo/lib/libservo_node.so
[6.343s] -- Up-to-date: /home/kush/UR5_Project_New/install/moveit_servo/lib/libservo_controller_input.so
[6.344s] -- Up-to-date: /home/kush/UR5_Project_New/install/moveit_servo/lib/moveit_servo/servo_node_main
[6.346s] -- Up-to-date: /home/kush/UR5_Project_New/install/moveit_servo/lib/moveit_servo/servo_pose_tracking_demo
[6.346s] -- Up-to-date: /home/kush/UR5_Project_New/install/moveit_servo/lib/moveit_servo/fake_command_publisher
[6.346s] -- Up-to-date: /home/kush/UR5_Project_New/install/moveit_servo/include
[6.346s] -- Up-to-date: /home/kush/UR5_Project_New/install/moveit_servo/include/moveit_servo
[6.347s] -- Up-to-date: /home/kush/UR5_Project_New/install/moveit_servo/include/moveit_servo/servo_parameters.h
[6.347s] -- Up-to-date: /home/kush/UR5_Project_New/install/moveit_servo/include/moveit_servo/status_codes.h
[6.347s] -- Up-to-date: /home/kush/UR5_Project_New/install/moveit_servo/include/moveit_servo/collision_check.h
[6.347s] -- Up-to-date: /home/kush/UR5_Project_New/install/moveit_servo/include/moveit_servo/servo_calcs.h
[6.348s] -- Up-to-date: /home/kush/UR5_Project_New/install/moveit_servo/include/moveit_servo/make_shared_from_pool.h
[6.348s] -- Up-to-date: /home/kush/UR5_Project_New/install/moveit_servo/include/moveit_servo/pose_tracking.h
[6.348s] -- Up-to-date: /home/kush/UR5_Project_New/install/moveit_servo/include/moveit_servo/parameter_descriptor_builder.hpp
[6.348s] -- Up-to-date: /home/kush/UR5_Project_New/install/moveit_servo/include/moveit_servo/utilities.h
[6.348s] -- Up-to-date: /home/kush/UR5_Project_New/install/moveit_servo/include/moveit_servo/servo.h
[6.349s] -- Up-to-date: /home/kush/UR5_Project_New/install/moveit_servo/include/moveit_servo/servo_node.h
[6.349s] -- Up-to-date: /home/kush/UR5_Project_New/install/moveit_servo/include/moveit_servo/enforce_limits.hpp
[6.349s] -- Up-to-date: /home/kush/UR5_Project_New/install/moveit_servo/include/moveit_servo/servo_server.h
[6.349s] -- Up-to-date: /home/kush/UR5_Project_New/install/moveit_servo/share/moveit_servo/launch
[6.350s] -- Up-to-date: /home/kush/UR5_Project_New/install/moveit_servo/share/moveit_servo/launch/servo_example.launch.py
[6.350s] -- Up-to-date: /home/kush/UR5_Project_New/install/moveit_servo/share/moveit_servo/launch/pose_tracking_example.launch.py
[6.350s] -- Up-to-date: /home/kush/UR5_Project_New/install/moveit_servo/share/moveit_servo/config
[6.350s] -- Up-to-date: /home/kush/UR5_Project_New/install/moveit_servo/share/moveit_servo/config/panda_simulated_config_pose_tracking.yaml
[6.350s] -- Up-to-date: /home/kush/UR5_Project_New/install/moveit_servo/share/moveit_servo/config/demo_rviz_config.rviz
[6.351s] -- Up-to-date: /home/kush/UR5_Project_New/install/moveit_servo/share/moveit_servo/config/demo_rviz_pose_tracking.rviz
[6.351s] -- Up-to-date: /home/kush/UR5_Project_New/install/moveit_servo/share/moveit_servo/config/panda_simulated_config.yaml
[6.351s] -- Up-to-date: /home/kush/UR5_Project_New/install/moveit_servo/share/moveit_servo/config/pose_tracking_settings.yaml
[6.351s] -- Up-to-date: /home/kush/UR5_Project_New/install/moveit_servo/share/moveit_servo/environment/library_path.sh
[6.351s] -- Up-to-date: /home/kush/UR5_Project_New/install/moveit_servo/share/moveit_servo/environment/library_path.dsv
[6.351s] -- Up-to-date: /home/kush/UR5_Project_New/install/moveit_servo/share/ament_index/resource_index/package_run_dependencies/moveit_servo
[6.352s] -- Up-to-date: /home/kush/UR5_Project_New/install/moveit_servo/share/ament_index/resource_index/parent_prefix_path/moveit_servo
[6.352s] -- Up-to-date: /home/kush/UR5_Project_New/install/moveit_servo/share/moveit_servo/environment/ament_prefix_path.sh
[6.352s] -- Up-to-date: /home/kush/UR5_Project_New/install/moveit_servo/share/moveit_servo/environment/ament_prefix_path.dsv
[6.352s] -- Up-to-date: /home/kush/UR5_Project_New/install/moveit_servo/share/moveit_servo/environment/path.sh
[6.367s] -- Up-to-date: /home/kush/UR5_Project_New/install/moveit_servo/share/moveit_servo/environment/path.dsv
[6.368s] -- Up-to-date: /home/kush/UR5_Project_New/install/moveit_servo/share/moveit_servo/local_setup.bash
[6.368s] -- Up-to-date: /home/kush/UR5_Project_New/install/moveit_servo/share/moveit_servo/local_setup.sh
[6.368s] -- Up-to-date: /home/kush/UR5_Project_New/install/moveit_servo/share/moveit_servo/local_setup.zsh
[6.368s] -- Up-to-date: /home/kush/UR5_Project_New/install/moveit_servo/share/moveit_servo/local_setup.dsv
[6.369s] -- Installing: /home/kush/UR5_Project_New/install/moveit_servo/share/moveit_servo/package.dsv
[6.369s] -- Up-to-date: /home/kush/UR5_Project_New/install/moveit_servo/share/ament_index/resource_index/packages/moveit_servo
[6.369s] -- Up-to-date: /home/kush/UR5_Project_New/install/moveit_servo/share/ament_index/resource_index/rclcpp_components/moveit_servo
[6.369s] -- Up-to-date: /home/kush/UR5_Project_New/install/moveit_servo/share/moveit_servo/cmake/export_moveit_servoExport.cmake
[6.372s] -- Up-to-date: /home/kush/UR5_Project_New/install/moveit_servo/share/moveit_servo/cmake/export_moveit_servoExport-release.cmake
[6.372s] -- Up-to-date: /home/kush/UR5_Project_New/install/moveit_servo/share/moveit_servo/cmake/ament_cmake_export_targets-extras.cmake
[6.372s] -- Up-to-date: /home/kush/UR5_Project_New/install/moveit_servo/share/moveit_servo/cmake/ament_cmake_export_dependencies-extras.cmake
[6.372s] -- Up-to-date: /home/kush/UR5_Project_New/install/moveit_servo/share/moveit_servo/cmake/moveit_servoConfig.cmake
[6.372s] -- Up-to-date: /home/kush/UR5_Project_New/install/moveit_servo/share/moveit_servo/cmake/moveit_servoConfig-version.cmake
[6.373s] -- Up-to-date: /home/kush/UR5_Project_New/install/moveit_servo/share/moveit_servo/package.xml
[6.381s] Invoked command in '/home/kush/UR5_Project_New/build/moveit_servo' returned '0': AMENT_PREFIX_PATH=/home/kush/UR5_Project_New/install/moveit_ros_planning_interface:/home/kush/UR5_Project_New/install/moveit_ros_move_group:/home/kush/UR5_Project_New/install/moveit_ros_warehouse:/home/kush/UR5_Project_New/install/moveit_kinematics:/home/kush/UR5_Project_New/install/moveit_ros_planning:/home/kush/UR5_Project_New/install/moveit_ros_occupancy_map_monitor:/home/kush/UR5_Project_New/install/moveit_core:/home/kush/UR5_Project_New/install/moveit_resources_panda_moveit_config:/home/kush/UR5_Project_New/install/moveit_configs_utils:/home/kush/UR5_Project_New/install/srdfdom:/home/kush/UR5_Project_New/install/moveit_resources_panda_description:/home/kush/UR5_Project_New/install/moveit_common:/home/kush/UR5_Project_New/install/launch_param_builder:${AMENT_PREFIX_PATH} CMAKE_PREFIX_PATH=/home/kush/UR5_Project_New/install/moveit_ros_planning_interface:/home/kush/UR5_Project_New/install/moveit_ros_move_group:/home/kush/UR5_Project_New/install/moveit_ros_warehouse:/home/kush/UR5_Project_New/install/moveit_kinematics:/home/kush/UR5_Project_New/install/moveit_ros_planning:/home/kush/UR5_Project_New/install/moveit_ros_occupancy_map_monitor:/home/kush/UR5_Project_New/install/moveit_core:/home/kush/UR5_Project_New/install/moveit_resources_panda_moveit_config:/home/kush/UR5_Project_New/install/srdfdom:/home/kush/UR5_Project_New/install/moveit_resources_panda_description:/home/kush/UR5_Project_New/install/moveit_common:/opt/ros/humble LD_LIBRARY_PATH=/home/kush/UR5_Project_New/install/moveit_ros_planning_interface/lib:/home/kush/UR5_Project_New/install/moveit_ros_move_group/lib:/home/kush/UR5_Project_New/install/moveit_ros_warehouse/lib:/home/kush/UR5_Project_New/install/moveit_kinematics/lib:/home/kush/UR5_Project_New/install/moveit_ros_planning/lib:/home/kush/UR5_Project_New/install/moveit_ros_occupancy_map_monitor/lib:/home/kush/UR5_Project_New/install/moveit_core/lib:/home/kush/UR5_Project_New/install/srdfdom/lib:${LD_LIBRARY_PATH} PATH=/home/kush/UR5_Project_New/install/moveit_core/bin:${PATH} PYTHONPATH=/home/kush/UR5_Project_New/install/moveit_configs_utils/lib/python3.10/site-packages:/home/kush/UR5_Project_New/install/srdfdom/local/lib/python3.10/dist-packages:/home/kush/UR5_Project_New/install/launch_param_builder/lib/python3.10/site-packages:${PYTHONPATH} /usr/bin/cmake --install /home/kush/UR5_Project_New/build/moveit_servo
