[0.201s] Invoking command in '/home/kush/UR5_Project_New/build/moveit_ros_warehouse': AMENT_PREFIX_PATH=/home/kush/UR5_Project_New/install/moveit_ros_planning:/home/kush/UR5_Project_New/install/moveit_ros_occupancy_map_monitor:/home/kush/UR5_Project_New/install/moveit_core:/home/kush/UR5_Project_New/install/srdfdom:/home/kush/UR5_Project_New/install/moveit_common:${AMENT_PREFIX_PATH} CMAKE_PREFIX_PATH=/home/kush/UR5_Project_New/install/moveit_ros_planning:/home/kush/UR5_Project_New/install/moveit_ros_occupancy_map_monitor:/home/kush/UR5_Project_New/install/moveit_core:/home/kush/UR5_Project_New/install/srdfdom:/home/kush/UR5_Project_New/install/moveit_common:/opt/ros/humble LD_LIBRARY_PATH=/home/kush/UR5_Project_New/install/moveit_ros_planning/lib:/home/kush/UR5_Project_New/install/moveit_ros_occupancy_map_monitor/lib:/home/kush/UR5_Project_New/install/moveit_core/lib:/home/kush/UR5_Project_New/install/srdfdom/lib:${LD_LIBRARY_PATH} PATH=/home/kush/UR5_Project_New/install/moveit_core/bin:${PATH} PYTHONPATH=/home/kush/UR5_Project_New/install/srdfdom/local/lib/python3.10/dist-packages:${PYTHONPATH} /usr/bin/cmake --build /home/kush/UR5_Project_New/build/moveit_ros_warehouse -- -j4 -l4
[1.244s] [ 40%] Built target moveit_warehouse
[1.780s] [ 50%] Built target moveit_warehouse_broadcast
[2.103s] [ 60%] Built target moveit_warehouse_save_as_text
[2.329s] [ 70%] Built target moveit_init_demo_warehouse
[2.761s] [ 80%] Built target moveit_warehouse_services
[3.049s] [ 90%] Built target moveit_warehouse_import_from_text
[3.353s] [100%] Built target moveit_save_to_warehouse
[3.373s] Invoked command in '/home/kush/UR5_Project_New/build/moveit_ros_warehouse' returned '0': AMENT_PREFIX_PATH=/home/kush/UR5_Project_New/install/moveit_ros_planning:/home/kush/UR5_Project_New/install/moveit_ros_occupancy_map_monitor:/home/kush/UR5_Project_New/install/moveit_core:/home/kush/UR5_Project_New/install/srdfdom:/home/kush/UR5_Project_New/install/moveit_common:${AMENT_PREFIX_PATH} CMAKE_PREFIX_PATH=/home/kush/UR5_Project_New/install/moveit_ros_planning:/home/kush/UR5_Project_New/install/moveit_ros_occupancy_map_monitor:/home/kush/UR5_Project_New/install/moveit_core:/home/kush/UR5_Project_New/install/srdfdom:/home/kush/UR5_Project_New/install/moveit_common:/opt/ros/humble LD_LIBRARY_PATH=/home/kush/UR5_Project_New/install/moveit_ros_planning/lib:/home/kush/UR5_Project_New/install/moveit_ros_occupancy_map_monitor/lib:/home/kush/UR5_Project_New/install/moveit_core/lib:/home/kush/UR5_Project_New/install/srdfdom/lib:${LD_LIBRARY_PATH} PATH=/home/kush/UR5_Project_New/install/moveit_core/bin:${PATH} PYTHONPATH=/home/kush/UR5_Project_New/install/srdfdom/local/lib/python3.10/dist-packages:${PYTHONPATH} /usr/bin/cmake --build /home/kush/UR5_Project_New/build/moveit_ros_warehouse -- -j4 -l4
[3.504s] Invoking command in '/home/kush/UR5_Project_New/build/moveit_ros_warehouse': AMENT_PREFIX_PATH=/home/kush/UR5_Project_New/install/moveit_ros_planning:/home/kush/UR5_Project_New/install/moveit_ros_occupancy_map_monitor:/home/kush/UR5_Project_New/install/moveit_core:/home/kush/UR5_Project_New/install/srdfdom:/home/kush/UR5_Project_New/install/moveit_common:${AMENT_PREFIX_PATH} CMAKE_PREFIX_PATH=/home/kush/UR5_Project_New/install/moveit_ros_planning:/home/kush/UR5_Project_New/install/moveit_ros_occupancy_map_monitor:/home/kush/UR5_Project_New/install/moveit_core:/home/kush/UR5_Project_New/install/srdfdom:/home/kush/UR5_Project_New/install/moveit_common:/opt/ros/humble LD_LIBRARY_PATH=/home/kush/UR5_Project_New/install/moveit_ros_planning/lib:/home/kush/UR5_Project_New/install/moveit_ros_occupancy_map_monitor/lib:/home/kush/UR5_Project_New/install/moveit_core/lib:/home/kush/UR5_Project_New/install/srdfdom/lib:${LD_LIBRARY_PATH} PATH=/home/kush/UR5_Project_New/install/moveit_core/bin:${PATH} PYTHONPATH=/home/kush/UR5_Project_New/install/srdfdom/local/lib/python3.10/dist-packages:${PYTHONPATH} /usr/bin/cmake --install /home/kush/UR5_Project_New/build/moveit_ros_warehouse
[3.521s] -- Install configuration: "Release"
[3.557s] -- Up-to-date: /home/kush/UR5_Project_New/install/moveit_ros_warehouse/lib/moveit_ros_warehouse/moveit_save_to_warehouse
[3.651s] -- Up-to-date: /home/kush/UR5_Project_New/install/moveit_ros_warehouse/lib/moveit_ros_warehouse/moveit_warehouse_broadcast
[3.728s] -- Up-to-date: /home/kush/UR5_Project_New/install/moveit_ros_warehouse/lib/moveit_ros_warehouse/moveit_warehouse_import_from_text
[3.776s] -- Up-to-date: /home/kush/UR5_Project_New/install/moveit_ros_warehouse/lib/moveit_ros_warehouse/moveit_warehouse_save_as_text
[3.874s] -- Up-to-date: /home/kush/UR5_Project_New/install/moveit_ros_warehouse/lib/moveit_ros_warehouse/moveit_init_demo_warehouse
[3.944s] -- Up-to-date: /home/kush/UR5_Project_New/install/moveit_ros_warehouse/lib/moveit_ros_warehouse/moveit_warehouse_services
[3.944s] -- Up-to-date: /home/kush/UR5_Project_New/install/moveit_ros_warehouse/include
[3.945s] -- Up-to-date: /home/kush/UR5_Project_New/install/moveit_ros_warehouse/include/moveit
[3.945s] -- Up-to-date: /home/kush/UR5_Project_New/install/moveit_ros_warehouse/include/moveit/warehouse
[3.945s] -- Up-to-date: /home/kush/UR5_Project_New/install/moveit_ros_warehouse/include/moveit/warehouse/planning_scene_world_storage.h
[3.945s] -- Up-to-date: /home/kush/UR5_Project_New/install/moveit_ros_warehouse/include/moveit/warehouse/constraints_storage.h
[3.946s] -- Up-to-date: /home/kush/UR5_Project_New/install/moveit_ros_warehouse/include/moveit/warehouse/planning_scene_storage.h
[3.946s] -- Up-to-date: /home/kush/UR5_Project_New/install/moveit_ros_warehouse/include/moveit/warehouse/trajectory_constraints_storage.h
[3.946s] -- Up-to-date: /home/kush/UR5_Project_New/install/moveit_ros_warehouse/include/moveit/warehouse/state_storage.h
[3.946s] -- Up-to-date: /home/kush/UR5_Project_New/install/moveit_ros_warehouse/include/moveit/warehouse/moveit_message_storage.h
[3.946s] -- Up-to-date: /home/kush/UR5_Project_New/install/moveit_ros_warehouse/include/moveit/warehouse/warehouse_connector.h
[3.947s] -- Up-to-date: /home/kush/UR5_Project_New/install/moveit_ros_warehouse/include/moveit_warehouse_export.h
[4.053s] -- Up-to-date: /home/kush/UR5_Project_New/install/moveit_ros_warehouse/lib/libmoveit_warehouse.so.2.5.4
[4.053s] -- Up-to-date: /home/kush/UR5_Project_New/install/moveit_ros_warehouse/lib/libmoveit_warehouse.so
[4.053s] -- Up-to-date: /home/kush/UR5_Project_New/install/moveit_ros_warehouse/share/moveit_ros_warehouse/environment/library_path.sh
[4.054s] -- Up-to-date: /home/kush/UR5_Project_New/install/moveit_ros_warehouse/share/moveit_ros_warehouse/environment/library_path.dsv
[4.054s] -- Up-to-date: /home/kush/UR5_Project_New/install/moveit_ros_warehouse/share/ament_index/resource_index/package_run_dependencies/moveit_ros_warehouse
[4.054s] -- Up-to-date: /home/kush/UR5_Project_New/install/moveit_ros_warehouse/share/ament_index/resource_index/parent_prefix_path/moveit_ros_warehouse
[4.054s] -- Up-to-date: /home/kush/UR5_Project_New/install/moveit_ros_warehouse/share/moveit_ros_warehouse/environment/ament_prefix_path.sh
[4.055s] -- Up-to-date: /home/kush/UR5_Project_New/install/moveit_ros_warehouse/share/moveit_ros_warehouse/environment/ament_prefix_path.dsv
[4.055s] -- Up-to-date: /home/kush/UR5_Project_New/install/moveit_ros_warehouse/share/moveit_ros_warehouse/environment/path.sh
[4.055s] -- Up-to-date: /home/kush/UR5_Project_New/install/moveit_ros_warehouse/share/moveit_ros_warehouse/environment/path.dsv
[4.055s] -- Up-to-date: /home/kush/UR5_Project_New/install/moveit_ros_warehouse/share/moveit_ros_warehouse/local_setup.bash
[4.055s] -- Up-to-date: /home/kush/UR5_Project_New/install/moveit_ros_warehouse/share/moveit_ros_warehouse/local_setup.sh
[4.055s] -- Up-to-date: /home/kush/UR5_Project_New/install/moveit_ros_warehouse/share/moveit_ros_warehouse/local_setup.zsh
[4.056s] -- Up-to-date: /home/kush/UR5_Project_New/install/moveit_ros_warehouse/share/moveit_ros_warehouse/local_setup.dsv
[4.056s] -- Installing: /home/kush/UR5_Project_New/install/moveit_ros_warehouse/share/moveit_ros_warehouse/package.dsv
[4.078s] -- Up-to-date: /home/kush/UR5_Project_New/install/moveit_ros_warehouse/share/ament_index/resource_index/packages/moveit_ros_warehouse
[4.105s] -- Up-to-date: /home/kush/UR5_Project_New/install/moveit_ros_warehouse/share/moveit_ros_warehouse/cmake/export_moveit_ros_warehouseExport.cmake
[4.105s] -- Up-to-date: /home/kush/UR5_Project_New/install/moveit_ros_warehouse/share/moveit_ros_warehouse/cmake/export_moveit_ros_warehouseExport-release.cmake
[4.106s] -- Up-to-date: /home/kush/UR5_Project_New/install/moveit_ros_warehouse/share/moveit_ros_warehouse/cmake/ConfigExtras.cmake
[4.106s] -- Up-to-date: /home/kush/UR5_Project_New/install/moveit_ros_warehouse/share/moveit_ros_warehouse/cmake/ament_cmake_export_targets-extras.cmake
[4.112s] -- Up-to-date: /home/kush/UR5_Project_New/install/moveit_ros_warehouse/share/moveit_ros_warehouse/cmake/ament_cmake_export_dependencies-extras.cmake
[4.112s] -- Up-to-date: /home/kush/UR5_Project_New/install/moveit_ros_warehouse/share/moveit_ros_warehouse/cmake/moveit_ros_warehouseConfig.cmake
[4.112s] -- Up-to-date: /home/kush/UR5_Project_New/install/moveit_ros_warehouse/share/moveit_ros_warehouse/cmake/moveit_ros_warehouseConfig-version.cmake
[4.113s] -- Up-to-date: /home/kush/UR5_Project_New/install/moveit_ros_warehouse/share/moveit_ros_warehouse/package.xml
[4.113s] Invoked command in '/home/kush/UR5_Project_New/build/moveit_ros_warehouse' returned '0': AMENT_PREFIX_PATH=/home/kush/UR5_Project_New/install/moveit_ros_planning:/home/kush/UR5_Project_New/install/moveit_ros_occupancy_map_monitor:/home/kush/UR5_Project_New/install/moveit_core:/home/kush/UR5_Project_New/install/srdfdom:/home/kush/UR5_Project_New/install/moveit_common:${AMENT_PREFIX_PATH} CMAKE_PREFIX_PATH=/home/kush/UR5_Project_New/install/moveit_ros_planning:/home/kush/UR5_Project_New/install/moveit_ros_occupancy_map_monitor:/home/kush/UR5_Project_New/install/moveit_core:/home/kush/UR5_Project_New/install/srdfdom:/home/kush/UR5_Project_New/install/moveit_common:/opt/ros/humble LD_LIBRARY_PATH=/home/kush/UR5_Project_New/install/moveit_ros_planning/lib:/home/kush/UR5_Project_New/install/moveit_ros_occupancy_map_monitor/lib:/home/kush/UR5_Project_New/install/moveit_core/lib:/home/kush/UR5_Project_New/install/srdfdom/lib:${LD_LIBRARY_PATH} PATH=/home/kush/UR5_Project_New/install/moveit_core/bin:${PATH} PYTHONPATH=/home/kush/UR5_Project_New/install/srdfdom/local/lib/python3.10/dist-packages:${PYTHONPATH} /usr/bin/cmake --install /home/kush/UR5_Project_New/build/moveit_ros_warehouse
