[1.983s] Invoking command in '/home/kush/UR5_Project_New/src/launch_param_builder': PYTHONPATH=/home/kush/UR5_Project_New/build/launch_param_builder/prefix_override:/home/kush/UR5_Project_New/install/launch_param_builder/lib/python3.10/site-packages:${PYTHONPATH} /usr/bin/python3 setup.py egg_info --egg-base ../../build/launch_param_builder build --build-base /home/kush/UR5_Project_New/build/launch_param_builder/build install --record /home/kush/UR5_Project_New/build/launch_param_builder/install.log --single-version-externally-managed
[2.959s] running egg_info
[2.959s] writing ../../build/launch_param_builder/launch_param_builder.egg-info/PKG-INFO
[2.960s] writing dependency_links to ../../build/launch_param_builder/launch_param_builder.egg-info/dependency_links.txt
[2.960s] writing entry points to ../../build/launch_param_builder/launch_param_builder.egg-info/entry_points.txt
[2.960s] writing requirements to ../../build/launch_param_builder/launch_param_builder.egg-info/requires.txt
[2.960s] writing top-level names to ../../build/launch_param_builder/launch_param_builder.egg-info/top_level.txt
[2.969s] reading manifest file '../../build/launch_param_builder/launch_param_builder.egg-info/SOURCES.txt'
[2.970s] adding license file 'LICENSE'
[2.970s] writing manifest file '../../build/launch_param_builder/launch_param_builder.egg-info/SOURCES.txt'
[2.970s] running build
[2.970s] running build_py
[2.970s] running install
[2.971s] /usr/lib/python3/dist-packages/setuptools/command/install.py:34: SetuptoolsDeprecationWarning: setup.py install is deprecated. Use build and pip and other standards-based tools.
[2.971s]   warnings.warn(
[2.971s] running install_lib
[2.975s] running install_data
[2.976s] running install_egg_info
[2.988s] removing '/home/kush/UR5_Project_New/install/launch_param_builder/lib/python3.10/site-packages/launch_param_builder-0.1.1-py3.10.egg-info' (and everything under it)
[2.988s] Copying ../../build/launch_param_builder/launch_param_builder.egg-info to /home/kush/UR5_Project_New/install/launch_param_builder/lib/python3.10/site-packages/launch_param_builder-0.1.1-py3.10.egg-info
[2.988s] running install_scripts
[3.054s] writing list of installed files to '/home/kush/UR5_Project_New/build/launch_param_builder/install.log'
[3.188s] Invoked command in '/home/kush/UR5_Project_New/src/launch_param_builder' returned '0': PYTHONPATH=/home/kush/UR5_Project_New/build/launch_param_builder/prefix_override:/home/kush/UR5_Project_New/install/launch_param_builder/lib/python3.10/site-packages:${PYTHONPATH} /usr/bin/python3 setup.py egg_info --egg-base ../../build/launch_param_builder build --build-base /home/kush/UR5_Project_New/build/launch_param_builder/build install --record /home/kush/UR5_Project_New/build/launch_param_builder/install.log --single-version-externally-managed
