[0.276s] Invoking command in '/home/kush/UR5_Project_New/build/moveit_ros_move_group': AMENT_PREFIX_PATH=/home/kush/UR5_Project_New/install/moveit_kinematics:/home/kush/UR5_Project_New/install/moveit_ros_planning:/home/kush/UR5_Project_New/install/moveit_ros_occupancy_map_monitor:/home/kush/UR5_Project_New/install/moveit_core:/home/kush/UR5_Project_New/install/moveit_resources_fanuc_moveit_config:/home/kush/UR5_Project_New/install/srdfdom:/home/kush/UR5_Project_New/install/moveit_resources_fanuc_description:/home/kush/UR5_Project_New/install/moveit_common:${AMENT_PREFIX_PATH} CMAKE_PREFIX_PATH=/home/kush/UR5_Project_New/install/moveit_kinematics:/home/kush/UR5_Project_New/install/moveit_ros_planning:/home/kush/UR5_Project_New/install/moveit_ros_occupancy_map_monitor:/home/kush/UR5_Project_New/install/moveit_core:/home/kush/UR5_Project_New/install/moveit_resources_fanuc_moveit_config:/home/kush/UR5_Project_New/install/srdfdom:/home/kush/UR5_Project_New/install/moveit_resources_fanuc_description:/home/kush/UR5_Project_New/install/moveit_common:/opt/ros/humble LD_LIBRARY_PATH=/home/kush/UR5_Project_New/install/moveit_kinematics/lib:/home/kush/UR5_Project_New/install/moveit_ros_planning/lib:/home/kush/UR5_Project_New/install/moveit_ros_occupancy_map_monitor/lib:/home/kush/UR5_Project_New/install/moveit_core/lib:/home/kush/UR5_Project_New/install/srdfdom/lib:${LD_LIBRARY_PATH} PATH=/home/kush/UR5_Project_New/install/moveit_core/bin:${PATH} PYTHONPATH=/home/kush/UR5_Project_New/install/srdfdom/local/lib/python3.10/dist-packages:${PYTHONPATH} /usr/bin/cmake --build /home/kush/UR5_Project_New/build/moveit_ros_move_group -- -j4 -l4
[0.811s] [ 15%] Built target moveit_move_group_capabilities_base
[1.094s] [ 26%] Built target list_move_group_capabilities
[1.315s] [ 36%] Built target move_group
[2.709s] [100%] Built target moveit_move_group_default_capabilities
[2.760s] Invoked command in '/home/kush/UR5_Project_New/build/moveit_ros_move_group' returned '0': AMENT_PREFIX_PATH=/home/kush/UR5_Project_New/install/moveit_kinematics:/home/kush/UR5_Project_New/install/moveit_ros_planning:/home/kush/UR5_Project_New/install/moveit_ros_occupancy_map_monitor:/home/kush/UR5_Project_New/install/moveit_core:/home/kush/UR5_Project_New/install/moveit_resources_fanuc_moveit_config:/home/kush/UR5_Project_New/install/srdfdom:/home/kush/UR5_Project_New/install/moveit_resources_fanuc_description:/home/kush/UR5_Project_New/install/moveit_common:${AMENT_PREFIX_PATH} CMAKE_PREFIX_PATH=/home/kush/UR5_Project_New/install/moveit_kinematics:/home/kush/UR5_Project_New/install/moveit_ros_planning:/home/kush/UR5_Project_New/install/moveit_ros_occupancy_map_monitor:/home/kush/UR5_Project_New/install/moveit_core:/home/kush/UR5_Project_New/install/moveit_resources_fanuc_moveit_config:/home/kush/UR5_Project_New/install/srdfdom:/home/kush/UR5_Project_New/install/moveit_resources_fanuc_description:/home/kush/UR5_Project_New/install/moveit_common:/opt/ros/humble LD_LIBRARY_PATH=/home/kush/UR5_Project_New/install/moveit_kinematics/lib:/home/kush/UR5_Project_New/install/moveit_ros_planning/lib:/home/kush/UR5_Project_New/install/moveit_ros_occupancy_map_monitor/lib:/home/kush/UR5_Project_New/install/moveit_core/lib:/home/kush/UR5_Project_New/install/srdfdom/lib:${LD_LIBRARY_PATH} PATH=/home/kush/UR5_Project_New/install/moveit_core/bin:${PATH} PYTHONPATH=/home/kush/UR5_Project_New/install/srdfdom/local/lib/python3.10/dist-packages:${PYTHONPATH} /usr/bin/cmake --build /home/kush/UR5_Project_New/build/moveit_ros_move_group -- -j4 -l4
[2.850s] Invoking command in '/home/kush/UR5_Project_New/build/moveit_ros_move_group': AMENT_PREFIX_PATH=/home/kush/UR5_Project_New/install/moveit_kinematics:/home/kush/UR5_Project_New/install/moveit_ros_planning:/home/kush/UR5_Project_New/install/moveit_ros_occupancy_map_monitor:/home/kush/UR5_Project_New/install/moveit_core:/home/kush/UR5_Project_New/install/moveit_resources_fanuc_moveit_config:/home/kush/UR5_Project_New/install/srdfdom:/home/kush/UR5_Project_New/install/moveit_resources_fanuc_description:/home/kush/UR5_Project_New/install/moveit_common:${AMENT_PREFIX_PATH} CMAKE_PREFIX_PATH=/home/kush/UR5_Project_New/install/moveit_kinematics:/home/kush/UR5_Project_New/install/moveit_ros_planning:/home/kush/UR5_Project_New/install/moveit_ros_occupancy_map_monitor:/home/kush/UR5_Project_New/install/moveit_core:/home/kush/UR5_Project_New/install/moveit_resources_fanuc_moveit_config:/home/kush/UR5_Project_New/install/srdfdom:/home/kush/UR5_Project_New/install/moveit_resources_fanuc_description:/home/kush/UR5_Project_New/install/moveit_common:/opt/ros/humble LD_LIBRARY_PATH=/home/kush/UR5_Project_New/install/moveit_kinematics/lib:/home/kush/UR5_Project_New/install/moveit_ros_planning/lib:/home/kush/UR5_Project_New/install/moveit_ros_occupancy_map_monitor/lib:/home/kush/UR5_Project_New/install/moveit_core/lib:/home/kush/UR5_Project_New/install/srdfdom/lib:${LD_LIBRARY_PATH} PATH=/home/kush/UR5_Project_New/install/moveit_core/bin:${PATH} PYTHONPATH=/home/kush/UR5_Project_New/install/srdfdom/local/lib/python3.10/dist-packages:${PYTHONPATH} /usr/bin/cmake --install /home/kush/UR5_Project_New/build/moveit_ros_move_group
[2.913s] -- Install configuration: "Release"
[3.006s] -- Up-to-date: /home/kush/UR5_Project_New/install/moveit_ros_move_group/lib/moveit_ros_move_group/move_group
[3.078s] -- Up-to-date: /home/kush/UR5_Project_New/install/moveit_ros_move_group/lib/moveit_ros_move_group/list_move_group_capabilities
[3.189s] -- Up-to-date: /home/kush/UR5_Project_New/install/moveit_ros_move_group/lib/libmoveit_move_group_default_capabilities.so.2.5.4
[3.190s] -- Up-to-date: /home/kush/UR5_Project_New/install/moveit_ros_move_group/lib/libmoveit_move_group_default_capabilities.so
[3.219s] -- Up-to-date: /home/kush/UR5_Project_New/install/moveit_ros_move_group/lib/libmoveit_move_group_capabilities_base.so.2.5.4
[3.219s] -- Up-to-date: /home/kush/UR5_Project_New/install/moveit_ros_move_group/lib/libmoveit_move_group_capabilities_base.so
[3.219s] -- Up-to-date: /home/kush/UR5_Project_New/install/moveit_ros_move_group/include
[3.219s] -- Up-to-date: /home/kush/UR5_Project_New/install/moveit_ros_move_group/include/moveit
[3.220s] -- Up-to-date: /home/kush/UR5_Project_New/install/moveit_ros_move_group/include/moveit/move_group
[3.220s] -- Up-to-date: /home/kush/UR5_Project_New/install/moveit_ros_move_group/include/moveit/move_group/move_group_context.h
[3.220s] -- Up-to-date: /home/kush/UR5_Project_New/install/moveit_ros_move_group/include/moveit/move_group/node_name.h
[3.221s] -- Up-to-date: /home/kush/UR5_Project_New/install/moveit_ros_move_group/include/moveit/move_group/capability_names.h
[3.221s] -- Up-to-date: /home/kush/UR5_Project_New/install/moveit_ros_move_group/include/moveit/move_group/move_group_capability.h
[3.221s] -- Up-to-date: /home/kush/UR5_Project_New/install/moveit_ros_move_group/share/moveit_ros_move_group/environment/library_path.sh
[3.221s] -- Up-to-date: /home/kush/UR5_Project_New/install/moveit_ros_move_group/share/moveit_ros_move_group/environment/library_path.dsv
[3.221s] -- Up-to-date: /home/kush/UR5_Project_New/install/moveit_ros_move_group/lib/moveit_ros_move_group/load_map
[3.221s] -- Up-to-date: /home/kush/UR5_Project_New/install/moveit_ros_move_group/lib/moveit_ros_move_group/save_map
[3.222s] -- Up-to-date: /home/kush/UR5_Project_New/install/moveit_ros_move_group/share/moveit_ros_move_group/default_capabilities_plugin_description.xml
[3.222s] -- Up-to-date: /home/kush/UR5_Project_New/install/moveit_ros_move_group/share/ament_index/resource_index/package_run_dependencies/moveit_ros_move_group
[3.222s] -- Up-to-date: /home/kush/UR5_Project_New/install/moveit_ros_move_group/share/ament_index/resource_index/parent_prefix_path/moveit_ros_move_group
[3.222s] -- Up-to-date: /home/kush/UR5_Project_New/install/moveit_ros_move_group/share/moveit_ros_move_group/environment/ament_prefix_path.sh
[3.222s] -- Up-to-date: /home/kush/UR5_Project_New/install/moveit_ros_move_group/share/moveit_ros_move_group/environment/ament_prefix_path.dsv
[3.222s] -- Up-to-date: /home/kush/UR5_Project_New/install/moveit_ros_move_group/share/moveit_ros_move_group/environment/path.sh
[3.222s] -- Up-to-date: /home/kush/UR5_Project_New/install/moveit_ros_move_group/share/moveit_ros_move_group/environment/path.dsv
[3.223s] -- Up-to-date: /home/kush/UR5_Project_New/install/moveit_ros_move_group/share/moveit_ros_move_group/local_setup.bash
[3.223s] -- Up-to-date: /home/kush/UR5_Project_New/install/moveit_ros_move_group/share/moveit_ros_move_group/local_setup.sh
[3.223s] -- Up-to-date: /home/kush/UR5_Project_New/install/moveit_ros_move_group/share/moveit_ros_move_group/local_setup.zsh
[3.223s] -- Up-to-date: /home/kush/UR5_Project_New/install/moveit_ros_move_group/share/moveit_ros_move_group/local_setup.dsv
[3.223s] -- Installing: /home/kush/UR5_Project_New/install/moveit_ros_move_group/share/moveit_ros_move_group/package.dsv
[3.235s] -- Up-to-date: /home/kush/UR5_Project_New/install/moveit_ros_move_group/share/ament_index/resource_index/packages/moveit_ros_move_group
[3.235s] -- Up-to-date: /home/kush/UR5_Project_New/install/moveit_ros_move_group/share/ament_index/resource_index/moveit_ros_move_group__pluginlib__plugin/moveit_ros_move_group
[3.286s] -- Up-to-date: /home/kush/UR5_Project_New/install/moveit_ros_move_group/share/moveit_ros_move_group/cmake/export_moveit_ros_move_groupExport.cmake
[3.286s] -- Up-to-date: /home/kush/UR5_Project_New/install/moveit_ros_move_group/share/moveit_ros_move_group/cmake/export_moveit_ros_move_groupExport-release.cmake
[3.287s] -- Up-to-date: /home/kush/UR5_Project_New/install/moveit_ros_move_group/share/moveit_ros_move_group/cmake/ConfigExtras.cmake
[3.287s] -- Up-to-date: /home/kush/UR5_Project_New/install/moveit_ros_move_group/share/moveit_ros_move_group/cmake/ament_cmake_export_targets-extras.cmake
[3.287s] -- Up-to-date: /home/kush/UR5_Project_New/install/moveit_ros_move_group/share/moveit_ros_move_group/cmake/ament_cmake_export_dependencies-extras.cmake
[3.287s] -- Up-to-date: /home/kush/UR5_Project_New/install/moveit_ros_move_group/share/moveit_ros_move_group/cmake/moveit_ros_move_groupConfig.cmake
[3.287s] -- Up-to-date: /home/kush/UR5_Project_New/install/moveit_ros_move_group/share/moveit_ros_move_group/cmake/moveit_ros_move_groupConfig-version.cmake
[3.287s] -- Up-to-date: /home/kush/UR5_Project_New/install/moveit_ros_move_group/share/moveit_ros_move_group/package.xml
[3.294s] Invoked command in '/home/kush/UR5_Project_New/build/moveit_ros_move_group' returned '0': AMENT_PREFIX_PATH=/home/kush/UR5_Project_New/install/moveit_kinematics:/home/kush/UR5_Project_New/install/moveit_ros_planning:/home/kush/UR5_Project_New/install/moveit_ros_occupancy_map_monitor:/home/kush/UR5_Project_New/install/moveit_core:/home/kush/UR5_Project_New/install/moveit_resources_fanuc_moveit_config:/home/kush/UR5_Project_New/install/srdfdom:/home/kush/UR5_Project_New/install/moveit_resources_fanuc_description:/home/kush/UR5_Project_New/install/moveit_common:${AMENT_PREFIX_PATH} CMAKE_PREFIX_PATH=/home/kush/UR5_Project_New/install/moveit_kinematics:/home/kush/UR5_Project_New/install/moveit_ros_planning:/home/kush/UR5_Project_New/install/moveit_ros_occupancy_map_monitor:/home/kush/UR5_Project_New/install/moveit_core:/home/kush/UR5_Project_New/install/moveit_resources_fanuc_moveit_config:/home/kush/UR5_Project_New/install/srdfdom:/home/kush/UR5_Project_New/install/moveit_resources_fanuc_description:/home/kush/UR5_Project_New/install/moveit_common:/opt/ros/humble LD_LIBRARY_PATH=/home/kush/UR5_Project_New/install/moveit_kinematics/lib:/home/kush/UR5_Project_New/install/moveit_ros_planning/lib:/home/kush/UR5_Project_New/install/moveit_ros_occupancy_map_monitor/lib:/home/kush/UR5_Project_New/install/moveit_core/lib:/home/kush/UR5_Project_New/install/srdfdom/lib:${LD_LIBRARY_PATH} PATH=/home/kush/UR5_Project_New/install/moveit_core/bin:${PATH} PYTHONPATH=/home/kush/UR5_Project_New/install/srdfdom/local/lib/python3.10/dist-packages:${PYTHONPATH} /usr/bin/cmake --install /home/kush/UR5_Project_New/build/moveit_ros_move_group
