[0.182s] Invoking command in '/home/kush/UR5_Project_New/build/srdfdom': CMAKE_PREFIX_PATH=/opt/ros/humble /usr/bin/cmake --build /home/kush/UR5_Project_New/build/srdfdom -- -j4 -l4
[2.954s] [ 27%] Built target srdfdom
[3.280s] [ 45%] Built target gtest_main
[3.510s] [ 63%] Built target gtest
[3.681s] [ 63%] Built target ament_cmake_python_copy_srdfdom
[4.146s] [ 81%] Built target test_cpp_nl_NL.UTF-8
[4.610s] running egg_info
[4.612s] writing srdfdom.egg-info/PKG-INFO
[4.612s] writing dependency_links to srdfdom.egg-info/dependency_links.txt
[4.613s] writing top-level names to srdfdom.egg-info/top_level.txt
[4.642s] reading manifest file 'srdfdom.egg-info/SOURCES.txt'
[4.650s] writing manifest file 'srdfdom.egg-info/SOURCES.txt'
[4.695s] [ 81%] Built target ament_cmake_python_build_srdfdom_egg
[4.797s] [100%] Built target test_cpp_C
[4.815s] Invoked command in '/home/kush/UR5_Project_New/build/srdfdom' returned '0': CMAKE_PREFIX_PATH=/opt/ros/humble /usr/bin/cmake --build /home/kush/UR5_Project_New/build/srdfdom -- -j4 -l4
[4.862s] Invoking command in '/home/kush/UR5_Project_New/build/srdfdom': CMAKE_PREFIX_PATH=/opt/ros/humble /usr/bin/cmake --install /home/kush/UR5_Project_New/build/srdfdom
[4.901s] -- Install configuration: "Release"
[4.990s] -- Up-to-date: /home/kush/UR5_Project_New/install/srdfdom/lib/libsrdfdom.so.2.0.4
[4.990s] -- Up-to-date: /home/kush/UR5_Project_New/install/srdfdom/lib/libsrdfdom.so
[4.991s] -- Up-to-date: /home/kush/UR5_Project_New/install/srdfdom/include/srdfdom
[4.991s] -- Up-to-date: /home/kush/UR5_Project_New/install/srdfdom/include/srdfdom/visibility_control.h
[4.991s] -- Up-to-date: /home/kush/UR5_Project_New/install/srdfdom/include/srdfdom/model.h
[4.991s] -- Up-to-date: /home/kush/UR5_Project_New/install/srdfdom/include/srdfdom/srdf_writer.h
[4.991s] -- Up-to-date: /home/kush/UR5_Project_New/install/srdfdom/lib/srdfdom/display_srdf
[4.991s] -- Up-to-date: /home/kush/UR5_Project_New/install/srdfdom/share/srdfdom/environment/pythonpath.sh
[4.991s] -- Up-to-date: /home/kush/UR5_Project_New/install/srdfdom/share/srdfdom/environment/pythonpath.dsv
[4.992s] -- Up-to-date: /home/kush/UR5_Project_New/install/srdfdom/local/lib/python3.10/dist-packages/srdfdom-2.0.4-py3.10.egg-info
[4.992s] -- Installing: /home/kush/UR5_Project_New/install/srdfdom/local/lib/python3.10/dist-packages/srdfdom-2.0.4-py3.10.egg-info/SOURCES.txt
[4.992s] -- Installing: /home/kush/UR5_Project_New/install/srdfdom/local/lib/python3.10/dist-packages/srdfdom-2.0.4-py3.10.egg-info/dependency_links.txt
[4.992s] -- Installing: /home/kush/UR5_Project_New/install/srdfdom/local/lib/python3.10/dist-packages/srdfdom-2.0.4-py3.10.egg-info/PKG-INFO
[4.992s] -- Installing: /home/kush/UR5_Project_New/install/srdfdom/local/lib/python3.10/dist-packages/srdfdom-2.0.4-py3.10.egg-info/top_level.txt
[4.992s] -- Up-to-date: /home/kush/UR5_Project_New/install/srdfdom/local/lib/python3.10/dist-packages/srdfdom
[4.992s] -- Up-to-date: /home/kush/UR5_Project_New/install/srdfdom/local/lib/python3.10/dist-packages/srdfdom/__init__.py
[4.992s] -- Up-to-date: /home/kush/UR5_Project_New/install/srdfdom/local/lib/python3.10/dist-packages/srdfdom/srdf.py
[5.117s] Listing '/home/kush/UR5_Project_New/install/srdfdom/local/lib/python3.10/dist-packages/srdfdom'...
[5.124s] -- Up-to-date: /home/kush/UR5_Project_New/install/srdfdom/share/srdfdom/environment/library_path.sh
[5.124s] -- Up-to-date: /home/kush/UR5_Project_New/install/srdfdom/share/srdfdom/environment/library_path.dsv
[5.124s] -- Up-to-date: /home/kush/UR5_Project_New/install/srdfdom/share/ament_index/resource_index/package_run_dependencies/srdfdom
[5.125s] -- Up-to-date: /home/kush/UR5_Project_New/install/srdfdom/share/ament_index/resource_index/parent_prefix_path/srdfdom
[5.125s] -- Up-to-date: /home/kush/UR5_Project_New/install/srdfdom/share/srdfdom/environment/ament_prefix_path.sh
[5.125s] -- Up-to-date: /home/kush/UR5_Project_New/install/srdfdom/share/srdfdom/environment/ament_prefix_path.dsv
[5.125s] -- Up-to-date: /home/kush/UR5_Project_New/install/srdfdom/share/srdfdom/environment/path.sh
[5.125s] -- Up-to-date: /home/kush/UR5_Project_New/install/srdfdom/share/srdfdom/environment/path.dsv
[5.125s] -- Up-to-date: /home/kush/UR5_Project_New/install/srdfdom/share/srdfdom/local_setup.bash
[5.125s] -- Up-to-date: /home/kush/UR5_Project_New/install/srdfdom/share/srdfdom/local_setup.sh
[5.125s] -- Up-to-date: /home/kush/UR5_Project_New/install/srdfdom/share/srdfdom/local_setup.zsh
[5.125s] -- Up-to-date: /home/kush/UR5_Project_New/install/srdfdom/share/srdfdom/local_setup.dsv
[5.125s] -- Installing: /home/kush/UR5_Project_New/install/srdfdom/share/srdfdom/package.dsv
[5.139s] -- Up-to-date: /home/kush/UR5_Project_New/install/srdfdom/share/ament_index/resource_index/packages/srdfdom
[5.215s] -- Up-to-date: /home/kush/UR5_Project_New/install/srdfdom/share/srdfdom/cmake/srdfdomTargetsExport.cmake
[5.215s] -- Up-to-date: /home/kush/UR5_Project_New/install/srdfdom/share/srdfdom/cmake/srdfdomTargetsExport-release.cmake
[5.216s] -- Up-to-date: /home/kush/UR5_Project_New/install/srdfdom/share/srdfdom/cmake/ament_cmake_export_targets-extras.cmake
[5.216s] -- Up-to-date: /home/kush/UR5_Project_New/install/srdfdom/share/srdfdom/cmake/ament_cmake_export_dependencies-extras.cmake
[5.216s] -- Up-to-date: /home/kush/UR5_Project_New/install/srdfdom/share/srdfdom/cmake/srdfdomConfig.cmake
[5.217s] -- Up-to-date: /home/kush/UR5_Project_New/install/srdfdom/share/srdfdom/cmake/srdfdomConfig-version.cmake
[5.217s] -- Up-to-date: /home/kush/UR5_Project_New/install/srdfdom/share/srdfdom/package.xml
[5.251s] Invoked command in '/home/kush/UR5_Project_New/build/srdfdom' returned '0': CMAKE_PREFIX_PATH=/opt/ros/humble /usr/bin/cmake --install /home/kush/UR5_Project_New/build/srdfdom
