[0.030s] Invoking command in '/home/kush/UR5_Project_New/build/moveit_resources_fanuc_description': CMAKE_PREFIX_PATH=/opt/ros/humble /usr/bin/cmake --build /home/kush/UR5_Project_New/build/moveit_resources_fanuc_description -- -j4 -l4
[0.203s] Invoked command in '/home/kush/UR5_Project_New/build/moveit_resources_fanuc_description' returned '0': CMAKE_PREFIX_PATH=/opt/ros/humble /usr/bin/cmake --build /home/kush/UR5_Project_New/build/moveit_resources_fanuc_description -- -j4 -l4
[0.258s] Invoking command in '/home/kush/UR5_Project_New/build/moveit_resources_fanuc_description': CMAKE_PREFIX_PATH=/opt/ros/humble /usr/bin/cmake --install /home/kush/UR5_Project_New/build/moveit_resources_fanuc_description
[0.278s] -- Install configuration: "Release"
[0.280s] -- Up-to-date: /home/kush/UR5_Project_New/install/moveit_resources_fanuc_description/share/ament_index/resource_index/package_run_dependencies/moveit_resources_fanuc_description
[0.280s] -- Up-to-date: /home/kush/UR5_Project_New/install/moveit_resources_fanuc_description/share/ament_index/resource_index/parent_prefix_path/moveit_resources_fanuc_description
[0.281s] -- Up-to-date: /home/kush/UR5_Project_New/install/moveit_resources_fanuc_description/share/moveit_resources_fanuc_description/environment/ament_prefix_path.sh
[0.282s] -- Up-to-date: /home/kush/UR5_Project_New/install/moveit_resources_fanuc_description/share/moveit_resources_fanuc_description/environment/ament_prefix_path.dsv
[0.284s] -- Up-to-date: /home/kush/UR5_Project_New/install/moveit_resources_fanuc_description/share/moveit_resources_fanuc_description/environment/path.sh
[0.284s] -- Up-to-date: /home/kush/UR5_Project_New/install/moveit_resources_fanuc_description/share/moveit_resources_fanuc_description/environment/path.dsv
[0.285s] -- Up-to-date: /home/kush/UR5_Project_New/install/moveit_resources_fanuc_description/share/moveit_resources_fanuc_description/local_setup.bash
[0.285s] -- Up-to-date: /home/kush/UR5_Project_New/install/moveit_resources_fanuc_description/share/moveit_resources_fanuc_description/local_setup.sh
[0.285s] -- Up-to-date: /home/kush/UR5_Project_New/install/moveit_resources_fanuc_description/share/moveit_resources_fanuc_description/local_setup.zsh
[0.286s] -- Up-to-date: /home/kush/UR5_Project_New/install/moveit_resources_fanuc_description/share/moveit_resources_fanuc_description/local_setup.dsv
[0.286s] -- Installing: /home/kush/UR5_Project_New/install/moveit_resources_fanuc_description/share/moveit_resources_fanuc_description/package.dsv
[0.286s] -- Up-to-date: /home/kush/UR5_Project_New/install/moveit_resources_fanuc_description/share/ament_index/resource_index/packages/moveit_resources_fanuc_description
[0.287s] -- Up-to-date: /home/kush/UR5_Project_New/install/moveit_resources_fanuc_description/share/moveit_resources_fanuc_description/cmake/moveit_resources_fanuc_descriptionConfig.cmake
[0.287s] -- Up-to-date: /home/kush/UR5_Project_New/install/moveit_resources_fanuc_description/share/moveit_resources_fanuc_description/cmake/moveit_resources_fanuc_descriptionConfig-version.cmake
[0.287s] -- Up-to-date: /home/kush/UR5_Project_New/install/moveit_resources_fanuc_description/share/moveit_resources_fanuc_description/package.xml
[0.287s] -- Up-to-date: /home/kush/UR5_Project_New/install/moveit_resources_fanuc_description/share/moveit_resources_fanuc_description/meshes
[0.288s] -- Up-to-date: /home/kush/UR5_Project_New/install/moveit_resources_fanuc_description/share/moveit_resources_fanuc_description/meshes/visual
[0.288s] -- Up-to-date: /home/kush/UR5_Project_New/install/moveit_resources_fanuc_description/share/moveit_resources_fanuc_description/meshes/visual/link_2.stl
[0.288s] -- Up-to-date: /home/kush/UR5_Project_New/install/moveit_resources_fanuc_description/share/moveit_resources_fanuc_description/meshes/visual/link_5.stl
[0.288s] -- Up-to-date: /home/kush/UR5_Project_New/install/moveit_resources_fanuc_description/share/moveit_resources_fanuc_description/meshes/visual/link_6.stl
[0.288s] -- Up-to-date: /home/kush/UR5_Project_New/install/moveit_resources_fanuc_description/share/moveit_resources_fanuc_description/meshes/visual/link_4.stl
[0.288s] -- Up-to-date: /home/kush/UR5_Project_New/install/moveit_resources_fanuc_description/share/moveit_resources_fanuc_description/meshes/visual/base_link.stl
[0.289s] -- Up-to-date: /home/kush/UR5_Project_New/install/moveit_resources_fanuc_description/share/moveit_resources_fanuc_description/meshes/visual/link_1.stl
[0.289s] -- Up-to-date: /home/kush/UR5_Project_New/install/moveit_resources_fanuc_description/share/moveit_resources_fanuc_description/meshes/visual/link_3.stl
[0.296s] -- Up-to-date: /home/kush/UR5_Project_New/install/moveit_resources_fanuc_description/share/moveit_resources_fanuc_description/meshes/collision
[0.298s] -- Up-to-date: /home/kush/UR5_Project_New/install/moveit_resources_fanuc_description/share/moveit_resources_fanuc_description/meshes/collision/link_2.stl
[0.298s] -- Up-to-date: /home/kush/UR5_Project_New/install/moveit_resources_fanuc_description/share/moveit_resources_fanuc_description/meshes/collision/link_5.stl
[0.299s] -- Up-to-date: /home/kush/UR5_Project_New/install/moveit_resources_fanuc_description/share/moveit_resources_fanuc_description/meshes/collision/link_6.stl
[0.299s] -- Up-to-date: /home/kush/UR5_Project_New/install/moveit_resources_fanuc_description/share/moveit_resources_fanuc_description/meshes/collision/link_4.stl
[0.300s] -- Up-to-date: /home/kush/UR5_Project_New/install/moveit_resources_fanuc_description/share/moveit_resources_fanuc_description/meshes/collision/base_link.stl
[0.300s] -- Up-to-date: /home/kush/UR5_Project_New/install/moveit_resources_fanuc_description/share/moveit_resources_fanuc_description/meshes/collision/link_1.stl
[0.300s] -- Up-to-date: /home/kush/UR5_Project_New/install/moveit_resources_fanuc_description/share/moveit_resources_fanuc_description/meshes/collision/link_3.stl
[0.300s] -- Up-to-date: /home/kush/UR5_Project_New/install/moveit_resources_fanuc_description/share/moveit_resources_fanuc_description/urdf
[0.301s] -- Up-to-date: /home/kush/UR5_Project_New/install/moveit_resources_fanuc_description/share/moveit_resources_fanuc_description/urdf/fanuc.urdf
[0.301s] Invoked command in '/home/kush/UR5_Project_New/build/moveit_resources_fanuc_description' returned '0': CMAKE_PREFIX_PATH=/opt/ros/humble /usr/bin/cmake --install /home/kush/UR5_Project_New/build/moveit_resources_fanuc_description
