[0.252s] Invoking command in '/home/kush/UR5_Project_New/build/moveit_core': AMENT_PREFIX_PATH=/home/kush/UR5_Project_New/install/moveit_resources_panda_moveit_config:/home/kush/UR5_Project_New/install/srdfdom:/home/kush/UR5_Project_New/install/moveit_resources_pr2_description:/home/kush/UR5_Project_New/install/moveit_resources_panda_description:/home/kush/UR5_Project_New/install/moveit_common:${AMENT_PREFIX_PATH} CMAKE_PREFIX_PATH=/home/kush/UR5_Project_New/install/moveit_resources_panda_moveit_config:/home/kush/UR5_Project_New/install/srdfdom:/home/kush/UR5_Project_New/install/moveit_resources_pr2_description:/home/kush/UR5_Project_New/install/moveit_resources_panda_description:/home/kush/UR5_Project_New/install/moveit_common:/opt/ros/humble LD_LIBRARY_PATH=/home/kush/UR5_Project_New/install/srdfdom/lib:${LD_LIBRARY_PATH} PYTHONPATH=/home/kush/UR5_Project_New/install/srdfdom/local/lib/python3.10/dist-packages:${PYTHONPATH} /usr/bin/cmake /home/kush/UR5_Project_New/src/moveit2/moveit_core -DCMAKE_INSTALL_PREFIX=/home/kush/UR5_Project_New/install/moveit_core
[0.392s] -- Found moveit_common: 2.5.4 (/home/kush/UR5_Project_New/install/moveit_common/share/moveit_common/cmake)
[0.393s] -- Found ament_cmake: 1.3.5 (/opt/ros/humble/share/ament_cmake/cmake)
[0.875s] -- Could NOT find libbfd (missing: LIBBFD_LIBRARY LIBBFD_INCLUDE_DIR) 
[0.875s] -- BACKWARD_HAS_UNWIND=1
[0.875s] -- BACKWARD_HAS_BACKTRACE=0
[0.875s] -- BACKWARD_HAS_BACKTRACE_SYMBOL=0
[0.875s] -- BACKWARD_HAS_DW=1
[0.876s] -- BACKWARD_HAS_BFD=0
[0.880s] -- Found Backward: /opt/ros/humble/share/backward_ros/cmake  
[0.880s] -- Found rclcpp: 16.0.5 (/opt/ros/humble/share/rclcpp/cmake)
[0.923s] -- Found rosidl_generator_c: 3.1.5 (/opt/ros/humble/share/rosidl_generator_c/cmake)
[0.927s] -- Found rosidl_adapter: 3.1.5 (/opt/ros/humble/share/rosidl_adapter/cmake)
[0.937s] -- Found rosidl_generator_cpp: 3.1.5 (/opt/ros/humble/share/rosidl_generator_cpp/cmake)
[0.981s] -- Using all available rosidl_typesupport_c: rosidl_typesupport_fastrtps_c;rosidl_typesupport_introspection_c
[1.010s] -- Using all available rosidl_typesupport_cpp: rosidl_typesupport_fastrtps_cpp;rosidl_typesupport_introspection_cpp
[1.115s] -- Found rmw_implementation_cmake: 6.1.1 (/opt/ros/humble/share/rmw_implementation_cmake/cmake)
[1.118s] -- Found rmw_fastrtps_cpp: 6.2.3 (/opt/ros/humble/share/rmw_fastrtps_cpp/cmake)
[1.333s] -- Using RMW implementation 'rmw_fastrtps_cpp' as default
[2.086s] -- Found eigen3_cmake_module: 0.1.1 (/opt/ros/humble/share/eigen3_cmake_module/cmake)
[2.292s] -- Found angles: 1.15.0 (/opt/ros/humble/share/angles/cmake)
[2.380s] -- Found urdf: 2.6.0 (/opt/ros/humble/share/urdf/cmake)
[2.443s] -- Found tf2_eigen: 0.25.3 (/opt/ros/humble/share/tf2_eigen/cmake)
[4.872s] -- Found tf2_kdl: 0.25.3 (/opt/ros/humble/share/tf2_kdl/cmake)
[5.029s] -- Ensuring Eigen3 include directory is part of orocos-kdl CMake target
[5.174s] -- Found tf2_geometry_msgs: 0.25.3 (/opt/ros/humble/share/tf2_geometry_msgs/cmake)
[5.307s] -- Found eigen_stl_containers: 1.0.0 (/opt/ros/humble/share/eigen_stl_containers/cmake)
[5.387s] -- Found generate_parameter_library: 0.3.3 (/opt/ros/humble/share/generate_parameter_library/cmake)
[5.490s] -- Found parameter_traits: 0.3.3 (/opt/ros/humble/share/parameter_traits/cmake)
[5.781s] -- Found rclcpp_lifecycle: 16.0.5 (/opt/ros/humble/share/rclcpp_lifecycle/cmake)
[5.973s] -- Found geometric_shapes: 2.1.3 (/opt/ros/humble/share/geometric_shapes/cmake)
[6.157s] -- Found Boost: /usr/lib/x86_64-linux-gnu/cmake/Boost-1.74.0/BoostConfig.cmake (found version "1.74.0") found components: filesystem 
[6.993s] -- library: /usr/lib/x86_64-linux-gnu/libcurl.so
[7.940s] -- Found kdl_parser: 2.6.4 (/opt/ros/humble/share/kdl_parser/cmake)
[7.960s] -- Found moveit_msgs: 2.2.1 (/opt/ros/humble/share/moveit_msgs/cmake)
[9.600s] -- Found srdfdom: 2.0.4 (/home/kush/UR5_Project_New/install/srdfdom/share/srdfdom/cmake)
[9.650s] -- Found common_interfaces: 4.2.3 (/opt/ros/humble/share/common_interfaces/cmake)
[11.051s] -- Found Boost: /usr/lib/x86_64-linux-gnu/cmake/Boost-1.74.0/BoostConfig.cmake (found version "1.74.0") found components: chrono date_time filesystem iostreams program_options regex serialization system thread 
[11.054s] --  *** Building MoveIt 2.5.4-Alpha ***
[11.239s] -- Found ament_cmake_gtest: 1.3.5 (/opt/ros/humble/share/ament_cmake_gtest/cmake)
[11.242s] -- Found gtest sources under '/opt/ros/humble/src/gtest_vendor': C++ tests using 'Google Test' will be built
[11.296s] -- Found ament_cmake_gmock: 1.3.5 (/opt/ros/humble/share/ament_cmake_gmock/cmake)
[11.377s] -- Found gmock sources under '/opt/ros/humble/src/gmock_vendor': C++ tests using 'Google Mock' will be built
[11.436s] -- Found ament_cmake_gtest: 1.3.5 (/opt/ros/humble/share/ament_cmake_gtest/cmake)
[11.437s] -- Found gtest sources under '/opt/ros/humble/src/gtest_vendor': C++ tests using 'Google Test' will be built
[11.496s] -- Found ament_cmake_gtest: 1.3.5 (/opt/ros/humble/share/ament_cmake_gtest/cmake)
[11.498s] -- Found gtest sources under '/opt/ros/humble/src/gtest_vendor': C++ tests using 'Google Test' will be built
[11.638s] -- Found ament_cmake_gtest: 1.3.5 (/opt/ros/humble/share/ament_cmake_gtest/cmake)
[11.640s] -- Found gtest sources under '/opt/ros/humble/src/gtest_vendor': C++ tests using 'Google Test' will be built
[11.732s] -- Found ament_lint_auto: 0.12.7 (/opt/ros/humble/share/ament_lint_auto/cmake)
[11.733s] -- Found ament_cmake_gtest: 1.3.5 (/opt/ros/humble/share/ament_cmake_gtest/cmake)
[11.734s] -- Found gtest sources under '/opt/ros/humble/src/gtest_vendor': C++ tests using 'Google Test' will be built
[11.885s] -- Found ament_cmake_gtest: 1.3.5 (/opt/ros/humble/share/ament_cmake_gtest/cmake)
[11.886s] -- Found gtest sources under '/opt/ros/humble/src/gtest_vendor': C++ tests using 'Google Test' will be built
[11.924s] -- Found ament_cmake_gtest: 1.3.5 (/opt/ros/humble/share/ament_cmake_gtest/cmake)
[11.925s] -- Found gtest sources under '/opt/ros/humble/src/gtest_vendor': C++ tests using 'Google Test' will be built
[11.970s] -- Found ament_cmake_gtest: 1.3.5 (/opt/ros/humble/share/ament_cmake_gtest/cmake)
[11.971s] -- Found gtest sources under '/opt/ros/humble/src/gtest_vendor': C++ tests using 'Google Test' will be built
[12.052s] -- Found gtest sources under '/opt/ros/humble/src/gtest_vendor': C++ tests using 'Google Test' will be built
[12.150s] -- Found gtest sources under '/opt/ros/humble/src/gtest_vendor': C++ tests using 'Google Test' will be built
[12.190s] -- Found ament_cmake_gtest: 1.3.5 (/opt/ros/humble/share/ament_cmake_gtest/cmake)
[12.192s] -- Found gtest sources under '/opt/ros/humble/src/gtest_vendor': C++ tests using 'Google Test' will be built
[12.299s] -- Found gtest sources under '/opt/ros/humble/src/gtest_vendor': C++ tests using 'Google Test' will be built
[12.394s] -- Found gtest sources under '/opt/ros/humble/src/gtest_vendor': C++ tests using 'Google Test' will be built
[12.465s] -- Found gtest sources under '/opt/ros/humble/src/gtest_vendor': C++ tests using 'Google Test' will be built
[12.506s] -- Found ament_lint_auto: 0.12.7 (/opt/ros/humble/share/ament_lint_auto/cmake)
[12.914s] -- Added test 'cppcheck' to perform static code analysis on C / C++ code
[12.917s] -- Configured cppcheck include dirs: /home/kush/UR5_Project_New/src/moveit2/moveit_core/exceptions/include;/home/kush/UR5_Project_New/src/moveit2/moveit_core/collision_detection/include;/home/kush/UR5_Project_New/src/moveit2/moveit_core/collision_detection_fcl/include;/home/kush/UR5_Project_New/src/moveit2/moveit_core/collision_detection_bullet/include;/home/kush/UR5_Project_New/src/moveit2/moveit_core/constraint_samplers/include;/home/kush/UR5_Project_New/src/moveit2/moveit_core/controller_manager/include;/home/kush/UR5_Project_New/src/moveit2/moveit_core/distance_field/include;/home/kush/UR5_Project_New/src/moveit2/moveit_core/collision_distance_field/include;/home/kush/UR5_Project_New/src/moveit2/moveit_core/dynamics_solver/include;/home/kush/UR5_Project_New/src/moveit2/moveit_core/kinematics_base/include;/home/kush/UR5_Project_New/src/moveit2/moveit_core/kinematics_metrics/include;/home/kush/UR5_Project_New/src/moveit2/moveit_core/robot_model/include;/home/kush/UR5_Project_New/src/moveit2/moveit_core/transforms/include;/home/kush/UR5_Project_New/src/moveit2/moveit_core/robot_state/include;/home/kush/UR5_Project_New/src/moveit2/moveit_core/robot_trajectory/include;/home/kush/UR5_Project_New/src/moveit2/moveit_core/kinematic_constraints/include;/home/kush/UR5_Project_New/src/moveit2/moveit_core/macros/include;/home/kush/UR5_Project_New/src/moveit2/moveit_core/online_signal_smoothing/include;/home/kush/UR5_Project_New/src/moveit2/moveit_core/planning_interface/include;/home/kush/UR5_Project_New/src/moveit2/moveit_core/planning_request_adapter/include;/home/kush/UR5_Project_New/src/moveit2/moveit_core/planning_scene/include;/home/kush/UR5_Project_New/src/moveit2/moveit_core/sensor_manager/include;/home/kush/UR5_Project_New/src/moveit2/moveit_core/trajectory_processing/include;/home/kush/UR5_Project_New/src/moveit2/moveit_core/utils/include
[12.918s] -- Configured cppcheck exclude dirs and/or files: 
[12.925s] -- Added test 'pep257' to check Python code against some of the docstring style conventions in PEP 257
[12.931s] -- Added test 'xmllint' to check XML markup files
[12.943s] -- Configuring done
[21.348s] -- Generating done
[21.394s] -- Build files have been written to: /home/kush/UR5_Project_New/build/moveit_core
[21.472s] Invoked command in '/home/kush/UR5_Project_New/build/moveit_core' returned '0': AMENT_PREFIX_PATH=/home/kush/UR5_Project_New/install/moveit_resources_panda_moveit_config:/home/kush/UR5_Project_New/install/srdfdom:/home/kush/UR5_Project_New/install/moveit_resources_pr2_description:/home/kush/UR5_Project_New/install/moveit_resources_panda_description:/home/kush/UR5_Project_New/install/moveit_common:${AMENT_PREFIX_PATH} CMAKE_PREFIX_PATH=/home/kush/UR5_Project_New/install/moveit_resources_panda_moveit_config:/home/kush/UR5_Project_New/install/srdfdom:/home/kush/UR5_Project_New/install/moveit_resources_pr2_description:/home/kush/UR5_Project_New/install/moveit_resources_panda_description:/home/kush/UR5_Project_New/install/moveit_common:/opt/ros/humble LD_LIBRARY_PATH=/home/kush/UR5_Project_New/install/srdfdom/lib:${LD_LIBRARY_PATH} PYTHONPATH=/home/kush/UR5_Project_New/install/srdfdom/local/lib/python3.10/dist-packages:${PYTHONPATH} /usr/bin/cmake /home/kush/UR5_Project_New/src/moveit2/moveit_core -DCMAKE_INSTALL_PREFIX=/home/kush/UR5_Project_New/install/moveit_core
[21.474s] Invoking command in '/home/kush/UR5_Project_New/build/moveit_core': AMENT_PREFIX_PATH=/home/kush/UR5_Project_New/install/moveit_resources_panda_moveit_config:/home/kush/UR5_Project_New/install/srdfdom:/home/kush/UR5_Project_New/install/moveit_resources_pr2_description:/home/kush/UR5_Project_New/install/moveit_resources_panda_description:/home/kush/UR5_Project_New/install/moveit_common:${AMENT_PREFIX_PATH} CMAKE_PREFIX_PATH=/home/kush/UR5_Project_New/install/moveit_resources_panda_moveit_config:/home/kush/UR5_Project_New/install/srdfdom:/home/kush/UR5_Project_New/install/moveit_resources_pr2_description:/home/kush/UR5_Project_New/install/moveit_resources_panda_description:/home/kush/UR5_Project_New/install/moveit_common:/opt/ros/humble LD_LIBRARY_PATH=/home/kush/UR5_Project_New/install/srdfdom/lib:${LD_LIBRARY_PATH} PYTHONPATH=/home/kush/UR5_Project_New/install/srdfdom/local/lib/python3.10/dist-packages:${PYTHONPATH} /usr/bin/cmake --build /home/kush/UR5_Project_New/build/moveit_core -- -j4 -l4
[21.590s] [35m[1mConsolidate compiler generated dependencies of target moveit_transforms[0m
[21.660s] [  1%] Built target moveit_transforms
[21.714s] [35m[1mConsolidate compiler generated dependencies of target moveit_distance_field[0m
[21.828s] [  3%] Built target moveit_distance_field
[21.871s] [35m[1mConsolidate compiler generated dependencies of target moveit_utils[0m
[21.966s] [  5%] Built target moveit_utils
[22.021s] [35m[1mConsolidate compiler generated dependencies of target gtest[0m
[22.046s] [  6%] Built target gtest
[22.074s] [35m[1mConsolidate compiler generated dependencies of target gtest_main[0m
[22.103s] [  7%] Built target gtest_main
[22.136s] [35m[1mConsolidate compiler generated dependencies of target gmock[0m
[22.175s] [  9%] Built target gmock
[22.196s] [35m[1mConsolidate compiler generated dependencies of target gmock_main[0m
[22.226s] [ 10%] Built target gmock_main
[22.249s] [35m[1mConsolidate compiler generated dependencies of target test_voxel_grid[0m
[22.293s] [ 11%] Built target test_voxel_grid
[22.327s] [35m[1mConsolidate compiler generated dependencies of target test_distance_field[0m
[22.382s] [ 12%] Built target test_distance_field
[22.453s] [35m[1mConsolidate compiler generated dependencies of target moveit_smoothing_base[0m
[22.486s] [ 13%] Built target moveit_smoothing_base
[22.552s] [ 14%] Built target moveit_butterworth_parameters
[22.589s] [35m[1mConsolidate compiler generated dependencies of target test_transforms[0m
[22.623s] [ 15%] Built target test_transforms
[22.644s] [35m[1mConsolidate compiler generated dependencies of target moveit_version[0m
[22.667s] [ 17%] Built target moveit_version
[22.715s] [35m[1mConsolidate compiler generated dependencies of target moveit_kinematics_base[0m
[22.773s] [ 18%] Built target moveit_kinematics_base
[22.806s] [35m[1mConsolidate compiler generated dependencies of target moveit_exceptions[0m
[22.829s] [ 19%] Built target moveit_exceptions
[23.117s] [35m[1mConsolidate compiler generated dependencies of target moveit_robot_model[0m
[23.225s] [ 26%] Built target moveit_robot_model
[23.539s] [35m[1mConsolidate compiler generated dependencies of target moveit_robot_state[0m
[23.659s] [ 29%] Built target moveit_robot_state
[23.687s] [35m[1mConsolidate compiler generated dependencies of target moveit_butterworth_filter[0m
[23.737s] [ 30%] Built target moveit_butterworth_filter
[23.772s] [35m[1mConsolidate compiler generated dependencies of target moveit_robot_trajectory[0m
[23.837s] [ 31%] Built target moveit_robot_trajectory
[23.877s] [35m[1mConsolidate compiler generated dependencies of target moveit_dynamics_solver[0m
[23.935s] [ 33%] Built target moveit_dynamics_solver
[23.970s] [35m[1mConsolidate compiler generated dependencies of target moveit_kinematics_metrics[0m
[24.018s] [ 34%] Built target moveit_kinematics_metrics
[24.116s] [35m[1mConsolidate compiler generated dependencies of target test_butterworth_filter[0m
[24.176s] [ 35%] Built target test_butterworth_filter
[24.203s] [35m[1mConsolidate compiler generated dependencies of target moveit_planning_interface[0m
[24.278s] [ 37%] Built target moveit_planning_interface
[24.464s] [35m[1mConsolidate compiler generated dependencies of target moveit_trajectory_processing[0m
[24.560s] [ 41%] Built target moveit_trajectory_processing
[24.678s] [35m[1mConsolidate compiler generated dependencies of target moveit_collision_detection[0m
[24.847s] [ 47%] Built target moveit_collision_detection
[24.905s] [35m[1mConsolidate compiler generated dependencies of target moveit_test_utils[0m
[24.978s] [ 48%] Built target moveit_test_utils
[24.996s] [35m[1mConsolidate compiler generated dependencies of target test_world_diff[0m
[25.039s] [ 50%] Built target test_world_diff
[25.064s] [35m[1mConsolidate compiler generated dependencies of target test_all_valid[0m
[25.113s] [ 51%] Built target test_all_valid
[25.240s] [35m[1mConsolidate compiler generated dependencies of target moveit_collision_detection_bullet[0m
[25.469s] [ 56%] Built target moveit_collision_detection_bullet
[25.502s] [35m[1mConsolidate compiler generated dependencies of target test_robot_model[0m
[25.552s] [ 57%] Built target test_robot_model
[25.601s] [35m[1mConsolidate compiler generated dependencies of target test_robot_state[0m
[25.691s] [ 59%] Built target test_robot_state
[25.759s] [35m[1mConsolidate compiler generated dependencies of target test_robot_state_benchmark[0m
[25.803s] [ 60%] Built target test_robot_state_benchmark
[26.661s] [35m[1mConsolidate compiler generated dependencies of target test_robot_state_complex[0m
[26.704s] [ 61%] Built target test_robot_state_complex
[26.762s] [35m[1mConsolidate compiler generated dependencies of target test_aabb[0m
[26.806s] [ 62%] Built target test_aabb
[26.838s] [35m[1mConsolidate compiler generated dependencies of target test_cartesian_interpolator[0m
[26.891s] [ 63%] Built target test_cartesian_interpolator
[26.934s] [35m[1mConsolidate compiler generated dependencies of target test_robot_trajectory[0m
[26.983s] [ 64%] Built target test_robot_trajectory
[27.015s] [35m[1mConsolidate compiler generated dependencies of target test_time_parameterization[0m
[27.065s] [ 65%] Built target test_time_parameterization
[27.088s] [35m[1mConsolidate compiler generated dependencies of target test_time_optimal_trajectory_generation[0m
[27.139s] [ 67%] Built target test_time_optimal_trajectory_generation
[27.195s] [35m[1mConsolidate compiler generated dependencies of target test_ruckig_traj_smoothing[0m
[27.255s] [ 68%] Built target test_ruckig_traj_smoothing
[27.360s] [35m[1mConsolidate compiler generated dependencies of target test_bullet_collision_detection[0m
[27.424s] [ 69%] Built target test_bullet_collision_detection
[27.500s] [35m[1mConsolidate compiler generated dependencies of target test_bullet_collision_detection_panda[0m
[27.569s] [ 70%] Built target test_bullet_collision_detection_panda
[27.667s] [35m[1mConsolidate compiler generated dependencies of target test_bullet_continuous_collision_checking[0m
[27.726s] [ 72%] Built target test_bullet_continuous_collision_checking
[27.835s] [35m[1mConsolidate compiler generated dependencies of target test_world[0m
[27.867s] [ 73%] Built target test_world
[27.898s] [35m[1mConsolidate compiler generated dependencies of target moveit_collision_detection_fcl[0m
[27.985s] [ 75%] Built target moveit_collision_detection_fcl
[28.083s] [35m[1mConsolidate compiler generated dependencies of target moveit_kinematic_constraints[0m
[28.162s] [ 77%] Built target moveit_kinematic_constraints
[28.469s] [35m[1mConsolidate compiler generated dependencies of target test_fcl_collision_detection_panda[0m
[28.538s] [ 78%] Built target test_fcl_collision_detection_panda
[28.566s] [35m[1mConsolidate compiler generated dependencies of target moveit_planning_scene[0m
[28.650s] [ 79%] Built target moveit_planning_scene
[28.667s] [35m[1mConsolidate compiler generated dependencies of target test_constraints[0m
[28.720s] [ 80%] Built target test_constraints
[28.748s] [35m[1mConsolidate compiler generated dependencies of target test_orientation_constraints[0m
[28.799s] [ 81%] Built target test_orientation_constraints
[28.880s] [35m[1mConsolidate compiler generated dependencies of target moveit_planning_request_adapter[0m
[28.922s] [ 82%] Built target moveit_planning_request_adapter
[28.965s] [35m[1mConsolidate compiler generated dependencies of target test_planning_scene[0m
[29.026s] [ 83%] Built target test_planning_scene
[29.083s] [35m[1mConsolidate compiler generated dependencies of target test_collision_objects[0m
[29.136s] [ 84%] Built target test_collision_objects
[29.159s] [35m[1mConsolidate compiler generated dependencies of target test_multi_threaded[0m
[29.198s] [ 85%] Built target test_multi_threaded
[29.231s] [35m[1mConsolidate compiler generated dependencies of target collision_detector_bullet_plugin[0m
[29.290s] [ 86%] Built target collision_detector_bullet_plugin
[29.317s] [35m[1mConsolidate compiler generated dependencies of target collision_detector_fcl_plugin[0m
[29.371s] [ 87%] Built target collision_detector_fcl_plugin
[29.573s] [35m[1mConsolidate compiler generated dependencies of target moveit_collision_distance_field[0m
[29.661s] [ 90%] Built target moveit_collision_distance_field
[29.846s] [35m[1mConsolidate compiler generated dependencies of target moveit_constraint_samplers[0m
[29.937s] [ 93%] Built target moveit_constraint_samplers
[29.958s] [35m[1mConsolidate compiler generated dependencies of target test_collision_distance_field[0m
[30.025s] [ 94%] Built target test_collision_distance_field
[30.087s] [35m[1mConsolidate compiler generated dependencies of target test_constraint_samplers[0m
[30.242s] [ 97%] Built target test_constraint_samplers
[30.308s] [35m[1mConsolidate compiler generated dependencies of target test_fcl_collision_detection[0m
[30.382s] [ 98%] Built target test_fcl_collision_detection
[30.448s] [35m[1mConsolidate compiler generated dependencies of target test_fcl_collision_env[0m
[30.504s] [100%] Built target test_fcl_collision_env
[30.532s] Invoked command in '/home/kush/UR5_Project_New/build/moveit_core' returned '0': AMENT_PREFIX_PATH=/home/kush/UR5_Project_New/install/moveit_resources_panda_moveit_config:/home/kush/UR5_Project_New/install/srdfdom:/home/kush/UR5_Project_New/install/moveit_resources_pr2_description:/home/kush/UR5_Project_New/install/moveit_resources_panda_description:/home/kush/UR5_Project_New/install/moveit_common:${AMENT_PREFIX_PATH} CMAKE_PREFIX_PATH=/home/kush/UR5_Project_New/install/moveit_resources_panda_moveit_config:/home/kush/UR5_Project_New/install/srdfdom:/home/kush/UR5_Project_New/install/moveit_resources_pr2_description:/home/kush/UR5_Project_New/install/moveit_resources_panda_description:/home/kush/UR5_Project_New/install/moveit_common:/opt/ros/humble LD_LIBRARY_PATH=/home/kush/UR5_Project_New/install/srdfdom/lib:${LD_LIBRARY_PATH} PYTHONPATH=/home/kush/UR5_Project_New/install/srdfdom/local/lib/python3.10/dist-packages:${PYTHONPATH} /usr/bin/cmake --build /home/kush/UR5_Project_New/build/moveit_core -- -j4 -l4
[30.639s] Invoking command in '/home/kush/UR5_Project_New/build/moveit_core': AMENT_PREFIX_PATH=/home/kush/UR5_Project_New/install/moveit_resources_panda_moveit_config:/home/kush/UR5_Project_New/install/srdfdom:/home/kush/UR5_Project_New/install/moveit_resources_pr2_description:/home/kush/UR5_Project_New/install/moveit_resources_panda_description:/home/kush/UR5_Project_New/install/moveit_common:${AMENT_PREFIX_PATH} CMAKE_PREFIX_PATH=/home/kush/UR5_Project_New/install/moveit_resources_panda_moveit_config:/home/kush/UR5_Project_New/install/srdfdom:/home/kush/UR5_Project_New/install/moveit_resources_pr2_description:/home/kush/UR5_Project_New/install/moveit_resources_panda_description:/home/kush/UR5_Project_New/install/moveit_common:/opt/ros/humble LD_LIBRARY_PATH=/home/kush/UR5_Project_New/install/srdfdom/lib:${LD_LIBRARY_PATH} PYTHONPATH=/home/kush/UR5_Project_New/install/srdfdom/local/lib/python3.10/dist-packages:${PYTHONPATH} /usr/bin/cmake --install /home/kush/UR5_Project_New/build/moveit_core
[30.664s] -- Install configuration: "Release"
[30.664s] -- Up-to-date: /home/kush/UR5_Project_New/install/moveit_core/include/moveit/version.h
[30.665s] -- Up-to-date: /home/kush/UR5_Project_New/install/moveit_core/include
[30.665s] -- Up-to-date: /home/kush/UR5_Project_New/install/moveit_core/include/moveit
[30.666s] -- Up-to-date: /home/kush/UR5_Project_New/install/moveit_core/include/moveit/collision_distance_field
[30.666s] -- Up-to-date: /home/kush/UR5_Project_New/install/moveit_core/include/moveit/collision_distance_field/collision_common_distance_field.h
[30.666s] -- Up-to-date: /home/kush/UR5_Project_New/install/moveit_core/include/moveit/collision_distance_field/collision_detector_allocator_distance_field.h
[30.667s] -- Up-to-date: /home/kush/UR5_Project_New/install/moveit_core/include/moveit/collision_distance_field/collision_detector_allocator_hybrid.h
[30.667s] -- Up-to-date: /home/kush/UR5_Project_New/install/moveit_core/include/moveit/collision_distance_field/collision_env_distance_field.h
[30.667s] -- Up-to-date: /home/kush/UR5_Project_New/install/moveit_core/include/moveit/collision_distance_field/collision_env_hybrid.h
[30.668s] -- Up-to-date: /home/kush/UR5_Project_New/install/moveit_core/include/moveit/collision_distance_field/collision_distance_field_types.h
[30.668s] -- Up-to-date: /home/kush/UR5_Project_New/install/moveit_core/include/moveit_collision_distance_field_export.h
[30.669s] -- Up-to-date: /home/kush/UR5_Project_New/install/moveit_core/include
[30.669s] -- Up-to-date: /home/kush/UR5_Project_New/install/moveit_core/include/moveit
[30.669s] -- Up-to-date: /home/kush/UR5_Project_New/install/moveit_core/include/moveit/constraint_samplers
[30.670s] -- Up-to-date: /home/kush/UR5_Project_New/install/moveit_core/include/moveit/constraint_samplers/default_constraint_samplers.h
[30.670s] -- Up-to-date: /home/kush/UR5_Project_New/install/moveit_core/include/moveit/constraint_samplers/constraint_sampler_tools.h
[30.670s] -- Up-to-date: /home/kush/UR5_Project_New/install/moveit_core/include/moveit/constraint_samplers/constraint_sampler_allocator.h
[30.670s] -- Up-to-date: /home/kush/UR5_Project_New/install/moveit_core/include/moveit/constraint_samplers/constraint_sampler_manager.h
[30.671s] -- Up-to-date: /home/kush/UR5_Project_New/install/moveit_core/include/moveit/constraint_samplers/union_constraint_sampler.h
[30.671s] -- Up-to-date: /home/kush/UR5_Project_New/install/moveit_core/include/moveit/constraint_samplers/constraint_sampler.h
[30.672s] -- Up-to-date: /home/kush/UR5_Project_New/install/moveit_core/include
[30.672s] -- Up-to-date: /home/kush/UR5_Project_New/install/moveit_core/include/moveit
[30.675s] -- Up-to-date: /home/kush/UR5_Project_New/install/moveit_core/include/moveit/controller_manager
[30.675s] -- Up-to-date: /home/kush/UR5_Project_New/install/moveit_core/include/moveit/controller_manager/controller_manager.h
[30.676s] -- Up-to-date: /home/kush/UR5_Project_New/install/moveit_core/include
[30.676s] -- Up-to-date: /home/kush/UR5_Project_New/install/moveit_core/include/moveit
[30.676s] -- Up-to-date: /home/kush/UR5_Project_New/install/moveit_core/include/moveit/distance_field
[30.676s] -- Up-to-date: /home/kush/UR5_Project_New/install/moveit_core/include/moveit/distance_field/propagation_distance_field.h
[30.677s] -- Up-to-date: /home/kush/UR5_Project_New/install/moveit_core/include/moveit/distance_field/find_internal_points.h
[30.677s] -- Up-to-date: /home/kush/UR5_Project_New/install/moveit_core/include/moveit/distance_field/voxel_grid.h
[30.677s] -- Up-to-date: /home/kush/UR5_Project_New/install/moveit_core/include/moveit/distance_field/distance_field.h
[30.677s] -- Up-to-date: /home/kush/UR5_Project_New/install/moveit_core/include
[30.678s] -- Up-to-date: /home/kush/UR5_Project_New/install/moveit_core/include/moveit
[30.678s] -- Up-to-date: /home/kush/UR5_Project_New/install/moveit_core/include/moveit/dynamics_solver
[30.678s] -- Up-to-date: /home/kush/UR5_Project_New/install/moveit_core/include/moveit/dynamics_solver/dynamics_solver.h
[30.678s] -- Up-to-date: /home/kush/UR5_Project_New/install/moveit_core/include
[30.679s] -- Up-to-date: /home/kush/UR5_Project_New/install/moveit_core/include/moveit
[30.679s] -- Up-to-date: /home/kush/UR5_Project_New/install/moveit_core/include/moveit/exceptions
[30.679s] -- Up-to-date: /home/kush/UR5_Project_New/install/moveit_core/include/moveit/exceptions/exceptions.h
[30.680s] -- Up-to-date: /home/kush/UR5_Project_New/install/moveit_core/include
[30.680s] -- Up-to-date: /home/kush/UR5_Project_New/install/moveit_core/include/moveit
[30.680s] -- Up-to-date: /home/kush/UR5_Project_New/install/moveit_core/include/moveit/kinematics_base
[30.684s] -- Up-to-date: /home/kush/UR5_Project_New/install/moveit_core/include/moveit/kinematics_base/kinematics_base.h
[30.684s] -- Up-to-date: /home/kush/UR5_Project_New/install/moveit_core/include/moveit_kinematics_base_export.h
[30.684s] -- Up-to-date: /home/kush/UR5_Project_New/install/moveit_core/include
[30.684s] -- Up-to-date: /home/kush/UR5_Project_New/install/moveit_core/include/moveit
[30.685s] -- Up-to-date: /home/kush/UR5_Project_New/install/moveit_core/include/moveit/kinematic_constraints
[30.685s] -- Up-to-date: /home/kush/UR5_Project_New/install/moveit_core/include/moveit/kinematic_constraints/kinematic_constraint.h
[30.685s] -- Up-to-date: /home/kush/UR5_Project_New/install/moveit_core/include/moveit/kinematic_constraints/utils.h
[30.685s] -- Up-to-date: /home/kush/UR5_Project_New/install/moveit_core/include
[30.685s] -- Up-to-date: /home/kush/UR5_Project_New/install/moveit_core/include/moveit
[30.686s] -- Up-to-date: /home/kush/UR5_Project_New/install/moveit_core/include/moveit/kinematics_metrics
[30.686s] -- Up-to-date: /home/kush/UR5_Project_New/install/moveit_core/include/moveit/kinematics_metrics/kinematics_metrics.h
[30.686s] -- Up-to-date: /home/kush/UR5_Project_New/install/moveit_core/include
[30.686s] -- Up-to-date: /home/kush/UR5_Project_New/install/moveit_core/include/moveit
[30.686s] -- Up-to-date: /home/kush/UR5_Project_New/install/moveit_core/include/moveit/macros
[30.687s] -- Up-to-date: /home/kush/UR5_Project_New/install/moveit_core/include/moveit/macros/class_forward.h
[30.687s] -- Up-to-date: /home/kush/UR5_Project_New/install/moveit_core/include/moveit/macros/console_colors.h
[30.687s] -- Up-to-date: /home/kush/UR5_Project_New/install/moveit_core/include/moveit/macros/deprecation.h
[30.687s] -- Up-to-date: /home/kush/UR5_Project_New/install/moveit_core/include/moveit/macros/declare_ptr.h
[30.687s] -- Up-to-date: /home/kush/UR5_Project_New/install/moveit_core/include/moveit_butterworth_parameters
[30.687s] -- Up-to-date: /home/kush/UR5_Project_New/install/moveit_core/include/moveit_butterworth_parameters/moveit_butterworth_parameters.hpp
[30.688s] -- Up-to-date: /home/kush/UR5_Project_New/install/moveit_core/include
[30.688s] -- Up-to-date: /home/kush/UR5_Project_New/install/moveit_core/include/moveit
[30.688s] -- Up-to-date: /home/kush/UR5_Project_New/install/moveit_core/include/moveit/online_signal_smoothing
[30.688s] -- Up-to-date: /home/kush/UR5_Project_New/install/moveit_core/include/moveit/online_signal_smoothing/smoothing_base_class.h
[30.688s] -- Up-to-date: /home/kush/UR5_Project_New/install/moveit_core/include/moveit/online_signal_smoothing/butterworth_filter.h
[30.689s] -- Up-to-date: /home/kush/UR5_Project_New/install/moveit_core/include/moveit_smoothing_base_export.h
[30.689s] -- Up-to-date: /home/kush/UR5_Project_New/install/moveit_core/include/moveit_butterworth_filter_export.h
[30.689s] -- Up-to-date: /home/kush/UR5_Project_New/install/moveit_core/include
[30.689s] -- Up-to-date: /home/kush/UR5_Project_New/install/moveit_core/include/moveit
[30.689s] -- Up-to-date: /home/kush/UR5_Project_New/install/moveit_core/include/moveit/planning_interface
[30.690s] -- Up-to-date: /home/kush/UR5_Project_New/install/moveit_core/include/moveit/planning_interface/planning_request.h
[30.690s] -- Up-to-date: /home/kush/UR5_Project_New/install/moveit_core/include/moveit/planning_interface/planning_response.h
[30.690s] -- Up-to-date: /home/kush/UR5_Project_New/install/moveit_core/include/moveit/planning_interface/planning_interface.h
[30.692s] -- Up-to-date: /home/kush/UR5_Project_New/install/moveit_core/include
[30.693s] -- Up-to-date: /home/kush/UR5_Project_New/install/moveit_core/include/moveit
[30.693s] -- Up-to-date: /home/kush/UR5_Project_New/install/moveit_core/include/moveit/planning_request_adapter
[30.693s] -- Up-to-date: /home/kush/UR5_Project_New/install/moveit_core/include/moveit/planning_request_adapter/planning_request_adapter.h
[30.693s] -- Up-to-date: /home/kush/UR5_Project_New/install/moveit_core/include
[30.695s] -- Up-to-date: /home/kush/UR5_Project_New/install/moveit_core/include/moveit
[30.696s] -- Up-to-date: /home/kush/UR5_Project_New/install/moveit_core/include/moveit/planning_scene
[30.696s] -- Up-to-date: /home/kush/UR5_Project_New/install/moveit_core/include/moveit/planning_scene/planning_scene.h
[30.696s] -- Up-to-date: /home/kush/UR5_Project_New/install/moveit_core/include/moveit_planning_scene_export.h
[30.696s] -- Up-to-date: /home/kush/UR5_Project_New/install/moveit_core/include
[30.697s] -- Up-to-date: /home/kush/UR5_Project_New/install/moveit_core/include/moveit
[30.697s] -- Up-to-date: /home/kush/UR5_Project_New/install/moveit_core/include/moveit/robot_model
[30.697s] -- Up-to-date: /home/kush/UR5_Project_New/install/moveit_core/include/moveit/robot_model/revolute_joint_model.h
[30.697s] -- Up-to-date: /home/kush/UR5_Project_New/install/moveit_core/include/moveit/robot_model/prismatic_joint_model.h
[30.697s] -- Up-to-date: /home/kush/UR5_Project_New/install/moveit_core/include/moveit/robot_model/floating_joint_model.h
[30.698s] -- Up-to-date: /home/kush/UR5_Project_New/install/moveit_core/include/moveit/robot_model/robot_model.h
[30.698s] -- Up-to-date: /home/kush/UR5_Project_New/install/moveit_core/include/moveit/robot_model/fixed_joint_model.h
[30.698s] -- Up-to-date: /home/kush/UR5_Project_New/install/moveit_core/include/moveit/robot_model/link_model.h
[30.699s] -- Up-to-date: /home/kush/UR5_Project_New/install/moveit_core/include/moveit/robot_model/joint_model.h
[30.699s] -- Up-to-date: /home/kush/UR5_Project_New/install/moveit_core/include/moveit/robot_model/planar_joint_model.h
[30.699s] -- Up-to-date: /home/kush/UR5_Project_New/install/moveit_core/include/moveit/robot_model/joint_model_group.h
[30.699s] -- Up-to-date: /home/kush/UR5_Project_New/install/moveit_core/include/moveit/robot_model/aabb.h
[30.699s] -- Up-to-date: /home/kush/UR5_Project_New/install/moveit_core/include
[30.700s] -- Up-to-date: /home/kush/UR5_Project_New/install/moveit_core/include/moveit
[30.700s] -- Up-to-date: /home/kush/UR5_Project_New/install/moveit_core/include/moveit/robot_state
[30.700s] -- Up-to-date: /home/kush/UR5_Project_New/install/moveit_core/include/moveit/robot_state/conversions.h
[30.700s] -- Up-to-date: /home/kush/UR5_Project_New/install/moveit_core/include/moveit/robot_state/attached_body.h
[30.700s] -- Up-to-date: /home/kush/UR5_Project_New/install/moveit_core/include/moveit/robot_state/cartesian_interpolator.h
[30.700s] -- Up-to-date: /home/kush/UR5_Project_New/install/moveit_core/include/moveit/robot_state/robot_state.h
[30.701s] -- Up-to-date: /home/kush/UR5_Project_New/install/moveit_core/include
[30.702s] -- Up-to-date: /home/kush/UR5_Project_New/install/moveit_core/include/moveit
[30.703s] -- Up-to-date: /home/kush/UR5_Project_New/install/moveit_core/include/moveit/robot_trajectory
[30.704s] -- Up-to-date: /home/kush/UR5_Project_New/install/moveit_core/include/moveit/robot_trajectory/robot_trajectory.h
[30.706s] -- Up-to-date: /home/kush/UR5_Project_New/install/moveit_core/include
[30.706s] -- Up-to-date: /home/kush/UR5_Project_New/install/moveit_core/include/moveit
[30.706s] -- Up-to-date: /home/kush/UR5_Project_New/install/moveit_core/include/moveit/sensor_manager
[30.707s] -- Up-to-date: /home/kush/UR5_Project_New/install/moveit_core/include/moveit/sensor_manager/sensor_manager.h
[30.708s] -- Up-to-date: /home/kush/UR5_Project_New/install/moveit_core/include
[30.708s] -- Up-to-date: /home/kush/UR5_Project_New/install/moveit_core/include/moveit
[30.708s] -- Up-to-date: /home/kush/UR5_Project_New/install/moveit_core/include/moveit/trajectory_processing
[30.708s] -- Up-to-date: /home/kush/UR5_Project_New/install/moveit_core/include/moveit/trajectory_processing/trajectory_tools.h
[30.709s] -- Up-to-date: /home/kush/UR5_Project_New/install/moveit_core/include/moveit/trajectory_processing/iterative_spline_parameterization.h
[30.709s] -- Up-to-date: /home/kush/UR5_Project_New/install/moveit_core/include/moveit/trajectory_processing/time_parameterization.h
[30.709s] -- Up-to-date: /home/kush/UR5_Project_New/install/moveit_core/include/moveit/trajectory_processing/ruckig_traj_smoothing.h
[30.709s] -- Up-to-date: /home/kush/UR5_Project_New/install/moveit_core/include/moveit/trajectory_processing/iterative_time_parameterization.h
[30.709s] -- Up-to-date: /home/kush/UR5_Project_New/install/moveit_core/include/moveit/trajectory_processing/time_optimal_trajectory_generation.h
[30.709s] -- Up-to-date: /home/kush/UR5_Project_New/install/moveit_core/include
[30.710s] -- Up-to-date: /home/kush/UR5_Project_New/install/moveit_core/include/moveit
[30.710s] -- Up-to-date: /home/kush/UR5_Project_New/install/moveit_core/include/moveit/transforms
[30.710s] -- Up-to-date: /home/kush/UR5_Project_New/install/moveit_core/include/moveit/transforms/transforms.h
[30.710s] -- Up-to-date: /home/kush/UR5_Project_New/install/moveit_core/include
[30.710s] -- Up-to-date: /home/kush/UR5_Project_New/install/moveit_core/include/moveit
[30.710s] -- Up-to-date: /home/kush/UR5_Project_New/install/moveit_core/include/moveit/utils
[30.711s] -- Up-to-date: /home/kush/UR5_Project_New/install/moveit_core/include/moveit/utils/message_checks.h
[30.711s] -- Up-to-date: /home/kush/UR5_Project_New/install/moveit_core/include/moveit/utils/lexical_casts.h
[30.711s] -- Up-to-date: /home/kush/UR5_Project_New/install/moveit_core/include/moveit/utils/rclcpp_utils.h
[30.711s] -- Up-to-date: /home/kush/UR5_Project_New/install/moveit_core/include/moveit/utils/robot_model_test_utils.h
[30.711s] -- Up-to-date: /home/kush/UR5_Project_New/install/moveit_core/include/moveit/utils/moveit_error_code.h
[30.735s] -- Up-to-date: /home/kush/UR5_Project_New/install/moveit_core/bin/moveit_version
[30.735s] -- Up-to-date: /home/kush/UR5_Project_New/install/moveit_core/include
[30.735s] -- Up-to-date: /home/kush/UR5_Project_New/install/moveit_core/include/moveit
[30.736s] -- Up-to-date: /home/kush/UR5_Project_New/install/moveit_core/include/moveit/collision_detection
[30.736s] -- Up-to-date: /home/kush/UR5_Project_New/install/moveit_core/include/moveit/collision_detection/test_collision_common_pr2.h
[30.736s] -- Up-to-date: /home/kush/UR5_Project_New/install/moveit_core/include/moveit/collision_detection/world_diff.h
[30.736s] -- Up-to-date: /home/kush/UR5_Project_New/install/moveit_core/include/moveit/collision_detection/occupancy_map.h
[30.737s] -- Up-to-date: /home/kush/UR5_Project_New/install/moveit_core/include/moveit/collision_detection/collision_env.h
[30.737s] -- Up-to-date: /home/kush/UR5_Project_New/install/moveit_core/include/moveit/collision_detection/world.h
[30.737s] -- Up-to-date: /home/kush/UR5_Project_New/install/moveit_core/include/moveit/collision_detection/collision_matrix.h
[30.737s] -- Up-to-date: /home/kush/UR5_Project_New/install/moveit_core/include/moveit/collision_detection/collision_tools.h
[30.737s] -- Up-to-date: /home/kush/UR5_Project_New/install/moveit_core/include/moveit/collision_detection/collision_plugin_cache.h
[30.738s] -- Up-to-date: /home/kush/UR5_Project_New/install/moveit_core/include/moveit/collision_detection/collision_plugin.h
[30.738s] -- Up-to-date: /home/kush/UR5_Project_New/install/moveit_core/include/moveit/collision_detection/allvalid
[30.738s] -- Up-to-date: /home/kush/UR5_Project_New/install/moveit_core/include/moveit/collision_detection/allvalid/collision_env_allvalid.h
[30.738s] -- Up-to-date: /home/kush/UR5_Project_New/install/moveit_core/include/moveit/collision_detection/allvalid/collision_detector_allocator_allvalid.h
[30.738s] -- Up-to-date: /home/kush/UR5_Project_New/install/moveit_core/include/moveit/collision_detection/test_collision_common_panda.h
[30.739s] -- Up-to-date: /home/kush/UR5_Project_New/install/moveit_core/include/moveit/collision_detection/collision_detector_allocator.h
[30.739s] -- Up-to-date: /home/kush/UR5_Project_New/install/moveit_core/include/moveit/collision_detection/collision_octomap_filter.h
[30.739s] -- Up-to-date: /home/kush/UR5_Project_New/install/moveit_core/include/moveit/collision_detection/collision_common.h
[30.739s] -- Up-to-date: /home/kush/UR5_Project_New/install/moveit_core/include/moveit_collision_detection_export.h
[30.739s] -- Up-to-date: /home/kush/UR5_Project_New/install/moveit_core/include
[30.740s] -- Up-to-date: /home/kush/UR5_Project_New/install/moveit_core/include/moveit
[30.740s] -- Up-to-date: /home/kush/UR5_Project_New/install/moveit_core/include/moveit/collision_detection_bullet
[30.740s] -- Up-to-date: /home/kush/UR5_Project_New/install/moveit_core/include/moveit/collision_detection_bullet/collision_detector_allocator_bullet.h
[30.740s] -- Up-to-date: /home/kush/UR5_Project_New/install/moveit_core/include/moveit/collision_detection_bullet/bullet_integration
[30.740s] -- Up-to-date: /home/kush/UR5_Project_New/install/moveit_core/include/moveit/collision_detection_bullet/bullet_integration/bullet_utils.h
[30.740s] -- Up-to-date: /home/kush/UR5_Project_New/install/moveit_core/include/moveit/collision_detection_bullet/bullet_integration/contact_checker_common.h
[30.741s] -- Up-to-date: /home/kush/UR5_Project_New/install/moveit_core/include/moveit/collision_detection_bullet/bullet_integration/bullet_bvh_manager.h
[30.741s] -- Up-to-date: /home/kush/UR5_Project_New/install/moveit_core/include/moveit/collision_detection_bullet/bullet_integration/bullet_cast_bvh_manager.h
[30.741s] -- Up-to-date: /home/kush/UR5_Project_New/install/moveit_core/include/moveit/collision_detection_bullet/bullet_integration/bullet_discrete_bvh_manager.h
[30.741s] -- Up-to-date: /home/kush/UR5_Project_New/install/moveit_core/include/moveit/collision_detection_bullet/bullet_integration/basic_types.h
[30.741s] -- Up-to-date: /home/kush/UR5_Project_New/install/moveit_core/include/moveit/collision_detection_bullet/bullet_integration/ros_bullet_utils.h
[30.741s] -- Up-to-date: /home/kush/UR5_Project_New/install/moveit_core/include/moveit/collision_detection_bullet/collision_env_bullet.h
[30.741s] -- Up-to-date: /home/kush/UR5_Project_New/install/moveit_core/include/moveit/collision_detection_bullet/collision_detector_bullet_plugin_loader.h
[30.741s] -- Up-to-date: /home/kush/UR5_Project_New/install/moveit_core/include/moveit_collision_detection_bullet_export.h
[30.796s] -- Up-to-date: /home/kush/UR5_Project_New/install/moveit_core/lib/libmoveit_collision_detection_bullet.so.2.5.4
[30.796s] -- Up-to-date: /home/kush/UR5_Project_New/install/moveit_core/lib/libmoveit_collision_detection_bullet.so
[30.797s] -- Up-to-date: /home/kush/UR5_Project_New/install/moveit_core/lib/libcollision_detector_bullet_plugin.so.2.5.4
[30.798s] -- Up-to-date: /home/kush/UR5_Project_New/install/moveit_core/lib/libcollision_detector_bullet_plugin.so
[30.798s] -- Up-to-date: /home/kush/UR5_Project_New/install/moveit_core/share/moveit_core/environment/library_path.sh
[30.798s] -- Installing: /home/kush/UR5_Project_New/install/moveit_core/share/moveit_core/environment/library_path.dsv
[30.799s] -- Up-to-date: /home/kush/UR5_Project_New/install/moveit_core/include
[30.799s] -- Up-to-date: /home/kush/UR5_Project_New/install/moveit_core/include/moveit
[30.799s] -- Up-to-date: /home/kush/UR5_Project_New/install/moveit_core/include/moveit/collision_detection_fcl
[30.800s] -- Up-to-date: /home/kush/UR5_Project_New/install/moveit_core/include/moveit/collision_detection_fcl/collision_detector_fcl_plugin_loader.h
[30.800s] -- Up-to-date: /home/kush/UR5_Project_New/install/moveit_core/include/moveit/collision_detection_fcl/fcl_compat.h
[30.800s] -- Up-to-date: /home/kush/UR5_Project_New/install/moveit_core/include/moveit/collision_detection_fcl/collision_env_fcl.h
[30.800s] -- Up-to-date: /home/kush/UR5_Project_New/install/moveit_core/include/moveit/collision_detection_fcl/collision_detector_allocator_fcl.h
[30.800s] -- Up-to-date: /home/kush/UR5_Project_New/install/moveit_core/include/moveit/collision_detection_fcl/collision_common.h
[30.800s] -- Up-to-date: /home/kush/UR5_Project_New/install/moveit_core/include/moveit_collision_detection_fcl_export.h
[30.817s] -- Up-to-date: /home/kush/UR5_Project_New/install/moveit_core/lib/libmoveit_butterworth_filter.so.2.5.4
[30.818s] -- Up-to-date: /home/kush/UR5_Project_New/install/moveit_core/lib/libmoveit_butterworth_filter.so
[30.871s] -- Up-to-date: /home/kush/UR5_Project_New/install/moveit_core/lib/libmoveit_collision_distance_field.so.2.5.4
[30.871s] -- Up-to-date: /home/kush/UR5_Project_New/install/moveit_core/lib/libmoveit_collision_distance_field.so
[30.893s] -- Up-to-date: /home/kush/UR5_Project_New/install/moveit_core/lib/libmoveit_collision_detection.so.2.5.4
[30.894s] -- Up-to-date: /home/kush/UR5_Project_New/install/moveit_core/lib/libmoveit_collision_detection.so
[30.919s] -- Up-to-date: /home/kush/UR5_Project_New/install/moveit_core/lib/libmoveit_collision_detection_fcl.so.2.5.4
[30.920s] -- Up-to-date: /home/kush/UR5_Project_New/install/moveit_core/lib/libmoveit_collision_detection_fcl.so
[30.920s] -- Up-to-date: /home/kush/UR5_Project_New/install/moveit_core/lib/libmoveit_collision_detection_bullet.so.2.5.4
[30.921s] -- Up-to-date: /home/kush/UR5_Project_New/install/moveit_core/lib/libmoveit_collision_detection_bullet.so
[30.922s] -- Up-to-date: /home/kush/UR5_Project_New/install/moveit_core/lib/libmoveit_dynamics_solver.so.2.5.4
[30.923s] -- Up-to-date: /home/kush/UR5_Project_New/install/moveit_core/lib/libmoveit_dynamics_solver.so
[30.976s] -- Up-to-date: /home/kush/UR5_Project_New/install/moveit_core/lib/libmoveit_constraint_samplers.so.2.5.4
[30.976s] -- Up-to-date: /home/kush/UR5_Project_New/install/moveit_core/lib/libmoveit_constraint_samplers.so
[31.026s] -- Up-to-date: /home/kush/UR5_Project_New/install/moveit_core/lib/libmoveit_distance_field.so.2.5.4
[31.026s] -- Up-to-date: /home/kush/UR5_Project_New/install/moveit_core/lib/libmoveit_distance_field.so
[31.044s] -- Up-to-date: /home/kush/UR5_Project_New/install/moveit_core/lib/libmoveit_exceptions.so.2.5.4
[31.045s] -- Up-to-date: /home/kush/UR5_Project_New/install/moveit_core/lib/libmoveit_exceptions.so
[31.069s] -- Up-to-date: /home/kush/UR5_Project_New/install/moveit_core/lib/libmoveit_kinematics_base.so
[31.134s] -- Up-to-date: /home/kush/UR5_Project_New/install/moveit_core/lib/libmoveit_kinematic_constraints.so.2.5.4
[31.136s] -- Up-to-date: /home/kush/UR5_Project_New/install/moveit_core/lib/libmoveit_kinematic_constraints.so
[31.195s] -- Up-to-date: /home/kush/UR5_Project_New/install/moveit_core/lib/libmoveit_kinematics_metrics.so.2.5.4
[31.195s] -- Up-to-date: /home/kush/UR5_Project_New/install/moveit_core/lib/libmoveit_kinematics_metrics.so
[31.212s] -- Up-to-date: /home/kush/UR5_Project_New/install/moveit_core/lib/libmoveit_planning_interface.so.2.5.4
[31.215s] -- Up-to-date: /home/kush/UR5_Project_New/install/moveit_core/lib/libmoveit_planning_interface.so
[31.235s] -- Up-to-date: /home/kush/UR5_Project_New/install/moveit_core/lib/libmoveit_planning_scene.so.2.5.4
[31.237s] -- Up-to-date: /home/kush/UR5_Project_New/install/moveit_core/lib/libmoveit_planning_scene.so
[31.253s] -- Up-to-date: /home/kush/UR5_Project_New/install/moveit_core/lib/libmoveit_planning_request_adapter.so.2.5.4
[31.256s] -- Up-to-date: /home/kush/UR5_Project_New/install/moveit_core/lib/libmoveit_planning_request_adapter.so
[31.322s] -- Up-to-date: /home/kush/UR5_Project_New/install/moveit_core/lib/libmoveit_robot_model.so.2.5.4
[31.323s] -- Up-to-date: /home/kush/UR5_Project_New/install/moveit_core/lib/libmoveit_robot_model.so
[31.342s] -- Up-to-date: /home/kush/UR5_Project_New/install/moveit_core/lib/libmoveit_robot_state.so.2.5.4
[31.344s] -- Up-to-date: /home/kush/UR5_Project_New/install/moveit_core/lib/libmoveit_robot_state.so
[31.346s] -- Up-to-date: /home/kush/UR5_Project_New/install/moveit_core/lib/libmoveit_robot_trajectory.so.2.5.4
[31.347s] -- Up-to-date: /home/kush/UR5_Project_New/install/moveit_core/lib/libmoveit_robot_trajectory.so
[31.348s] -- Up-to-date: /home/kush/UR5_Project_New/install/moveit_core/lib/libmoveit_smoothing_base.so.2.5.4
[31.350s] -- Up-to-date: /home/kush/UR5_Project_New/install/moveit_core/lib/libmoveit_smoothing_base.so
[31.362s] -- Up-to-date: /home/kush/UR5_Project_New/install/moveit_core/lib/libmoveit_test_utils.so.2.5.4
[31.363s] -- Up-to-date: /home/kush/UR5_Project_New/install/moveit_core/lib/libmoveit_test_utils.so
[31.402s] -- Up-to-date: /home/kush/UR5_Project_New/install/moveit_core/lib/libmoveit_trajectory_processing.so.2.5.4
[31.403s] -- Up-to-date: /home/kush/UR5_Project_New/install/moveit_core/lib/libmoveit_trajectory_processing.so
[31.471s] -- Up-to-date: /home/kush/UR5_Project_New/install/moveit_core/lib/libmoveit_transforms.so.2.5.4
[31.472s] -- Up-to-date: /home/kush/UR5_Project_New/install/moveit_core/lib/libmoveit_transforms.so
[31.485s] -- Up-to-date: /home/kush/UR5_Project_New/install/moveit_core/lib/libmoveit_utils.so.2.5.4
[31.486s] -- Up-to-date: /home/kush/UR5_Project_New/install/moveit_core/lib/libmoveit_utils.so
[31.486s] -- Up-to-date: /home/kush/UR5_Project_New/install/moveit_core/share/moveit_core/environment/library_path.sh
[31.486s] -- Up-to-date: /home/kush/UR5_Project_New/install/moveit_core/share/moveit_core/environment/library_path.dsv
[31.487s] -- Up-to-date: /home/kush/UR5_Project_New/install/moveit_core/share/moveit_core/collision_detector_fcl_description.xml
[31.487s] -- Up-to-date: /home/kush/UR5_Project_New/install/moveit_core/share/moveit_core/collision_detector_bullet_description.xml
[31.487s] -- Up-to-date: /home/kush/UR5_Project_New/install/moveit_core/share/moveit_core/filter_plugin_butterworth.xml
[31.488s] -- Up-to-date: /home/kush/UR5_Project_New/install/moveit_core/share/ament_index/resource_index/package_run_dependencies/moveit_core
[31.488s] -- Installing: /home/kush/UR5_Project_New/install/moveit_core/share/ament_index/resource_index/parent_prefix_path/moveit_core
[31.488s] -- Up-to-date: /home/kush/UR5_Project_New/install/moveit_core/share/moveit_core/environment/ament_prefix_path.sh
[31.488s] -- Installing: /home/kush/UR5_Project_New/install/moveit_core/share/moveit_core/environment/ament_prefix_path.dsv
[31.489s] -- Up-to-date: /home/kush/UR5_Project_New/install/moveit_core/share/moveit_core/environment/path.sh
[31.489s] -- Installing: /home/kush/UR5_Project_New/install/moveit_core/share/moveit_core/environment/path.dsv
[31.489s] -- Up-to-date: /home/kush/UR5_Project_New/install/moveit_core/share/moveit_core/local_setup.bash
[31.489s] -- Up-to-date: /home/kush/UR5_Project_New/install/moveit_core/share/moveit_core/local_setup.sh
[31.489s] -- Up-to-date: /home/kush/UR5_Project_New/install/moveit_core/share/moveit_core/local_setup.zsh
[31.490s] -- Installing: /home/kush/UR5_Project_New/install/moveit_core/share/moveit_core/local_setup.dsv
[31.490s] -- Installing: /home/kush/UR5_Project_New/install/moveit_core/share/moveit_core/package.dsv
[31.490s] -- Up-to-date: /home/kush/UR5_Project_New/install/moveit_core/share/ament_index/resource_index/packages/moveit_core
[31.490s] -- Up-to-date: /home/kush/UR5_Project_New/install/moveit_core/share/ament_index/resource_index/moveit_core__pluginlib__plugin/moveit_core
[31.491s] -- Up-to-date: /home/kush/UR5_Project_New/install/moveit_core/share/moveit_core/cmake/export_moveit_coreExport.cmake
[31.492s] -- Up-to-date: /home/kush/UR5_Project_New/install/moveit_core/share/moveit_core/cmake/export_moveit_coreExport-release.cmake
[31.492s] -- Up-to-date: /home/kush/UR5_Project_New/install/moveit_core/share/moveit_core/cmake/ConfigExtras.cmake
[31.493s] -- Up-to-date: /home/kush/UR5_Project_New/install/moveit_core/share/moveit_core/cmake/ament_cmake_export_targets-extras.cmake
[31.493s] -- Up-to-date: /home/kush/UR5_Project_New/install/moveit_core/share/moveit_core/cmake/ament_cmake_export_dependencies-extras.cmake
[31.494s] -- Up-to-date: /home/kush/UR5_Project_New/install/moveit_core/share/moveit_core/cmake/moveit_coreConfig.cmake
[31.494s] -- Up-to-date: /home/kush/UR5_Project_New/install/moveit_core/share/moveit_core/cmake/moveit_coreConfig-version.cmake
[31.494s] -- Up-to-date: /home/kush/UR5_Project_New/install/moveit_core/share/moveit_core/package.xml
[31.507s] Invoked command in '/home/kush/UR5_Project_New/build/moveit_core' returned '0': AMENT_PREFIX_PATH=/home/kush/UR5_Project_New/install/moveit_resources_panda_moveit_config:/home/kush/UR5_Project_New/install/srdfdom:/home/kush/UR5_Project_New/install/moveit_resources_pr2_description:/home/kush/UR5_Project_New/install/moveit_resources_panda_description:/home/kush/UR5_Project_New/install/moveit_common:${AMENT_PREFIX_PATH} CMAKE_PREFIX_PATH=/home/kush/UR5_Project_New/install/moveit_resources_panda_moveit_config:/home/kush/UR5_Project_New/install/srdfdom:/home/kush/UR5_Project_New/install/moveit_resources_pr2_description:/home/kush/UR5_Project_New/install/moveit_resources_panda_description:/home/kush/UR5_Project_New/install/moveit_common:/opt/ros/humble LD_LIBRARY_PATH=/home/kush/UR5_Project_New/install/srdfdom/lib:${LD_LIBRARY_PATH} PYTHONPATH=/home/kush/UR5_Project_New/install/srdfdom/local/lib/python3.10/dist-packages:${PYTHONPATH} /usr/bin/cmake --install /home/kush/UR5_Project_New/build/moveit_core
