[0.108s] Invoking command in '/home/kush/UR5_Project_New/build/moveit_resources_pr2_description': CMAKE_PREFIX_PATH=${CMAKE_PREFIX_PATH}:/home/kush/ws_moveit2_ur5/install/moveit_configs_utils:/home/kush/ws_moveit2_ur5/install/launch_param_builder:/opt/ros/humble /usr/bin/cmake /home/kush/UR5_Project_New/src/moveit_resources/pr2_description -DCMAKE_BUILD_TYPE=Release -DCMAKE_INSTALL_PREFIX=/home/kush/UR5_Project_New/install/moveit_resources_pr2_description
[0.511s] -- The C compiler identification is GNU 11.4.0
[0.707s] -- The CXX compiler identification is GNU 11.4.0
[0.750s] -- Detecting C compiler ABI info
[1.202s] -- Detecting C compiler ABI info - done
[1.258s] -- Check for working C compiler: /usr/bin/cc - skipped
[1.269s] -- Detecting C compile features
[1.269s] -- Detecting C compile features - done
[1.277s] -- Detecting CXX compiler ABI info
[1.732s] -- Detecting CXX compiler ABI info - done
[1.785s] -- Check for working CXX compiler: /usr/bin/c++ - skipped
[1.785s] -- Detecting CXX compile features
[1.787s] -- Detecting CXX compile features - done
[1.807s] -- Found ament_cmake: 1.3.5 (/opt/ros/humble/share/ament_cmake/cmake)
[2.676s] -- Found Python3: /usr/bin/python3.10 (found version "3.10.12") found components: Interpreter 
[3.698s] -- Configuring done
[3.715s] -- Generating done
[3.720s] -- Build files have been written to: /home/kush/UR5_Project_New/build/moveit_resources_pr2_description
[3.736s] Invoked command in '/home/kush/UR5_Project_New/build/moveit_resources_pr2_description' returned '0': CMAKE_PREFIX_PATH=${CMAKE_PREFIX_PATH}:/home/kush/ws_moveit2_ur5/install/moveit_configs_utils:/home/kush/ws_moveit2_ur5/install/launch_param_builder:/opt/ros/humble /usr/bin/cmake /home/kush/UR5_Project_New/src/moveit_resources/pr2_description -DCMAKE_BUILD_TYPE=Release -DCMAKE_INSTALL_PREFIX=/home/kush/UR5_Project_New/install/moveit_resources_pr2_description
[3.737s] Invoking command in '/home/kush/UR5_Project_New/build/moveit_resources_pr2_description': CMAKE_PREFIX_PATH=${CMAKE_PREFIX_PATH}:/home/kush/ws_moveit2_ur5/install/moveit_configs_utils:/home/kush/ws_moveit2_ur5/install/launch_param_builder:/opt/ros/humble /usr/bin/cmake --build /home/kush/UR5_Project_New/build/moveit_resources_pr2_description -- -j4 -l4
[3.976s] Invoked command in '/home/kush/UR5_Project_New/build/moveit_resources_pr2_description' returned '0': CMAKE_PREFIX_PATH=${CMAKE_PREFIX_PATH}:/home/kush/ws_moveit2_ur5/install/moveit_configs_utils:/home/kush/ws_moveit2_ur5/install/launch_param_builder:/opt/ros/humble /usr/bin/cmake --build /home/kush/UR5_Project_New/build/moveit_resources_pr2_description -- -j4 -l4
[4.304s] Invoking command in '/home/kush/UR5_Project_New/build/moveit_resources_pr2_description': CMAKE_PREFIX_PATH=${CMAKE_PREFIX_PATH}:/home/kush/ws_moveit2_ur5/install/moveit_configs_utils:/home/kush/ws_moveit2_ur5/install/launch_param_builder:/opt/ros/humble /usr/bin/cmake --install /home/kush/UR5_Project_New/build/moveit_resources_pr2_description
[4.357s] -- Install configuration: "Release"
[4.358s] -- Installing: /home/kush/UR5_Project_New/install/moveit_resources_pr2_description/share/ament_index/resource_index/package_run_dependencies/moveit_resources_pr2_description
[4.362s] -- Installing: /home/kush/UR5_Project_New/install/moveit_resources_pr2_description/share/ament_index/resource_index/parent_prefix_path/moveit_resources_pr2_description
[4.367s] -- Installing: /home/kush/UR5_Project_New/install/moveit_resources_pr2_description/share/moveit_resources_pr2_description/environment/ament_prefix_path.sh
[4.368s] -- Installing: /home/kush/UR5_Project_New/install/moveit_resources_pr2_description/share/moveit_resources_pr2_description/environment/ament_prefix_path.dsv
[4.369s] -- Installing: /home/kush/UR5_Project_New/install/moveit_resources_pr2_description/share/moveit_resources_pr2_description/environment/path.sh
[4.369s] -- Installing: /home/kush/UR5_Project_New/install/moveit_resources_pr2_description/share/moveit_resources_pr2_description/environment/path.dsv
[4.370s] -- Installing: /home/kush/UR5_Project_New/install/moveit_resources_pr2_description/share/moveit_resources_pr2_description/local_setup.bash
[4.371s] -- Installing: /home/kush/UR5_Project_New/install/moveit_resources_pr2_description/share/moveit_resources_pr2_description/local_setup.sh
[4.372s] -- Installing: /home/kush/UR5_Project_New/install/moveit_resources_pr2_description/share/moveit_resources_pr2_description/local_setup.zsh
[4.372s] -- Installing: /home/kush/UR5_Project_New/install/moveit_resources_pr2_description/share/moveit_resources_pr2_description/local_setup.dsv
[4.373s] -- Installing: /home/kush/UR5_Project_New/install/moveit_resources_pr2_description/share/moveit_resources_pr2_description/package.dsv
[4.374s] -- Installing: /home/kush/UR5_Project_New/install/moveit_resources_pr2_description/share/ament_index/resource_index/packages/moveit_resources_pr2_description
[4.376s] -- Installing: /home/kush/UR5_Project_New/install/moveit_resources_pr2_description/share/moveit_resources_pr2_description/cmake/moveit_resources_pr2_descriptionConfig.cmake
[4.377s] -- Installing: /home/kush/UR5_Project_New/install/moveit_resources_pr2_description/share/moveit_resources_pr2_description/cmake/moveit_resources_pr2_descriptionConfig-version.cmake
[4.384s] -- Installing: /home/kush/UR5_Project_New/install/moveit_resources_pr2_description/share/moveit_resources_pr2_description/package.xml
[4.385s] -- Installing: /home/kush/UR5_Project_New/install/moveit_resources_pr2_description/share/moveit_resources_pr2_description/srdf
[4.385s] -- Installing: /home/kush/UR5_Project_New/install/moveit_resources_pr2_description/share/moveit_resources_pr2_description/srdf/robot.xml
[4.386s] -- Installing: /home/kush/UR5_Project_New/install/moveit_resources_pr2_description/share/moveit_resources_pr2_description/urdf
[4.386s] -- Installing: /home/kush/UR5_Project_New/install/moveit_resources_pr2_description/share/moveit_resources_pr2_description/urdf/materials
[4.387s] -- Installing: /home/kush/UR5_Project_New/install/moveit_resources_pr2_description/share/moveit_resources_pr2_description/urdf/materials/textures
[4.387s] -- Installing: /home/kush/UR5_Project_New/install/moveit_resources_pr2_description/share/moveit_resources_pr2_description/urdf/materials/textures/pr2_wheel_right.png
[4.388s] -- Installing: /home/kush/UR5_Project_New/install/moveit_resources_pr2_description/share/moveit_resources_pr2_description/urdf/materials/textures/pr2_caster_texture.png
[4.388s] -- Installing: /home/kush/UR5_Project_New/install/moveit_resources_pr2_description/share/moveit_resources_pr2_description/urdf/materials/textures/pr2_wheel_left.png
[4.389s] -- Installing: /home/kush/UR5_Project_New/install/moveit_resources_pr2_description/share/moveit_resources_pr2_description/urdf/meshes
[4.390s] -- Installing: /home/kush/UR5_Project_New/install/moveit_resources_pr2_description/share/moveit_resources_pr2_description/urdf/meshes/sensors
[4.390s] -- Installing: /home/kush/UR5_Project_New/install/moveit_resources_pr2_description/share/moveit_resources_pr2_description/urdf/meshes/sensors/kinect_v0
[4.391s] -- Installing: /home/kush/UR5_Project_New/install/moveit_resources_pr2_description/share/moveit_resources_pr2_description/urdf/meshes/sensors/kinect_v0/kinect_mount.stl
[4.392s] -- Installing: /home/kush/UR5_Project_New/install/moveit_resources_pr2_description/share/moveit_resources_pr2_description/urdf/meshes/sensors/kinect_v0/kinect.tga
[4.393s] -- Installing: /home/kush/UR5_Project_New/install/moveit_resources_pr2_description/share/moveit_resources_pr2_description/urdf/meshes/sensors/kinect_v0/kinect_color.tga
[4.393s] -- Installing: /home/kush/UR5_Project_New/install/moveit_resources_pr2_description/share/moveit_resources_pr2_description/urdf/meshes/sensors/kinect_v0/kinect.dae
[4.394s] -- Installing: /home/kush/UR5_Project_New/install/moveit_resources_pr2_description/share/moveit_resources_pr2_description/urdf/meshes/sensors/kinect_prosilica_v0
[4.399s] -- Installing: /home/kush/UR5_Project_New/install/moveit_resources_pr2_description/share/moveit_resources_pr2_description/urdf/meshes/sensors/kinect_prosilica_v0/115x100_swept_back_no_sensors--coarse.STL
[4.402s] -- Installing: /home/kush/UR5_Project_New/install/moveit_resources_pr2_description/share/moveit_resources_pr2_description/urdf/meshes/sensors/kinect_prosilica_v0/115x100_swept_fwd_no_sensors--coarse.STL
[4.404s] -- Installing: /home/kush/UR5_Project_New/install/moveit_resources_pr2_description/share/moveit_resources_pr2_description/urdf/meshes/sensors/kinect_prosilica_v0/115x100_swept_back--coarse.STL
[4.408s] -- Installing: /home/kush/UR5_Project_New/install/moveit_resources_pr2_description/share/moveit_resources_pr2_description/urdf/meshes/sensors/kinect_prosilica_v0/68-04546_Kinect_Sensor--coarse.STL
[4.408s] -- Installing: /home/kush/UR5_Project_New/install/moveit_resources_pr2_description/share/moveit_resources_pr2_description/urdf/meshes/sensors/kinect_prosilica_v0/Prosilica_w_Lens--coarse.STL
[4.412s] -- Installing: /home/kush/UR5_Project_New/install/moveit_resources_pr2_description/share/moveit_resources_pr2_description/urdf/meshes/sensors/kinect_prosilica_v0/115x100_swept_fwd--coarse.STL
[4.415s] -- Installing: /home/kush/UR5_Project_New/install/moveit_resources_pr2_description/share/moveit_resources_pr2_description/urdf/meshes/torso_v0
[4.416s] -- Installing: /home/kush/UR5_Project_New/install/moveit_resources_pr2_description/share/moveit_resources_pr2_description/urdf/meshes/torso_v0/torso.stl
[4.417s] -- Installing: /home/kush/UR5_Project_New/install/moveit_resources_pr2_description/share/moveit_resources_pr2_description/urdf/meshes/torso_v0/torso_lift_L.stl
[4.417s] -- Installing: /home/kush/UR5_Project_New/install/moveit_resources_pr2_description/share/moveit_resources_pr2_description/urdf/meshes/torso_v0/torso_lift.dae
[4.418s] -- Installing: /home/kush/UR5_Project_New/install/moveit_resources_pr2_description/share/moveit_resources_pr2_description/urdf/meshes/torso_v0/torso_lift.stl
[4.418s] -- Installing: /home/kush/UR5_Project_New/install/moveit_resources_pr2_description/share/moveit_resources_pr2_description/urdf/meshes/torso_v0/convex
[4.419s] -- Installing: /home/kush/UR5_Project_New/install/moveit_resources_pr2_description/share/moveit_resources_pr2_description/urdf/meshes/torso_v0/convex/torso_lift_convex.stla
[4.420s] -- Installing: /home/kush/UR5_Project_New/install/moveit_resources_pr2_description/share/moveit_resources_pr2_description/urdf/meshes/torso_v0/convex/torso_lift.xml
[4.420s] -- Installing: /home/kush/UR5_Project_New/install/moveit_resources_pr2_description/share/moveit_resources_pr2_description/urdf/meshes/torso_v0/convex/torso_lift_L_convex.stlb
[4.421s] -- Installing: /home/kush/UR5_Project_New/install/moveit_resources_pr2_description/share/moveit_resources_pr2_description/urdf/meshes/torso_v0/convex/torso_lift_L.dae
[4.422s] -- Installing: /home/kush/UR5_Project_New/install/moveit_resources_pr2_description/share/moveit_resources_pr2_description/urdf/meshes/torso_v0/convex/torso.xml
[4.422s] -- Installing: /home/kush/UR5_Project_New/install/moveit_resources_pr2_description/share/moveit_resources_pr2_description/urdf/meshes/torso_v0/convex/torso_convex.stlb
[4.423s] -- Installing: /home/kush/UR5_Project_New/install/moveit_resources_pr2_description/share/moveit_resources_pr2_description/urdf/meshes/torso_v0/convex/torso_lift.dae
[4.424s] -- Installing: /home/kush/UR5_Project_New/install/moveit_resources_pr2_description/share/moveit_resources_pr2_description/urdf/meshes/torso_v0/convex/torso_lift_L_convex.stla
[4.424s] -- Installing: /home/kush/UR5_Project_New/install/moveit_resources_pr2_description/share/moveit_resources_pr2_description/urdf/meshes/torso_v0/convex/torso.dae
[4.425s] -- Installing: /home/kush/UR5_Project_New/install/moveit_resources_pr2_description/share/moveit_resources_pr2_description/urdf/meshes/torso_v0/convex/torso_lift_convex.stlb
[4.426s] -- Installing: /home/kush/UR5_Project_New/install/moveit_resources_pr2_description/share/moveit_resources_pr2_description/urdf/meshes/torso_v0/convex/torso_convex.stla
[4.426s] -- Installing: /home/kush/UR5_Project_New/install/moveit_resources_pr2_description/share/moveit_resources_pr2_description/urdf/meshes/torso_v0/convex/torso_lift_L.xml
[4.427s] -- Installing: /home/kush/UR5_Project_New/install/moveit_resources_pr2_description/share/moveit_resources_pr2_description/urdf/meshes/torso_v0/torso_lift_normals.tif
[4.429s] -- Installing: /home/kush/UR5_Project_New/install/moveit_resources_pr2_description/share/moveit_resources_pr2_description/urdf/meshes/torso_v0/torso_lift_color.tif
[4.432s] -- Installing: /home/kush/UR5_Project_New/install/moveit_resources_pr2_description/share/moveit_resources_pr2_description/urdf/meshes/upper_arm_v0
[4.432s] -- Installing: /home/kush/UR5_Project_New/install/moveit_resources_pr2_description/share/moveit_resources_pr2_description/urdf/meshes/upper_arm_v0/forearm_roll_L.stl
[4.433s] -- Installing: /home/kush/UR5_Project_New/install/moveit_resources_pr2_description/share/moveit_resources_pr2_description/urdf/meshes/upper_arm_v0/upper_arm.jpg
[4.435s] -- Installing: /home/kush/UR5_Project_New/install/moveit_resources_pr2_description/share/moveit_resources_pr2_description/urdf/meshes/upper_arm_v0/upper_arm.dae
[4.436s] -- Installing: /home/kush/UR5_Project_New/install/moveit_resources_pr2_description/share/moveit_resources_pr2_description/urdf/meshes/upper_arm_v0/upper_arm_normals.tif
[4.439s] -- Installing: /home/kush/UR5_Project_New/install/moveit_resources_pr2_description/share/moveit_resources_pr2_description/urdf/meshes/upper_arm_v0/elbow_flex_color.tif
[4.440s] -- Installing: /home/kush/UR5_Project_New/install/moveit_resources_pr2_description/share/moveit_resources_pr2_description/urdf/meshes/upper_arm_v0/elbow_flex_normals.tif
[4.445s] -- Installing: /home/kush/UR5_Project_New/install/moveit_resources_pr2_description/share/moveit_resources_pr2_description/urdf/meshes/upper_arm_v0/elbow_flex.dae
[4.446s] -- Installing: /home/kush/UR5_Project_New/install/moveit_resources_pr2_description/share/moveit_resources_pr2_description/urdf/meshes/upper_arm_v0/elbow_flex.stl
[4.447s] -- Installing: /home/kush/UR5_Project_New/install/moveit_resources_pr2_description/share/moveit_resources_pr2_description/urdf/meshes/upper_arm_v0/upper_arm.stl
[4.448s] -- Installing: /home/kush/UR5_Project_New/install/moveit_resources_pr2_description/share/moveit_resources_pr2_description/urdf/meshes/upper_arm_v0/convex
[4.449s] -- Installing: /home/kush/UR5_Project_New/install/moveit_resources_pr2_description/share/moveit_resources_pr2_description/urdf/meshes/upper_arm_v0/convex/upper_arm_convex.stla
[4.449s] -- Installing: /home/kush/UR5_Project_New/install/moveit_resources_pr2_description/share/moveit_resources_pr2_description/urdf/meshes/upper_arm_v0/convex/forearm_roll_convex.stlb
[4.450s] -- Installing: /home/kush/UR5_Project_New/install/moveit_resources_pr2_description/share/moveit_resources_pr2_description/urdf/meshes/upper_arm_v0/convex/elbow_flex_convex.stlb
[4.451s] -- Installing: /home/kush/UR5_Project_New/install/moveit_resources_pr2_description/share/moveit_resources_pr2_description/urdf/meshes/upper_arm_v0/convex/upper_arm.dae
[4.451s] -- Installing: /home/kush/UR5_Project_New/install/moveit_resources_pr2_description/share/moveit_resources_pr2_description/urdf/meshes/upper_arm_v0/convex/forearm_roll_L_convex.stlb
[4.452s] -- Installing: /home/kush/UR5_Project_New/install/moveit_resources_pr2_description/share/moveit_resources_pr2_description/urdf/meshes/upper_arm_v0/convex/forearm_roll_L_convex.stla
[4.453s] -- Installing: /home/kush/UR5_Project_New/install/moveit_resources_pr2_description/share/moveit_resources_pr2_description/urdf/meshes/upper_arm_v0/convex/elbow_flex.xml
[4.454s] -- Installing: /home/kush/UR5_Project_New/install/moveit_resources_pr2_description/share/moveit_resources_pr2_description/urdf/meshes/upper_arm_v0/convex/upper_arm_convex.stlb
[4.454s] -- Installing: /home/kush/UR5_Project_New/install/moveit_resources_pr2_description/share/moveit_resources_pr2_description/urdf/meshes/upper_arm_v0/convex/forearm_roll_convex.stla
[4.455s] -- Installing: /home/kush/UR5_Project_New/install/moveit_resources_pr2_description/share/moveit_resources_pr2_description/urdf/meshes/upper_arm_v0/convex/elbow_flex.dae
[4.456s] -- Installing: /home/kush/UR5_Project_New/install/moveit_resources_pr2_description/share/moveit_resources_pr2_description/urdf/meshes/upper_arm_v0/convex/forearm_roll_L.xml
[4.456s] -- Installing: /home/kush/UR5_Project_New/install/moveit_resources_pr2_description/share/moveit_resources_pr2_description/urdf/meshes/upper_arm_v0/convex/forearm_roll_L.dae
[4.459s] -- Installing: /home/kush/UR5_Project_New/install/moveit_resources_pr2_description/share/moveit_resources_pr2_description/urdf/meshes/upper_arm_v0/convex/forearm_roll.dae
[4.460s] -- Installing: /home/kush/UR5_Project_New/install/moveit_resources_pr2_description/share/moveit_resources_pr2_description/urdf/meshes/upper_arm_v0/convex/forearm_roll.xml
[4.460s] -- Installing: /home/kush/UR5_Project_New/install/moveit_resources_pr2_description/share/moveit_resources_pr2_description/urdf/meshes/upper_arm_v0/convex/upper_arm.xml
[4.461s] -- Installing: /home/kush/UR5_Project_New/install/moveit_resources_pr2_description/share/moveit_resources_pr2_description/urdf/meshes/upper_arm_v0/convex/elbow_flex_convex.stla
[4.462s] -- Installing: /home/kush/UR5_Project_New/install/moveit_resources_pr2_description/share/moveit_resources_pr2_description/urdf/meshes/upper_arm_v0/forearm_roll.stl
[4.463s] -- Installing: /home/kush/UR5_Project_New/install/moveit_resources_pr2_description/share/moveit_resources_pr2_description/urdf/meshes/upper_arm_v0/upper_arm_color.tif
[4.464s] -- Installing: /home/kush/UR5_Project_New/install/moveit_resources_pr2_description/share/moveit_resources_pr2_description/urdf/meshes/forearm_v0
[4.464s] -- Installing: /home/kush/UR5_Project_New/install/moveit_resources_pr2_description/share/moveit_resources_pr2_description/urdf/meshes/forearm_v0/wrist_flex.dae
[4.465s] -- Installing: /home/kush/UR5_Project_New/install/moveit_resources_pr2_description/share/moveit_resources_pr2_description/urdf/meshes/forearm_v0/forearm_color.tif
[4.474s] -- Installing: /home/kush/UR5_Project_New/install/moveit_resources_pr2_description/share/moveit_resources_pr2_description/urdf/meshes/forearm_v0/wrist_normals.tif
[4.479s] -- Installing: /home/kush/UR5_Project_New/install/moveit_resources_pr2_description/share/moveit_resources_pr2_description/urdf/meshes/forearm_v0/forearm.jpg
[4.479s] -- Installing: /home/kush/UR5_Project_New/install/moveit_resources_pr2_description/share/moveit_resources_pr2_description/urdf/meshes/forearm_v0/forearm.stl
[4.480s] -- Installing: /home/kush/UR5_Project_New/install/moveit_resources_pr2_description/share/moveit_resources_pr2_description/urdf/meshes/forearm_v0/forearm_normals.tif
[4.486s] -- Installing: /home/kush/UR5_Project_New/install/moveit_resources_pr2_description/share/moveit_resources_pr2_description/urdf/meshes/forearm_v0/wrist_flex.stl
[4.487s] -- Installing: /home/kush/UR5_Project_New/install/moveit_resources_pr2_description/share/moveit_resources_pr2_description/urdf/meshes/forearm_v0/wrist_color.tif
[4.488s] -- Installing: /home/kush/UR5_Project_New/install/moveit_resources_pr2_description/share/moveit_resources_pr2_description/urdf/meshes/forearm_v0/forearm.dae
[4.489s] -- Installing: /home/kush/UR5_Project_New/install/moveit_resources_pr2_description/share/moveit_resources_pr2_description/urdf/meshes/forearm_v0/convex
[4.490s] -- Installing: /home/kush/UR5_Project_New/install/moveit_resources_pr2_description/share/moveit_resources_pr2_description/urdf/meshes/forearm_v0/convex/wrist_flex_convex.stlb
[4.491s] -- Installing: /home/kush/UR5_Project_New/install/moveit_resources_pr2_description/share/moveit_resources_pr2_description/urdf/meshes/forearm_v0/convex/wrist_roll_L_convex.stla
[4.491s] -- Installing: /home/kush/UR5_Project_New/install/moveit_resources_pr2_description/share/moveit_resources_pr2_description/urdf/meshes/forearm_v0/convex/wrist_flex_convex.stla
[4.492s] -- Installing: /home/kush/UR5_Project_New/install/moveit_resources_pr2_description/share/moveit_resources_pr2_description/urdf/meshes/forearm_v0/convex/wrist_flex.xml
[4.493s] -- Installing: /home/kush/UR5_Project_New/install/moveit_resources_pr2_description/share/moveit_resources_pr2_description/urdf/meshes/forearm_v0/convex/wrist_flex.dae
[4.496s] -- Installing: /home/kush/UR5_Project_New/install/moveit_resources_pr2_description/share/moveit_resources_pr2_description/urdf/meshes/forearm_v0/convex/wrist_roll_convex.stlb
[4.497s] -- Installing: /home/kush/UR5_Project_New/install/moveit_resources_pr2_description/share/moveit_resources_pr2_description/urdf/meshes/forearm_v0/convex/wrist_roll.xml
[4.497s] -- Installing: /home/kush/UR5_Project_New/install/moveit_resources_pr2_description/share/moveit_resources_pr2_description/urdf/meshes/forearm_v0/convex/forearm_convex.stla
[4.498s] -- Installing: /home/kush/UR5_Project_New/install/moveit_resources_pr2_description/share/moveit_resources_pr2_description/urdf/meshes/forearm_v0/convex/forearm.xml
[4.498s] -- Installing: /home/kush/UR5_Project_New/install/moveit_resources_pr2_description/share/moveit_resources_pr2_description/urdf/meshes/forearm_v0/convex/forearm.dae
[4.498s] -- Installing: /home/kush/UR5_Project_New/install/moveit_resources_pr2_description/share/moveit_resources_pr2_description/urdf/meshes/forearm_v0/convex/wrist_roll.dae
[4.498s] -- Installing: /home/kush/UR5_Project_New/install/moveit_resources_pr2_description/share/moveit_resources_pr2_description/urdf/meshes/forearm_v0/convex/forearm_convex.stlb
[4.499s] -- Installing: /home/kush/UR5_Project_New/install/moveit_resources_pr2_description/share/moveit_resources_pr2_description/urdf/meshes/forearm_v0/convex/wrist_roll_L_convex.stlb
[4.499s] -- Installing: /home/kush/UR5_Project_New/install/moveit_resources_pr2_description/share/moveit_resources_pr2_description/urdf/meshes/forearm_v0/convex/wrist_roll_convex.stla
[4.500s] -- Installing: /home/kush/UR5_Project_New/install/moveit_resources_pr2_description/share/moveit_resources_pr2_description/urdf/meshes/forearm_v0/convex/wrist_roll_L.xml
[4.500s] -- Installing: /home/kush/UR5_Project_New/install/moveit_resources_pr2_description/share/moveit_resources_pr2_description/urdf/meshes/forearm_v0/convex/wrist_roll_L.dae
[4.500s] -- Installing: /home/kush/UR5_Project_New/install/moveit_resources_pr2_description/share/moveit_resources_pr2_description/urdf/meshes/forearm_v0/wrist_roll.stl
[4.500s] -- Installing: /home/kush/UR5_Project_New/install/moveit_resources_pr2_description/share/moveit_resources_pr2_description/urdf/meshes/forearm_v0/wrist_roll_L.stl
[4.501s] -- Installing: /home/kush/UR5_Project_New/install/moveit_resources_pr2_description/share/moveit_resources_pr2_description/urdf/meshes/base_v0
[4.501s] -- Installing: /home/kush/UR5_Project_New/install/moveit_resources_pr2_description/share/moveit_resources_pr2_description/urdf/meshes/base_v0/pr2_wheel.stl
[4.501s] -- Installing: /home/kush/UR5_Project_New/install/moveit_resources_pr2_description/share/moveit_resources_pr2_description/urdf/meshes/base_v0/wheel_h.dae
[4.505s] -- Installing: /home/kush/UR5_Project_New/install/moveit_resources_pr2_description/share/moveit_resources_pr2_description/urdf/meshes/base_v0/base.stl
[4.505s] -- Installing: /home/kush/UR5_Project_New/install/moveit_resources_pr2_description/share/moveit_resources_pr2_description/urdf/meshes/base_v0/base_normals.tif
[4.508s] -- Installing: /home/kush/UR5_Project_New/install/moveit_resources_pr2_description/share/moveit_resources_pr2_description/urdf/meshes/base_v0/wheel_color.tif
[4.508s] -- Installing: /home/kush/UR5_Project_New/install/moveit_resources_pr2_description/share/moveit_resources_pr2_description/urdf/meshes/base_v0/base_color.tif
[4.509s] -- Installing: /home/kush/UR5_Project_New/install/moveit_resources_pr2_description/share/moveit_resources_pr2_description/urdf/meshes/base_v0/wheel.stl
[4.509s] -- Installing: /home/kush/UR5_Project_New/install/moveit_resources_pr2_description/share/moveit_resources_pr2_description/urdf/meshes/base_v0/wheel_h_color.tif
[4.510s] -- Installing: /home/kush/UR5_Project_New/install/moveit_resources_pr2_description/share/moveit_resources_pr2_description/urdf/meshes/base_v0/caster.stl
[4.510s] -- Installing: /home/kush/UR5_Project_New/install/moveit_resources_pr2_description/share/moveit_resources_pr2_description/urdf/meshes/base_v0/caster_L.stl
[4.510s] -- Installing: /home/kush/UR5_Project_New/install/moveit_resources_pr2_description/share/moveit_resources_pr2_description/urdf/meshes/base_v0/wheel_normals.tif
[4.514s] -- Installing: /home/kush/UR5_Project_New/install/moveit_resources_pr2_description/share/moveit_resources_pr2_description/urdf/meshes/base_v0/convex
[4.514s] -- Installing: /home/kush/UR5_Project_New/install/moveit_resources_pr2_description/share/moveit_resources_pr2_description/urdf/meshes/base_v0/convex/base_L_convex.stla
[4.514s] -- Installing: /home/kush/UR5_Project_New/install/moveit_resources_pr2_description/share/moveit_resources_pr2_description/urdf/meshes/base_v0/convex/caster_L_convex.stlb
[4.515s] -- Installing: /home/kush/UR5_Project_New/install/moveit_resources_pr2_description/share/moveit_resources_pr2_description/urdf/meshes/base_v0/convex/caster_L.xml
[4.515s] -- Installing: /home/kush/UR5_Project_New/install/moveit_resources_pr2_description/share/moveit_resources_pr2_description/urdf/meshes/base_v0/convex/caster.dae
[4.515s] -- Installing: /home/kush/UR5_Project_New/install/moveit_resources_pr2_description/share/moveit_resources_pr2_description/urdf/meshes/base_v0/convex/caster_convex.stla
[4.515s] -- Installing: /home/kush/UR5_Project_New/install/moveit_resources_pr2_description/share/moveit_resources_pr2_description/urdf/meshes/base_v0/convex/base_convex.stla
[4.516s] -- Installing: /home/kush/UR5_Project_New/install/moveit_resources_pr2_description/share/moveit_resources_pr2_description/urdf/meshes/base_v0/convex/base_L_convex.stlb
[4.516s] -- Installing: /home/kush/UR5_Project_New/install/moveit_resources_pr2_description/share/moveit_resources_pr2_description/urdf/meshes/base_v0/convex/wheel_convex.stla
[4.516s] -- Installing: /home/kush/UR5_Project_New/install/moveit_resources_pr2_description/share/moveit_resources_pr2_description/urdf/meshes/base_v0/convex/wheel_convex.stlb
[4.517s] -- Installing: /home/kush/UR5_Project_New/install/moveit_resources_pr2_description/share/moveit_resources_pr2_description/urdf/meshes/base_v0/convex/base_L.xml
[4.518s] -- Installing: /home/kush/UR5_Project_New/install/moveit_resources_pr2_description/share/moveit_resources_pr2_description/urdf/meshes/base_v0/convex/base.xml
[4.518s] -- Installing: /home/kush/UR5_Project_New/install/moveit_resources_pr2_description/share/moveit_resources_pr2_description/urdf/meshes/base_v0/convex/wheel.xml
[4.519s] -- Installing: /home/kush/UR5_Project_New/install/moveit_resources_pr2_description/share/moveit_resources_pr2_description/urdf/meshes/base_v0/convex/caster_L.dae
[4.520s] -- Installing: /home/kush/UR5_Project_New/install/moveit_resources_pr2_description/share/moveit_resources_pr2_description/urdf/meshes/base_v0/convex/pr2_wheel_convex.stla
[4.520s] -- Installing: /home/kush/UR5_Project_New/install/moveit_resources_pr2_description/share/moveit_resources_pr2_description/urdf/meshes/base_v0/convex/pr2_wheel.xml
[4.521s] -- Installing: /home/kush/UR5_Project_New/install/moveit_resources_pr2_description/share/moveit_resources_pr2_description/urdf/meshes/base_v0/convex/caster_convex.stlb
[4.521s] -- Installing: /home/kush/UR5_Project_New/install/moveit_resources_pr2_description/share/moveit_resources_pr2_description/urdf/meshes/base_v0/convex/caster.xml
[4.522s] -- Installing: /home/kush/UR5_Project_New/install/moveit_resources_pr2_description/share/moveit_resources_pr2_description/urdf/meshes/base_v0/convex/pr2_wheel.dae
[4.523s] -- Installing: /home/kush/UR5_Project_New/install/moveit_resources_pr2_description/share/moveit_resources_pr2_description/urdf/meshes/base_v0/convex/pr2_wheel_convex.stlb
[4.524s] -- Installing: /home/kush/UR5_Project_New/install/moveit_resources_pr2_description/share/moveit_resources_pr2_description/urdf/meshes/base_v0/convex/wheel.dae
[4.524s] -- Installing: /home/kush/UR5_Project_New/install/moveit_resources_pr2_description/share/moveit_resources_pr2_description/urdf/meshes/base_v0/convex/caster_L_convex.stla
[4.525s] -- Installing: /home/kush/UR5_Project_New/install/moveit_resources_pr2_description/share/moveit_resources_pr2_description/urdf/meshes/base_v0/convex/base.dae
[4.526s] -- Installing: /home/kush/UR5_Project_New/install/moveit_resources_pr2_description/share/moveit_resources_pr2_description/urdf/meshes/base_v0/convex/base_L.dae
[4.526s] -- Installing: /home/kush/UR5_Project_New/install/moveit_resources_pr2_description/share/moveit_resources_pr2_description/urdf/meshes/base_v0/convex/base_convex.stlb
[4.527s] -- Installing: /home/kush/UR5_Project_New/install/moveit_resources_pr2_description/share/moveit_resources_pr2_description/urdf/meshes/base_v0/wheel.dae
[4.528s] -- Installing: /home/kush/UR5_Project_New/install/moveit_resources_pr2_description/share/moveit_resources_pr2_description/urdf/meshes/base_v0/base_L.stl
[4.528s] -- Installing: /home/kush/UR5_Project_New/install/moveit_resources_pr2_description/share/moveit_resources_pr2_description/urdf/meshes/base_v0/base.dae
[4.529s] -- Installing: /home/kush/UR5_Project_New/install/moveit_resources_pr2_description/share/moveit_resources_pr2_description/urdf/meshes/shoulder_v0
[4.530s] -- Installing: /home/kush/UR5_Project_New/install/moveit_resources_pr2_description/share/moveit_resources_pr2_description/urdf/meshes/shoulder_v0/upper_arm_roll_normals.tif
[4.534s] -- Installing: /home/kush/UR5_Project_New/install/moveit_resources_pr2_description/share/moveit_resources_pr2_description/urdf/meshes/shoulder_v0/shoulder_pan_color.tif
[4.542s] -- Installing: /home/kush/UR5_Project_New/install/moveit_resources_pr2_description/share/moveit_resources_pr2_description/urdf/meshes/shoulder_v0/shoulder_yaw.stl
[4.543s] -- Installing: /home/kush/UR5_Project_New/install/moveit_resources_pr2_description/share/moveit_resources_pr2_description/urdf/meshes/shoulder_v0/shoulder_lift_color.tif
[4.543s] -- Installing: /home/kush/UR5_Project_New/install/moveit_resources_pr2_description/share/moveit_resources_pr2_description/urdf/meshes/shoulder_v0/upper_arm_roll.stl
[4.544s] -- Installing: /home/kush/UR5_Project_New/install/moveit_resources_pr2_description/share/moveit_resources_pr2_description/urdf/meshes/shoulder_v0/shoulder_lift.dae
[4.545s] -- Installing: /home/kush/UR5_Project_New/install/moveit_resources_pr2_description/share/moveit_resources_pr2_description/urdf/meshes/shoulder_v0/upper_arm_roll.dae
[4.546s] -- Installing: /home/kush/UR5_Project_New/install/moveit_resources_pr2_description/share/moveit_resources_pr2_description/urdf/meshes/shoulder_v0/shoulder_pan.stl
[4.547s] -- Installing: /home/kush/UR5_Project_New/install/moveit_resources_pr2_description/share/moveit_resources_pr2_description/urdf/meshes/shoulder_v0/upper_arm_roll_color.tif
[4.547s] -- Installing: /home/kush/UR5_Project_New/install/moveit_resources_pr2_description/share/moveit_resources_pr2_description/urdf/meshes/shoulder_v0/shoulder_pan_normals.tif
[4.551s] -- Installing: /home/kush/UR5_Project_New/install/moveit_resources_pr2_description/share/moveit_resources_pr2_description/urdf/meshes/shoulder_v0/shoulder_lift.stl
[4.552s] -- Installing: /home/kush/UR5_Project_New/install/moveit_resources_pr2_description/share/moveit_resources_pr2_description/urdf/meshes/shoulder_v0/shoulder_lift_normals.tif
[4.554s] -- Installing: /home/kush/UR5_Project_New/install/moveit_resources_pr2_description/share/moveit_resources_pr2_description/urdf/meshes/shoulder_v0/convex
[4.555s] -- Installing: /home/kush/UR5_Project_New/install/moveit_resources_pr2_description/share/moveit_resources_pr2_description/urdf/meshes/shoulder_v0/convex/shoulder_lift_convex.stlb
[4.556s] -- Installing: /home/kush/UR5_Project_New/install/moveit_resources_pr2_description/share/moveit_resources_pr2_description/urdf/meshes/shoulder_v0/convex/shoulder_lift_convex.stla
[4.556s] -- Installing: /home/kush/UR5_Project_New/install/moveit_resources_pr2_description/share/moveit_resources_pr2_description/urdf/meshes/shoulder_v0/convex/shoulder_lift.dae
[4.557s] -- Installing: /home/kush/UR5_Project_New/install/moveit_resources_pr2_description/share/moveit_resources_pr2_description/urdf/meshes/shoulder_v0/convex/upper_arm_roll.dae
[4.558s] -- Installing: /home/kush/UR5_Project_New/install/moveit_resources_pr2_description/share/moveit_resources_pr2_description/urdf/meshes/shoulder_v0/convex/shoulder_pan.xml
[4.563s] -- Installing: /home/kush/UR5_Project_New/install/moveit_resources_pr2_description/share/moveit_resources_pr2_description/urdf/meshes/shoulder_v0/convex/upper_arm_roll_L_convex.stla
[4.564s] -- Installing: /home/kush/UR5_Project_New/install/moveit_resources_pr2_description/share/moveit_resources_pr2_description/urdf/meshes/shoulder_v0/convex/upper_arm_roll_convex.stlb
[4.564s] -- Installing: /home/kush/UR5_Project_New/install/moveit_resources_pr2_description/share/moveit_resources_pr2_description/urdf/meshes/shoulder_v0/convex/shoulder_yaw.dae
[4.564s] -- Installing: /home/kush/UR5_Project_New/install/moveit_resources_pr2_description/share/moveit_resources_pr2_description/urdf/meshes/shoulder_v0/convex/shoulder_yaw_convex.stlb
[4.565s] -- Installing: /home/kush/UR5_Project_New/install/moveit_resources_pr2_description/share/moveit_resources_pr2_description/urdf/meshes/shoulder_v0/convex/shoulder_lift.xml
[4.565s] -- Installing: /home/kush/UR5_Project_New/install/moveit_resources_pr2_description/share/moveit_resources_pr2_description/urdf/meshes/shoulder_v0/convex/upper_arm_roll_L.xml
[4.565s] -- Installing: /home/kush/UR5_Project_New/install/moveit_resources_pr2_description/share/moveit_resources_pr2_description/urdf/meshes/shoulder_v0/convex/upper_arm_roll_L.dae
[4.566s] -- Installing: /home/kush/UR5_Project_New/install/moveit_resources_pr2_description/share/moveit_resources_pr2_description/urdf/meshes/shoulder_v0/convex/upper_arm_roll.xml
[4.566s] -- Installing: /home/kush/UR5_Project_New/install/moveit_resources_pr2_description/share/moveit_resources_pr2_description/urdf/meshes/shoulder_v0/convex/shoulder_pan_convex.stlb
[4.566s] -- Installing: /home/kush/UR5_Project_New/install/moveit_resources_pr2_description/share/moveit_resources_pr2_description/urdf/meshes/shoulder_v0/convex/shoulder_pan_convex.stla
[4.566s] -- Installing: /home/kush/UR5_Project_New/install/moveit_resources_pr2_description/share/moveit_resources_pr2_description/urdf/meshes/shoulder_v0/convex/upper_arm_roll_convex.stla
[4.567s] -- Installing: /home/kush/UR5_Project_New/install/moveit_resources_pr2_description/share/moveit_resources_pr2_description/urdf/meshes/shoulder_v0/convex/shoulder_yaw_convex.stla
[4.567s] -- Installing: /home/kush/UR5_Project_New/install/moveit_resources_pr2_description/share/moveit_resources_pr2_description/urdf/meshes/shoulder_v0/convex/shoulder_yaw.xml
[4.567s] -- Installing: /home/kush/UR5_Project_New/install/moveit_resources_pr2_description/share/moveit_resources_pr2_description/urdf/meshes/shoulder_v0/convex/upper_arm_roll_L_convex.stlb
[4.567s] -- Installing: /home/kush/UR5_Project_New/install/moveit_resources_pr2_description/share/moveit_resources_pr2_description/urdf/meshes/shoulder_v0/convex/shoulder_pan.dae
[4.567s] -- Installing: /home/kush/UR5_Project_New/install/moveit_resources_pr2_description/share/moveit_resources_pr2_description/urdf/meshes/shoulder_v0/upper_arm_roll_L.stl
[4.569s] -- Installing: /home/kush/UR5_Project_New/install/moveit_resources_pr2_description/share/moveit_resources_pr2_description/urdf/meshes/shoulder_v0/shoulder_pan.dae
[4.569s] -- Installing: /home/kush/UR5_Project_New/install/moveit_resources_pr2_description/share/moveit_resources_pr2_description/urdf/meshes/head_v0
[4.569s] -- Installing: /home/kush/UR5_Project_New/install/moveit_resources_pr2_description/share/moveit_resources_pr2_description/urdf/meshes/head_v0/head_tilt_color_yellow.tif
[4.570s] -- Installing: /home/kush/UR5_Project_New/install/moveit_resources_pr2_description/share/moveit_resources_pr2_description/urdf/meshes/head_v0/head_pan.stl
[4.570s] -- Installing: /home/kush/UR5_Project_New/install/moveit_resources_pr2_description/share/moveit_resources_pr2_description/urdf/meshes/head_v0/head_pan_L.stl
[4.570s] -- Installing: /home/kush/UR5_Project_New/install/moveit_resources_pr2_description/share/moveit_resources_pr2_description/urdf/meshes/head_v0/head_tilt_color.tif
[4.578s] -- Installing: /home/kush/UR5_Project_New/install/moveit_resources_pr2_description/share/moveit_resources_pr2_description/urdf/meshes/head_v0/head_tilt.stl
[4.578s] -- Installing: /home/kush/UR5_Project_New/install/moveit_resources_pr2_description/share/moveit_resources_pr2_description/urdf/meshes/head_v0/head_tilt_color_red.tif
[4.578s] -- Installing: /home/kush/UR5_Project_New/install/moveit_resources_pr2_description/share/moveit_resources_pr2_description/urdf/meshes/head_v0/head_pan_color.tif
[4.579s] -- Installing: /home/kush/UR5_Project_New/install/moveit_resources_pr2_description/share/moveit_resources_pr2_description/urdf/meshes/head_v0/head_tilt_normals.tif
[4.581s] -- Installing: /home/kush/UR5_Project_New/install/moveit_resources_pr2_description/share/moveit_resources_pr2_description/urdf/meshes/head_v0/convex
[4.581s] -- Installing: /home/kush/UR5_Project_New/install/moveit_resources_pr2_description/share/moveit_resources_pr2_description/urdf/meshes/head_v0/convex/head_pan_L_convex.stlb
[4.581s] -- Installing: /home/kush/UR5_Project_New/install/moveit_resources_pr2_description/share/moveit_resources_pr2_description/urdf/meshes/head_v0/convex/head_pan_convex.stla
[4.581s] -- Installing: /home/kush/UR5_Project_New/install/moveit_resources_pr2_description/share/moveit_resources_pr2_description/urdf/meshes/head_v0/convex/head_tilt_L_convex.stla
[4.582s] -- Installing: /home/kush/UR5_Project_New/install/moveit_resources_pr2_description/share/moveit_resources_pr2_description/urdf/meshes/head_v0/convex/head_pan_L_convex.stla
[4.582s] -- Installing: /home/kush/UR5_Project_New/install/moveit_resources_pr2_description/share/moveit_resources_pr2_description/urdf/meshes/head_v0/convex/head_pan.xml
[4.582s] -- Installing: /home/kush/UR5_Project_New/install/moveit_resources_pr2_description/share/moveit_resources_pr2_description/urdf/meshes/head_v0/convex/head_tilt_L.xml
[4.582s] -- Installing: /home/kush/UR5_Project_New/install/moveit_resources_pr2_description/share/moveit_resources_pr2_description/urdf/meshes/head_v0/convex/head_pan_L.xml
[4.583s] -- Installing: /home/kush/UR5_Project_New/install/moveit_resources_pr2_description/share/moveit_resources_pr2_description/urdf/meshes/head_v0/convex/head_tilt_L_convex.stlb
[4.583s] -- Installing: /home/kush/UR5_Project_New/install/moveit_resources_pr2_description/share/moveit_resources_pr2_description/urdf/meshes/head_v0/convex/head_tilt.xml
[4.583s] -- Installing: /home/kush/UR5_Project_New/install/moveit_resources_pr2_description/share/moveit_resources_pr2_description/urdf/meshes/head_v0/convex/head_tilt_convex.stla
[4.584s] -- Installing: /home/kush/UR5_Project_New/install/moveit_resources_pr2_description/share/moveit_resources_pr2_description/urdf/meshes/head_v0/convex/head_tilt_convex.stlb
[4.584s] -- Installing: /home/kush/UR5_Project_New/install/moveit_resources_pr2_description/share/moveit_resources_pr2_description/urdf/meshes/head_v0/convex/head_tilt_L.dae
[4.584s] -- Installing: /home/kush/UR5_Project_New/install/moveit_resources_pr2_description/share/moveit_resources_pr2_description/urdf/meshes/head_v0/convex/head_pan_L.dae
[4.584s] -- Installing: /home/kush/UR5_Project_New/install/moveit_resources_pr2_description/share/moveit_resources_pr2_description/urdf/meshes/head_v0/convex/head_pan.dae
[4.585s] -- Installing: /home/kush/UR5_Project_New/install/moveit_resources_pr2_description/share/moveit_resources_pr2_description/urdf/meshes/head_v0/convex/head_pan_convex.stlb
[4.585s] -- Installing: /home/kush/UR5_Project_New/install/moveit_resources_pr2_description/share/moveit_resources_pr2_description/urdf/meshes/head_v0/convex/head_tilt.dae
[4.585s] -- Installing: /home/kush/UR5_Project_New/install/moveit_resources_pr2_description/share/moveit_resources_pr2_description/urdf/meshes/head_v0/head_pan_normals.tif
[4.590s] -- Installing: /home/kush/UR5_Project_New/install/moveit_resources_pr2_description/share/moveit_resources_pr2_description/urdf/meshes/head_v0/head_tilt_L.stl
[4.590s] -- Installing: /home/kush/UR5_Project_New/install/moveit_resources_pr2_description/share/moveit_resources_pr2_description/urdf/meshes/head_v0/head_tilt_green.tif
[4.591s] -- Installing: /home/kush/UR5_Project_New/install/moveit_resources_pr2_description/share/moveit_resources_pr2_description/urdf/meshes/head_v0/head_pan.dae
[4.592s] -- Installing: /home/kush/UR5_Project_New/install/moveit_resources_pr2_description/share/moveit_resources_pr2_description/urdf/meshes/head_v0/head_tilt.dae
[4.592s] -- Installing: /home/kush/UR5_Project_New/install/moveit_resources_pr2_description/share/moveit_resources_pr2_description/urdf/meshes/tilting_laser_v0
[4.593s] -- Installing: /home/kush/UR5_Project_New/install/moveit_resources_pr2_description/share/moveit_resources_pr2_description/urdf/meshes/tilting_laser_v0/tilting_hokuyo_color.tif
[4.593s] -- Installing: /home/kush/UR5_Project_New/install/moveit_resources_pr2_description/share/moveit_resources_pr2_description/urdf/meshes/tilting_laser_v0/tilting_hokuyo.stl
[4.593s] -- Installing: /home/kush/UR5_Project_New/install/moveit_resources_pr2_description/share/moveit_resources_pr2_description/urdf/meshes/tilting_laser_v0/tilting_hokuyo.dae
[4.594s] -- Installing: /home/kush/UR5_Project_New/install/moveit_resources_pr2_description/share/moveit_resources_pr2_description/urdf/meshes/tilting_laser_v0/hok_tilt.stl
[4.594s] -- Installing: /home/kush/UR5_Project_New/install/moveit_resources_pr2_description/share/moveit_resources_pr2_description/urdf/meshes/tilting_laser_v0/tilting_hokuyo_normals.tif
[4.596s] -- Installing: /home/kush/UR5_Project_New/install/moveit_resources_pr2_description/share/moveit_resources_pr2_description/urdf/meshes/tilting_laser_v0/convex
[4.596s] -- Installing: /home/kush/UR5_Project_New/install/moveit_resources_pr2_description/share/moveit_resources_pr2_description/urdf/meshes/tilting_laser_v0/convex/tilting_hokuyo_L_convex.stlb
[4.597s] -- Installing: /home/kush/UR5_Project_New/install/moveit_resources_pr2_description/share/moveit_resources_pr2_description/urdf/meshes/tilting_laser_v0/convex/tilting_hokuyo_L.xml
[4.597s] -- Installing: /home/kush/UR5_Project_New/install/moveit_resources_pr2_description/share/moveit_resources_pr2_description/urdf/meshes/tilting_laser_v0/convex/hok_tilt_convex.stla
[4.597s] -- Installing: /home/kush/UR5_Project_New/install/moveit_resources_pr2_description/share/moveit_resources_pr2_description/urdf/meshes/tilting_laser_v0/convex/tilting_hokuyo.dae
[4.598s] -- Installing: /home/kush/UR5_Project_New/install/moveit_resources_pr2_description/share/moveit_resources_pr2_description/urdf/meshes/tilting_laser_v0/convex/hok_tilt_convex.stlb
[4.598s] -- Installing: /home/kush/UR5_Project_New/install/moveit_resources_pr2_description/share/moveit_resources_pr2_description/urdf/meshes/tilting_laser_v0/convex/tilting_hokuyo.xml
[4.598s] -- Installing: /home/kush/UR5_Project_New/install/moveit_resources_pr2_description/share/moveit_resources_pr2_description/urdf/meshes/tilting_laser_v0/convex/tilting_hokuyo_convex.stla
[4.598s] -- Installing: /home/kush/UR5_Project_New/install/moveit_resources_pr2_description/share/moveit_resources_pr2_description/urdf/meshes/tilting_laser_v0/convex/tilting_hokuyo_convex.stlb
[4.599s] -- Installing: /home/kush/UR5_Project_New/install/moveit_resources_pr2_description/share/moveit_resources_pr2_description/urdf/meshes/tilting_laser_v0/convex/tilting_hokuyo_L_convex.stla
[4.599s] -- Installing: /home/kush/UR5_Project_New/install/moveit_resources_pr2_description/share/moveit_resources_pr2_description/urdf/meshes/tilting_laser_v0/convex/hok_tilt.xml
[4.599s] -- Installing: /home/kush/UR5_Project_New/install/moveit_resources_pr2_description/share/moveit_resources_pr2_description/urdf/meshes/tilting_laser_v0/convex/tilting_hokuyo_L.dae
[4.599s] -- Installing: /home/kush/UR5_Project_New/install/moveit_resources_pr2_description/share/moveit_resources_pr2_description/urdf/meshes/tilting_laser_v0/convex/hok_tilt.dae
[4.600s] -- Installing: /home/kush/UR5_Project_New/install/moveit_resources_pr2_description/share/moveit_resources_pr2_description/urdf/meshes/tilting_laser_v0/tilting_hokuyo_L.stl
[4.600s] -- Installing: /home/kush/UR5_Project_New/install/moveit_resources_pr2_description/share/moveit_resources_pr2_description/urdf/meshes/gripper_v0
[4.601s] -- Installing: /home/kush/UR5_Project_New/install/moveit_resources_pr2_description/share/moveit_resources_pr2_description/urdf/meshes/gripper_v0/palm_H_Color_100430.tif
[4.601s] -- Installing: /home/kush/UR5_Project_New/install/moveit_resources_pr2_description/share/moveit_resources_pr2_description/urdf/meshes/gripper_v0/upper_finger_l.stl
[4.601s] -- Installing: /home/kush/UR5_Project_New/install/moveit_resources_pr2_description/share/moveit_resources_pr2_description/urdf/meshes/gripper_v0/palm_H_UV_100430.dae
[4.605s] -- Installing: /home/kush/UR5_Project_New/install/moveit_resources_pr2_description/share/moveit_resources_pr2_description/urdf/meshes/gripper_v0/l_finger_tip.stl
[4.605s] -- Installing: /home/kush/UR5_Project_New/install/moveit_resources_pr2_description/share/moveit_resources_pr2_description/urdf/meshes/gripper_v0/finger_tip_pad2_r.stl
[4.605s] -- Installing: /home/kush/UR5_Project_New/install/moveit_resources_pr2_description/share/moveit_resources_pr2_description/urdf/meshes/gripper_v0/gripper_palm.dae
[4.606s] -- Installing: /home/kush/UR5_Project_New/install/moveit_resources_pr2_description/share/moveit_resources_pr2_description/urdf/meshes/gripper_v0/finger_tip_l.stl
[4.606s] -- Installing: /home/kush/UR5_Project_New/install/moveit_resources_pr2_description/share/moveit_resources_pr2_description/urdf/meshes/gripper_v0/l_finger_tip_color.tif
[4.606s] -- Installing: /home/kush/UR5_Project_New/install/moveit_resources_pr2_description/share/moveit_resources_pr2_description/urdf/meshes/gripper_v0/l_float.dae
[4.607s] -- Installing: /home/kush/UR5_Project_New/install/moveit_resources_pr2_description/share/moveit_resources_pr2_description/urdf/meshes/gripper_v0/finger_tip_H_UV_100430.dae
[4.612s] -- Installing: /home/kush/UR5_Project_New/install/moveit_resources_pr2_description/share/moveit_resources_pr2_description/urdf/meshes/gripper_v0/finger_tip_pad2_l.stl
[4.613s] -- Installing: /home/kush/UR5_Project_New/install/moveit_resources_pr2_description/share/moveit_resources_pr2_description/urdf/meshes/gripper_v0/float_H_UV_100430.dae
[4.616s] -- Installing: /home/kush/UR5_Project_New/install/moveit_resources_pr2_description/share/moveit_resources_pr2_description/urdf/meshes/gripper_v0/upper_finger_r.stl
[4.617s] -- Installing: /home/kush/UR5_Project_New/install/moveit_resources_pr2_description/share/moveit_resources_pr2_description/urdf/meshes/gripper_v0/l_floating.stl
[4.617s] -- Installing: /home/kush/UR5_Project_New/install/moveit_resources_pr2_description/share/moveit_resources_pr2_description/urdf/meshes/gripper_v0/gripper_palm_normals.tif
[4.620s] -- Installing: /home/kush/UR5_Project_New/install/moveit_resources_pr2_description/share/moveit_resources_pr2_description/urdf/meshes/gripper_v0/finger_H_UV_100430.dae
[4.626s] -- Installing: /home/kush/UR5_Project_New/install/moveit_resources_pr2_description/share/moveit_resources_pr2_description/urdf/meshes/gripper_v0/finger_tip_r.stl
[4.626s] -- Installing: /home/kush/UR5_Project_New/install/moveit_resources_pr2_description/share/moveit_resources_pr2_description/urdf/meshes/gripper_v0/l_finger_tip_normals.tif
[4.629s] -- Installing: /home/kush/UR5_Project_New/install/moveit_resources_pr2_description/share/moveit_resources_pr2_description/urdf/meshes/gripper_v0/l_finger_color.tif
[4.629s] -- Installing: /home/kush/UR5_Project_New/install/moveit_resources_pr2_description/share/moveit_resources_pr2_description/urdf/meshes/gripper_v0/l_float_normals.tif
[4.634s] -- Installing: /home/kush/UR5_Project_New/install/moveit_resources_pr2_description/share/moveit_resources_pr2_description/urdf/meshes/gripper_v0/l_finger_tip.dae
[4.634s] -- Installing: /home/kush/UR5_Project_New/install/moveit_resources_pr2_description/share/moveit_resources_pr2_description/urdf/meshes/gripper_v0/convex
[4.634s] -- Installing: /home/kush/UR5_Project_New/install/moveit_resources_pr2_description/share/moveit_resources_pr2_description/urdf/meshes/gripper_v0/convex/finger_tip_pad2_r_convex.stlb
[4.635s] -- Installing: /home/kush/UR5_Project_New/install/moveit_resources_pr2_description/share/moveit_resources_pr2_description/urdf/meshes/gripper_v0/convex/upper_finger_l_convex.stlb
[4.635s] -- Installing: /home/kush/UR5_Project_New/install/moveit_resources_pr2_description/share/moveit_resources_pr2_description/urdf/meshes/gripper_v0/convex/l_finger_convex.stlb
[4.635s] -- Installing: /home/kush/UR5_Project_New/install/moveit_resources_pr2_description/share/moveit_resources_pr2_description/urdf/meshes/gripper_v0/convex/l_floating.dae
[4.636s] -- Installing: /home/kush/UR5_Project_New/install/moveit_resources_pr2_description/share/moveit_resources_pr2_description/urdf/meshes/gripper_v0/convex/finger_tip_l.dae
[4.636s] -- Installing: /home/kush/UR5_Project_New/install/moveit_resources_pr2_description/share/moveit_resources_pr2_description/urdf/meshes/gripper_v0/convex/l_floating_convex.stla
[4.636s] -- Installing: /home/kush/UR5_Project_New/install/moveit_resources_pr2_description/share/moveit_resources_pr2_description/urdf/meshes/gripper_v0/convex/gripper_palm.dae
[4.636s] -- Installing: /home/kush/UR5_Project_New/install/moveit_resources_pr2_description/share/moveit_resources_pr2_description/urdf/meshes/gripper_v0/convex/finger_tip_pad2_l_convex.stla
[4.637s] -- Installing: /home/kush/UR5_Project_New/install/moveit_resources_pr2_description/share/moveit_resources_pr2_description/urdf/meshes/gripper_v0/convex/l_finger_tip.xml
[4.637s] -- Installing: /home/kush/UR5_Project_New/install/moveit_resources_pr2_description/share/moveit_resources_pr2_description/urdf/meshes/gripper_v0/convex/finger_tip_pad2_r_convex.stla
[4.637s] -- Installing: /home/kush/UR5_Project_New/install/moveit_resources_pr2_description/share/moveit_resources_pr2_description/urdf/meshes/gripper_v0/convex/l_finger_convex.stla
[4.637s] -- Installing: /home/kush/UR5_Project_New/install/moveit_resources_pr2_description/share/moveit_resources_pr2_description/urdf/meshes/gripper_v0/convex/gripper_palm.xml
[4.638s] -- Installing: /home/kush/UR5_Project_New/install/moveit_resources_pr2_description/share/moveit_resources_pr2_description/urdf/meshes/gripper_v0/convex/finger_tip_pad2_r.xml
[4.638s] -- Installing: /home/kush/UR5_Project_New/install/moveit_resources_pr2_description/share/moveit_resources_pr2_description/urdf/meshes/gripper_v0/convex/finger_tip_r.dae
[4.638s] -- Installing: /home/kush/UR5_Project_New/install/moveit_resources_pr2_description/share/moveit_resources_pr2_description/urdf/meshes/gripper_v0/convex/upper_finger_l_convex.stla
[4.638s] -- Installing: /home/kush/UR5_Project_New/install/moveit_resources_pr2_description/share/moveit_resources_pr2_description/urdf/meshes/gripper_v0/convex/gripper_palm_convex.stla
[4.639s] -- Installing: /home/kush/UR5_Project_New/install/moveit_resources_pr2_description/share/moveit_resources_pr2_description/urdf/meshes/gripper_v0/convex/finger_tip_r.xml
[4.639s] -- Installing: /home/kush/UR5_Project_New/install/moveit_resources_pr2_description/share/moveit_resources_pr2_description/urdf/meshes/gripper_v0/convex/upper_finger_l.dae
[4.639s] -- Installing: /home/kush/UR5_Project_New/install/moveit_resources_pr2_description/share/moveit_resources_pr2_description/urdf/meshes/gripper_v0/convex/upper_finger_r_convex.stla
[4.639s] -- Installing: /home/kush/UR5_Project_New/install/moveit_resources_pr2_description/share/moveit_resources_pr2_description/urdf/meshes/gripper_v0/convex/l_finger_tip_convex.stlb
[4.640s] -- Installing: /home/kush/UR5_Project_New/install/moveit_resources_pr2_description/share/moveit_resources_pr2_description/urdf/meshes/gripper_v0/convex/l_floating_convex.stlb
[4.640s] -- Installing: /home/kush/UR5_Project_New/install/moveit_resources_pr2_description/share/moveit_resources_pr2_description/urdf/meshes/gripper_v0/convex/l_finger_tip.dae
[4.640s] -- Installing: /home/kush/UR5_Project_New/install/moveit_resources_pr2_description/share/moveit_resources_pr2_description/urdf/meshes/gripper_v0/convex/upper_finger_r_convex.stlb
[4.641s] -- Installing: /home/kush/UR5_Project_New/install/moveit_resources_pr2_description/share/moveit_resources_pr2_description/urdf/meshes/gripper_v0/convex/finger_tip_l_convex.stlb
[4.641s] -- Installing: /home/kush/UR5_Project_New/install/moveit_resources_pr2_description/share/moveit_resources_pr2_description/urdf/meshes/gripper_v0/convex/finger_tip_pad2_l.xml
[4.641s] -- Installing: /home/kush/UR5_Project_New/install/moveit_resources_pr2_description/share/moveit_resources_pr2_description/urdf/meshes/gripper_v0/convex/finger_tip_pad2_l.dae
[4.641s] -- Installing: /home/kush/UR5_Project_New/install/moveit_resources_pr2_description/share/moveit_resources_pr2_description/urdf/meshes/gripper_v0/convex/upper_finger_r.xml
[4.641s] -- Installing: /home/kush/UR5_Project_New/install/moveit_resources_pr2_description/share/moveit_resources_pr2_description/urdf/meshes/gripper_v0/convex/finger_tip_r_convex.stlb
[4.642s] -- Installing: /home/kush/UR5_Project_New/install/moveit_resources_pr2_description/share/moveit_resources_pr2_description/urdf/meshes/gripper_v0/convex/finger_tip_l_convex.stla
[4.642s] -- Installing: /home/kush/UR5_Project_New/install/moveit_resources_pr2_description/share/moveit_resources_pr2_description/urdf/meshes/gripper_v0/convex/gripper_palm_convex.stlb
[4.643s] -- Installing: /home/kush/UR5_Project_New/install/moveit_resources_pr2_description/share/moveit_resources_pr2_description/urdf/meshes/gripper_v0/convex/upper_finger_l.xml
[4.643s] -- Installing: /home/kush/UR5_Project_New/install/moveit_resources_pr2_description/share/moveit_resources_pr2_description/urdf/meshes/gripper_v0/convex/upper_finger_r.dae
[4.643s] -- Installing: /home/kush/UR5_Project_New/install/moveit_resources_pr2_description/share/moveit_resources_pr2_description/urdf/meshes/gripper_v0/convex/l_finger.dae
[4.644s] -- Installing: /home/kush/UR5_Project_New/install/moveit_resources_pr2_description/share/moveit_resources_pr2_description/urdf/meshes/gripper_v0/convex/finger_tip_pad2_l_convex.stlb
[4.644s] -- Installing: /home/kush/UR5_Project_New/install/moveit_resources_pr2_description/share/moveit_resources_pr2_description/urdf/meshes/gripper_v0/convex/l_finger.xml
[4.644s] -- Installing: /home/kush/UR5_Project_New/install/moveit_resources_pr2_description/share/moveit_resources_pr2_description/urdf/meshes/gripper_v0/convex/l_finger_tip_convex.stla
[4.644s] -- Installing: /home/kush/UR5_Project_New/install/moveit_resources_pr2_description/share/moveit_resources_pr2_description/urdf/meshes/gripper_v0/convex/finger_tip_pad2_r.dae
[4.645s] -- Installing: /home/kush/UR5_Project_New/install/moveit_resources_pr2_description/share/moveit_resources_pr2_description/urdf/meshes/gripper_v0/convex/finger_tip_r_convex.stla
[4.645s] -- Installing: /home/kush/UR5_Project_New/install/moveit_resources_pr2_description/share/moveit_resources_pr2_description/urdf/meshes/gripper_v0/convex/finger_tip_l.xml
[4.645s] -- Installing: /home/kush/UR5_Project_New/install/moveit_resources_pr2_description/share/moveit_resources_pr2_description/urdf/meshes/gripper_v0/convex/l_floating.xml
[4.645s] -- Installing: /home/kush/UR5_Project_New/install/moveit_resources_pr2_description/share/moveit_resources_pr2_description/urdf/meshes/gripper_v0/gripper_palm.stl
[4.646s] -- Installing: /home/kush/UR5_Project_New/install/moveit_resources_pr2_description/share/moveit_resources_pr2_description/urdf/meshes/gripper_v0/finger_H_Color_100430.tif
[4.647s] -- Installing: /home/kush/UR5_Project_New/install/moveit_resources_pr2_description/share/moveit_resources_pr2_description/urdf/meshes/gripper_v0/gripper_palm_color.tif
[4.647s] -- Installing: /home/kush/UR5_Project_New/install/moveit_resources_pr2_description/share/moveit_resources_pr2_description/urdf/meshes/gripper_v0/l_finger_normals.tif
[4.650s] -- Installing: /home/kush/UR5_Project_New/install/moveit_resources_pr2_description/share/moveit_resources_pr2_description/urdf/meshes/gripper_v0/l_finger.dae
[4.650s] -- Installing: /home/kush/UR5_Project_New/install/moveit_resources_pr2_description/share/moveit_resources_pr2_description/urdf/meshes/gripper_v0/l_finger.stl
[4.654s] -- Installing: /home/kush/UR5_Project_New/install/moveit_resources_pr2_description/share/moveit_resources_pr2_description/urdf/meshes/gripper_v0/float_H_Color_100430.tif
[4.655s] -- Installing: /home/kush/UR5_Project_New/install/moveit_resources_pr2_description/share/moveit_resources_pr2_description/urdf/meshes/gripper_v0/fingertip_H_Color_100430.tif
[4.655s] -- Installing: /home/kush/UR5_Project_New/install/moveit_resources_pr2_description/share/moveit_resources_pr2_description/urdf/meshes/gripper_v0/l_float_color.tif
[4.655s] -- Installing: /home/kush/UR5_Project_New/install/moveit_resources_pr2_description/share/moveit_resources_pr2_description/urdf/robot.xml
[4.655s] -- Installing: /home/kush/UR5_Project_New/install/moveit_resources_pr2_description/share/moveit_resources_pr2_description/kinect.dae
[4.674s] Invoked command in '/home/kush/UR5_Project_New/build/moveit_resources_pr2_description' returned '0': CMAKE_PREFIX_PATH=${CMAKE_PREFIX_PATH}:/home/kush/ws_moveit2_ur5/install/moveit_configs_utils:/home/kush/ws_moveit2_ur5/install/launch_param_builder:/opt/ros/humble /usr/bin/cmake --install /home/kush/UR5_Project_New/build/moveit_resources_pr2_description
