[0.188s] Invoking command in '/home/kush/UR5_Project_New/build/moveit_planners_ompl': AMENT_PREFIX_PATH=/home/kush/UR5_Project_New/install/moveit_ros_planning:/home/kush/UR5_Project_New/install/moveit_ros_occupancy_map_monitor:/home/kush/UR5_Project_New/install/moveit_core:/home/kush/UR5_Project_New/install/moveit_resources_panda_moveit_config:/home/kush/UR5_Project_New/install/moveit_resources_fanuc_moveit_config:/home/kush/UR5_Project_New/install/srdfdom:/home/kush/UR5_Project_New/install/moveit_resources_pr2_description:/home/kush/UR5_Project_New/install/moveit_resources_panda_description:/home/kush/UR5_Project_New/install/moveit_resources_fanuc_description:/home/kush/UR5_Project_New/install/moveit_common:${AMENT_PREFIX_PATH} CMAKE_PREFIX_PATH=/home/kush/UR5_Project_New/install/moveit_ros_planning:/home/kush/UR5_Project_New/install/moveit_ros_occupancy_map_monitor:/home/kush/UR5_Project_New/install/moveit_core:/home/kush/UR5_Project_New/install/moveit_resources_panda_moveit_config:/home/kush/UR5_Project_New/install/moveit_resources_fanuc_moveit_config:/home/kush/UR5_Project_New/install/srdfdom:/home/kush/UR5_Project_New/install/moveit_resources_pr2_description:/home/kush/UR5_Project_New/install/moveit_resources_panda_description:/home/kush/UR5_Project_New/install/moveit_resources_fanuc_description:/home/kush/UR5_Project_New/install/moveit_common:/opt/ros/humble LD_LIBRARY_PATH=/home/kush/UR5_Project_New/install/moveit_ros_planning/lib:/home/kush/UR5_Project_New/install/moveit_ros_occupancy_map_monitor/lib:/home/kush/UR5_Project_New/install/moveit_core/lib:/home/kush/UR5_Project_New/install/srdfdom/lib:${LD_LIBRARY_PATH} PATH=/home/kush/UR5_Project_New/install/moveit_core/bin:${PATH} PYTHONPATH=/home/kush/UR5_Project_New/install/srdfdom/local/lib/python3.10/dist-packages:${PYTHONPATH} /usr/bin/cmake --build /home/kush/UR5_Project_New/build/moveit_planners_ompl -- -j4 -l4
[2.003s] [ 51%] Built target moveit_ompl_interface
[2.257s] [ 56%] Built target gtest
[2.450s] [ 60%] Built target moveit_ompl_planner_plugin
[2.976s] [ 65%] Built target moveit_generate_state_database
[3.200s] [ 70%] Built target gtest_main
[3.379s] [ 75%] Built target test_state_space
[3.581s] [ 80%] Built target test_constrained_planning_state_space
[4.030s] [ 85%] Built target test_constrained_state_validity_checker
[4.296s] [ 90%] Built target test_threadsafe_state_storage
[4.612s] [ 95%] Built target test_planning_context_manager
[4.783s] [100%] Built target test_state_validity_checker
[4.819s] Invoked command in '/home/kush/UR5_Project_New/build/moveit_planners_ompl' returned '0': AMENT_PREFIX_PATH=/home/kush/UR5_Project_New/install/moveit_ros_planning:/home/kush/UR5_Project_New/install/moveit_ros_occupancy_map_monitor:/home/kush/UR5_Project_New/install/moveit_core:/home/kush/UR5_Project_New/install/moveit_resources_panda_moveit_config:/home/kush/UR5_Project_New/install/moveit_resources_fanuc_moveit_config:/home/kush/UR5_Project_New/install/srdfdom:/home/kush/UR5_Project_New/install/moveit_resources_pr2_description:/home/kush/UR5_Project_New/install/moveit_resources_panda_description:/home/kush/UR5_Project_New/install/moveit_resources_fanuc_description:/home/kush/UR5_Project_New/install/moveit_common:${AMENT_PREFIX_PATH} CMAKE_PREFIX_PATH=/home/kush/UR5_Project_New/install/moveit_ros_planning:/home/kush/UR5_Project_New/install/moveit_ros_occupancy_map_monitor:/home/kush/UR5_Project_New/install/moveit_core:/home/kush/UR5_Project_New/install/moveit_resources_panda_moveit_config:/home/kush/UR5_Project_New/install/moveit_resources_fanuc_moveit_config:/home/kush/UR5_Project_New/install/srdfdom:/home/kush/UR5_Project_New/install/moveit_resources_pr2_description:/home/kush/UR5_Project_New/install/moveit_resources_panda_description:/home/kush/UR5_Project_New/install/moveit_resources_fanuc_description:/home/kush/UR5_Project_New/install/moveit_common:/opt/ros/humble LD_LIBRARY_PATH=/home/kush/UR5_Project_New/install/moveit_ros_planning/lib:/home/kush/UR5_Project_New/install/moveit_ros_occupancy_map_monitor/lib:/home/kush/UR5_Project_New/install/moveit_core/lib:/home/kush/UR5_Project_New/install/srdfdom/lib:${LD_LIBRARY_PATH} PATH=/home/kush/UR5_Project_New/install/moveit_core/bin:${PATH} PYTHONPATH=/home/kush/UR5_Project_New/install/srdfdom/local/lib/python3.10/dist-packages:${PYTHONPATH} /usr/bin/cmake --build /home/kush/UR5_Project_New/build/moveit_planners_ompl -- -j4 -l4
[4.882s] Invoking command in '/home/kush/UR5_Project_New/build/moveit_planners_ompl': AMENT_PREFIX_PATH=/home/kush/UR5_Project_New/install/moveit_ros_planning:/home/kush/UR5_Project_New/install/moveit_ros_occupancy_map_monitor:/home/kush/UR5_Project_New/install/moveit_core:/home/kush/UR5_Project_New/install/moveit_resources_panda_moveit_config:/home/kush/UR5_Project_New/install/moveit_resources_fanuc_moveit_config:/home/kush/UR5_Project_New/install/srdfdom:/home/kush/UR5_Project_New/install/moveit_resources_pr2_description:/home/kush/UR5_Project_New/install/moveit_resources_panda_description:/home/kush/UR5_Project_New/install/moveit_resources_fanuc_description:/home/kush/UR5_Project_New/install/moveit_common:${AMENT_PREFIX_PATH} CMAKE_PREFIX_PATH=/home/kush/UR5_Project_New/install/moveit_ros_planning:/home/kush/UR5_Project_New/install/moveit_ros_occupancy_map_monitor:/home/kush/UR5_Project_New/install/moveit_core:/home/kush/UR5_Project_New/install/moveit_resources_panda_moveit_config:/home/kush/UR5_Project_New/install/moveit_resources_fanuc_moveit_config:/home/kush/UR5_Project_New/install/srdfdom:/home/kush/UR5_Project_New/install/moveit_resources_pr2_description:/home/kush/UR5_Project_New/install/moveit_resources_panda_description:/home/kush/UR5_Project_New/install/moveit_resources_fanuc_description:/home/kush/UR5_Project_New/install/moveit_common:/opt/ros/humble LD_LIBRARY_PATH=/home/kush/UR5_Project_New/install/moveit_ros_planning/lib:/home/kush/UR5_Project_New/install/moveit_ros_occupancy_map_monitor/lib:/home/kush/UR5_Project_New/install/moveit_core/lib:/home/kush/UR5_Project_New/install/srdfdom/lib:${LD_LIBRARY_PATH} PATH=/home/kush/UR5_Project_New/install/moveit_core/bin:${PATH} PYTHONPATH=/home/kush/UR5_Project_New/install/srdfdom/local/lib/python3.10/dist-packages:${PYTHONPATH} /usr/bin/cmake --install /home/kush/UR5_Project_New/build/moveit_planners_ompl
[4.914s] -- Install configuration: "Release"
[5.086s] -- Up-to-date: /home/kush/UR5_Project_New/install/moveit_planners_ompl/lib/moveit_planners_ompl/generate_state_database
[5.086s] -- Up-to-date: /home/kush/UR5_Project_New/install/moveit_planners_ompl/include
[5.086s] -- Up-to-date: /home/kush/UR5_Project_New/install/moveit_planners_ompl/include/moveit
[5.087s] -- Up-to-date: /home/kush/UR5_Project_New/install/moveit_planners_ompl/include/moveit/ompl_interface
[5.087s] -- Up-to-date: /home/kush/UR5_Project_New/install/moveit_planners_ompl/include/moveit/ompl_interface/planning_context_manager.h
[5.087s] -- Up-to-date: /home/kush/UR5_Project_New/install/moveit_planners_ompl/include/moveit/ompl_interface/parameterization
[5.088s] -- Up-to-date: /home/kush/UR5_Project_New/install/moveit_planners_ompl/include/moveit/ompl_interface/parameterization/work_space
[5.088s] -- Up-to-date: /home/kush/UR5_Project_New/install/moveit_planners_ompl/include/moveit/ompl_interface/parameterization/work_space/pose_model_state_space.h
[5.088s] -- Up-to-date: /home/kush/UR5_Project_New/install/moveit_planners_ompl/include/moveit/ompl_interface/parameterization/work_space/pose_model_state_space_factory.h
[5.088s] -- Up-to-date: /home/kush/UR5_Project_New/install/moveit_planners_ompl/include/moveit/ompl_interface/parameterization/model_based_state_space.h
[5.088s] -- Up-to-date: /home/kush/UR5_Project_New/install/moveit_planners_ompl/include/moveit/ompl_interface/parameterization/joint_space
[5.088s] -- Up-to-date: /home/kush/UR5_Project_New/install/moveit_planners_ompl/include/moveit/ompl_interface/parameterization/joint_space/constrained_planning_state_space.h
[5.088s] -- Up-to-date: /home/kush/UR5_Project_New/install/moveit_planners_ompl/include/moveit/ompl_interface/parameterization/joint_space/joint_model_state_space_factory.h
[5.088s] -- Up-to-date: /home/kush/UR5_Project_New/install/moveit_planners_ompl/include/moveit/ompl_interface/parameterization/joint_space/joint_model_state_space.h
[5.089s] -- Up-to-date: /home/kush/UR5_Project_New/install/moveit_planners_ompl/include/moveit/ompl_interface/parameterization/joint_space/constrained_planning_state_space_factory.h
[5.089s] -- Up-to-date: /home/kush/UR5_Project_New/install/moveit_planners_ompl/include/moveit/ompl_interface/parameterization/model_based_state_space_factory.h
[5.089s] -- Up-to-date: /home/kush/UR5_Project_New/install/moveit_planners_ompl/include/moveit/ompl_interface/model_based_planning_context.h
[5.089s] -- Up-to-date: /home/kush/UR5_Project_New/install/moveit_planners_ompl/include/moveit/ompl_interface/detail
[5.089s] -- Up-to-date: /home/kush/UR5_Project_New/install/moveit_planners_ompl/include/moveit/ompl_interface/detail/goal_union.h
[5.089s] -- Up-to-date: /home/kush/UR5_Project_New/install/moveit_planners_ompl/include/moveit/ompl_interface/detail/constrained_goal_sampler.h
[5.089s] -- Up-to-date: /home/kush/UR5_Project_New/install/moveit_planners_ompl/include/moveit/ompl_interface/detail/constraint_approximations.h
[5.090s] -- Up-to-date: /home/kush/UR5_Project_New/install/moveit_planners_ompl/include/moveit/ompl_interface/detail/threadsafe_state_storage.h
[5.090s] -- Up-to-date: /home/kush/UR5_Project_New/install/moveit_planners_ompl/include/moveit/ompl_interface/detail/constrained_sampler.h
[5.090s] -- Up-to-date: /home/kush/UR5_Project_New/install/moveit_planners_ompl/include/moveit/ompl_interface/detail/projection_evaluators.h
[5.090s] -- Up-to-date: /home/kush/UR5_Project_New/install/moveit_planners_ompl/include/moveit/ompl_interface/detail/ompl_constraints.h
[5.090s] -- Up-to-date: /home/kush/UR5_Project_New/install/moveit_planners_ompl/include/moveit/ompl_interface/detail/state_validity_checker.h
[5.090s] -- Up-to-date: /home/kush/UR5_Project_New/install/moveit_planners_ompl/include/moveit/ompl_interface/detail/constraints_library.h
[5.090s] -- Up-to-date: /home/kush/UR5_Project_New/install/moveit_planners_ompl/include/moveit/ompl_interface/detail/constrained_valid_state_sampler.h
[5.090s] -- Up-to-date: /home/kush/UR5_Project_New/install/moveit_planners_ompl/include/moveit/ompl_interface/ompl_interface.h
[5.228s] -- Up-to-date: /home/kush/UR5_Project_New/install/moveit_planners_ompl/lib/libmoveit_ompl_interface.so.2.5.4
[5.229s] -- Up-to-date: /home/kush/UR5_Project_New/install/moveit_planners_ompl/lib/libmoveit_ompl_interface.so
[5.328s] -- Up-to-date: /home/kush/UR5_Project_New/install/moveit_planners_ompl/lib/libmoveit_ompl_planner_plugin.so.2.5.4
[5.328s] -- Up-to-date: /home/kush/UR5_Project_New/install/moveit_planners_ompl/lib/libmoveit_ompl_planner_plugin.so
[5.329s] -- Up-to-date: /home/kush/UR5_Project_New/install/moveit_planners_ompl/share/moveit_planners_ompl/environment/library_path.sh
[5.329s] -- Up-to-date: /home/kush/UR5_Project_New/install/moveit_planners_ompl/share/moveit_planners_ompl/environment/library_path.dsv
[5.329s] -- Up-to-date: /home/kush/UR5_Project_New/install/moveit_planners_ompl/share/moveit_planners_ompl/ompl_interface_plugin_description.xml
[5.329s] -- Up-to-date: /home/kush/UR5_Project_New/install/moveit_planners_ompl/share/ament_index/resource_index/package_run_dependencies/moveit_planners_ompl
[5.329s] -- Up-to-date: /home/kush/UR5_Project_New/install/moveit_planners_ompl/share/ament_index/resource_index/parent_prefix_path/moveit_planners_ompl
[5.330s] -- Up-to-date: /home/kush/UR5_Project_New/install/moveit_planners_ompl/share/moveit_planners_ompl/environment/ament_prefix_path.sh
[5.330s] -- Up-to-date: /home/kush/UR5_Project_New/install/moveit_planners_ompl/share/moveit_planners_ompl/environment/ament_prefix_path.dsv
[5.330s] -- Up-to-date: /home/kush/UR5_Project_New/install/moveit_planners_ompl/share/moveit_planners_ompl/environment/path.sh
[5.330s] -- Up-to-date: /home/kush/UR5_Project_New/install/moveit_planners_ompl/share/moveit_planners_ompl/environment/path.dsv
[5.330s] -- Up-to-date: /home/kush/UR5_Project_New/install/moveit_planners_ompl/share/moveit_planners_ompl/local_setup.bash
[5.330s] -- Up-to-date: /home/kush/UR5_Project_New/install/moveit_planners_ompl/share/moveit_planners_ompl/local_setup.sh
[5.330s] -- Up-to-date: /home/kush/UR5_Project_New/install/moveit_planners_ompl/share/moveit_planners_ompl/local_setup.zsh
[5.330s] -- Up-to-date: /home/kush/UR5_Project_New/install/moveit_planners_ompl/share/moveit_planners_ompl/local_setup.dsv
[5.330s] -- Installing: /home/kush/UR5_Project_New/install/moveit_planners_ompl/share/moveit_planners_ompl/package.dsv
[5.352s] -- Up-to-date: /home/kush/UR5_Project_New/install/moveit_planners_ompl/share/ament_index/resource_index/packages/moveit_planners_ompl
[5.353s] -- Up-to-date: /home/kush/UR5_Project_New/install/moveit_planners_ompl/share/ament_index/resource_index/moveit_core__pluginlib__plugin/moveit_planners_ompl
[5.413s] -- Up-to-date: /home/kush/UR5_Project_New/install/moveit_planners_ompl/share/moveit_planners_ompl/cmake/export_moveit_planners_omplExport.cmake
[5.413s] -- Up-to-date: /home/kush/UR5_Project_New/install/moveit_planners_ompl/share/moveit_planners_ompl/cmake/export_moveit_planners_omplExport-release.cmake
[5.413s] -- Up-to-date: /home/kush/UR5_Project_New/install/moveit_planners_ompl/share/moveit_planners_ompl/cmake/ament_cmake_export_targets-extras.cmake
[5.413s] -- Up-to-date: /home/kush/UR5_Project_New/install/moveit_planners_ompl/share/moveit_planners_ompl/cmake/ament_cmake_export_dependencies-extras.cmake
[5.414s] -- Up-to-date: /home/kush/UR5_Project_New/install/moveit_planners_ompl/share/moveit_planners_ompl/cmake/moveit_planners_omplConfig.cmake
[5.414s] -- Up-to-date: /home/kush/UR5_Project_New/install/moveit_planners_ompl/share/moveit_planners_ompl/cmake/moveit_planners_omplConfig-version.cmake
[5.414s] -- Up-to-date: /home/kush/UR5_Project_New/install/moveit_planners_ompl/share/moveit_planners_ompl/package.xml
[5.421s] Invoked command in '/home/kush/UR5_Project_New/build/moveit_planners_ompl' returned '0': AMENT_PREFIX_PATH=/home/kush/UR5_Project_New/install/moveit_ros_planning:/home/kush/UR5_Project_New/install/moveit_ros_occupancy_map_monitor:/home/kush/UR5_Project_New/install/moveit_core:/home/kush/UR5_Project_New/install/moveit_resources_panda_moveit_config:/home/kush/UR5_Project_New/install/moveit_resources_fanuc_moveit_config:/home/kush/UR5_Project_New/install/srdfdom:/home/kush/UR5_Project_New/install/moveit_resources_pr2_description:/home/kush/UR5_Project_New/install/moveit_resources_panda_description:/home/kush/UR5_Project_New/install/moveit_resources_fanuc_description:/home/kush/UR5_Project_New/install/moveit_common:${AMENT_PREFIX_PATH} CMAKE_PREFIX_PATH=/home/kush/UR5_Project_New/install/moveit_ros_planning:/home/kush/UR5_Project_New/install/moveit_ros_occupancy_map_monitor:/home/kush/UR5_Project_New/install/moveit_core:/home/kush/UR5_Project_New/install/moveit_resources_panda_moveit_config:/home/kush/UR5_Project_New/install/moveit_resources_fanuc_moveit_config:/home/kush/UR5_Project_New/install/srdfdom:/home/kush/UR5_Project_New/install/moveit_resources_pr2_description:/home/kush/UR5_Project_New/install/moveit_resources_panda_description:/home/kush/UR5_Project_New/install/moveit_resources_fanuc_description:/home/kush/UR5_Project_New/install/moveit_common:/opt/ros/humble LD_LIBRARY_PATH=/home/kush/UR5_Project_New/install/moveit_ros_planning/lib:/home/kush/UR5_Project_New/install/moveit_ros_occupancy_map_monitor/lib:/home/kush/UR5_Project_New/install/moveit_core/lib:/home/kush/UR5_Project_New/install/srdfdom/lib:${LD_LIBRARY_PATH} PATH=/home/kush/UR5_Project_New/install/moveit_core/bin:${PATH} PYTHONPATH=/home/kush/UR5_Project_New/install/srdfdom/local/lib/python3.10/dist-packages:${PYTHONPATH} /usr/bin/cmake --install /home/kush/UR5_Project_New/build/moveit_planners_ompl
