[0.151s] Invoking command in '/home/kush/UR5_Project_New/src/build/moveit_resources': AMENT_PREFIX_PATH=/home/kush/UR5_Project_New/src/install/moveit_resources_panda_moveit_config:/home/kush/UR5_Project_New/src/install/moveit_resources_fanuc_moveit_config:/home/kush/UR5_Project_New/src/install/moveit_resources_pr2_description:/home/kush/UR5_Project_New/src/install/moveit_resources_panda_description:/home/kush/UR5_Project_New/src/install/moveit_resources_fanuc_description:${AMENT_PREFIX_PATH} CMAKE_PREFIX_PATH=/home/kush/UR5_Project_New/src/install/moveit_resources_panda_moveit_config:/home/kush/UR5_Project_New/src/install/moveit_resources_fanuc_moveit_config:/home/kush/UR5_Project_New/src/install/moveit_resources_pr2_description:/home/kush/UR5_Project_New/src/install/moveit_resources_panda_description:/home/kush/UR5_Project_New/src/install/moveit_resources_fanuc_description:/opt/ros/humble /usr/bin/cmake /home/kush/UR5_Project_New/src/moveit_resources/moveit_resources -DCMAKE_INSTALL_PREFIX=/home/kush/UR5_Project_New/src/install/moveit_resources
[0.466s] -- The C compiler identification is GNU 11.4.0
[0.729s] -- The CXX compiler identification is GNU 11.4.0
[0.762s] -- Detecting C compiler ABI info
[1.025s] -- Detecting C compiler ABI info - done
[1.086s] -- Check for working C compiler: /usr/bin/cc - skipped
[1.087s] -- Detecting C compile features
[1.088s] -- Detecting C compile features - done
[1.117s] -- Detecting CXX compiler ABI info
[1.584s] -- Detecting CXX compiler ABI info - done
[1.629s] -- Check for working CXX compiler: /usr/bin/c++ - skipped
[1.632s] -- Detecting CXX compile features
[1.639s] -- Detecting CXX compile features - done
[1.649s] -- Found ament_cmake: 1.3.5 (/opt/ros/humble/share/ament_cmake/cmake)
[2.430s] -- Found Python3: /usr/bin/python3.10 (found version "3.10.12") found components: Interpreter 
[3.191s] -- Configuring done
[3.210s] -- Generating done
[3.224s] -- Build files have been written to: /home/kush/UR5_Project_New/src/build/moveit_resources
[3.267s] Invoked command in '/home/kush/UR5_Project_New/src/build/moveit_resources' returned '0': AMENT_PREFIX_PATH=/home/kush/UR5_Project_New/src/install/moveit_resources_panda_moveit_config:/home/kush/UR5_Project_New/src/install/moveit_resources_fanuc_moveit_config:/home/kush/UR5_Project_New/src/install/moveit_resources_pr2_description:/home/kush/UR5_Project_New/src/install/moveit_resources_panda_description:/home/kush/UR5_Project_New/src/install/moveit_resources_fanuc_description:${AMENT_PREFIX_PATH} CMAKE_PREFIX_PATH=/home/kush/UR5_Project_New/src/install/moveit_resources_panda_moveit_config:/home/kush/UR5_Project_New/src/install/moveit_resources_fanuc_moveit_config:/home/kush/UR5_Project_New/src/install/moveit_resources_pr2_description:/home/kush/UR5_Project_New/src/install/moveit_resources_panda_description:/home/kush/UR5_Project_New/src/install/moveit_resources_fanuc_description:/opt/ros/humble /usr/bin/cmake /home/kush/UR5_Project_New/src/moveit_resources/moveit_resources -DCMAKE_INSTALL_PREFIX=/home/kush/UR5_Project_New/src/install/moveit_resources
[3.269s] Invoking command in '/home/kush/UR5_Project_New/src/build/moveit_resources': AMENT_PREFIX_PATH=/home/kush/UR5_Project_New/src/install/moveit_resources_panda_moveit_config:/home/kush/UR5_Project_New/src/install/moveit_resources_fanuc_moveit_config:/home/kush/UR5_Project_New/src/install/moveit_resources_pr2_description:/home/kush/UR5_Project_New/src/install/moveit_resources_panda_description:/home/kush/UR5_Project_New/src/install/moveit_resources_fanuc_description:${AMENT_PREFIX_PATH} CMAKE_PREFIX_PATH=/home/kush/UR5_Project_New/src/install/moveit_resources_panda_moveit_config:/home/kush/UR5_Project_New/src/install/moveit_resources_fanuc_moveit_config:/home/kush/UR5_Project_New/src/install/moveit_resources_pr2_description:/home/kush/UR5_Project_New/src/install/moveit_resources_panda_description:/home/kush/UR5_Project_New/src/install/moveit_resources_fanuc_description:/opt/ros/humble /usr/bin/cmake --build /home/kush/UR5_Project_New/src/build/moveit_resources -- -j4 -l4
[3.460s] Invoked command in '/home/kush/UR5_Project_New/src/build/moveit_resources' returned '0': AMENT_PREFIX_PATH=/home/kush/UR5_Project_New/src/install/moveit_resources_panda_moveit_config:/home/kush/UR5_Project_New/src/install/moveit_resources_fanuc_moveit_config:/home/kush/UR5_Project_New/src/install/moveit_resources_pr2_description:/home/kush/UR5_Project_New/src/install/moveit_resources_panda_description:/home/kush/UR5_Project_New/src/install/moveit_resources_fanuc_description:${AMENT_PREFIX_PATH} CMAKE_PREFIX_PATH=/home/kush/UR5_Project_New/src/install/moveit_resources_panda_moveit_config:/home/kush/UR5_Project_New/src/install/moveit_resources_fanuc_moveit_config:/home/kush/UR5_Project_New/src/install/moveit_resources_pr2_description:/home/kush/UR5_Project_New/src/install/moveit_resources_panda_description:/home/kush/UR5_Project_New/src/install/moveit_resources_fanuc_description:/opt/ros/humble /usr/bin/cmake --build /home/kush/UR5_Project_New/src/build/moveit_resources -- -j4 -l4
[3.697s] Invoking command in '/home/kush/UR5_Project_New/src/build/moveit_resources': AMENT_PREFIX_PATH=/home/kush/UR5_Project_New/src/install/moveit_resources_panda_moveit_config:/home/kush/UR5_Project_New/src/install/moveit_resources_fanuc_moveit_config:/home/kush/UR5_Project_New/src/install/moveit_resources_pr2_description:/home/kush/UR5_Project_New/src/install/moveit_resources_panda_description:/home/kush/UR5_Project_New/src/install/moveit_resources_fanuc_description:${AMENT_PREFIX_PATH} CMAKE_PREFIX_PATH=/home/kush/UR5_Project_New/src/install/moveit_resources_panda_moveit_config:/home/kush/UR5_Project_New/src/install/moveit_resources_fanuc_moveit_config:/home/kush/UR5_Project_New/src/install/moveit_resources_pr2_description:/home/kush/UR5_Project_New/src/install/moveit_resources_panda_description:/home/kush/UR5_Project_New/src/install/moveit_resources_fanuc_description:/opt/ros/humble /usr/bin/cmake --install /home/kush/UR5_Project_New/src/build/moveit_resources
[3.732s] -- Install configuration: ""
[3.734s] -- Installing: /home/kush/UR5_Project_New/src/install/moveit_resources/share/ament_index/resource_index/package_run_dependencies/moveit_resources
[3.739s] -- Installing: /home/kush/UR5_Project_New/src/install/moveit_resources/share/ament_index/resource_index/parent_prefix_path/moveit_resources
[3.746s] -- Installing: /home/kush/UR5_Project_New/src/install/moveit_resources/share/moveit_resources/environment/ament_prefix_path.sh
[3.749s] -- Installing: /home/kush/UR5_Project_New/src/install/moveit_resources/share/moveit_resources/environment/ament_prefix_path.dsv
[3.751s] -- Installing: /home/kush/UR5_Project_New/src/install/moveit_resources/share/moveit_resources/environment/path.sh
[3.753s] -- Installing: /home/kush/UR5_Project_New/src/install/moveit_resources/share/moveit_resources/environment/path.dsv
[3.755s] -- Installing: /home/kush/UR5_Project_New/src/install/moveit_resources/share/moveit_resources/local_setup.bash
[3.758s] -- Installing: /home/kush/UR5_Project_New/src/install/moveit_resources/share/moveit_resources/local_setup.sh
[3.764s] -- Installing: /home/kush/UR5_Project_New/src/install/moveit_resources/share/moveit_resources/local_setup.zsh
[3.765s] -- Installing: /home/kush/UR5_Project_New/src/install/moveit_resources/share/moveit_resources/local_setup.dsv
[3.770s] -- Installing: /home/kush/UR5_Project_New/src/install/moveit_resources/share/moveit_resources/package.dsv
[3.771s] -- Installing: /home/kush/UR5_Project_New/src/install/moveit_resources/share/ament_index/resource_index/packages/moveit_resources
[3.771s] -- Installing: /home/kush/UR5_Project_New/src/install/moveit_resources/share/moveit_resources/cmake/moveit_resourcesConfig.cmake
[3.772s] -- Installing: /home/kush/UR5_Project_New/src/install/moveit_resources/share/moveit_resources/cmake/moveit_resourcesConfig-version.cmake
[3.773s] -- Installing: /home/kush/UR5_Project_New/src/install/moveit_resources/share/moveit_resources/package.xml
[3.785s] Invoked command in '/home/kush/UR5_Project_New/src/build/moveit_resources' returned '0': AMENT_PREFIX_PATH=/home/kush/UR5_Project_New/src/install/moveit_resources_panda_moveit_config:/home/kush/UR5_Project_New/src/install/moveit_resources_fanuc_moveit_config:/home/kush/UR5_Project_New/src/install/moveit_resources_pr2_description:/home/kush/UR5_Project_New/src/install/moveit_resources_panda_description:/home/kush/UR5_Project_New/src/install/moveit_resources_fanuc_description:${AMENT_PREFIX_PATH} CMAKE_PREFIX_PATH=/home/kush/UR5_Project_New/src/install/moveit_resources_panda_moveit_config:/home/kush/UR5_Project_New/src/install/moveit_resources_fanuc_moveit_config:/home/kush/UR5_Project_New/src/install/moveit_resources_pr2_description:/home/kush/UR5_Project_New/src/install/moveit_resources_panda_description:/home/kush/UR5_Project_New/src/install/moveit_resources_fanuc_description:/opt/ros/humble /usr/bin/cmake --install /home/kush/UR5_Project_New/src/build/moveit_resources
