[0.104s] Invoking command in '/home/kush/UR5_Project_New/build/moveit_ros_perception': AMENT_PREFIX_PATH=/home/kush/UR5_Project_New/install/moveit_ros_planning:/home/kush/UR5_Project_New/install/moveit_ros_occupancy_map_monitor:/home/kush/UR5_Project_New/install/moveit_core:/home/kush/UR5_Project_New/install/srdfdom:/home/kush/UR5_Project_New/install/moveit_common:${AMENT_PREFIX_PATH} CMAKE_PREFIX_PATH=/home/kush/UR5_Project_New/install/moveit_ros_planning:/home/kush/UR5_Project_New/install/moveit_ros_occupancy_map_monitor:/home/kush/UR5_Project_New/install/moveit_core:/home/kush/UR5_Project_New/install/srdfdom:/home/kush/UR5_Project_New/install/moveit_common:/opt/ros/humble LD_LIBRARY_PATH=/home/kush/UR5_Project_New/install/moveit_ros_planning/lib:/home/kush/UR5_Project_New/install/moveit_ros_occupancy_map_monitor/lib:/home/kush/UR5_Project_New/install/moveit_core/lib:/home/kush/UR5_Project_New/install/srdfdom/lib:${LD_LIBRARY_PATH} PATH=/home/kush/UR5_Project_New/install/moveit_core/bin:${PATH} PYTHONPATH=/home/kush/UR5_Project_New/install/srdfdom/local/lib/python3.10/dist-packages:${PYTHONPATH} /usr/bin/cmake --build /home/kush/UR5_Project_New/build/moveit_ros_perception -- -j4 -l4
[0.447s] [35m[1mConsolidate compiler generated dependencies of target moveit_point_containment_filter[0m
[0.493s] [35m[1mConsolidate compiler generated dependencies of target moveit_lazy_free_space_updater[0m
[0.495s] [35m[1mConsolidate compiler generated dependencies of target moveit_semantic_world[0m
[0.529s] [ 10%] Built target moveit_lazy_free_space_updater
[0.722s] [ 20%] Built target moveit_point_containment_filter
[0.794s] [35m[1mConsolidate compiler generated dependencies of target moveit_mesh_filter[0m
[0.850s] [ 30%] Built target moveit_semantic_world
[0.872s] [35m[1mConsolidate compiler generated dependencies of target moveit_pointcloud_octomap_updater_core[0m
[1.034s] [ 40%] Built target moveit_pointcloud_octomap_updater_core
[1.119s] [ 70%] Built target moveit_mesh_filter
[1.157s] [35m[1mConsolidate compiler generated dependencies of target moveit_pointcloud_octomap_updater[0m
[1.216s] [35m[1mConsolidate compiler generated dependencies of target moveit_depth_image_octomap_updater_core[0m
[1.281s] [ 80%] Built target moveit_pointcloud_octomap_updater
[1.368s] [ 90%] Built target moveit_depth_image_octomap_updater_core
[1.438s] [35m[1mConsolidate compiler generated dependencies of target moveit_depth_image_octomap_updater[0m
[1.492s] [100%] Built target moveit_depth_image_octomap_updater
[1.523s] Invoked command in '/home/kush/UR5_Project_New/build/moveit_ros_perception' returned '0': AMENT_PREFIX_PATH=/home/kush/UR5_Project_New/install/moveit_ros_planning:/home/kush/UR5_Project_New/install/moveit_ros_occupancy_map_monitor:/home/kush/UR5_Project_New/install/moveit_core:/home/kush/UR5_Project_New/install/srdfdom:/home/kush/UR5_Project_New/install/moveit_common:${AMENT_PREFIX_PATH} CMAKE_PREFIX_PATH=/home/kush/UR5_Project_New/install/moveit_ros_planning:/home/kush/UR5_Project_New/install/moveit_ros_occupancy_map_monitor:/home/kush/UR5_Project_New/install/moveit_core:/home/kush/UR5_Project_New/install/srdfdom:/home/kush/UR5_Project_New/install/moveit_common:/opt/ros/humble LD_LIBRARY_PATH=/home/kush/UR5_Project_New/install/moveit_ros_planning/lib:/home/kush/UR5_Project_New/install/moveit_ros_occupancy_map_monitor/lib:/home/kush/UR5_Project_New/install/moveit_core/lib:/home/kush/UR5_Project_New/install/srdfdom/lib:${LD_LIBRARY_PATH} PATH=/home/kush/UR5_Project_New/install/moveit_core/bin:${PATH} PYTHONPATH=/home/kush/UR5_Project_New/install/srdfdom/local/lib/python3.10/dist-packages:${PYTHONPATH} /usr/bin/cmake --build /home/kush/UR5_Project_New/build/moveit_ros_perception -- -j4 -l4
[1.564s] Invoking command in '/home/kush/UR5_Project_New/build/moveit_ros_perception': AMENT_PREFIX_PATH=/home/kush/UR5_Project_New/install/moveit_ros_planning:/home/kush/UR5_Project_New/install/moveit_ros_occupancy_map_monitor:/home/kush/UR5_Project_New/install/moveit_core:/home/kush/UR5_Project_New/install/srdfdom:/home/kush/UR5_Project_New/install/moveit_common:${AMENT_PREFIX_PATH} CMAKE_PREFIX_PATH=/home/kush/UR5_Project_New/install/moveit_ros_planning:/home/kush/UR5_Project_New/install/moveit_ros_occupancy_map_monitor:/home/kush/UR5_Project_New/install/moveit_core:/home/kush/UR5_Project_New/install/srdfdom:/home/kush/UR5_Project_New/install/moveit_common:/opt/ros/humble LD_LIBRARY_PATH=/home/kush/UR5_Project_New/install/moveit_ros_planning/lib:/home/kush/UR5_Project_New/install/moveit_ros_occupancy_map_monitor/lib:/home/kush/UR5_Project_New/install/moveit_core/lib:/home/kush/UR5_Project_New/install/srdfdom/lib:${LD_LIBRARY_PATH} PATH=/home/kush/UR5_Project_New/install/moveit_core/bin:${PATH} PYTHONPATH=/home/kush/UR5_Project_New/install/srdfdom/local/lib/python3.10/dist-packages:${PYTHONPATH} /usr/bin/cmake --install /home/kush/UR5_Project_New/build/moveit_ros_perception
[1.675s] -- Install configuration: "Release"
[1.700s] -- Up-to-date: /home/kush/UR5_Project_New/install/moveit_ros_perception/include
[1.700s] -- Up-to-date: /home/kush/UR5_Project_New/install/moveit_ros_perception/include/moveit
[1.701s] -- Up-to-date: /home/kush/UR5_Project_New/install/moveit_ros_perception/include/moveit/lazy_free_space_updater
[1.701s] -- Up-to-date: /home/kush/UR5_Project_New/install/moveit_ros_perception/include/moveit/lazy_free_space_updater/lazy_free_space_updater.h
[1.723s] -- Up-to-date: /home/kush/UR5_Project_New/install/moveit_ros_perception/include
[1.723s] -- Up-to-date: /home/kush/UR5_Project_New/install/moveit_ros_perception/include/moveit
[1.723s] -- Up-to-date: /home/kush/UR5_Project_New/install/moveit_ros_perception/include/moveit/point_containment_filter
[1.723s] -- Up-to-date: /home/kush/UR5_Project_New/install/moveit_ros_perception/include/moveit/point_containment_filter/shape_mask.h
[1.736s] -- Up-to-date: /home/kush/UR5_Project_New/install/moveit_ros_perception/include
[1.736s] -- Up-to-date: /home/kush/UR5_Project_New/install/moveit_ros_perception/include/moveit
[1.737s] -- Up-to-date: /home/kush/UR5_Project_New/install/moveit_ros_perception/include/moveit/pointcloud_octomap_updater
[1.737s] -- Up-to-date: /home/kush/UR5_Project_New/install/moveit_ros_perception/include/moveit/pointcloud_octomap_updater/pointcloud_octomap_updater.h
[1.773s] -- Up-to-date: /home/kush/UR5_Project_New/install/moveit_ros_perception/include
[1.774s] -- Up-to-date: /home/kush/UR5_Project_New/install/moveit_ros_perception/include/moveit
[1.775s] -- Up-to-date: /home/kush/UR5_Project_New/install/moveit_ros_perception/include/moveit/mesh_filter
[1.777s] -- Up-to-date: /home/kush/UR5_Project_New/install/moveit_ros_perception/include/moveit/mesh_filter/mesh_filter_base.h
[1.778s] -- Up-to-date: /home/kush/UR5_Project_New/install/moveit_ros_perception/include/moveit/mesh_filter/gl_renderer.h
[1.778s] -- Up-to-date: /home/kush/UR5_Project_New/install/moveit_ros_perception/include/moveit/mesh_filter/stereo_camera_model.h
[1.778s] -- Up-to-date: /home/kush/UR5_Project_New/install/moveit_ros_perception/include/moveit/mesh_filter/depth_self_filter_nodelet.h
[1.778s] -- Up-to-date: /home/kush/UR5_Project_New/install/moveit_ros_perception/include/moveit/mesh_filter/transform_provider.h
[1.779s] -- Up-to-date: /home/kush/UR5_Project_New/install/moveit_ros_perception/include/moveit/mesh_filter/sensor_model.h
[1.779s] -- Up-to-date: /home/kush/UR5_Project_New/install/moveit_ros_perception/include/moveit/mesh_filter/gl_mesh.h
[1.780s] -- Up-to-date: /home/kush/UR5_Project_New/install/moveit_ros_perception/include/moveit/mesh_filter/filter_job.h
[1.780s] -- Up-to-date: /home/kush/UR5_Project_New/install/moveit_ros_perception/include/moveit/mesh_filter/mesh_filter.h
[1.780s] -- Up-to-date: /home/kush/UR5_Project_New/install/moveit_ros_perception/include/moveit_mesh_filter_export.h
[1.820s] -- Up-to-date: /home/kush/UR5_Project_New/install/moveit_ros_perception/include
[1.820s] -- Up-to-date: /home/kush/UR5_Project_New/install/moveit_ros_perception/include/moveit
[1.821s] -- Up-to-date: /home/kush/UR5_Project_New/install/moveit_ros_perception/include/moveit/depth_image_octomap_updater
[1.821s] -- Up-to-date: /home/kush/UR5_Project_New/install/moveit_ros_perception/include/moveit/depth_image_octomap_updater/depth_image_octomap_updater.h
[1.855s] -- Up-to-date: /home/kush/UR5_Project_New/install/moveit_ros_perception/include
[1.856s] -- Up-to-date: /home/kush/UR5_Project_New/install/moveit_ros_perception/include/moveit
[1.856s] -- Up-to-date: /home/kush/UR5_Project_New/install/moveit_ros_perception/include/moveit/semantic_world
[1.857s] -- Up-to-date: /home/kush/UR5_Project_New/install/moveit_ros_perception/include/moveit/semantic_world/semantic_world.h
[1.924s] -- Up-to-date: /home/kush/UR5_Project_New/install/moveit_ros_perception/lib/libmoveit_depth_image_octomap_updater.so.2.5.4
[1.924s] -- Up-to-date: /home/kush/UR5_Project_New/install/moveit_ros_perception/lib/libmoveit_depth_image_octomap_updater.so
[1.997s] -- Up-to-date: /home/kush/UR5_Project_New/install/moveit_ros_perception/lib/libmoveit_depth_image_octomap_updater_core.so.2.5.4
[1.998s] -- Up-to-date: /home/kush/UR5_Project_New/install/moveit_ros_perception/lib/libmoveit_depth_image_octomap_updater_core.so
[1.998s] -- Up-to-date: /home/kush/UR5_Project_New/install/moveit_ros_perception/lib/libmoveit_lazy_free_space_updater.so.2.5.4
[1.998s] -- Up-to-date: /home/kush/UR5_Project_New/install/moveit_ros_perception/lib/libmoveit_lazy_free_space_updater.so
[1.998s] -- Up-to-date: /home/kush/UR5_Project_New/install/moveit_ros_perception/lib/libmoveit_mesh_filter.so.2.5.4
[1.998s] -- Up-to-date: /home/kush/UR5_Project_New/install/moveit_ros_perception/lib/libmoveit_mesh_filter.so
[2.014s] -- Up-to-date: /home/kush/UR5_Project_New/install/moveit_ros_perception/lib/libmoveit_point_containment_filter.so.2.5.4
[2.015s] -- Up-to-date: /home/kush/UR5_Project_New/install/moveit_ros_perception/lib/libmoveit_point_containment_filter.so
[2.016s] -- Up-to-date: /home/kush/UR5_Project_New/install/moveit_ros_perception/lib/libmoveit_pointcloud_octomap_updater.so.2.5.4
[2.016s] -- Up-to-date: /home/kush/UR5_Project_New/install/moveit_ros_perception/lib/libmoveit_pointcloud_octomap_updater.so
[2.089s] -- Up-to-date: /home/kush/UR5_Project_New/install/moveit_ros_perception/lib/libmoveit_pointcloud_octomap_updater_core.so.2.5.4
[2.089s] -- Up-to-date: /home/kush/UR5_Project_New/install/moveit_ros_perception/lib/libmoveit_pointcloud_octomap_updater_core.so
[2.616s] -- Up-to-date: /home/kush/UR5_Project_New/install/moveit_ros_perception/lib/libmoveit_semantic_world.so.2.5.4
[2.616s] -- Up-to-date: /home/kush/UR5_Project_New/install/moveit_ros_perception/lib/libmoveit_semantic_world.so
[2.617s] -- Up-to-date: /home/kush/UR5_Project_New/install/moveit_ros_perception/share/moveit_ros_perception/environment/library_path.sh
[2.617s] -- Up-to-date: /home/kush/UR5_Project_New/install/moveit_ros_perception/share/moveit_ros_perception/environment/library_path.dsv
[2.617s] -- Up-to-date: /home/kush/UR5_Project_New/install/moveit_ros_perception/share/moveit_ros_perception/pointcloud_octomap_updater_plugin_description.xml
[2.618s] -- Up-to-date: /home/kush/UR5_Project_New/install/moveit_ros_perception/share/moveit_ros_perception/depth_image_octomap_updater_plugin_description.xml
[2.618s] -- Up-to-date: /home/kush/UR5_Project_New/install/moveit_ros_perception/share/ament_index/resource_index/package_run_dependencies/moveit_ros_perception
[2.618s] -- Up-to-date: /home/kush/UR5_Project_New/install/moveit_ros_perception/share/ament_index/resource_index/parent_prefix_path/moveit_ros_perception
[2.618s] -- Up-to-date: /home/kush/UR5_Project_New/install/moveit_ros_perception/share/moveit_ros_perception/environment/ament_prefix_path.sh
[2.619s] -- Up-to-date: /home/kush/UR5_Project_New/install/moveit_ros_perception/share/moveit_ros_perception/environment/ament_prefix_path.dsv
[2.619s] -- Up-to-date: /home/kush/UR5_Project_New/install/moveit_ros_perception/share/moveit_ros_perception/environment/path.sh
[2.619s] -- Up-to-date: /home/kush/UR5_Project_New/install/moveit_ros_perception/share/moveit_ros_perception/environment/path.dsv
[2.619s] -- Up-to-date: /home/kush/UR5_Project_New/install/moveit_ros_perception/share/moveit_ros_perception/local_setup.bash
[2.619s] -- Up-to-date: /home/kush/UR5_Project_New/install/moveit_ros_perception/share/moveit_ros_perception/local_setup.sh
[2.619s] -- Up-to-date: /home/kush/UR5_Project_New/install/moveit_ros_perception/share/moveit_ros_perception/local_setup.zsh
[2.620s] -- Up-to-date: /home/kush/UR5_Project_New/install/moveit_ros_perception/share/moveit_ros_perception/local_setup.dsv
[2.620s] -- Installing: /home/kush/UR5_Project_New/install/moveit_ros_perception/share/moveit_ros_perception/package.dsv
[2.658s] -- Up-to-date: /home/kush/UR5_Project_New/install/moveit_ros_perception/share/ament_index/resource_index/packages/moveit_ros_perception
[2.658s] -- Up-to-date: /home/kush/UR5_Project_New/install/moveit_ros_perception/share/ament_index/resource_index/moveit_ros_occupancy_map_monitor__pluginlib__plugin/moveit_ros_perception
[2.762s] -- Up-to-date: /home/kush/UR5_Project_New/install/moveit_ros_perception/share/moveit_ros_perception/cmake/export_moveit_ros_perceptionExport.cmake
[2.762s] -- Up-to-date: /home/kush/UR5_Project_New/install/moveit_ros_perception/share/moveit_ros_perception/cmake/export_moveit_ros_perceptionExport-release.cmake
[2.762s] -- Up-to-date: /home/kush/UR5_Project_New/install/moveit_ros_perception/share/moveit_ros_perception/cmake/ConfigExtras.cmake
[2.762s] -- Up-to-date: /home/kush/UR5_Project_New/install/moveit_ros_perception/share/moveit_ros_perception/cmake/ament_cmake_export_targets-extras.cmake
[2.763s] -- Up-to-date: /home/kush/UR5_Project_New/install/moveit_ros_perception/share/moveit_ros_perception/cmake/ament_cmake_export_dependencies-extras.cmake
[2.763s] -- Up-to-date: /home/kush/UR5_Project_New/install/moveit_ros_perception/share/moveit_ros_perception/cmake/moveit_ros_perceptionConfig.cmake
[2.763s] -- Up-to-date: /home/kush/UR5_Project_New/install/moveit_ros_perception/share/moveit_ros_perception/cmake/moveit_ros_perceptionConfig-version.cmake
[2.763s] -- Up-to-date: /home/kush/UR5_Project_New/install/moveit_ros_perception/share/moveit_ros_perception/package.xml
[2.768s] Invoked command in '/home/kush/UR5_Project_New/build/moveit_ros_perception' returned '0': AMENT_PREFIX_PATH=/home/kush/UR5_Project_New/install/moveit_ros_planning:/home/kush/UR5_Project_New/install/moveit_ros_occupancy_map_monitor:/home/kush/UR5_Project_New/install/moveit_core:/home/kush/UR5_Project_New/install/srdfdom:/home/kush/UR5_Project_New/install/moveit_common:${AMENT_PREFIX_PATH} CMAKE_PREFIX_PATH=/home/kush/UR5_Project_New/install/moveit_ros_planning:/home/kush/UR5_Project_New/install/moveit_ros_occupancy_map_monitor:/home/kush/UR5_Project_New/install/moveit_core:/home/kush/UR5_Project_New/install/srdfdom:/home/kush/UR5_Project_New/install/moveit_common:/opt/ros/humble LD_LIBRARY_PATH=/home/kush/UR5_Project_New/install/moveit_ros_planning/lib:/home/kush/UR5_Project_New/install/moveit_ros_occupancy_map_monitor/lib:/home/kush/UR5_Project_New/install/moveit_core/lib:/home/kush/UR5_Project_New/install/srdfdom/lib:${LD_LIBRARY_PATH} PATH=/home/kush/UR5_Project_New/install/moveit_core/bin:${PATH} PYTHONPATH=/home/kush/UR5_Project_New/install/srdfdom/local/lib/python3.10/dist-packages:${PYTHONPATH} /usr/bin/cmake --install /home/kush/UR5_Project_New/build/moveit_ros_perception
