[0.108s] Invoking command in '/home/kush/UR5_Project_New/build/moveit_kinematics': AMENT_PREFIX_PATH=/home/kush/UR5_Project_New/install/moveit_ros_planning:/home/kush/UR5_Project_New/install/moveit_ros_occupancy_map_monitor:/home/kush/UR5_Project_New/install/moveit_core:/home/kush/UR5_Project_New/install/moveit_resources_panda_moveit_config:/home/kush/UR5_Project_New/install/moveit_resources_fanuc_moveit_config:/home/kush/UR5_Project_New/install/moveit_configs_utils:/home/kush/UR5_Project_New/install/srdfdom:/home/kush/UR5_Project_New/install/moveit_resources_panda_description:/home/kush/UR5_Project_New/install/moveit_resources_fanuc_description:/home/kush/UR5_Project_New/install/moveit_common:/home/kush/UR5_Project_New/install/launch_param_builder:${AMENT_PREFIX_PATH} CMAKE_PREFIX_PATH=/home/kush/UR5_Project_New/install/moveit_ros_planning:/home/kush/UR5_Project_New/install/moveit_ros_occupancy_map_monitor:/home/kush/UR5_Project_New/install/moveit_core:/home/kush/UR5_Project_New/install/moveit_resources_panda_moveit_config:/home/kush/UR5_Project_New/install/moveit_resources_fanuc_moveit_config:/home/kush/UR5_Project_New/install/srdfdom:/home/kush/UR5_Project_New/install/moveit_resources_panda_description:/home/kush/UR5_Project_New/install/moveit_resources_fanuc_description:/home/kush/UR5_Project_New/install/moveit_common:/opt/ros/humble LD_LIBRARY_PATH=/home/kush/UR5_Project_New/install/moveit_ros_planning/lib:/home/kush/UR5_Project_New/install/moveit_ros_occupancy_map_monitor/lib:/home/kush/UR5_Project_New/install/moveit_core/lib:/home/kush/UR5_Project_New/install/srdfdom/lib:${LD_LIBRARY_PATH} PATH=/home/kush/UR5_Project_New/install/moveit_core/bin:${PATH} PYTHONPATH=/home/kush/UR5_Project_New/install/moveit_configs_utils/lib/python3.10/site-packages:/home/kush/UR5_Project_New/install/srdfdom/local/lib/python3.10/dist-packages:/home/kush/UR5_Project_New/install/launch_param_builder/lib/python3.10/site-packages:${PYTHONPATH} /usr/bin/cmake --build /home/kush/UR5_Project_New/build/moveit_kinematics -- -j4 -l4
[0.343s] [35m[1mConsolidate compiler generated dependencies of target moveit_cached_ik_kinematics_base[0m
[0.420s] [ 10%] Built target moveit_cached_ik_kinematics_base
[0.437s] [35m[1mConsolidate compiler generated dependencies of target moveit_lma_kinematics_plugin[0m
[0.442s] [35m[1mConsolidate compiler generated dependencies of target moveit_srv_kinematics_plugin[0m
[0.497s] [ 21%] Built target moveit_srv_kinematics_plugin
[0.513s] [ 31%] Built target moveit_lma_kinematics_plugin
[0.532s] [35m[1mConsolidate compiler generated dependencies of target gtest_main[0m
[0.582s] [ 42%] Built target gtest_main
[0.612s] [35m[1mConsolidate compiler generated dependencies of target benchmark_ik[0m
[0.622s] [35m[1mConsolidate compiler generated dependencies of target gtest[0m
[0.653s] [35m[1mConsolidate compiler generated dependencies of target moveit_kdl_kinematics_plugin[0m
[0.658s] [ 52%] Built target gtest
[0.689s] [ 63%] Built target benchmark_ik
[0.714s] [ 78%] Built target moveit_kdl_kinematics_plugin
[0.846s] [35m[1mConsolidate compiler generated dependencies of target moveit_cached_ik_kinematics_plugin[0m
[0.887s] [35m[1mConsolidate compiler generated dependencies of target test_kinematics_plugin[0m
[0.899s] [ 89%] Built target moveit_cached_ik_kinematics_plugin
[0.947s] [100%] Built target test_kinematics_plugin
[0.979s] Invoked command in '/home/kush/UR5_Project_New/build/moveit_kinematics' returned '0': AMENT_PREFIX_PATH=/home/kush/UR5_Project_New/install/moveit_ros_planning:/home/kush/UR5_Project_New/install/moveit_ros_occupancy_map_monitor:/home/kush/UR5_Project_New/install/moveit_core:/home/kush/UR5_Project_New/install/moveit_resources_panda_moveit_config:/home/kush/UR5_Project_New/install/moveit_resources_fanuc_moveit_config:/home/kush/UR5_Project_New/install/moveit_configs_utils:/home/kush/UR5_Project_New/install/srdfdom:/home/kush/UR5_Project_New/install/moveit_resources_panda_description:/home/kush/UR5_Project_New/install/moveit_resources_fanuc_description:/home/kush/UR5_Project_New/install/moveit_common:/home/kush/UR5_Project_New/install/launch_param_builder:${AMENT_PREFIX_PATH} CMAKE_PREFIX_PATH=/home/kush/UR5_Project_New/install/moveit_ros_planning:/home/kush/UR5_Project_New/install/moveit_ros_occupancy_map_monitor:/home/kush/UR5_Project_New/install/moveit_core:/home/kush/UR5_Project_New/install/moveit_resources_panda_moveit_config:/home/kush/UR5_Project_New/install/moveit_resources_fanuc_moveit_config:/home/kush/UR5_Project_New/install/srdfdom:/home/kush/UR5_Project_New/install/moveit_resources_panda_description:/home/kush/UR5_Project_New/install/moveit_resources_fanuc_description:/home/kush/UR5_Project_New/install/moveit_common:/opt/ros/humble LD_LIBRARY_PATH=/home/kush/UR5_Project_New/install/moveit_ros_planning/lib:/home/kush/UR5_Project_New/install/moveit_ros_occupancy_map_monitor/lib:/home/kush/UR5_Project_New/install/moveit_core/lib:/home/kush/UR5_Project_New/install/srdfdom/lib:${LD_LIBRARY_PATH} PATH=/home/kush/UR5_Project_New/install/moveit_core/bin:${PATH} PYTHONPATH=/home/kush/UR5_Project_New/install/moveit_configs_utils/lib/python3.10/site-packages:/home/kush/UR5_Project_New/install/srdfdom/local/lib/python3.10/dist-packages:/home/kush/UR5_Project_New/install/launch_param_builder/lib/python3.10/site-packages:${PYTHONPATH} /usr/bin/cmake --build /home/kush/UR5_Project_New/build/moveit_kinematics -- -j4 -l4
[1.055s] Invoking command in '/home/kush/UR5_Project_New/build/moveit_kinematics': AMENT_PREFIX_PATH=/home/kush/UR5_Project_New/install/moveit_ros_planning:/home/kush/UR5_Project_New/install/moveit_ros_occupancy_map_monitor:/home/kush/UR5_Project_New/install/moveit_core:/home/kush/UR5_Project_New/install/moveit_resources_panda_moveit_config:/home/kush/UR5_Project_New/install/moveit_resources_fanuc_moveit_config:/home/kush/UR5_Project_New/install/moveit_configs_utils:/home/kush/UR5_Project_New/install/srdfdom:/home/kush/UR5_Project_New/install/moveit_resources_panda_description:/home/kush/UR5_Project_New/install/moveit_resources_fanuc_description:/home/kush/UR5_Project_New/install/moveit_common:/home/kush/UR5_Project_New/install/launch_param_builder:${AMENT_PREFIX_PATH} CMAKE_PREFIX_PATH=/home/kush/UR5_Project_New/install/moveit_ros_planning:/home/kush/UR5_Project_New/install/moveit_ros_occupancy_map_monitor:/home/kush/UR5_Project_New/install/moveit_core:/home/kush/UR5_Project_New/install/moveit_resources_panda_moveit_config:/home/kush/UR5_Project_New/install/moveit_resources_fanuc_moveit_config:/home/kush/UR5_Project_New/install/srdfdom:/home/kush/UR5_Project_New/install/moveit_resources_panda_description:/home/kush/UR5_Project_New/install/moveit_resources_fanuc_description:/home/kush/UR5_Project_New/install/moveit_common:/opt/ros/humble LD_LIBRARY_PATH=/home/kush/UR5_Project_New/install/moveit_ros_planning/lib:/home/kush/UR5_Project_New/install/moveit_ros_occupancy_map_monitor/lib:/home/kush/UR5_Project_New/install/moveit_core/lib:/home/kush/UR5_Project_New/install/srdfdom/lib:${LD_LIBRARY_PATH} PATH=/home/kush/UR5_Project_New/install/moveit_core/bin:${PATH} PYTHONPATH=/home/kush/UR5_Project_New/install/moveit_configs_utils/lib/python3.10/site-packages:/home/kush/UR5_Project_New/install/srdfdom/local/lib/python3.10/dist-packages:/home/kush/UR5_Project_New/install/launch_param_builder/lib/python3.10/site-packages:${PYTHONPATH} /usr/bin/cmake --install /home/kush/UR5_Project_New/build/moveit_kinematics
[1.075s] -- Install configuration: "Release"
[1.075s] -- Up-to-date: /home/kush/UR5_Project_New/install/moveit_kinematics/share/moveit_kinematics/kdl_kinematics_plugin_description.xml
[1.075s] -- Up-to-date: /home/kush/UR5_Project_New/install/moveit_kinematics/share/moveit_kinematics/lma_kinematics_plugin_description.xml
[1.076s] -- Up-to-date: /home/kush/UR5_Project_New/install/moveit_kinematics/share/moveit_kinematics/srv_kinematics_plugin_description.xml
[1.076s] -- Up-to-date: /home/kush/UR5_Project_New/install/moveit_kinematics/share/moveit_kinematics/cached_ik_kinematics_plugin_description.xml
[1.084s] -- Up-to-date: /home/kush/UR5_Project_New/install/moveit_kinematics/include
[1.085s] -- Up-to-date: /home/kush/UR5_Project_New/install/moveit_kinematics/include/moveit
[1.085s] -- Up-to-date: /home/kush/UR5_Project_New/install/moveit_kinematics/include/moveit/cached_ik_kinematics_plugin
[1.085s] -- Up-to-date: /home/kush/UR5_Project_New/install/moveit_kinematics/include/moveit/cached_ik_kinematics_plugin/cached_ik_kinematics_plugin-inl.h
[1.085s] -- Up-to-date: /home/kush/UR5_Project_New/install/moveit_kinematics/include/moveit/cached_ik_kinematics_plugin/detail
[1.085s] -- Up-to-date: /home/kush/UR5_Project_New/install/moveit_kinematics/include/moveit/cached_ik_kinematics_plugin/detail/GreedyKCenters.h
[1.085s] -- Up-to-date: /home/kush/UR5_Project_New/install/moveit_kinematics/include/moveit/cached_ik_kinematics_plugin/detail/NearestNeighbors.h
[1.086s] -- Up-to-date: /home/kush/UR5_Project_New/install/moveit_kinematics/include/moveit/cached_ik_kinematics_plugin/detail/NearestNeighborsGNAT.h
[1.086s] -- Up-to-date: /home/kush/UR5_Project_New/install/moveit_kinematics/include/moveit/cached_ik_kinematics_plugin/cached_ik_kinematics_plugin.h
[1.086s] -- Up-to-date: /home/kush/UR5_Project_New/install/moveit_kinematics/share/moveit_kinematics/launch
[1.086s] -- Up-to-date: /home/kush/UR5_Project_New/install/moveit_kinematics/share/moveit_kinematics/launch/measure_ik_call_cost.launch
[1.107s] -- Up-to-date: /home/kush/UR5_Project_New/install/moveit_kinematics/lib/moveit_kinematics/auto_create_ikfast_moveit_plugin.sh
[1.107s] -- Up-to-date: /home/kush/UR5_Project_New/install/moveit_kinematics/lib/moveit_kinematics/create_ikfast_moveit_plugin.py
[1.107s] -- Up-to-date: /home/kush/UR5_Project_New/install/moveit_kinematics/lib/moveit_kinematics/round_collada_numbers.py
[1.108s] -- Up-to-date: /home/kush/UR5_Project_New/install/moveit_kinematics/share/moveit_kinematics/ikfast_kinematics_plugin/templates
[1.108s] -- Up-to-date: /home/kush/UR5_Project_New/install/moveit_kinematics/share/moveit_kinematics/ikfast_kinematics_plugin/templates/ikfast61_moveit_plugin_template.cpp
[1.108s] -- Up-to-date: /home/kush/UR5_Project_New/install/moveit_kinematics/share/moveit_kinematics/ikfast_kinematics_plugin/templates/CMakeLists.txt
[1.108s] -- Up-to-date: /home/kush/UR5_Project_New/install/moveit_kinematics/share/moveit_kinematics/ikfast_kinematics_plugin/templates/ikfast.h
[1.133s] -- Up-to-date: /home/kush/UR5_Project_New/install/moveit_kinematics/include
[1.133s] -- Up-to-date: /home/kush/UR5_Project_New/install/moveit_kinematics/include/moveit
[1.133s] -- Up-to-date: /home/kush/UR5_Project_New/install/moveit_kinematics/include/moveit/kdl_kinematics_plugin
[1.133s] -- Up-to-date: /home/kush/UR5_Project_New/install/moveit_kinematics/include/moveit/kdl_kinematics_plugin/joint_mimic.hpp
[1.133s] -- Up-to-date: /home/kush/UR5_Project_New/install/moveit_kinematics/include/moveit/kdl_kinematics_plugin/kdl_kinematics_plugin.h
[1.134s] -- Up-to-date: /home/kush/UR5_Project_New/install/moveit_kinematics/include/moveit/kdl_kinematics_plugin/chainiksolver_vel_mimic_svd.hpp
[1.167s] -- Up-to-date: /home/kush/UR5_Project_New/install/moveit_kinematics/include
[1.167s] -- Up-to-date: /home/kush/UR5_Project_New/install/moveit_kinematics/include/moveit
[1.168s] -- Up-to-date: /home/kush/UR5_Project_New/install/moveit_kinematics/include/moveit/lma_kinematics_plugin
[1.168s] -- Up-to-date: /home/kush/UR5_Project_New/install/moveit_kinematics/include/moveit/lma_kinematics_plugin/lma_kinematics_plugin.h
[1.191s] -- Up-to-date: /home/kush/UR5_Project_New/install/moveit_kinematics/include
[1.191s] -- Up-to-date: /home/kush/UR5_Project_New/install/moveit_kinematics/include/moveit
[1.191s] -- Up-to-date: /home/kush/UR5_Project_New/install/moveit_kinematics/include/moveit/srv_kinematics_plugin
[1.191s] -- Up-to-date: /home/kush/UR5_Project_New/install/moveit_kinematics/include/moveit/srv_kinematics_plugin/srv_kinematics_plugin.h
[1.222s] -- Up-to-date: /home/kush/UR5_Project_New/install/moveit_kinematics/share/moveit_kinematics/config
[1.222s] -- Up-to-date: /home/kush/UR5_Project_New/install/moveit_kinematics/share/moveit_kinematics/config/panda-lma-singular-test.yaml
[1.222s] -- Up-to-date: /home/kush/UR5_Project_New/install/moveit_kinematics/share/moveit_kinematics/config/panda-lma-test.yaml
[1.222s] -- Up-to-date: /home/kush/UR5_Project_New/install/moveit_kinematics/share/moveit_kinematics/config/panda-kdl-test.yaml
[1.223s] -- Up-to-date: /home/kush/UR5_Project_New/install/moveit_kinematics/share/moveit_kinematics/config/fanuc-kdl-test.yaml
[1.223s] -- Up-to-date: /home/kush/UR5_Project_New/install/moveit_kinematics/share/moveit_kinematics/config/fanuc-kdl-singular-test.yaml
[1.223s] -- Up-to-date: /home/kush/UR5_Project_New/install/moveit_kinematics/share/moveit_kinematics/config/fanuc-lma-test.yaml
[1.223s] -- Up-to-date: /home/kush/UR5_Project_New/install/moveit_kinematics/share/moveit_kinematics/config/panda-kdl-singular-test.yaml
[1.223s] -- Up-to-date: /home/kush/UR5_Project_New/install/moveit_kinematics/share/moveit_kinematics/config/fanuc-lma-singular-test.yaml
[1.223s] -- Up-to-date: /home/kush/UR5_Project_New/install/moveit_kinematics/share/moveit_kinematics/launch
[1.223s] -- Up-to-date: /home/kush/UR5_Project_New/install/moveit_kinematics/share/moveit_kinematics/launch/fanuc-lma-singular.test.py
[1.223s] -- Up-to-date: /home/kush/UR5_Project_New/install/moveit_kinematics/share/moveit_kinematics/launch/panda-lma-singular.test.py
[1.223s] -- Up-to-date: /home/kush/UR5_Project_New/install/moveit_kinematics/share/moveit_kinematics/launch/panda-kdl-singular.test.py
[1.223s] -- Up-to-date: /home/kush/UR5_Project_New/install/moveit_kinematics/share/moveit_kinematics/launch/panda-lma.test.py
[1.223s] -- Up-to-date: /home/kush/UR5_Project_New/install/moveit_kinematics/share/moveit_kinematics/launch/fanuc-kdl-singular.test.py
[1.224s] -- Up-to-date: /home/kush/UR5_Project_New/install/moveit_kinematics/share/moveit_kinematics/launch/fanuc-lma.test.py
[1.224s] -- Up-to-date: /home/kush/UR5_Project_New/install/moveit_kinematics/share/moveit_kinematics/launch/fanuc-kdl.test.py
[1.224s] -- Up-to-date: /home/kush/UR5_Project_New/install/moveit_kinematics/share/moveit_kinematics/launch/panda-kdl.test.py
[1.330s] -- Up-to-date: /home/kush/UR5_Project_New/install/moveit_kinematics/lib/moveit_kinematics/benchmark_ik
[1.418s] -- Up-to-date: /home/kush/UR5_Project_New/install/moveit_kinematics/lib/moveit_kinematics/test_kinematics_plugin
[1.454s] -- Up-to-date: /home/kush/UR5_Project_New/install/moveit_kinematics/lib/libmoveit_cached_ik_kinematics_base.so.2.5.4
[1.456s] -- Up-to-date: /home/kush/UR5_Project_New/install/moveit_kinematics/lib/libmoveit_cached_ik_kinematics_base.so
[1.465s] -- Up-to-date: /home/kush/UR5_Project_New/install/moveit_kinematics/lib/libmoveit_cached_ik_kinematics_plugin.so.2.5.4
[1.466s] -- Up-to-date: /home/kush/UR5_Project_New/install/moveit_kinematics/lib/libmoveit_cached_ik_kinematics_plugin.so
[1.481s] -- Up-to-date: /home/kush/UR5_Project_New/install/moveit_kinematics/lib/libmoveit_kdl_kinematics_plugin.so
[1.483s] -- Up-to-date: /home/kush/UR5_Project_New/install/moveit_kinematics/lib/libmoveit_lma_kinematics_plugin.so.2.5.4
[1.483s] -- Up-to-date: /home/kush/UR5_Project_New/install/moveit_kinematics/lib/libmoveit_lma_kinematics_plugin.so
[1.497s] -- Up-to-date: /home/kush/UR5_Project_New/install/moveit_kinematics/lib/libmoveit_srv_kinematics_plugin.so.2.5.4
[1.498s] -- Up-to-date: /home/kush/UR5_Project_New/install/moveit_kinematics/lib/libmoveit_srv_kinematics_plugin.so
[1.498s] -- Up-to-date: /home/kush/UR5_Project_New/install/moveit_kinematics/share/moveit_kinematics/environment/library_path.sh
[1.498s] -- Up-to-date: /home/kush/UR5_Project_New/install/moveit_kinematics/share/moveit_kinematics/environment/library_path.dsv
[1.499s] -- Up-to-date: /home/kush/UR5_Project_New/install/moveit_kinematics/share/ament_index/resource_index/package_run_dependencies/moveit_kinematics
[1.499s] -- Up-to-date: /home/kush/UR5_Project_New/install/moveit_kinematics/share/ament_index/resource_index/parent_prefix_path/moveit_kinematics
[1.499s] -- Up-to-date: /home/kush/UR5_Project_New/install/moveit_kinematics/share/moveit_kinematics/environment/ament_prefix_path.sh
[1.499s] -- Up-to-date: /home/kush/UR5_Project_New/install/moveit_kinematics/share/moveit_kinematics/environment/ament_prefix_path.dsv
[1.500s] -- Up-to-date: /home/kush/UR5_Project_New/install/moveit_kinematics/share/moveit_kinematics/environment/path.sh
[1.500s] -- Up-to-date: /home/kush/UR5_Project_New/install/moveit_kinematics/share/moveit_kinematics/environment/path.dsv
[1.500s] -- Up-to-date: /home/kush/UR5_Project_New/install/moveit_kinematics/share/moveit_kinematics/local_setup.bash
[1.500s] -- Up-to-date: /home/kush/UR5_Project_New/install/moveit_kinematics/share/moveit_kinematics/local_setup.sh
[1.500s] -- Up-to-date: /home/kush/UR5_Project_New/install/moveit_kinematics/share/moveit_kinematics/local_setup.zsh
[1.500s] -- Up-to-date: /home/kush/UR5_Project_New/install/moveit_kinematics/share/moveit_kinematics/local_setup.dsv
[1.501s] -- Installing: /home/kush/UR5_Project_New/install/moveit_kinematics/share/moveit_kinematics/package.dsv
[1.501s] -- Up-to-date: /home/kush/UR5_Project_New/install/moveit_kinematics/share/ament_index/resource_index/packages/moveit_kinematics
[1.501s] -- Up-to-date: /home/kush/UR5_Project_New/install/moveit_kinematics/share/ament_index/resource_index/moveit_core__pluginlib__plugin/moveit_kinematics
[1.517s] -- Up-to-date: /home/kush/UR5_Project_New/install/moveit_kinematics/share/moveit_kinematics/cmake/export_moveit_kinematicsExport.cmake
[1.518s] -- Up-to-date: /home/kush/UR5_Project_New/install/moveit_kinematics/share/moveit_kinematics/cmake/export_moveit_kinematicsExport-release.cmake
[1.518s] -- Up-to-date: /home/kush/UR5_Project_New/install/moveit_kinematics/share/moveit_kinematics/cmake/ConfigExtras.cmake
[1.518s] -- Up-to-date: /home/kush/UR5_Project_New/install/moveit_kinematics/share/moveit_kinematics/cmake/ament_cmake_export_targets-extras.cmake
[1.518s] -- Up-to-date: /home/kush/UR5_Project_New/install/moveit_kinematics/share/moveit_kinematics/cmake/ament_cmake_export_dependencies-extras.cmake
[1.520s] -- Up-to-date: /home/kush/UR5_Project_New/install/moveit_kinematics/share/moveit_kinematics/cmake/moveit_kinematicsConfig.cmake
[1.521s] -- Up-to-date: /home/kush/UR5_Project_New/install/moveit_kinematics/share/moveit_kinematics/cmake/moveit_kinematicsConfig-version.cmake
[1.521s] -- Up-to-date: /home/kush/UR5_Project_New/install/moveit_kinematics/share/moveit_kinematics/package.xml
[1.527s] Invoked command in '/home/kush/UR5_Project_New/build/moveit_kinematics' returned '0': AMENT_PREFIX_PATH=/home/kush/UR5_Project_New/install/moveit_ros_planning:/home/kush/UR5_Project_New/install/moveit_ros_occupancy_map_monitor:/home/kush/UR5_Project_New/install/moveit_core:/home/kush/UR5_Project_New/install/moveit_resources_panda_moveit_config:/home/kush/UR5_Project_New/install/moveit_resources_fanuc_moveit_config:/home/kush/UR5_Project_New/install/moveit_configs_utils:/home/kush/UR5_Project_New/install/srdfdom:/home/kush/UR5_Project_New/install/moveit_resources_panda_description:/home/kush/UR5_Project_New/install/moveit_resources_fanuc_description:/home/kush/UR5_Project_New/install/moveit_common:/home/kush/UR5_Project_New/install/launch_param_builder:${AMENT_PREFIX_PATH} CMAKE_PREFIX_PATH=/home/kush/UR5_Project_New/install/moveit_ros_planning:/home/kush/UR5_Project_New/install/moveit_ros_occupancy_map_monitor:/home/kush/UR5_Project_New/install/moveit_core:/home/kush/UR5_Project_New/install/moveit_resources_panda_moveit_config:/home/kush/UR5_Project_New/install/moveit_resources_fanuc_moveit_config:/home/kush/UR5_Project_New/install/srdfdom:/home/kush/UR5_Project_New/install/moveit_resources_panda_description:/home/kush/UR5_Project_New/install/moveit_resources_fanuc_description:/home/kush/UR5_Project_New/install/moveit_common:/opt/ros/humble LD_LIBRARY_PATH=/home/kush/UR5_Project_New/install/moveit_ros_planning/lib:/home/kush/UR5_Project_New/install/moveit_ros_occupancy_map_monitor/lib:/home/kush/UR5_Project_New/install/moveit_core/lib:/home/kush/UR5_Project_New/install/srdfdom/lib:${LD_LIBRARY_PATH} PATH=/home/kush/UR5_Project_New/install/moveit_core/bin:${PATH} PYTHONPATH=/home/kush/UR5_Project_New/install/moveit_configs_utils/lib/python3.10/site-packages:/home/kush/UR5_Project_New/install/srdfdom/local/lib/python3.10/dist-packages:/home/kush/UR5_Project_New/install/launch_param_builder/lib/python3.10/site-packages:${PYTHONPATH} /usr/bin/cmake --install /home/kush/UR5_Project_New/build/moveit_kinematics
