[0.139s] Invoking command in '/home/kush/UR5_Project_New/build/moveit_resources_fanuc_moveit_config': AMENT_PREFIX_PATH=/home/kush/UR5_Project_New/install/moveit_resources_fanuc_description:${AMENT_PREFIX_PATH} CMAKE_PREFIX_PATH=/home/kush/UR5_Project_New/install/moveit_resources_fanuc_description:/opt/ros/humble /usr/bin/cmake --build /home/kush/UR5_Project_New/build/moveit_resources_fanuc_moveit_config -- -j4 -l4
[0.279s] Invoked command in '/home/kush/UR5_Project_New/build/moveit_resources_fanuc_moveit_config' returned '0': AMENT_PREFIX_PATH=/home/kush/UR5_Project_New/install/moveit_resources_fanuc_description:${AMENT_PREFIX_PATH} CMAKE_PREFIX_PATH=/home/kush/UR5_Project_New/install/moveit_resources_fanuc_description:/opt/ros/humble /usr/bin/cmake --build /home/kush/UR5_Project_New/build/moveit_resources_fanuc_moveit_config -- -j4 -l4
[0.310s] Invoking command in '/home/kush/UR5_Project_New/build/moveit_resources_fanuc_moveit_config': AMENT_PREFIX_PATH=/home/kush/UR5_Project_New/install/moveit_resources_fanuc_description:${AMENT_PREFIX_PATH} CMAKE_PREFIX_PATH=/home/kush/UR5_Project_New/install/moveit_resources_fanuc_description:/opt/ros/humble /usr/bin/cmake --install /home/kush/UR5_Project_New/build/moveit_resources_fanuc_moveit_config
[0.334s] -- Install configuration: "Release"
[0.335s] -- Up-to-date: /home/kush/UR5_Project_New/install/moveit_resources_fanuc_moveit_config/share/ament_index/resource_index/package_run_dependencies/moveit_resources_fanuc_moveit_config
[0.335s] -- Up-to-date: /home/kush/UR5_Project_New/install/moveit_resources_fanuc_moveit_config/share/ament_index/resource_index/parent_prefix_path/moveit_resources_fanuc_moveit_config
[0.335s] -- Up-to-date: /home/kush/UR5_Project_New/install/moveit_resources_fanuc_moveit_config/share/moveit_resources_fanuc_moveit_config/environment/ament_prefix_path.sh
[0.335s] -- Up-to-date: /home/kush/UR5_Project_New/install/moveit_resources_fanuc_moveit_config/share/moveit_resources_fanuc_moveit_config/environment/ament_prefix_path.dsv
[0.336s] -- Up-to-date: /home/kush/UR5_Project_New/install/moveit_resources_fanuc_moveit_config/share/moveit_resources_fanuc_moveit_config/environment/path.sh
[0.336s] -- Up-to-date: /home/kush/UR5_Project_New/install/moveit_resources_fanuc_moveit_config/share/moveit_resources_fanuc_moveit_config/environment/path.dsv
[0.336s] -- Up-to-date: /home/kush/UR5_Project_New/install/moveit_resources_fanuc_moveit_config/share/moveit_resources_fanuc_moveit_config/local_setup.bash
[0.336s] -- Up-to-date: /home/kush/UR5_Project_New/install/moveit_resources_fanuc_moveit_config/share/moveit_resources_fanuc_moveit_config/local_setup.sh
[0.336s] -- Up-to-date: /home/kush/UR5_Project_New/install/moveit_resources_fanuc_moveit_config/share/moveit_resources_fanuc_moveit_config/local_setup.zsh
[0.337s] -- Up-to-date: /home/kush/UR5_Project_New/install/moveit_resources_fanuc_moveit_config/share/moveit_resources_fanuc_moveit_config/local_setup.dsv
[0.337s] -- Installing: /home/kush/UR5_Project_New/install/moveit_resources_fanuc_moveit_config/share/moveit_resources_fanuc_moveit_config/package.dsv
[0.370s] -- Up-to-date: /home/kush/UR5_Project_New/install/moveit_resources_fanuc_moveit_config/share/ament_index/resource_index/packages/moveit_resources_fanuc_moveit_config
[0.371s] -- Up-to-date: /home/kush/UR5_Project_New/install/moveit_resources_fanuc_moveit_config/share/moveit_resources_fanuc_moveit_config/cmake/moveit_resources_fanuc_moveit_configConfig.cmake
[0.371s] -- Up-to-date: /home/kush/UR5_Project_New/install/moveit_resources_fanuc_moveit_config/share/moveit_resources_fanuc_moveit_config/cmake/moveit_resources_fanuc_moveit_configConfig-version.cmake
[0.371s] -- Up-to-date: /home/kush/UR5_Project_New/install/moveit_resources_fanuc_moveit_config/share/moveit_resources_fanuc_moveit_config/package.xml
[0.371s] -- Up-to-date: /home/kush/UR5_Project_New/install/moveit_resources_fanuc_moveit_config/share/moveit_resources_fanuc_moveit_config/launch
[0.371s] -- Up-to-date: /home/kush/UR5_Project_New/install/moveit_resources_fanuc_moveit_config/share/moveit_resources_fanuc_moveit_config/launch/demo.launch.py
[0.372s] -- Up-to-date: /home/kush/UR5_Project_New/install/moveit_resources_fanuc_moveit_config/share/moveit_resources_fanuc_moveit_config/launch/moveit.rviz
[0.372s] -- Up-to-date: /home/kush/UR5_Project_New/install/moveit_resources_fanuc_moveit_config/share/moveit_resources_fanuc_moveit_config/config
[0.372s] -- Up-to-date: /home/kush/UR5_Project_New/install/moveit_resources_fanuc_moveit_config/share/moveit_resources_fanuc_moveit_config/config/pilz_cartesian_limits.yaml
[0.372s] -- Up-to-date: /home/kush/UR5_Project_New/install/moveit_resources_fanuc_moveit_config/share/moveit_resources_fanuc_moveit_config/config/fanuc.ros2_control.xacro
[0.372s] -- Up-to-date: /home/kush/UR5_Project_New/install/moveit_resources_fanuc_moveit_config/share/moveit_resources_fanuc_moveit_config/config/ompl_planning.yaml
[0.372s] -- Up-to-date: /home/kush/UR5_Project_New/install/moveit_resources_fanuc_moveit_config/share/moveit_resources_fanuc_moveit_config/config/fanuc.srdf
[0.373s] -- Up-to-date: /home/kush/UR5_Project_New/install/moveit_resources_fanuc_moveit_config/share/moveit_resources_fanuc_moveit_config/config/ros2_controllers.yaml
[0.373s] -- Up-to-date: /home/kush/UR5_Project_New/install/moveit_resources_fanuc_moveit_config/share/moveit_resources_fanuc_moveit_config/config/sensors_3d.yaml
[0.373s] -- Up-to-date: /home/kush/UR5_Project_New/install/moveit_resources_fanuc_moveit_config/share/moveit_resources_fanuc_moveit_config/config/chomp_planning.yaml
[0.374s] -- Up-to-date: /home/kush/UR5_Project_New/install/moveit_resources_fanuc_moveit_config/share/moveit_resources_fanuc_moveit_config/config/joint_limits.yaml
[0.379s] -- Up-to-date: /home/kush/UR5_Project_New/install/moveit_resources_fanuc_moveit_config/share/moveit_resources_fanuc_moveit_config/config/initial_positions.yaml
[0.380s] -- Up-to-date: /home/kush/UR5_Project_New/install/moveit_resources_fanuc_moveit_config/share/moveit_resources_fanuc_moveit_config/config/fanuc.urdf.xacro
[0.380s] -- Up-to-date: /home/kush/UR5_Project_New/install/moveit_resources_fanuc_moveit_config/share/moveit_resources_fanuc_moveit_config/config/moveit_controllers.yaml
[0.381s] -- Up-to-date: /home/kush/UR5_Project_New/install/moveit_resources_fanuc_moveit_config/share/moveit_resources_fanuc_moveit_config/config/kinematics.yaml
[0.381s] -- Up-to-date: /home/kush/UR5_Project_New/install/moveit_resources_fanuc_moveit_config/share/moveit_resources_fanuc_moveit_config/.setup_assistant
[0.381s] Invoked command in '/home/kush/UR5_Project_New/build/moveit_resources_fanuc_moveit_config' returned '0': AMENT_PREFIX_PATH=/home/kush/UR5_Project_New/install/moveit_resources_fanuc_description:${AMENT_PREFIX_PATH} CMAKE_PREFIX_PATH=/home/kush/UR5_Project_New/install/moveit_resources_fanuc_description:/opt/ros/humble /usr/bin/cmake --install /home/kush/UR5_Project_New/build/moveit_resources_fanuc_moveit_config
