[0.282s] Invoking command in '/home/kush/UR5_Project_New/build/moveit_ros_planning': AMENT_PREFIX_PATH=/home/kush/UR5_Project_New/install/moveit_ros_occupancy_map_monitor:/home/kush/UR5_Project_New/install/moveit_core:/home/kush/UR5_Project_New/install/moveit_resources_panda_moveit_config:/home/kush/UR5_Project_New/install/srdfdom:/home/kush/UR5_Project_New/install/moveit_resources_panda_description:/home/kush/UR5_Project_New/install/moveit_common:${AMENT_PREFIX_PATH} CMAKE_PREFIX_PATH=/home/kush/UR5_Project_New/install/moveit_ros_occupancy_map_monitor:/home/kush/UR5_Project_New/install/moveit_core:/home/kush/UR5_Project_New/install/moveit_resources_panda_moveit_config:/home/kush/UR5_Project_New/install/srdfdom:/home/kush/UR5_Project_New/install/moveit_resources_panda_description:/home/kush/UR5_Project_New/install/moveit_common:/home/kush/ws_moveit2_ur5/install/ur_description:/home/kush/ws_moveit2_ur5/install/pilz_industrial_motion_planner_testutils:/home/kush/ws_moveit2_ur5/install/moveit_runtime:/home/kush/ws_moveit2_ur5/install/moveit2_tutorials:/home/kush/ws_moveit2_ur5/install/moveit:/home/kush/ws_moveit2_ur5/install/moveit_planners:/home/kush/ws_moveit2_ur5/install/pilz_industrial_motion_planner:/home/kush/ws_moveit2_ur5/install/moveit_visual_tools:/home/kush/ws_moveit2_ur5/install/moveit_task_constructor_visualization:/home/kush/ws_moveit2_ur5/install/moveit_task_constructor_demo:/home/kush/ws_moveit2_ur5/install/moveit_task_constructor_capabilities:/home/kush/ws_moveit2_ur5/install/moveit_task_constructor_core:/home/kush/ws_moveit2_ur5/install/moveit_ros_control_interface:/home/kush/ws_moveit2_ur5/install/moveit_plugins:/home/kush/ws_moveit2_ur5/install/moveit_simple_controller_manager:/home/kush/ws_moveit2_ur5/install/moveit_setup_assistant:/home/kush/ws_moveit2_ur5/install/moveit_setup_srdf_plugins:/home/kush/ws_moveit2_ur5/install/moveit_setup_core_plugins:/home/kush/ws_moveit2_ur5/install/moveit_setup_controllers:/home/kush/ws_moveit2_ur5/install/moveit_setup_app_plugins:/home/kush/ws_moveit2_ur5/install/moveit_setup_framework:/home/kush/ws_moveit2_ur5/install/moveit_servo:/home/kush/ws_moveit2_ur5/install/moveit_ros:/home/kush/ws_moveit2_ur5/install/moveit_ros_visualization:/home/kush/ws_moveit2_ur5/install/moveit_hybrid_planning:/home/kush/ws_moveit2_ur5/install/moveit_ros_planning_interface:/home/kush/ws_moveit2_ur5/install/moveit_ros_benchmarks:/home/kush/ws_moveit2_ur5/install/moveit_ros_warehouse:/home/kush/ws_moveit2_ur5/install/moveit_ros_robot_interaction:/home/kush/ws_moveit2_ur5/install/moveit_ros_perception:/home/kush/ws_moveit2_ur5/install/moveit_resources_prbt_pg70_support:/home/kush/ws_moveit2_ur5/install/moveit_resources_prbt_moveit_config:/home/kush/ws_moveit2_ur5/install/moveit_ros_move_group:/home/kush/ws_moveit2_ur5/install/moveit_planners_ompl:/home/kush/ws_moveit2_ur5/install/moveit_ros_planning:/home/kush/ws_moveit2_ur5/install/moveit_ros_occupancy_map_monitor:/home/kush/ws_moveit2_ur5/install/moveit_resources_prbt_ikfast_manipulator_plugin:/home/kush/ws_moveit2_ur5/install/moveit_planners_chomp:/home/kush/ws_moveit2_ur5/install/moveit_kinematics:/home/kush/ws_moveit2_ur5/install/moveit_chomp_optimizer_adapter:/home/kush/ws_moveit2_ur5/install/chomp_motion_planner:/home/kush/ws_moveit2_ur5/install/moveit_core:/home/kush/ws_moveit2_ur5/install/srdfdom:/home/kush/ws_moveit2_ur5/install/rviz_marker_tools:/home/kush/ws_moveit2_ur5/install/rosparam_shortcuts:/home/kush/ws_moveit2_ur5/install/moveit_task_constructor_msgs:/home/kush/ws_moveit2_ur5/install/moveit_resources_prbt_support:/home/kush/ws_moveit2_ur5/install/moveit_resources:/home/kush/ws_moveit2_ur5/install/moveit_resources_pr2_description:/home/kush/ws_moveit2_ur5/install/moveit_resources_panda_moveit_config:/home/kush/ws_moveit2_ur5/install/moveit_resources_panda_description:/home/kush/ws_moveit2_ur5/install/moveit_resources_fanuc_moveit_config:/home/kush/ws_moveit2_ur5/install/moveit_resources_fanuc_description:/home/kush/ws_moveit2_ur5/install/moveit_common:/home/kush/ws_moveit2_ur5/install/moveit_configs_utils:/home/kush/ws_moveit2_ur5/install/launch_param_builder:/opt/ros/humble LD_LIBRARY_PATH=/home/kush/UR5_Project_New/install/moveit_ros_occupancy_map_monitor/lib:/home/kush/UR5_Project_New/install/moveit_core/lib:/home/kush/UR5_Project_New/install/srdfdom/lib:${LD_LIBRARY_PATH} PATH=/home/kush/UR5_Project_New/install/moveit_core/bin:${PATH} PYTHONPATH=/home/kush/UR5_Project_New/install/srdfdom/local/lib/python3.10/dist-packages:${PYTHONPATH} /usr/bin/cmake /home/kush/UR5_Project_New/src/moveit2/moveit_ros/planning -DCMAKE_BUILD_TYPE=Release -DCMAKE_INSTALL_PREFIX=/home/kush/UR5_Project_New/install/moveit_ros_planning
[0.532s] -- The C compiler identification is GNU 11.4.0
[0.811s] -- The CXX compiler identification is GNU 11.4.0
[0.836s] -- Detecting C compiler ABI info
[1.213s] -- Detecting C compiler ABI info - done
[1.258s] -- Check for working C compiler: /usr/bin/cc - skipped
[1.259s] -- Detecting C compile features
[1.259s] -- Detecting C compile features - done
[1.264s] -- Detecting CXX compiler ABI info
[1.641s] -- Detecting CXX compiler ABI info - done
[1.713s] -- Check for working CXX compiler: /usr/bin/c++ - skipped
[1.714s] -- Detecting CXX compile features
[1.715s] -- Detecting CXX compile features - done
[1.722s] -- Found moveit_common: 2.5.4 (/home/kush/UR5_Project_New/install/moveit_common/share/moveit_common/cmake)
[1.761s] -- Found ament_cmake: 1.3.5 (/opt/ros/humble/share/ament_cmake/cmake)
[2.758s] -- Found Python3: /usr/bin/python3.10 (found version "3.10.12") found components: Interpreter 
[3.513s] -- Found libdw: /usr/lib/x86_64-linux-gnu/libdw.so  
[3.535s] -- Could NOT find libbfd (missing: LIBBFD_LIBRARY LIBBFD_INCLUDE_DIR) 
[3.535s] -- BACKWARD_HAS_UNWIND=1
[3.536s] -- BACKWARD_HAS_BACKTRACE=0
[3.536s] -- BACKWARD_HAS_BACKTRACE_SYMBOL=0
[3.536s] -- BACKWARD_HAS_DW=1
[3.537s] -- BACKWARD_HAS_BFD=0
[3.539s] -- Found Backward: /opt/ros/humble/share/backward_ros/cmake  
[3.558s] -- Found moveit_msgs: 2.2.1 (/opt/ros/humble/share/moveit_msgs/cmake)
[3.848s] -- Found rosidl_generator_c: 3.1.5 (/opt/ros/humble/share/rosidl_generator_c/cmake)
[3.902s] -- Found rosidl_adapter: 3.1.5 (/opt/ros/humble/share/rosidl_adapter/cmake)
[3.955s] -- Found rosidl_generator_cpp: 3.1.5 (/opt/ros/humble/share/rosidl_generator_cpp/cmake)
[4.038s] -- Using all available rosidl_typesupport_c: rosidl_typesupport_fastrtps_c;rosidl_typesupport_introspection_c
[4.146s] -- Using all available rosidl_typesupport_cpp: rosidl_typesupport_fastrtps_cpp;rosidl_typesupport_introspection_cpp
[7.489s] -- Found pluginlib: 5.1.0 (/opt/ros/humble/share/pluginlib/cmake)
[7.777s] -- Found rclcpp: 16.0.5 (/opt/ros/humble/share/rclcpp/cmake)
[8.221s] -- Found rmw_implementation_cmake: 6.1.1 (/opt/ros/humble/share/rmw_implementation_cmake/cmake)
[8.249s] -- Found rmw_fastrtps_cpp: 6.2.3 (/opt/ros/humble/share/rmw_fastrtps_cpp/cmake)
[8.796s] -- Found OpenSSL: /usr/lib/x86_64-linux-gnu/libcrypto.so (found version "3.0.2")  
[8.972s] -- Found FastRTPS: /opt/ros/humble/include  
[9.310s] -- Using RMW implementation 'rmw_fastrtps_cpp' as default
[9.445s] -- Looking for pthread.h
[10.025s] -- Looking for pthread.h - found
[10.026s] -- Performing Test CMAKE_HAVE_LIBC_PTHREAD
[10.674s] -- Performing Test CMAKE_HAVE_LIBC_PTHREAD - Success
[10.676s] -- Found Threads: TRUE  
[11.306s] -- Found message_filters: 4.3.3 (/opt/ros/humble/share/message_filters/cmake)
[11.324s] -- Found srdfdom: 2.0.4 (/home/kush/UR5_Project_New/install/srdfdom/share/srdfdom/cmake)
[11.494s] -- Found tf2: 0.25.3 (/opt/ros/humble/share/tf2/cmake)
[11.534s] -- Found tf2_geometry_msgs: 0.25.3 (/opt/ros/humble/share/tf2_geometry_msgs/cmake)
[11.626s] -- Found eigen3_cmake_module: 0.1.1 (/opt/ros/humble/share/eigen3_cmake_module/cmake)
[11.630s] -- Found Eigen3: TRUE (found version "3.4.0") 
[11.630s] -- Ensuring Eigen3 include directory is part of orocos-kdl CMake target
[12.537s] -- Found tf2_eigen: 0.25.3 (/opt/ros/humble/share/tf2_eigen/cmake)
[12.554s] -- Found moveit_core: 2.5.4 (/home/kush/UR5_Project_New/install/moveit_core/share/moveit_core/cmake)
[12.792s] -- Found Boost: /usr/lib/x86_64-linux-gnu/cmake/Boost-1.74.0/BoostConfig.cmake (found version "1.74.0") found components: chrono date_time filesystem iostreams program_options regex serialization system thread 
[12.922s] -- Found parameter_traits: 0.3.3 (/opt/ros/humble/share/parameter_traits/cmake)
[13.062s] -- Found rclcpp_lifecycle: 16.0.5 (/opt/ros/humble/share/rclcpp_lifecycle/cmake)
[13.243s] -- Found Boost: /usr/lib/x86_64-linux-gnu/cmake/Boost-1.74.0/BoostConfig.cmake (found version "1.74.0") found components: filesystem 
[13.642s] -- library: /usr/lib/x86_64-linux-gnu/libcurl.so
[14.884s] -- Found moveit_ros_occupancy_map_monitor: 2.5.4 (/home/kush/UR5_Project_New/install/moveit_ros_occupancy_map_monitor/share/moveit_ros_occupancy_map_monitor/cmake)
[15.524s] -- Found Boost: /usr/lib/x86_64-linux-gnu/cmake/Boost-1.74.0/BoostConfig.cmake (found version "1.74.0") found components: system filesystem date_time program_options thread chrono 
[15.911s] -- Performing Test COMPILER_HAS_HIDDEN_VISIBILITY
[16.198s] -- Performing Test COMPILER_HAS_HIDDEN_VISIBILITY - Success
[16.200s] -- Performing Test COMPILER_HAS_HIDDEN_INLINE_VISIBILITY
[16.516s] -- Performing Test COMPILER_HAS_HIDDEN_INLINE_VISIBILITY - Success
[16.517s] -- Performing Test COMPILER_HAS_DEPRECATED_ATTR
[16.923s] -- Performing Test COMPILER_HAS_DEPRECATED_ATTR - Success
[17.241s] -- Found ament_cmake_gtest: 1.3.5 (/opt/ros/humble/share/ament_cmake_gtest/cmake)
[17.252s] -- Found ament_cmake_gmock: 1.3.5 (/opt/ros/humble/share/ament_cmake_gmock/cmake)
[17.264s] -- Found gmock sources under '/opt/ros/humble/src/gmock_vendor': C++ tests using 'Google Mock' will be built
[17.281s] -- Found gtest sources under '/opt/ros/humble/src/gtest_vendor': C++ tests using 'Google Test' will be built
[17.439s] -- Found ament_lint_auto: 0.12.7 (/opt/ros/humble/share/ament_lint_auto/cmake)
[17.526s] -- Found launch_testing_ament_cmake: 1.0.4 (/opt/ros/humble/share/launch_testing_ament_cmake/cmake)
[17.537s] -- Found python_cmake_module: 0.10.0 (/opt/ros/humble/share/python_cmake_module/cmake)
[17.596s] -- Found PythonInterp: /usr/bin/python3 (found suitable version "3.10.12", minimum required is "3.6") 
[17.621s] -- Found PythonLibs: /usr/lib/x86_64-linux-gnu/libpython3.10.so (found suitable version "3.10.12", minimum required is "3.5") 
[17.622s] -- Using PYTHON_EXECUTABLE: /usr/bin/python3
[17.622s] -- Using PYTHON_INCLUDE_DIRS: /usr/include/python3.10
[17.622s] -- Using PYTHON_LIBRARIES: /usr/lib/x86_64-linux-gnu/libpython3.10.so
[17.681s] -- Found PythonExtra: .so  
[17.728s] -- Added test 'cppcheck' to perform static code analysis on C / C++ code
[17.729s] -- Configured cppcheck include dirs: /home/kush/UR5_Project_New/src/moveit2/moveit_ros/planning/rdf_loader/include;/home/kush/UR5_Project_New/src/moveit2/moveit_ros/planning/kinematics_plugin_loader/include;/home/kush/UR5_Project_New/src/moveit2/moveit_ros/planning/robot_model_loader/include;/home/kush/UR5_Project_New/src/moveit2/moveit_ros/planning/constraint_sampler_manager_loader/include;/home/kush/UR5_Project_New/src/moveit2/moveit_ros/planning/planning_pipeline/include;/home/kush/UR5_Project_New/src/moveit2/moveit_ros/planning/planning_scene_monitor/include;/home/kush/UR5_Project_New/src/moveit2/moveit_ros/planning/trajectory_execution_manager/include;/home/kush/UR5_Project_New/src/moveit2/moveit_ros/planning/plan_execution/include;/home/kush/UR5_Project_New/src/moveit2/moveit_ros/planning/collision_plugin_loader/include;/home/kush/UR5_Project_New/src/moveit2/moveit_ros/planning/moveit_cpp/include
[17.730s] -- Configured cppcheck exclude dirs and/or files: 
[17.738s] -- Added test 'lint_cmake' to check CMake code style
[17.743s] -- Added test 'pep257' to check Python code against some of the docstring style conventions in PEP 257
[17.749s] -- Added test 'xmllint' to check XML markup files
[17.759s] -- Configuring done
[18.632s] -- Generating done
[18.645s] -- Build files have been written to: /home/kush/UR5_Project_New/build/moveit_ros_planning
[18.717s] Invoked command in '/home/kush/UR5_Project_New/build/moveit_ros_planning' returned '0': AMENT_PREFIX_PATH=/home/kush/UR5_Project_New/install/moveit_ros_occupancy_map_monitor:/home/kush/UR5_Project_New/install/moveit_core:/home/kush/UR5_Project_New/install/moveit_resources_panda_moveit_config:/home/kush/UR5_Project_New/install/srdfdom:/home/kush/UR5_Project_New/install/moveit_resources_panda_description:/home/kush/UR5_Project_New/install/moveit_common:${AMENT_PREFIX_PATH} CMAKE_PREFIX_PATH=/home/kush/UR5_Project_New/install/moveit_ros_occupancy_map_monitor:/home/kush/UR5_Project_New/install/moveit_core:/home/kush/UR5_Project_New/install/moveit_resources_panda_moveit_config:/home/kush/UR5_Project_New/install/srdfdom:/home/kush/UR5_Project_New/install/moveit_resources_panda_description:/home/kush/UR5_Project_New/install/moveit_common:/home/kush/ws_moveit2_ur5/install/ur_description:/home/kush/ws_moveit2_ur5/install/pilz_industrial_motion_planner_testutils:/home/kush/ws_moveit2_ur5/install/moveit_runtime:/home/kush/ws_moveit2_ur5/install/moveit2_tutorials:/home/kush/ws_moveit2_ur5/install/moveit:/home/kush/ws_moveit2_ur5/install/moveit_planners:/home/kush/ws_moveit2_ur5/install/pilz_industrial_motion_planner:/home/kush/ws_moveit2_ur5/install/moveit_visual_tools:/home/kush/ws_moveit2_ur5/install/moveit_task_constructor_visualization:/home/kush/ws_moveit2_ur5/install/moveit_task_constructor_demo:/home/kush/ws_moveit2_ur5/install/moveit_task_constructor_capabilities:/home/kush/ws_moveit2_ur5/install/moveit_task_constructor_core:/home/kush/ws_moveit2_ur5/install/moveit_ros_control_interface:/home/kush/ws_moveit2_ur5/install/moveit_plugins:/home/kush/ws_moveit2_ur5/install/moveit_simple_controller_manager:/home/kush/ws_moveit2_ur5/install/moveit_setup_assistant:/home/kush/ws_moveit2_ur5/install/moveit_setup_srdf_plugins:/home/kush/ws_moveit2_ur5/install/moveit_setup_core_plugins:/home/kush/ws_moveit2_ur5/install/moveit_setup_controllers:/home/kush/ws_moveit2_ur5/install/moveit_setup_app_plugins:/home/kush/ws_moveit2_ur5/install/moveit_setup_framework:/home/kush/ws_moveit2_ur5/install/moveit_servo:/home/kush/ws_moveit2_ur5/install/moveit_ros:/home/kush/ws_moveit2_ur5/install/moveit_ros_visualization:/home/kush/ws_moveit2_ur5/install/moveit_hybrid_planning:/home/kush/ws_moveit2_ur5/install/moveit_ros_planning_interface:/home/kush/ws_moveit2_ur5/install/moveit_ros_benchmarks:/home/kush/ws_moveit2_ur5/install/moveit_ros_warehouse:/home/kush/ws_moveit2_ur5/install/moveit_ros_robot_interaction:/home/kush/ws_moveit2_ur5/install/moveit_ros_perception:/home/kush/ws_moveit2_ur5/install/moveit_resources_prbt_pg70_support:/home/kush/ws_moveit2_ur5/install/moveit_resources_prbt_moveit_config:/home/kush/ws_moveit2_ur5/install/moveit_ros_move_group:/home/kush/ws_moveit2_ur5/install/moveit_planners_ompl:/home/kush/ws_moveit2_ur5/install/moveit_ros_planning:/home/kush/ws_moveit2_ur5/install/moveit_ros_occupancy_map_monitor:/home/kush/ws_moveit2_ur5/install/moveit_resources_prbt_ikfast_manipulator_plugin:/home/kush/ws_moveit2_ur5/install/moveit_planners_chomp:/home/kush/ws_moveit2_ur5/install/moveit_kinematics:/home/kush/ws_moveit2_ur5/install/moveit_chomp_optimizer_adapter:/home/kush/ws_moveit2_ur5/install/chomp_motion_planner:/home/kush/ws_moveit2_ur5/install/moveit_core:/home/kush/ws_moveit2_ur5/install/srdfdom:/home/kush/ws_moveit2_ur5/install/rviz_marker_tools:/home/kush/ws_moveit2_ur5/install/rosparam_shortcuts:/home/kush/ws_moveit2_ur5/install/moveit_task_constructor_msgs:/home/kush/ws_moveit2_ur5/install/moveit_resources_prbt_support:/home/kush/ws_moveit2_ur5/install/moveit_resources:/home/kush/ws_moveit2_ur5/install/moveit_resources_pr2_description:/home/kush/ws_moveit2_ur5/install/moveit_resources_panda_moveit_config:/home/kush/ws_moveit2_ur5/install/moveit_resources_panda_description:/home/kush/ws_moveit2_ur5/install/moveit_resources_fanuc_moveit_config:/home/kush/ws_moveit2_ur5/install/moveit_resources_fanuc_description:/home/kush/ws_moveit2_ur5/install/moveit_common:/home/kush/ws_moveit2_ur5/install/moveit_configs_utils:/home/kush/ws_moveit2_ur5/install/launch_param_builder:/opt/ros/humble LD_LIBRARY_PATH=/home/kush/UR5_Project_New/install/moveit_ros_occupancy_map_monitor/lib:/home/kush/UR5_Project_New/install/moveit_core/lib:/home/kush/UR5_Project_New/install/srdfdom/lib:${LD_LIBRARY_PATH} PATH=/home/kush/UR5_Project_New/install/moveit_core/bin:${PATH} PYTHONPATH=/home/kush/UR5_Project_New/install/srdfdom/local/lib/python3.10/dist-packages:${PYTHONPATH} /usr/bin/cmake /home/kush/UR5_Project_New/src/moveit2/moveit_ros/planning -DCMAKE_BUILD_TYPE=Release -DCMAKE_INSTALL_PREFIX=/home/kush/UR5_Project_New/install/moveit_ros_planning
[18.721s] Invoking command in '/home/kush/UR5_Project_New/build/moveit_ros_planning': AMENT_PREFIX_PATH=/home/kush/UR5_Project_New/install/moveit_ros_occupancy_map_monitor:/home/kush/UR5_Project_New/install/moveit_core:/home/kush/UR5_Project_New/install/moveit_resources_panda_moveit_config:/home/kush/UR5_Project_New/install/srdfdom:/home/kush/UR5_Project_New/install/moveit_resources_panda_description:/home/kush/UR5_Project_New/install/moveit_common:${AMENT_PREFIX_PATH} CMAKE_PREFIX_PATH=/home/kush/UR5_Project_New/install/moveit_ros_occupancy_map_monitor:/home/kush/UR5_Project_New/install/moveit_core:/home/kush/UR5_Project_New/install/moveit_resources_panda_moveit_config:/home/kush/UR5_Project_New/install/srdfdom:/home/kush/UR5_Project_New/install/moveit_resources_panda_description:/home/kush/UR5_Project_New/install/moveit_common:/home/kush/ws_moveit2_ur5/install/ur_description:/home/kush/ws_moveit2_ur5/install/pilz_industrial_motion_planner_testutils:/home/kush/ws_moveit2_ur5/install/moveit_runtime:/home/kush/ws_moveit2_ur5/install/moveit2_tutorials:/home/kush/ws_moveit2_ur5/install/moveit:/home/kush/ws_moveit2_ur5/install/moveit_planners:/home/kush/ws_moveit2_ur5/install/pilz_industrial_motion_planner:/home/kush/ws_moveit2_ur5/install/moveit_visual_tools:/home/kush/ws_moveit2_ur5/install/moveit_task_constructor_visualization:/home/kush/ws_moveit2_ur5/install/moveit_task_constructor_demo:/home/kush/ws_moveit2_ur5/install/moveit_task_constructor_capabilities:/home/kush/ws_moveit2_ur5/install/moveit_task_constructor_core:/home/kush/ws_moveit2_ur5/install/moveit_ros_control_interface:/home/kush/ws_moveit2_ur5/install/moveit_plugins:/home/kush/ws_moveit2_ur5/install/moveit_simple_controller_manager:/home/kush/ws_moveit2_ur5/install/moveit_setup_assistant:/home/kush/ws_moveit2_ur5/install/moveit_setup_srdf_plugins:/home/kush/ws_moveit2_ur5/install/moveit_setup_core_plugins:/home/kush/ws_moveit2_ur5/install/moveit_setup_controllers:/home/kush/ws_moveit2_ur5/install/moveit_setup_app_plugins:/home/kush/ws_moveit2_ur5/install/moveit_setup_framework:/home/kush/ws_moveit2_ur5/install/moveit_servo:/home/kush/ws_moveit2_ur5/install/moveit_ros:/home/kush/ws_moveit2_ur5/install/moveit_ros_visualization:/home/kush/ws_moveit2_ur5/install/moveit_hybrid_planning:/home/kush/ws_moveit2_ur5/install/moveit_ros_planning_interface:/home/kush/ws_moveit2_ur5/install/moveit_ros_benchmarks:/home/kush/ws_moveit2_ur5/install/moveit_ros_warehouse:/home/kush/ws_moveit2_ur5/install/moveit_ros_robot_interaction:/home/kush/ws_moveit2_ur5/install/moveit_ros_perception:/home/kush/ws_moveit2_ur5/install/moveit_resources_prbt_pg70_support:/home/kush/ws_moveit2_ur5/install/moveit_resources_prbt_moveit_config:/home/kush/ws_moveit2_ur5/install/moveit_ros_move_group:/home/kush/ws_moveit2_ur5/install/moveit_planners_ompl:/home/kush/ws_moveit2_ur5/install/moveit_ros_planning:/home/kush/ws_moveit2_ur5/install/moveit_ros_occupancy_map_monitor:/home/kush/ws_moveit2_ur5/install/moveit_resources_prbt_ikfast_manipulator_plugin:/home/kush/ws_moveit2_ur5/install/moveit_planners_chomp:/home/kush/ws_moveit2_ur5/install/moveit_kinematics:/home/kush/ws_moveit2_ur5/install/moveit_chomp_optimizer_adapter:/home/kush/ws_moveit2_ur5/install/chomp_motion_planner:/home/kush/ws_moveit2_ur5/install/moveit_core:/home/kush/ws_moveit2_ur5/install/srdfdom:/home/kush/ws_moveit2_ur5/install/rviz_marker_tools:/home/kush/ws_moveit2_ur5/install/rosparam_shortcuts:/home/kush/ws_moveit2_ur5/install/moveit_task_constructor_msgs:/home/kush/ws_moveit2_ur5/install/moveit_resources_prbt_support:/home/kush/ws_moveit2_ur5/install/moveit_resources:/home/kush/ws_moveit2_ur5/install/moveit_resources_pr2_description:/home/kush/ws_moveit2_ur5/install/moveit_resources_panda_moveit_config:/home/kush/ws_moveit2_ur5/install/moveit_resources_panda_description:/home/kush/ws_moveit2_ur5/install/moveit_resources_fanuc_moveit_config:/home/kush/ws_moveit2_ur5/install/moveit_resources_fanuc_description:/home/kush/ws_moveit2_ur5/install/moveit_common:/home/kush/ws_moveit2_ur5/install/moveit_configs_utils:/home/kush/ws_moveit2_ur5/install/launch_param_builder:/opt/ros/humble LD_LIBRARY_PATH=/home/kush/UR5_Project_New/install/moveit_ros_occupancy_map_monitor/lib:/home/kush/UR5_Project_New/install/moveit_core/lib:/home/kush/UR5_Project_New/install/srdfdom/lib:${LD_LIBRARY_PATH} PATH=/home/kush/UR5_Project_New/install/moveit_core/bin:${PATH} PYTHONPATH=/home/kush/UR5_Project_New/install/srdfdom/local/lib/python3.10/dist-packages:${PYTHONPATH} /usr/bin/cmake --build /home/kush/UR5_Project_New/build/moveit_ros_planning -- -j4 -l4
[18.923s] [  1%] [32mBuilding CXX object rdf_loader/CMakeFiles/moveit_rdf_loader.dir/src/rdf_loader.cpp.o[0m
[28.153s] [  3%] [32mBuilding CXX object rdf_loader/CMakeFiles/moveit_rdf_loader.dir/src/synchronized_string_parameter.cpp.o[0m
[49.654s] [  4%] [32m[1mLinking CXX shared library libmoveit_rdf_loader.so[0m
[50.103s] [  4%] Built target moveit_rdf_loader
[50.153s] [  6%] [32mBuilding CXX object planning_request_adapter_plugins/CMakeFiles/moveit_default_planning_request_adapter_plugins.dir/src/empty.cpp.o[0m
[61.881s] [  8%] [32mBuilding CXX object planning_request_adapter_plugins/CMakeFiles/moveit_default_planning_request_adapter_plugins.dir/src/fix_start_state_bounds.cpp.o[0m
[71.194s] [  9%] [32mBuilding CXX object planning_request_adapter_plugins/CMakeFiles/moveit_list_request_adapter_plugins.dir/src/list.cpp.o[0m
[73.259s] [ 11%] [32mBuilding CXX object planning_pipeline/CMakeFiles/moveit_planning_pipeline.dir/src/planning_pipeline.cpp.o[0m
[75.303s] [ 12%] [32mBuilding CXX object collision_plugin_loader/CMakeFiles/moveit_collision_plugin_loader.dir/src/collision_plugin_loader.cpp.o[0m
[80.589s] [ 14%] [32mBuilding CXX object planning_request_adapter_plugins/CMakeFiles/moveit_default_planning_request_adapter_plugins.dir/src/fix_start_state_collision.cpp.o[0m
[98.670s] [ 16%] [32m[1mLinking CXX shared library libmoveit_collision_plugin_loader.so[0m
[99.452s] [ 16%] Built target moveit_collision_plugin_loader
[104.657s] [ 17%] [32mBuilding CXX object planning_request_adapter_plugins/CMakeFiles/moveit_default_planning_request_adapter_plugins.dir/src/fix_start_state_path_constraints.cpp.o[0m
[104.797s] [ 19%] [32m[1mLinking CXX executable moveit_list_request_adapter_plugins[0m
[105.443s] [ 19%] Built target moveit_list_request_adapter_plugins
[119.093s] [ 20%] [32m[1mLinking CXX shared library libmoveit_planning_pipeline.so[0m
[119.546s] [ 20%] Built target moveit_planning_pipeline
[119.571s] [ 22%] [32mBuilding CXX object planning_request_adapter_plugins/CMakeFiles/moveit_default_planning_request_adapter_plugins.dir/src/fix_workspace_bounds.cpp.o[0m
[119.617s] [ 24%] [32mBuilding CXX object gmock/CMakeFiles/gmock.dir/opt/ros/humble/src/gtest_vendor/src/gtest-all.cc.o[0m
[120.659s] [ 25%] [32mBuilding CXX object gmock/CMakeFiles/gmock_main.dir/src/gmock_main.cc.o[0m
[121.683s] [ 27%] [32mBuilding CXX object planning_request_adapter_plugins/CMakeFiles/moveit_default_planning_request_adapter_plugins.dir/src/add_time_parameterization.cpp.o[0m
[125.132s] [ 29%] [32m[1mLinking CXX static library libgmock_main.a[0m
[125.336s] [ 29%] Built target gmock_main
[125.423s] [ 30%] [32mBuilding CXX object kinematics_plugin_loader/CMakeFiles/moveit_kinematics_plugin_loader.dir/src/kinematics_plugin_loader.cpp.o[0m
[142.816s] [ 32%] [32mBuilding CXX object gmock/CMakeFiles/gmock.dir/src/gmock-all.cc.o[0m
[143.267s] [ 33%] [32mBuilding CXX object planning_request_adapter_plugins/CMakeFiles/moveit_default_planning_request_adapter_plugins.dir/src/add_ruckig_traj_smoothing.cpp.o[0m
[150.970s] [ 35%] [32m[1mLinking CXX static library libgmock.a[0m
[151.165s] [ 35%] Built target gmock
[156.131s] [ 37%] [32m[1mLinking CXX shared library libmoveit_kinematics_plugin_loader.so[0m
[156.201s] [ 38%] [32mBuilding CXX object planning_request_adapter_plugins/CMakeFiles/moveit_default_planning_request_adapter_plugins.dir/src/add_iterative_spline_parameterization.cpp.o[0m
[156.684s] [ 38%] Built target moveit_kinematics_plugin_loader
[156.766s] [ 40%] [32mBuilding CXX object constraint_sampler_manager_loader/CMakeFiles/moveit_constraint_sampler_manager_loader.dir/src/constraint_sampler_manager_loader.cpp.o[0m
[157.261s] [ 41%] [32mBuilding CXX object planning_request_adapter_plugins/CMakeFiles/moveit_default_planning_request_adapter_plugins.dir/src/add_time_optimal_parameterization.cpp.o[0m
[157.308s] [ 43%] [32mBuilding CXX object robot_model_loader/CMakeFiles/moveit_robot_model_loader.dir/src/robot_model_loader.cpp.o[0m
[176.261s] [ 45%] [32m[1mLinking CXX shared library libmoveit_robot_model_loader.so[0m
[176.847s] [ 45%] Built target moveit_robot_model_loader
[177.070s] [ 46%] [32mBuilding CXX object planning_request_adapter_plugins/CMakeFiles/moveit_default_planning_request_adapter_plugins.dir/src/resolve_constraint_frames.cpp.o[0m
[186.525s] [ 48%] [32m[1mLinking CXX shared library libmoveit_constraint_sampler_manager_loader.so[0m
[186.992s] [ 48%] Built target moveit_constraint_sampler_manager_loader
[187.040s] [ 50%] [32mBuilding CXX object planning_components_tools/CMakeFiles/moveit_print_planning_model_info.dir/src/print_planning_model_info.cpp.o[0m
[191.685s] [ 51%] [32m[1mLinking CXX shared library libmoveit_default_planning_request_adapter_plugins.so[0m
[192.124s] [ 51%] Built target moveit_default_planning_request_adapter_plugins
[196.234s] [ 53%] [32m[1mLinking CXX executable moveit_print_planning_model_info[0m
[196.622s] [ 53%] Built target moveit_print_planning_model_info
[196.670s] [ 54%] [32mBuilding CXX object planning_scene_monitor/CMakeFiles/moveit_planning_scene_monitor.dir/src/planning_scene_monitor.cpp.o[0m
[196.670s] [ 56%] [32mBuilding CXX object planning_scene_monitor/CMakeFiles/moveit_planning_scene_monitor.dir/src/current_state_monitor.cpp.o[0m
[197.693s] [ 58%] [32mBuilding CXX object planning_scene_monitor/CMakeFiles/moveit_planning_scene_monitor.dir/src/trajectory_monitor.cpp.o[0m
[198.730s] [ 59%] [32mBuilding CXX object planning_scene_monitor/CMakeFiles/moveit_planning_scene_monitor.dir/src/current_state_monitor_middleware_handle.cpp.o[0m
[238.723s] [ 61%] [32mBuilding CXX object planning_scene_monitor/CMakeFiles/moveit_planning_scene_monitor.dir/src/trajectory_monitor_middleware_handle.cpp.o[0m
[261.968s] [ 62%] [32m[1mLinking CXX shared library libmoveit_planning_scene_monitor.so[0m
[262.738s] [ 62%] Built target moveit_planning_scene_monitor
[262.797s] [ 64%] [32mBuilding CXX object planning_scene_monitor/CMakeFiles/demo_scene.dir/demos/demo_scene.cpp.o[0m
[262.812s] [ 67%] [32mBuilding CXX object planning_scene_monitor/CMakeFiles/trajectory_monitor_tests.dir/test/trajectory_monitor_tests.cpp.o[0m
[262.813s] [ 67%] [32mBuilding CXX object planning_scene_monitor/CMakeFiles/current_state_monitor_tests.dir/test/current_state_monitor_tests.cpp.o[0m
[262.852s] [ 69%] [32mBuilding CXX object planning_components_tools/CMakeFiles/moveit_print_planning_scene_info.dir/src/print_planning_scene_info.cpp.o[0m
[291.416s] [ 70%] [32m[1mLinking CXX executable moveit_print_planning_scene_info[0m
[292.713s] [ 70%] Built target moveit_print_planning_scene_info
[295.717s] [ 72%] [32m[1mLinking CXX executable trajectory_monitor_tests[0m
[296.936s] [ 72%] Built target trajectory_monitor_tests
[297.019s] [ 74%] [32m[1mLinking CXX executable demo_scene[0m
[297.100s] [ 75%] [32m[1mLinking CXX executable current_state_monitor_tests[0m
[297.471s] [ 75%] Built target demo_scene
[297.899s] [ 75%] Built target current_state_monitor_tests
[297.943s] [ 77%] [32mBuilding CXX object planning_components_tools/CMakeFiles/moveit_evaluate_collision_checking_speed.dir/src/evaluate_collision_checking_speed.cpp.o[0m
[305.977s] [ 79%] [32mBuilding CXX object planning_components_tools/CMakeFiles/moveit_publish_scene_from_text.dir/src/publish_scene_from_text.cpp.o[0m
[307.013s] [ 80%] [32mBuilding CXX object planning_components_tools/CMakeFiles/moveit_visualize_robot_collision_volume.dir/src/visualize_robot_collision_volume.cpp.o[0m
[308.064s] [ 82%] [32mBuilding CXX object planning_components_tools/CMakeFiles/moveit_display_random_state.dir/src/display_random_state.cpp.o[0m
[322.817s] [ 83%] [32m[1mLinking CXX executable moveit_evaluate_collision_checking_speed[0m
[323.930s] [ 83%] Built target moveit_evaluate_collision_checking_speed
[337.725s] [ 85%] [32m[1mLinking CXX executable moveit_publish_scene_from_text[0m
[338.841s] [ 85%] Built target moveit_publish_scene_from_text
[338.999s] [ 87%] [32m[1mLinking CXX executable moveit_visualize_robot_collision_volume[0m
[339.717s] [ 87%] Built target moveit_visualize_robot_collision_volume
[340.090s] [ 88%] [32m[1mLinking CXX executable moveit_display_random_state[0m
[340.684s] [ 88%] Built target moveit_display_random_state
[340.729s] [ 90%] [32mBuilding CXX object trajectory_execution_manager/CMakeFiles/moveit_trajectory_execution_manager.dir/src/trajectory_execution_manager.cpp.o[0m
[377.578s] [ 91%] [32m[1mLinking CXX shared library libmoveit_trajectory_execution_manager.so[0m
[378.107s] [ 91%] Built target moveit_trajectory_execution_manager
[378.160s] [ 93%] [32mBuilding CXX object moveit_cpp/CMakeFiles/moveit_cpp.dir/src/moveit_cpp.cpp.o[0m
[378.166s] [ 95%] [32mBuilding CXX object plan_execution/CMakeFiles/moveit_plan_execution.dir/src/plan_execution.cpp.o[0m
[378.167s] [ 96%] [32mBuilding CXX object moveit_cpp/CMakeFiles/moveit_cpp.dir/src/planning_component.cpp.o[0m
[402.550s] [ 98%] [32m[1mLinking CXX shared library libmoveit_plan_execution.so[0m
[403.331s] [ 98%] Built target moveit_plan_execution
[410.248s] [100%] [32m[1mLinking CXX shared library libmoveit_cpp.so[0m
[410.815s] [100%] Built target moveit_cpp
[410.838s] Invoked command in '/home/kush/UR5_Project_New/build/moveit_ros_planning' returned '0': AMENT_PREFIX_PATH=/home/kush/UR5_Project_New/install/moveit_ros_occupancy_map_monitor:/home/kush/UR5_Project_New/install/moveit_core:/home/kush/UR5_Project_New/install/moveit_resources_panda_moveit_config:/home/kush/UR5_Project_New/install/srdfdom:/home/kush/UR5_Project_New/install/moveit_resources_panda_description:/home/kush/UR5_Project_New/install/moveit_common:${AMENT_PREFIX_PATH} CMAKE_PREFIX_PATH=/home/kush/UR5_Project_New/install/moveit_ros_occupancy_map_monitor:/home/kush/UR5_Project_New/install/moveit_core:/home/kush/UR5_Project_New/install/moveit_resources_panda_moveit_config:/home/kush/UR5_Project_New/install/srdfdom:/home/kush/UR5_Project_New/install/moveit_resources_panda_description:/home/kush/UR5_Project_New/install/moveit_common:/home/kush/ws_moveit2_ur5/install/ur_description:/home/kush/ws_moveit2_ur5/install/pilz_industrial_motion_planner_testutils:/home/kush/ws_moveit2_ur5/install/moveit_runtime:/home/kush/ws_moveit2_ur5/install/moveit2_tutorials:/home/kush/ws_moveit2_ur5/install/moveit:/home/kush/ws_moveit2_ur5/install/moveit_planners:/home/kush/ws_moveit2_ur5/install/pilz_industrial_motion_planner:/home/kush/ws_moveit2_ur5/install/moveit_visual_tools:/home/kush/ws_moveit2_ur5/install/moveit_task_constructor_visualization:/home/kush/ws_moveit2_ur5/install/moveit_task_constructor_demo:/home/kush/ws_moveit2_ur5/install/moveit_task_constructor_capabilities:/home/kush/ws_moveit2_ur5/install/moveit_task_constructor_core:/home/kush/ws_moveit2_ur5/install/moveit_ros_control_interface:/home/kush/ws_moveit2_ur5/install/moveit_plugins:/home/kush/ws_moveit2_ur5/install/moveit_simple_controller_manager:/home/kush/ws_moveit2_ur5/install/moveit_setup_assistant:/home/kush/ws_moveit2_ur5/install/moveit_setup_srdf_plugins:/home/kush/ws_moveit2_ur5/install/moveit_setup_core_plugins:/home/kush/ws_moveit2_ur5/install/moveit_setup_controllers:/home/kush/ws_moveit2_ur5/install/moveit_setup_app_plugins:/home/kush/ws_moveit2_ur5/install/moveit_setup_framework:/home/kush/ws_moveit2_ur5/install/moveit_servo:/home/kush/ws_moveit2_ur5/install/moveit_ros:/home/kush/ws_moveit2_ur5/install/moveit_ros_visualization:/home/kush/ws_moveit2_ur5/install/moveit_hybrid_planning:/home/kush/ws_moveit2_ur5/install/moveit_ros_planning_interface:/home/kush/ws_moveit2_ur5/install/moveit_ros_benchmarks:/home/kush/ws_moveit2_ur5/install/moveit_ros_warehouse:/home/kush/ws_moveit2_ur5/install/moveit_ros_robot_interaction:/home/kush/ws_moveit2_ur5/install/moveit_ros_perception:/home/kush/ws_moveit2_ur5/install/moveit_resources_prbt_pg70_support:/home/kush/ws_moveit2_ur5/install/moveit_resources_prbt_moveit_config:/home/kush/ws_moveit2_ur5/install/moveit_ros_move_group:/home/kush/ws_moveit2_ur5/install/moveit_planners_ompl:/home/kush/ws_moveit2_ur5/install/moveit_ros_planning:/home/kush/ws_moveit2_ur5/install/moveit_ros_occupancy_map_monitor:/home/kush/ws_moveit2_ur5/install/moveit_resources_prbt_ikfast_manipulator_plugin:/home/kush/ws_moveit2_ur5/install/moveit_planners_chomp:/home/kush/ws_moveit2_ur5/install/moveit_kinematics:/home/kush/ws_moveit2_ur5/install/moveit_chomp_optimizer_adapter:/home/kush/ws_moveit2_ur5/install/chomp_motion_planner:/home/kush/ws_moveit2_ur5/install/moveit_core:/home/kush/ws_moveit2_ur5/install/srdfdom:/home/kush/ws_moveit2_ur5/install/rviz_marker_tools:/home/kush/ws_moveit2_ur5/install/rosparam_shortcuts:/home/kush/ws_moveit2_ur5/install/moveit_task_constructor_msgs:/home/kush/ws_moveit2_ur5/install/moveit_resources_prbt_support:/home/kush/ws_moveit2_ur5/install/moveit_resources:/home/kush/ws_moveit2_ur5/install/moveit_resources_pr2_description:/home/kush/ws_moveit2_ur5/install/moveit_resources_panda_moveit_config:/home/kush/ws_moveit2_ur5/install/moveit_resources_panda_description:/home/kush/ws_moveit2_ur5/install/moveit_resources_fanuc_moveit_config:/home/kush/ws_moveit2_ur5/install/moveit_resources_fanuc_description:/home/kush/ws_moveit2_ur5/install/moveit_common:/home/kush/ws_moveit2_ur5/install/moveit_configs_utils:/home/kush/ws_moveit2_ur5/install/launch_param_builder:/opt/ros/humble LD_LIBRARY_PATH=/home/kush/UR5_Project_New/install/moveit_ros_occupancy_map_monitor/lib:/home/kush/UR5_Project_New/install/moveit_core/lib:/home/kush/UR5_Project_New/install/srdfdom/lib:${LD_LIBRARY_PATH} PATH=/home/kush/UR5_Project_New/install/moveit_core/bin:${PATH} PYTHONPATH=/home/kush/UR5_Project_New/install/srdfdom/local/lib/python3.10/dist-packages:${PYTHONPATH} /usr/bin/cmake --build /home/kush/UR5_Project_New/build/moveit_ros_planning -- -j4 -l4
[410.951s] Invoking command in '/home/kush/UR5_Project_New/build/moveit_ros_planning': AMENT_PREFIX_PATH=/home/kush/UR5_Project_New/install/moveit_ros_occupancy_map_monitor:/home/kush/UR5_Project_New/install/moveit_core:/home/kush/UR5_Project_New/install/moveit_resources_panda_moveit_config:/home/kush/UR5_Project_New/install/srdfdom:/home/kush/UR5_Project_New/install/moveit_resources_panda_description:/home/kush/UR5_Project_New/install/moveit_common:${AMENT_PREFIX_PATH} CMAKE_PREFIX_PATH=/home/kush/UR5_Project_New/install/moveit_ros_occupancy_map_monitor:/home/kush/UR5_Project_New/install/moveit_core:/home/kush/UR5_Project_New/install/moveit_resources_panda_moveit_config:/home/kush/UR5_Project_New/install/srdfdom:/home/kush/UR5_Project_New/install/moveit_resources_panda_description:/home/kush/UR5_Project_New/install/moveit_common:/home/kush/ws_moveit2_ur5/install/ur_description:/home/kush/ws_moveit2_ur5/install/pilz_industrial_motion_planner_testutils:/home/kush/ws_moveit2_ur5/install/moveit_runtime:/home/kush/ws_moveit2_ur5/install/moveit2_tutorials:/home/kush/ws_moveit2_ur5/install/moveit:/home/kush/ws_moveit2_ur5/install/moveit_planners:/home/kush/ws_moveit2_ur5/install/pilz_industrial_motion_planner:/home/kush/ws_moveit2_ur5/install/moveit_visual_tools:/home/kush/ws_moveit2_ur5/install/moveit_task_constructor_visualization:/home/kush/ws_moveit2_ur5/install/moveit_task_constructor_demo:/home/kush/ws_moveit2_ur5/install/moveit_task_constructor_capabilities:/home/kush/ws_moveit2_ur5/install/moveit_task_constructor_core:/home/kush/ws_moveit2_ur5/install/moveit_ros_control_interface:/home/kush/ws_moveit2_ur5/install/moveit_plugins:/home/kush/ws_moveit2_ur5/install/moveit_simple_controller_manager:/home/kush/ws_moveit2_ur5/install/moveit_setup_assistant:/home/kush/ws_moveit2_ur5/install/moveit_setup_srdf_plugins:/home/kush/ws_moveit2_ur5/install/moveit_setup_core_plugins:/home/kush/ws_moveit2_ur5/install/moveit_setup_controllers:/home/kush/ws_moveit2_ur5/install/moveit_setup_app_plugins:/home/kush/ws_moveit2_ur5/install/moveit_setup_framework:/home/kush/ws_moveit2_ur5/install/moveit_servo:/home/kush/ws_moveit2_ur5/install/moveit_ros:/home/kush/ws_moveit2_ur5/install/moveit_ros_visualization:/home/kush/ws_moveit2_ur5/install/moveit_hybrid_planning:/home/kush/ws_moveit2_ur5/install/moveit_ros_planning_interface:/home/kush/ws_moveit2_ur5/install/moveit_ros_benchmarks:/home/kush/ws_moveit2_ur5/install/moveit_ros_warehouse:/home/kush/ws_moveit2_ur5/install/moveit_ros_robot_interaction:/home/kush/ws_moveit2_ur5/install/moveit_ros_perception:/home/kush/ws_moveit2_ur5/install/moveit_resources_prbt_pg70_support:/home/kush/ws_moveit2_ur5/install/moveit_resources_prbt_moveit_config:/home/kush/ws_moveit2_ur5/install/moveit_ros_move_group:/home/kush/ws_moveit2_ur5/install/moveit_planners_ompl:/home/kush/ws_moveit2_ur5/install/moveit_ros_planning:/home/kush/ws_moveit2_ur5/install/moveit_ros_occupancy_map_monitor:/home/kush/ws_moveit2_ur5/install/moveit_resources_prbt_ikfast_manipulator_plugin:/home/kush/ws_moveit2_ur5/install/moveit_planners_chomp:/home/kush/ws_moveit2_ur5/install/moveit_kinematics:/home/kush/ws_moveit2_ur5/install/moveit_chomp_optimizer_adapter:/home/kush/ws_moveit2_ur5/install/chomp_motion_planner:/home/kush/ws_moveit2_ur5/install/moveit_core:/home/kush/ws_moveit2_ur5/install/srdfdom:/home/kush/ws_moveit2_ur5/install/rviz_marker_tools:/home/kush/ws_moveit2_ur5/install/rosparam_shortcuts:/home/kush/ws_moveit2_ur5/install/moveit_task_constructor_msgs:/home/kush/ws_moveit2_ur5/install/moveit_resources_prbt_support:/home/kush/ws_moveit2_ur5/install/moveit_resources:/home/kush/ws_moveit2_ur5/install/moveit_resources_pr2_description:/home/kush/ws_moveit2_ur5/install/moveit_resources_panda_moveit_config:/home/kush/ws_moveit2_ur5/install/moveit_resources_panda_description:/home/kush/ws_moveit2_ur5/install/moveit_resources_fanuc_moveit_config:/home/kush/ws_moveit2_ur5/install/moveit_resources_fanuc_description:/home/kush/ws_moveit2_ur5/install/moveit_common:/home/kush/ws_moveit2_ur5/install/moveit_configs_utils:/home/kush/ws_moveit2_ur5/install/launch_param_builder:/opt/ros/humble LD_LIBRARY_PATH=/home/kush/UR5_Project_New/install/moveit_ros_occupancy_map_monitor/lib:/home/kush/UR5_Project_New/install/moveit_core/lib:/home/kush/UR5_Project_New/install/srdfdom/lib:${LD_LIBRARY_PATH} PATH=/home/kush/UR5_Project_New/install/moveit_core/bin:${PATH} PYTHONPATH=/home/kush/UR5_Project_New/install/srdfdom/local/lib/python3.10/dist-packages:${PYTHONPATH} /usr/bin/cmake --install /home/kush/UR5_Project_New/build/moveit_ros_planning
[410.967s] -- Install configuration: "Release"
[410.967s] -- Installing: /home/kush/UR5_Project_New/install/moveit_ros_planning/include
[410.967s] -- Installing: /home/kush/UR5_Project_New/install/moveit_ros_planning/include/moveit
[410.967s] -- Installing: /home/kush/UR5_Project_New/install/moveit_ros_planning/include/moveit/rdf_loader
[410.967s] -- Installing: /home/kush/UR5_Project_New/install/moveit_ros_planning/include/moveit/rdf_loader/synchronized_string_parameter.h
[410.968s] -- Installing: /home/kush/UR5_Project_New/install/moveit_ros_planning/include/moveit/rdf_loader/rdf_loader.h
[410.968s] -- Installing: /home/kush/UR5_Project_New/install/moveit_ros_planning/share/moveit_ros_planning/rdf_loader/test/data
[410.968s] -- Installing: /home/kush/UR5_Project_New/install/moveit_ros_planning/share/moveit_ros_planning/rdf_loader/test/data/kermit.srdf
[410.968s] -- Installing: /home/kush/UR5_Project_New/install/moveit_ros_planning/share/moveit_ros_planning/rdf_loader/test/data/gonzo.srdf
[410.969s] -- Installing: /home/kush/UR5_Project_New/install/moveit_ros_planning/share/moveit_ros_planning/rdf_loader/test/data/kermit.urdf
[410.969s] -- Installing: /home/kush/UR5_Project_New/install/moveit_ros_planning/share/moveit_ros_planning/rdf_loader/test/data/robin.srdf.xacro
[410.969s] -- Installing: /home/kush/UR5_Project_New/install/moveit_ros_planning/share/moveit_ros_planning/rdf_loader/test/data/gonzo.urdf
[410.970s] -- Installing: /home/kush/UR5_Project_New/install/moveit_ros_planning/share/moveit_ros_planning/rdf_loader/test/launch
[410.970s] -- Installing: /home/kush/UR5_Project_New/install/moveit_ros_planning/share/moveit_ros_planning/rdf_loader/test/launch/test_rdf_integration.test.py
[410.970s] -- Up-to-date: /home/kush/UR5_Project_New/install/moveit_ros_planning/include
[410.970s] -- Up-to-date: /home/kush/UR5_Project_New/install/moveit_ros_planning/include/moveit
[410.970s] -- Installing: /home/kush/UR5_Project_New/install/moveit_ros_planning/include/moveit/collision_plugin_loader
[410.971s] -- Installing: /home/kush/UR5_Project_New/install/moveit_ros_planning/include/moveit/collision_plugin_loader/collision_plugin_loader.h
[410.971s] -- Up-to-date: /home/kush/UR5_Project_New/install/moveit_ros_planning/include
[410.971s] -- Up-to-date: /home/kush/UR5_Project_New/install/moveit_ros_planning/include/moveit
[410.971s] -- Installing: /home/kush/UR5_Project_New/install/moveit_ros_planning/include/moveit/kinematics_plugin_loader
[410.971s] -- Installing: /home/kush/UR5_Project_New/install/moveit_ros_planning/include/moveit/kinematics_plugin_loader/kinematics_plugin_loader.h
[410.971s] -- Up-to-date: /home/kush/UR5_Project_New/install/moveit_ros_planning/include
[410.972s] -- Up-to-date: /home/kush/UR5_Project_New/install/moveit_ros_planning/include/moveit
[410.972s] -- Installing: /home/kush/UR5_Project_New/install/moveit_ros_planning/include/moveit/robot_model_loader
[410.972s] -- Installing: /home/kush/UR5_Project_New/install/moveit_ros_planning/include/moveit/robot_model_loader/robot_model_loader.h
[410.972s] -- Up-to-date: /home/kush/UR5_Project_New/install/moveit_ros_planning/include
[410.972s] -- Up-to-date: /home/kush/UR5_Project_New/install/moveit_ros_planning/include/moveit
[410.972s] -- Installing: /home/kush/UR5_Project_New/install/moveit_ros_planning/include/moveit/constraint_sampler_manager_loader
[410.972s] -- Installing: /home/kush/UR5_Project_New/install/moveit_ros_planning/include/moveit/constraint_sampler_manager_loader/constraint_sampler_manager_loader.h
[410.973s] -- Up-to-date: /home/kush/UR5_Project_New/install/moveit_ros_planning/include
[410.973s] -- Up-to-date: /home/kush/UR5_Project_New/install/moveit_ros_planning/include/moveit
[410.973s] -- Installing: /home/kush/UR5_Project_New/install/moveit_ros_planning/include/moveit/planning_pipeline
[410.973s] -- Installing: /home/kush/UR5_Project_New/install/moveit_ros_planning/include/moveit/planning_pipeline/planning_pipeline.h
[410.973s] -- Installing: /home/kush/UR5_Project_New/install/moveit_ros_planning/include/moveit_planning_pipeline_export.h
[410.973s] -- Installing: /home/kush/UR5_Project_New/install/moveit_ros_planning/lib/moveit_ros_planning/moveit_list_request_adapter_plugins
[410.975s] -- Set runtime path of "/home/kush/UR5_Project_New/install/moveit_ros_planning/lib/moveit_ros_planning/moveit_list_request_adapter_plugins" to ""
[410.975s] -- Installing: /home/kush/UR5_Project_New/install/moveit_ros_planning/lib/moveit_ros_planning/demo_scene
[410.976s] -- Set runtime path of "/home/kush/UR5_Project_New/install/moveit_ros_planning/lib/moveit_ros_planning/demo_scene" to ""
[410.976s] -- Up-to-date: /home/kush/UR5_Project_New/install/moveit_ros_planning/include
[410.976s] -- Up-to-date: /home/kush/UR5_Project_New/install/moveit_ros_planning/include/moveit
[410.976s] -- Installing: /home/kush/UR5_Project_New/install/moveit_ros_planning/include/moveit/planning_scene_monitor
[410.976s] -- Installing: /home/kush/UR5_Project_New/install/moveit_ros_planning/include/moveit/planning_scene_monitor/trajectory_monitor_middleware_handle.hpp
[410.977s] -- Installing: /home/kush/UR5_Project_New/install/moveit_ros_planning/include/moveit/planning_scene_monitor/current_state_monitor_middleware_handle.hpp
[410.977s] -- Installing: /home/kush/UR5_Project_New/install/moveit_ros_planning/include/moveit/planning_scene_monitor/trajectory_monitor.h
[410.977s] -- Installing: /home/kush/UR5_Project_New/install/moveit_ros_planning/include/moveit/planning_scene_monitor/current_state_monitor.h
[410.977s] -- Installing: /home/kush/UR5_Project_New/install/moveit_ros_planning/include/moveit/planning_scene_monitor/planning_scene_monitor.h
[410.978s] -- Installing: /home/kush/UR5_Project_New/install/moveit_ros_planning/include/moveit_planning_scene_monitor_export.h
[410.978s] -- Installing: /home/kush/UR5_Project_New/install/moveit_ros_planning/lib/moveit_ros_planning/moveit_print_planning_model_info
[410.979s] -- Set runtime path of "/home/kush/UR5_Project_New/install/moveit_ros_planning/lib/moveit_ros_planning/moveit_print_planning_model_info" to ""
[410.979s] -- Installing: /home/kush/UR5_Project_New/install/moveit_ros_planning/lib/moveit_ros_planning/moveit_print_planning_scene_info
[410.980s] -- Set runtime path of "/home/kush/UR5_Project_New/install/moveit_ros_planning/lib/moveit_ros_planning/moveit_print_planning_scene_info" to ""
[410.980s] -- Installing: /home/kush/UR5_Project_New/install/moveit_ros_planning/lib/moveit_ros_planning/moveit_display_random_state
[410.981s] -- Set runtime path of "/home/kush/UR5_Project_New/install/moveit_ros_planning/lib/moveit_ros_planning/moveit_display_random_state" to ""
[410.981s] -- Installing: /home/kush/UR5_Project_New/install/moveit_ros_planning/lib/moveit_ros_planning/moveit_visualize_robot_collision_volume
[410.982s] -- Set runtime path of "/home/kush/UR5_Project_New/install/moveit_ros_planning/lib/moveit_ros_planning/moveit_visualize_robot_collision_volume" to ""
[410.982s] -- Installing: /home/kush/UR5_Project_New/install/moveit_ros_planning/lib/moveit_ros_planning/moveit_evaluate_collision_checking_speed
[410.983s] -- Set runtime path of "/home/kush/UR5_Project_New/install/moveit_ros_planning/lib/moveit_ros_planning/moveit_evaluate_collision_checking_speed" to ""
[410.983s] -- Installing: /home/kush/UR5_Project_New/install/moveit_ros_planning/lib/moveit_ros_planning/moveit_publish_scene_from_text
[410.984s] -- Set runtime path of "/home/kush/UR5_Project_New/install/moveit_ros_planning/lib/moveit_ros_planning/moveit_publish_scene_from_text" to ""
[410.984s] -- Up-to-date: /home/kush/UR5_Project_New/install/moveit_ros_planning/include
[410.985s] -- Up-to-date: /home/kush/UR5_Project_New/install/moveit_ros_planning/include/moveit
[410.985s] -- Installing: /home/kush/UR5_Project_New/install/moveit_ros_planning/include/moveit/trajectory_execution_manager
[410.985s] -- Installing: /home/kush/UR5_Project_New/install/moveit_ros_planning/include/moveit/trajectory_execution_manager/trajectory_execution_manager.h
[410.985s] -- Installing: /home/kush/UR5_Project_New/install/moveit_ros_planning/include/moveit_trajectory_execution_manager_export.h
[410.985s] -- Up-to-date: /home/kush/UR5_Project_New/install/moveit_ros_planning/include
[410.986s] -- Up-to-date: /home/kush/UR5_Project_New/install/moveit_ros_planning/include/moveit
[410.986s] -- Installing: /home/kush/UR5_Project_New/install/moveit_ros_planning/include/moveit/plan_execution
[410.986s] -- Installing: /home/kush/UR5_Project_New/install/moveit_ros_planning/include/moveit/plan_execution/plan_representation.h
[410.986s] -- Installing: /home/kush/UR5_Project_New/install/moveit_ros_planning/include/moveit/plan_execution/plan_execution.h
[410.987s] -- Up-to-date: /home/kush/UR5_Project_New/install/moveit_ros_planning/include
[410.987s] -- Up-to-date: /home/kush/UR5_Project_New/install/moveit_ros_planning/include/moveit
[410.987s] -- Installing: /home/kush/UR5_Project_New/install/moveit_ros_planning/include/moveit/moveit_cpp
[410.987s] -- Installing: /home/kush/UR5_Project_New/install/moveit_ros_planning/include/moveit/moveit_cpp/planning_component.h
[410.987s] -- Installing: /home/kush/UR5_Project_New/install/moveit_ros_planning/include/moveit/moveit_cpp/moveit_cpp.h
[410.988s] -- Installing: /home/kush/UR5_Project_New/install/moveit_ros_planning/lib/libmoveit_rdf_loader.so.2.5.4
[410.990s] -- Set runtime path of "/home/kush/UR5_Project_New/install/moveit_ros_planning/lib/libmoveit_rdf_loader.so.2.5.4" to ""
[410.990s] -- Installing: /home/kush/UR5_Project_New/install/moveit_ros_planning/lib/libmoveit_rdf_loader.so
[410.990s] -- Installing: /home/kush/UR5_Project_New/install/moveit_ros_planning/lib/libmoveit_kinematics_plugin_loader.so.2.5.4
[410.991s] -- Set runtime path of "/home/kush/UR5_Project_New/install/moveit_ros_planning/lib/libmoveit_kinematics_plugin_loader.so.2.5.4" to ""
[410.992s] -- Installing: /home/kush/UR5_Project_New/install/moveit_ros_planning/lib/libmoveit_kinematics_plugin_loader.so
[410.992s] -- Installing: /home/kush/UR5_Project_New/install/moveit_ros_planning/lib/libmoveit_robot_model_loader.so.2.5.4
[410.992s] -- Set runtime path of "/home/kush/UR5_Project_New/install/moveit_ros_planning/lib/libmoveit_robot_model_loader.so.2.5.4" to ""
[410.993s] -- Installing: /home/kush/UR5_Project_New/install/moveit_ros_planning/lib/libmoveit_robot_model_loader.so
[410.993s] -- Installing: /home/kush/UR5_Project_New/install/moveit_ros_planning/lib/libmoveit_constraint_sampler_manager_loader.so.2.5.4
[410.994s] -- Set runtime path of "/home/kush/UR5_Project_New/install/moveit_ros_planning/lib/libmoveit_constraint_sampler_manager_loader.so.2.5.4" to ""
[410.994s] -- Installing: /home/kush/UR5_Project_New/install/moveit_ros_planning/lib/libmoveit_constraint_sampler_manager_loader.so
[410.994s] -- Installing: /home/kush/UR5_Project_New/install/moveit_ros_planning/lib/libmoveit_planning_pipeline.so.2.5.4
[410.996s] -- Set runtime path of "/home/kush/UR5_Project_New/install/moveit_ros_planning/lib/libmoveit_planning_pipeline.so.2.5.4" to ""
[410.997s] -- Installing: /home/kush/UR5_Project_New/install/moveit_ros_planning/lib/libmoveit_planning_pipeline.so
[410.997s] -- Installing: /home/kush/UR5_Project_New/install/moveit_ros_planning/lib/libmoveit_trajectory_execution_manager.so.2.5.4
[411.000s] -- Set runtime path of "/home/kush/UR5_Project_New/install/moveit_ros_planning/lib/libmoveit_trajectory_execution_manager.so.2.5.4" to ""
[411.000s] -- Installing: /home/kush/UR5_Project_New/install/moveit_ros_planning/lib/libmoveit_trajectory_execution_manager.so
[411.000s] -- Installing: /home/kush/UR5_Project_New/install/moveit_ros_planning/lib/libmoveit_plan_execution.so.2.5.4
[411.001s] -- Set runtime path of "/home/kush/UR5_Project_New/install/moveit_ros_planning/lib/libmoveit_plan_execution.so.2.5.4" to ""
[411.001s] -- Installing: /home/kush/UR5_Project_New/install/moveit_ros_planning/lib/libmoveit_plan_execution.so
[411.001s] -- Installing: /home/kush/UR5_Project_New/install/moveit_ros_planning/lib/libmoveit_planning_scene_monitor.so.2.5.4
[411.008s] -- Set runtime path of "/home/kush/UR5_Project_New/install/moveit_ros_planning/lib/libmoveit_planning_scene_monitor.so.2.5.4" to ""
[411.009s] -- Installing: /home/kush/UR5_Project_New/install/moveit_ros_planning/lib/libmoveit_planning_scene_monitor.so
[411.009s] -- Installing: /home/kush/UR5_Project_New/install/moveit_ros_planning/lib/libmoveit_collision_plugin_loader.so.2.5.4
[411.009s] -- Set runtime path of "/home/kush/UR5_Project_New/install/moveit_ros_planning/lib/libmoveit_collision_plugin_loader.so.2.5.4" to ""
[411.009s] -- Installing: /home/kush/UR5_Project_New/install/moveit_ros_planning/lib/libmoveit_collision_plugin_loader.so
[411.009s] -- Installing: /home/kush/UR5_Project_New/install/moveit_ros_planning/lib/libmoveit_default_planning_request_adapter_plugins.so.2.5.4
[411.010s] -- Set runtime path of "/home/kush/UR5_Project_New/install/moveit_ros_planning/lib/libmoveit_default_planning_request_adapter_plugins.so.2.5.4" to ""
[411.011s] -- Installing: /home/kush/UR5_Project_New/install/moveit_ros_planning/lib/libmoveit_default_planning_request_adapter_plugins.so
[411.011s] -- Installing: /home/kush/UR5_Project_New/install/moveit_ros_planning/lib/libmoveit_cpp.so.2.5.4
[411.012s] -- Set runtime path of "/home/kush/UR5_Project_New/install/moveit_ros_planning/lib/libmoveit_cpp.so.2.5.4" to ""
[411.013s] -- Installing: /home/kush/UR5_Project_New/install/moveit_ros_planning/lib/libmoveit_cpp.so
[411.013s] -- Installing: /home/kush/UR5_Project_New/install/moveit_ros_planning/share/moveit_ros_planning/environment/library_path.sh
[411.013s] -- Installing: /home/kush/UR5_Project_New/install/moveit_ros_planning/share/moveit_ros_planning/environment/library_path.dsv
[411.013s] -- Installing: /home/kush/UR5_Project_New/install/moveit_ros_planning/share/moveit_ros_planning/planning_request_adapters_plugin_description.xml
[411.013s] -- Installing: /home/kush/UR5_Project_New/install/moveit_ros_planning/share/ament_index/resource_index/package_run_dependencies/moveit_ros_planning
[411.014s] -- Installing: /home/kush/UR5_Project_New/install/moveit_ros_planning/share/ament_index/resource_index/parent_prefix_path/moveit_ros_planning
[411.014s] -- Installing: /home/kush/UR5_Project_New/install/moveit_ros_planning/share/moveit_ros_planning/environment/ament_prefix_path.sh
[411.014s] -- Installing: /home/kush/UR5_Project_New/install/moveit_ros_planning/share/moveit_ros_planning/environment/ament_prefix_path.dsv
[411.015s] -- Installing: /home/kush/UR5_Project_New/install/moveit_ros_planning/share/moveit_ros_planning/environment/path.sh
[411.015s] -- Installing: /home/kush/UR5_Project_New/install/moveit_ros_planning/share/moveit_ros_planning/environment/path.dsv
[411.015s] -- Installing: /home/kush/UR5_Project_New/install/moveit_ros_planning/share/moveit_ros_planning/local_setup.bash
[411.015s] -- Installing: /home/kush/UR5_Project_New/install/moveit_ros_planning/share/moveit_ros_planning/local_setup.sh
[411.016s] -- Installing: /home/kush/UR5_Project_New/install/moveit_ros_planning/share/moveit_ros_planning/local_setup.zsh
[411.016s] -- Installing: /home/kush/UR5_Project_New/install/moveit_ros_planning/share/moveit_ros_planning/local_setup.dsv
[411.016s] -- Installing: /home/kush/UR5_Project_New/install/moveit_ros_planning/share/moveit_ros_planning/package.dsv
[411.016s] -- Installing: /home/kush/UR5_Project_New/install/moveit_ros_planning/share/ament_index/resource_index/packages/moveit_ros_planning
[411.017s] -- Installing: /home/kush/UR5_Project_New/install/moveit_ros_planning/share/ament_index/resource_index/moveit_core__pluginlib__plugin/moveit_ros_planning
[411.017s] -- Installing: /home/kush/UR5_Project_New/install/moveit_ros_planning/share/moveit_ros_planning/cmake/export_moveit_ros_planningExport.cmake
[411.017s] -- Installing: /home/kush/UR5_Project_New/install/moveit_ros_planning/share/moveit_ros_planning/cmake/export_moveit_ros_planningExport-release.cmake
[411.018s] -- Installing: /home/kush/UR5_Project_New/install/moveit_ros_planning/share/moveit_ros_planning/cmake/ConfigExtras.cmake
[411.018s] -- Installing: /home/kush/UR5_Project_New/install/moveit_ros_planning/share/moveit_ros_planning/cmake/ament_cmake_export_targets-extras.cmake
[411.018s] -- Installing: /home/kush/UR5_Project_New/install/moveit_ros_planning/share/moveit_ros_planning/cmake/ament_cmake_export_dependencies-extras.cmake
[411.018s] -- Installing: /home/kush/UR5_Project_New/install/moveit_ros_planning/share/moveit_ros_planning/cmake/moveit_ros_planningConfig.cmake
[411.019s] -- Installing: /home/kush/UR5_Project_New/install/moveit_ros_planning/share/moveit_ros_planning/cmake/moveit_ros_planningConfig-version.cmake
[411.019s] -- Installing: /home/kush/UR5_Project_New/install/moveit_ros_planning/share/moveit_ros_planning/package.xml
[411.024s] Invoked command in '/home/kush/UR5_Project_New/build/moveit_ros_planning' returned '0': AMENT_PREFIX_PATH=/home/kush/UR5_Project_New/install/moveit_ros_occupancy_map_monitor:/home/kush/UR5_Project_New/install/moveit_core:/home/kush/UR5_Project_New/install/moveit_resources_panda_moveit_config:/home/kush/UR5_Project_New/install/srdfdom:/home/kush/UR5_Project_New/install/moveit_resources_panda_description:/home/kush/UR5_Project_New/install/moveit_common:${AMENT_PREFIX_PATH} CMAKE_PREFIX_PATH=/home/kush/UR5_Project_New/install/moveit_ros_occupancy_map_monitor:/home/kush/UR5_Project_New/install/moveit_core:/home/kush/UR5_Project_New/install/moveit_resources_panda_moveit_config:/home/kush/UR5_Project_New/install/srdfdom:/home/kush/UR5_Project_New/install/moveit_resources_panda_description:/home/kush/UR5_Project_New/install/moveit_common:/home/kush/ws_moveit2_ur5/install/ur_description:/home/kush/ws_moveit2_ur5/install/pilz_industrial_motion_planner_testutils:/home/kush/ws_moveit2_ur5/install/moveit_runtime:/home/kush/ws_moveit2_ur5/install/moveit2_tutorials:/home/kush/ws_moveit2_ur5/install/moveit:/home/kush/ws_moveit2_ur5/install/moveit_planners:/home/kush/ws_moveit2_ur5/install/pilz_industrial_motion_planner:/home/kush/ws_moveit2_ur5/install/moveit_visual_tools:/home/kush/ws_moveit2_ur5/install/moveit_task_constructor_visualization:/home/kush/ws_moveit2_ur5/install/moveit_task_constructor_demo:/home/kush/ws_moveit2_ur5/install/moveit_task_constructor_capabilities:/home/kush/ws_moveit2_ur5/install/moveit_task_constructor_core:/home/kush/ws_moveit2_ur5/install/moveit_ros_control_interface:/home/kush/ws_moveit2_ur5/install/moveit_plugins:/home/kush/ws_moveit2_ur5/install/moveit_simple_controller_manager:/home/kush/ws_moveit2_ur5/install/moveit_setup_assistant:/home/kush/ws_moveit2_ur5/install/moveit_setup_srdf_plugins:/home/kush/ws_moveit2_ur5/install/moveit_setup_core_plugins:/home/kush/ws_moveit2_ur5/install/moveit_setup_controllers:/home/kush/ws_moveit2_ur5/install/moveit_setup_app_plugins:/home/kush/ws_moveit2_ur5/install/moveit_setup_framework:/home/kush/ws_moveit2_ur5/install/moveit_servo:/home/kush/ws_moveit2_ur5/install/moveit_ros:/home/kush/ws_moveit2_ur5/install/moveit_ros_visualization:/home/kush/ws_moveit2_ur5/install/moveit_hybrid_planning:/home/kush/ws_moveit2_ur5/install/moveit_ros_planning_interface:/home/kush/ws_moveit2_ur5/install/moveit_ros_benchmarks:/home/kush/ws_moveit2_ur5/install/moveit_ros_warehouse:/home/kush/ws_moveit2_ur5/install/moveit_ros_robot_interaction:/home/kush/ws_moveit2_ur5/install/moveit_ros_perception:/home/kush/ws_moveit2_ur5/install/moveit_resources_prbt_pg70_support:/home/kush/ws_moveit2_ur5/install/moveit_resources_prbt_moveit_config:/home/kush/ws_moveit2_ur5/install/moveit_ros_move_group:/home/kush/ws_moveit2_ur5/install/moveit_planners_ompl:/home/kush/ws_moveit2_ur5/install/moveit_ros_planning:/home/kush/ws_moveit2_ur5/install/moveit_ros_occupancy_map_monitor:/home/kush/ws_moveit2_ur5/install/moveit_resources_prbt_ikfast_manipulator_plugin:/home/kush/ws_moveit2_ur5/install/moveit_planners_chomp:/home/kush/ws_moveit2_ur5/install/moveit_kinematics:/home/kush/ws_moveit2_ur5/install/moveit_chomp_optimizer_adapter:/home/kush/ws_moveit2_ur5/install/chomp_motion_planner:/home/kush/ws_moveit2_ur5/install/moveit_core:/home/kush/ws_moveit2_ur5/install/srdfdom:/home/kush/ws_moveit2_ur5/install/rviz_marker_tools:/home/kush/ws_moveit2_ur5/install/rosparam_shortcuts:/home/kush/ws_moveit2_ur5/install/moveit_task_constructor_msgs:/home/kush/ws_moveit2_ur5/install/moveit_resources_prbt_support:/home/kush/ws_moveit2_ur5/install/moveit_resources:/home/kush/ws_moveit2_ur5/install/moveit_resources_pr2_description:/home/kush/ws_moveit2_ur5/install/moveit_resources_panda_moveit_config:/home/kush/ws_moveit2_ur5/install/moveit_resources_panda_description:/home/kush/ws_moveit2_ur5/install/moveit_resources_fanuc_moveit_config:/home/kush/ws_moveit2_ur5/install/moveit_resources_fanuc_description:/home/kush/ws_moveit2_ur5/install/moveit_common:/home/kush/ws_moveit2_ur5/install/moveit_configs_utils:/home/kush/ws_moveit2_ur5/install/launch_param_builder:/opt/ros/humble LD_LIBRARY_PATH=/home/kush/UR5_Project_New/install/moveit_ros_occupancy_map_monitor/lib:/home/kush/UR5_Project_New/install/moveit_core/lib:/home/kush/UR5_Project_New/install/srdfdom/lib:${LD_LIBRARY_PATH} PATH=/home/kush/UR5_Project_New/install/moveit_core/bin:${PATH} PYTHONPATH=/home/kush/UR5_Project_New/install/srdfdom/local/lib/python3.10/dist-packages:${PYTHONPATH} /usr/bin/cmake --install /home/kush/UR5_Project_New/build/moveit_ros_planning
