[0.064s] Invoking command in '/home/kush/UR5_Project_New/build/moveit_resources_prbt_support': CMAKE_PREFIX_PATH=/opt/ros/humble /usr/bin/cmake /home/kush/UR5_Project_New/src/moveit2/moveit_planners/test_configs/prbt_support -DCMAKE_INSTALL_PREFIX=/home/kush/UR5_Project_New/install/moveit_resources_prbt_support
[0.190s] -- Found ament_cmake: 1.3.5 (/opt/ros/humble/share/ament_cmake/cmake)
[0.971s] -- Configuring done
[1.050s] -- Generating done
[1.050s] -- Build files have been written to: /home/kush/UR5_Project_New/build/moveit_resources_prbt_support
[1.056s] Invoked command in '/home/kush/UR5_Project_New/build/moveit_resources_prbt_support' returned '0': CMAKE_PREFIX_PATH=/opt/ros/humble /usr/bin/cmake /home/kush/UR5_Project_New/src/moveit2/moveit_planners/test_configs/prbt_support -DCMAKE_INSTALL_PREFIX=/home/kush/UR5_Project_New/install/moveit_resources_prbt_support
[1.057s] Invoking command in '/home/kush/UR5_Project_New/build/moveit_resources_prbt_support': CMAKE_PREFIX_PATH=/opt/ros/humble /usr/bin/cmake --build /home/kush/UR5_Project_New/build/moveit_resources_prbt_support -- -j4 -l4
[1.161s] Invoked command in '/home/kush/UR5_Project_New/build/moveit_resources_prbt_support' returned '0': CMAKE_PREFIX_PATH=/opt/ros/humble /usr/bin/cmake --build /home/kush/UR5_Project_New/build/moveit_resources_prbt_support -- -j4 -l4
[1.230s] Invoking command in '/home/kush/UR5_Project_New/build/moveit_resources_prbt_support': CMAKE_PREFIX_PATH=/opt/ros/humble /usr/bin/cmake --install /home/kush/UR5_Project_New/build/moveit_resources_prbt_support
[1.253s] -- Install configuration: "Release"
[1.253s] -- Up-to-date: /home/kush/UR5_Project_New/install/moveit_resources_prbt_support/share/ament_index/resource_index/package_run_dependencies/moveit_resources_prbt_support
[1.254s] -- Installing: /home/kush/UR5_Project_New/install/moveit_resources_prbt_support/share/ament_index/resource_index/parent_prefix_path/moveit_resources_prbt_support
[1.254s] -- Up-to-date: /home/kush/UR5_Project_New/install/moveit_resources_prbt_support/share/moveit_resources_prbt_support/environment/ament_prefix_path.sh
[1.255s] -- Installing: /home/kush/UR5_Project_New/install/moveit_resources_prbt_support/share/moveit_resources_prbt_support/environment/ament_prefix_path.dsv
[1.256s] -- Up-to-date: /home/kush/UR5_Project_New/install/moveit_resources_prbt_support/share/moveit_resources_prbt_support/environment/path.sh
[1.256s] -- Installing: /home/kush/UR5_Project_New/install/moveit_resources_prbt_support/share/moveit_resources_prbt_support/environment/path.dsv
[1.257s] -- Up-to-date: /home/kush/UR5_Project_New/install/moveit_resources_prbt_support/share/moveit_resources_prbt_support/local_setup.bash
[1.257s] -- Up-to-date: /home/kush/UR5_Project_New/install/moveit_resources_prbt_support/share/moveit_resources_prbt_support/local_setup.sh
[1.258s] -- Up-to-date: /home/kush/UR5_Project_New/install/moveit_resources_prbt_support/share/moveit_resources_prbt_support/local_setup.zsh
[1.258s] -- Installing: /home/kush/UR5_Project_New/install/moveit_resources_prbt_support/share/moveit_resources_prbt_support/local_setup.dsv
[1.258s] -- Installing: /home/kush/UR5_Project_New/install/moveit_resources_prbt_support/share/moveit_resources_prbt_support/package.dsv
[1.259s] -- Up-to-date: /home/kush/UR5_Project_New/install/moveit_resources_prbt_support/share/ament_index/resource_index/packages/moveit_resources_prbt_support
[1.259s] -- Up-to-date: /home/kush/UR5_Project_New/install/moveit_resources_prbt_support/share/moveit_resources_prbt_support/cmake/moveit_resources_prbt_supportConfig.cmake
[1.260s] -- Up-to-date: /home/kush/UR5_Project_New/install/moveit_resources_prbt_support/share/moveit_resources_prbt_support/cmake/moveit_resources_prbt_supportConfig-version.cmake
[1.262s] -- Up-to-date: /home/kush/UR5_Project_New/install/moveit_resources_prbt_support/share/moveit_resources_prbt_support/package.xml
[1.262s] -- Up-to-date: /home/kush/UR5_Project_New/install/moveit_resources_prbt_support/share/moveit_resources_prbt_support/urdf
[1.263s] -- Up-to-date: /home/kush/UR5_Project_New/install/moveit_resources_prbt_support/share/moveit_resources_prbt_support/urdf/prbt.xacro
[1.263s] -- Up-to-date: /home/kush/UR5_Project_New/install/moveit_resources_prbt_support/share/moveit_resources_prbt_support/urdf/prbt.ros2_control.xacro
[1.264s] -- Up-to-date: /home/kush/UR5_Project_New/install/moveit_resources_prbt_support/share/moveit_resources_prbt_support/urdf/simple_gripper_brackets.urdf.xacro
[1.264s] -- Up-to-date: /home/kush/UR5_Project_New/install/moveit_resources_prbt_support/share/moveit_resources_prbt_support/urdf/prbt_macro.xacro
[1.265s] -- Up-to-date: /home/kush/UR5_Project_New/install/moveit_resources_prbt_support/share/moveit_resources_prbt_support/meshes
[1.265s] -- Up-to-date: /home/kush/UR5_Project_New/install/moveit_resources_prbt_support/share/moveit_resources_prbt_support/meshes/link_2.stl
[1.266s] -- Up-to-date: /home/kush/UR5_Project_New/install/moveit_resources_prbt_support/share/moveit_resources_prbt_support/meshes/foot.dae
[1.266s] -- Up-to-date: /home/kush/UR5_Project_New/install/moveit_resources_prbt_support/share/moveit_resources_prbt_support/meshes/foot.stl
[1.266s] -- Up-to-date: /home/kush/UR5_Project_New/install/moveit_resources_prbt_support/share/moveit_resources_prbt_support/meshes/link_1.dae
[1.267s] -- Up-to-date: /home/kush/UR5_Project_New/install/moveit_resources_prbt_support/share/moveit_resources_prbt_support/meshes/link_5.stl
[1.267s] -- Up-to-date: /home/kush/UR5_Project_New/install/moveit_resources_prbt_support/share/moveit_resources_prbt_support/meshes/flange.stl
[1.267s] -- Up-to-date: /home/kush/UR5_Project_New/install/moveit_resources_prbt_support/share/moveit_resources_prbt_support/meshes/link_5.dae
[1.268s] -- Up-to-date: /home/kush/UR5_Project_New/install/moveit_resources_prbt_support/share/moveit_resources_prbt_support/meshes/link_4.stl
[1.268s] -- Up-to-date: /home/kush/UR5_Project_New/install/moveit_resources_prbt_support/share/moveit_resources_prbt_support/meshes/link_4.dae
[1.269s] -- Up-to-date: /home/kush/UR5_Project_New/install/moveit_resources_prbt_support/share/moveit_resources_prbt_support/meshes/link_2.dae
[1.269s] -- Up-to-date: /home/kush/UR5_Project_New/install/moveit_resources_prbt_support/share/moveit_resources_prbt_support/meshes/link_1.stl
[1.269s] -- Up-to-date: /home/kush/UR5_Project_New/install/moveit_resources_prbt_support/share/moveit_resources_prbt_support/meshes/flange.dae
[1.270s] -- Up-to-date: /home/kush/UR5_Project_New/install/moveit_resources_prbt_support/share/moveit_resources_prbt_support/meshes/link_3.dae
[1.270s] -- Up-to-date: /home/kush/UR5_Project_New/install/moveit_resources_prbt_support/share/moveit_resources_prbt_support/meshes/link_3.stl
[1.270s] -- Up-to-date: /home/kush/UR5_Project_New/install/moveit_resources_prbt_support/share/moveit_resources_prbt_support/config
[1.270s] -- Up-to-date: /home/kush/UR5_Project_New/install/moveit_resources_prbt_support/share/moveit_resources_prbt_support/config/prbt_0_1.dcf
[1.270s] -- Up-to-date: /home/kush/UR5_Project_New/install/moveit_resources_prbt_support/share/moveit_resources_prbt_support/config/manipulator_driver.yaml
[1.270s] -- Up-to-date: /home/kush/UR5_Project_New/install/moveit_resources_prbt_support/share/moveit_resources_prbt_support/config/manipulator_controller.yaml
[1.277s] Invoked command in '/home/kush/UR5_Project_New/build/moveit_resources_prbt_support' returned '0': CMAKE_PREFIX_PATH=/opt/ros/humble /usr/bin/cmake --install /home/kush/UR5_Project_New/build/moveit_resources_prbt_support
