[0.234s] Invoking command in '/home/kush/UR5_Project_New/build/moveit_hybrid_planning': AMENT_PREFIX_PATH=/home/kush/UR5_Project_New/install/moveit_ros_planning_interface:/home/kush/UR5_Project_New/install/moveit_ros_move_group:/home/kush/UR5_Project_New/install/moveit_ros_warehouse:/home/kush/UR5_Project_New/install/moveit_planners_ompl:/home/kush/UR5_Project_New/install/moveit_kinematics:/home/kush/UR5_Project_New/install/moveit_ros_planning:/home/kush/UR5_Project_New/install/moveit_ros_occupancy_map_monitor:/home/kush/UR5_Project_New/install/moveit_core:/home/kush/UR5_Project_New/install/moveit_resources_panda_moveit_config:/home/kush/UR5_Project_New/install/srdfdom:/home/kush/UR5_Project_New/install/moveit_resources_panda_description:/home/kush/UR5_Project_New/install/moveit_common:${AMENT_PREFIX_PATH} CMAKE_PREFIX_PATH=/home/kush/UR5_Project_New/install/moveit_ros_planning_interface:/home/kush/UR5_Project_New/install/moveit_ros_move_group:/home/kush/UR5_Project_New/install/moveit_ros_warehouse:/home/kush/UR5_Project_New/install/moveit_planners_ompl:/home/kush/UR5_Project_New/install/moveit_kinematics:/home/kush/UR5_Project_New/install/moveit_ros_planning:/home/kush/UR5_Project_New/install/moveit_ros_occupancy_map_monitor:/home/kush/UR5_Project_New/install/moveit_core:/home/kush/UR5_Project_New/install/moveit_resources_panda_moveit_config:/home/kush/UR5_Project_New/install/srdfdom:/home/kush/UR5_Project_New/install/moveit_resources_panda_description:/home/kush/UR5_Project_New/install/moveit_common:/opt/ros/humble LD_LIBRARY_PATH=/home/kush/UR5_Project_New/install/moveit_ros_planning_interface/lib:/home/kush/UR5_Project_New/install/moveit_ros_move_group/lib:/home/kush/UR5_Project_New/install/moveit_ros_warehouse/lib:/home/kush/UR5_Project_New/install/moveit_planners_ompl/lib:/home/kush/UR5_Project_New/install/moveit_kinematics/lib:/home/kush/UR5_Project_New/install/moveit_ros_planning/lib:/home/kush/UR5_Project_New/install/moveit_ros_occupancy_map_monitor/lib:/home/kush/UR5_Project_New/install/moveit_core/lib:/home/kush/UR5_Project_New/install/srdfdom/lib:${LD_LIBRARY_PATH} PATH=/home/kush/UR5_Project_New/install/moveit_core/bin:${PATH} PYTHONPATH=/home/kush/UR5_Project_New/install/srdfdom/local/lib/python3.10/dist-packages:${PYTHONPATH} /usr/bin/cmake --build /home/kush/UR5_Project_New/build/moveit_hybrid_planning -- -j4 -l4
[0.736s] [  5%] [32mBuilding CXX object hybrid_planning_manager/hybrid_planning_manager_component/CMakeFiles/moveit_hybrid_planning_manager.dir/src/hybrid_planning_manager.cpp.o[0m
[81.777s] [ 10%] [32m[1mLinking CXX shared library libmoveit_hybrid_planning_manager.so[0m
[83.374s] [ 10%] Built target moveit_hybrid_planning_manager
[83.536s] [ 15%] [32mBuilding CXX object local_planner/local_planner_component/CMakeFiles/moveit_local_planner_component.dir/src/local_planner_component.cpp.o[0m
[179.213s] [ 20%] [32m[1mLinking CXX shared library libmoveit_local_planner_component.so[0m
[180.784s] [ 20%] Built target moveit_local_planner_component
[181.022s] [ 25%] [32mBuilding CXX object local_planner/trajectory_operator_plugins/CMakeFiles/simple_sampler_plugin.dir/src/simple_sampler.cpp.o[0m
[206.033s] [ 30%] [32m[1mLinking CXX shared library libsimple_sampler_plugin.so[0m
[207.416s] [ 30%] Built target simple_sampler_plugin
[207.593s] [ 35%] [32mBuilding CXX object local_planner/local_constraint_solver_plugins/CMakeFiles/forward_trajectory_plugin.dir/src/forward_trajectory.cpp.o[0m
[240.614s] [ 40%] [32m[1mLinking CXX shared library libforward_trajectory_plugin.so[0m
[241.854s] [ 40%] Built target forward_trajectory_plugin
[242.026s] [ 45%] [32mBuilding CXX object hybrid_planning_manager/planner_logic_plugins/CMakeFiles/single_plan_execution_plugin.dir/src/single_plan_execution.cpp.o[0m
[257.518s] [ 50%] [32m[1mLinking CXX shared library libsingle_plan_execution_plugin.so[0m
[258.459s] [ 50%] Built target single_plan_execution_plugin
[258.623s] [ 55%] [32mBuilding CXX object global_planner/global_planner_plugins/CMakeFiles/motion_planning_pipeline_plugin.dir/src/moveit_planning_pipeline.cpp.o[0m
[301.415s] [ 60%] [32m[1mLinking CXX shared library libmotion_planning_pipeline_plugin.so[0m
[302.566s] [ 60%] Built target motion_planning_pipeline_plugin
[302.764s] [ 65%] [32mBuilding CXX object hybrid_planning_manager/planner_logic_plugins/CMakeFiles/replan_invalidated_trajectory_plugin.dir/src/replan_invalidated_trajectory.cpp.o[0m
[321.302s] [ 70%] [32m[1mLinking CXX shared library libreplan_invalidated_trajectory_plugin.so[0m
[322.572s] [ 70%] Built target replan_invalidated_trajectory_plugin
[322.741s] [ 75%] [32mBuilding CXX object global_planner/global_planner_component/CMakeFiles/moveit_global_planner_component.dir/src/global_planner_component.cpp.o[0m
[387.886s] [ 80%] [32m[1mLinking CXX shared library libmoveit_global_planner_component.so[0m
[389.597s] [ 80%] Built target moveit_global_planner_component
[389.808s] [ 85%] [32mBuilding CXX object test/CMakeFiles/cancel_action.dir/cancel_action.cpp.o[0m
[403.033s] [ 90%] [32m[1mLinking CXX executable cancel_action[0m
[404.407s] [ 90%] Built target cancel_action
[404.572s] [ 95%] [32mBuilding CXX object test/CMakeFiles/hybrid_planning_demo_node.dir/hybrid_planning_demo_node.cpp.o[0m
[474.501s] [100%] [32m[1mLinking CXX executable hybrid_planning_demo_node[0m
[476.772s] [100%] Built target hybrid_planning_demo_node
[476.931s] Invoked command in '/home/kush/UR5_Project_New/build/moveit_hybrid_planning' returned '0': AMENT_PREFIX_PATH=/home/kush/UR5_Project_New/install/moveit_ros_planning_interface:/home/kush/UR5_Project_New/install/moveit_ros_move_group:/home/kush/UR5_Project_New/install/moveit_ros_warehouse:/home/kush/UR5_Project_New/install/moveit_planners_ompl:/home/kush/UR5_Project_New/install/moveit_kinematics:/home/kush/UR5_Project_New/install/moveit_ros_planning:/home/kush/UR5_Project_New/install/moveit_ros_occupancy_map_monitor:/home/kush/UR5_Project_New/install/moveit_core:/home/kush/UR5_Project_New/install/moveit_resources_panda_moveit_config:/home/kush/UR5_Project_New/install/srdfdom:/home/kush/UR5_Project_New/install/moveit_resources_panda_description:/home/kush/UR5_Project_New/install/moveit_common:${AMENT_PREFIX_PATH} CMAKE_PREFIX_PATH=/home/kush/UR5_Project_New/install/moveit_ros_planning_interface:/home/kush/UR5_Project_New/install/moveit_ros_move_group:/home/kush/UR5_Project_New/install/moveit_ros_warehouse:/home/kush/UR5_Project_New/install/moveit_planners_ompl:/home/kush/UR5_Project_New/install/moveit_kinematics:/home/kush/UR5_Project_New/install/moveit_ros_planning:/home/kush/UR5_Project_New/install/moveit_ros_occupancy_map_monitor:/home/kush/UR5_Project_New/install/moveit_core:/home/kush/UR5_Project_New/install/moveit_resources_panda_moveit_config:/home/kush/UR5_Project_New/install/srdfdom:/home/kush/UR5_Project_New/install/moveit_resources_panda_description:/home/kush/UR5_Project_New/install/moveit_common:/opt/ros/humble LD_LIBRARY_PATH=/home/kush/UR5_Project_New/install/moveit_ros_planning_interface/lib:/home/kush/UR5_Project_New/install/moveit_ros_move_group/lib:/home/kush/UR5_Project_New/install/moveit_ros_warehouse/lib:/home/kush/UR5_Project_New/install/moveit_planners_ompl/lib:/home/kush/UR5_Project_New/install/moveit_kinematics/lib:/home/kush/UR5_Project_New/install/moveit_ros_planning/lib:/home/kush/UR5_Project_New/install/moveit_ros_occupancy_map_monitor/lib:/home/kush/UR5_Project_New/install/moveit_core/lib:/home/kush/UR5_Project_New/install/srdfdom/lib:${LD_LIBRARY_PATH} PATH=/home/kush/UR5_Project_New/install/moveit_core/bin:${PATH} PYTHONPATH=/home/kush/UR5_Project_New/install/srdfdom/local/lib/python3.10/dist-packages:${PYTHONPATH} /usr/bin/cmake --build /home/kush/UR5_Project_New/build/moveit_hybrid_planning -- -j4 -l4
[477.214s] Invoking command in '/home/kush/UR5_Project_New/build/moveit_hybrid_planning': AMENT_PREFIX_PATH=/home/kush/UR5_Project_New/install/moveit_ros_planning_interface:/home/kush/UR5_Project_New/install/moveit_ros_move_group:/home/kush/UR5_Project_New/install/moveit_ros_warehouse:/home/kush/UR5_Project_New/install/moveit_planners_ompl:/home/kush/UR5_Project_New/install/moveit_kinematics:/home/kush/UR5_Project_New/install/moveit_ros_planning:/home/kush/UR5_Project_New/install/moveit_ros_occupancy_map_monitor:/home/kush/UR5_Project_New/install/moveit_core:/home/kush/UR5_Project_New/install/moveit_resources_panda_moveit_config:/home/kush/UR5_Project_New/install/srdfdom:/home/kush/UR5_Project_New/install/moveit_resources_panda_description:/home/kush/UR5_Project_New/install/moveit_common:${AMENT_PREFIX_PATH} CMAKE_PREFIX_PATH=/home/kush/UR5_Project_New/install/moveit_ros_planning_interface:/home/kush/UR5_Project_New/install/moveit_ros_move_group:/home/kush/UR5_Project_New/install/moveit_ros_warehouse:/home/kush/UR5_Project_New/install/moveit_planners_ompl:/home/kush/UR5_Project_New/install/moveit_kinematics:/home/kush/UR5_Project_New/install/moveit_ros_planning:/home/kush/UR5_Project_New/install/moveit_ros_occupancy_map_monitor:/home/kush/UR5_Project_New/install/moveit_core:/home/kush/UR5_Project_New/install/moveit_resources_panda_moveit_config:/home/kush/UR5_Project_New/install/srdfdom:/home/kush/UR5_Project_New/install/moveit_resources_panda_description:/home/kush/UR5_Project_New/install/moveit_common:/opt/ros/humble LD_LIBRARY_PATH=/home/kush/UR5_Project_New/install/moveit_ros_planning_interface/lib:/home/kush/UR5_Project_New/install/moveit_ros_move_group/lib:/home/kush/UR5_Project_New/install/moveit_ros_warehouse/lib:/home/kush/UR5_Project_New/install/moveit_planners_ompl/lib:/home/kush/UR5_Project_New/install/moveit_kinematics/lib:/home/kush/UR5_Project_New/install/moveit_ros_planning/lib:/home/kush/UR5_Project_New/install/moveit_ros_occupancy_map_monitor/lib:/home/kush/UR5_Project_New/install/moveit_core/lib:/home/kush/UR5_Project_New/install/srdfdom/lib:${LD_LIBRARY_PATH} PATH=/home/kush/UR5_Project_New/install/moveit_core/bin:${PATH} PYTHONPATH=/home/kush/UR5_Project_New/install/srdfdom/local/lib/python3.10/dist-packages:${PYTHONPATH} /usr/bin/cmake --install /home/kush/UR5_Project_New/build/moveit_hybrid_planning
[477.249s] -- Install configuration: "Release"
[477.355s] -- Installing: /home/kush/UR5_Project_New/install/moveit_hybrid_planning/lib/libmoveit_global_planner_component.so.2.5.4
[477.359s] -- Set runtime path of "/home/kush/UR5_Project_New/install/moveit_hybrid_planning/lib/libmoveit_global_planner_component.so.2.5.4" to ""
[477.360s] -- Installing: /home/kush/UR5_Project_New/install/moveit_hybrid_planning/lib/libmoveit_global_planner_component.so
[477.360s] -- Installing: /home/kush/UR5_Project_New/install/moveit_hybrid_planning/lib/libmoveit_hybrid_planning_manager.so.2.5.4
[477.403s] -- Set runtime path of "/home/kush/UR5_Project_New/install/moveit_hybrid_planning/lib/libmoveit_hybrid_planning_manager.so.2.5.4" to ""
[477.405s] -- Installing: /home/kush/UR5_Project_New/install/moveit_hybrid_planning/lib/libmoveit_hybrid_planning_manager.so
[477.405s] -- Installing: /home/kush/UR5_Project_New/install/moveit_hybrid_planning/lib/libmoveit_local_planner_component.so.2.5.4
[477.445s] -- Set runtime path of "/home/kush/UR5_Project_New/install/moveit_hybrid_planning/lib/libmoveit_local_planner_component.so.2.5.4" to ""
[477.445s] -- Installing: /home/kush/UR5_Project_New/install/moveit_hybrid_planning/lib/libmoveit_local_planner_component.so
[477.445s] -- Installing: /home/kush/UR5_Project_New/install/moveit_hybrid_planning/lib/libforward_trajectory_plugin.so.2.5.4
[477.457s] -- Set runtime path of "/home/kush/UR5_Project_New/install/moveit_hybrid_planning/lib/libforward_trajectory_plugin.so.2.5.4" to ""
[477.458s] -- Installing: /home/kush/UR5_Project_New/install/moveit_hybrid_planning/lib/libforward_trajectory_plugin.so
[477.459s] -- Installing: /home/kush/UR5_Project_New/install/moveit_hybrid_planning/lib/libmotion_planning_pipeline_plugin.so.2.5.4
[477.461s] -- Set runtime path of "/home/kush/UR5_Project_New/install/moveit_hybrid_planning/lib/libmotion_planning_pipeline_plugin.so.2.5.4" to ""
[477.461s] -- Installing: /home/kush/UR5_Project_New/install/moveit_hybrid_planning/lib/libmotion_planning_pipeline_plugin.so
[477.461s] -- Installing: /home/kush/UR5_Project_New/install/moveit_hybrid_planning/lib/libreplan_invalidated_trajectory_plugin.so.2.5.4
[477.461s] -- Set runtime path of "/home/kush/UR5_Project_New/install/moveit_hybrid_planning/lib/libreplan_invalidated_trajectory_plugin.so.2.5.4" to ""
[477.462s] -- Installing: /home/kush/UR5_Project_New/install/moveit_hybrid_planning/lib/libreplan_invalidated_trajectory_plugin.so
[477.462s] -- Installing: /home/kush/UR5_Project_New/install/moveit_hybrid_planning/lib/libsimple_sampler_plugin.so.2.5.4
[477.485s] -- Set runtime path of "/home/kush/UR5_Project_New/install/moveit_hybrid_planning/lib/libsimple_sampler_plugin.so.2.5.4" to ""
[477.486s] -- Installing: /home/kush/UR5_Project_New/install/moveit_hybrid_planning/lib/libsimple_sampler_plugin.so
[477.486s] -- Installing: /home/kush/UR5_Project_New/install/moveit_hybrid_planning/lib/libsingle_plan_execution_plugin.so.2.5.4
[477.486s] -- Set runtime path of "/home/kush/UR5_Project_New/install/moveit_hybrid_planning/lib/libsingle_plan_execution_plugin.so.2.5.4" to ""
[477.487s] -- Installing: /home/kush/UR5_Project_New/install/moveit_hybrid_planning/lib/libsingle_plan_execution_plugin.so
[477.487s] -- Installing: /home/kush/UR5_Project_New/install/moveit_hybrid_planning/lib/moveit_hybrid_planning/cancel_action
[477.504s] -- Set runtime path of "/home/kush/UR5_Project_New/install/moveit_hybrid_planning/lib/moveit_hybrid_planning/cancel_action" to ""
[477.504s] -- Installing: /home/kush/UR5_Project_New/install/moveit_hybrid_planning/lib/moveit_hybrid_planning/hybrid_planning_demo_node
[477.507s] -- Set runtime path of "/home/kush/UR5_Project_New/install/moveit_hybrid_planning/lib/moveit_hybrid_planning/hybrid_planning_demo_node" to ""
[477.507s] -- Installing: /home/kush/UR5_Project_New/install/moveit_hybrid_planning/include
[477.508s] -- Installing: /home/kush/UR5_Project_New/install/moveit_hybrid_planning/include/moveit
[477.508s] -- Installing: /home/kush/UR5_Project_New/install/moveit_hybrid_planning/include/moveit/global_planner
[477.508s] -- Installing: /home/kush/UR5_Project_New/install/moveit_hybrid_planning/include/moveit/global_planner/global_planner_interface.h
[477.528s] -- Installing: /home/kush/UR5_Project_New/install/moveit_hybrid_planning/include/moveit/global_planner/global_planner_component.h
[477.528s] -- Up-to-date: /home/kush/UR5_Project_New/install/moveit_hybrid_planning/include
[477.536s] -- Up-to-date: /home/kush/UR5_Project_New/install/moveit_hybrid_planning/include/moveit
[477.537s] -- Up-to-date: /home/kush/UR5_Project_New/install/moveit_hybrid_planning/include/moveit/global_planner
[477.537s] -- Installing: /home/kush/UR5_Project_New/install/moveit_hybrid_planning/include/moveit/global_planner/moveit_planning_pipeline.h
[477.552s] -- Up-to-date: /home/kush/UR5_Project_New/install/moveit_hybrid_planning/include
[477.553s] -- Up-to-date: /home/kush/UR5_Project_New/install/moveit_hybrid_planning/include/moveit
[477.553s] -- Installing: /home/kush/UR5_Project_New/install/moveit_hybrid_planning/include/moveit/hybrid_planning_manager
[477.553s] -- Installing: /home/kush/UR5_Project_New/install/moveit_hybrid_planning/include/moveit/hybrid_planning_manager/hybrid_planning_events.h
[477.554s] -- Installing: /home/kush/UR5_Project_New/install/moveit_hybrid_planning/include/moveit/hybrid_planning_manager/moveit_error_code_interface.h
[477.554s] -- Installing: /home/kush/UR5_Project_New/install/moveit_hybrid_planning/include/moveit/hybrid_planning_manager/planner_logic_interface.h
[477.555s] -- Installing: /home/kush/UR5_Project_New/install/moveit_hybrid_planning/include/moveit/hybrid_planning_manager/hybrid_planning_manager.h
[477.555s] -- Up-to-date: /home/kush/UR5_Project_New/install/moveit_hybrid_planning/include
[477.555s] -- Up-to-date: /home/kush/UR5_Project_New/install/moveit_hybrid_planning/include/moveit
[477.556s] -- Installing: /home/kush/UR5_Project_New/install/moveit_hybrid_planning/include/moveit/planner_logic_plugins
[477.560s] -- Installing: /home/kush/UR5_Project_New/install/moveit_hybrid_planning/include/moveit/planner_logic_plugins/replan_invalidated_trajectory.h
[477.561s] -- Installing: /home/kush/UR5_Project_New/install/moveit_hybrid_planning/include/moveit/planner_logic_plugins/single_plan_execution.h
[477.561s] -- Up-to-date: /home/kush/UR5_Project_New/install/moveit_hybrid_planning/include
[477.561s] -- Up-to-date: /home/kush/UR5_Project_New/install/moveit_hybrid_planning/include/moveit
[477.562s] -- Installing: /home/kush/UR5_Project_New/install/moveit_hybrid_planning/include/moveit/local_planner
[477.562s] -- Installing: /home/kush/UR5_Project_New/install/moveit_hybrid_planning/include/moveit/local_planner/local_constraint_solver_interface.h
[477.562s] -- Installing: /home/kush/UR5_Project_New/install/moveit_hybrid_planning/include/moveit/local_planner/trajectory_operator_interface.h
[477.562s] -- Installing: /home/kush/UR5_Project_New/install/moveit_hybrid_planning/include/moveit/local_planner/feedback_types.h
[477.562s] -- Installing: /home/kush/UR5_Project_New/install/moveit_hybrid_planning/include/moveit/local_planner/local_planner_component.h
[477.562s] -- Up-to-date: /home/kush/UR5_Project_New/install/moveit_hybrid_planning/include
[477.563s] -- Up-to-date: /home/kush/UR5_Project_New/install/moveit_hybrid_planning/include/moveit
[477.563s] -- Installing: /home/kush/UR5_Project_New/install/moveit_hybrid_planning/include/moveit/trajectory_operator_plugins
[477.563s] -- Installing: /home/kush/UR5_Project_New/install/moveit_hybrid_planning/include/moveit/trajectory_operator_plugins/simple_sampler.h
[477.563s] -- Up-to-date: /home/kush/UR5_Project_New/install/moveit_hybrid_planning/include
[477.567s] -- Up-to-date: /home/kush/UR5_Project_New/install/moveit_hybrid_planning/include/moveit
[477.567s] -- Installing: /home/kush/UR5_Project_New/install/moveit_hybrid_planning/include/moveit/local_constraint_solver_plugins
[477.567s] -- Installing: /home/kush/UR5_Project_New/install/moveit_hybrid_planning/include/moveit/local_constraint_solver_plugins/forward_trajectory.h
[477.567s] -- Installing: /home/kush/UR5_Project_New/install/moveit_hybrid_planning/share/moveit_hybrid_planning/launch
[477.567s] -- Installing: /home/kush/UR5_Project_New/install/moveit_hybrid_planning/share/moveit_hybrid_planning/launch/test_basic_integration.test.py
[477.576s] -- Installing: /home/kush/UR5_Project_New/install/moveit_hybrid_planning/share/moveit_hybrid_planning/launch/hybrid_planning_common.py
[477.576s] -- Installing: /home/kush/UR5_Project_New/install/moveit_hybrid_planning/share/moveit_hybrid_planning/launch/hybrid_planning_demo.launch.py
[477.576s] -- Installing: /home/kush/UR5_Project_New/install/moveit_hybrid_planning/share/moveit_hybrid_planning/config
[477.576s] -- Installing: /home/kush/UR5_Project_New/install/moveit_hybrid_planning/share/moveit_hybrid_planning/config/local_planner.yaml
[477.583s] -- Installing: /home/kush/UR5_Project_New/install/moveit_hybrid_planning/share/moveit_hybrid_planning/config/hybrid_planning_demo.rviz
[477.584s] -- Installing: /home/kush/UR5_Project_New/install/moveit_hybrid_planning/share/moveit_hybrid_planning/config/global_planner.yaml
[477.584s] -- Installing: /home/kush/UR5_Project_New/install/moveit_hybrid_planning/share/moveit_hybrid_planning/config/demo_controller.yaml
[477.584s] -- Installing: /home/kush/UR5_Project_New/install/moveit_hybrid_planning/share/moveit_hybrid_planning/config/hybrid_planning_manager.yaml
[477.584s] -- Installing: /home/kush/UR5_Project_New/install/moveit_hybrid_planning/share/moveit_hybrid_planning/config/common_hybrid_planning_params.yaml
[477.584s] -- Installing: /home/kush/UR5_Project_New/install/moveit_hybrid_planning/share/moveit_hybrid_planning/single_plan_execution_plugin.xml
[477.584s] -- Installing: /home/kush/UR5_Project_New/install/moveit_hybrid_planning/share/moveit_hybrid_planning/moveit_planning_pipeline_plugin.xml
[477.585s] -- Installing: /home/kush/UR5_Project_New/install/moveit_hybrid_planning/share/moveit_hybrid_planning/simple_sampler_plugin.xml
[477.585s] -- Installing: /home/kush/UR5_Project_New/install/moveit_hybrid_planning/share/moveit_hybrid_planning/replan_invalidated_trajectory_plugin.xml
[477.585s] -- Installing: /home/kush/UR5_Project_New/install/moveit_hybrid_planning/share/moveit_hybrid_planning/forward_trajectory_plugin.xml
[477.603s] -- Installing: /home/kush/UR5_Project_New/install/moveit_hybrid_planning/share/moveit_hybrid_planning/environment/library_path.sh
[477.619s] -- Installing: /home/kush/UR5_Project_New/install/moveit_hybrid_planning/share/moveit_hybrid_planning/environment/library_path.dsv
[477.627s] -- Installing: /home/kush/UR5_Project_New/install/moveit_hybrid_planning/share/ament_index/resource_index/package_run_dependencies/moveit_hybrid_planning
[477.635s] -- Installing: /home/kush/UR5_Project_New/install/moveit_hybrid_planning/share/ament_index/resource_index/parent_prefix_path/moveit_hybrid_planning
[477.672s] -- Installing: /home/kush/UR5_Project_New/install/moveit_hybrid_planning/share/moveit_hybrid_planning/environment/ament_prefix_path.sh
[477.710s] -- Installing: /home/kush/UR5_Project_New/install/moveit_hybrid_planning/share/moveit_hybrid_planning/environment/ament_prefix_path.dsv
[477.727s] -- Installing: /home/kush/UR5_Project_New/install/moveit_hybrid_planning/share/moveit_hybrid_planning/environment/path.sh
[477.743s] -- Installing: /home/kush/UR5_Project_New/install/moveit_hybrid_planning/share/moveit_hybrid_planning/environment/path.dsv
[477.745s] -- Installing: /home/kush/UR5_Project_New/install/moveit_hybrid_planning/share/moveit_hybrid_planning/local_setup.bash
[477.748s] -- Installing: /home/kush/UR5_Project_New/install/moveit_hybrid_planning/share/moveit_hybrid_planning/local_setup.sh
[477.749s] -- Installing: /home/kush/UR5_Project_New/install/moveit_hybrid_planning/share/moveit_hybrid_planning/local_setup.zsh
[477.751s] -- Installing: /home/kush/UR5_Project_New/install/moveit_hybrid_planning/share/moveit_hybrid_planning/local_setup.dsv
[477.753s] -- Installing: /home/kush/UR5_Project_New/install/moveit_hybrid_planning/share/moveit_hybrid_planning/package.dsv
[477.755s] -- Installing: /home/kush/UR5_Project_New/install/moveit_hybrid_planning/share/ament_index/resource_index/packages/moveit_hybrid_planning
[477.756s] -- Installing: /home/kush/UR5_Project_New/install/moveit_hybrid_planning/share/ament_index/resource_index/moveit_hybrid_planning__pluginlib__plugin/moveit_hybrid_planning
[477.760s] -- Installing: /home/kush/UR5_Project_New/install/moveit_hybrid_planning/share/ament_index/resource_index/rclcpp_components/moveit_hybrid_planning
[477.762s] -- Installing: /home/kush/UR5_Project_New/install/moveit_hybrid_planning/share/moveit_hybrid_planning/cmake/export_moveit_hybrid_planningExport.cmake
[477.780s] -- Installing: /home/kush/UR5_Project_New/install/moveit_hybrid_planning/share/moveit_hybrid_planning/cmake/export_moveit_hybrid_planningExport-release.cmake
[477.782s] -- Installing: /home/kush/UR5_Project_New/install/moveit_hybrid_planning/share/moveit_hybrid_planning/cmake/ament_cmake_export_include_directories-extras.cmake
[477.784s] -- Installing: /home/kush/UR5_Project_New/install/moveit_hybrid_planning/share/moveit_hybrid_planning/cmake/ament_cmake_export_libraries-extras.cmake
[477.786s] -- Installing: /home/kush/UR5_Project_New/install/moveit_hybrid_planning/share/moveit_hybrid_planning/cmake/ament_cmake_export_dependencies-extras.cmake
[477.788s] -- Installing: /home/kush/UR5_Project_New/install/moveit_hybrid_planning/share/moveit_hybrid_planning/cmake/ament_cmake_export_targets-extras.cmake
[477.790s] -- Installing: /home/kush/UR5_Project_New/install/moveit_hybrid_planning/share/moveit_hybrid_planning/cmake/moveit_hybrid_planningConfig.cmake
[477.792s] -- Installing: /home/kush/UR5_Project_New/install/moveit_hybrid_planning/share/moveit_hybrid_planning/cmake/moveit_hybrid_planningConfig-version.cmake
[477.793s] -- Installing: /home/kush/UR5_Project_New/install/moveit_hybrid_planning/share/moveit_hybrid_planning/package.xml
[477.805s] Invoked command in '/home/kush/UR5_Project_New/build/moveit_hybrid_planning' returned '0': AMENT_PREFIX_PATH=/home/kush/UR5_Project_New/install/moveit_ros_planning_interface:/home/kush/UR5_Project_New/install/moveit_ros_move_group:/home/kush/UR5_Project_New/install/moveit_ros_warehouse:/home/kush/UR5_Project_New/install/moveit_planners_ompl:/home/kush/UR5_Project_New/install/moveit_kinematics:/home/kush/UR5_Project_New/install/moveit_ros_planning:/home/kush/UR5_Project_New/install/moveit_ros_occupancy_map_monitor:/home/kush/UR5_Project_New/install/moveit_core:/home/kush/UR5_Project_New/install/moveit_resources_panda_moveit_config:/home/kush/UR5_Project_New/install/srdfdom:/home/kush/UR5_Project_New/install/moveit_resources_panda_description:/home/kush/UR5_Project_New/install/moveit_common:${AMENT_PREFIX_PATH} CMAKE_PREFIX_PATH=/home/kush/UR5_Project_New/install/moveit_ros_planning_interface:/home/kush/UR5_Project_New/install/moveit_ros_move_group:/home/kush/UR5_Project_New/install/moveit_ros_warehouse:/home/kush/UR5_Project_New/install/moveit_planners_ompl:/home/kush/UR5_Project_New/install/moveit_kinematics:/home/kush/UR5_Project_New/install/moveit_ros_planning:/home/kush/UR5_Project_New/install/moveit_ros_occupancy_map_monitor:/home/kush/UR5_Project_New/install/moveit_core:/home/kush/UR5_Project_New/install/moveit_resources_panda_moveit_config:/home/kush/UR5_Project_New/install/srdfdom:/home/kush/UR5_Project_New/install/moveit_resources_panda_description:/home/kush/UR5_Project_New/install/moveit_common:/opt/ros/humble LD_LIBRARY_PATH=/home/kush/UR5_Project_New/install/moveit_ros_planning_interface/lib:/home/kush/UR5_Project_New/install/moveit_ros_move_group/lib:/home/kush/UR5_Project_New/install/moveit_ros_warehouse/lib:/home/kush/UR5_Project_New/install/moveit_planners_ompl/lib:/home/kush/UR5_Project_New/install/moveit_kinematics/lib:/home/kush/UR5_Project_New/install/moveit_ros_planning/lib:/home/kush/UR5_Project_New/install/moveit_ros_occupancy_map_monitor/lib:/home/kush/UR5_Project_New/install/moveit_core/lib:/home/kush/UR5_Project_New/install/srdfdom/lib:${LD_LIBRARY_PATH} PATH=/home/kush/UR5_Project_New/install/moveit_core/bin:${PATH} PYTHONPATH=/home/kush/UR5_Project_New/install/srdfdom/local/lib/python3.10/dist-packages:${PYTHONPATH} /usr/bin/cmake --install /home/kush/UR5_Project_New/build/moveit_hybrid_planning
