[8.716s] Invoking command in '/home/kush/UR5_Project_New/src/launch_param_builder': PYTHONPATH=/home/kush/UR5_Project_New/build/launch_param_builder/prefix_override:/home/kush/UR5_Project_New/install/launch_param_builder/lib/python3.10/site-packages:${PYTHONPATH} /usr/bin/python3 setup.py egg_info --egg-base ../../build/launch_param_builder build --build-base /home/kush/UR5_Project_New/build/launch_param_builder/build install --record /home/kush/UR5_Project_New/build/launch_param_builder/install.log --single-version-externally-managed
[9.259s] running egg_info
[9.264s] writing ../../build/launch_param_builder/launch_param_builder.egg-info/PKG-INFO
[9.264s] writing dependency_links to ../../build/launch_param_builder/launch_param_builder.egg-info/dependency_links.txt
[9.264s] writing entry points to ../../build/launch_param_builder/launch_param_builder.egg-info/entry_points.txt
[9.265s] writing requirements to ../../build/launch_param_builder/launch_param_builder.egg-info/requires.txt
[9.265s] writing top-level names to ../../build/launch_param_builder/launch_param_builder.egg-info/top_level.txt
[9.268s] reading manifest file '../../build/launch_param_builder/launch_param_builder.egg-info/SOURCES.txt'
[9.290s] adding license file 'LICENSE'
[9.290s] writing manifest file '../../build/launch_param_builder/launch_param_builder.egg-info/SOURCES.txt'
[9.290s] running build
[9.291s] running build_py
[9.291s] running install
[9.320s] running install_lib
[9.320s] /usr/lib/python3/dist-packages/setuptools/command/install.py:34: SetuptoolsDeprecationWarning: setup.py install is deprecated. Use build and pip and other standards-based tools.
[9.320s]   warnings.warn(
[9.321s] running install_data
[9.321s] running install_egg_info
[9.338s] removing '/home/kush/UR5_Project_New/install/launch_param_builder/lib/python3.10/site-packages/launch_param_builder-0.1.1-py3.10.egg-info' (and everything under it)
[9.339s] Copying ../../build/launch_param_builder/launch_param_builder.egg-info to /home/kush/UR5_Project_New/install/launch_param_builder/lib/python3.10/site-packages/launch_param_builder-0.1.1-py3.10.egg-info
[9.358s] running install_scripts
[9.425s] writing list of installed files to '/home/kush/UR5_Project_New/build/launch_param_builder/install.log'
[9.482s] Invoked command in '/home/kush/UR5_Project_New/src/launch_param_builder' returned '0': PYTHONPATH=/home/kush/UR5_Project_New/build/launch_param_builder/prefix_override:/home/kush/UR5_Project_New/install/launch_param_builder/lib/python3.10/site-packages:${PYTHONPATH} /usr/bin/python3 setup.py egg_info --egg-base ../../build/launch_param_builder build --build-base /home/kush/UR5_Project_New/build/launch_param_builder/build install --record /home/kush/UR5_Project_New/build/launch_param_builder/install.log --single-version-externally-managed
