[0.133s] Invoking command in '/home/kush/UR5_Project_New/build/moveit_servo': AMENT_PREFIX_PATH=/home/kush/UR5_Project_New/install/moveit_ros_planning_interface:/home/kush/UR5_Project_New/install/moveit_ros_move_group:/home/kush/UR5_Project_New/install/moveit_ros_warehouse:/home/kush/UR5_Project_New/install/moveit_kinematics:/home/kush/UR5_Project_New/install/moveit_ros_planning:/home/kush/UR5_Project_New/install/moveit_ros_occupancy_map_monitor:/home/kush/UR5_Project_New/install/moveit_core:/home/kush/UR5_Project_New/install/moveit_resources_panda_moveit_config:/home/kush/UR5_Project_New/install/moveit_configs_utils:/home/kush/UR5_Project_New/install/srdfdom:/home/kush/UR5_Project_New/install/moveit_resources_panda_description:/home/kush/UR5_Project_New/install/moveit_common:/home/kush/UR5_Project_New/install/launch_param_builder:${AMENT_PREFIX_PATH} CMAKE_PREFIX_PATH=/home/kush/UR5_Project_New/install/moveit_ros_planning_interface:/home/kush/UR5_Project_New/install/moveit_ros_move_group:/home/kush/UR5_Project_New/install/moveit_ros_warehouse:/home/kush/UR5_Project_New/install/moveit_kinematics:/home/kush/UR5_Project_New/install/moveit_ros_planning:/home/kush/UR5_Project_New/install/moveit_ros_occupancy_map_monitor:/home/kush/UR5_Project_New/install/moveit_core:/home/kush/UR5_Project_New/install/moveit_resources_panda_moveit_config:/home/kush/UR5_Project_New/install/srdfdom:/home/kush/UR5_Project_New/install/moveit_resources_panda_description:/home/kush/UR5_Project_New/install/moveit_common:/opt/ros/humble LD_LIBRARY_PATH=/home/kush/UR5_Project_New/install/moveit_ros_planning_interface/lib:/home/kush/UR5_Project_New/install/moveit_ros_move_group/lib:/home/kush/UR5_Project_New/install/moveit_ros_warehouse/lib:/home/kush/UR5_Project_New/install/moveit_kinematics/lib:/home/kush/UR5_Project_New/install/moveit_ros_planning/lib:/home/kush/UR5_Project_New/install/moveit_ros_occupancy_map_monitor/lib:/home/kush/UR5_Project_New/install/moveit_core/lib:/home/kush/UR5_Project_New/install/srdfdom/lib:${LD_LIBRARY_PATH} PATH=/home/kush/UR5_Project_New/install/moveit_core/bin:${PATH} PYTHONPATH=/home/kush/UR5_Project_New/install/moveit_configs_utils/lib/python3.10/site-packages:/home/kush/UR5_Project_New/install/srdfdom/local/lib/python3.10/dist-packages:/home/kush/UR5_Project_New/install/launch_param_builder/lib/python3.10/site-packages:${PYTHONPATH} /usr/bin/cmake --build /home/kush/UR5_Project_New/build/moveit_servo -- -j4 -l4
[0.749s] [  3%] [32mBuilding CXX object CMakeFiles/moveit_servo_lib_parameters.dir/src/servo_parameters.cpp.o[0m
[53.455s] [  6%] [32mBuilding CXX object CMakeFiles/moveit_servo_lib_parameters.dir/src/parameter_descriptor_builder.cpp.o[0m
[55.783s] [  9%] [32m[1mLinking CXX shared library libmoveit_servo_lib_parameters.so[0m
[57.265s] [  9%] Built target moveit_servo_lib_parameters
[57.476s] [ 15%] Built target gtest_main
[57.648s] [ 18%] [32mBuilding CXX object gtest/CMakeFiles/gtest.dir/src/gtest-all.cc.o[0m
[81.872s] [ 21%] [32m[1mLinking CXX static library libgtest.a[0m
[82.328s] [ 21%] Built target gtest
[82.434s] [ 24%] [32mBuilding CXX object CMakeFiles/moveit_servo_lib.dir/src/collision_check.cpp.o[0m
[120.517s] [ 27%] [32mBuilding CXX object CMakeFiles/moveit_servo_lib.dir/src/enforce_limits.cpp.o[0m
[135.076s] [ 30%] [32mBuilding CXX object CMakeFiles/moveit_servo_lib.dir/src/servo.cpp.o[0m
[175.551s] [ 33%] [32mBuilding CXX object CMakeFiles/moveit_servo_lib.dir/src/servo_calcs.cpp.o[0m
[342.107s] [ 36%] [32mBuilding CXX object CMakeFiles/moveit_servo_lib.dir/src/utilities.cpp.o[0m
[388.811s] [ 39%] [32m[1mLinking CXX shared library libmoveit_servo_lib.so[0m
[390.883s] [ 39%] Built target moveit_servo_lib
[391.079s] [ 42%] [32mBuilding CXX object CMakeFiles/test_servo_integration.dir/test/test_servo_interface.cpp.o[0m
[495.836s] [ 45%] [32m[1mLinking CXX executable test_servo_integration[0m
[498.016s] [ 45%] Built target test_servo_integration
[498.141s] [ 48%] [32mBuilding CXX object CMakeFiles/test_servo_collision.dir/test/test_servo_collision.cpp.o[0m
[578.952s] [ 51%] [32m[1mLinking CXX executable test_servo_collision[0m
[580.078s] [ 51%] Built target test_servo_collision
[580.160s] [ 54%] [32mBuilding CXX object CMakeFiles/servo_calcs_unit_tests.dir/test/servo_calcs_unit_tests.cpp.o[0m
[642.014s] [ 57%] [32m[1mLinking CXX executable servo_calcs_unit_tests[0m
[643.424s] [ 57%] Built target servo_calcs_unit_tests
[643.523s] [ 60%] [32mBuilding CXX object CMakeFiles/pose_tracking.dir/src/pose_tracking.cpp.o[0m
[698.403s] [ 63%] [32m[1mLinking CXX shared library libpose_tracking.so[0m
[699.411s] [ 63%] Built target pose_tracking
[699.507s] [ 66%] [32mBuilding CXX object CMakeFiles/servo_node.dir/src/servo_node.cpp.o[0m
[733.319s] [ 69%] [32m[1mLinking CXX shared library libservo_node.so[0m
[734.336s] [ 69%] Built target servo_node
[734.423s] [ 72%] [32mBuilding CXX object CMakeFiles/servo_pose_tracking_demo.dir/src/cpp_interface_demo/pose_tracking_demo.cpp.o[0m
[786.346s] [ 75%] [32m[1mLinking CXX executable servo_pose_tracking_demo[0m
[787.833s] [ 75%] Built target servo_pose_tracking_demo
[787.924s] [ 78%] [32mBuilding CXX object CMakeFiles/test_servo_pose_tracking.dir/test/pose_tracking_test.cpp.o[0m
[843.984s] [ 81%] [32m[1mLinking CXX executable test_servo_pose_tracking[0m
[845.562s] [ 81%] Built target test_servo_pose_tracking
[845.688s] [ 84%] [32mBuilding CXX object CMakeFiles/servo_node_main.dir/src/servo_node_main.cpp.o[0m
[872.215s] [ 87%] [32m[1mLinking CXX executable servo_node_main[0m
[874.194s] [ 87%] Built target servo_node_main
[874.366s] [ 93%] Built target fake_command_publisher
[875.131s] [ 96%] [32mBuilding CXX object CMakeFiles/servo_controller_input.dir/src/teleop_demo/joystick_servo_example.cpp.o[0m
[911.352s] [100%] [32m[1mLinking CXX shared library libservo_controller_input.so[0m
[912.374s] [100%] Built target servo_controller_input
[913.066s] Invoked command in '/home/kush/UR5_Project_New/build/moveit_servo' returned '0': AMENT_PREFIX_PATH=/home/kush/UR5_Project_New/install/moveit_ros_planning_interface:/home/kush/UR5_Project_New/install/moveit_ros_move_group:/home/kush/UR5_Project_New/install/moveit_ros_warehouse:/home/kush/UR5_Project_New/install/moveit_kinematics:/home/kush/UR5_Project_New/install/moveit_ros_planning:/home/kush/UR5_Project_New/install/moveit_ros_occupancy_map_monitor:/home/kush/UR5_Project_New/install/moveit_core:/home/kush/UR5_Project_New/install/moveit_resources_panda_moveit_config:/home/kush/UR5_Project_New/install/moveit_configs_utils:/home/kush/UR5_Project_New/install/srdfdom:/home/kush/UR5_Project_New/install/moveit_resources_panda_description:/home/kush/UR5_Project_New/install/moveit_common:/home/kush/UR5_Project_New/install/launch_param_builder:${AMENT_PREFIX_PATH} CMAKE_PREFIX_PATH=/home/kush/UR5_Project_New/install/moveit_ros_planning_interface:/home/kush/UR5_Project_New/install/moveit_ros_move_group:/home/kush/UR5_Project_New/install/moveit_ros_warehouse:/home/kush/UR5_Project_New/install/moveit_kinematics:/home/kush/UR5_Project_New/install/moveit_ros_planning:/home/kush/UR5_Project_New/install/moveit_ros_occupancy_map_monitor:/home/kush/UR5_Project_New/install/moveit_core:/home/kush/UR5_Project_New/install/moveit_resources_panda_moveit_config:/home/kush/UR5_Project_New/install/srdfdom:/home/kush/UR5_Project_New/install/moveit_resources_panda_description:/home/kush/UR5_Project_New/install/moveit_common:/opt/ros/humble LD_LIBRARY_PATH=/home/kush/UR5_Project_New/install/moveit_ros_planning_interface/lib:/home/kush/UR5_Project_New/install/moveit_ros_move_group/lib:/home/kush/UR5_Project_New/install/moveit_ros_warehouse/lib:/home/kush/UR5_Project_New/install/moveit_kinematics/lib:/home/kush/UR5_Project_New/install/moveit_ros_planning/lib:/home/kush/UR5_Project_New/install/moveit_ros_occupancy_map_monitor/lib:/home/kush/UR5_Project_New/install/moveit_core/lib:/home/kush/UR5_Project_New/install/srdfdom/lib:${LD_LIBRARY_PATH} PATH=/home/kush/UR5_Project_New/install/moveit_core/bin:${PATH} PYTHONPATH=/home/kush/UR5_Project_New/install/moveit_configs_utils/lib/python3.10/site-packages:/home/kush/UR5_Project_New/install/srdfdom/local/lib/python3.10/dist-packages:/home/kush/UR5_Project_New/install/launch_param_builder/lib/python3.10/site-packages:${PYTHONPATH} /usr/bin/cmake --build /home/kush/UR5_Project_New/build/moveit_servo -- -j4 -l4
[913.220s] Invoking command in '/home/kush/UR5_Project_New/build/moveit_servo': AMENT_PREFIX_PATH=/home/kush/UR5_Project_New/install/moveit_ros_planning_interface:/home/kush/UR5_Project_New/install/moveit_ros_move_group:/home/kush/UR5_Project_New/install/moveit_ros_warehouse:/home/kush/UR5_Project_New/install/moveit_kinematics:/home/kush/UR5_Project_New/install/moveit_ros_planning:/home/kush/UR5_Project_New/install/moveit_ros_occupancy_map_monitor:/home/kush/UR5_Project_New/install/moveit_core:/home/kush/UR5_Project_New/install/moveit_resources_panda_moveit_config:/home/kush/UR5_Project_New/install/moveit_configs_utils:/home/kush/UR5_Project_New/install/srdfdom:/home/kush/UR5_Project_New/install/moveit_resources_panda_description:/home/kush/UR5_Project_New/install/moveit_common:/home/kush/UR5_Project_New/install/launch_param_builder:${AMENT_PREFIX_PATH} CMAKE_PREFIX_PATH=/home/kush/UR5_Project_New/install/moveit_ros_planning_interface:/home/kush/UR5_Project_New/install/moveit_ros_move_group:/home/kush/UR5_Project_New/install/moveit_ros_warehouse:/home/kush/UR5_Project_New/install/moveit_kinematics:/home/kush/UR5_Project_New/install/moveit_ros_planning:/home/kush/UR5_Project_New/install/moveit_ros_occupancy_map_monitor:/home/kush/UR5_Project_New/install/moveit_core:/home/kush/UR5_Project_New/install/moveit_resources_panda_moveit_config:/home/kush/UR5_Project_New/install/srdfdom:/home/kush/UR5_Project_New/install/moveit_resources_panda_description:/home/kush/UR5_Project_New/install/moveit_common:/opt/ros/humble LD_LIBRARY_PATH=/home/kush/UR5_Project_New/install/moveit_ros_planning_interface/lib:/home/kush/UR5_Project_New/install/moveit_ros_move_group/lib:/home/kush/UR5_Project_New/install/moveit_ros_warehouse/lib:/home/kush/UR5_Project_New/install/moveit_kinematics/lib:/home/kush/UR5_Project_New/install/moveit_ros_planning/lib:/home/kush/UR5_Project_New/install/moveit_ros_occupancy_map_monitor/lib:/home/kush/UR5_Project_New/install/moveit_core/lib:/home/kush/UR5_Project_New/install/srdfdom/lib:${LD_LIBRARY_PATH} PATH=/home/kush/UR5_Project_New/install/moveit_core/bin:${PATH} PYTHONPATH=/home/kush/UR5_Project_New/install/moveit_configs_utils/lib/python3.10/site-packages:/home/kush/UR5_Project_New/install/srdfdom/local/lib/python3.10/dist-packages:/home/kush/UR5_Project_New/install/launch_param_builder/lib/python3.10/site-packages:${PYTHONPATH} /usr/bin/cmake --install /home/kush/UR5_Project_New/build/moveit_servo
[914.249s] -- Install configuration: "Release"
[914.250s] -- Installing: /home/kush/UR5_Project_New/install/moveit_servo/lib/libmoveit_servo_lib.so.2.5.4
[914.257s] -- Set runtime path of "/home/kush/UR5_Project_New/install/moveit_servo/lib/libmoveit_servo_lib.so.2.5.4" to ""
[914.257s] -- Installing: /home/kush/UR5_Project_New/install/moveit_servo/lib/libmoveit_servo_lib.so
[914.257s] -- Installing: /home/kush/UR5_Project_New/install/moveit_servo/lib/libmoveit_servo_lib_parameters.so.2.5.4
[914.341s] -- Set runtime path of "/home/kush/UR5_Project_New/install/moveit_servo/lib/libmoveit_servo_lib_parameters.so.2.5.4" to ""
[914.342s] -- Installing: /home/kush/UR5_Project_New/install/moveit_servo/lib/libmoveit_servo_lib_parameters.so
[914.342s] -- Installing: /home/kush/UR5_Project_New/install/moveit_servo/lib/libpose_tracking.so
[914.345s] -- Set runtime path of "/home/kush/UR5_Project_New/install/moveit_servo/lib/libpose_tracking.so" to ""
[914.346s] -- Installing: /home/kush/UR5_Project_New/install/moveit_servo/lib/libservo_node.so
[914.347s] -- Set runtime path of "/home/kush/UR5_Project_New/install/moveit_servo/lib/libservo_node.so" to ""
[914.348s] -- Installing: /home/kush/UR5_Project_New/install/moveit_servo/lib/libservo_controller_input.so
[914.351s] -- Set runtime path of "/home/kush/UR5_Project_New/install/moveit_servo/lib/libservo_controller_input.so" to ""
[914.351s] -- Installing: /home/kush/UR5_Project_New/install/moveit_servo/lib/moveit_servo/servo_node_main
[914.353s] -- Set runtime path of "/home/kush/UR5_Project_New/install/moveit_servo/lib/moveit_servo/servo_node_main" to ""
[914.353s] -- Installing: /home/kush/UR5_Project_New/install/moveit_servo/lib/moveit_servo/servo_pose_tracking_demo
[914.355s] -- Set runtime path of "/home/kush/UR5_Project_New/install/moveit_servo/lib/moveit_servo/servo_pose_tracking_demo" to ""
[914.356s] -- Installing: /home/kush/UR5_Project_New/install/moveit_servo/lib/moveit_servo/fake_command_publisher
[915.485s] -- Set runtime path of "/home/kush/UR5_Project_New/install/moveit_servo/lib/moveit_servo/fake_command_publisher" to ""
[915.486s] -- Installing: /home/kush/UR5_Project_New/install/moveit_servo/include
[915.488s] -- Installing: /home/kush/UR5_Project_New/install/moveit_servo/include/moveit_servo
[915.489s] -- Installing: /home/kush/UR5_Project_New/install/moveit_servo/include/moveit_servo/servo_parameters.h
[915.489s] -- Installing: /home/kush/UR5_Project_New/install/moveit_servo/include/moveit_servo/status_codes.h
[915.490s] -- Installing: /home/kush/UR5_Project_New/install/moveit_servo/include/moveit_servo/collision_check.h
[915.490s] -- Installing: /home/kush/UR5_Project_New/install/moveit_servo/include/moveit_servo/servo_calcs.h
[915.491s] -- Installing: /home/kush/UR5_Project_New/install/moveit_servo/include/moveit_servo/make_shared_from_pool.h
[915.491s] -- Installing: /home/kush/UR5_Project_New/install/moveit_servo/include/moveit_servo/pose_tracking.h
[915.492s] -- Installing: /home/kush/UR5_Project_New/install/moveit_servo/include/moveit_servo/parameter_descriptor_builder.hpp
[915.493s] -- Installing: /home/kush/UR5_Project_New/install/moveit_servo/include/moveit_servo/utilities.h
[915.493s] -- Installing: /home/kush/UR5_Project_New/install/moveit_servo/include/moveit_servo/servo.h
[915.494s] -- Installing: /home/kush/UR5_Project_New/install/moveit_servo/include/moveit_servo/servo_node.h
[915.494s] -- Installing: /home/kush/UR5_Project_New/install/moveit_servo/include/moveit_servo/enforce_limits.hpp
[915.495s] -- Installing: /home/kush/UR5_Project_New/install/moveit_servo/include/moveit_servo/servo_server.h
[915.509s] -- Installing: /home/kush/UR5_Project_New/install/moveit_servo/share/moveit_servo/launch
[915.510s] -- Installing: /home/kush/UR5_Project_New/install/moveit_servo/share/moveit_servo/launch/servo_example.launch.py
[915.512s] -- Installing: /home/kush/UR5_Project_New/install/moveit_servo/share/moveit_servo/launch/pose_tracking_example.launch.py
[915.513s] -- Installing: /home/kush/UR5_Project_New/install/moveit_servo/share/moveit_servo/config
[915.514s] -- Installing: /home/kush/UR5_Project_New/install/moveit_servo/share/moveit_servo/config/panda_simulated_config_pose_tracking.yaml
[915.519s] -- Installing: /home/kush/UR5_Project_New/install/moveit_servo/share/moveit_servo/config/demo_rviz_config.rviz
[915.529s] -- Installing: /home/kush/UR5_Project_New/install/moveit_servo/share/moveit_servo/config/demo_rviz_pose_tracking.rviz
[915.531s] -- Installing: /home/kush/UR5_Project_New/install/moveit_servo/share/moveit_servo/config/panda_simulated_config.yaml
[915.534s] -- Installing: /home/kush/UR5_Project_New/install/moveit_servo/share/moveit_servo/config/pose_tracking_settings.yaml
[915.536s] -- Installing: /home/kush/UR5_Project_New/install/moveit_servo/share/moveit_servo/environment/library_path.sh
[915.539s] -- Installing: /home/kush/UR5_Project_New/install/moveit_servo/share/moveit_servo/environment/library_path.dsv
[915.585s] -- Installing: /home/kush/UR5_Project_New/install/moveit_servo/share/ament_index/resource_index/package_run_dependencies/moveit_servo
[915.592s] -- Installing: /home/kush/UR5_Project_New/install/moveit_servo/share/ament_index/resource_index/parent_prefix_path/moveit_servo
[915.594s] -- Installing: /home/kush/UR5_Project_New/install/moveit_servo/share/moveit_servo/environment/ament_prefix_path.sh
[915.595s] -- Installing: /home/kush/UR5_Project_New/install/moveit_servo/share/moveit_servo/environment/ament_prefix_path.dsv
[915.601s] -- Installing: /home/kush/UR5_Project_New/install/moveit_servo/share/moveit_servo/environment/path.sh
[915.602s] -- Installing: /home/kush/UR5_Project_New/install/moveit_servo/share/moveit_servo/environment/path.dsv
[915.635s] -- Installing: /home/kush/UR5_Project_New/install/moveit_servo/share/moveit_servo/local_setup.bash
[915.663s] -- Installing: /home/kush/UR5_Project_New/install/moveit_servo/share/moveit_servo/local_setup.sh
[915.683s] -- Installing: /home/kush/UR5_Project_New/install/moveit_servo/share/moveit_servo/local_setup.zsh
[915.712s] -- Installing: /home/kush/UR5_Project_New/install/moveit_servo/share/moveit_servo/local_setup.dsv
[915.799s] -- Installing: /home/kush/UR5_Project_New/install/moveit_servo/share/moveit_servo/package.dsv
[915.834s] -- Installing: /home/kush/UR5_Project_New/install/moveit_servo/share/ament_index/resource_index/packages/moveit_servo
[915.834s] -- Installing: /home/kush/UR5_Project_New/install/moveit_servo/share/ament_index/resource_index/rclcpp_components/moveit_servo
[915.856s] -- Installing: /home/kush/UR5_Project_New/install/moveit_servo/share/moveit_servo/cmake/export_moveit_servoExport.cmake
[916.668s] -- Installing: /home/kush/UR5_Project_New/install/moveit_servo/share/moveit_servo/cmake/export_moveit_servoExport-release.cmake
[916.934s] -- Installing: /home/kush/UR5_Project_New/install/moveit_servo/share/moveit_servo/cmake/ament_cmake_export_targets-extras.cmake
[916.948s] -- Installing: /home/kush/UR5_Project_New/install/moveit_servo/share/moveit_servo/cmake/ament_cmake_export_dependencies-extras.cmake
[916.950s] -- Installing: /home/kush/UR5_Project_New/install/moveit_servo/share/moveit_servo/cmake/moveit_servoConfig.cmake
[916.951s] -- Installing: /home/kush/UR5_Project_New/install/moveit_servo/share/moveit_servo/cmake/moveit_servoConfig-version.cmake
[916.952s] -- Installing: /home/kush/UR5_Project_New/install/moveit_servo/share/moveit_servo/package.xml
[916.972s] Invoked command in '/home/kush/UR5_Project_New/build/moveit_servo' returned '0': AMENT_PREFIX_PATH=/home/kush/UR5_Project_New/install/moveit_ros_planning_interface:/home/kush/UR5_Project_New/install/moveit_ros_move_group:/home/kush/UR5_Project_New/install/moveit_ros_warehouse:/home/kush/UR5_Project_New/install/moveit_kinematics:/home/kush/UR5_Project_New/install/moveit_ros_planning:/home/kush/UR5_Project_New/install/moveit_ros_occupancy_map_monitor:/home/kush/UR5_Project_New/install/moveit_core:/home/kush/UR5_Project_New/install/moveit_resources_panda_moveit_config:/home/kush/UR5_Project_New/install/moveit_configs_utils:/home/kush/UR5_Project_New/install/srdfdom:/home/kush/UR5_Project_New/install/moveit_resources_panda_description:/home/kush/UR5_Project_New/install/moveit_common:/home/kush/UR5_Project_New/install/launch_param_builder:${AMENT_PREFIX_PATH} CMAKE_PREFIX_PATH=/home/kush/UR5_Project_New/install/moveit_ros_planning_interface:/home/kush/UR5_Project_New/install/moveit_ros_move_group:/home/kush/UR5_Project_New/install/moveit_ros_warehouse:/home/kush/UR5_Project_New/install/moveit_kinematics:/home/kush/UR5_Project_New/install/moveit_ros_planning:/home/kush/UR5_Project_New/install/moveit_ros_occupancy_map_monitor:/home/kush/UR5_Project_New/install/moveit_core:/home/kush/UR5_Project_New/install/moveit_resources_panda_moveit_config:/home/kush/UR5_Project_New/install/srdfdom:/home/kush/UR5_Project_New/install/moveit_resources_panda_description:/home/kush/UR5_Project_New/install/moveit_common:/opt/ros/humble LD_LIBRARY_PATH=/home/kush/UR5_Project_New/install/moveit_ros_planning_interface/lib:/home/kush/UR5_Project_New/install/moveit_ros_move_group/lib:/home/kush/UR5_Project_New/install/moveit_ros_warehouse/lib:/home/kush/UR5_Project_New/install/moveit_kinematics/lib:/home/kush/UR5_Project_New/install/moveit_ros_planning/lib:/home/kush/UR5_Project_New/install/moveit_ros_occupancy_map_monitor/lib:/home/kush/UR5_Project_New/install/moveit_core/lib:/home/kush/UR5_Project_New/install/srdfdom/lib:${LD_LIBRARY_PATH} PATH=/home/kush/UR5_Project_New/install/moveit_core/bin:${PATH} PYTHONPATH=/home/kush/UR5_Project_New/install/moveit_configs_utils/lib/python3.10/site-packages:/home/kush/UR5_Project_New/install/srdfdom/local/lib/python3.10/dist-packages:/home/kush/UR5_Project_New/install/launch_param_builder/lib/python3.10/site-packages:${PYTHONPATH} /usr/bin/cmake --install /home/kush/UR5_Project_New/build/moveit_servo
