[0.187s] Invoking command in '/home/kush/UR5_Project_New/build/moveit_planners_ompl': AMENT_PREFIX_PATH=/home/kush/UR5_Project_New/install/moveit_ros_planning:/home/kush/UR5_Project_New/install/moveit_ros_occupancy_map_monitor:/home/kush/UR5_Project_New/install/moveit_core:/home/kush/UR5_Project_New/install/moveit_resources_panda_moveit_config:/home/kush/UR5_Project_New/install/moveit_resources_fanuc_moveit_config:/home/kush/UR5_Project_New/install/srdfdom:/home/kush/UR5_Project_New/install/moveit_resources_pr2_description:/home/kush/UR5_Project_New/install/moveit_resources_panda_description:/home/kush/UR5_Project_New/install/moveit_resources_fanuc_description:/home/kush/UR5_Project_New/install/moveit_common:${AMENT_PREFIX_PATH} CMAKE_PREFIX_PATH=/home/kush/UR5_Project_New/install/moveit_ros_planning:/home/kush/UR5_Project_New/install/moveit_ros_occupancy_map_monitor:/home/kush/UR5_Project_New/install/moveit_core:/home/kush/UR5_Project_New/install/moveit_resources_panda_moveit_config:/home/kush/UR5_Project_New/install/moveit_resources_fanuc_moveit_config:/home/kush/UR5_Project_New/install/srdfdom:/home/kush/UR5_Project_New/install/moveit_resources_pr2_description:/home/kush/UR5_Project_New/install/moveit_resources_panda_description:/home/kush/UR5_Project_New/install/moveit_resources_fanuc_description:/home/kush/UR5_Project_New/install/moveit_common:/opt/ros/humble LD_LIBRARY_PATH=/home/kush/UR5_Project_New/install/moveit_ros_planning/lib:/home/kush/UR5_Project_New/install/moveit_ros_occupancy_map_monitor/lib:/home/kush/UR5_Project_New/install/moveit_core/lib:/home/kush/UR5_Project_New/install/srdfdom/lib:${LD_LIBRARY_PATH} PATH=/home/kush/UR5_Project_New/install/moveit_core/bin:${PATH} PYTHONPATH=/home/kush/UR5_Project_New/install/srdfdom/local/lib/python3.10/dist-packages:${PYTHONPATH} /usr/bin/cmake --build /home/kush/UR5_Project_New/build/moveit_planners_ompl -- -j4 -l4
[0.517s] [35m[1mConsolidate compiler generated dependencies of target gtest_main[0m
[0.552s] [  4%] Built target gtest_main
[0.652s] [35m[1mConsolidate compiler generated dependencies of target gtest[0m
[0.685s] [  9%] Built target gtest
[1.258s] [35m[1mConsolidate compiler generated dependencies of target moveit_ompl_interface[0m
[2.283s] [ 60%] Built target moveit_ompl_interface
[2.466s] [35m[1mConsolidate compiler generated dependencies of target moveit_generate_state_database[0m
[2.484s] [35m[1mConsolidate compiler generated dependencies of target test_state_space[0m
[2.485s] [35m[1mConsolidate compiler generated dependencies of target moveit_ompl_planner_plugin[0m
[2.525s] [35m[1mConsolidate compiler generated dependencies of target test_state_validity_checker[0m
[2.605s] [ 65%] Built target moveit_ompl_planner_plugin
[2.623s] [ 70%] Built target test_state_space
[2.650s] [ 75%] Built target moveit_generate_state_database
[2.672s] [ 80%] Built target test_state_validity_checker
[2.758s] [35m[1mConsolidate compiler generated dependencies of target test_planning_context_manager[0m
[2.779s] [35m[1mConsolidate compiler generated dependencies of target test_constrained_state_validity_checker[0m
[2.779s] [35m[1mConsolidate compiler generated dependencies of target test_constrained_planning_state_space[0m
[2.849s] [35m[1mConsolidate compiler generated dependencies of target test_threadsafe_state_storage[0m
[2.896s] [ 85%] Built target test_planning_context_manager
[2.936s] [ 90%] Built target test_constrained_planning_state_space
[2.962s] [ 95%] Built target test_threadsafe_state_storage
[2.981s] [100%] Built target test_constrained_state_validity_checker
[3.030s] Invoked command in '/home/kush/UR5_Project_New/build/moveit_planners_ompl' returned '0': AMENT_PREFIX_PATH=/home/kush/UR5_Project_New/install/moveit_ros_planning:/home/kush/UR5_Project_New/install/moveit_ros_occupancy_map_monitor:/home/kush/UR5_Project_New/install/moveit_core:/home/kush/UR5_Project_New/install/moveit_resources_panda_moveit_config:/home/kush/UR5_Project_New/install/moveit_resources_fanuc_moveit_config:/home/kush/UR5_Project_New/install/srdfdom:/home/kush/UR5_Project_New/install/moveit_resources_pr2_description:/home/kush/UR5_Project_New/install/moveit_resources_panda_description:/home/kush/UR5_Project_New/install/moveit_resources_fanuc_description:/home/kush/UR5_Project_New/install/moveit_common:${AMENT_PREFIX_PATH} CMAKE_PREFIX_PATH=/home/kush/UR5_Project_New/install/moveit_ros_planning:/home/kush/UR5_Project_New/install/moveit_ros_occupancy_map_monitor:/home/kush/UR5_Project_New/install/moveit_core:/home/kush/UR5_Project_New/install/moveit_resources_panda_moveit_config:/home/kush/UR5_Project_New/install/moveit_resources_fanuc_moveit_config:/home/kush/UR5_Project_New/install/srdfdom:/home/kush/UR5_Project_New/install/moveit_resources_pr2_description:/home/kush/UR5_Project_New/install/moveit_resources_panda_description:/home/kush/UR5_Project_New/install/moveit_resources_fanuc_description:/home/kush/UR5_Project_New/install/moveit_common:/opt/ros/humble LD_LIBRARY_PATH=/home/kush/UR5_Project_New/install/moveit_ros_planning/lib:/home/kush/UR5_Project_New/install/moveit_ros_occupancy_map_monitor/lib:/home/kush/UR5_Project_New/install/moveit_core/lib:/home/kush/UR5_Project_New/install/srdfdom/lib:${LD_LIBRARY_PATH} PATH=/home/kush/UR5_Project_New/install/moveit_core/bin:${PATH} PYTHONPATH=/home/kush/UR5_Project_New/install/srdfdom/local/lib/python3.10/dist-packages:${PYTHONPATH} /usr/bin/cmake --build /home/kush/UR5_Project_New/build/moveit_planners_ompl -- -j4 -l4
[3.140s] Invoking command in '/home/kush/UR5_Project_New/build/moveit_planners_ompl': AMENT_PREFIX_PATH=/home/kush/UR5_Project_New/install/moveit_ros_planning:/home/kush/UR5_Project_New/install/moveit_ros_occupancy_map_monitor:/home/kush/UR5_Project_New/install/moveit_core:/home/kush/UR5_Project_New/install/moveit_resources_panda_moveit_config:/home/kush/UR5_Project_New/install/moveit_resources_fanuc_moveit_config:/home/kush/UR5_Project_New/install/srdfdom:/home/kush/UR5_Project_New/install/moveit_resources_pr2_description:/home/kush/UR5_Project_New/install/moveit_resources_panda_description:/home/kush/UR5_Project_New/install/moveit_resources_fanuc_description:/home/kush/UR5_Project_New/install/moveit_common:${AMENT_PREFIX_PATH} CMAKE_PREFIX_PATH=/home/kush/UR5_Project_New/install/moveit_ros_planning:/home/kush/UR5_Project_New/install/moveit_ros_occupancy_map_monitor:/home/kush/UR5_Project_New/install/moveit_core:/home/kush/UR5_Project_New/install/moveit_resources_panda_moveit_config:/home/kush/UR5_Project_New/install/moveit_resources_fanuc_moveit_config:/home/kush/UR5_Project_New/install/srdfdom:/home/kush/UR5_Project_New/install/moveit_resources_pr2_description:/home/kush/UR5_Project_New/install/moveit_resources_panda_description:/home/kush/UR5_Project_New/install/moveit_resources_fanuc_description:/home/kush/UR5_Project_New/install/moveit_common:/opt/ros/humble LD_LIBRARY_PATH=/home/kush/UR5_Project_New/install/moveit_ros_planning/lib:/home/kush/UR5_Project_New/install/moveit_ros_occupancy_map_monitor/lib:/home/kush/UR5_Project_New/install/moveit_core/lib:/home/kush/UR5_Project_New/install/srdfdom/lib:${LD_LIBRARY_PATH} PATH=/home/kush/UR5_Project_New/install/moveit_core/bin:${PATH} PYTHONPATH=/home/kush/UR5_Project_New/install/srdfdom/local/lib/python3.10/dist-packages:${PYTHONPATH} /usr/bin/cmake --install /home/kush/UR5_Project_New/build/moveit_planners_ompl
[3.170s] -- Install configuration: "Release"
[3.221s] -- Up-to-date: /home/kush/UR5_Project_New/install/moveit_planners_ompl/lib/moveit_planners_ompl/generate_state_database
[3.222s] -- Up-to-date: /home/kush/UR5_Project_New/install/moveit_planners_ompl/include
[3.222s] -- Up-to-date: /home/kush/UR5_Project_New/install/moveit_planners_ompl/include/moveit
[3.222s] -- Up-to-date: /home/kush/UR5_Project_New/install/moveit_planners_ompl/include/moveit/ompl_interface
[3.222s] -- Up-to-date: /home/kush/UR5_Project_New/install/moveit_planners_ompl/include/moveit/ompl_interface/planning_context_manager.h
[3.222s] -- Up-to-date: /home/kush/UR5_Project_New/install/moveit_planners_ompl/include/moveit/ompl_interface/parameterization
[3.223s] -- Up-to-date: /home/kush/UR5_Project_New/install/moveit_planners_ompl/include/moveit/ompl_interface/parameterization/work_space
[3.223s] -- Up-to-date: /home/kush/UR5_Project_New/install/moveit_planners_ompl/include/moveit/ompl_interface/parameterization/work_space/pose_model_state_space.h
[3.223s] -- Up-to-date: /home/kush/UR5_Project_New/install/moveit_planners_ompl/include/moveit/ompl_interface/parameterization/work_space/pose_model_state_space_factory.h
[3.223s] -- Up-to-date: /home/kush/UR5_Project_New/install/moveit_planners_ompl/include/moveit/ompl_interface/parameterization/model_based_state_space.h
[3.223s] -- Up-to-date: /home/kush/UR5_Project_New/install/moveit_planners_ompl/include/moveit/ompl_interface/parameterization/joint_space
[3.223s] -- Up-to-date: /home/kush/UR5_Project_New/install/moveit_planners_ompl/include/moveit/ompl_interface/parameterization/joint_space/constrained_planning_state_space.h
[3.224s] -- Up-to-date: /home/kush/UR5_Project_New/install/moveit_planners_ompl/include/moveit/ompl_interface/parameterization/joint_space/joint_model_state_space_factory.h
[3.224s] -- Up-to-date: /home/kush/UR5_Project_New/install/moveit_planners_ompl/include/moveit/ompl_interface/parameterization/joint_space/joint_model_state_space.h
[3.224s] -- Up-to-date: /home/kush/UR5_Project_New/install/moveit_planners_ompl/include/moveit/ompl_interface/parameterization/joint_space/constrained_planning_state_space_factory.h
[3.224s] -- Up-to-date: /home/kush/UR5_Project_New/install/moveit_planners_ompl/include/moveit/ompl_interface/parameterization/model_based_state_space_factory.h
[3.224s] -- Up-to-date: /home/kush/UR5_Project_New/install/moveit_planners_ompl/include/moveit/ompl_interface/model_based_planning_context.h
[3.224s] -- Up-to-date: /home/kush/UR5_Project_New/install/moveit_planners_ompl/include/moveit/ompl_interface/detail
[3.225s] -- Up-to-date: /home/kush/UR5_Project_New/install/moveit_planners_ompl/include/moveit/ompl_interface/detail/goal_union.h
[3.225s] -- Up-to-date: /home/kush/UR5_Project_New/install/moveit_planners_ompl/include/moveit/ompl_interface/detail/constrained_goal_sampler.h
[3.225s] -- Up-to-date: /home/kush/UR5_Project_New/install/moveit_planners_ompl/include/moveit/ompl_interface/detail/constraint_approximations.h
[3.225s] -- Up-to-date: /home/kush/UR5_Project_New/install/moveit_planners_ompl/include/moveit/ompl_interface/detail/threadsafe_state_storage.h
[3.225s] -- Up-to-date: /home/kush/UR5_Project_New/install/moveit_planners_ompl/include/moveit/ompl_interface/detail/constrained_sampler.h
[3.225s] -- Up-to-date: /home/kush/UR5_Project_New/install/moveit_planners_ompl/include/moveit/ompl_interface/detail/projection_evaluators.h
[3.226s] -- Up-to-date: /home/kush/UR5_Project_New/install/moveit_planners_ompl/include/moveit/ompl_interface/detail/ompl_constraints.h
[3.226s] -- Up-to-date: /home/kush/UR5_Project_New/install/moveit_planners_ompl/include/moveit/ompl_interface/detail/state_validity_checker.h
[3.226s] -- Up-to-date: /home/kush/UR5_Project_New/install/moveit_planners_ompl/include/moveit/ompl_interface/detail/constraints_library.h
[3.226s] -- Up-to-date: /home/kush/UR5_Project_New/install/moveit_planners_ompl/include/moveit/ompl_interface/detail/constrained_valid_state_sampler.h
[3.226s] -- Up-to-date: /home/kush/UR5_Project_New/install/moveit_planners_ompl/include/moveit/ompl_interface/ompl_interface.h
[3.318s] -- Up-to-date: /home/kush/UR5_Project_New/install/moveit_planners_ompl/lib/libmoveit_ompl_interface.so.2.5.4
[3.318s] -- Up-to-date: /home/kush/UR5_Project_New/install/moveit_planners_ompl/lib/libmoveit_ompl_interface.so
[3.398s] -- Up-to-date: /home/kush/UR5_Project_New/install/moveit_planners_ompl/lib/libmoveit_ompl_planner_plugin.so.2.5.4
[3.399s] -- Up-to-date: /home/kush/UR5_Project_New/install/moveit_planners_ompl/lib/libmoveit_ompl_planner_plugin.so
[3.399s] -- Up-to-date: /home/kush/UR5_Project_New/install/moveit_planners_ompl/share/moveit_planners_ompl/environment/library_path.sh
[3.399s] -- Up-to-date: /home/kush/UR5_Project_New/install/moveit_planners_ompl/share/moveit_planners_ompl/environment/library_path.dsv
[3.399s] -- Up-to-date: /home/kush/UR5_Project_New/install/moveit_planners_ompl/share/moveit_planners_ompl/ompl_interface_plugin_description.xml
[3.400s] -- Up-to-date: /home/kush/UR5_Project_New/install/moveit_planners_ompl/share/ament_index/resource_index/package_run_dependencies/moveit_planners_ompl
[3.400s] -- Up-to-date: /home/kush/UR5_Project_New/install/moveit_planners_ompl/share/ament_index/resource_index/parent_prefix_path/moveit_planners_ompl
[3.400s] -- Up-to-date: /home/kush/UR5_Project_New/install/moveit_planners_ompl/share/moveit_planners_ompl/environment/ament_prefix_path.sh
[3.400s] -- Up-to-date: /home/kush/UR5_Project_New/install/moveit_planners_ompl/share/moveit_planners_ompl/environment/ament_prefix_path.dsv
[3.400s] -- Up-to-date: /home/kush/UR5_Project_New/install/moveit_planners_ompl/share/moveit_planners_ompl/environment/path.sh
[3.400s] -- Up-to-date: /home/kush/UR5_Project_New/install/moveit_planners_ompl/share/moveit_planners_ompl/environment/path.dsv
[3.400s] -- Up-to-date: /home/kush/UR5_Project_New/install/moveit_planners_ompl/share/moveit_planners_ompl/local_setup.bash
[3.400s] -- Up-to-date: /home/kush/UR5_Project_New/install/moveit_planners_ompl/share/moveit_planners_ompl/local_setup.sh
[3.400s] -- Up-to-date: /home/kush/UR5_Project_New/install/moveit_planners_ompl/share/moveit_planners_ompl/local_setup.zsh
[3.400s] -- Up-to-date: /home/kush/UR5_Project_New/install/moveit_planners_ompl/share/moveit_planners_ompl/local_setup.dsv
[3.401s] -- Installing: /home/kush/UR5_Project_New/install/moveit_planners_ompl/share/moveit_planners_ompl/package.dsv
[3.420s] -- Up-to-date: /home/kush/UR5_Project_New/install/moveit_planners_ompl/share/ament_index/resource_index/packages/moveit_planners_ompl
[3.420s] -- Up-to-date: /home/kush/UR5_Project_New/install/moveit_planners_ompl/share/ament_index/resource_index/moveit_core__pluginlib__plugin/moveit_planners_ompl
[3.457s] -- Up-to-date: /home/kush/UR5_Project_New/install/moveit_planners_ompl/share/moveit_planners_ompl/cmake/export_moveit_planners_omplExport.cmake
[3.458s] -- Up-to-date: /home/kush/UR5_Project_New/install/moveit_planners_ompl/share/moveit_planners_ompl/cmake/export_moveit_planners_omplExport-release.cmake
[3.458s] -- Up-to-date: /home/kush/UR5_Project_New/install/moveit_planners_ompl/share/moveit_planners_ompl/cmake/ament_cmake_export_targets-extras.cmake
[3.458s] -- Up-to-date: /home/kush/UR5_Project_New/install/moveit_planners_ompl/share/moveit_planners_ompl/cmake/ament_cmake_export_dependencies-extras.cmake
[3.458s] -- Up-to-date: /home/kush/UR5_Project_New/install/moveit_planners_ompl/share/moveit_planners_ompl/cmake/moveit_planners_omplConfig.cmake
[3.458s] -- Up-to-date: /home/kush/UR5_Project_New/install/moveit_planners_ompl/share/moveit_planners_ompl/cmake/moveit_planners_omplConfig-version.cmake
[3.458s] -- Up-to-date: /home/kush/UR5_Project_New/install/moveit_planners_ompl/share/moveit_planners_ompl/package.xml
[3.463s] Invoked command in '/home/kush/UR5_Project_New/build/moveit_planners_ompl' returned '0': AMENT_PREFIX_PATH=/home/kush/UR5_Project_New/install/moveit_ros_planning:/home/kush/UR5_Project_New/install/moveit_ros_occupancy_map_monitor:/home/kush/UR5_Project_New/install/moveit_core:/home/kush/UR5_Project_New/install/moveit_resources_panda_moveit_config:/home/kush/UR5_Project_New/install/moveit_resources_fanuc_moveit_config:/home/kush/UR5_Project_New/install/srdfdom:/home/kush/UR5_Project_New/install/moveit_resources_pr2_description:/home/kush/UR5_Project_New/install/moveit_resources_panda_description:/home/kush/UR5_Project_New/install/moveit_resources_fanuc_description:/home/kush/UR5_Project_New/install/moveit_common:${AMENT_PREFIX_PATH} CMAKE_PREFIX_PATH=/home/kush/UR5_Project_New/install/moveit_ros_planning:/home/kush/UR5_Project_New/install/moveit_ros_occupancy_map_monitor:/home/kush/UR5_Project_New/install/moveit_core:/home/kush/UR5_Project_New/install/moveit_resources_panda_moveit_config:/home/kush/UR5_Project_New/install/moveit_resources_fanuc_moveit_config:/home/kush/UR5_Project_New/install/srdfdom:/home/kush/UR5_Project_New/install/moveit_resources_pr2_description:/home/kush/UR5_Project_New/install/moveit_resources_panda_description:/home/kush/UR5_Project_New/install/moveit_resources_fanuc_description:/home/kush/UR5_Project_New/install/moveit_common:/opt/ros/humble LD_LIBRARY_PATH=/home/kush/UR5_Project_New/install/moveit_ros_planning/lib:/home/kush/UR5_Project_New/install/moveit_ros_occupancy_map_monitor/lib:/home/kush/UR5_Project_New/install/moveit_core/lib:/home/kush/UR5_Project_New/install/srdfdom/lib:${LD_LIBRARY_PATH} PATH=/home/kush/UR5_Project_New/install/moveit_core/bin:${PATH} PYTHONPATH=/home/kush/UR5_Project_New/install/srdfdom/local/lib/python3.10/dist-packages:${PYTHONPATH} /usr/bin/cmake --install /home/kush/UR5_Project_New/build/moveit_planners_ompl
