[0.241s] Invoking command in '/home/kush/UR5_Project_New/build/moveit_ros_move_group': AMENT_PREFIX_PATH=/home/kush/UR5_Project_New/install/moveit_kinematics:/home/kush/UR5_Project_New/install/moveit_ros_planning:/home/kush/UR5_Project_New/install/moveit_ros_occupancy_map_monitor:/home/kush/UR5_Project_New/install/moveit_core:/home/kush/UR5_Project_New/install/moveit_resources_fanuc_moveit_config:/home/kush/UR5_Project_New/install/srdfdom:/home/kush/UR5_Project_New/install/moveit_resources_fanuc_description:/home/kush/UR5_Project_New/install/moveit_common:${AMENT_PREFIX_PATH} CMAKE_PREFIX_PATH=/home/kush/UR5_Project_New/install/moveit_kinematics:/home/kush/UR5_Project_New/install/moveit_ros_planning:/home/kush/UR5_Project_New/install/moveit_ros_occupancy_map_monitor:/home/kush/UR5_Project_New/install/moveit_core:/home/kush/UR5_Project_New/install/moveit_resources_fanuc_moveit_config:/home/kush/UR5_Project_New/install/srdfdom:/home/kush/UR5_Project_New/install/moveit_resources_fanuc_description:/home/kush/UR5_Project_New/install/moveit_common:/opt/ros/humble LD_LIBRARY_PATH=/home/kush/UR5_Project_New/install/moveit_kinematics/lib:/home/kush/UR5_Project_New/install/moveit_ros_planning/lib:/home/kush/UR5_Project_New/install/moveit_ros_occupancy_map_monitor/lib:/home/kush/UR5_Project_New/install/moveit_core/lib:/home/kush/UR5_Project_New/install/srdfdom/lib:${LD_LIBRARY_PATH} PATH=/home/kush/UR5_Project_New/install/moveit_core/bin:${PATH} PYTHONPATH=/home/kush/UR5_Project_New/install/srdfdom/local/lib/python3.10/dist-packages:${PYTHONPATH} /usr/bin/cmake --build /home/kush/UR5_Project_New/build/moveit_ros_move_group -- -j4 -l4
[0.687s] [ 15%] Built target moveit_move_group_capabilities_base
[0.730s] [ 26%] Built target list_move_group_capabilities
[0.889s] [ 36%] Built target move_group
[0.965s] [100%] Built target moveit_move_group_default_capabilities
[1.032s] Invoked command in '/home/kush/UR5_Project_New/build/moveit_ros_move_group' returned '0': AMENT_PREFIX_PATH=/home/kush/UR5_Project_New/install/moveit_kinematics:/home/kush/UR5_Project_New/install/moveit_ros_planning:/home/kush/UR5_Project_New/install/moveit_ros_occupancy_map_monitor:/home/kush/UR5_Project_New/install/moveit_core:/home/kush/UR5_Project_New/install/moveit_resources_fanuc_moveit_config:/home/kush/UR5_Project_New/install/srdfdom:/home/kush/UR5_Project_New/install/moveit_resources_fanuc_description:/home/kush/UR5_Project_New/install/moveit_common:${AMENT_PREFIX_PATH} CMAKE_PREFIX_PATH=/home/kush/UR5_Project_New/install/moveit_kinematics:/home/kush/UR5_Project_New/install/moveit_ros_planning:/home/kush/UR5_Project_New/install/moveit_ros_occupancy_map_monitor:/home/kush/UR5_Project_New/install/moveit_core:/home/kush/UR5_Project_New/install/moveit_resources_fanuc_moveit_config:/home/kush/UR5_Project_New/install/srdfdom:/home/kush/UR5_Project_New/install/moveit_resources_fanuc_description:/home/kush/UR5_Project_New/install/moveit_common:/opt/ros/humble LD_LIBRARY_PATH=/home/kush/UR5_Project_New/install/moveit_kinematics/lib:/home/kush/UR5_Project_New/install/moveit_ros_planning/lib:/home/kush/UR5_Project_New/install/moveit_ros_occupancy_map_monitor/lib:/home/kush/UR5_Project_New/install/moveit_core/lib:/home/kush/UR5_Project_New/install/srdfdom/lib:${LD_LIBRARY_PATH} PATH=/home/kush/UR5_Project_New/install/moveit_core/bin:${PATH} PYTHONPATH=/home/kush/UR5_Project_New/install/srdfdom/local/lib/python3.10/dist-packages:${PYTHONPATH} /usr/bin/cmake --build /home/kush/UR5_Project_New/build/moveit_ros_move_group -- -j4 -l4
[1.536s] Invoking command in '/home/kush/UR5_Project_New/build/moveit_ros_move_group': AMENT_PREFIX_PATH=/home/kush/UR5_Project_New/install/moveit_kinematics:/home/kush/UR5_Project_New/install/moveit_ros_planning:/home/kush/UR5_Project_New/install/moveit_ros_occupancy_map_monitor:/home/kush/UR5_Project_New/install/moveit_core:/home/kush/UR5_Project_New/install/moveit_resources_fanuc_moveit_config:/home/kush/UR5_Project_New/install/srdfdom:/home/kush/UR5_Project_New/install/moveit_resources_fanuc_description:/home/kush/UR5_Project_New/install/moveit_common:${AMENT_PREFIX_PATH} CMAKE_PREFIX_PATH=/home/kush/UR5_Project_New/install/moveit_kinematics:/home/kush/UR5_Project_New/install/moveit_ros_planning:/home/kush/UR5_Project_New/install/moveit_ros_occupancy_map_monitor:/home/kush/UR5_Project_New/install/moveit_core:/home/kush/UR5_Project_New/install/moveit_resources_fanuc_moveit_config:/home/kush/UR5_Project_New/install/srdfdom:/home/kush/UR5_Project_New/install/moveit_resources_fanuc_description:/home/kush/UR5_Project_New/install/moveit_common:/opt/ros/humble LD_LIBRARY_PATH=/home/kush/UR5_Project_New/install/moveit_kinematics/lib:/home/kush/UR5_Project_New/install/moveit_ros_planning/lib:/home/kush/UR5_Project_New/install/moveit_ros_occupancy_map_monitor/lib:/home/kush/UR5_Project_New/install/moveit_core/lib:/home/kush/UR5_Project_New/install/srdfdom/lib:${LD_LIBRARY_PATH} PATH=/home/kush/UR5_Project_New/install/moveit_core/bin:${PATH} PYTHONPATH=/home/kush/UR5_Project_New/install/srdfdom/local/lib/python3.10/dist-packages:${PYTHONPATH} /usr/bin/cmake --install /home/kush/UR5_Project_New/build/moveit_ros_move_group
[1.592s] -- Install configuration: "Release"
[1.594s] -- Up-to-date: /home/kush/UR5_Project_New/install/moveit_ros_move_group/lib/moveit_ros_move_group/move_group
[1.597s] -- Up-to-date: /home/kush/UR5_Project_New/install/moveit_ros_move_group/lib/moveit_ros_move_group/list_move_group_capabilities
[1.607s] -- Up-to-date: /home/kush/UR5_Project_New/install/moveit_ros_move_group/lib/libmoveit_move_group_default_capabilities.so.2.5.4
[1.610s] -- Up-to-date: /home/kush/UR5_Project_New/install/moveit_ros_move_group/lib/libmoveit_move_group_default_capabilities.so
[1.612s] -- Up-to-date: /home/kush/UR5_Project_New/install/moveit_ros_move_group/lib/libmoveit_move_group_capabilities_base.so.2.5.4
[1.614s] -- Up-to-date: /home/kush/UR5_Project_New/install/moveit_ros_move_group/lib/libmoveit_move_group_capabilities_base.so
[1.616s] -- Up-to-date: /home/kush/UR5_Project_New/install/moveit_ros_move_group/include
[1.626s] -- Up-to-date: /home/kush/UR5_Project_New/install/moveit_ros_move_group/include/moveit
[1.628s] -- Up-to-date: /home/kush/UR5_Project_New/install/moveit_ros_move_group/include/moveit/move_group
[1.632s] -- Up-to-date: /home/kush/UR5_Project_New/install/moveit_ros_move_group/include/moveit/move_group/move_group_context.h
[1.633s] -- Up-to-date: /home/kush/UR5_Project_New/install/moveit_ros_move_group/include/moveit/move_group/node_name.h
[1.633s] -- Up-to-date: /home/kush/UR5_Project_New/install/moveit_ros_move_group/include/moveit/move_group/capability_names.h
[1.633s] -- Up-to-date: /home/kush/UR5_Project_New/install/moveit_ros_move_group/include/moveit/move_group/move_group_capability.h
[1.637s] -- Up-to-date: /home/kush/UR5_Project_New/install/moveit_ros_move_group/share/moveit_ros_move_group/environment/library_path.sh
[1.638s] -- Up-to-date: /home/kush/UR5_Project_New/install/moveit_ros_move_group/share/moveit_ros_move_group/environment/library_path.dsv
[1.638s] -- Up-to-date: /home/kush/UR5_Project_New/install/moveit_ros_move_group/lib/moveit_ros_move_group/load_map
[1.639s] -- Up-to-date: /home/kush/UR5_Project_New/install/moveit_ros_move_group/lib/moveit_ros_move_group/save_map
[1.639s] -- Up-to-date: /home/kush/UR5_Project_New/install/moveit_ros_move_group/share/moveit_ros_move_group/default_capabilities_plugin_description.xml
[1.640s] -- Up-to-date: /home/kush/UR5_Project_New/install/moveit_ros_move_group/share/ament_index/resource_index/package_run_dependencies/moveit_ros_move_group
[1.640s] -- Up-to-date: /home/kush/UR5_Project_New/install/moveit_ros_move_group/share/ament_index/resource_index/parent_prefix_path/moveit_ros_move_group
[1.641s] -- Up-to-date: /home/kush/UR5_Project_New/install/moveit_ros_move_group/share/moveit_ros_move_group/environment/ament_prefix_path.sh
[1.641s] -- Up-to-date: /home/kush/UR5_Project_New/install/moveit_ros_move_group/share/moveit_ros_move_group/environment/ament_prefix_path.dsv
[1.642s] -- Up-to-date: /home/kush/UR5_Project_New/install/moveit_ros_move_group/share/moveit_ros_move_group/environment/path.sh
[1.642s] -- Up-to-date: /home/kush/UR5_Project_New/install/moveit_ros_move_group/share/moveit_ros_move_group/environment/path.dsv
[1.642s] -- Up-to-date: /home/kush/UR5_Project_New/install/moveit_ros_move_group/share/moveit_ros_move_group/local_setup.bash
[1.643s] -- Up-to-date: /home/kush/UR5_Project_New/install/moveit_ros_move_group/share/moveit_ros_move_group/local_setup.sh
[1.643s] -- Up-to-date: /home/kush/UR5_Project_New/install/moveit_ros_move_group/share/moveit_ros_move_group/local_setup.zsh
[1.644s] -- Up-to-date: /home/kush/UR5_Project_New/install/moveit_ros_move_group/share/moveit_ros_move_group/local_setup.dsv
[1.644s] -- Installing: /home/kush/UR5_Project_New/install/moveit_ros_move_group/share/moveit_ros_move_group/package.dsv
[1.654s] -- Up-to-date: /home/kush/UR5_Project_New/install/moveit_ros_move_group/share/ament_index/resource_index/packages/moveit_ros_move_group
[1.654s] -- Up-to-date: /home/kush/UR5_Project_New/install/moveit_ros_move_group/share/ament_index/resource_index/moveit_ros_move_group__pluginlib__plugin/moveit_ros_move_group
[1.655s] -- Up-to-date: /home/kush/UR5_Project_New/install/moveit_ros_move_group/share/moveit_ros_move_group/cmake/export_moveit_ros_move_groupExport.cmake
[1.656s] -- Up-to-date: /home/kush/UR5_Project_New/install/moveit_ros_move_group/share/moveit_ros_move_group/cmake/export_moveit_ros_move_groupExport-release.cmake
[1.656s] -- Up-to-date: /home/kush/UR5_Project_New/install/moveit_ros_move_group/share/moveit_ros_move_group/cmake/ConfigExtras.cmake
[1.657s] -- Up-to-date: /home/kush/UR5_Project_New/install/moveit_ros_move_group/share/moveit_ros_move_group/cmake/ament_cmake_export_targets-extras.cmake
[1.657s] -- Up-to-date: /home/kush/UR5_Project_New/install/moveit_ros_move_group/share/moveit_ros_move_group/cmake/ament_cmake_export_dependencies-extras.cmake
[1.658s] -- Up-to-date: /home/kush/UR5_Project_New/install/moveit_ros_move_group/share/moveit_ros_move_group/cmake/moveit_ros_move_groupConfig.cmake
[1.658s] -- Up-to-date: /home/kush/UR5_Project_New/install/moveit_ros_move_group/share/moveit_ros_move_group/cmake/moveit_ros_move_groupConfig-version.cmake
[1.658s] -- Up-to-date: /home/kush/UR5_Project_New/install/moveit_ros_move_group/share/moveit_ros_move_group/package.xml
[1.668s] Invoked command in '/home/kush/UR5_Project_New/build/moveit_ros_move_group' returned '0': AMENT_PREFIX_PATH=/home/kush/UR5_Project_New/install/moveit_kinematics:/home/kush/UR5_Project_New/install/moveit_ros_planning:/home/kush/UR5_Project_New/install/moveit_ros_occupancy_map_monitor:/home/kush/UR5_Project_New/install/moveit_core:/home/kush/UR5_Project_New/install/moveit_resources_fanuc_moveit_config:/home/kush/UR5_Project_New/install/srdfdom:/home/kush/UR5_Project_New/install/moveit_resources_fanuc_description:/home/kush/UR5_Project_New/install/moveit_common:${AMENT_PREFIX_PATH} CMAKE_PREFIX_PATH=/home/kush/UR5_Project_New/install/moveit_kinematics:/home/kush/UR5_Project_New/install/moveit_ros_planning:/home/kush/UR5_Project_New/install/moveit_ros_occupancy_map_monitor:/home/kush/UR5_Project_New/install/moveit_core:/home/kush/UR5_Project_New/install/moveit_resources_fanuc_moveit_config:/home/kush/UR5_Project_New/install/srdfdom:/home/kush/UR5_Project_New/install/moveit_resources_fanuc_description:/home/kush/UR5_Project_New/install/moveit_common:/opt/ros/humble LD_LIBRARY_PATH=/home/kush/UR5_Project_New/install/moveit_kinematics/lib:/home/kush/UR5_Project_New/install/moveit_ros_planning/lib:/home/kush/UR5_Project_New/install/moveit_ros_occupancy_map_monitor/lib:/home/kush/UR5_Project_New/install/moveit_core/lib:/home/kush/UR5_Project_New/install/srdfdom/lib:${LD_LIBRARY_PATH} PATH=/home/kush/UR5_Project_New/install/moveit_core/bin:${PATH} PYTHONPATH=/home/kush/UR5_Project_New/install/srdfdom/local/lib/python3.10/dist-packages:${PYTHONPATH} /usr/bin/cmake --install /home/kush/UR5_Project_New/build/moveit_ros_move_group
