[0.244s] Invoking command in '/home/kush/UR5_Project_New/build/moveit_common': CMAKE_PREFIX_PATH=/opt/ros/humble /usr/bin/cmake /home/kush/UR5_Project_New/src/moveit2/moveit_common -DCMAKE_INSTALL_PREFIX=/home/kush/UR5_Project_New/install/moveit_common
[1.382s] -- Found ament_cmake: 1.3.5 (/opt/ros/humble/share/ament_cmake/cmake)
[4.210s] -- Found ament_lint_auto: 0.12.7 (/opt/ros/humble/share/ament_lint_auto/cmake)
[5.688s] -- Added test 'copyright' to check source files copyright and LICENSE
[5.811s] -- Added test 'lint_cmake' to check CMake code style
[5.873s] -- Added test 'xmllint' to check XML markup files
[6.053s] -- Configuring done
[6.272s] -- Generating done
[6.274s] -- Build files have been written to: /home/kush/UR5_Project_New/build/moveit_common
[6.282s] Invoked command in '/home/kush/UR5_Project_New/build/moveit_common' returned '0': CMAKE_PREFIX_PATH=/opt/ros/humble /usr/bin/cmake /home/kush/UR5_Project_New/src/moveit2/moveit_common -DCMAKE_INSTALL_PREFIX=/home/kush/UR5_Project_New/install/moveit_common
[6.285s] Invoking command in '/home/kush/UR5_Project_New/build/moveit_common': CMAKE_PREFIX_PATH=/opt/ros/humble /usr/bin/cmake --build /home/kush/UR5_Project_New/build/moveit_common -- -j4 -l4
[6.368s] Invoked command in '/home/kush/UR5_Project_New/build/moveit_common' returned '0': CMAKE_PREFIX_PATH=/opt/ros/humble /usr/bin/cmake --build /home/kush/UR5_Project_New/build/moveit_common -- -j4 -l4
[6.404s] Invoking command in '/home/kush/UR5_Project_New/build/moveit_common': CMAKE_PREFIX_PATH=/opt/ros/humble /usr/bin/cmake --install /home/kush/UR5_Project_New/build/moveit_common
[6.425s] -- Install configuration: "Release"
[6.425s] -- Up-to-date: /home/kush/UR5_Project_New/install/moveit_common/share/ament_index/resource_index/package_run_dependencies/moveit_common
[6.425s] -- Installing: /home/kush/UR5_Project_New/install/moveit_common/share/ament_index/resource_index/parent_prefix_path/moveit_common
[6.426s] -- Up-to-date: /home/kush/UR5_Project_New/install/moveit_common/share/moveit_common/environment/ament_prefix_path.sh
[6.426s] -- Installing: /home/kush/UR5_Project_New/install/moveit_common/share/moveit_common/environment/ament_prefix_path.dsv
[6.427s] -- Up-to-date: /home/kush/UR5_Project_New/install/moveit_common/share/moveit_common/environment/path.sh
[6.427s] -- Installing: /home/kush/UR5_Project_New/install/moveit_common/share/moveit_common/environment/path.dsv
[6.427s] -- Up-to-date: /home/kush/UR5_Project_New/install/moveit_common/share/moveit_common/local_setup.bash
[6.427s] -- Up-to-date: /home/kush/UR5_Project_New/install/moveit_common/share/moveit_common/local_setup.sh
[6.427s] -- Up-to-date: /home/kush/UR5_Project_New/install/moveit_common/share/moveit_common/local_setup.zsh
[6.427s] -- Installing: /home/kush/UR5_Project_New/install/moveit_common/share/moveit_common/local_setup.dsv
[6.427s] -- Installing: /home/kush/UR5_Project_New/install/moveit_common/share/moveit_common/package.dsv
[6.428s] -- Up-to-date: /home/kush/UR5_Project_New/install/moveit_common/share/ament_index/resource_index/packages/moveit_common
[6.428s] -- Up-to-date: /home/kush/UR5_Project_New/install/moveit_common/share/moveit_common/cmake/moveit_common-extras.cmake
[6.428s] -- Up-to-date: /home/kush/UR5_Project_New/install/moveit_common/share/moveit_common/cmake/moveit_commonConfig.cmake
[6.439s] -- Up-to-date: /home/kush/UR5_Project_New/install/moveit_common/share/moveit_common/cmake/moveit_commonConfig-version.cmake
[6.439s] -- Up-to-date: /home/kush/UR5_Project_New/install/moveit_common/share/moveit_common/package.xml
[6.439s] -- Up-to-date: /home/kush/UR5_Project_New/install/moveit_common/share/moveit_common/cmake
[6.440s] -- Up-to-date: /home/kush/UR5_Project_New/install/moveit_common/share/moveit_common/cmake/moveit_package.cmake
[6.440s] Invoked command in '/home/kush/UR5_Project_New/build/moveit_common' returned '0': CMAKE_PREFIX_PATH=/opt/ros/humble /usr/bin/cmake --install /home/kush/UR5_Project_New/build/moveit_common
