[0.149s] Invoking command in '/home/kush/UR5_Project_New/build/moveit_core': AMENT_PREFIX_PATH=/home/kush/UR5_Project_New/install/moveit_resources_panda_moveit_config:/home/kush/UR5_Project_New/install/srdfdom:/home/kush/UR5_Project_New/install/moveit_resources_pr2_description:/home/kush/UR5_Project_New/install/moveit_resources_panda_description:/home/kush/UR5_Project_New/install/moveit_common:${AMENT_PREFIX_PATH} CMAKE_PREFIX_PATH=/home/kush/UR5_Project_New/install/moveit_resources_panda_moveit_config:/home/kush/UR5_Project_New/install/srdfdom:/home/kush/UR5_Project_New/install/moveit_resources_pr2_description:/home/kush/UR5_Project_New/install/moveit_resources_panda_description:/home/kush/UR5_Project_New/install/moveit_common:/opt/ros/humble LD_LIBRARY_PATH=/home/kush/UR5_Project_New/install/srdfdom/lib:${LD_LIBRARY_PATH} PYTHONPATH=/home/kush/UR5_Project_New/install/srdfdom/local/lib/python3.10/dist-packages:${PYTHONPATH} /usr/bin/cmake --build /home/kush/UR5_Project_New/build/moveit_core -- -j4 -l4
[0.586s] [  1%] Built target moveit_exceptions
[0.600s] [  2%] Built target moveit_transforms
[0.642s] [  3%] Built target moveit_kinematics_base
[0.685s] [  5%] Built target moveit_distance_field
[0.755s] [  6%] Built target gtest
[0.780s] [  8%] Built target moveit_utils
[0.804s] [  9%] Built target gtest_main
[0.880s] [ 11%] Built target gmock
[0.934s] [ 12%] Built target gmock_main
[1.025s] [ 13%] Built target moveit_butterworth_parameters
[1.028s] [ 14%] Built target moveit_smoothing_base
[1.076s] [ 16%] Built target moveit_version
[1.084s] [ 17%] Built target test_transforms
[1.237s] [ 18%] Built target test_voxel_grid
[1.274s] [ 19%] Built target test_distance_field
[1.376s] [ 26%] Built target moveit_robot_model
[1.588s] [ 27%] Built target moveit_test_utils
[1.606s] [ 29%] Built target moveit_butterworth_filter
[1.609s] [ 31%] Built target moveit_robot_state
[1.736s] [ 32%] Built target test_robot_model
[1.833s] [ 33%] Built target test_butterworth_filter
[1.849s] [ 39%] Built target moveit_collision_detection
[1.868s] [ 40%] Built target moveit_robot_trajectory
[1.960s] [ 42%] Built target moveit_dynamics_solver
[2.010s] [ 43%] Built target moveit_kinematics_metrics
[2.046s] [ 44%] Built target test_robot_state_benchmark
[2.080s] [ 46%] Built target test_robot_state
[2.167s] [ 47%] Built target test_robot_state_complex
[2.232s] [ 48%] Built target test_cartesian_interpolator
[2.261s] [ 49%] Built target test_aabb
[2.275s] [ 50%] Built target test_robot_trajectory
[2.360s] [ 51%] Built target test_world
[2.482s] [ 53%] Built target test_world_diff
[2.525s] [ 54%] Built target test_all_valid
[2.565s] [ 59%] Built target moveit_collision_detection_bullet
[2.608s] [ 61%] Built target moveit_collision_detection_fcl
[2.732s] [ 65%] Built target moveit_trajectory_processing
[2.781s] [ 67%] Built target moveit_planning_interface
[2.809s] [ 68%] Built target test_bullet_collision_detection
[2.841s] [ 69%] Built target test_bullet_collision_detection_panda
[2.943s] [ 71%] Built target test_bullet_continuous_collision_checking
[3.044s] [ 73%] Built target test_fcl_collision_env
[3.044s] [ 74%] Built target test_fcl_collision_detection_panda
[3.058s] [ 75%] Built target test_fcl_collision_detection
[3.206s] [ 76%] Built target test_ruckig_traj_smoothing
[3.234s] [ 77%] Built target test_time_parameterization
[3.238s] [ 79%] Built target moveit_kinematic_constraints
[3.301s] [ 81%] Built target test_time_optimal_trajectory_generation
[3.414s] [ 82%] Built target test_constraints
[3.421s] [ 83%] Built target test_orientation_constraints
[3.440s] [ 84%] Built target moveit_planning_scene
[3.637s] [ 85%] Built target moveit_planning_request_adapter
[3.714s] [ 89%] Built target moveit_collision_distance_field
[3.724s] [ 89%] Built target test_planning_scene
[3.724s] [ 92%] Built target moveit_constraint_samplers
[3.870s] [ 93%] Built target test_multi_threaded
[3.905s] [ 94%] Built target test_collision_objects
[3.962s] [ 95%] Built target collision_detector_fcl_plugin
[3.991s] [ 96%] Built target collision_detector_bullet_plugin
[4.038s] [ 97%] Built target test_collision_distance_field
[4.081s] [100%] Built target test_constraint_samplers
[4.121s] Invoked command in '/home/kush/UR5_Project_New/build/moveit_core' returned '0': AMENT_PREFIX_PATH=/home/kush/UR5_Project_New/install/moveit_resources_panda_moveit_config:/home/kush/UR5_Project_New/install/srdfdom:/home/kush/UR5_Project_New/install/moveit_resources_pr2_description:/home/kush/UR5_Project_New/install/moveit_resources_panda_description:/home/kush/UR5_Project_New/install/moveit_common:${AMENT_PREFIX_PATH} CMAKE_PREFIX_PATH=/home/kush/UR5_Project_New/install/moveit_resources_panda_moveit_config:/home/kush/UR5_Project_New/install/srdfdom:/home/kush/UR5_Project_New/install/moveit_resources_pr2_description:/home/kush/UR5_Project_New/install/moveit_resources_panda_description:/home/kush/UR5_Project_New/install/moveit_common:/opt/ros/humble LD_LIBRARY_PATH=/home/kush/UR5_Project_New/install/srdfdom/lib:${LD_LIBRARY_PATH} PYTHONPATH=/home/kush/UR5_Project_New/install/srdfdom/local/lib/python3.10/dist-packages:${PYTHONPATH} /usr/bin/cmake --build /home/kush/UR5_Project_New/build/moveit_core -- -j4 -l4
[4.376s] Invoking command in '/home/kush/UR5_Project_New/build/moveit_core': AMENT_PREFIX_PATH=/home/kush/UR5_Project_New/install/moveit_resources_panda_moveit_config:/home/kush/UR5_Project_New/install/srdfdom:/home/kush/UR5_Project_New/install/moveit_resources_pr2_description:/home/kush/UR5_Project_New/install/moveit_resources_panda_description:/home/kush/UR5_Project_New/install/moveit_common:${AMENT_PREFIX_PATH} CMAKE_PREFIX_PATH=/home/kush/UR5_Project_New/install/moveit_resources_panda_moveit_config:/home/kush/UR5_Project_New/install/srdfdom:/home/kush/UR5_Project_New/install/moveit_resources_pr2_description:/home/kush/UR5_Project_New/install/moveit_resources_panda_description:/home/kush/UR5_Project_New/install/moveit_common:/opt/ros/humble LD_LIBRARY_PATH=/home/kush/UR5_Project_New/install/srdfdom/lib:${LD_LIBRARY_PATH} PYTHONPATH=/home/kush/UR5_Project_New/install/srdfdom/local/lib/python3.10/dist-packages:${PYTHONPATH} /usr/bin/cmake --install /home/kush/UR5_Project_New/build/moveit_core
[4.395s] -- Install configuration: "Release"
[4.402s] -- Up-to-date: /home/kush/UR5_Project_New/install/moveit_core/include/moveit/version.h
[4.402s] -- Up-to-date: /home/kush/UR5_Project_New/install/moveit_core/include
[4.403s] -- Up-to-date: /home/kush/UR5_Project_New/install/moveit_core/include/moveit
[4.403s] -- Up-to-date: /home/kush/UR5_Project_New/install/moveit_core/include/moveit/collision_distance_field
[4.403s] -- Up-to-date: /home/kush/UR5_Project_New/install/moveit_core/include/moveit/collision_distance_field/collision_common_distance_field.h
[4.404s] -- Up-to-date: /home/kush/UR5_Project_New/install/moveit_core/include/moveit/collision_distance_field/collision_detector_allocator_distance_field.h
[4.404s] -- Up-to-date: /home/kush/UR5_Project_New/install/moveit_core/include/moveit/collision_distance_field/collision_detector_allocator_hybrid.h
[4.404s] -- Up-to-date: /home/kush/UR5_Project_New/install/moveit_core/include/moveit/collision_distance_field/collision_env_distance_field.h
[4.407s] -- Up-to-date: /home/kush/UR5_Project_New/install/moveit_core/include/moveit/collision_distance_field/collision_env_hybrid.h
[4.407s] -- Up-to-date: /home/kush/UR5_Project_New/install/moveit_core/include/moveit/collision_distance_field/collision_distance_field_types.h
[4.408s] -- Up-to-date: /home/kush/UR5_Project_New/install/moveit_core/include/moveit_collision_distance_field_export.h
[4.408s] -- Up-to-date: /home/kush/UR5_Project_New/install/moveit_core/include
[4.408s] -- Up-to-date: /home/kush/UR5_Project_New/install/moveit_core/include/moveit
[4.409s] -- Up-to-date: /home/kush/UR5_Project_New/install/moveit_core/include/moveit/constraint_samplers
[4.409s] -- Up-to-date: /home/kush/UR5_Project_New/install/moveit_core/include/moveit/constraint_samplers/default_constraint_samplers.h
[4.409s] -- Up-to-date: /home/kush/UR5_Project_New/install/moveit_core/include/moveit/constraint_samplers/constraint_sampler_tools.h
[4.409s] -- Up-to-date: /home/kush/UR5_Project_New/install/moveit_core/include/moveit/constraint_samplers/constraint_sampler_allocator.h
[4.413s] -- Up-to-date: /home/kush/UR5_Project_New/install/moveit_core/include/moveit/constraint_samplers/constraint_sampler_manager.h
[4.414s] -- Up-to-date: /home/kush/UR5_Project_New/install/moveit_core/include/moveit/constraint_samplers/union_constraint_sampler.h
[4.414s] -- Up-to-date: /home/kush/UR5_Project_New/install/moveit_core/include/moveit/constraint_samplers/constraint_sampler.h
[4.414s] -- Up-to-date: /home/kush/UR5_Project_New/install/moveit_core/include
[4.414s] -- Up-to-date: /home/kush/UR5_Project_New/install/moveit_core/include/moveit
[4.415s] -- Up-to-date: /home/kush/UR5_Project_New/install/moveit_core/include/moveit/controller_manager
[4.415s] -- Up-to-date: /home/kush/UR5_Project_New/install/moveit_core/include/moveit/controller_manager/controller_manager.h
[4.415s] -- Up-to-date: /home/kush/UR5_Project_New/install/moveit_core/include
[4.415s] -- Up-to-date: /home/kush/UR5_Project_New/install/moveit_core/include/moveit
[4.416s] -- Up-to-date: /home/kush/UR5_Project_New/install/moveit_core/include/moveit/distance_field
[4.416s] -- Up-to-date: /home/kush/UR5_Project_New/install/moveit_core/include/moveit/distance_field/propagation_distance_field.h
[4.416s] -- Up-to-date: /home/kush/UR5_Project_New/install/moveit_core/include/moveit/distance_field/find_internal_points.h
[4.417s] -- Up-to-date: /home/kush/UR5_Project_New/install/moveit_core/include/moveit/distance_field/voxel_grid.h
[4.417s] -- Up-to-date: /home/kush/UR5_Project_New/install/moveit_core/include/moveit/distance_field/distance_field.h
[4.420s] -- Up-to-date: /home/kush/UR5_Project_New/install/moveit_core/include
[4.420s] -- Up-to-date: /home/kush/UR5_Project_New/install/moveit_core/include/moveit
[4.420s] -- Up-to-date: /home/kush/UR5_Project_New/install/moveit_core/include/moveit/dynamics_solver
[4.421s] -- Up-to-date: /home/kush/UR5_Project_New/install/moveit_core/include/moveit/dynamics_solver/dynamics_solver.h
[4.421s] -- Up-to-date: /home/kush/UR5_Project_New/install/moveit_core/include
[4.421s] -- Up-to-date: /home/kush/UR5_Project_New/install/moveit_core/include/moveit
[4.422s] -- Up-to-date: /home/kush/UR5_Project_New/install/moveit_core/include/moveit/exceptions
[4.422s] -- Up-to-date: /home/kush/UR5_Project_New/install/moveit_core/include/moveit/exceptions/exceptions.h
[4.422s] -- Up-to-date: /home/kush/UR5_Project_New/install/moveit_core/include
[4.422s] -- Up-to-date: /home/kush/UR5_Project_New/install/moveit_core/include/moveit
[4.423s] -- Up-to-date: /home/kush/UR5_Project_New/install/moveit_core/include/moveit/kinematics_base
[4.427s] -- Up-to-date: /home/kush/UR5_Project_New/install/moveit_core/include/moveit/kinematics_base/kinematics_base.h
[4.428s] -- Up-to-date: /home/kush/UR5_Project_New/install/moveit_core/include/moveit_kinematics_base_export.h
[4.429s] -- Up-to-date: /home/kush/UR5_Project_New/install/moveit_core/include
[4.429s] -- Up-to-date: /home/kush/UR5_Project_New/install/moveit_core/include/moveit
[4.429s] -- Up-to-date: /home/kush/UR5_Project_New/install/moveit_core/include/moveit/kinematic_constraints
[4.429s] -- Up-to-date: /home/kush/UR5_Project_New/install/moveit_core/include/moveit/kinematic_constraints/kinematic_constraint.h
[4.430s] -- Up-to-date: /home/kush/UR5_Project_New/install/moveit_core/include/moveit/kinematic_constraints/utils.h
[4.430s] -- Up-to-date: /home/kush/UR5_Project_New/install/moveit_core/include
[4.430s] -- Up-to-date: /home/kush/UR5_Project_New/install/moveit_core/include/moveit
[4.430s] -- Up-to-date: /home/kush/UR5_Project_New/install/moveit_core/include/moveit/kinematics_metrics
[4.430s] -- Up-to-date: /home/kush/UR5_Project_New/install/moveit_core/include/moveit/kinematics_metrics/kinematics_metrics.h
[4.431s] -- Up-to-date: /home/kush/UR5_Project_New/install/moveit_core/include
[4.431s] -- Up-to-date: /home/kush/UR5_Project_New/install/moveit_core/include/moveit
[4.431s] -- Up-to-date: /home/kush/UR5_Project_New/install/moveit_core/include/moveit/macros
[4.431s] -- Up-to-date: /home/kush/UR5_Project_New/install/moveit_core/include/moveit/macros/class_forward.h
[4.432s] -- Up-to-date: /home/kush/UR5_Project_New/install/moveit_core/include/moveit/macros/console_colors.h
[4.432s] -- Up-to-date: /home/kush/UR5_Project_New/install/moveit_core/include/moveit/macros/deprecation.h
[4.432s] -- Up-to-date: /home/kush/UR5_Project_New/install/moveit_core/include/moveit/macros/declare_ptr.h
[4.432s] -- Up-to-date: /home/kush/UR5_Project_New/install/moveit_core/include/moveit_butterworth_parameters
[4.435s] -- Up-to-date: /home/kush/UR5_Project_New/install/moveit_core/include/moveit_butterworth_parameters/moveit_butterworth_parameters.hpp
[4.435s] -- Up-to-date: /home/kush/UR5_Project_New/install/moveit_core/include
[4.441s] -- Up-to-date: /home/kush/UR5_Project_New/install/moveit_core/include/moveit
[4.441s] -- Up-to-date: /home/kush/UR5_Project_New/install/moveit_core/include/moveit/online_signal_smoothing
[4.441s] -- Up-to-date: /home/kush/UR5_Project_New/install/moveit_core/include/moveit/online_signal_smoothing/smoothing_base_class.h
[4.441s] -- Up-to-date: /home/kush/UR5_Project_New/install/moveit_core/include/moveit/online_signal_smoothing/butterworth_filter.h
[4.442s] -- Up-to-date: /home/kush/UR5_Project_New/install/moveit_core/include/moveit_smoothing_base_export.h
[4.450s] -- Up-to-date: /home/kush/UR5_Project_New/install/moveit_core/include/moveit_butterworth_filter_export.h
[4.450s] -- Up-to-date: /home/kush/UR5_Project_New/install/moveit_core/include
[4.451s] -- Up-to-date: /home/kush/UR5_Project_New/install/moveit_core/include/moveit
[4.451s] -- Up-to-date: /home/kush/UR5_Project_New/install/moveit_core/include/moveit/planning_interface
[4.451s] -- Up-to-date: /home/kush/UR5_Project_New/install/moveit_core/include/moveit/planning_interface/planning_request.h
[4.451s] -- Up-to-date: /home/kush/UR5_Project_New/install/moveit_core/include/moveit/planning_interface/planning_response.h
[4.451s] -- Up-to-date: /home/kush/UR5_Project_New/install/moveit_core/include/moveit/planning_interface/planning_interface.h
[4.451s] -- Up-to-date: /home/kush/UR5_Project_New/install/moveit_core/include
[4.451s] -- Up-to-date: /home/kush/UR5_Project_New/install/moveit_core/include/moveit
[4.464s] -- Up-to-date: /home/kush/UR5_Project_New/install/moveit_core/include/moveit/planning_request_adapter
[4.464s] -- Up-to-date: /home/kush/UR5_Project_New/install/moveit_core/include/moveit/planning_request_adapter/planning_request_adapter.h
[4.464s] -- Up-to-date: /home/kush/UR5_Project_New/install/moveit_core/include
[4.464s] -- Up-to-date: /home/kush/UR5_Project_New/install/moveit_core/include/moveit
[4.465s] -- Up-to-date: /home/kush/UR5_Project_New/install/moveit_core/include/moveit/planning_scene
[4.465s] -- Up-to-date: /home/kush/UR5_Project_New/install/moveit_core/include/moveit/planning_scene/planning_scene.h
[4.465s] -- Up-to-date: /home/kush/UR5_Project_New/install/moveit_core/include/moveit_planning_scene_export.h
[4.465s] -- Up-to-date: /home/kush/UR5_Project_New/install/moveit_core/include
[4.465s] -- Up-to-date: /home/kush/UR5_Project_New/install/moveit_core/include/moveit
[4.466s] -- Up-to-date: /home/kush/UR5_Project_New/install/moveit_core/include/moveit/robot_model
[4.466s] -- Up-to-date: /home/kush/UR5_Project_New/install/moveit_core/include/moveit/robot_model/revolute_joint_model.h
[4.466s] -- Up-to-date: /home/kush/UR5_Project_New/install/moveit_core/include/moveit/robot_model/prismatic_joint_model.h
[4.466s] -- Up-to-date: /home/kush/UR5_Project_New/install/moveit_core/include/moveit/robot_model/floating_joint_model.h
[4.466s] -- Up-to-date: /home/kush/UR5_Project_New/install/moveit_core/include/moveit/robot_model/robot_model.h
[4.469s] -- Up-to-date: /home/kush/UR5_Project_New/install/moveit_core/include/moveit/robot_model/fixed_joint_model.h
[4.469s] -- Up-to-date: /home/kush/UR5_Project_New/install/moveit_core/include/moveit/robot_model/link_model.h
[4.469s] -- Up-to-date: /home/kush/UR5_Project_New/install/moveit_core/include/moveit/robot_model/joint_model.h
[4.469s] -- Up-to-date: /home/kush/UR5_Project_New/install/moveit_core/include/moveit/robot_model/planar_joint_model.h
[4.469s] -- Up-to-date: /home/kush/UR5_Project_New/install/moveit_core/include/moveit/robot_model/joint_model_group.h
[4.470s] -- Up-to-date: /home/kush/UR5_Project_New/install/moveit_core/include/moveit/robot_model/aabb.h
[4.470s] -- Up-to-date: /home/kush/UR5_Project_New/install/moveit_core/include
[4.470s] -- Up-to-date: /home/kush/UR5_Project_New/install/moveit_core/include/moveit
[4.470s] -- Up-to-date: /home/kush/UR5_Project_New/install/moveit_core/include/moveit/robot_state
[4.470s] -- Up-to-date: /home/kush/UR5_Project_New/install/moveit_core/include/moveit/robot_state/conversions.h
[4.470s] -- Up-to-date: /home/kush/UR5_Project_New/install/moveit_core/include/moveit/robot_state/attached_body.h
[4.471s] -- Up-to-date: /home/kush/UR5_Project_New/install/moveit_core/include/moveit/robot_state/cartesian_interpolator.h
[4.471s] -- Up-to-date: /home/kush/UR5_Project_New/install/moveit_core/include/moveit/robot_state/robot_state.h
[4.471s] -- Up-to-date: /home/kush/UR5_Project_New/install/moveit_core/include
[4.471s] -- Up-to-date: /home/kush/UR5_Project_New/install/moveit_core/include/moveit
[4.471s] -- Up-to-date: /home/kush/UR5_Project_New/install/moveit_core/include/moveit/robot_trajectory
[4.471s] -- Up-to-date: /home/kush/UR5_Project_New/install/moveit_core/include/moveit/robot_trajectory/robot_trajectory.h
[4.471s] -- Up-to-date: /home/kush/UR5_Project_New/install/moveit_core/include
[4.472s] -- Up-to-date: /home/kush/UR5_Project_New/install/moveit_core/include/moveit
[4.472s] -- Up-to-date: /home/kush/UR5_Project_New/install/moveit_core/include/moveit/sensor_manager
[4.472s] -- Up-to-date: /home/kush/UR5_Project_New/install/moveit_core/include/moveit/sensor_manager/sensor_manager.h
[4.472s] -- Up-to-date: /home/kush/UR5_Project_New/install/moveit_core/include
[4.473s] -- Up-to-date: /home/kush/UR5_Project_New/install/moveit_core/include/moveit
[4.473s] -- Up-to-date: /home/kush/UR5_Project_New/install/moveit_core/include/moveit/trajectory_processing
[4.473s] -- Up-to-date: /home/kush/UR5_Project_New/install/moveit_core/include/moveit/trajectory_processing/trajectory_tools.h
[4.473s] -- Up-to-date: /home/kush/UR5_Project_New/install/moveit_core/include/moveit/trajectory_processing/iterative_spline_parameterization.h
[4.474s] -- Up-to-date: /home/kush/UR5_Project_New/install/moveit_core/include/moveit/trajectory_processing/time_parameterization.h
[4.474s] -- Up-to-date: /home/kush/UR5_Project_New/install/moveit_core/include/moveit/trajectory_processing/ruckig_traj_smoothing.h
[4.474s] -- Up-to-date: /home/kush/UR5_Project_New/install/moveit_core/include/moveit/trajectory_processing/iterative_time_parameterization.h
[4.474s] -- Up-to-date: /home/kush/UR5_Project_New/install/moveit_core/include/moveit/trajectory_processing/time_optimal_trajectory_generation.h
[4.474s] -- Up-to-date: /home/kush/UR5_Project_New/install/moveit_core/include
[4.474s] -- Up-to-date: /home/kush/UR5_Project_New/install/moveit_core/include/moveit
[4.475s] -- Up-to-date: /home/kush/UR5_Project_New/install/moveit_core/include/moveit/transforms
[4.475s] -- Up-to-date: /home/kush/UR5_Project_New/install/moveit_core/include/moveit/transforms/transforms.h
[4.475s] -- Up-to-date: /home/kush/UR5_Project_New/install/moveit_core/include
[4.475s] -- Up-to-date: /home/kush/UR5_Project_New/install/moveit_core/include/moveit
[4.475s] -- Up-to-date: /home/kush/UR5_Project_New/install/moveit_core/include/moveit/utils
[4.475s] -- Up-to-date: /home/kush/UR5_Project_New/install/moveit_core/include/moveit/utils/message_checks.h
[4.476s] -- Up-to-date: /home/kush/UR5_Project_New/install/moveit_core/include/moveit/utils/lexical_casts.h
[4.476s] -- Up-to-date: /home/kush/UR5_Project_New/install/moveit_core/include/moveit/utils/rclcpp_utils.h
[4.476s] -- Up-to-date: /home/kush/UR5_Project_New/install/moveit_core/include/moveit/utils/robot_model_test_utils.h
[4.476s] -- Up-to-date: /home/kush/UR5_Project_New/install/moveit_core/include/moveit/utils/moveit_error_code.h
[4.476s] -- Up-to-date: /home/kush/UR5_Project_New/install/moveit_core/bin/moveit_version
[4.476s] -- Up-to-date: /home/kush/UR5_Project_New/install/moveit_core/include
[4.477s] -- Up-to-date: /home/kush/UR5_Project_New/install/moveit_core/include/moveit
[4.477s] -- Up-to-date: /home/kush/UR5_Project_New/install/moveit_core/include/moveit/collision_detection
[4.477s] -- Up-to-date: /home/kush/UR5_Project_New/install/moveit_core/include/moveit/collision_detection/test_collision_common_pr2.h
[4.477s] -- Up-to-date: /home/kush/UR5_Project_New/install/moveit_core/include/moveit/collision_detection/world_diff.h
[4.477s] -- Up-to-date: /home/kush/UR5_Project_New/install/moveit_core/include/moveit/collision_detection/occupancy_map.h
[4.477s] -- Up-to-date: /home/kush/UR5_Project_New/install/moveit_core/include/moveit/collision_detection/collision_env.h
[4.478s] -- Up-to-date: /home/kush/UR5_Project_New/install/moveit_core/include/moveit/collision_detection/world.h
[4.478s] -- Up-to-date: /home/kush/UR5_Project_New/install/moveit_core/include/moveit/collision_detection/collision_matrix.h
[4.478s] -- Up-to-date: /home/kush/UR5_Project_New/install/moveit_core/include/moveit/collision_detection/collision_tools.h
[4.478s] -- Up-to-date: /home/kush/UR5_Project_New/install/moveit_core/include/moveit/collision_detection/collision_plugin_cache.h
[4.478s] -- Up-to-date: /home/kush/UR5_Project_New/install/moveit_core/include/moveit/collision_detection/collision_plugin.h
[4.479s] -- Up-to-date: /home/kush/UR5_Project_New/install/moveit_core/include/moveit/collision_detection/allvalid
[4.479s] -- Up-to-date: /home/kush/UR5_Project_New/install/moveit_core/include/moveit/collision_detection/allvalid/collision_env_allvalid.h
[4.479s] -- Up-to-date: /home/kush/UR5_Project_New/install/moveit_core/include/moveit/collision_detection/allvalid/collision_detector_allocator_allvalid.h
[4.479s] -- Up-to-date: /home/kush/UR5_Project_New/install/moveit_core/include/moveit/collision_detection/test_collision_common_panda.h
[4.493s] -- Up-to-date: /home/kush/UR5_Project_New/install/moveit_core/include/moveit/collision_detection/collision_detector_allocator.h
[4.493s] -- Up-to-date: /home/kush/UR5_Project_New/install/moveit_core/include/moveit/collision_detection/collision_octomap_filter.h
[4.493s] -- Up-to-date: /home/kush/UR5_Project_New/install/moveit_core/include/moveit/collision_detection/collision_common.h
[4.493s] -- Up-to-date: /home/kush/UR5_Project_New/install/moveit_core/include/moveit_collision_detection_export.h
[4.494s] -- Up-to-date: /home/kush/UR5_Project_New/install/moveit_core/include
[4.494s] -- Up-to-date: /home/kush/UR5_Project_New/install/moveit_core/include/moveit
[4.494s] -- Up-to-date: /home/kush/UR5_Project_New/install/moveit_core/include/moveit/collision_detection_bullet
[4.494s] -- Up-to-date: /home/kush/UR5_Project_New/install/moveit_core/include/moveit/collision_detection_bullet/collision_detector_allocator_bullet.h
[4.494s] -- Up-to-date: /home/kush/UR5_Project_New/install/moveit_core/include/moveit/collision_detection_bullet/bullet_integration
[4.495s] -- Up-to-date: /home/kush/UR5_Project_New/install/moveit_core/include/moveit/collision_detection_bullet/bullet_integration/bullet_utils.h
[4.495s] -- Up-to-date: /home/kush/UR5_Project_New/install/moveit_core/include/moveit/collision_detection_bullet/bullet_integration/contact_checker_common.h
[4.495s] -- Up-to-date: /home/kush/UR5_Project_New/install/moveit_core/include/moveit/collision_detection_bullet/bullet_integration/bullet_bvh_manager.h
[4.495s] -- Up-to-date: /home/kush/UR5_Project_New/install/moveit_core/include/moveit/collision_detection_bullet/bullet_integration/bullet_cast_bvh_manager.h
[4.495s] -- Up-to-date: /home/kush/UR5_Project_New/install/moveit_core/include/moveit/collision_detection_bullet/bullet_integration/bullet_discrete_bvh_manager.h
[4.495s] -- Up-to-date: /home/kush/UR5_Project_New/install/moveit_core/include/moveit/collision_detection_bullet/bullet_integration/basic_types.h
[4.496s] -- Up-to-date: /home/kush/UR5_Project_New/install/moveit_core/include/moveit/collision_detection_bullet/bullet_integration/ros_bullet_utils.h
[4.496s] -- Up-to-date: /home/kush/UR5_Project_New/install/moveit_core/include/moveit/collision_detection_bullet/collision_env_bullet.h
[4.496s] -- Up-to-date: /home/kush/UR5_Project_New/install/moveit_core/include/moveit/collision_detection_bullet/collision_detector_bullet_plugin_loader.h
[4.496s] -- Up-to-date: /home/kush/UR5_Project_New/install/moveit_core/include/moveit_collision_detection_bullet_export.h
[4.496s] -- Up-to-date: /home/kush/UR5_Project_New/install/moveit_core/lib/libmoveit_collision_detection_bullet.so.2.5.4
[4.496s] -- Up-to-date: /home/kush/UR5_Project_New/install/moveit_core/lib/libmoveit_collision_detection_bullet.so
[4.497s] -- Up-to-date: /home/kush/UR5_Project_New/install/moveit_core/lib/libcollision_detector_bullet_plugin.so.2.5.4
[4.497s] -- Up-to-date: /home/kush/UR5_Project_New/install/moveit_core/lib/libcollision_detector_bullet_plugin.so
[4.497s] -- Up-to-date: /home/kush/UR5_Project_New/install/moveit_core/share/moveit_core/environment/library_path.sh
[4.497s] -- Up-to-date: /home/kush/UR5_Project_New/install/moveit_core/share/moveit_core/environment/library_path.dsv
[4.497s] -- Up-to-date: /home/kush/UR5_Project_New/install/moveit_core/include
[4.497s] -- Up-to-date: /home/kush/UR5_Project_New/install/moveit_core/include/moveit
[4.498s] -- Up-to-date: /home/kush/UR5_Project_New/install/moveit_core/include/moveit/collision_detection_fcl
[4.498s] -- Up-to-date: /home/kush/UR5_Project_New/install/moveit_core/include/moveit/collision_detection_fcl/collision_detector_fcl_plugin_loader.h
[4.498s] -- Up-to-date: /home/kush/UR5_Project_New/install/moveit_core/include/moveit/collision_detection_fcl/fcl_compat.h
[4.498s] -- Up-to-date: /home/kush/UR5_Project_New/install/moveit_core/include/moveit/collision_detection_fcl/collision_env_fcl.h
[4.498s] -- Up-to-date: /home/kush/UR5_Project_New/install/moveit_core/include/moveit/collision_detection_fcl/collision_detector_allocator_fcl.h
[4.498s] -- Up-to-date: /home/kush/UR5_Project_New/install/moveit_core/include/moveit/collision_detection_fcl/collision_common.h
[4.499s] -- Up-to-date: /home/kush/UR5_Project_New/install/moveit_core/include/moveit_collision_detection_fcl_export.h
[4.499s] -- Up-to-date: /home/kush/UR5_Project_New/install/moveit_core/lib/libmoveit_butterworth_filter.so.2.5.4
[4.499s] -- Up-to-date: /home/kush/UR5_Project_New/install/moveit_core/lib/libmoveit_butterworth_filter.so
[4.499s] -- Up-to-date: /home/kush/UR5_Project_New/install/moveit_core/lib/libmoveit_collision_distance_field.so.2.5.4
[4.499s] -- Up-to-date: /home/kush/UR5_Project_New/install/moveit_core/lib/libmoveit_collision_distance_field.so
[4.500s] -- Up-to-date: /home/kush/UR5_Project_New/install/moveit_core/lib/libmoveit_collision_detection.so.2.5.4
[4.500s] -- Up-to-date: /home/kush/UR5_Project_New/install/moveit_core/lib/libmoveit_collision_detection.so
[4.500s] -- Up-to-date: /home/kush/UR5_Project_New/install/moveit_core/lib/libmoveit_collision_detection_fcl.so.2.5.4
[4.500s] -- Up-to-date: /home/kush/UR5_Project_New/install/moveit_core/lib/libmoveit_collision_detection_fcl.so
[4.500s] -- Up-to-date: /home/kush/UR5_Project_New/install/moveit_core/lib/libmoveit_collision_detection_bullet.so.2.5.4
[4.500s] -- Up-to-date: /home/kush/UR5_Project_New/install/moveit_core/lib/libmoveit_collision_detection_bullet.so
[4.501s] -- Up-to-date: /home/kush/UR5_Project_New/install/moveit_core/lib/libmoveit_dynamics_solver.so.2.5.4
[4.501s] -- Up-to-date: /home/kush/UR5_Project_New/install/moveit_core/lib/libmoveit_dynamics_solver.so
[4.501s] -- Up-to-date: /home/kush/UR5_Project_New/install/moveit_core/lib/libmoveit_constraint_samplers.so.2.5.4
[4.501s] -- Up-to-date: /home/kush/UR5_Project_New/install/moveit_core/lib/libmoveit_constraint_samplers.so
[4.501s] -- Up-to-date: /home/kush/UR5_Project_New/install/moveit_core/lib/libmoveit_distance_field.so.2.5.4
[4.501s] -- Up-to-date: /home/kush/UR5_Project_New/install/moveit_core/lib/libmoveit_distance_field.so
[4.502s] -- Up-to-date: /home/kush/UR5_Project_New/install/moveit_core/lib/libmoveit_exceptions.so.2.5.4
[4.502s] -- Up-to-date: /home/kush/UR5_Project_New/install/moveit_core/lib/libmoveit_exceptions.so
[4.502s] -- Up-to-date: /home/kush/UR5_Project_New/install/moveit_core/lib/libmoveit_kinematics_base.so
[4.502s] -- Up-to-date: /home/kush/UR5_Project_New/install/moveit_core/lib/libmoveit_kinematic_constraints.so.2.5.4
[4.502s] -- Up-to-date: /home/kush/UR5_Project_New/install/moveit_core/lib/libmoveit_kinematic_constraints.so
[4.502s] -- Up-to-date: /home/kush/UR5_Project_New/install/moveit_core/lib/libmoveit_kinematics_metrics.so.2.5.4
[4.503s] -- Up-to-date: /home/kush/UR5_Project_New/install/moveit_core/lib/libmoveit_kinematics_metrics.so
[4.503s] -- Up-to-date: /home/kush/UR5_Project_New/install/moveit_core/lib/libmoveit_planning_interface.so.2.5.4
[4.503s] -- Up-to-date: /home/kush/UR5_Project_New/install/moveit_core/lib/libmoveit_planning_interface.so
[4.503s] -- Up-to-date: /home/kush/UR5_Project_New/install/moveit_core/lib/libmoveit_planning_scene.so.2.5.4
[4.503s] -- Up-to-date: /home/kush/UR5_Project_New/install/moveit_core/lib/libmoveit_planning_scene.so
[4.504s] -- Up-to-date: /home/kush/UR5_Project_New/install/moveit_core/lib/libmoveit_planning_request_adapter.so.2.5.4
[4.504s] -- Up-to-date: /home/kush/UR5_Project_New/install/moveit_core/lib/libmoveit_planning_request_adapter.so
[4.504s] -- Up-to-date: /home/kush/UR5_Project_New/install/moveit_core/lib/libmoveit_robot_model.so.2.5.4
[4.504s] -- Up-to-date: /home/kush/UR5_Project_New/install/moveit_core/lib/libmoveit_robot_model.so
[4.504s] -- Up-to-date: /home/kush/UR5_Project_New/install/moveit_core/lib/libmoveit_robot_state.so.2.5.4
[4.504s] -- Up-to-date: /home/kush/UR5_Project_New/install/moveit_core/lib/libmoveit_robot_state.so
[4.505s] -- Up-to-date: /home/kush/UR5_Project_New/install/moveit_core/lib/libmoveit_robot_trajectory.so.2.5.4
[4.505s] -- Up-to-date: /home/kush/UR5_Project_New/install/moveit_core/lib/libmoveit_robot_trajectory.so
[4.505s] -- Up-to-date: /home/kush/UR5_Project_New/install/moveit_core/lib/libmoveit_smoothing_base.so.2.5.4
[4.505s] -- Up-to-date: /home/kush/UR5_Project_New/install/moveit_core/lib/libmoveit_smoothing_base.so
[4.505s] -- Up-to-date: /home/kush/UR5_Project_New/install/moveit_core/lib/libmoveit_test_utils.so.2.5.4
[4.506s] -- Up-to-date: /home/kush/UR5_Project_New/install/moveit_core/lib/libmoveit_test_utils.so
[4.506s] -- Up-to-date: /home/kush/UR5_Project_New/install/moveit_core/lib/libmoveit_trajectory_processing.so.2.5.4
[4.506s] -- Up-to-date: /home/kush/UR5_Project_New/install/moveit_core/lib/libmoveit_trajectory_processing.so
[4.506s] -- Up-to-date: /home/kush/UR5_Project_New/install/moveit_core/lib/libmoveit_transforms.so.2.5.4
[4.506s] -- Up-to-date: /home/kush/UR5_Project_New/install/moveit_core/lib/libmoveit_transforms.so
[4.518s] -- Up-to-date: /home/kush/UR5_Project_New/install/moveit_core/lib/libmoveit_utils.so.2.5.4
[4.518s] -- Up-to-date: /home/kush/UR5_Project_New/install/moveit_core/lib/libmoveit_utils.so
[4.518s] -- Up-to-date: /home/kush/UR5_Project_New/install/moveit_core/share/moveit_core/environment/library_path.sh
[4.519s] -- Up-to-date: /home/kush/UR5_Project_New/install/moveit_core/share/moveit_core/environment/library_path.dsv
[4.519s] -- Up-to-date: /home/kush/UR5_Project_New/install/moveit_core/share/moveit_core/collision_detector_fcl_description.xml
[4.519s] -- Up-to-date: /home/kush/UR5_Project_New/install/moveit_core/share/moveit_core/collision_detector_bullet_description.xml
[4.519s] -- Up-to-date: /home/kush/UR5_Project_New/install/moveit_core/share/moveit_core/filter_plugin_butterworth.xml
[4.519s] -- Up-to-date: /home/kush/UR5_Project_New/install/moveit_core/share/ament_index/resource_index/package_run_dependencies/moveit_core
[4.519s] -- Up-to-date: /home/kush/UR5_Project_New/install/moveit_core/share/ament_index/resource_index/parent_prefix_path/moveit_core
[4.520s] -- Up-to-date: /home/kush/UR5_Project_New/install/moveit_core/share/moveit_core/environment/ament_prefix_path.sh
[4.520s] -- Up-to-date: /home/kush/UR5_Project_New/install/moveit_core/share/moveit_core/environment/ament_prefix_path.dsv
[4.520s] -- Up-to-date: /home/kush/UR5_Project_New/install/moveit_core/share/moveit_core/environment/path.sh
[4.520s] -- Up-to-date: /home/kush/UR5_Project_New/install/moveit_core/share/moveit_core/environment/path.dsv
[4.520s] -- Up-to-date: /home/kush/UR5_Project_New/install/moveit_core/share/moveit_core/local_setup.bash
[4.521s] -- Up-to-date: /home/kush/UR5_Project_New/install/moveit_core/share/moveit_core/local_setup.sh
[4.521s] -- Up-to-date: /home/kush/UR5_Project_New/install/moveit_core/share/moveit_core/local_setup.zsh
[4.521s] -- Up-to-date: /home/kush/UR5_Project_New/install/moveit_core/share/moveit_core/local_setup.dsv
[4.521s] -- Installing: /home/kush/UR5_Project_New/install/moveit_core/share/moveit_core/package.dsv
[4.521s] -- Up-to-date: /home/kush/UR5_Project_New/install/moveit_core/share/ament_index/resource_index/packages/moveit_core
[4.521s] -- Up-to-date: /home/kush/UR5_Project_New/install/moveit_core/share/ament_index/resource_index/moveit_core__pluginlib__plugin/moveit_core
[4.522s] -- Up-to-date: /home/kush/UR5_Project_New/install/moveit_core/share/moveit_core/cmake/export_moveit_coreExport.cmake
[4.522s] -- Up-to-date: /home/kush/UR5_Project_New/install/moveit_core/share/moveit_core/cmake/export_moveit_coreExport-release.cmake
[4.522s] -- Up-to-date: /home/kush/UR5_Project_New/install/moveit_core/share/moveit_core/cmake/ConfigExtras.cmake
[4.522s] -- Up-to-date: /home/kush/UR5_Project_New/install/moveit_core/share/moveit_core/cmake/ament_cmake_export_targets-extras.cmake
[4.522s] -- Up-to-date: /home/kush/UR5_Project_New/install/moveit_core/share/moveit_core/cmake/ament_cmake_export_dependencies-extras.cmake
[4.523s] -- Up-to-date: /home/kush/UR5_Project_New/install/moveit_core/share/moveit_core/cmake/moveit_coreConfig.cmake
[4.523s] -- Up-to-date: /home/kush/UR5_Project_New/install/moveit_core/share/moveit_core/cmake/moveit_coreConfig-version.cmake
[4.523s] -- Up-to-date: /home/kush/UR5_Project_New/install/moveit_core/share/moveit_core/package.xml
[4.540s] Invoked command in '/home/kush/UR5_Project_New/build/moveit_core' returned '0': AMENT_PREFIX_PATH=/home/kush/UR5_Project_New/install/moveit_resources_panda_moveit_config:/home/kush/UR5_Project_New/install/srdfdom:/home/kush/UR5_Project_New/install/moveit_resources_pr2_description:/home/kush/UR5_Project_New/install/moveit_resources_panda_description:/home/kush/UR5_Project_New/install/moveit_common:${AMENT_PREFIX_PATH} CMAKE_PREFIX_PATH=/home/kush/UR5_Project_New/install/moveit_resources_panda_moveit_config:/home/kush/UR5_Project_New/install/srdfdom:/home/kush/UR5_Project_New/install/moveit_resources_pr2_description:/home/kush/UR5_Project_New/install/moveit_resources_panda_description:/home/kush/UR5_Project_New/install/moveit_common:/opt/ros/humble LD_LIBRARY_PATH=/home/kush/UR5_Project_New/install/srdfdom/lib:${LD_LIBRARY_PATH} PYTHONPATH=/home/kush/UR5_Project_New/install/srdfdom/local/lib/python3.10/dist-packages:${PYTHONPATH} /usr/bin/cmake --install /home/kush/UR5_Project_New/build/moveit_core
