[0.102s] Invoking command in '/home/kush/UR5_Project_New/build/moveit_visual_tools': AMENT_PREFIX_PATH=/home/kush/UR5_Project_New/install/moveit_ros_planning:/home/kush/UR5_Project_New/install/moveit_ros_occupancy_map_monitor:/home/kush/UR5_Project_New/install/moveit_core:/home/kush/UR5_Project_New/install/srdfdom:/home/kush/UR5_Project_New/install/moveit_common:${AMENT_PREFIX_PATH} CMAKE_PREFIX_PATH=/home/kush/UR5_Project_New/install/moveit_ros_planning:/home/kush/UR5_Project_New/install/moveit_ros_occupancy_map_monitor:/home/kush/UR5_Project_New/install/moveit_core:/home/kush/UR5_Project_New/install/srdfdom:/home/kush/UR5_Project_New/install/moveit_common:/opt/ros/humble LD_LIBRARY_PATH=/home/kush/UR5_Project_New/install/moveit_ros_planning/lib:/home/kush/UR5_Project_New/install/moveit_ros_occupancy_map_monitor/lib:/home/kush/UR5_Project_New/install/moveit_core/lib:/home/kush/UR5_Project_New/install/srdfdom/lib:${LD_LIBRARY_PATH} PATH=/home/kush/UR5_Project_New/install/moveit_core/bin:${PATH} PYTHONPATH=/home/kush/UR5_Project_New/install/srdfdom/local/lib/python3.10/dist-packages:${PYTHONPATH} /usr/bin/cmake --build /home/kush/UR5_Project_New/build/moveit_visual_tools -- -j4 -l4
[1.346s] [ 66%] Built target moveit_visual_tools
[1.458s] [100%] Built target moveit_visual_tools_demo
[1.500s] Invoked command in '/home/kush/UR5_Project_New/build/moveit_visual_tools' returned '0': AMENT_PREFIX_PATH=/home/kush/UR5_Project_New/install/moveit_ros_planning:/home/kush/UR5_Project_New/install/moveit_ros_occupancy_map_monitor:/home/kush/UR5_Project_New/install/moveit_core:/home/kush/UR5_Project_New/install/srdfdom:/home/kush/UR5_Project_New/install/moveit_common:${AMENT_PREFIX_PATH} CMAKE_PREFIX_PATH=/home/kush/UR5_Project_New/install/moveit_ros_planning:/home/kush/UR5_Project_New/install/moveit_ros_occupancy_map_monitor:/home/kush/UR5_Project_New/install/moveit_core:/home/kush/UR5_Project_New/install/srdfdom:/home/kush/UR5_Project_New/install/moveit_common:/opt/ros/humble LD_LIBRARY_PATH=/home/kush/UR5_Project_New/install/moveit_ros_planning/lib:/home/kush/UR5_Project_New/install/moveit_ros_occupancy_map_monitor/lib:/home/kush/UR5_Project_New/install/moveit_core/lib:/home/kush/UR5_Project_New/install/srdfdom/lib:${LD_LIBRARY_PATH} PATH=/home/kush/UR5_Project_New/install/moveit_core/bin:${PATH} PYTHONPATH=/home/kush/UR5_Project_New/install/srdfdom/local/lib/python3.10/dist-packages:${PYTHONPATH} /usr/bin/cmake --build /home/kush/UR5_Project_New/build/moveit_visual_tools -- -j4 -l4
[1.570s] Invoking command in '/home/kush/UR5_Project_New/build/moveit_visual_tools': AMENT_PREFIX_PATH=/home/kush/UR5_Project_New/install/moveit_ros_planning:/home/kush/UR5_Project_New/install/moveit_ros_occupancy_map_monitor:/home/kush/UR5_Project_New/install/moveit_core:/home/kush/UR5_Project_New/install/srdfdom:/home/kush/UR5_Project_New/install/moveit_common:${AMENT_PREFIX_PATH} CMAKE_PREFIX_PATH=/home/kush/UR5_Project_New/install/moveit_ros_planning:/home/kush/UR5_Project_New/install/moveit_ros_occupancy_map_monitor:/home/kush/UR5_Project_New/install/moveit_core:/home/kush/UR5_Project_New/install/srdfdom:/home/kush/UR5_Project_New/install/moveit_common:/opt/ros/humble LD_LIBRARY_PATH=/home/kush/UR5_Project_New/install/moveit_ros_planning/lib:/home/kush/UR5_Project_New/install/moveit_ros_occupancy_map_monitor/lib:/home/kush/UR5_Project_New/install/moveit_core/lib:/home/kush/UR5_Project_New/install/srdfdom/lib:${LD_LIBRARY_PATH} PATH=/home/kush/UR5_Project_New/install/moveit_core/bin:${PATH} PYTHONPATH=/home/kush/UR5_Project_New/install/srdfdom/local/lib/python3.10/dist-packages:${PYTHONPATH} /usr/bin/cmake --install /home/kush/UR5_Project_New/build/moveit_visual_tools
[1.597s] -- Install configuration: "Release"
[1.597s] -- Up-to-date: /home/kush/UR5_Project_New/install/moveit_visual_tools/share/moveit_visual_tools/environment/library_path.sh
[1.597s] -- Up-to-date: /home/kush/UR5_Project_New/install/moveit_visual_tools/share/moveit_visual_tools/environment/library_path.dsv
[1.649s] -- Up-to-date: /home/kush/UR5_Project_New/install/moveit_visual_tools/lib/libmoveit_visual_tools.so
[1.711s] -- Up-to-date: /home/kush/UR5_Project_New/install/moveit_visual_tools/lib/moveit_visual_tools/moveit_visual_tools_demo
[1.711s] -- Up-to-date: /home/kush/UR5_Project_New/install/moveit_visual_tools/include
[1.712s] -- Up-to-date: /home/kush/UR5_Project_New/install/moveit_visual_tools/include/moveit_visual_tools
[1.712s] -- Up-to-date: /home/kush/UR5_Project_New/install/moveit_visual_tools/include/moveit_visual_tools/moveit_visual_tools.h
[1.712s] -- Up-to-date: /home/kush/UR5_Project_New/install/moveit_visual_tools/include/moveit_visual_tools/imarker_robot_state.h
[1.713s] -- Up-to-date: /home/kush/UR5_Project_New/install/moveit_visual_tools/include/moveit_visual_tools/imarker_end_effector.h
[1.713s] -- Up-to-date: /home/kush/UR5_Project_New/install/moveit_visual_tools/share/moveit_visual_tools/launch
[1.713s] -- Up-to-date: /home/kush/UR5_Project_New/install/moveit_visual_tools/share/moveit_visual_tools/launch/demo.rviz
[1.713s] -- Up-to-date: /home/kush/UR5_Project_New/install/moveit_visual_tools/share/moveit_visual_tools/launch/demo_rviz.launch.py
[1.713s] -- Up-to-date: /home/kush/UR5_Project_New/install/moveit_visual_tools/share/moveit_visual_tools/resources
[1.713s] -- Up-to-date: /home/kush/UR5_Project_New/install/moveit_visual_tools/share/moveit_visual_tools/resources/screenshot.png
[1.713s] -- Up-to-date: /home/kush/UR5_Project_New/install/moveit_visual_tools/share/moveit_visual_tools/resources/rrbot.srdf
[1.713s] -- Up-to-date: /home/kush/UR5_Project_New/install/moveit_visual_tools/share/moveit_visual_tools/resources/demo.png
[1.714s] -- Up-to-date: /home/kush/UR5_Project_New/install/moveit_visual_tools/share/moveit_visual_tools/resources/rrbot.urdf
[1.714s] -- Up-to-date: /home/kush/UR5_Project_New/install/moveit_visual_tools/share/moveit_visual_tools/resources/demo_mesh.stl
[1.714s] -- Up-to-date: /home/kush/UR5_Project_New/install/moveit_visual_tools/share/ament_index/resource_index/package_run_dependencies/moveit_visual_tools
[1.714s] -- Up-to-date: /home/kush/UR5_Project_New/install/moveit_visual_tools/share/ament_index/resource_index/parent_prefix_path/moveit_visual_tools
[1.714s] -- Up-to-date: /home/kush/UR5_Project_New/install/moveit_visual_tools/share/moveit_visual_tools/environment/ament_prefix_path.sh
[1.714s] -- Up-to-date: /home/kush/UR5_Project_New/install/moveit_visual_tools/share/moveit_visual_tools/environment/ament_prefix_path.dsv
[1.714s] -- Up-to-date: /home/kush/UR5_Project_New/install/moveit_visual_tools/share/moveit_visual_tools/environment/path.sh
[1.714s] -- Up-to-date: /home/kush/UR5_Project_New/install/moveit_visual_tools/share/moveit_visual_tools/environment/path.dsv
[1.714s] -- Up-to-date: /home/kush/UR5_Project_New/install/moveit_visual_tools/share/moveit_visual_tools/local_setup.bash
[1.714s] -- Up-to-date: /home/kush/UR5_Project_New/install/moveit_visual_tools/share/moveit_visual_tools/local_setup.sh
[1.714s] -- Up-to-date: /home/kush/UR5_Project_New/install/moveit_visual_tools/share/moveit_visual_tools/local_setup.zsh
[1.715s] -- Up-to-date: /home/kush/UR5_Project_New/install/moveit_visual_tools/share/moveit_visual_tools/local_setup.dsv
[1.715s] -- Installing: /home/kush/UR5_Project_New/install/moveit_visual_tools/share/moveit_visual_tools/package.dsv
[1.727s] -- Up-to-date: /home/kush/UR5_Project_New/install/moveit_visual_tools/share/ament_index/resource_index/packages/moveit_visual_tools
[1.774s] -- Up-to-date: /home/kush/UR5_Project_New/install/moveit_visual_tools/share/moveit_visual_tools/cmake/export_moveit_visual_toolsExport.cmake
[1.774s] -- Up-to-date: /home/kush/UR5_Project_New/install/moveit_visual_tools/share/moveit_visual_tools/cmake/export_moveit_visual_toolsExport-release.cmake
[1.774s] -- Up-to-date: /home/kush/UR5_Project_New/install/moveit_visual_tools/share/moveit_visual_tools/cmake/ament_cmake_export_targets-extras.cmake
[1.775s] -- Up-to-date: /home/kush/UR5_Project_New/install/moveit_visual_tools/share/moveit_visual_tools/cmake/ament_cmake_export_dependencies-extras.cmake
[1.775s] -- Up-to-date: /home/kush/UR5_Project_New/install/moveit_visual_tools/share/moveit_visual_tools/cmake/moveit_visual_toolsConfig.cmake
[1.775s] -- Up-to-date: /home/kush/UR5_Project_New/install/moveit_visual_tools/share/moveit_visual_tools/cmake/moveit_visual_toolsConfig-version.cmake
[1.775s] -- Up-to-date: /home/kush/UR5_Project_New/install/moveit_visual_tools/share/moveit_visual_tools/package.xml
[1.785s] Invoked command in '/home/kush/UR5_Project_New/build/moveit_visual_tools' returned '0': AMENT_PREFIX_PATH=/home/kush/UR5_Project_New/install/moveit_ros_planning:/home/kush/UR5_Project_New/install/moveit_ros_occupancy_map_monitor:/home/kush/UR5_Project_New/install/moveit_core:/home/kush/UR5_Project_New/install/srdfdom:/home/kush/UR5_Project_New/install/moveit_common:${AMENT_PREFIX_PATH} CMAKE_PREFIX_PATH=/home/kush/UR5_Project_New/install/moveit_ros_planning:/home/kush/UR5_Project_New/install/moveit_ros_occupancy_map_monitor:/home/kush/UR5_Project_New/install/moveit_core:/home/kush/UR5_Project_New/install/srdfdom:/home/kush/UR5_Project_New/install/moveit_common:/opt/ros/humble LD_LIBRARY_PATH=/home/kush/UR5_Project_New/install/moveit_ros_planning/lib:/home/kush/UR5_Project_New/install/moveit_ros_occupancy_map_monitor/lib:/home/kush/UR5_Project_New/install/moveit_core/lib:/home/kush/UR5_Project_New/install/srdfdom/lib:${LD_LIBRARY_PATH} PATH=/home/kush/UR5_Project_New/install/moveit_core/bin:${PATH} PYTHONPATH=/home/kush/UR5_Project_New/install/srdfdom/local/lib/python3.10/dist-packages:${PYTHONPATH} /usr/bin/cmake --install /home/kush/UR5_Project_New/build/moveit_visual_tools
