[0.462s] Invoking command in '/home/kush/UR5_Project_New/build/moveit_task_constructor_core': AMENT_PREFIX_PATH=/home/kush/UR5_Project_New/install/moveit_planners:/home/kush/UR5_Project_New/install/pilz_industrial_motion_planner:/home/kush/UR5_Project_New/install/moveit_ros_planning_interface:/home/kush/UR5_Project_New/install/moveit_ros_move_group:/home/kush/UR5_Project_New/install/moveit_ros_warehouse:/home/kush/UR5_Project_New/install/moveit_planners_ompl:/home/kush/UR5_Project_New/install/moveit_kinematics:/home/kush/UR5_Project_New/install/moveit_ros_planning:/home/kush/UR5_Project_New/install/moveit_ros_occupancy_map_monitor:/home/kush/UR5_Project_New/install/moveit_core:/home/kush/UR5_Project_New/install/rviz_marker_tools:/home/kush/UR5_Project_New/install/moveit_configs_utils:/home/kush/UR5_Project_New/install/srdfdom:/home/kush/UR5_Project_New/install/moveit_task_constructor_msgs:/home/kush/UR5_Project_New/install/moveit_common:/home/kush/UR5_Project_New/install/launch_param_builder:${AMENT_PREFIX_PATH} CMAKE_PREFIX_PATH=/home/kush/UR5_Project_New/install/moveit_planners:/home/kush/UR5_Project_New/install/pilz_industrial_motion_planner:/home/kush/UR5_Project_New/install/moveit_ros_planning_interface:/home/kush/UR5_Project_New/install/moveit_ros_move_group:/home/kush/UR5_Project_New/install/moveit_ros_warehouse:/home/kush/UR5_Project_New/install/moveit_planners_ompl:/home/kush/UR5_Project_New/install/moveit_kinematics:/home/kush/UR5_Project_New/install/moveit_ros_planning:/home/kush/UR5_Project_New/install/moveit_ros_occupancy_map_monitor:/home/kush/UR5_Project_New/install/moveit_core:/home/kush/UR5_Project_New/install/rviz_marker_tools:/home/kush/UR5_Project_New/install/srdfdom:/home/kush/UR5_Project_New/install/moveit_task_constructor_msgs:/home/kush/UR5_Project_New/install/moveit_common:/opt/ros/humble LD_LIBRARY_PATH=/home/kush/UR5_Project_New/install/pilz_industrial_motion_planner/lib:/home/kush/UR5_Project_New/install/moveit_ros_planning_interface/lib:/home/kush/UR5_Project_New/install/moveit_ros_move_group/lib:/home/kush/UR5_Project_New/install/moveit_ros_warehouse/lib:/home/kush/UR5_Project_New/install/moveit_planners_ompl/lib:/home/kush/UR5_Project_New/install/moveit_kinematics/lib:/home/kush/UR5_Project_New/install/moveit_ros_planning/lib:/home/kush/UR5_Project_New/install/moveit_ros_occupancy_map_monitor/lib:/home/kush/UR5_Project_New/install/moveit_core/lib:/home/kush/UR5_Project_New/install/rviz_marker_tools/lib:/home/kush/UR5_Project_New/install/srdfdom/lib:/home/kush/UR5_Project_New/install/moveit_task_constructor_msgs/lib:${LD_LIBRARY_PATH} PATH=/home/kush/UR5_Project_New/install/moveit_core/bin:${PATH} PYTHONPATH=/home/kush/UR5_Project_New/install/moveit_configs_utils/lib/python3.10/site-packages:/home/kush/UR5_Project_New/install/srdfdom/local/lib/python3.10/dist-packages:/home/kush/UR5_Project_New/install/moveit_task_constructor_msgs/local/lib/python3.10/dist-packages:/home/kush/UR5_Project_New/install/launch_param_builder/lib/python3.10/site-packages:${PYTHONPATH} /usr/bin/cmake /home/kush/UR5_Project_New/src/moveit_task_constructor/core -DCMAKE_INSTALL_PREFIX=/home/kush/UR5_Project_New/install/moveit_task_constructor_core
[0.554s] -- Found ament_cmake: 1.3.5 (/opt/ros/humble/share/ament_cmake/cmake)
[1.390s] -- Found Boost: /usr/lib/x86_64-linux-gnu/cmake/Boost-1.74.0/BoostConfig.cmake (found version "1.74.0")  
[1.393s] -- Found geometry_msgs: 4.2.3 (/opt/ros/humble/share/geometry_msgs/cmake)
[1.477s] -- Found rosidl_generator_c: 3.1.5 (/opt/ros/humble/share/rosidl_generator_c/cmake)
[1.484s] -- Found rosidl_adapter: 3.1.5 (/opt/ros/humble/share/rosidl_adapter/cmake)
[1.500s] -- Found rosidl_generator_cpp: 3.1.5 (/opt/ros/humble/share/rosidl_generator_cpp/cmake)
[1.537s] -- Using all available rosidl_typesupport_c: rosidl_typesupport_fastrtps_c;rosidl_typesupport_introspection_c
[1.580s] -- Using all available rosidl_typesupport_cpp: rosidl_typesupport_fastrtps_cpp;rosidl_typesupport_introspection_cpp
[1.914s] -- Found moveit_common: 2.5.4 (/home/kush/UR5_Project_New/install/moveit_common/share/moveit_common/cmake)
[2.214s] -- Could NOT find libbfd (missing: LIBBFD_LIBRARY LIBBFD_INCLUDE_DIR) 
[2.216s] -- BACKWARD_HAS_UNWIND=1
[2.216s] -- BACKWARD_HAS_BACKTRACE=0
[2.216s] -- BACKWARD_HAS_BACKTRACE_SYMBOL=0
[2.217s] -- BACKWARD_HAS_DW=1
[2.217s] -- BACKWARD_HAS_BFD=0
[2.226s] -- Found Backward: /opt/ros/humble/share/backward_ros/cmake  
[2.228s] -- Found moveit_core: 2.5.4 (/home/kush/UR5_Project_New/install/moveit_core/share/moveit_core/cmake)
[2.273s] -- Found Boost: /usr/lib/x86_64-linux-gnu/cmake/Boost-1.74.0/BoostConfig.cmake (found version "1.74.0") found components: chrono date_time filesystem iostreams program_options regex serialization system thread 
[2.315s] -- Found parameter_traits: 0.3.3 (/opt/ros/humble/share/parameter_traits/cmake)
[2.506s] -- Found rmw_implementation_cmake: 6.1.1 (/opt/ros/humble/share/rmw_implementation_cmake/cmake)
[2.509s] -- Found rmw_fastrtps_cpp: 6.2.3 (/opt/ros/humble/share/rmw_fastrtps_cpp/cmake)
[2.967s] -- Using RMW implementation 'rmw_fastrtps_cpp' as default
[3.402s] -- Found rclcpp_lifecycle: 16.0.5 (/opt/ros/humble/share/rclcpp_lifecycle/cmake)
[3.532s] -- Found Boost: /usr/lib/x86_64-linux-gnu/cmake/Boost-1.74.0/BoostConfig.cmake (found version "1.74.0") found components: filesystem 
[3.633s] -- library: /usr/lib/x86_64-linux-gnu/libcurl.so
[4.745s] -- Ensuring Eigen3 include directory is part of orocos-kdl CMake target
[8.379s] -- Found moveit_ros_planning: 2.5.4 (/home/kush/UR5_Project_New/install/moveit_ros_planning/share/moveit_ros_planning/cmake)
[8.396s] -- Found Boost: /usr/lib/x86_64-linux-gnu/cmake/Boost-1.74.0/BoostConfig.cmake (found version "1.74.0") found components: system filesystem date_time program_options thread chrono 
[9.611s] -- Found moveit_ros_planning_interface: 2.5.4 (/home/kush/UR5_Project_New/install/moveit_ros_planning_interface/share/moveit_ros_planning_interface/cmake)
[9.624s] -- Found Boost: /usr/lib/x86_64-linux-gnu/cmake/Boost-1.74.0/BoostConfig.cmake (found version "1.74.0") found components: date_time filesystem program_options system thread 
[10.181s] -- Found Boost: /usr/lib/x86_64-linux-gnu/cmake/Boost-1.74.0/BoostConfig.cmake (found version "1.74.0") found components: thread system filesystem regex date_time program_options 
[10.929s] -- Found Boost: /usr/lib/x86_64-linux-gnu/cmake/Boost-1.74.0/BoostConfig.cmake (found version "1.74.0") found components: system filesystem date_time program_options thread 
[12.141s] -- Found moveit_task_constructor_msgs: 0.1.3 (/home/kush/UR5_Project_New/install/moveit_task_constructor_msgs/share/moveit_task_constructor_msgs/cmake)
[13.150s] -- Found rviz_marker_tools: 0.1.3 (/home/kush/UR5_Project_New/install/rviz_marker_tools/share/rviz_marker_tools/cmake)
[13.361s] -- Found ament_cmake_gtest: 1.3.5 (/opt/ros/humble/share/ament_cmake_gtest/cmake)
[13.363s] -- Found ament_cmake_gmock: 1.3.5 (/opt/ros/humble/share/ament_cmake_gmock/cmake)
[13.364s] -- Found launch_testing_ament_cmake: 1.0.4 (/opt/ros/humble/share/launch_testing_ament_cmake/cmake)
[13.366s] -- Found python_cmake_module: 0.10.0 (/opt/ros/humble/share/python_cmake_module/cmake)
[13.460s] -- Using PYTHON_EXECUTABLE: /usr/bin/python3
[13.461s] -- Using PYTHON_INCLUDE_DIRS: /usr/include/python3.10
[13.463s] -- Using PYTHON_LIBRARIES: /usr/lib/x86_64-linux-gnu/libpython3.10.so
[13.468s] -- Found gtest sources under '/opt/ros/humble/src/gtest_vendor': C++ tests using 'Google Test' will be built
[13.518s] -- Found gmock sources under '/opt/ros/humble/src/gmock_vendor': C++ tests using 'Google Mock' will be built
[13.719s] -- Configuring done
[22.663s] -- Generating done
[22.706s] -- Build files have been written to: /home/kush/UR5_Project_New/build/moveit_task_constructor_core
[22.840s] Invoked command in '/home/kush/UR5_Project_New/build/moveit_task_constructor_core' returned '0': AMENT_PREFIX_PATH=/home/kush/UR5_Project_New/install/moveit_planners:/home/kush/UR5_Project_New/install/pilz_industrial_motion_planner:/home/kush/UR5_Project_New/install/moveit_ros_planning_interface:/home/kush/UR5_Project_New/install/moveit_ros_move_group:/home/kush/UR5_Project_New/install/moveit_ros_warehouse:/home/kush/UR5_Project_New/install/moveit_planners_ompl:/home/kush/UR5_Project_New/install/moveit_kinematics:/home/kush/UR5_Project_New/install/moveit_ros_planning:/home/kush/UR5_Project_New/install/moveit_ros_occupancy_map_monitor:/home/kush/UR5_Project_New/install/moveit_core:/home/kush/UR5_Project_New/install/rviz_marker_tools:/home/kush/UR5_Project_New/install/moveit_configs_utils:/home/kush/UR5_Project_New/install/srdfdom:/home/kush/UR5_Project_New/install/moveit_task_constructor_msgs:/home/kush/UR5_Project_New/install/moveit_common:/home/kush/UR5_Project_New/install/launch_param_builder:${AMENT_PREFIX_PATH} CMAKE_PREFIX_PATH=/home/kush/UR5_Project_New/install/moveit_planners:/home/kush/UR5_Project_New/install/pilz_industrial_motion_planner:/home/kush/UR5_Project_New/install/moveit_ros_planning_interface:/home/kush/UR5_Project_New/install/moveit_ros_move_group:/home/kush/UR5_Project_New/install/moveit_ros_warehouse:/home/kush/UR5_Project_New/install/moveit_planners_ompl:/home/kush/UR5_Project_New/install/moveit_kinematics:/home/kush/UR5_Project_New/install/moveit_ros_planning:/home/kush/UR5_Project_New/install/moveit_ros_occupancy_map_monitor:/home/kush/UR5_Project_New/install/moveit_core:/home/kush/UR5_Project_New/install/rviz_marker_tools:/home/kush/UR5_Project_New/install/srdfdom:/home/kush/UR5_Project_New/install/moveit_task_constructor_msgs:/home/kush/UR5_Project_New/install/moveit_common:/opt/ros/humble LD_LIBRARY_PATH=/home/kush/UR5_Project_New/install/pilz_industrial_motion_planner/lib:/home/kush/UR5_Project_New/install/moveit_ros_planning_interface/lib:/home/kush/UR5_Project_New/install/moveit_ros_move_group/lib:/home/kush/UR5_Project_New/install/moveit_ros_warehouse/lib:/home/kush/UR5_Project_New/install/moveit_planners_ompl/lib:/home/kush/UR5_Project_New/install/moveit_kinematics/lib:/home/kush/UR5_Project_New/install/moveit_ros_planning/lib:/home/kush/UR5_Project_New/install/moveit_ros_occupancy_map_monitor/lib:/home/kush/UR5_Project_New/install/moveit_core/lib:/home/kush/UR5_Project_New/install/rviz_marker_tools/lib:/home/kush/UR5_Project_New/install/srdfdom/lib:/home/kush/UR5_Project_New/install/moveit_task_constructor_msgs/lib:${LD_LIBRARY_PATH} PATH=/home/kush/UR5_Project_New/install/moveit_core/bin:${PATH} PYTHONPATH=/home/kush/UR5_Project_New/install/moveit_configs_utils/lib/python3.10/site-packages:/home/kush/UR5_Project_New/install/srdfdom/local/lib/python3.10/dist-packages:/home/kush/UR5_Project_New/install/moveit_task_constructor_msgs/local/lib/python3.10/dist-packages:/home/kush/UR5_Project_New/install/launch_param_builder/lib/python3.10/site-packages:${PYTHONPATH} /usr/bin/cmake /home/kush/UR5_Project_New/src/moveit_task_constructor/core -DCMAKE_INSTALL_PREFIX=/home/kush/UR5_Project_New/install/moveit_task_constructor_core
[22.841s] Invoking command in '/home/kush/UR5_Project_New/build/moveit_task_constructor_core': AMENT_PREFIX_PATH=/home/kush/UR5_Project_New/install/moveit_planners:/home/kush/UR5_Project_New/install/pilz_industrial_motion_planner:/home/kush/UR5_Project_New/install/moveit_ros_planning_interface:/home/kush/UR5_Project_New/install/moveit_ros_move_group:/home/kush/UR5_Project_New/install/moveit_ros_warehouse:/home/kush/UR5_Project_New/install/moveit_planners_ompl:/home/kush/UR5_Project_New/install/moveit_kinematics:/home/kush/UR5_Project_New/install/moveit_ros_planning:/home/kush/UR5_Project_New/install/moveit_ros_occupancy_map_monitor:/home/kush/UR5_Project_New/install/moveit_core:/home/kush/UR5_Project_New/install/rviz_marker_tools:/home/kush/UR5_Project_New/install/moveit_configs_utils:/home/kush/UR5_Project_New/install/srdfdom:/home/kush/UR5_Project_New/install/moveit_task_constructor_msgs:/home/kush/UR5_Project_New/install/moveit_common:/home/kush/UR5_Project_New/install/launch_param_builder:${AMENT_PREFIX_PATH} CMAKE_PREFIX_PATH=/home/kush/UR5_Project_New/install/moveit_planners:/home/kush/UR5_Project_New/install/pilz_industrial_motion_planner:/home/kush/UR5_Project_New/install/moveit_ros_planning_interface:/home/kush/UR5_Project_New/install/moveit_ros_move_group:/home/kush/UR5_Project_New/install/moveit_ros_warehouse:/home/kush/UR5_Project_New/install/moveit_planners_ompl:/home/kush/UR5_Project_New/install/moveit_kinematics:/home/kush/UR5_Project_New/install/moveit_ros_planning:/home/kush/UR5_Project_New/install/moveit_ros_occupancy_map_monitor:/home/kush/UR5_Project_New/install/moveit_core:/home/kush/UR5_Project_New/install/rviz_marker_tools:/home/kush/UR5_Project_New/install/srdfdom:/home/kush/UR5_Project_New/install/moveit_task_constructor_msgs:/home/kush/UR5_Project_New/install/moveit_common:/opt/ros/humble LD_LIBRARY_PATH=/home/kush/UR5_Project_New/install/pilz_industrial_motion_planner/lib:/home/kush/UR5_Project_New/install/moveit_ros_planning_interface/lib:/home/kush/UR5_Project_New/install/moveit_ros_move_group/lib:/home/kush/UR5_Project_New/install/moveit_ros_warehouse/lib:/home/kush/UR5_Project_New/install/moveit_planners_ompl/lib:/home/kush/UR5_Project_New/install/moveit_kinematics/lib:/home/kush/UR5_Project_New/install/moveit_ros_planning/lib:/home/kush/UR5_Project_New/install/moveit_ros_occupancy_map_monitor/lib:/home/kush/UR5_Project_New/install/moveit_core/lib:/home/kush/UR5_Project_New/install/rviz_marker_tools/lib:/home/kush/UR5_Project_New/install/srdfdom/lib:/home/kush/UR5_Project_New/install/moveit_task_constructor_msgs/lib:${LD_LIBRARY_PATH} PATH=/home/kush/UR5_Project_New/install/moveit_core/bin:${PATH} PYTHONPATH=/home/kush/UR5_Project_New/install/moveit_configs_utils/lib/python3.10/site-packages:/home/kush/UR5_Project_New/install/srdfdom/local/lib/python3.10/dist-packages:/home/kush/UR5_Project_New/install/moveit_task_constructor_msgs/local/lib/python3.10/dist-packages:/home/kush/UR5_Project_New/install/launch_param_builder/lib/python3.10/site-packages:${PYTHONPATH} /usr/bin/cmake --build /home/kush/UR5_Project_New/build/moveit_task_constructor_core -- -j4 -l4
[23.356s] [35m[1mConsolidate compiler generated dependencies of target moveit_task_constructor_core[0m
[23.996s] [ 21%] Built target moveit_task_constructor_core
[24.045s] [35m[1mConsolidate compiler generated dependencies of target gmock_main[0m
[24.128s] [ 23%] Built target gmock_main
[24.269s] [35m[1mConsolidate compiler generated dependencies of target gmock[0m
[24.325s] [ 27%] Built target gmock
[24.698s] [35m[1mConsolidate compiler generated dependencies of target moveit_task_constructor_core_stages[0m
[25.559s] [ 50%] Built target moveit_task_constructor_core_stages
[25.646s] [35m[1mConsolidate compiler generated dependencies of target gtest_utils[0m
[25.784s] [ 55%] Built target gtest_utils
[25.829s] [35m[1mConsolidate compiler generated dependencies of target moveit_task_constructor_core_stage_plugins[0m
[25.903s] [ 57%] Built target moveit_task_constructor_core_stage_plugins
[25.945s] [35m[1mConsolidate compiler generated dependencies of target gtest[0m
[25.992s] [ 60%] Built target gtest
[26.025s] [35m[1mConsolidate compiler generated dependencies of target gtest_main[0m
[26.093s] [ 63%] Built target gtest_main
[26.157s] [35m[1mConsolidate compiler generated dependencies of target moveit_task_constructor_core-test-stage[0m
[26.346s] [ 65%] Built target moveit_task_constructor_core-test-stage
[26.449s] [35m[1mConsolidate compiler generated dependencies of target moveit_task_constructor_core-test-pruning[0m
[26.598s] [ 68%] Built target moveit_task_constructor_core-test-pruning
[26.669s] [35m[1mConsolidate compiler generated dependencies of target moveit_task_constructor_core-test-properties[0m
[26.754s] [ 71%] Built target moveit_task_constructor_core-test-properties
[26.817s] [35m[1mConsolidate compiler generated dependencies of target moveit_task_constructor_core-test-cost-terms[0m
[26.976s] [ 73%] Built target moveit_task_constructor_core-test-cost-terms
[27.047s] [35m[1mConsolidate compiler generated dependencies of target moveit_task_constructor_core-test-fallback[0m
[27.154s] [ 76%] Built target moveit_task_constructor_core-test-fallback
[27.196s] [35m[1mConsolidate compiler generated dependencies of target moveit_task_constructor_core-test-cost-queue[0m
[27.331s] [ 78%] Built target moveit_task_constructor_core-test-cost-queue
[27.451s] [35m[1mConsolidate compiler generated dependencies of target moveit_task_constructor_core-test-interface-state[0m
[27.664s] [ 81%] Built target moveit_task_constructor_core-test-interface-state
[27.802s] [35m[1mConsolidate compiler generated dependencies of target moveit_task_constructor_core-test-move-to[0m
[27.947s] [ 84%] Built target moveit_task_constructor_core-test-move-to
[27.998s] [35m[1mConsolidate compiler generated dependencies of target moveit_task_constructor_core-test-move-relative[0m
[28.085s] [ 86%] Built target moveit_task_constructor_core-test-move-relative
[28.126s] [35m[1mConsolidate compiler generated dependencies of target pick_ur5[0m
[28.218s] [ 89%] Built target pick_ur5
[28.266s] [35m[1mConsolidate compiler generated dependencies of target pick_pr2[0m
[28.374s] [ 92%] Built target pick_pr2
[28.448s] [35m[1mConsolidate compiler generated dependencies of target pick_pa10[0m
[28.552s] [ 94%] Built target pick_pa10
[28.588s] [35m[1mConsolidate compiler generated dependencies of target moveit_task_constructor_core-test-serial[0m
[28.682s] [ 97%] Built target moveit_task_constructor_core-test-serial
[28.752s] [35m[1mConsolidate compiler generated dependencies of target moveit_task_constructor_core-test-container[0m
[28.858s] [100%] Built target moveit_task_constructor_core-test-container
[28.917s] Invoked command in '/home/kush/UR5_Project_New/build/moveit_task_constructor_core' returned '0': AMENT_PREFIX_PATH=/home/kush/UR5_Project_New/install/moveit_planners:/home/kush/UR5_Project_New/install/pilz_industrial_motion_planner:/home/kush/UR5_Project_New/install/moveit_ros_planning_interface:/home/kush/UR5_Project_New/install/moveit_ros_move_group:/home/kush/UR5_Project_New/install/moveit_ros_warehouse:/home/kush/UR5_Project_New/install/moveit_planners_ompl:/home/kush/UR5_Project_New/install/moveit_kinematics:/home/kush/UR5_Project_New/install/moveit_ros_planning:/home/kush/UR5_Project_New/install/moveit_ros_occupancy_map_monitor:/home/kush/UR5_Project_New/install/moveit_core:/home/kush/UR5_Project_New/install/rviz_marker_tools:/home/kush/UR5_Project_New/install/moveit_configs_utils:/home/kush/UR5_Project_New/install/srdfdom:/home/kush/UR5_Project_New/install/moveit_task_constructor_msgs:/home/kush/UR5_Project_New/install/moveit_common:/home/kush/UR5_Project_New/install/launch_param_builder:${AMENT_PREFIX_PATH} CMAKE_PREFIX_PATH=/home/kush/UR5_Project_New/install/moveit_planners:/home/kush/UR5_Project_New/install/pilz_industrial_motion_planner:/home/kush/UR5_Project_New/install/moveit_ros_planning_interface:/home/kush/UR5_Project_New/install/moveit_ros_move_group:/home/kush/UR5_Project_New/install/moveit_ros_warehouse:/home/kush/UR5_Project_New/install/moveit_planners_ompl:/home/kush/UR5_Project_New/install/moveit_kinematics:/home/kush/UR5_Project_New/install/moveit_ros_planning:/home/kush/UR5_Project_New/install/moveit_ros_occupancy_map_monitor:/home/kush/UR5_Project_New/install/moveit_core:/home/kush/UR5_Project_New/install/rviz_marker_tools:/home/kush/UR5_Project_New/install/srdfdom:/home/kush/UR5_Project_New/install/moveit_task_constructor_msgs:/home/kush/UR5_Project_New/install/moveit_common:/opt/ros/humble LD_LIBRARY_PATH=/home/kush/UR5_Project_New/install/pilz_industrial_motion_planner/lib:/home/kush/UR5_Project_New/install/moveit_ros_planning_interface/lib:/home/kush/UR5_Project_New/install/moveit_ros_move_group/lib:/home/kush/UR5_Project_New/install/moveit_ros_warehouse/lib:/home/kush/UR5_Project_New/install/moveit_planners_ompl/lib:/home/kush/UR5_Project_New/install/moveit_kinematics/lib:/home/kush/UR5_Project_New/install/moveit_ros_planning/lib:/home/kush/UR5_Project_New/install/moveit_ros_occupancy_map_monitor/lib:/home/kush/UR5_Project_New/install/moveit_core/lib:/home/kush/UR5_Project_New/install/rviz_marker_tools/lib:/home/kush/UR5_Project_New/install/srdfdom/lib:/home/kush/UR5_Project_New/install/moveit_task_constructor_msgs/lib:${LD_LIBRARY_PATH} PATH=/home/kush/UR5_Project_New/install/moveit_core/bin:${PATH} PYTHONPATH=/home/kush/UR5_Project_New/install/moveit_configs_utils/lib/python3.10/site-packages:/home/kush/UR5_Project_New/install/srdfdom/local/lib/python3.10/dist-packages:/home/kush/UR5_Project_New/install/moveit_task_constructor_msgs/local/lib/python3.10/dist-packages:/home/kush/UR5_Project_New/install/launch_param_builder/lib/python3.10/site-packages:${PYTHONPATH} /usr/bin/cmake --build /home/kush/UR5_Project_New/build/moveit_task_constructor_core -- -j4 -l4
[29.026s] Invoking command in '/home/kush/UR5_Project_New/build/moveit_task_constructor_core': AMENT_PREFIX_PATH=/home/kush/UR5_Project_New/install/moveit_planners:/home/kush/UR5_Project_New/install/pilz_industrial_motion_planner:/home/kush/UR5_Project_New/install/moveit_ros_planning_interface:/home/kush/UR5_Project_New/install/moveit_ros_move_group:/home/kush/UR5_Project_New/install/moveit_ros_warehouse:/home/kush/UR5_Project_New/install/moveit_planners_ompl:/home/kush/UR5_Project_New/install/moveit_kinematics:/home/kush/UR5_Project_New/install/moveit_ros_planning:/home/kush/UR5_Project_New/install/moveit_ros_occupancy_map_monitor:/home/kush/UR5_Project_New/install/moveit_core:/home/kush/UR5_Project_New/install/rviz_marker_tools:/home/kush/UR5_Project_New/install/moveit_configs_utils:/home/kush/UR5_Project_New/install/srdfdom:/home/kush/UR5_Project_New/install/moveit_task_constructor_msgs:/home/kush/UR5_Project_New/install/moveit_common:/home/kush/UR5_Project_New/install/launch_param_builder:${AMENT_PREFIX_PATH} CMAKE_PREFIX_PATH=/home/kush/UR5_Project_New/install/moveit_planners:/home/kush/UR5_Project_New/install/pilz_industrial_motion_planner:/home/kush/UR5_Project_New/install/moveit_ros_planning_interface:/home/kush/UR5_Project_New/install/moveit_ros_move_group:/home/kush/UR5_Project_New/install/moveit_ros_warehouse:/home/kush/UR5_Project_New/install/moveit_planners_ompl:/home/kush/UR5_Project_New/install/moveit_kinematics:/home/kush/UR5_Project_New/install/moveit_ros_planning:/home/kush/UR5_Project_New/install/moveit_ros_occupancy_map_monitor:/home/kush/UR5_Project_New/install/moveit_core:/home/kush/UR5_Project_New/install/rviz_marker_tools:/home/kush/UR5_Project_New/install/srdfdom:/home/kush/UR5_Project_New/install/moveit_task_constructor_msgs:/home/kush/UR5_Project_New/install/moveit_common:/opt/ros/humble LD_LIBRARY_PATH=/home/kush/UR5_Project_New/install/pilz_industrial_motion_planner/lib:/home/kush/UR5_Project_New/install/moveit_ros_planning_interface/lib:/home/kush/UR5_Project_New/install/moveit_ros_move_group/lib:/home/kush/UR5_Project_New/install/moveit_ros_warehouse/lib:/home/kush/UR5_Project_New/install/moveit_planners_ompl/lib:/home/kush/UR5_Project_New/install/moveit_kinematics/lib:/home/kush/UR5_Project_New/install/moveit_ros_planning/lib:/home/kush/UR5_Project_New/install/moveit_ros_occupancy_map_monitor/lib:/home/kush/UR5_Project_New/install/moveit_core/lib:/home/kush/UR5_Project_New/install/rviz_marker_tools/lib:/home/kush/UR5_Project_New/install/srdfdom/lib:/home/kush/UR5_Project_New/install/moveit_task_constructor_msgs/lib:${LD_LIBRARY_PATH} PATH=/home/kush/UR5_Project_New/install/moveit_core/bin:${PATH} PYTHONPATH=/home/kush/UR5_Project_New/install/moveit_configs_utils/lib/python3.10/site-packages:/home/kush/UR5_Project_New/install/srdfdom/local/lib/python3.10/dist-packages:/home/kush/UR5_Project_New/install/moveit_task_constructor_msgs/local/lib/python3.10/dist-packages:/home/kush/UR5_Project_New/install/launch_param_builder/lib/python3.10/site-packages:${PYTHONPATH} /usr/bin/cmake --install /home/kush/UR5_Project_New/build/moveit_task_constructor_core
[29.048s] -- Install configuration: "Release"
[29.049s] -- Up-to-date: /home/kush/UR5_Project_New/install/moveit_task_constructor_core/include
[29.051s] -- Up-to-date: /home/kush/UR5_Project_New/install/moveit_task_constructor_core/include/moveit
[29.053s] -- Up-to-date: /home/kush/UR5_Project_New/install/moveit_task_constructor_core/include/moveit/python
[29.055s] -- Up-to-date: /home/kush/UR5_Project_New/install/moveit_task_constructor_core/include/moveit/python/task_constructor
[29.057s] -- Up-to-date: /home/kush/UR5_Project_New/install/moveit_task_constructor_core/include/moveit/python/task_constructor/properties.h
[29.059s] -- Up-to-date: /home/kush/UR5_Project_New/install/moveit_task_constructor_core/include/moveit/python/python_tools
[29.062s] -- Up-to-date: /home/kush/UR5_Project_New/install/moveit_task_constructor_core/include/moveit/python/python_tools/ros_types.h
[29.063s] -- Up-to-date: /home/kush/UR5_Project_New/install/moveit_task_constructor_core/include/moveit/task_constructor
[29.064s] -- Up-to-date: /home/kush/UR5_Project_New/install/moveit_task_constructor_core/include/moveit/task_constructor/moveit_compat.h
[29.064s] -- Up-to-date: /home/kush/UR5_Project_New/install/moveit_task_constructor_core/include/moveit/task_constructor/merge.h
[29.067s] -- Up-to-date: /home/kush/UR5_Project_New/install/moveit_task_constructor_core/include/moveit/task_constructor/storage.h
[29.068s] -- Up-to-date: /home/kush/UR5_Project_New/install/moveit_task_constructor_core/include/moveit/task_constructor/solvers.h
[29.068s] -- Up-to-date: /home/kush/UR5_Project_New/install/moveit_task_constructor_core/include/moveit/task_constructor/properties.h
[29.069s] -- Up-to-date: /home/kush/UR5_Project_New/install/moveit_task_constructor_core/include/moveit/task_constructor/cost_terms.h
[29.069s] -- Up-to-date: /home/kush/UR5_Project_New/install/moveit_task_constructor_core/include/moveit/task_constructor/container.h
[29.074s] -- Up-to-date: /home/kush/UR5_Project_New/install/moveit_task_constructor_core/include/moveit/task_constructor/stage.h
[29.074s] -- Up-to-date: /home/kush/UR5_Project_New/install/moveit_task_constructor_core/include/moveit/task_constructor/utils.h
[29.074s] -- Up-to-date: /home/kush/UR5_Project_New/install/moveit_task_constructor_core/include/moveit/task_constructor/task.h
[29.075s] -- Up-to-date: /home/kush/UR5_Project_New/install/moveit_task_constructor_core/include/moveit/task_constructor/marker_tools.h
[29.075s] -- Up-to-date: /home/kush/UR5_Project_New/install/moveit_task_constructor_core/include/moveit/task_constructor/solvers
[29.075s] -- Up-to-date: /home/kush/UR5_Project_New/install/moveit_task_constructor_core/include/moveit/task_constructor/solvers/pipeline_planner.h
[29.076s] -- Up-to-date: /home/kush/UR5_Project_New/install/moveit_task_constructor_core/include/moveit/task_constructor/solvers/cartesian_path.h
[29.076s] -- Up-to-date: /home/kush/UR5_Project_New/install/moveit_task_constructor_core/include/moveit/task_constructor/solvers/planner_interface.h
[29.076s] -- Up-to-date: /home/kush/UR5_Project_New/install/moveit_task_constructor_core/include/moveit/task_constructor/solvers/multi_planner.h
[29.076s] -- Up-to-date: /home/kush/UR5_Project_New/install/moveit_task_constructor_core/include/moveit/task_constructor/solvers/joint_interpolation.h
[29.077s] -- Up-to-date: /home/kush/UR5_Project_New/install/moveit_task_constructor_core/include/moveit/task_constructor/stages.h
[29.077s] -- Up-to-date: /home/kush/UR5_Project_New/install/moveit_task_constructor_core/include/moveit/task_constructor/cost_queue.h
[29.077s] -- Up-to-date: /home/kush/UR5_Project_New/install/moveit_task_constructor_core/include/moveit/task_constructor/introspection.h
[29.077s] -- Up-to-date: /home/kush/UR5_Project_New/install/moveit_task_constructor_core/include/moveit/task_constructor/stages
[29.077s] -- Up-to-date: /home/kush/UR5_Project_New/install/moveit_task_constructor_core/include/moveit/task_constructor/stages/pick.h
[29.077s] -- Up-to-date: /home/kush/UR5_Project_New/install/moveit_task_constructor_core/include/moveit/task_constructor/stages/passthrough.h
[29.077s] -- Up-to-date: /home/kush/UR5_Project_New/install/moveit_task_constructor_core/include/moveit/task_constructor/stages/generate_pose.h
[29.078s] -- Up-to-date: /home/kush/UR5_Project_New/install/moveit_task_constructor_core/include/moveit/task_constructor/stages/current_state.h
[29.078s] -- Up-to-date: /home/kush/UR5_Project_New/install/moveit_task_constructor_core/include/moveit/task_constructor/stages/generate_place_pose.h
[29.078s] -- Up-to-date: /home/kush/UR5_Project_New/install/moveit_task_constructor_core/include/moveit/task_constructor/stages/fixed_cartesian_poses.h
[29.080s] -- Up-to-date: /home/kush/UR5_Project_New/install/moveit_task_constructor_core/include/moveit/task_constructor/stages/move_to.h
[29.081s] -- Up-to-date: /home/kush/UR5_Project_New/install/moveit_task_constructor_core/include/moveit/task_constructor/stages/connect.h
[29.084s] -- Up-to-date: /home/kush/UR5_Project_New/install/moveit_task_constructor_core/include/moveit/task_constructor/stages/compute_ik.h
[29.085s] -- Up-to-date: /home/kush/UR5_Project_New/install/moveit_task_constructor_core/include/moveit/task_constructor/stages/fixed_state.h
[29.085s] -- Up-to-date: /home/kush/UR5_Project_New/install/moveit_task_constructor_core/include/moveit/task_constructor/stages/move_relative.h
[29.085s] -- Up-to-date: /home/kush/UR5_Project_New/install/moveit_task_constructor_core/include/moveit/task_constructor/stages/modify_planning_scene.h
[29.085s] -- Up-to-date: /home/kush/UR5_Project_New/install/moveit_task_constructor_core/include/moveit/task_constructor/stages/fix_collision_objects.h
[29.086s] -- Up-to-date: /home/kush/UR5_Project_New/install/moveit_task_constructor_core/include/moveit/task_constructor/stages/predicate_filter.h
[29.086s] -- Up-to-date: /home/kush/UR5_Project_New/install/moveit_task_constructor_core/include/moveit/task_constructor/stages/generate_grasp_pose.h
[29.086s] -- Up-to-date: /home/kush/UR5_Project_New/install/moveit_task_constructor_core/include/moveit/task_constructor/stages/simple_grasp.h
[29.086s] -- Up-to-date: /home/kush/UR5_Project_New/install/moveit_task_constructor_core/include/moveit/task_constructor/type_traits.h
[29.086s] -- Up-to-date: /home/kush/UR5_Project_New/install/moveit_task_constructor_core/share/moveit_task_constructor_core/motion_planning_stages_plugin_description.xml
[29.087s] -- Up-to-date: /home/kush/UR5_Project_New/install/moveit_task_constructor_core/share/moveit_task_constructor_core/environment/library_path.sh
[29.087s] -- Installing: /home/kush/UR5_Project_New/install/moveit_task_constructor_core/share/moveit_task_constructor_core/environment/library_path.dsv
[29.087s] -- Up-to-date: /home/kush/UR5_Project_New/install/moveit_task_constructor_core/share/ament_index/resource_index/package_run_dependencies/moveit_task_constructor_core
[29.087s] -- Up-to-date: /home/kush/UR5_Project_New/install/moveit_task_constructor_core/share/ament_index/resource_index/parent_prefix_path/moveit_task_constructor_core
[29.087s] -- Up-to-date: /home/kush/UR5_Project_New/install/moveit_task_constructor_core/share/moveit_task_constructor_core/environment/ament_prefix_path.sh
[29.088s] -- Installing: /home/kush/UR5_Project_New/install/moveit_task_constructor_core/share/moveit_task_constructor_core/environment/ament_prefix_path.dsv
[29.088s] -- Up-to-date: /home/kush/UR5_Project_New/install/moveit_task_constructor_core/share/moveit_task_constructor_core/environment/path.sh
[29.088s] -- Installing: /home/kush/UR5_Project_New/install/moveit_task_constructor_core/share/moveit_task_constructor_core/environment/path.dsv
[29.089s] -- Up-to-date: /home/kush/UR5_Project_New/install/moveit_task_constructor_core/share/moveit_task_constructor_core/local_setup.bash
[29.089s] -- Up-to-date: /home/kush/UR5_Project_New/install/moveit_task_constructor_core/share/moveit_task_constructor_core/local_setup.sh
[29.090s] -- Up-to-date: /home/kush/UR5_Project_New/install/moveit_task_constructor_core/share/moveit_task_constructor_core/local_setup.zsh
[29.091s] -- Installing: /home/kush/UR5_Project_New/install/moveit_task_constructor_core/share/moveit_task_constructor_core/local_setup.dsv
[29.096s] -- Installing: /home/kush/UR5_Project_New/install/moveit_task_constructor_core/share/moveit_task_constructor_core/package.dsv
[29.097s] -- Up-to-date: /home/kush/UR5_Project_New/install/moveit_task_constructor_core/share/ament_index/resource_index/packages/moveit_task_constructor_core
[29.098s] -- Up-to-date: /home/kush/UR5_Project_New/install/moveit_task_constructor_core/share/ament_index/resource_index/moveit_task_constructor_core__pluginlib__plugin/moveit_task_constructor_core
[29.111s] -- Up-to-date: /home/kush/UR5_Project_New/install/moveit_task_constructor_core/share/moveit_task_constructor_core/cmake/moveit_task_constructor_coreTargetsExport.cmake
[29.112s] -- Up-to-date: /home/kush/UR5_Project_New/install/moveit_task_constructor_core/share/moveit_task_constructor_core/cmake/moveit_task_constructor_coreTargetsExport-release.cmake
[29.113s] -- Up-to-date: /home/kush/UR5_Project_New/install/moveit_task_constructor_core/share/moveit_task_constructor_core/cmake/ament_cmake_export_targets-extras.cmake
[29.113s] -- Up-to-date: /home/kush/UR5_Project_New/install/moveit_task_constructor_core/share/moveit_task_constructor_core/cmake/ament_cmake_export_dependencies-extras.cmake
[29.114s] -- Up-to-date: /home/kush/UR5_Project_New/install/moveit_task_constructor_core/share/moveit_task_constructor_core/cmake/moveit_task_constructor_coreConfig.cmake
[29.114s] -- Up-to-date: /home/kush/UR5_Project_New/install/moveit_task_constructor_core/share/moveit_task_constructor_core/cmake/moveit_task_constructor_coreConfig-version.cmake
[29.116s] -- Up-to-date: /home/kush/UR5_Project_New/install/moveit_task_constructor_core/share/moveit_task_constructor_core/package.xml
[29.147s] -- Up-to-date: /home/kush/UR5_Project_New/install/moveit_task_constructor_core/lib/libmoveit_task_constructor_core.so
[29.167s] -- Up-to-date: /home/kush/UR5_Project_New/install/moveit_task_constructor_core/lib/libmoveit_task_constructor_core_stages.so
[29.169s] -- Up-to-date: /home/kush/UR5_Project_New/install/moveit_task_constructor_core/lib/libmoveit_task_constructor_core_stage_plugins.so
[29.180s] Invoked command in '/home/kush/UR5_Project_New/build/moveit_task_constructor_core' returned '0': AMENT_PREFIX_PATH=/home/kush/UR5_Project_New/install/moveit_planners:/home/kush/UR5_Project_New/install/pilz_industrial_motion_planner:/home/kush/UR5_Project_New/install/moveit_ros_planning_interface:/home/kush/UR5_Project_New/install/moveit_ros_move_group:/home/kush/UR5_Project_New/install/moveit_ros_warehouse:/home/kush/UR5_Project_New/install/moveit_planners_ompl:/home/kush/UR5_Project_New/install/moveit_kinematics:/home/kush/UR5_Project_New/install/moveit_ros_planning:/home/kush/UR5_Project_New/install/moveit_ros_occupancy_map_monitor:/home/kush/UR5_Project_New/install/moveit_core:/home/kush/UR5_Project_New/install/rviz_marker_tools:/home/kush/UR5_Project_New/install/moveit_configs_utils:/home/kush/UR5_Project_New/install/srdfdom:/home/kush/UR5_Project_New/install/moveit_task_constructor_msgs:/home/kush/UR5_Project_New/install/moveit_common:/home/kush/UR5_Project_New/install/launch_param_builder:${AMENT_PREFIX_PATH} CMAKE_PREFIX_PATH=/home/kush/UR5_Project_New/install/moveit_planners:/home/kush/UR5_Project_New/install/pilz_industrial_motion_planner:/home/kush/UR5_Project_New/install/moveit_ros_planning_interface:/home/kush/UR5_Project_New/install/moveit_ros_move_group:/home/kush/UR5_Project_New/install/moveit_ros_warehouse:/home/kush/UR5_Project_New/install/moveit_planners_ompl:/home/kush/UR5_Project_New/install/moveit_kinematics:/home/kush/UR5_Project_New/install/moveit_ros_planning:/home/kush/UR5_Project_New/install/moveit_ros_occupancy_map_monitor:/home/kush/UR5_Project_New/install/moveit_core:/home/kush/UR5_Project_New/install/rviz_marker_tools:/home/kush/UR5_Project_New/install/srdfdom:/home/kush/UR5_Project_New/install/moveit_task_constructor_msgs:/home/kush/UR5_Project_New/install/moveit_common:/opt/ros/humble LD_LIBRARY_PATH=/home/kush/UR5_Project_New/install/pilz_industrial_motion_planner/lib:/home/kush/UR5_Project_New/install/moveit_ros_planning_interface/lib:/home/kush/UR5_Project_New/install/moveit_ros_move_group/lib:/home/kush/UR5_Project_New/install/moveit_ros_warehouse/lib:/home/kush/UR5_Project_New/install/moveit_planners_ompl/lib:/home/kush/UR5_Project_New/install/moveit_kinematics/lib:/home/kush/UR5_Project_New/install/moveit_ros_planning/lib:/home/kush/UR5_Project_New/install/moveit_ros_occupancy_map_monitor/lib:/home/kush/UR5_Project_New/install/moveit_core/lib:/home/kush/UR5_Project_New/install/rviz_marker_tools/lib:/home/kush/UR5_Project_New/install/srdfdom/lib:/home/kush/UR5_Project_New/install/moveit_task_constructor_msgs/lib:${LD_LIBRARY_PATH} PATH=/home/kush/UR5_Project_New/install/moveit_core/bin:${PATH} PYTHONPATH=/home/kush/UR5_Project_New/install/moveit_configs_utils/lib/python3.10/site-packages:/home/kush/UR5_Project_New/install/srdfdom/local/lib/python3.10/dist-packages:/home/kush/UR5_Project_New/install/moveit_task_constructor_msgs/local/lib/python3.10/dist-packages:/home/kush/UR5_Project_New/install/launch_param_builder/lib/python3.10/site-packages:${PYTHONPATH} /usr/bin/cmake --install /home/kush/UR5_Project_New/build/moveit_task_constructor_core
