[0.103s] Invoking command in '/home/kush/UR5_Project_New/build/moveit_planners_chomp': AMENT_PREFIX_PATH=/home/kush/UR5_Project_New/install/chomp_motion_planner:/home/kush/UR5_Project_New/install/moveit_core:/home/kush/UR5_Project_New/install/srdfdom:/home/kush/UR5_Project_New/install/moveit_common:${AMENT_PREFIX_PATH} CMAKE_PREFIX_PATH=/home/kush/UR5_Project_New/install/chomp_motion_planner:/home/kush/UR5_Project_New/install/moveit_core:/home/kush/UR5_Project_New/install/srdfdom:/home/kush/UR5_Project_New/install/moveit_common:/opt/ros/humble LD_LIBRARY_PATH=/home/kush/UR5_Project_New/install/chomp_motion_planner/lib:/home/kush/UR5_Project_New/install/moveit_core/lib:/home/kush/UR5_Project_New/install/srdfdom/lib:${LD_LIBRARY_PATH} PATH=/home/kush/UR5_Project_New/install/moveit_core/bin:${PATH} PYTHONPATH=/home/kush/UR5_Project_New/install/srdfdom/local/lib/python3.10/dist-packages:${PYTHONPATH} /usr/bin/cmake --build /home/kush/UR5_Project_New/build/moveit_planners_chomp -- -j4 -l4
[0.481s] [35m[1mConsolidate compiler generated dependencies of target moveit_chomp_interface[0m
[0.546s] [ 60%] Built target moveit_chomp_interface
[1.151s] [35m[1mConsolidate compiler generated dependencies of target moveit_chomp_planner_plugin[0m
[1.205s] [100%] Built target moveit_chomp_planner_plugin
[1.227s] Invoked command in '/home/kush/UR5_Project_New/build/moveit_planners_chomp' returned '0': AMENT_PREFIX_PATH=/home/kush/UR5_Project_New/install/chomp_motion_planner:/home/kush/UR5_Project_New/install/moveit_core:/home/kush/UR5_Project_New/install/srdfdom:/home/kush/UR5_Project_New/install/moveit_common:${AMENT_PREFIX_PATH} CMAKE_PREFIX_PATH=/home/kush/UR5_Project_New/install/chomp_motion_planner:/home/kush/UR5_Project_New/install/moveit_core:/home/kush/UR5_Project_New/install/srdfdom:/home/kush/UR5_Project_New/install/moveit_common:/opt/ros/humble LD_LIBRARY_PATH=/home/kush/UR5_Project_New/install/chomp_motion_planner/lib:/home/kush/UR5_Project_New/install/moveit_core/lib:/home/kush/UR5_Project_New/install/srdfdom/lib:${LD_LIBRARY_PATH} PATH=/home/kush/UR5_Project_New/install/moveit_core/bin:${PATH} PYTHONPATH=/home/kush/UR5_Project_New/install/srdfdom/local/lib/python3.10/dist-packages:${PYTHONPATH} /usr/bin/cmake --build /home/kush/UR5_Project_New/build/moveit_planners_chomp -- -j4 -l4
[1.299s] Invoking command in '/home/kush/UR5_Project_New/build/moveit_planners_chomp': AMENT_PREFIX_PATH=/home/kush/UR5_Project_New/install/chomp_motion_planner:/home/kush/UR5_Project_New/install/moveit_core:/home/kush/UR5_Project_New/install/srdfdom:/home/kush/UR5_Project_New/install/moveit_common:${AMENT_PREFIX_PATH} CMAKE_PREFIX_PATH=/home/kush/UR5_Project_New/install/chomp_motion_planner:/home/kush/UR5_Project_New/install/moveit_core:/home/kush/UR5_Project_New/install/srdfdom:/home/kush/UR5_Project_New/install/moveit_common:/opt/ros/humble LD_LIBRARY_PATH=/home/kush/UR5_Project_New/install/chomp_motion_planner/lib:/home/kush/UR5_Project_New/install/moveit_core/lib:/home/kush/UR5_Project_New/install/srdfdom/lib:${LD_LIBRARY_PATH} PATH=/home/kush/UR5_Project_New/install/moveit_core/bin:${PATH} PYTHONPATH=/home/kush/UR5_Project_New/install/srdfdom/local/lib/python3.10/dist-packages:${PYTHONPATH} /usr/bin/cmake --install /home/kush/UR5_Project_New/build/moveit_planners_chomp
[1.321s] -- Install configuration: "Release"
[1.337s] -- Up-to-date: /home/kush/UR5_Project_New/install/moveit_planners_chomp/lib/libmoveit_chomp_interface.so.2.5.4
[1.337s] -- Up-to-date: /home/kush/UR5_Project_New/install/moveit_planners_chomp/lib/libmoveit_chomp_interface.so
[1.340s] -- Up-to-date: /home/kush/UR5_Project_New/install/moveit_planners_chomp/lib/libmoveit_chomp_planner_plugin.so
[1.341s] -- Up-to-date: /home/kush/UR5_Project_New/install/moveit_planners_chomp/share/moveit_planners_chomp/environment/library_path.sh
[1.341s] -- Up-to-date: /home/kush/UR5_Project_New/install/moveit_planners_chomp/share/moveit_planners_chomp/environment/library_path.dsv
[1.341s] -- Up-to-date: /home/kush/UR5_Project_New/install/moveit_planners_chomp/share/moveit_planners_chomp/chomp_interface_plugin_description.xml
[1.342s] -- Up-to-date: /home/kush/UR5_Project_New/install/moveit_planners_chomp/share/ament_index/resource_index/package_run_dependencies/moveit_planners_chomp
[1.342s] -- Up-to-date: /home/kush/UR5_Project_New/install/moveit_planners_chomp/share/ament_index/resource_index/parent_prefix_path/moveit_planners_chomp
[1.342s] -- Up-to-date: /home/kush/UR5_Project_New/install/moveit_planners_chomp/share/moveit_planners_chomp/environment/ament_prefix_path.sh
[1.343s] -- Up-to-date: /home/kush/UR5_Project_New/install/moveit_planners_chomp/share/moveit_planners_chomp/environment/ament_prefix_path.dsv
[1.343s] -- Up-to-date: /home/kush/UR5_Project_New/install/moveit_planners_chomp/share/moveit_planners_chomp/environment/path.sh
[1.343s] -- Up-to-date: /home/kush/UR5_Project_New/install/moveit_planners_chomp/share/moveit_planners_chomp/environment/path.dsv
[1.343s] -- Up-to-date: /home/kush/UR5_Project_New/install/moveit_planners_chomp/share/moveit_planners_chomp/local_setup.bash
[1.343s] -- Up-to-date: /home/kush/UR5_Project_New/install/moveit_planners_chomp/share/moveit_planners_chomp/local_setup.sh
[1.343s] -- Up-to-date: /home/kush/UR5_Project_New/install/moveit_planners_chomp/share/moveit_planners_chomp/local_setup.zsh
[1.344s] -- Up-to-date: /home/kush/UR5_Project_New/install/moveit_planners_chomp/share/moveit_planners_chomp/local_setup.dsv
[1.344s] -- Installing: /home/kush/UR5_Project_New/install/moveit_planners_chomp/share/moveit_planners_chomp/package.dsv
[1.354s] -- Up-to-date: /home/kush/UR5_Project_New/install/moveit_planners_chomp/share/ament_index/resource_index/packages/moveit_planners_chomp
[1.355s] -- Up-to-date: /home/kush/UR5_Project_New/install/moveit_planners_chomp/share/ament_index/resource_index/moveit_core__pluginlib__plugin/moveit_planners_chomp
[1.374s] -- Up-to-date: /home/kush/UR5_Project_New/install/moveit_planners_chomp/share/moveit_planners_chomp/cmake/moveit_planners_chompTargetsExport.cmake
[1.374s] -- Up-to-date: /home/kush/UR5_Project_New/install/moveit_planners_chomp/share/moveit_planners_chomp/cmake/moveit_planners_chompTargetsExport-release.cmake
[1.375s] -- Up-to-date: /home/kush/UR5_Project_New/install/moveit_planners_chomp/share/moveit_planners_chomp/cmake/ament_cmake_export_targets-extras.cmake
[1.375s] -- Up-to-date: /home/kush/UR5_Project_New/install/moveit_planners_chomp/share/moveit_planners_chomp/cmake/ament_cmake_export_dependencies-extras.cmake
[1.375s] -- Up-to-date: /home/kush/UR5_Project_New/install/moveit_planners_chomp/share/moveit_planners_chomp/cmake/moveit_planners_chompConfig.cmake
[1.378s] -- Up-to-date: /home/kush/UR5_Project_New/install/moveit_planners_chomp/share/moveit_planners_chomp/cmake/moveit_planners_chompConfig-version.cmake
[1.378s] -- Up-to-date: /home/kush/UR5_Project_New/install/moveit_planners_chomp/share/moveit_planners_chomp/package.xml
[1.384s] Invoked command in '/home/kush/UR5_Project_New/build/moveit_planners_chomp' returned '0': AMENT_PREFIX_PATH=/home/kush/UR5_Project_New/install/chomp_motion_planner:/home/kush/UR5_Project_New/install/moveit_core:/home/kush/UR5_Project_New/install/srdfdom:/home/kush/UR5_Project_New/install/moveit_common:${AMENT_PREFIX_PATH} CMAKE_PREFIX_PATH=/home/kush/UR5_Project_New/install/chomp_motion_planner:/home/kush/UR5_Project_New/install/moveit_core:/home/kush/UR5_Project_New/install/srdfdom:/home/kush/UR5_Project_New/install/moveit_common:/opt/ros/humble LD_LIBRARY_PATH=/home/kush/UR5_Project_New/install/chomp_motion_planner/lib:/home/kush/UR5_Project_New/install/moveit_core/lib:/home/kush/UR5_Project_New/install/srdfdom/lib:${LD_LIBRARY_PATH} PATH=/home/kush/UR5_Project_New/install/moveit_core/bin:${PATH} PYTHONPATH=/home/kush/UR5_Project_New/install/srdfdom/local/lib/python3.10/dist-packages:${PYTHONPATH} /usr/bin/cmake --install /home/kush/UR5_Project_New/build/moveit_planners_chomp
