[0.854s] Invoking command in '/home/kush/UR5_Project_New/build/moveit_resources_panda_description': CMAKE_PREFIX_PATH=${CMAKE_PREFIX_PATH}:/home/kush/ws_moveit2_ur5/install/moveit_configs_utils:/home/kush/ws_moveit2_ur5/install/launch_param_builder:/opt/ros/humble /usr/bin/cmake /home/kush/UR5_Project_New/src/moveit_resources/panda_description -DCMAKE_BUILD_TYPE=Release -DCMAKE_INSTALL_PREFIX=/home/kush/UR5_Project_New/install/moveit_resources_panda_description
[1.208s] -- The C compiler identification is GNU 11.4.0
[1.554s] -- The CXX compiler identification is GNU 11.4.0
[1.592s] -- Detecting C compiler ABI info
[1.853s] -- Detecting C compiler ABI info - done
[1.881s] -- Check for working C compiler: /usr/bin/cc - skipped
[1.881s] -- Detecting C compile features
[1.884s] -- Detecting C compile features - done
[1.892s] -- Detecting CXX compiler ABI info
[2.196s] -- Detecting CXX compiler ABI info - done
[2.237s] -- Check for working CXX compiler: /usr/bin/c++ - skipped
[2.238s] -- Detecting CXX compile features
[2.240s] -- Detecting CXX compile features - done
[2.269s] -- Found ament_cmake: 1.3.5 (/opt/ros/humble/share/ament_cmake/cmake)
[3.048s] -- Found Python3: /usr/bin/python3.10 (found version "3.10.12") found components: Interpreter 
[3.879s] -- Configuring done
[3.900s] -- Generating done
[3.909s] -- Build files have been written to: /home/kush/UR5_Project_New/build/moveit_resources_panda_description
[3.949s] Invoked command in '/home/kush/UR5_Project_New/build/moveit_resources_panda_description' returned '0': CMAKE_PREFIX_PATH=${CMAKE_PREFIX_PATH}:/home/kush/ws_moveit2_ur5/install/moveit_configs_utils:/home/kush/ws_moveit2_ur5/install/launch_param_builder:/opt/ros/humble /usr/bin/cmake /home/kush/UR5_Project_New/src/moveit_resources/panda_description -DCMAKE_BUILD_TYPE=Release -DCMAKE_INSTALL_PREFIX=/home/kush/UR5_Project_New/install/moveit_resources_panda_description
[3.956s] Invoking command in '/home/kush/UR5_Project_New/build/moveit_resources_panda_description': CMAKE_PREFIX_PATH=${CMAKE_PREFIX_PATH}:/home/kush/ws_moveit2_ur5/install/moveit_configs_utils:/home/kush/ws_moveit2_ur5/install/launch_param_builder:/opt/ros/humble /usr/bin/cmake --build /home/kush/UR5_Project_New/build/moveit_resources_panda_description -- -j4 -l4
[4.202s] Invoked command in '/home/kush/UR5_Project_New/build/moveit_resources_panda_description' returned '0': CMAKE_PREFIX_PATH=${CMAKE_PREFIX_PATH}:/home/kush/ws_moveit2_ur5/install/moveit_configs_utils:/home/kush/ws_moveit2_ur5/install/launch_param_builder:/opt/ros/humble /usr/bin/cmake --build /home/kush/UR5_Project_New/build/moveit_resources_panda_description -- -j4 -l4
[4.493s] Invoking command in '/home/kush/UR5_Project_New/build/moveit_resources_panda_description': CMAKE_PREFIX_PATH=${CMAKE_PREFIX_PATH}:/home/kush/ws_moveit2_ur5/install/moveit_configs_utils:/home/kush/ws_moveit2_ur5/install/launch_param_builder:/opt/ros/humble /usr/bin/cmake --install /home/kush/UR5_Project_New/build/moveit_resources_panda_description
[4.517s] -- Install configuration: "Release"
[4.517s] -- Installing: /home/kush/UR5_Project_New/install/moveit_resources_panda_description/share/ament_index/resource_index/package_run_dependencies/moveit_resources_panda_description
[4.519s] -- Installing: /home/kush/UR5_Project_New/install/moveit_resources_panda_description/share/ament_index/resource_index/parent_prefix_path/moveit_resources_panda_description
[4.519s] -- Installing: /home/kush/UR5_Project_New/install/moveit_resources_panda_description/share/moveit_resources_panda_description/environment/ament_prefix_path.sh
[4.519s] -- Installing: /home/kush/UR5_Project_New/install/moveit_resources_panda_description/share/moveit_resources_panda_description/environment/ament_prefix_path.dsv
[4.520s] -- Installing: /home/kush/UR5_Project_New/install/moveit_resources_panda_description/share/moveit_resources_panda_description/environment/path.sh
[4.520s] -- Installing: /home/kush/UR5_Project_New/install/moveit_resources_panda_description/share/moveit_resources_panda_description/environment/path.dsv
[4.520s] -- Installing: /home/kush/UR5_Project_New/install/moveit_resources_panda_description/share/moveit_resources_panda_description/local_setup.bash
[4.520s] -- Installing: /home/kush/UR5_Project_New/install/moveit_resources_panda_description/share/moveit_resources_panda_description/local_setup.sh
[4.520s] -- Installing: /home/kush/UR5_Project_New/install/moveit_resources_panda_description/share/moveit_resources_panda_description/local_setup.zsh
[4.521s] -- Installing: /home/kush/UR5_Project_New/install/moveit_resources_panda_description/share/moveit_resources_panda_description/local_setup.dsv
[4.522s] -- Installing: /home/kush/UR5_Project_New/install/moveit_resources_panda_description/share/moveit_resources_panda_description/package.dsv
[4.522s] -- Installing: /home/kush/UR5_Project_New/install/moveit_resources_panda_description/share/ament_index/resource_index/packages/moveit_resources_panda_description
[4.522s] -- Installing: /home/kush/UR5_Project_New/install/moveit_resources_panda_description/share/moveit_resources_panda_description/cmake/moveit_resources_panda_descriptionConfig.cmake
[4.522s] -- Installing: /home/kush/UR5_Project_New/install/moveit_resources_panda_description/share/moveit_resources_panda_description/cmake/moveit_resources_panda_descriptionConfig-version.cmake
[4.522s] -- Installing: /home/kush/UR5_Project_New/install/moveit_resources_panda_description/share/moveit_resources_panda_description/package.xml
[4.523s] -- Installing: /home/kush/UR5_Project_New/install/moveit_resources_panda_description/share/moveit_resources_panda_description/meshes
[4.523s] -- Installing: /home/kush/UR5_Project_New/install/moveit_resources_panda_description/share/moveit_resources_panda_description/meshes/visual
[4.523s] -- Installing: /home/kush/UR5_Project_New/install/moveit_resources_panda_description/share/moveit_resources_panda_description/meshes/visual/link1.dae
[4.525s] -- Installing: /home/kush/UR5_Project_New/install/moveit_resources_panda_description/share/moveit_resources_panda_description/meshes/visual/link7.dae
[4.528s] -- Installing: /home/kush/UR5_Project_New/install/moveit_resources_panda_description/share/moveit_resources_panda_description/meshes/visual/link2.dae
[4.533s] -- Installing: /home/kush/UR5_Project_New/install/moveit_resources_panda_description/share/moveit_resources_panda_description/meshes/visual/finger.dae
[4.534s] -- Installing: /home/kush/UR5_Project_New/install/moveit_resources_panda_description/share/moveit_resources_panda_description/meshes/visual/link5.dae
[4.544s] -- Installing: /home/kush/UR5_Project_New/install/moveit_resources_panda_description/share/moveit_resources_panda_description/meshes/visual/link0.dae
[4.548s] -- Installing: /home/kush/UR5_Project_New/install/moveit_resources_panda_description/share/moveit_resources_panda_description/meshes/visual/link6.dae
[4.557s] -- Installing: /home/kush/UR5_Project_New/install/moveit_resources_panda_description/share/moveit_resources_panda_description/meshes/visual/link4.dae
[4.560s] -- Installing: /home/kush/UR5_Project_New/install/moveit_resources_panda_description/share/moveit_resources_panda_description/meshes/visual/hand.dae
[4.567s] -- Installing: /home/kush/UR5_Project_New/install/moveit_resources_panda_description/share/moveit_resources_panda_description/meshes/visual/link3.dae
[4.570s] -- Installing: /home/kush/UR5_Project_New/install/moveit_resources_panda_description/share/moveit_resources_panda_description/meshes/collision
[4.571s] -- Installing: /home/kush/UR5_Project_New/install/moveit_resources_panda_description/share/moveit_resources_panda_description/meshes/collision/finger.stl
[4.571s] -- Installing: /home/kush/UR5_Project_New/install/moveit_resources_panda_description/share/moveit_resources_panda_description/meshes/collision/link3.stl
[4.571s] -- Installing: /home/kush/UR5_Project_New/install/moveit_resources_panda_description/share/moveit_resources_panda_description/meshes/collision/link2.stl
[4.571s] -- Installing: /home/kush/UR5_Project_New/install/moveit_resources_panda_description/share/moveit_resources_panda_description/meshes/collision/link7.stl
[4.572s] -- Installing: /home/kush/UR5_Project_New/install/moveit_resources_panda_description/share/moveit_resources_panda_description/meshes/collision/link4.stl
[4.572s] -- Installing: /home/kush/UR5_Project_New/install/moveit_resources_panda_description/share/moveit_resources_panda_description/meshes/collision/hand.stl
[4.572s] -- Installing: /home/kush/UR5_Project_New/install/moveit_resources_panda_description/share/moveit_resources_panda_description/meshes/collision/link1.stl
[4.572s] -- Installing: /home/kush/UR5_Project_New/install/moveit_resources_panda_description/share/moveit_resources_panda_description/meshes/collision/link0.stl
[4.572s] -- Installing: /home/kush/UR5_Project_New/install/moveit_resources_panda_description/share/moveit_resources_panda_description/meshes/collision/link6.stl
[4.573s] -- Installing: /home/kush/UR5_Project_New/install/moveit_resources_panda_description/share/moveit_resources_panda_description/meshes/collision/link5.stl
[4.573s] -- Installing: /home/kush/UR5_Project_New/install/moveit_resources_panda_description/share/moveit_resources_panda_description/urdf
[4.573s] -- Installing: /home/kush/UR5_Project_New/install/moveit_resources_panda_description/share/moveit_resources_panda_description/urdf/panda.urdf
[4.582s] Invoked command in '/home/kush/UR5_Project_New/build/moveit_resources_panda_description' returned '0': CMAKE_PREFIX_PATH=${CMAKE_PREFIX_PATH}:/home/kush/ws_moveit2_ur5/install/moveit_configs_utils:/home/kush/ws_moveit2_ur5/install/launch_param_builder:/opt/ros/humble /usr/bin/cmake --install /home/kush/UR5_Project_New/build/moveit_resources_panda_description
