[0.792s] Invoking command in '/home/kush/UR5_Project_New/build/moveit_core': AMENT_PREFIX_PATH=/home/kush/UR5_Project_New/install/moveit_resources_panda_moveit_config:/home/kush/UR5_Project_New/install/srdfdom:/home/kush/UR5_Project_New/install/moveit_resources_pr2_description:/home/kush/UR5_Project_New/install/moveit_resources_panda_description:/home/kush/UR5_Project_New/install/moveit_common:${AMENT_PREFIX_PATH} CMAKE_PREFIX_PATH=/home/kush/UR5_Project_New/install/moveit_resources_panda_moveit_config:/home/kush/UR5_Project_New/install/srdfdom:/home/kush/UR5_Project_New/install/moveit_resources_pr2_description:/home/kush/UR5_Project_New/install/moveit_resources_panda_description:/home/kush/UR5_Project_New/install/moveit_common:/opt/ros/humble LD_LIBRARY_PATH=/home/kush/UR5_Project_New/install/srdfdom/lib:${LD_LIBRARY_PATH} PYTHONPATH=/home/kush/UR5_Project_New/install/srdfdom/local/lib/python3.10/dist-packages:${PYTHONPATH} /usr/bin/cmake --build /home/kush/UR5_Project_New/build/moveit_core -- -j4 -l4
[2.102s] [35m[1mConsolidate compiler generated dependencies of target moveit_exceptions[0m
[2.124s] [  1%] Built target moveit_exceptions
[2.142s] [35m[1mConsolidate compiler generated dependencies of target moveit_kinematics_base[0m
[2.276s] [35m[1mConsolidate compiler generated dependencies of target moveit_distance_field[0m
[2.286s] [35m[1mConsolidate compiler generated dependencies of target moveit_transforms[0m
[2.399s] [35m[1mConsolidate compiler generated dependencies of target moveit_utils[0m
[2.721s] [  3%] Built target moveit_utils
[2.807s] [  4%] Built target moveit_kinematics_base
[2.854s] [  5%] Built target moveit_transforms
[2.913s] [35m[1mConsolidate compiler generated dependencies of target gtest[0m
[2.948s] [  6%] Built target gtest
[2.978s] [35m[1mConsolidate compiler generated dependencies of target gtest_main[0m
[3.000s] [  7%] Built target gtest_main
[3.055s] [35m[1mConsolidate compiler generated dependencies of target gmock_main[0m
[3.086s] [35m[1mConsolidate compiler generated dependencies of target gmock[0m
[3.232s] [  8%] Built target gmock_main
[3.236s] [ 10%] Built target gmock
[3.242s] [35m[1mConsolidate compiler generated dependencies of target moveit_smoothing_base[0m
[3.274s] [ 11%] Built target moveit_smoothing_base
[3.373s] [35m[1mConsolidate compiler generated dependencies of target test_transforms[0m
[3.384s] [35m[1mConsolidate compiler generated dependencies of target moveit_version[0m
[3.394s] [ 12%] Built target moveit_butterworth_parameters
[3.414s] [ 15%] Built target test_transforms
[3.414s] [ 15%] Built target moveit_version
[3.667s] [ 17%] Built target moveit_distance_field
[3.823s] [35m[1mConsolidate compiler generated dependencies of target test_voxel_grid[0m
[3.868s] [35m[1mConsolidate compiler generated dependencies of target test_distance_field[0m
[3.903s] [ 18%] Built target test_voxel_grid
[3.913s] [35m[1mConsolidate compiler generated dependencies of target moveit_robot_model[0m
[3.961s] [ 19%] Built target test_distance_field
[4.089s] [ 26%] Built target moveit_robot_model
[4.256s] [35m[1mConsolidate compiler generated dependencies of target moveit_butterworth_filter[0m
[4.346s] [35m[1mConsolidate compiler generated dependencies of target moveit_test_utils[0m
[4.699s] [35m[1mConsolidate compiler generated dependencies of target moveit_robot_state[0m
[4.887s] [ 29%] Built target moveit_robot_state
[5.323s] [35m[1mConsolidate compiler generated dependencies of target moveit_robot_trajectory[0m
[5.341s] [ 30%] Built target moveit_butterworth_filter
[5.443s] [ 31%] Built target moveit_robot_trajectory
[5.535s] [35m[1mConsolidate compiler generated dependencies of target moveit_dynamics_solver[0m
[5.612s] [35m[1mConsolidate compiler generated dependencies of target moveit_kinematics_metrics[0m
[5.670s] [35m[1mConsolidate compiler generated dependencies of target moveit_collision_detection[0m
[5.698s] [ 33%] Built target moveit_dynamics_solver
[5.724s] [ 34%] Built target moveit_kinematics_metrics
[5.733s] [ 35%] Built target moveit_test_utils
[5.926s] [ 41%] Built target moveit_collision_detection
[5.966s] [35m[1mConsolidate compiler generated dependencies of target test_butterworth_filter[0m
[5.972s] [35m[1mConsolidate compiler generated dependencies of target moveit_planning_interface[0m
[6.088s] [35m[1mConsolidate compiler generated dependencies of target test_robot_model[0m
[6.149s] [ 42%] Built target test_butterworth_filter
[6.159s] [ 43%] Built target test_robot_model
[6.177s] [ 45%] Built target moveit_planning_interface
[6.212s] [35m[1mConsolidate compiler generated dependencies of target moveit_trajectory_processing[0m
[6.339s] [35m[1mConsolidate compiler generated dependencies of target test_robot_state_complex[0m
[6.339s] [35m[1mConsolidate compiler generated dependencies of target test_robot_state[0m
[6.376s] [35m[1mConsolidate compiler generated dependencies of target test_robot_state_benchmark[0m
[6.391s] [ 46%] Built target test_robot_state_complex
[6.420s] [ 50%] Built target moveit_trajectory_processing
[6.446s] [ 52%] Built target test_robot_state
[6.493s] [ 53%] Built target test_robot_state_benchmark
[6.516s] [35m[1mConsolidate compiler generated dependencies of target test_cartesian_interpolator[0m
[6.554s] [35m[1mConsolidate compiler generated dependencies of target test_aabb[0m
[6.585s] [35m[1mConsolidate compiler generated dependencies of target test_robot_trajectory[0m
[6.617s] [ 54%] Built target test_cartesian_interpolator
[6.619s] [ 55%] Built target test_aabb
[6.631s] [35m[1mConsolidate compiler generated dependencies of target test_time_parameterization[0m
[6.718s] [ 56%] Built target test_robot_trajectory
[6.724s] [ 57%] Built target test_time_parameterization
[6.801s] [35m[1mConsolidate compiler generated dependencies of target test_time_optimal_trajectory_generation[0m
[6.838s] [35m[1mConsolidate compiler generated dependencies of target test_ruckig_traj_smoothing[0m
[6.875s] [ 59%] Built target test_time_optimal_trajectory_generation
[6.880s] [35m[1mConsolidate compiler generated dependencies of target test_world[0m
[6.903s] [35m[1mConsolidate compiler generated dependencies of target test_world_diff[0m
[6.904s] [ 60%] Built target test_ruckig_traj_smoothing
[6.929s] [ 61%] Built target test_world
[6.943s] [ 63%] Built target test_world_diff
[7.037s] [35m[1mConsolidate compiler generated dependencies of target test_all_valid[0m
[7.095s] [ 64%] Built target test_all_valid
[7.164s] [35m[1mConsolidate compiler generated dependencies of target moveit_collision_detection_fcl[0m
[7.351s] [35m[1mConsolidate compiler generated dependencies of target moveit_collision_detection_bullet[0m
[7.430s] [ 66%] Built target moveit_collision_detection_fcl
[7.566s] [35m[1mConsolidate compiler generated dependencies of target test_fcl_collision_env[0m
[7.567s] [35m[1mConsolidate compiler generated dependencies of target test_fcl_collision_detection[0m
[7.596s] [35m[1mConsolidate compiler generated dependencies of target moveit_kinematic_constraints[0m
[7.646s] [ 71%] Built target moveit_collision_detection_bullet
[7.660s] [ 72%] Built target test_fcl_collision_detection
[7.669s] [ 74%] Built target test_fcl_collision_env
[7.686s] [ 76%] Built target moveit_kinematic_constraints
[7.748s] [35m[1mConsolidate compiler generated dependencies of target test_bullet_collision_detection[0m
[7.751s] [35m[1mConsolidate compiler generated dependencies of target test_bullet_collision_detection_panda[0m
[7.758s] [35m[1mConsolidate compiler generated dependencies of target test_bullet_continuous_collision_checking[0m
[7.765s] [35m[1mConsolidate compiler generated dependencies of target test_fcl_collision_detection_panda[0m
[7.854s] [ 77%] Built target test_bullet_collision_detection_panda
[7.878s] [ 78%] Built target test_bullet_collision_detection
[7.888s] [ 79%] Built target test_fcl_collision_detection_panda
[7.898s] [ 81%] Built target test_bullet_continuous_collision_checking
[7.938s] [35m[1mConsolidate compiler generated dependencies of target moveit_planning_scene[0m
[7.941s] [35m[1mConsolidate compiler generated dependencies of target test_constraints[0m
[7.961s] [35m[1mConsolidate compiler generated dependencies of target test_orientation_constraints[0m
[8.027s] [ 82%] Built target test_orientation_constraints
[8.043s] [ 83%] Built target test_constraints
[8.048s] [ 84%] Built target moveit_planning_scene
[8.128s] [35m[1mConsolidate compiler generated dependencies of target test_planning_scene[0m
[8.130s] [35m[1mConsolidate compiler generated dependencies of target moveit_planning_request_adapter[0m
[8.153s] [35m[1mConsolidate compiler generated dependencies of target moveit_collision_distance_field[0m
[8.156s] [35m[1mConsolidate compiler generated dependencies of target moveit_constraint_samplers[0m
[8.269s] [ 85%] Built target test_planning_scene
[8.274s] [ 86%] Built target moveit_planning_request_adapter
[8.311s] [ 89%] Built target moveit_collision_distance_field
[8.328s] [ 92%] Built target moveit_constraint_samplers
[8.345s] [35m[1mConsolidate compiler generated dependencies of target test_multi_threaded[0m
[8.346s] [35m[1mConsolidate compiler generated dependencies of target test_collision_objects[0m
[8.406s] [35m[1mConsolidate compiler generated dependencies of target collision_detector_bullet_plugin[0m
[8.419s] [ 93%] Built target test_multi_threaded
[8.423s] [35m[1mConsolidate compiler generated dependencies of target collision_detector_fcl_plugin[0m
[8.445s] [ 94%] Built target test_collision_objects
[8.463s] [35m[1mConsolidate compiler generated dependencies of target test_collision_distance_field[0m
[8.496s] [ 95%] Built target collision_detector_bullet_plugin
[8.521s] [ 96%] Built target collision_detector_fcl_plugin
[8.544s] [ 97%] Built target test_collision_distance_field
[8.674s] [35m[1mConsolidate compiler generated dependencies of target test_constraint_samplers[0m
[8.881s] [100%] Built target test_constraint_samplers
[9.363s] Invoked command in '/home/kush/UR5_Project_New/build/moveit_core' returned '0': AMENT_PREFIX_PATH=/home/kush/UR5_Project_New/install/moveit_resources_panda_moveit_config:/home/kush/UR5_Project_New/install/srdfdom:/home/kush/UR5_Project_New/install/moveit_resources_pr2_description:/home/kush/UR5_Project_New/install/moveit_resources_panda_description:/home/kush/UR5_Project_New/install/moveit_common:${AMENT_PREFIX_PATH} CMAKE_PREFIX_PATH=/home/kush/UR5_Project_New/install/moveit_resources_panda_moveit_config:/home/kush/UR5_Project_New/install/srdfdom:/home/kush/UR5_Project_New/install/moveit_resources_pr2_description:/home/kush/UR5_Project_New/install/moveit_resources_panda_description:/home/kush/UR5_Project_New/install/moveit_common:/opt/ros/humble LD_LIBRARY_PATH=/home/kush/UR5_Project_New/install/srdfdom/lib:${LD_LIBRARY_PATH} PYTHONPATH=/home/kush/UR5_Project_New/install/srdfdom/local/lib/python3.10/dist-packages:${PYTHONPATH} /usr/bin/cmake --build /home/kush/UR5_Project_New/build/moveit_core -- -j4 -l4
[9.524s] Invoking command in '/home/kush/UR5_Project_New/build/moveit_core': AMENT_PREFIX_PATH=/home/kush/UR5_Project_New/install/moveit_resources_panda_moveit_config:/home/kush/UR5_Project_New/install/srdfdom:/home/kush/UR5_Project_New/install/moveit_resources_pr2_description:/home/kush/UR5_Project_New/install/moveit_resources_panda_description:/home/kush/UR5_Project_New/install/moveit_common:${AMENT_PREFIX_PATH} CMAKE_PREFIX_PATH=/home/kush/UR5_Project_New/install/moveit_resources_panda_moveit_config:/home/kush/UR5_Project_New/install/srdfdom:/home/kush/UR5_Project_New/install/moveit_resources_pr2_description:/home/kush/UR5_Project_New/install/moveit_resources_panda_description:/home/kush/UR5_Project_New/install/moveit_common:/opt/ros/humble LD_LIBRARY_PATH=/home/kush/UR5_Project_New/install/srdfdom/lib:${LD_LIBRARY_PATH} PYTHONPATH=/home/kush/UR5_Project_New/install/srdfdom/local/lib/python3.10/dist-packages:${PYTHONPATH} /usr/bin/cmake --install /home/kush/UR5_Project_New/build/moveit_core
[9.556s] -- Install configuration: "Release"
[9.556s] -- Up-to-date: /home/kush/UR5_Project_New/install/moveit_core/include/moveit/version.h
[9.571s] -- Up-to-date: /home/kush/UR5_Project_New/install/moveit_core/include
[9.571s] -- Up-to-date: /home/kush/UR5_Project_New/install/moveit_core/include/moveit
[9.571s] -- Up-to-date: /home/kush/UR5_Project_New/install/moveit_core/include/moveit/collision_distance_field
[9.571s] -- Up-to-date: /home/kush/UR5_Project_New/install/moveit_core/include/moveit/collision_distance_field/collision_common_distance_field.h
[9.571s] -- Up-to-date: /home/kush/UR5_Project_New/install/moveit_core/include/moveit/collision_distance_field/collision_detector_allocator_distance_field.h
[9.572s] -- Up-to-date: /home/kush/UR5_Project_New/install/moveit_core/include/moveit/collision_distance_field/collision_detector_allocator_hybrid.h
[9.572s] -- Up-to-date: /home/kush/UR5_Project_New/install/moveit_core/include/moveit/collision_distance_field/collision_env_distance_field.h
[9.572s] -- Up-to-date: /home/kush/UR5_Project_New/install/moveit_core/include/moveit/collision_distance_field/collision_env_hybrid.h
[9.573s] -- Up-to-date: /home/kush/UR5_Project_New/install/moveit_core/include/moveit/collision_distance_field/collision_distance_field_types.h
[9.573s] -- Up-to-date: /home/kush/UR5_Project_New/install/moveit_core/include/moveit_collision_distance_field_export.h
[9.577s] -- Up-to-date: /home/kush/UR5_Project_New/install/moveit_core/include
[9.577s] -- Up-to-date: /home/kush/UR5_Project_New/install/moveit_core/include/moveit
[9.577s] -- Up-to-date: /home/kush/UR5_Project_New/install/moveit_core/include/moveit/constraint_samplers
[9.577s] -- Up-to-date: /home/kush/UR5_Project_New/install/moveit_core/include/moveit/constraint_samplers/default_constraint_samplers.h
[9.577s] -- Up-to-date: /home/kush/UR5_Project_New/install/moveit_core/include/moveit/constraint_samplers/constraint_sampler_tools.h
[9.581s] -- Up-to-date: /home/kush/UR5_Project_New/install/moveit_core/include/moveit/constraint_samplers/constraint_sampler_allocator.h
[9.584s] -- Up-to-date: /home/kush/UR5_Project_New/install/moveit_core/include/moveit/constraint_samplers/constraint_sampler_manager.h
[9.584s] -- Up-to-date: /home/kush/UR5_Project_New/install/moveit_core/include/moveit/constraint_samplers/union_constraint_sampler.h
[9.584s] -- Up-to-date: /home/kush/UR5_Project_New/install/moveit_core/include/moveit/constraint_samplers/constraint_sampler.h
[9.585s] -- Up-to-date: /home/kush/UR5_Project_New/install/moveit_core/include
[9.585s] -- Up-to-date: /home/kush/UR5_Project_New/install/moveit_core/include/moveit
[9.585s] -- Up-to-date: /home/kush/UR5_Project_New/install/moveit_core/include/moveit/controller_manager
[9.585s] -- Up-to-date: /home/kush/UR5_Project_New/install/moveit_core/include/moveit/controller_manager/controller_manager.h
[9.594s] -- Up-to-date: /home/kush/UR5_Project_New/install/moveit_core/include
[9.594s] -- Up-to-date: /home/kush/UR5_Project_New/install/moveit_core/include/moveit
[9.594s] -- Up-to-date: /home/kush/UR5_Project_New/install/moveit_core/include/moveit/distance_field
[9.594s] -- Up-to-date: /home/kush/UR5_Project_New/install/moveit_core/include/moveit/distance_field/propagation_distance_field.h
[9.595s] -- Up-to-date: /home/kush/UR5_Project_New/install/moveit_core/include/moveit/distance_field/find_internal_points.h
[9.595s] -- Up-to-date: /home/kush/UR5_Project_New/install/moveit_core/include/moveit/distance_field/voxel_grid.h
[9.595s] -- Up-to-date: /home/kush/UR5_Project_New/install/moveit_core/include/moveit/distance_field/distance_field.h
[9.596s] -- Up-to-date: /home/kush/UR5_Project_New/install/moveit_core/include
[9.596s] -- Up-to-date: /home/kush/UR5_Project_New/install/moveit_core/include/moveit
[9.599s] -- Up-to-date: /home/kush/UR5_Project_New/install/moveit_core/include/moveit/dynamics_solver
[9.599s] -- Up-to-date: /home/kush/UR5_Project_New/install/moveit_core/include/moveit/dynamics_solver/dynamics_solver.h
[9.599s] -- Up-to-date: /home/kush/UR5_Project_New/install/moveit_core/include
[9.599s] -- Up-to-date: /home/kush/UR5_Project_New/install/moveit_core/include/moveit
[9.599s] -- Up-to-date: /home/kush/UR5_Project_New/install/moveit_core/include/moveit/exceptions
[9.600s] -- Up-to-date: /home/kush/UR5_Project_New/install/moveit_core/include/moveit/exceptions/exceptions.h
[9.600s] -- Up-to-date: /home/kush/UR5_Project_New/install/moveit_core/include
[9.600s] -- Up-to-date: /home/kush/UR5_Project_New/install/moveit_core/include/moveit
[9.600s] -- Up-to-date: /home/kush/UR5_Project_New/install/moveit_core/include/moveit/kinematics_base
[9.600s] -- Up-to-date: /home/kush/UR5_Project_New/install/moveit_core/include/moveit/kinematics_base/kinematics_base.h
[9.600s] -- Up-to-date: /home/kush/UR5_Project_New/install/moveit_core/include/moveit_kinematics_base_export.h
[9.603s] -- Up-to-date: /home/kush/UR5_Project_New/install/moveit_core/include
[9.603s] -- Up-to-date: /home/kush/UR5_Project_New/install/moveit_core/include/moveit
[9.603s] -- Up-to-date: /home/kush/UR5_Project_New/install/moveit_core/include/moveit/kinematic_constraints
[9.603s] -- Up-to-date: /home/kush/UR5_Project_New/install/moveit_core/include/moveit/kinematic_constraints/kinematic_constraint.h
[9.603s] -- Up-to-date: /home/kush/UR5_Project_New/install/moveit_core/include/moveit/kinematic_constraints/utils.h
[9.604s] -- Up-to-date: /home/kush/UR5_Project_New/install/moveit_core/include
[9.605s] -- Up-to-date: /home/kush/UR5_Project_New/install/moveit_core/include/moveit
[9.605s] -- Up-to-date: /home/kush/UR5_Project_New/install/moveit_core/include/moveit/kinematics_metrics
[9.605s] -- Up-to-date: /home/kush/UR5_Project_New/install/moveit_core/include/moveit/kinematics_metrics/kinematics_metrics.h
[9.606s] -- Up-to-date: /home/kush/UR5_Project_New/install/moveit_core/include
[9.607s] -- Up-to-date: /home/kush/UR5_Project_New/install/moveit_core/include/moveit
[9.607s] -- Up-to-date: /home/kush/UR5_Project_New/install/moveit_core/include/moveit/macros
[9.607s] -- Up-to-date: /home/kush/UR5_Project_New/install/moveit_core/include/moveit/macros/class_forward.h
[9.607s] -- Up-to-date: /home/kush/UR5_Project_New/install/moveit_core/include/moveit/macros/console_colors.h
[9.607s] -- Up-to-date: /home/kush/UR5_Project_New/install/moveit_core/include/moveit/macros/deprecation.h
[9.608s] -- Up-to-date: /home/kush/UR5_Project_New/install/moveit_core/include/moveit/macros/declare_ptr.h
[9.610s] -- Up-to-date: /home/kush/UR5_Project_New/install/moveit_core/include/moveit_butterworth_parameters
[9.610s] -- Up-to-date: /home/kush/UR5_Project_New/install/moveit_core/include/moveit_butterworth_parameters/moveit_butterworth_parameters.hpp
[9.610s] -- Up-to-date: /home/kush/UR5_Project_New/install/moveit_core/include
[9.610s] -- Up-to-date: /home/kush/UR5_Project_New/install/moveit_core/include/moveit
[9.610s] -- Up-to-date: /home/kush/UR5_Project_New/install/moveit_core/include/moveit/online_signal_smoothing
[9.610s] -- Up-to-date: /home/kush/UR5_Project_New/install/moveit_core/include/moveit/online_signal_smoothing/smoothing_base_class.h
[9.611s] -- Up-to-date: /home/kush/UR5_Project_New/install/moveit_core/include/moveit/online_signal_smoothing/butterworth_filter.h
[9.611s] -- Up-to-date: /home/kush/UR5_Project_New/install/moveit_core/include/moveit_smoothing_base_export.h
[9.611s] -- Up-to-date: /home/kush/UR5_Project_New/install/moveit_core/include/moveit_butterworth_filter_export.h
[9.614s] -- Up-to-date: /home/kush/UR5_Project_New/install/moveit_core/include
[9.614s] -- Up-to-date: /home/kush/UR5_Project_New/install/moveit_core/include/moveit
[9.614s] -- Up-to-date: /home/kush/UR5_Project_New/install/moveit_core/include/moveit/planning_interface
[9.614s] -- Up-to-date: /home/kush/UR5_Project_New/install/moveit_core/include/moveit/planning_interface/planning_request.h
[9.615s] -- Up-to-date: /home/kush/UR5_Project_New/install/moveit_core/include/moveit/planning_interface/planning_response.h
[9.616s] -- Up-to-date: /home/kush/UR5_Project_New/install/moveit_core/include/moveit/planning_interface/planning_interface.h
[9.616s] -- Up-to-date: /home/kush/UR5_Project_New/install/moveit_core/include
[9.616s] -- Up-to-date: /home/kush/UR5_Project_New/install/moveit_core/include/moveit
[9.616s] -- Up-to-date: /home/kush/UR5_Project_New/install/moveit_core/include/moveit/planning_request_adapter
[9.616s] -- Up-to-date: /home/kush/UR5_Project_New/install/moveit_core/include/moveit/planning_request_adapter/planning_request_adapter.h
[9.617s] -- Up-to-date: /home/kush/UR5_Project_New/install/moveit_core/include
[9.617s] -- Up-to-date: /home/kush/UR5_Project_New/install/moveit_core/include/moveit
[9.617s] -- Up-to-date: /home/kush/UR5_Project_New/install/moveit_core/include/moveit/planning_scene
[9.617s] -- Up-to-date: /home/kush/UR5_Project_New/install/moveit_core/include/moveit/planning_scene/planning_scene.h
[9.617s] -- Up-to-date: /home/kush/UR5_Project_New/install/moveit_core/include/moveit_planning_scene_export.h
[9.619s] -- Up-to-date: /home/kush/UR5_Project_New/install/moveit_core/include
[9.620s] -- Up-to-date: /home/kush/UR5_Project_New/install/moveit_core/include/moveit
[9.620s] -- Up-to-date: /home/kush/UR5_Project_New/install/moveit_core/include/moveit/robot_model
[9.620s] -- Up-to-date: /home/kush/UR5_Project_New/install/moveit_core/include/moveit/robot_model/revolute_joint_model.h
[9.620s] -- Up-to-date: /home/kush/UR5_Project_New/install/moveit_core/include/moveit/robot_model/prismatic_joint_model.h
[9.620s] -- Up-to-date: /home/kush/UR5_Project_New/install/moveit_core/include/moveit/robot_model/floating_joint_model.h
[9.620s] -- Up-to-date: /home/kush/UR5_Project_New/install/moveit_core/include/moveit/robot_model/robot_model.h
[9.620s] -- Up-to-date: /home/kush/UR5_Project_New/install/moveit_core/include/moveit/robot_model/fixed_joint_model.h
[9.621s] -- Up-to-date: /home/kush/UR5_Project_New/install/moveit_core/include/moveit/robot_model/link_model.h
[9.621s] -- Up-to-date: /home/kush/UR5_Project_New/install/moveit_core/include/moveit/robot_model/joint_model.h
[9.621s] -- Up-to-date: /home/kush/UR5_Project_New/install/moveit_core/include/moveit/robot_model/planar_joint_model.h
[9.621s] -- Up-to-date: /home/kush/UR5_Project_New/install/moveit_core/include/moveit/robot_model/joint_model_group.h
[9.621s] -- Up-to-date: /home/kush/UR5_Project_New/install/moveit_core/include/moveit/robot_model/aabb.h
[9.633s] -- Up-to-date: /home/kush/UR5_Project_New/install/moveit_core/include
[9.633s] -- Up-to-date: /home/kush/UR5_Project_New/install/moveit_core/include/moveit
[9.634s] -- Up-to-date: /home/kush/UR5_Project_New/install/moveit_core/include/moveit/robot_state
[9.635s] -- Up-to-date: /home/kush/UR5_Project_New/install/moveit_core/include/moveit/robot_state/conversions.h
[9.635s] -- Up-to-date: /home/kush/UR5_Project_New/install/moveit_core/include/moveit/robot_state/attached_body.h
[9.635s] -- Up-to-date: /home/kush/UR5_Project_New/install/moveit_core/include/moveit/robot_state/cartesian_interpolator.h
[9.635s] -- Up-to-date: /home/kush/UR5_Project_New/install/moveit_core/include/moveit/robot_state/robot_state.h
[9.638s] -- Up-to-date: /home/kush/UR5_Project_New/install/moveit_core/include
[9.638s] -- Up-to-date: /home/kush/UR5_Project_New/install/moveit_core/include/moveit
[9.638s] -- Up-to-date: /home/kush/UR5_Project_New/install/moveit_core/include/moveit/robot_trajectory
[9.638s] -- Up-to-date: /home/kush/UR5_Project_New/install/moveit_core/include/moveit/robot_trajectory/robot_trajectory.h
[9.639s] -- Up-to-date: /home/kush/UR5_Project_New/install/moveit_core/include
[9.639s] -- Up-to-date: /home/kush/UR5_Project_New/install/moveit_core/include/moveit
[9.640s] -- Up-to-date: /home/kush/UR5_Project_New/install/moveit_core/include/moveit/sensor_manager
[9.640s] -- Up-to-date: /home/kush/UR5_Project_New/install/moveit_core/include/moveit/sensor_manager/sensor_manager.h
[9.643s] -- Up-to-date: /home/kush/UR5_Project_New/install/moveit_core/include
[9.643s] -- Up-to-date: /home/kush/UR5_Project_New/install/moveit_core/include/moveit
[9.643s] -- Up-to-date: /home/kush/UR5_Project_New/install/moveit_core/include/moveit/trajectory_processing
[9.643s] -- Up-to-date: /home/kush/UR5_Project_New/install/moveit_core/include/moveit/trajectory_processing/trajectory_tools.h
[9.644s] -- Up-to-date: /home/kush/UR5_Project_New/install/moveit_core/include/moveit/trajectory_processing/iterative_spline_parameterization.h
[9.644s] -- Up-to-date: /home/kush/UR5_Project_New/install/moveit_core/include/moveit/trajectory_processing/time_parameterization.h
[9.644s] -- Up-to-date: /home/kush/UR5_Project_New/install/moveit_core/include/moveit/trajectory_processing/ruckig_traj_smoothing.h
[9.644s] -- Up-to-date: /home/kush/UR5_Project_New/install/moveit_core/include/moveit/trajectory_processing/iterative_time_parameterization.h
[9.644s] -- Up-to-date: /home/kush/UR5_Project_New/install/moveit_core/include/moveit/trajectory_processing/time_optimal_trajectory_generation.h
[9.646s] -- Up-to-date: /home/kush/UR5_Project_New/install/moveit_core/include
[9.646s] -- Up-to-date: /home/kush/UR5_Project_New/install/moveit_core/include/moveit
[9.646s] -- Up-to-date: /home/kush/UR5_Project_New/install/moveit_core/include/moveit/transforms
[9.646s] -- Up-to-date: /home/kush/UR5_Project_New/install/moveit_core/include/moveit/transforms/transforms.h
[9.648s] -- Up-to-date: /home/kush/UR5_Project_New/install/moveit_core/include
[9.648s] -- Up-to-date: /home/kush/UR5_Project_New/install/moveit_core/include/moveit
[9.648s] -- Up-to-date: /home/kush/UR5_Project_New/install/moveit_core/include/moveit/utils
[9.648s] -- Up-to-date: /home/kush/UR5_Project_New/install/moveit_core/include/moveit/utils/message_checks.h
[9.648s] -- Up-to-date: /home/kush/UR5_Project_New/install/moveit_core/include/moveit/utils/lexical_casts.h
[9.649s] -- Up-to-date: /home/kush/UR5_Project_New/install/moveit_core/include/moveit/utils/rclcpp_utils.h
[9.649s] -- Up-to-date: /home/kush/UR5_Project_New/install/moveit_core/include/moveit/utils/robot_model_test_utils.h
[9.649s] -- Up-to-date: /home/kush/UR5_Project_New/install/moveit_core/include/moveit/utils/moveit_error_code.h
[9.664s] -- Up-to-date: /home/kush/UR5_Project_New/install/moveit_core/bin/moveit_version
[9.687s] -- Up-to-date: /home/kush/UR5_Project_New/install/moveit_core/include
[9.687s] -- Up-to-date: /home/kush/UR5_Project_New/install/moveit_core/include/moveit
[9.688s] -- Up-to-date: /home/kush/UR5_Project_New/install/moveit_core/include/moveit/collision_detection
[9.688s] -- Up-to-date: /home/kush/UR5_Project_New/install/moveit_core/include/moveit/collision_detection/test_collision_common_pr2.h
[9.688s] -- Up-to-date: /home/kush/UR5_Project_New/install/moveit_core/include/moveit/collision_detection/world_diff.h
[9.688s] -- Up-to-date: /home/kush/UR5_Project_New/install/moveit_core/include/moveit/collision_detection/occupancy_map.h
[9.688s] -- Up-to-date: /home/kush/UR5_Project_New/install/moveit_core/include/moveit/collision_detection/collision_env.h
[9.688s] -- Up-to-date: /home/kush/UR5_Project_New/install/moveit_core/include/moveit/collision_detection/world.h
[9.689s] -- Up-to-date: /home/kush/UR5_Project_New/install/moveit_core/include/moveit/collision_detection/collision_matrix.h
[9.689s] -- Up-to-date: /home/kush/UR5_Project_New/install/moveit_core/include/moveit/collision_detection/collision_tools.h
[9.689s] -- Up-to-date: /home/kush/UR5_Project_New/install/moveit_core/include/moveit/collision_detection/collision_plugin_cache.h
[9.689s] -- Up-to-date: /home/kush/UR5_Project_New/install/moveit_core/include/moveit/collision_detection/collision_plugin.h
[9.689s] -- Up-to-date: /home/kush/UR5_Project_New/install/moveit_core/include/moveit/collision_detection/allvalid
[9.689s] -- Up-to-date: /home/kush/UR5_Project_New/install/moveit_core/include/moveit/collision_detection/allvalid/collision_env_allvalid.h
[9.689s] -- Up-to-date: /home/kush/UR5_Project_New/install/moveit_core/include/moveit/collision_detection/allvalid/collision_detector_allocator_allvalid.h
[9.690s] -- Up-to-date: /home/kush/UR5_Project_New/install/moveit_core/include/moveit/collision_detection/test_collision_common_panda.h
[9.690s] -- Up-to-date: /home/kush/UR5_Project_New/install/moveit_core/include/moveit/collision_detection/collision_detector_allocator.h
[9.690s] -- Up-to-date: /home/kush/UR5_Project_New/install/moveit_core/include/moveit/collision_detection/collision_octomap_filter.h
[9.690s] -- Up-to-date: /home/kush/UR5_Project_New/install/moveit_core/include/moveit/collision_detection/collision_common.h
[9.693s] -- Up-to-date: /home/kush/UR5_Project_New/install/moveit_core/include/moveit_collision_detection_export.h
[9.693s] -- Up-to-date: /home/kush/UR5_Project_New/install/moveit_core/include
[9.693s] -- Up-to-date: /home/kush/UR5_Project_New/install/moveit_core/include/moveit
[9.693s] -- Up-to-date: /home/kush/UR5_Project_New/install/moveit_core/include/moveit/collision_detection_bullet
[9.693s] -- Up-to-date: /home/kush/UR5_Project_New/install/moveit_core/include/moveit/collision_detection_bullet/collision_detector_allocator_bullet.h
[9.693s] -- Up-to-date: /home/kush/UR5_Project_New/install/moveit_core/include/moveit/collision_detection_bullet/bullet_integration
[9.694s] -- Up-to-date: /home/kush/UR5_Project_New/install/moveit_core/include/moveit/collision_detection_bullet/bullet_integration/bullet_utils.h
[9.694s] -- Up-to-date: /home/kush/UR5_Project_New/install/moveit_core/include/moveit/collision_detection_bullet/bullet_integration/contact_checker_common.h
[9.694s] -- Up-to-date: /home/kush/UR5_Project_New/install/moveit_core/include/moveit/collision_detection_bullet/bullet_integration/bullet_bvh_manager.h
[9.694s] -- Up-to-date: /home/kush/UR5_Project_New/install/moveit_core/include/moveit/collision_detection_bullet/bullet_integration/bullet_cast_bvh_manager.h
[9.694s] -- Up-to-date: /home/kush/UR5_Project_New/install/moveit_core/include/moveit/collision_detection_bullet/bullet_integration/bullet_discrete_bvh_manager.h
[9.694s] -- Up-to-date: /home/kush/UR5_Project_New/install/moveit_core/include/moveit/collision_detection_bullet/bullet_integration/basic_types.h
[9.694s] -- Up-to-date: /home/kush/UR5_Project_New/install/moveit_core/include/moveit/collision_detection_bullet/bullet_integration/ros_bullet_utils.h
[9.695s] -- Up-to-date: /home/kush/UR5_Project_New/install/moveit_core/include/moveit/collision_detection_bullet/collision_env_bullet.h
[9.695s] -- Up-to-date: /home/kush/UR5_Project_New/install/moveit_core/include/moveit/collision_detection_bullet/collision_detector_bullet_plugin_loader.h
[9.695s] -- Up-to-date: /home/kush/UR5_Project_New/install/moveit_core/include/moveit_collision_detection_bullet_export.h
[9.709s] -- Up-to-date: /home/kush/UR5_Project_New/install/moveit_core/lib/libmoveit_collision_detection_bullet.so.2.5.4
[9.710s] -- Up-to-date: /home/kush/UR5_Project_New/install/moveit_core/lib/libmoveit_collision_detection_bullet.so
[9.724s] -- Up-to-date: /home/kush/UR5_Project_New/install/moveit_core/lib/libcollision_detector_bullet_plugin.so.2.5.4
[9.724s] -- Up-to-date: /home/kush/UR5_Project_New/install/moveit_core/lib/libcollision_detector_bullet_plugin.so
[9.724s] -- Up-to-date: /home/kush/UR5_Project_New/install/moveit_core/share/moveit_core/environment/library_path.sh
[9.724s] -- Up-to-date: /home/kush/UR5_Project_New/install/moveit_core/share/moveit_core/environment/library_path.dsv
[9.734s] -- Up-to-date: /home/kush/UR5_Project_New/install/moveit_core/include
[9.734s] -- Up-to-date: /home/kush/UR5_Project_New/install/moveit_core/include/moveit
[9.734s] -- Up-to-date: /home/kush/UR5_Project_New/install/moveit_core/include/moveit/collision_detection_fcl
[9.734s] -- Up-to-date: /home/kush/UR5_Project_New/install/moveit_core/include/moveit/collision_detection_fcl/collision_detector_fcl_plugin_loader.h
[9.734s] -- Up-to-date: /home/kush/UR5_Project_New/install/moveit_core/include/moveit/collision_detection_fcl/fcl_compat.h
[9.735s] -- Up-to-date: /home/kush/UR5_Project_New/install/moveit_core/include/moveit/collision_detection_fcl/collision_env_fcl.h
[9.735s] -- Up-to-date: /home/kush/UR5_Project_New/install/moveit_core/include/moveit/collision_detection_fcl/collision_detector_allocator_fcl.h
[9.735s] -- Up-to-date: /home/kush/UR5_Project_New/install/moveit_core/include/moveit/collision_detection_fcl/collision_common.h
[9.735s] -- Up-to-date: /home/kush/UR5_Project_New/install/moveit_core/include/moveit_collision_detection_fcl_export.h
[9.747s] -- Up-to-date: /home/kush/UR5_Project_New/install/moveit_core/lib/libmoveit_butterworth_filter.so.2.5.4
[9.747s] -- Up-to-date: /home/kush/UR5_Project_New/install/moveit_core/lib/libmoveit_butterworth_filter.so
[9.771s] -- Up-to-date: /home/kush/UR5_Project_New/install/moveit_core/lib/libmoveit_collision_distance_field.so.2.5.4
[9.771s] -- Up-to-date: /home/kush/UR5_Project_New/install/moveit_core/lib/libmoveit_collision_distance_field.so
[9.801s] -- Up-to-date: /home/kush/UR5_Project_New/install/moveit_core/lib/libmoveit_collision_detection.so.2.5.4
[9.801s] -- Up-to-date: /home/kush/UR5_Project_New/install/moveit_core/lib/libmoveit_collision_detection.so
[9.816s] -- Up-to-date: /home/kush/UR5_Project_New/install/moveit_core/lib/libmoveit_collision_detection_fcl.so.2.5.4
[9.817s] -- Up-to-date: /home/kush/UR5_Project_New/install/moveit_core/lib/libmoveit_collision_detection_fcl.so
[9.817s] -- Up-to-date: /home/kush/UR5_Project_New/install/moveit_core/lib/libmoveit_collision_detection_bullet.so.2.5.4
[9.818s] -- Up-to-date: /home/kush/UR5_Project_New/install/moveit_core/lib/libmoveit_collision_detection_bullet.so
[9.819s] -- Up-to-date: /home/kush/UR5_Project_New/install/moveit_core/lib/libmoveit_dynamics_solver.so.2.5.4
[9.820s] -- Up-to-date: /home/kush/UR5_Project_New/install/moveit_core/lib/libmoveit_dynamics_solver.so
[9.833s] -- Up-to-date: /home/kush/UR5_Project_New/install/moveit_core/lib/libmoveit_constraint_samplers.so.2.5.4
[9.834s] -- Up-to-date: /home/kush/UR5_Project_New/install/moveit_core/lib/libmoveit_constraint_samplers.so
[9.857s] -- Up-to-date: /home/kush/UR5_Project_New/install/moveit_core/lib/libmoveit_distance_field.so.2.5.4
[9.857s] -- Up-to-date: /home/kush/UR5_Project_New/install/moveit_core/lib/libmoveit_distance_field.so
[9.858s] -- Up-to-date: /home/kush/UR5_Project_New/install/moveit_core/lib/libmoveit_exceptions.so.2.5.4
[9.859s] -- Up-to-date: /home/kush/UR5_Project_New/install/moveit_core/lib/libmoveit_exceptions.so
[9.860s] -- Up-to-date: /home/kush/UR5_Project_New/install/moveit_core/lib/libmoveit_kinematics_base.so
[9.863s] -- Up-to-date: /home/kush/UR5_Project_New/install/moveit_core/lib/libmoveit_kinematic_constraints.so.2.5.4
[9.864s] -- Up-to-date: /home/kush/UR5_Project_New/install/moveit_core/lib/libmoveit_kinematic_constraints.so
[9.883s] -- Up-to-date: /home/kush/UR5_Project_New/install/moveit_core/lib/libmoveit_kinematics_metrics.so.2.5.4
[9.884s] -- Up-to-date: /home/kush/UR5_Project_New/install/moveit_core/lib/libmoveit_kinematics_metrics.so
[9.896s] -- Up-to-date: /home/kush/UR5_Project_New/install/moveit_core/lib/libmoveit_planning_interface.so.2.5.4
[9.896s] -- Up-to-date: /home/kush/UR5_Project_New/install/moveit_core/lib/libmoveit_planning_interface.so
[9.920s] -- Up-to-date: /home/kush/UR5_Project_New/install/moveit_core/lib/libmoveit_planning_scene.so.2.5.4
[9.921s] -- Up-to-date: /home/kush/UR5_Project_New/install/moveit_core/lib/libmoveit_planning_scene.so
[9.938s] -- Up-to-date: /home/kush/UR5_Project_New/install/moveit_core/lib/libmoveit_planning_request_adapter.so.2.5.4
[9.938s] -- Up-to-date: /home/kush/UR5_Project_New/install/moveit_core/lib/libmoveit_planning_request_adapter.so
[9.957s] -- Up-to-date: /home/kush/UR5_Project_New/install/moveit_core/lib/libmoveit_robot_model.so.2.5.4
[9.958s] -- Up-to-date: /home/kush/UR5_Project_New/install/moveit_core/lib/libmoveit_robot_model.so
[9.983s] -- Up-to-date: /home/kush/UR5_Project_New/install/moveit_core/lib/libmoveit_robot_state.so.2.5.4
[9.983s] -- Up-to-date: /home/kush/UR5_Project_New/install/moveit_core/lib/libmoveit_robot_state.so
[9.997s] -- Up-to-date: /home/kush/UR5_Project_New/install/moveit_core/lib/libmoveit_robot_trajectory.so.2.5.4
[9.997s] -- Up-to-date: /home/kush/UR5_Project_New/install/moveit_core/lib/libmoveit_robot_trajectory.so
[9.998s] -- Up-to-date: /home/kush/UR5_Project_New/install/moveit_core/lib/libmoveit_smoothing_base.so.2.5.4
[9.999s] -- Up-to-date: /home/kush/UR5_Project_New/install/moveit_core/lib/libmoveit_smoothing_base.so
[10.024s] -- Up-to-date: /home/kush/UR5_Project_New/install/moveit_core/lib/libmoveit_test_utils.so.2.5.4
[10.025s] -- Up-to-date: /home/kush/UR5_Project_New/install/moveit_core/lib/libmoveit_test_utils.so
[10.043s] -- Up-to-date: /home/kush/UR5_Project_New/install/moveit_core/lib/libmoveit_trajectory_processing.so.2.5.4
[10.043s] -- Up-to-date: /home/kush/UR5_Project_New/install/moveit_core/lib/libmoveit_trajectory_processing.so
[10.059s] -- Up-to-date: /home/kush/UR5_Project_New/install/moveit_core/lib/libmoveit_transforms.so.2.5.4
[10.059s] -- Up-to-date: /home/kush/UR5_Project_New/install/moveit_core/lib/libmoveit_transforms.so
[10.060s] -- Up-to-date: /home/kush/UR5_Project_New/install/moveit_core/lib/libmoveit_utils.so.2.5.4
[10.061s] -- Up-to-date: /home/kush/UR5_Project_New/install/moveit_core/lib/libmoveit_utils.so
[10.061s] -- Up-to-date: /home/kush/UR5_Project_New/install/moveit_core/share/moveit_core/environment/library_path.sh
[10.061s] -- Up-to-date: /home/kush/UR5_Project_New/install/moveit_core/share/moveit_core/environment/library_path.dsv
[10.062s] -- Up-to-date: /home/kush/UR5_Project_New/install/moveit_core/share/moveit_core/collision_detector_fcl_description.xml
[10.062s] -- Up-to-date: /home/kush/UR5_Project_New/install/moveit_core/share/moveit_core/collision_detector_bullet_description.xml
[10.062s] -- Up-to-date: /home/kush/UR5_Project_New/install/moveit_core/share/moveit_core/filter_plugin_butterworth.xml
[10.062s] -- Up-to-date: /home/kush/UR5_Project_New/install/moveit_core/share/ament_index/resource_index/package_run_dependencies/moveit_core
[10.063s] -- Up-to-date: /home/kush/UR5_Project_New/install/moveit_core/share/ament_index/resource_index/parent_prefix_path/moveit_core
[10.063s] -- Up-to-date: /home/kush/UR5_Project_New/install/moveit_core/share/moveit_core/environment/ament_prefix_path.sh
[10.063s] -- Up-to-date: /home/kush/UR5_Project_New/install/moveit_core/share/moveit_core/environment/ament_prefix_path.dsv
[10.064s] -- Up-to-date: /home/kush/UR5_Project_New/install/moveit_core/share/moveit_core/environment/path.sh
[10.064s] -- Up-to-date: /home/kush/UR5_Project_New/install/moveit_core/share/moveit_core/environment/path.dsv
[10.065s] -- Up-to-date: /home/kush/UR5_Project_New/install/moveit_core/share/moveit_core/local_setup.bash
[10.065s] -- Up-to-date: /home/kush/UR5_Project_New/install/moveit_core/share/moveit_core/local_setup.sh
[10.066s] -- Up-to-date: /home/kush/UR5_Project_New/install/moveit_core/share/moveit_core/local_setup.zsh
[10.066s] -- Up-to-date: /home/kush/UR5_Project_New/install/moveit_core/share/moveit_core/local_setup.dsv
[10.067s] -- Installing: /home/kush/UR5_Project_New/install/moveit_core/share/moveit_core/package.dsv
[10.085s] -- Up-to-date: /home/kush/UR5_Project_New/install/moveit_core/share/ament_index/resource_index/packages/moveit_core
[10.086s] -- Up-to-date: /home/kush/UR5_Project_New/install/moveit_core/share/ament_index/resource_index/moveit_core__pluginlib__plugin/moveit_core
[10.088s] -- Up-to-date: /home/kush/UR5_Project_New/install/moveit_core/share/moveit_core/cmake/export_moveit_coreExport.cmake
[10.089s] -- Up-to-date: /home/kush/UR5_Project_New/install/moveit_core/share/moveit_core/cmake/export_moveit_coreExport-release.cmake
[10.090s] -- Up-to-date: /home/kush/UR5_Project_New/install/moveit_core/share/moveit_core/cmake/ConfigExtras.cmake
[10.092s] -- Up-to-date: /home/kush/UR5_Project_New/install/moveit_core/share/moveit_core/cmake/ament_cmake_export_targets-extras.cmake
[10.092s] -- Up-to-date: /home/kush/UR5_Project_New/install/moveit_core/share/moveit_core/cmake/ament_cmake_export_dependencies-extras.cmake
[10.092s] -- Up-to-date: /home/kush/UR5_Project_New/install/moveit_core/share/moveit_core/cmake/moveit_coreConfig.cmake
[10.106s] -- Up-to-date: /home/kush/UR5_Project_New/install/moveit_core/share/moveit_core/cmake/moveit_coreConfig-version.cmake
[10.106s] -- Up-to-date: /home/kush/UR5_Project_New/install/moveit_core/share/moveit_core/package.xml
[10.107s] Invoked command in '/home/kush/UR5_Project_New/build/moveit_core' returned '0': AMENT_PREFIX_PATH=/home/kush/UR5_Project_New/install/moveit_resources_panda_moveit_config:/home/kush/UR5_Project_New/install/srdfdom:/home/kush/UR5_Project_New/install/moveit_resources_pr2_description:/home/kush/UR5_Project_New/install/moveit_resources_panda_description:/home/kush/UR5_Project_New/install/moveit_common:${AMENT_PREFIX_PATH} CMAKE_PREFIX_PATH=/home/kush/UR5_Project_New/install/moveit_resources_panda_moveit_config:/home/kush/UR5_Project_New/install/srdfdom:/home/kush/UR5_Project_New/install/moveit_resources_pr2_description:/home/kush/UR5_Project_New/install/moveit_resources_panda_description:/home/kush/UR5_Project_New/install/moveit_common:/opt/ros/humble LD_LIBRARY_PATH=/home/kush/UR5_Project_New/install/srdfdom/lib:${LD_LIBRARY_PATH} PYTHONPATH=/home/kush/UR5_Project_New/install/srdfdom/local/lib/python3.10/dist-packages:${PYTHONPATH} /usr/bin/cmake --install /home/kush/UR5_Project_New/build/moveit_core
