[0.076s] Invoking command in '/home/kush/UR5_Project_New/build/moveit_task_constructor_msgs': CMAKE_PREFIX_PATH=/opt/ros/humble /usr/bin/cmake --build /home/kush/UR5_Project_New/build/moveit_task_constructor_msgs -- -j4 -l4
[2.103s] [  0%] Built target moveit_task_constructor_msgs__cpp
[2.829s] [  0%] Built target ament_cmake_python_copy_moveit_task_constructor_msgs
[4.176s] [ 11%] Built target moveit_task_constructor_msgs__rosidl_typesupport_fastrtps_cpp
[4.655s] [ 23%] Built target moveit_task_constructor_msgs__rosidl_typesupport_introspection_cpp
[5.254s] running egg_info
[5.255s] writing moveit_task_constructor_msgs.egg-info/PKG-INFO
[5.256s] writing dependency_links to moveit_task_constructor_msgs.egg-info/dependency_links.txt
[5.256s] writing top-level names to moveit_task_constructor_msgs.egg-info/top_level.txt
[5.260s] reading manifest file 'moveit_task_constructor_msgs.egg-info/SOURCES.txt'
[5.272s] writing manifest file 'moveit_task_constructor_msgs.egg-info/SOURCES.txt'
[5.319s] [ 23%] Built target ament_cmake_python_build_moveit_task_constructor_msgs_egg
[5.840s] [ 35%] Built target moveit_task_constructor_msgs__rosidl_typesupport_cpp
[6.817s] [ 47%] Built target moveit_task_constructor_msgs__rosidl_generator_c
[7.269s] [ 59%] Built target moveit_task_constructor_msgs__rosidl_typesupport_fastrtps_c
[7.776s] [ 71%] Built target moveit_task_constructor_msgs__rosidl_typesupport_c
[8.245s] [ 83%] Built target moveit_task_constructor_msgs__rosidl_typesupport_introspection_c
[8.387s] [ 83%] Built target moveit_task_constructor_msgs
[8.572s] [ 84%] Built target moveit_task_constructor_msgs__py
[8.786s] [ 95%] Built target moveit_task_constructor_msgs__rosidl_generator_py
[8.936s] [ 97%] Built target moveit_task_constructor_msgs__rosidl_typesupport_fastrtps_c__pyext
[9.075s] [ 98%] Built target moveit_task_constructor_msgs__rosidl_typesupport_c__pyext
[9.294s] [100%] Built target moveit_task_constructor_msgs__rosidl_typesupport_introspection_c__pyext
[9.312s] Invoked command in '/home/kush/UR5_Project_New/build/moveit_task_constructor_msgs' returned '0': CMAKE_PREFIX_PATH=/opt/ros/humble /usr/bin/cmake --build /home/kush/UR5_Project_New/build/moveit_task_constructor_msgs -- -j4 -l4
[10.469s] Invoking command in '/home/kush/UR5_Project_New/build/moveit_task_constructor_msgs': CMAKE_PREFIX_PATH=/opt/ros/humble /usr/bin/cmake --install /home/kush/UR5_Project_New/build/moveit_task_constructor_msgs
[10.529s] -- Install configuration: "Release"
[10.530s] -- Up-to-date: /home/kush/UR5_Project_New/install/moveit_task_constructor_msgs/share/ament_index/resource_index/rosidl_interfaces/moveit_task_constructor_msgs
[10.530s] -- Up-to-date: /home/kush/UR5_Project_New/install/moveit_task_constructor_msgs/include/moveit_task_constructor_msgs/moveit_task_constructor_msgs
[10.530s] -- Up-to-date: /home/kush/UR5_Project_New/install/moveit_task_constructor_msgs/include/moveit_task_constructor_msgs/moveit_task_constructor_msgs/srv
[10.531s] -- Up-to-date: /home/kush/UR5_Project_New/install/moveit_task_constructor_msgs/include/moveit_task_constructor_msgs/moveit_task_constructor_msgs/srv/detail
[10.531s] -- Up-to-date: /home/kush/UR5_Project_New/install/moveit_task_constructor_msgs/include/moveit_task_constructor_msgs/moveit_task_constructor_msgs/srv/detail/get_solution__functions.c
[10.531s] -- Up-to-date: /home/kush/UR5_Project_New/install/moveit_task_constructor_msgs/include/moveit_task_constructor_msgs/moveit_task_constructor_msgs/srv/detail/get_solution__type_support.h
[10.532s] -- Up-to-date: /home/kush/UR5_Project_New/install/moveit_task_constructor_msgs/include/moveit_task_constructor_msgs/moveit_task_constructor_msgs/srv/detail/get_solution__functions.h
[10.532s] -- Up-to-date: /home/kush/UR5_Project_New/install/moveit_task_constructor_msgs/include/moveit_task_constructor_msgs/moveit_task_constructor_msgs/srv/detail/get_solution__struct.h
[10.532s] -- Up-to-date: /home/kush/UR5_Project_New/install/moveit_task_constructor_msgs/include/moveit_task_constructor_msgs/moveit_task_constructor_msgs/srv/get_solution.h
[10.533s] -- Up-to-date: /home/kush/UR5_Project_New/install/moveit_task_constructor_msgs/include/moveit_task_constructor_msgs/moveit_task_constructor_msgs/msg
[10.533s] -- Up-to-date: /home/kush/UR5_Project_New/install/moveit_task_constructor_msgs/include/moveit_task_constructor_msgs/moveit_task_constructor_msgs/msg/rosidl_generator_c__visibility_control.h
[10.533s] -- Up-to-date: /home/kush/UR5_Project_New/install/moveit_task_constructor_msgs/include/moveit_task_constructor_msgs/moveit_task_constructor_msgs/msg/property.h
[10.533s] -- Up-to-date: /home/kush/UR5_Project_New/install/moveit_task_constructor_msgs/include/moveit_task_constructor_msgs/moveit_task_constructor_msgs/msg/task_description.h
[10.533s] -- Up-to-date: /home/kush/UR5_Project_New/install/moveit_task_constructor_msgs/include/moveit_task_constructor_msgs/moveit_task_constructor_msgs/msg/solution.h
[10.533s] -- Up-to-date: /home/kush/UR5_Project_New/install/moveit_task_constructor_msgs/include/moveit_task_constructor_msgs/moveit_task_constructor_msgs/msg/solution_info.h
[10.533s] -- Up-to-date: /home/kush/UR5_Project_New/install/moveit_task_constructor_msgs/include/moveit_task_constructor_msgs/moveit_task_constructor_msgs/msg/stage_statistics.h
[10.534s] -- Up-to-date: /home/kush/UR5_Project_New/install/moveit_task_constructor_msgs/include/moveit_task_constructor_msgs/moveit_task_constructor_msgs/msg/sub_solution.h
[10.534s] -- Up-to-date: /home/kush/UR5_Project_New/install/moveit_task_constructor_msgs/include/moveit_task_constructor_msgs/moveit_task_constructor_msgs/msg/task_statistics.h
[10.534s] -- Up-to-date: /home/kush/UR5_Project_New/install/moveit_task_constructor_msgs/include/moveit_task_constructor_msgs/moveit_task_constructor_msgs/msg/sub_trajectory.h
[10.534s] -- Up-to-date: /home/kush/UR5_Project_New/install/moveit_task_constructor_msgs/include/moveit_task_constructor_msgs/moveit_task_constructor_msgs/msg/detail
[10.534s] -- Up-to-date: /home/kush/UR5_Project_New/install/moveit_task_constructor_msgs/include/moveit_task_constructor_msgs/moveit_task_constructor_msgs/msg/detail/stage_statistics__functions.c
[10.534s] -- Up-to-date: /home/kush/UR5_Project_New/install/moveit_task_constructor_msgs/include/moveit_task_constructor_msgs/moveit_task_constructor_msgs/msg/detail/task_description__functions.c
[10.534s] -- Up-to-date: /home/kush/UR5_Project_New/install/moveit_task_constructor_msgs/include/moveit_task_constructor_msgs/moveit_task_constructor_msgs/msg/detail/stage_statistics__struct.h
[10.534s] -- Up-to-date: /home/kush/UR5_Project_New/install/moveit_task_constructor_msgs/include/moveit_task_constructor_msgs/moveit_task_constructor_msgs/msg/detail/solution__struct.h
[10.534s] -- Up-to-date: /home/kush/UR5_Project_New/install/moveit_task_constructor_msgs/include/moveit_task_constructor_msgs/moveit_task_constructor_msgs/msg/detail/solution__functions.c
[10.534s] -- Up-to-date: /home/kush/UR5_Project_New/install/moveit_task_constructor_msgs/include/moveit_task_constructor_msgs/moveit_task_constructor_msgs/msg/detail/sub_trajectory__struct.h
[10.534s] -- Up-to-date: /home/kush/UR5_Project_New/install/moveit_task_constructor_msgs/include/moveit_task_constructor_msgs/moveit_task_constructor_msgs/msg/detail/solution_info__functions.h
[10.534s] -- Up-to-date: /home/kush/UR5_Project_New/install/moveit_task_constructor_msgs/include/moveit_task_constructor_msgs/moveit_task_constructor_msgs/msg/detail/sub_trajectory__type_support.h
[10.535s] -- Up-to-date: /home/kush/UR5_Project_New/install/moveit_task_constructor_msgs/include/moveit_task_constructor_msgs/moveit_task_constructor_msgs/msg/detail/stage_description__functions.c
[10.535s] -- Up-to-date: /home/kush/UR5_Project_New/install/moveit_task_constructor_msgs/include/moveit_task_constructor_msgs/moveit_task_constructor_msgs/msg/detail/sub_trajectory__functions.c
[10.535s] -- Up-to-date: /home/kush/UR5_Project_New/install/moveit_task_constructor_msgs/include/moveit_task_constructor_msgs/moveit_task_constructor_msgs/msg/detail/sub_solution__functions.h
[10.535s] -- Up-to-date: /home/kush/UR5_Project_New/install/moveit_task_constructor_msgs/include/moveit_task_constructor_msgs/moveit_task_constructor_msgs/msg/detail/task_description__type_support.h
[10.535s] -- Up-to-date: /home/kush/UR5_Project_New/install/moveit_task_constructor_msgs/include/moveit_task_constructor_msgs/moveit_task_constructor_msgs/msg/detail/task_statistics__functions.h
[10.535s] -- Up-to-date: /home/kush/UR5_Project_New/install/moveit_task_constructor_msgs/include/moveit_task_constructor_msgs/moveit_task_constructor_msgs/msg/detail/property__type_support.h
[10.535s] -- Up-to-date: /home/kush/UR5_Project_New/install/moveit_task_constructor_msgs/include/moveit_task_constructor_msgs/moveit_task_constructor_msgs/msg/detail/sub_solution__struct.h
[10.535s] -- Up-to-date: /home/kush/UR5_Project_New/install/moveit_task_constructor_msgs/include/moveit_task_constructor_msgs/moveit_task_constructor_msgs/msg/detail/task_description__struct.h
[10.535s] -- Up-to-date: /home/kush/UR5_Project_New/install/moveit_task_constructor_msgs/include/moveit_task_constructor_msgs/moveit_task_constructor_msgs/msg/detail/sub_solution__type_support.h
[10.535s] -- Up-to-date: /home/kush/UR5_Project_New/install/moveit_task_constructor_msgs/include/moveit_task_constructor_msgs/moveit_task_constructor_msgs/msg/detail/task_description__functions.h
[10.535s] -- Up-to-date: /home/kush/UR5_Project_New/install/moveit_task_constructor_msgs/include/moveit_task_constructor_msgs/moveit_task_constructor_msgs/msg/detail/solution_info__struct.h
[10.535s] -- Up-to-date: /home/kush/UR5_Project_New/install/moveit_task_constructor_msgs/include/moveit_task_constructor_msgs/moveit_task_constructor_msgs/msg/detail/task_statistics__struct.h
[10.536s] -- Up-to-date: /home/kush/UR5_Project_New/install/moveit_task_constructor_msgs/include/moveit_task_constructor_msgs/moveit_task_constructor_msgs/msg/detail/stage_description__type_support.h
[10.536s] -- Up-to-date: /home/kush/UR5_Project_New/install/moveit_task_constructor_msgs/include/moveit_task_constructor_msgs/moveit_task_constructor_msgs/msg/detail/stage_description__functions.h
[10.536s] -- Up-to-date: /home/kush/UR5_Project_New/install/moveit_task_constructor_msgs/include/moveit_task_constructor_msgs/moveit_task_constructor_msgs/msg/detail/sub_solution__functions.c
[10.536s] -- Up-to-date: /home/kush/UR5_Project_New/install/moveit_task_constructor_msgs/include/moveit_task_constructor_msgs/moveit_task_constructor_msgs/msg/detail/stage_statistics__functions.h
[10.536s] -- Up-to-date: /home/kush/UR5_Project_New/install/moveit_task_constructor_msgs/include/moveit_task_constructor_msgs/moveit_task_constructor_msgs/msg/detail/property__functions.c
[10.536s] -- Up-to-date: /home/kush/UR5_Project_New/install/moveit_task_constructor_msgs/include/moveit_task_constructor_msgs/moveit_task_constructor_msgs/msg/detail/task_statistics__functions.c
[10.536s] -- Up-to-date: /home/kush/UR5_Project_New/install/moveit_task_constructor_msgs/include/moveit_task_constructor_msgs/moveit_task_constructor_msgs/msg/detail/solution__functions.h
[10.536s] -- Up-to-date: /home/kush/UR5_Project_New/install/moveit_task_constructor_msgs/include/moveit_task_constructor_msgs/moveit_task_constructor_msgs/msg/detail/task_statistics__type_support.h
[10.536s] -- Up-to-date: /home/kush/UR5_Project_New/install/moveit_task_constructor_msgs/include/moveit_task_constructor_msgs/moveit_task_constructor_msgs/msg/detail/sub_trajectory__functions.h
[10.536s] -- Up-to-date: /home/kush/UR5_Project_New/install/moveit_task_constructor_msgs/include/moveit_task_constructor_msgs/moveit_task_constructor_msgs/msg/detail/solution_info__type_support.h
[10.536s] -- Up-to-date: /home/kush/UR5_Project_New/install/moveit_task_constructor_msgs/include/moveit_task_constructor_msgs/moveit_task_constructor_msgs/msg/detail/solution_info__functions.c
[10.537s] -- Up-to-date: /home/kush/UR5_Project_New/install/moveit_task_constructor_msgs/include/moveit_task_constructor_msgs/moveit_task_constructor_msgs/msg/detail/property__struct.h
[10.537s] -- Up-to-date: /home/kush/UR5_Project_New/install/moveit_task_constructor_msgs/include/moveit_task_constructor_msgs/moveit_task_constructor_msgs/msg/detail/stage_statistics__type_support.h
[10.537s] -- Up-to-date: /home/kush/UR5_Project_New/install/moveit_task_constructor_msgs/include/moveit_task_constructor_msgs/moveit_task_constructor_msgs/msg/detail/solution__type_support.h
[10.537s] -- Up-to-date: /home/kush/UR5_Project_New/install/moveit_task_constructor_msgs/include/moveit_task_constructor_msgs/moveit_task_constructor_msgs/msg/detail/stage_description__struct.h
[10.537s] -- Up-to-date: /home/kush/UR5_Project_New/install/moveit_task_constructor_msgs/include/moveit_task_constructor_msgs/moveit_task_constructor_msgs/msg/detail/property__functions.h
[10.537s] -- Up-to-date: /home/kush/UR5_Project_New/install/moveit_task_constructor_msgs/include/moveit_task_constructor_msgs/moveit_task_constructor_msgs/msg/stage_description.h
[10.537s] -- Up-to-date: /home/kush/UR5_Project_New/install/moveit_task_constructor_msgs/include/moveit_task_constructor_msgs/moveit_task_constructor_msgs/action
[10.537s] -- Up-to-date: /home/kush/UR5_Project_New/install/moveit_task_constructor_msgs/include/moveit_task_constructor_msgs/moveit_task_constructor_msgs/action/execute_task_solution.h
[10.538s] -- Up-to-date: /home/kush/UR5_Project_New/install/moveit_task_constructor_msgs/include/moveit_task_constructor_msgs/moveit_task_constructor_msgs/action/detail
[10.538s] -- Up-to-date: /home/kush/UR5_Project_New/install/moveit_task_constructor_msgs/include/moveit_task_constructor_msgs/moveit_task_constructor_msgs/action/detail/execute_task_solution__functions.h
[10.538s] -- Up-to-date: /home/kush/UR5_Project_New/install/moveit_task_constructor_msgs/include/moveit_task_constructor_msgs/moveit_task_constructor_msgs/action/detail/execute_task_solution__type_support.h
[10.538s] -- Up-to-date: /home/kush/UR5_Project_New/install/moveit_task_constructor_msgs/include/moveit_task_constructor_msgs/moveit_task_constructor_msgs/action/detail/execute_task_solution__functions.c
[10.538s] -- Up-to-date: /home/kush/UR5_Project_New/install/moveit_task_constructor_msgs/include/moveit_task_constructor_msgs/moveit_task_constructor_msgs/action/detail/execute_task_solution__struct.h
[10.538s] -- Up-to-date: /home/kush/UR5_Project_New/install/moveit_task_constructor_msgs/share/moveit_task_constructor_msgs/environment/library_path.sh
[10.539s] -- Up-to-date: /home/kush/UR5_Project_New/install/moveit_task_constructor_msgs/share/moveit_task_constructor_msgs/environment/library_path.dsv
[10.552s] -- Up-to-date: /home/kush/UR5_Project_New/install/moveit_task_constructor_msgs/lib/libmoveit_task_constructor_msgs__rosidl_generator_c.so
[10.552s] -- Up-to-date: /home/kush/UR5_Project_New/install/moveit_task_constructor_msgs/include/moveit_task_constructor_msgs/moveit_task_constructor_msgs
[10.553s] -- Up-to-date: /home/kush/UR5_Project_New/install/moveit_task_constructor_msgs/include/moveit_task_constructor_msgs/moveit_task_constructor_msgs/srv
[10.553s] -- Up-to-date: /home/kush/UR5_Project_New/install/moveit_task_constructor_msgs/include/moveit_task_constructor_msgs/moveit_task_constructor_msgs/srv/detail
[10.553s] -- Up-to-date: /home/kush/UR5_Project_New/install/moveit_task_constructor_msgs/include/moveit_task_constructor_msgs/moveit_task_constructor_msgs/srv/detail/get_solution__rosidl_typesupport_fastrtps_c.h
[10.553s] -- Up-to-date: /home/kush/UR5_Project_New/install/moveit_task_constructor_msgs/include/moveit_task_constructor_msgs/moveit_task_constructor_msgs/msg
[10.554s] -- Up-to-date: /home/kush/UR5_Project_New/install/moveit_task_constructor_msgs/include/moveit_task_constructor_msgs/moveit_task_constructor_msgs/msg/rosidl_typesupport_fastrtps_c__visibility_control.h
[10.554s] -- Up-to-date: /home/kush/UR5_Project_New/install/moveit_task_constructor_msgs/include/moveit_task_constructor_msgs/moveit_task_constructor_msgs/msg/detail
[10.554s] -- Up-to-date: /home/kush/UR5_Project_New/install/moveit_task_constructor_msgs/include/moveit_task_constructor_msgs/moveit_task_constructor_msgs/msg/detail/sub_solution__rosidl_typesupport_fastrtps_c.h
[10.554s] -- Up-to-date: /home/kush/UR5_Project_New/install/moveit_task_constructor_msgs/include/moveit_task_constructor_msgs/moveit_task_constructor_msgs/msg/detail/sub_trajectory__rosidl_typesupport_fastrtps_c.h
[10.554s] -- Up-to-date: /home/kush/UR5_Project_New/install/moveit_task_constructor_msgs/include/moveit_task_constructor_msgs/moveit_task_constructor_msgs/msg/detail/property__rosidl_typesupport_fastrtps_c.h
[10.555s] -- Up-to-date: /home/kush/UR5_Project_New/install/moveit_task_constructor_msgs/include/moveit_task_constructor_msgs/moveit_task_constructor_msgs/msg/detail/solution_info__rosidl_typesupport_fastrtps_c.h
[10.555s] -- Up-to-date: /home/kush/UR5_Project_New/install/moveit_task_constructor_msgs/include/moveit_task_constructor_msgs/moveit_task_constructor_msgs/msg/detail/solution__rosidl_typesupport_fastrtps_c.h
[10.555s] -- Up-to-date: /home/kush/UR5_Project_New/install/moveit_task_constructor_msgs/include/moveit_task_constructor_msgs/moveit_task_constructor_msgs/msg/detail/stage_statistics__rosidl_typesupport_fastrtps_c.h
[10.555s] -- Up-to-date: /home/kush/UR5_Project_New/install/moveit_task_constructor_msgs/include/moveit_task_constructor_msgs/moveit_task_constructor_msgs/msg/detail/stage_description__rosidl_typesupport_fastrtps_c.h
[10.555s] -- Up-to-date: /home/kush/UR5_Project_New/install/moveit_task_constructor_msgs/include/moveit_task_constructor_msgs/moveit_task_constructor_msgs/msg/detail/task_statistics__rosidl_typesupport_fastrtps_c.h
[10.555s] -- Up-to-date: /home/kush/UR5_Project_New/install/moveit_task_constructor_msgs/include/moveit_task_constructor_msgs/moveit_task_constructor_msgs/msg/detail/task_description__rosidl_typesupport_fastrtps_c.h
[10.556s] -- Up-to-date: /home/kush/UR5_Project_New/install/moveit_task_constructor_msgs/include/moveit_task_constructor_msgs/moveit_task_constructor_msgs/action
[10.556s] -- Up-to-date: /home/kush/UR5_Project_New/install/moveit_task_constructor_msgs/include/moveit_task_constructor_msgs/moveit_task_constructor_msgs/action/detail
[10.556s] -- Up-to-date: /home/kush/UR5_Project_New/install/moveit_task_constructor_msgs/include/moveit_task_constructor_msgs/moveit_task_constructor_msgs/action/detail/execute_task_solution__rosidl_typesupport_fastrtps_c.h
[10.567s] -- Up-to-date: /home/kush/UR5_Project_New/install/moveit_task_constructor_msgs/lib/libmoveit_task_constructor_msgs__rosidl_typesupport_fastrtps_c.so
[10.567s] -- Up-to-date: /home/kush/UR5_Project_New/install/moveit_task_constructor_msgs/include/moveit_task_constructor_msgs/moveit_task_constructor_msgs
[10.568s] -- Up-to-date: /home/kush/UR5_Project_New/install/moveit_task_constructor_msgs/include/moveit_task_constructor_msgs/moveit_task_constructor_msgs/srv
[10.568s] -- Up-to-date: /home/kush/UR5_Project_New/install/moveit_task_constructor_msgs/include/moveit_task_constructor_msgs/moveit_task_constructor_msgs/srv/get_solution.hpp
[10.569s] -- Up-to-date: /home/kush/UR5_Project_New/install/moveit_task_constructor_msgs/include/moveit_task_constructor_msgs/moveit_task_constructor_msgs/srv/detail
[10.569s] -- Up-to-date: /home/kush/UR5_Project_New/install/moveit_task_constructor_msgs/include/moveit_task_constructor_msgs/moveit_task_constructor_msgs/srv/detail/get_solution__traits.hpp
[10.570s] -- Up-to-date: /home/kush/UR5_Project_New/install/moveit_task_constructor_msgs/include/moveit_task_constructor_msgs/moveit_task_constructor_msgs/srv/detail/get_solution__struct.hpp
[10.570s] -- Up-to-date: /home/kush/UR5_Project_New/install/moveit_task_constructor_msgs/include/moveit_task_constructor_msgs/moveit_task_constructor_msgs/srv/detail/get_solution__builder.hpp
[10.570s] -- Up-to-date: /home/kush/UR5_Project_New/install/moveit_task_constructor_msgs/include/moveit_task_constructor_msgs/moveit_task_constructor_msgs/msg
[10.570s] -- Up-to-date: /home/kush/UR5_Project_New/install/moveit_task_constructor_msgs/include/moveit_task_constructor_msgs/moveit_task_constructor_msgs/msg/task_statistics.hpp
[10.571s] -- Up-to-date: /home/kush/UR5_Project_New/install/moveit_task_constructor_msgs/include/moveit_task_constructor_msgs/moveit_task_constructor_msgs/msg/stage_statistics.hpp
[10.571s] -- Up-to-date: /home/kush/UR5_Project_New/install/moveit_task_constructor_msgs/include/moveit_task_constructor_msgs/moveit_task_constructor_msgs/msg/task_description.hpp
[10.571s] -- Up-to-date: /home/kush/UR5_Project_New/install/moveit_task_constructor_msgs/include/moveit_task_constructor_msgs/moveit_task_constructor_msgs/msg/sub_solution.hpp
[10.572s] -- Up-to-date: /home/kush/UR5_Project_New/install/moveit_task_constructor_msgs/include/moveit_task_constructor_msgs/moveit_task_constructor_msgs/msg/stage_description.hpp
[10.572s] -- Up-to-date: /home/kush/UR5_Project_New/install/moveit_task_constructor_msgs/include/moveit_task_constructor_msgs/moveit_task_constructor_msgs/msg/solution_info.hpp
[10.572s] -- Up-to-date: /home/kush/UR5_Project_New/install/moveit_task_constructor_msgs/include/moveit_task_constructor_msgs/moveit_task_constructor_msgs/msg/solution.hpp
[10.573s] -- Up-to-date: /home/kush/UR5_Project_New/install/moveit_task_constructor_msgs/include/moveit_task_constructor_msgs/moveit_task_constructor_msgs/msg/sub_trajectory.hpp
[10.573s] -- Up-to-date: /home/kush/UR5_Project_New/install/moveit_task_constructor_msgs/include/moveit_task_constructor_msgs/moveit_task_constructor_msgs/msg/detail
[10.573s] -- Up-to-date: /home/kush/UR5_Project_New/install/moveit_task_constructor_msgs/include/moveit_task_constructor_msgs/moveit_task_constructor_msgs/msg/detail/stage_statistics__traits.hpp
[10.573s] -- Up-to-date: /home/kush/UR5_Project_New/install/moveit_task_constructor_msgs/include/moveit_task_constructor_msgs/moveit_task_constructor_msgs/msg/detail/task_description__traits.hpp
[10.573s] -- Up-to-date: /home/kush/UR5_Project_New/install/moveit_task_constructor_msgs/include/moveit_task_constructor_msgs/moveit_task_constructor_msgs/msg/detail/task_statistics__builder.hpp
[10.574s] -- Up-to-date: /home/kush/UR5_Project_New/install/moveit_task_constructor_msgs/include/moveit_task_constructor_msgs/moveit_task_constructor_msgs/msg/detail/task_description__struct.hpp
[10.574s] -- Up-to-date: /home/kush/UR5_Project_New/install/moveit_task_constructor_msgs/include/moveit_task_constructor_msgs/moveit_task_constructor_msgs/msg/detail/task_description__builder.hpp
[10.574s] -- Up-to-date: /home/kush/UR5_Project_New/install/moveit_task_constructor_msgs/include/moveit_task_constructor_msgs/moveit_task_constructor_msgs/msg/detail/stage_description__builder.hpp
[10.574s] -- Up-to-date: /home/kush/UR5_Project_New/install/moveit_task_constructor_msgs/include/moveit_task_constructor_msgs/moveit_task_constructor_msgs/msg/detail/sub_solution__struct.hpp
[10.574s] -- Up-to-date: /home/kush/UR5_Project_New/install/moveit_task_constructor_msgs/include/moveit_task_constructor_msgs/moveit_task_constructor_msgs/msg/detail/solution__struct.hpp
[10.575s] -- Up-to-date: /home/kush/UR5_Project_New/install/moveit_task_constructor_msgs/include/moveit_task_constructor_msgs/moveit_task_constructor_msgs/msg/detail/solution_info__traits.hpp
[10.575s] -- Up-to-date: /home/kush/UR5_Project_New/install/moveit_task_constructor_msgs/include/moveit_task_constructor_msgs/moveit_task_constructor_msgs/msg/detail/solution__builder.hpp
[10.575s] -- Up-to-date: /home/kush/UR5_Project_New/install/moveit_task_constructor_msgs/include/moveit_task_constructor_msgs/moveit_task_constructor_msgs/msg/detail/property__struct.hpp
[10.575s] -- Up-to-date: /home/kush/UR5_Project_New/install/moveit_task_constructor_msgs/include/moveit_task_constructor_msgs/moveit_task_constructor_msgs/msg/detail/sub_trajectory__struct.hpp
[10.575s] -- Up-to-date: /home/kush/UR5_Project_New/install/moveit_task_constructor_msgs/include/moveit_task_constructor_msgs/moveit_task_constructor_msgs/msg/detail/sub_trajectory__builder.hpp
[10.576s] -- Up-to-date: /home/kush/UR5_Project_New/install/moveit_task_constructor_msgs/include/moveit_task_constructor_msgs/moveit_task_constructor_msgs/msg/detail/property__builder.hpp
[10.576s] -- Up-to-date: /home/kush/UR5_Project_New/install/moveit_task_constructor_msgs/include/moveit_task_constructor_msgs/moveit_task_constructor_msgs/msg/detail/stage_statistics__builder.hpp
[10.576s] -- Up-to-date: /home/kush/UR5_Project_New/install/moveit_task_constructor_msgs/include/moveit_task_constructor_msgs/moveit_task_constructor_msgs/msg/detail/solution__traits.hpp
[10.576s] -- Up-to-date: /home/kush/UR5_Project_New/install/moveit_task_constructor_msgs/include/moveit_task_constructor_msgs/moveit_task_constructor_msgs/msg/detail/stage_statistics__struct.hpp
[10.576s] -- Up-to-date: /home/kush/UR5_Project_New/install/moveit_task_constructor_msgs/include/moveit_task_constructor_msgs/moveit_task_constructor_msgs/msg/detail/sub_solution__builder.hpp
[10.576s] -- Up-to-date: /home/kush/UR5_Project_New/install/moveit_task_constructor_msgs/include/moveit_task_constructor_msgs/moveit_task_constructor_msgs/msg/detail/solution_info__builder.hpp
[10.577s] -- Up-to-date: /home/kush/UR5_Project_New/install/moveit_task_constructor_msgs/include/moveit_task_constructor_msgs/moveit_task_constructor_msgs/msg/detail/stage_description__traits.hpp
[10.577s] -- Up-to-date: /home/kush/UR5_Project_New/install/moveit_task_constructor_msgs/include/moveit_task_constructor_msgs/moveit_task_constructor_msgs/msg/detail/sub_solution__traits.hpp
[10.577s] -- Up-to-date: /home/kush/UR5_Project_New/install/moveit_task_constructor_msgs/include/moveit_task_constructor_msgs/moveit_task_constructor_msgs/msg/detail/task_statistics__traits.hpp
[10.577s] -- Up-to-date: /home/kush/UR5_Project_New/install/moveit_task_constructor_msgs/include/moveit_task_constructor_msgs/moveit_task_constructor_msgs/msg/detail/sub_trajectory__traits.hpp
[10.577s] -- Up-to-date: /home/kush/UR5_Project_New/install/moveit_task_constructor_msgs/include/moveit_task_constructor_msgs/moveit_task_constructor_msgs/msg/detail/task_statistics__struct.hpp
[10.578s] -- Up-to-date: /home/kush/UR5_Project_New/install/moveit_task_constructor_msgs/include/moveit_task_constructor_msgs/moveit_task_constructor_msgs/msg/detail/property__traits.hpp
[10.578s] -- Up-to-date: /home/kush/UR5_Project_New/install/moveit_task_constructor_msgs/include/moveit_task_constructor_msgs/moveit_task_constructor_msgs/msg/detail/stage_description__struct.hpp
[10.578s] -- Up-to-date: /home/kush/UR5_Project_New/install/moveit_task_constructor_msgs/include/moveit_task_constructor_msgs/moveit_task_constructor_msgs/msg/detail/solution_info__struct.hpp
[10.579s] -- Up-to-date: /home/kush/UR5_Project_New/install/moveit_task_constructor_msgs/include/moveit_task_constructor_msgs/moveit_task_constructor_msgs/msg/property.hpp
[10.579s] -- Up-to-date: /home/kush/UR5_Project_New/install/moveit_task_constructor_msgs/include/moveit_task_constructor_msgs/moveit_task_constructor_msgs/action
[10.580s] -- Up-to-date: /home/kush/UR5_Project_New/install/moveit_task_constructor_msgs/include/moveit_task_constructor_msgs/moveit_task_constructor_msgs/action/execute_task_solution.hpp
[10.580s] -- Up-to-date: /home/kush/UR5_Project_New/install/moveit_task_constructor_msgs/include/moveit_task_constructor_msgs/moveit_task_constructor_msgs/action/detail
[10.580s] -- Up-to-date: /home/kush/UR5_Project_New/install/moveit_task_constructor_msgs/include/moveit_task_constructor_msgs/moveit_task_constructor_msgs/action/detail/execute_task_solution__traits.hpp
[10.580s] -- Up-to-date: /home/kush/UR5_Project_New/install/moveit_task_constructor_msgs/include/moveit_task_constructor_msgs/moveit_task_constructor_msgs/action/detail/execute_task_solution__builder.hpp
[10.580s] -- Up-to-date: /home/kush/UR5_Project_New/install/moveit_task_constructor_msgs/include/moveit_task_constructor_msgs/moveit_task_constructor_msgs/action/detail/execute_task_solution__struct.hpp
[10.580s] -- Up-to-date: /home/kush/UR5_Project_New/install/moveit_task_constructor_msgs/include/moveit_task_constructor_msgs/moveit_task_constructor_msgs
[10.581s] -- Up-to-date: /home/kush/UR5_Project_New/install/moveit_task_constructor_msgs/include/moveit_task_constructor_msgs/moveit_task_constructor_msgs/srv
[10.581s] -- Up-to-date: /home/kush/UR5_Project_New/install/moveit_task_constructor_msgs/include/moveit_task_constructor_msgs/moveit_task_constructor_msgs/srv/detail
[10.581s] -- Up-to-date: /home/kush/UR5_Project_New/install/moveit_task_constructor_msgs/include/moveit_task_constructor_msgs/moveit_task_constructor_msgs/srv/detail/get_solution__rosidl_typesupport_fastrtps_cpp.hpp
[10.581s] -- Up-to-date: /home/kush/UR5_Project_New/install/moveit_task_constructor_msgs/include/moveit_task_constructor_msgs/moveit_task_constructor_msgs/srv/detail/dds_fastrtps
[10.581s] -- Up-to-date: /home/kush/UR5_Project_New/install/moveit_task_constructor_msgs/include/moveit_task_constructor_msgs/moveit_task_constructor_msgs/msg
[10.581s] -- Up-to-date: /home/kush/UR5_Project_New/install/moveit_task_constructor_msgs/include/moveit_task_constructor_msgs/moveit_task_constructor_msgs/msg/rosidl_typesupport_fastrtps_cpp__visibility_control.h
[10.582s] -- Up-to-date: /home/kush/UR5_Project_New/install/moveit_task_constructor_msgs/include/moveit_task_constructor_msgs/moveit_task_constructor_msgs/msg/detail
[10.582s] -- Up-to-date: /home/kush/UR5_Project_New/install/moveit_task_constructor_msgs/include/moveit_task_constructor_msgs/moveit_task_constructor_msgs/msg/detail/task_description__rosidl_typesupport_fastrtps_cpp.hpp
[10.582s] -- Up-to-date: /home/kush/UR5_Project_New/install/moveit_task_constructor_msgs/include/moveit_task_constructor_msgs/moveit_task_constructor_msgs/msg/detail/solution__rosidl_typesupport_fastrtps_cpp.hpp
[10.582s] -- Up-to-date: /home/kush/UR5_Project_New/install/moveit_task_constructor_msgs/include/moveit_task_constructor_msgs/moveit_task_constructor_msgs/msg/detail/sub_trajectory__rosidl_typesupport_fastrtps_cpp.hpp
[10.582s] -- Up-to-date: /home/kush/UR5_Project_New/install/moveit_task_constructor_msgs/include/moveit_task_constructor_msgs/moveit_task_constructor_msgs/msg/detail/stage_description__rosidl_typesupport_fastrtps_cpp.hpp
[10.583s] -- Up-to-date: /home/kush/UR5_Project_New/install/moveit_task_constructor_msgs/include/moveit_task_constructor_msgs/moveit_task_constructor_msgs/msg/detail/property__rosidl_typesupport_fastrtps_cpp.hpp
[10.583s] -- Up-to-date: /home/kush/UR5_Project_New/install/moveit_task_constructor_msgs/include/moveit_task_constructor_msgs/moveit_task_constructor_msgs/msg/detail/sub_solution__rosidl_typesupport_fastrtps_cpp.hpp
[10.583s] -- Up-to-date: /home/kush/UR5_Project_New/install/moveit_task_constructor_msgs/include/moveit_task_constructor_msgs/moveit_task_constructor_msgs/msg/detail/task_statistics__rosidl_typesupport_fastrtps_cpp.hpp
[10.583s] -- Up-to-date: /home/kush/UR5_Project_New/install/moveit_task_constructor_msgs/include/moveit_task_constructor_msgs/moveit_task_constructor_msgs/msg/detail/stage_statistics__rosidl_typesupport_fastrtps_cpp.hpp
[10.583s] -- Up-to-date: /home/kush/UR5_Project_New/install/moveit_task_constructor_msgs/include/moveit_task_constructor_msgs/moveit_task_constructor_msgs/msg/detail/dds_fastrtps
[10.583s] -- Up-to-date: /home/kush/UR5_Project_New/install/moveit_task_constructor_msgs/include/moveit_task_constructor_msgs/moveit_task_constructor_msgs/msg/detail/solution_info__rosidl_typesupport_fastrtps_cpp.hpp
[10.584s] -- Up-to-date: /home/kush/UR5_Project_New/install/moveit_task_constructor_msgs/include/moveit_task_constructor_msgs/moveit_task_constructor_msgs/action
[10.584s] -- Up-to-date: /home/kush/UR5_Project_New/install/moveit_task_constructor_msgs/include/moveit_task_constructor_msgs/moveit_task_constructor_msgs/action/detail
[10.584s] -- Up-to-date: /home/kush/UR5_Project_New/install/moveit_task_constructor_msgs/include/moveit_task_constructor_msgs/moveit_task_constructor_msgs/action/detail/dds_fastrtps
[10.584s] -- Up-to-date: /home/kush/UR5_Project_New/install/moveit_task_constructor_msgs/include/moveit_task_constructor_msgs/moveit_task_constructor_msgs/action/detail/execute_task_solution__rosidl_typesupport_fastrtps_cpp.hpp
[10.600s] -- Up-to-date: /home/kush/UR5_Project_New/install/moveit_task_constructor_msgs/lib/libmoveit_task_constructor_msgs__rosidl_typesupport_fastrtps_cpp.so
[10.601s] -- Up-to-date: /home/kush/UR5_Project_New/install/moveit_task_constructor_msgs/include/moveit_task_constructor_msgs/moveit_task_constructor_msgs
[10.601s] -- Up-to-date: /home/kush/UR5_Project_New/install/moveit_task_constructor_msgs/include/moveit_task_constructor_msgs/moveit_task_constructor_msgs/srv
[10.601s] -- Up-to-date: /home/kush/UR5_Project_New/install/moveit_task_constructor_msgs/include/moveit_task_constructor_msgs/moveit_task_constructor_msgs/srv/detail
[10.601s] -- Up-to-date: /home/kush/UR5_Project_New/install/moveit_task_constructor_msgs/include/moveit_task_constructor_msgs/moveit_task_constructor_msgs/srv/detail/get_solution__rosidl_typesupport_introspection_c.h
[10.601s] -- Up-to-date: /home/kush/UR5_Project_New/install/moveit_task_constructor_msgs/include/moveit_task_constructor_msgs/moveit_task_constructor_msgs/srv/detail/get_solution__type_support.c
[10.602s] -- Up-to-date: /home/kush/UR5_Project_New/install/moveit_task_constructor_msgs/include/moveit_task_constructor_msgs/moveit_task_constructor_msgs/msg
[10.602s] -- Up-to-date: /home/kush/UR5_Project_New/install/moveit_task_constructor_msgs/include/moveit_task_constructor_msgs/moveit_task_constructor_msgs/msg/rosidl_typesupport_introspection_c__visibility_control.h
[10.602s] -- Up-to-date: /home/kush/UR5_Project_New/install/moveit_task_constructor_msgs/include/moveit_task_constructor_msgs/moveit_task_constructor_msgs/msg/detail
[10.602s] -- Up-to-date: /home/kush/UR5_Project_New/install/moveit_task_constructor_msgs/include/moveit_task_constructor_msgs/moveit_task_constructor_msgs/msg/detail/stage_description__type_support.c
[10.603s] -- Up-to-date: /home/kush/UR5_Project_New/install/moveit_task_constructor_msgs/include/moveit_task_constructor_msgs/moveit_task_constructor_msgs/msg/detail/solution_info__rosidl_typesupport_introspection_c.h
[10.603s] -- Up-to-date: /home/kush/UR5_Project_New/install/moveit_task_constructor_msgs/include/moveit_task_constructor_msgs/moveit_task_constructor_msgs/msg/detail/property__rosidl_typesupport_introspection_c.h
[10.603s] -- Up-to-date: /home/kush/UR5_Project_New/install/moveit_task_constructor_msgs/include/moveit_task_constructor_msgs/moveit_task_constructor_msgs/msg/detail/solution__type_support.c
[10.603s] -- Up-to-date: /home/kush/UR5_Project_New/install/moveit_task_constructor_msgs/include/moveit_task_constructor_msgs/moveit_task_constructor_msgs/msg/detail/solution_info__type_support.c
[10.605s] -- Up-to-date: /home/kush/UR5_Project_New/install/moveit_task_constructor_msgs/include/moveit_task_constructor_msgs/moveit_task_constructor_msgs/msg/detail/stage_statistics__type_support.c
[10.606s] -- Up-to-date: /home/kush/UR5_Project_New/install/moveit_task_constructor_msgs/include/moveit_task_constructor_msgs/moveit_task_constructor_msgs/msg/detail/sub_solution__rosidl_typesupport_introspection_c.h
[10.606s] -- Up-to-date: /home/kush/UR5_Project_New/install/moveit_task_constructor_msgs/include/moveit_task_constructor_msgs/moveit_task_constructor_msgs/msg/detail/property__type_support.c
[10.606s] -- Up-to-date: /home/kush/UR5_Project_New/install/moveit_task_constructor_msgs/include/moveit_task_constructor_msgs/moveit_task_constructor_msgs/msg/detail/task_description__rosidl_typesupport_introspection_c.h
[10.606s] -- Up-to-date: /home/kush/UR5_Project_New/install/moveit_task_constructor_msgs/include/moveit_task_constructor_msgs/moveit_task_constructor_msgs/msg/detail/task_description__type_support.c
[10.606s] -- Up-to-date: /home/kush/UR5_Project_New/install/moveit_task_constructor_msgs/include/moveit_task_constructor_msgs/moveit_task_constructor_msgs/msg/detail/sub_solution__type_support.c
[10.606s] -- Up-to-date: /home/kush/UR5_Project_New/install/moveit_task_constructor_msgs/include/moveit_task_constructor_msgs/moveit_task_constructor_msgs/msg/detail/task_statistics__type_support.c
[10.607s] -- Up-to-date: /home/kush/UR5_Project_New/install/moveit_task_constructor_msgs/include/moveit_task_constructor_msgs/moveit_task_constructor_msgs/msg/detail/stage_description__rosidl_typesupport_introspection_c.h
[10.607s] -- Up-to-date: /home/kush/UR5_Project_New/install/moveit_task_constructor_msgs/include/moveit_task_constructor_msgs/moveit_task_constructor_msgs/msg/detail/solution__rosidl_typesupport_introspection_c.h
[10.607s] -- Up-to-date: /home/kush/UR5_Project_New/install/moveit_task_constructor_msgs/include/moveit_task_constructor_msgs/moveit_task_constructor_msgs/msg/detail/sub_trajectory__rosidl_typesupport_introspection_c.h
[10.607s] -- Up-to-date: /home/kush/UR5_Project_New/install/moveit_task_constructor_msgs/include/moveit_task_constructor_msgs/moveit_task_constructor_msgs/msg/detail/stage_statistics__rosidl_typesupport_introspection_c.h
[10.607s] -- Up-to-date: /home/kush/UR5_Project_New/install/moveit_task_constructor_msgs/include/moveit_task_constructor_msgs/moveit_task_constructor_msgs/msg/detail/task_statistics__rosidl_typesupport_introspection_c.h
[10.607s] -- Up-to-date: /home/kush/UR5_Project_New/install/moveit_task_constructor_msgs/include/moveit_task_constructor_msgs/moveit_task_constructor_msgs/msg/detail/sub_trajectory__type_support.c
[10.608s] -- Up-to-date: /home/kush/UR5_Project_New/install/moveit_task_constructor_msgs/include/moveit_task_constructor_msgs/moveit_task_constructor_msgs/action
[10.608s] -- Up-to-date: /home/kush/UR5_Project_New/install/moveit_task_constructor_msgs/include/moveit_task_constructor_msgs/moveit_task_constructor_msgs/action/detail
[10.608s] -- Up-to-date: /home/kush/UR5_Project_New/install/moveit_task_constructor_msgs/include/moveit_task_constructor_msgs/moveit_task_constructor_msgs/action/detail/execute_task_solution__rosidl_typesupport_introspection_c.h
[10.608s] -- Up-to-date: /home/kush/UR5_Project_New/install/moveit_task_constructor_msgs/include/moveit_task_constructor_msgs/moveit_task_constructor_msgs/action/detail/execute_task_solution__type_support.c
[10.631s] -- Up-to-date: /home/kush/UR5_Project_New/install/moveit_task_constructor_msgs/lib/libmoveit_task_constructor_msgs__rosidl_typesupport_introspection_c.so
[10.641s] -- Up-to-date: /home/kush/UR5_Project_New/install/moveit_task_constructor_msgs/lib/libmoveit_task_constructor_msgs__rosidl_typesupport_c.so
[10.642s] -- Up-to-date: /home/kush/UR5_Project_New/install/moveit_task_constructor_msgs/include/moveit_task_constructor_msgs/moveit_task_constructor_msgs
[10.642s] -- Up-to-date: /home/kush/UR5_Project_New/install/moveit_task_constructor_msgs/include/moveit_task_constructor_msgs/moveit_task_constructor_msgs/srv
[10.642s] -- Up-to-date: /home/kush/UR5_Project_New/install/moveit_task_constructor_msgs/include/moveit_task_constructor_msgs/moveit_task_constructor_msgs/srv/detail
[10.642s] -- Up-to-date: /home/kush/UR5_Project_New/install/moveit_task_constructor_msgs/include/moveit_task_constructor_msgs/moveit_task_constructor_msgs/srv/detail/get_solution__type_support.cpp
[10.642s] -- Up-to-date: /home/kush/UR5_Project_New/install/moveit_task_constructor_msgs/include/moveit_task_constructor_msgs/moveit_task_constructor_msgs/srv/detail/get_solution__rosidl_typesupport_introspection_cpp.hpp
[10.642s] -- Up-to-date: /home/kush/UR5_Project_New/install/moveit_task_constructor_msgs/include/moveit_task_constructor_msgs/moveit_task_constructor_msgs/msg
[10.642s] -- Up-to-date: /home/kush/UR5_Project_New/install/moveit_task_constructor_msgs/include/moveit_task_constructor_msgs/moveit_task_constructor_msgs/msg/detail
[10.643s] -- Up-to-date: /home/kush/UR5_Project_New/install/moveit_task_constructor_msgs/include/moveit_task_constructor_msgs/moveit_task_constructor_msgs/msg/detail/solution_info__rosidl_typesupport_introspection_cpp.hpp
[10.643s] -- Up-to-date: /home/kush/UR5_Project_New/install/moveit_task_constructor_msgs/include/moveit_task_constructor_msgs/moveit_task_constructor_msgs/msg/detail/property__rosidl_typesupport_introspection_cpp.hpp
[10.643s] -- Up-to-date: /home/kush/UR5_Project_New/install/moveit_task_constructor_msgs/include/moveit_task_constructor_msgs/moveit_task_constructor_msgs/msg/detail/task_description__rosidl_typesupport_introspection_cpp.hpp
[10.643s] -- Up-to-date: /home/kush/UR5_Project_New/install/moveit_task_constructor_msgs/include/moveit_task_constructor_msgs/moveit_task_constructor_msgs/msg/detail/stage_statistics__rosidl_typesupport_introspection_cpp.hpp
[10.643s] -- Up-to-date: /home/kush/UR5_Project_New/install/moveit_task_constructor_msgs/include/moveit_task_constructor_msgs/moveit_task_constructor_msgs/msg/detail/task_description__type_support.cpp
[10.643s] -- Up-to-date: /home/kush/UR5_Project_New/install/moveit_task_constructor_msgs/include/moveit_task_constructor_msgs/moveit_task_constructor_msgs/msg/detail/sub_solution__rosidl_typesupport_introspection_cpp.hpp
[10.644s] -- Up-to-date: /home/kush/UR5_Project_New/install/moveit_task_constructor_msgs/include/moveit_task_constructor_msgs/moveit_task_constructor_msgs/msg/detail/solution__type_support.cpp
[10.644s] -- Up-to-date: /home/kush/UR5_Project_New/install/moveit_task_constructor_msgs/include/moveit_task_constructor_msgs/moveit_task_constructor_msgs/msg/detail/property__type_support.cpp
[10.644s] -- Up-to-date: /home/kush/UR5_Project_New/install/moveit_task_constructor_msgs/include/moveit_task_constructor_msgs/moveit_task_constructor_msgs/msg/detail/solution_info__type_support.cpp
[10.644s] -- Up-to-date: /home/kush/UR5_Project_New/install/moveit_task_constructor_msgs/include/moveit_task_constructor_msgs/moveit_task_constructor_msgs/msg/detail/solution__rosidl_typesupport_introspection_cpp.hpp
[10.644s] -- Up-to-date: /home/kush/UR5_Project_New/install/moveit_task_constructor_msgs/include/moveit_task_constructor_msgs/moveit_task_constructor_msgs/msg/detail/sub_solution__type_support.cpp
[10.644s] -- Up-to-date: /home/kush/UR5_Project_New/install/moveit_task_constructor_msgs/include/moveit_task_constructor_msgs/moveit_task_constructor_msgs/msg/detail/stage_description__type_support.cpp
[10.645s] -- Up-to-date: /home/kush/UR5_Project_New/install/moveit_task_constructor_msgs/include/moveit_task_constructor_msgs/moveit_task_constructor_msgs/msg/detail/task_statistics__rosidl_typesupport_introspection_cpp.hpp
[10.645s] -- Up-to-date: /home/kush/UR5_Project_New/install/moveit_task_constructor_msgs/include/moveit_task_constructor_msgs/moveit_task_constructor_msgs/msg/detail/stage_description__rosidl_typesupport_introspection_cpp.hpp
[10.645s] -- Up-to-date: /home/kush/UR5_Project_New/install/moveit_task_constructor_msgs/include/moveit_task_constructor_msgs/moveit_task_constructor_msgs/msg/detail/stage_statistics__type_support.cpp
[10.645s] -- Up-to-date: /home/kush/UR5_Project_New/install/moveit_task_constructor_msgs/include/moveit_task_constructor_msgs/moveit_task_constructor_msgs/msg/detail/sub_trajectory__rosidl_typesupport_introspection_cpp.hpp
[10.645s] -- Up-to-date: /home/kush/UR5_Project_New/install/moveit_task_constructor_msgs/include/moveit_task_constructor_msgs/moveit_task_constructor_msgs/msg/detail/sub_trajectory__type_support.cpp
[10.645s] -- Up-to-date: /home/kush/UR5_Project_New/install/moveit_task_constructor_msgs/include/moveit_task_constructor_msgs/moveit_task_constructor_msgs/msg/detail/task_statistics__type_support.cpp
[10.645s] -- Up-to-date: /home/kush/UR5_Project_New/install/moveit_task_constructor_msgs/include/moveit_task_constructor_msgs/moveit_task_constructor_msgs/action
[10.646s] -- Up-to-date: /home/kush/UR5_Project_New/install/moveit_task_constructor_msgs/include/moveit_task_constructor_msgs/moveit_task_constructor_msgs/action/detail
[10.646s] -- Up-to-date: /home/kush/UR5_Project_New/install/moveit_task_constructor_msgs/include/moveit_task_constructor_msgs/moveit_task_constructor_msgs/action/detail/execute_task_solution__type_support.cpp
[10.646s] -- Up-to-date: /home/kush/UR5_Project_New/install/moveit_task_constructor_msgs/include/moveit_task_constructor_msgs/moveit_task_constructor_msgs/action/detail/execute_task_solution__rosidl_typesupport_introspection_cpp.hpp
[10.664s] -- Up-to-date: /home/kush/UR5_Project_New/install/moveit_task_constructor_msgs/lib/libmoveit_task_constructor_msgs__rosidl_typesupport_introspection_cpp.so
[10.711s] -- Up-to-date: /home/kush/UR5_Project_New/install/moveit_task_constructor_msgs/lib/libmoveit_task_constructor_msgs__rosidl_typesupport_cpp.so
[10.712s] -- Up-to-date: /home/kush/UR5_Project_New/install/moveit_task_constructor_msgs/share/moveit_task_constructor_msgs/environment/pythonpath.sh
[10.712s] -- Up-to-date: /home/kush/UR5_Project_New/install/moveit_task_constructor_msgs/share/moveit_task_constructor_msgs/environment/pythonpath.dsv
[10.712s] -- Up-to-date: /home/kush/UR5_Project_New/install/moveit_task_constructor_msgs/local/lib/python3.10/dist-packages/moveit_task_constructor_msgs-0.1.3-py3.10.egg-info
[10.712s] -- Installing: /home/kush/UR5_Project_New/install/moveit_task_constructor_msgs/local/lib/python3.10/dist-packages/moveit_task_constructor_msgs-0.1.3-py3.10.egg-info/SOURCES.txt
[10.713s] -- Installing: /home/kush/UR5_Project_New/install/moveit_task_constructor_msgs/local/lib/python3.10/dist-packages/moveit_task_constructor_msgs-0.1.3-py3.10.egg-info/dependency_links.txt
[10.713s] -- Installing: /home/kush/UR5_Project_New/install/moveit_task_constructor_msgs/local/lib/python3.10/dist-packages/moveit_task_constructor_msgs-0.1.3-py3.10.egg-info/PKG-INFO
[10.713s] -- Installing: /home/kush/UR5_Project_New/install/moveit_task_constructor_msgs/local/lib/python3.10/dist-packages/moveit_task_constructor_msgs-0.1.3-py3.10.egg-info/top_level.txt
[10.714s] -- Up-to-date: /home/kush/UR5_Project_New/install/moveit_task_constructor_msgs/local/lib/python3.10/dist-packages/moveit_task_constructor_msgs
[10.714s] -- Up-to-date: /home/kush/UR5_Project_New/install/moveit_task_constructor_msgs/local/lib/python3.10/dist-packages/moveit_task_constructor_msgs/moveit_task_constructor_msgs_s__rosidl_typesupport_fastrtps_c.cpython-310-x86_64-linux-gnu.so
[10.714s] -- Up-to-date: /home/kush/UR5_Project_New/install/moveit_task_constructor_msgs/local/lib/python3.10/dist-packages/moveit_task_constructor_msgs/_moveit_task_constructor_msgs_s.ep.rosidl_typesupport_introspection_c.c
[10.715s] -- Up-to-date: /home/kush/UR5_Project_New/install/moveit_task_constructor_msgs/local/lib/python3.10/dist-packages/moveit_task_constructor_msgs/libmoveit_task_constructor_msgs__rosidl_generator_py.so
[10.715s] -- Up-to-date: /home/kush/UR5_Project_New/install/moveit_task_constructor_msgs/local/lib/python3.10/dist-packages/moveit_task_constructor_msgs/__init__.py
[10.715s] -- Up-to-date: /home/kush/UR5_Project_New/install/moveit_task_constructor_msgs/local/lib/python3.10/dist-packages/moveit_task_constructor_msgs/srv
[10.715s] -- Up-to-date: /home/kush/UR5_Project_New/install/moveit_task_constructor_msgs/local/lib/python3.10/dist-packages/moveit_task_constructor_msgs/srv/__init__.py
[10.715s] -- Up-to-date: /home/kush/UR5_Project_New/install/moveit_task_constructor_msgs/local/lib/python3.10/dist-packages/moveit_task_constructor_msgs/srv/_get_solution_s.c
[10.715s] -- Up-to-date: /home/kush/UR5_Project_New/install/moveit_task_constructor_msgs/local/lib/python3.10/dist-packages/moveit_task_constructor_msgs/srv/_get_solution.py
[10.716s] -- Up-to-date: /home/kush/UR5_Project_New/install/moveit_task_constructor_msgs/local/lib/python3.10/dist-packages/moveit_task_constructor_msgs/msg
[10.716s] -- Up-to-date: /home/kush/UR5_Project_New/install/moveit_task_constructor_msgs/local/lib/python3.10/dist-packages/moveit_task_constructor_msgs/msg/_task_statistics_s.c
[10.716s] -- Up-to-date: /home/kush/UR5_Project_New/install/moveit_task_constructor_msgs/local/lib/python3.10/dist-packages/moveit_task_constructor_msgs/msg/__init__.py
[10.716s] -- Up-to-date: /home/kush/UR5_Project_New/install/moveit_task_constructor_msgs/local/lib/python3.10/dist-packages/moveit_task_constructor_msgs/msg/_solution_s.c
[10.716s] -- Up-to-date: /home/kush/UR5_Project_New/install/moveit_task_constructor_msgs/local/lib/python3.10/dist-packages/moveit_task_constructor_msgs/msg/_stage_description_s.c
[10.716s] -- Up-to-date: /home/kush/UR5_Project_New/install/moveit_task_constructor_msgs/local/lib/python3.10/dist-packages/moveit_task_constructor_msgs/msg/_task_statistics.py
[10.716s] -- Up-to-date: /home/kush/UR5_Project_New/install/moveit_task_constructor_msgs/local/lib/python3.10/dist-packages/moveit_task_constructor_msgs/msg/_solution_info.py
[10.716s] -- Up-to-date: /home/kush/UR5_Project_New/install/moveit_task_constructor_msgs/local/lib/python3.10/dist-packages/moveit_task_constructor_msgs/msg/_sub_trajectory_s.c
[10.716s] -- Up-to-date: /home/kush/UR5_Project_New/install/moveit_task_constructor_msgs/local/lib/python3.10/dist-packages/moveit_task_constructor_msgs/msg/_solution_info_s.c
[10.716s] -- Up-to-date: /home/kush/UR5_Project_New/install/moveit_task_constructor_msgs/local/lib/python3.10/dist-packages/moveit_task_constructor_msgs/msg/_stage_statistics_s.c
[10.717s] -- Up-to-date: /home/kush/UR5_Project_New/install/moveit_task_constructor_msgs/local/lib/python3.10/dist-packages/moveit_task_constructor_msgs/msg/_task_description.py
[10.717s] -- Up-to-date: /home/kush/UR5_Project_New/install/moveit_task_constructor_msgs/local/lib/python3.10/dist-packages/moveit_task_constructor_msgs/msg/_property_s.c
[10.717s] -- Up-to-date: /home/kush/UR5_Project_New/install/moveit_task_constructor_msgs/local/lib/python3.10/dist-packages/moveit_task_constructor_msgs/msg/_sub_solution_s.c
[10.717s] -- Up-to-date: /home/kush/UR5_Project_New/install/moveit_task_constructor_msgs/local/lib/python3.10/dist-packages/moveit_task_constructor_msgs/msg/_solution.py
[10.717s] -- Up-to-date: /home/kush/UR5_Project_New/install/moveit_task_constructor_msgs/local/lib/python3.10/dist-packages/moveit_task_constructor_msgs/msg/_stage_statistics.py
[10.717s] -- Up-to-date: /home/kush/UR5_Project_New/install/moveit_task_constructor_msgs/local/lib/python3.10/dist-packages/moveit_task_constructor_msgs/msg/_stage_description.py
[10.717s] -- Up-to-date: /home/kush/UR5_Project_New/install/moveit_task_constructor_msgs/local/lib/python3.10/dist-packages/moveit_task_constructor_msgs/msg/_sub_solution.py
[10.717s] -- Up-to-date: /home/kush/UR5_Project_New/install/moveit_task_constructor_msgs/local/lib/python3.10/dist-packages/moveit_task_constructor_msgs/msg/_property.py
[10.717s] -- Up-to-date: /home/kush/UR5_Project_New/install/moveit_task_constructor_msgs/local/lib/python3.10/dist-packages/moveit_task_constructor_msgs/msg/_sub_trajectory.py
[10.717s] -- Up-to-date: /home/kush/UR5_Project_New/install/moveit_task_constructor_msgs/local/lib/python3.10/dist-packages/moveit_task_constructor_msgs/msg/_task_description_s.c
[10.717s] -- Up-to-date: /home/kush/UR5_Project_New/install/moveit_task_constructor_msgs/local/lib/python3.10/dist-packages/moveit_task_constructor_msgs/moveit_task_constructor_msgs_s__rosidl_typesupport_introspection_c.cpython-310-x86_64-linux-gnu.so
[10.718s] -- Up-to-date: /home/kush/UR5_Project_New/install/moveit_task_constructor_msgs/local/lib/python3.10/dist-packages/moveit_task_constructor_msgs/action
[10.718s] -- Up-to-date: /home/kush/UR5_Project_New/install/moveit_task_constructor_msgs/local/lib/python3.10/dist-packages/moveit_task_constructor_msgs/action/__init__.py
[10.718s] -- Up-to-date: /home/kush/UR5_Project_New/install/moveit_task_constructor_msgs/local/lib/python3.10/dist-packages/moveit_task_constructor_msgs/action/_execute_task_solution.py
[10.718s] -- Up-to-date: /home/kush/UR5_Project_New/install/moveit_task_constructor_msgs/local/lib/python3.10/dist-packages/moveit_task_constructor_msgs/action/_execute_task_solution_s.c
[10.718s] -- Up-to-date: /home/kush/UR5_Project_New/install/moveit_task_constructor_msgs/local/lib/python3.10/dist-packages/moveit_task_constructor_msgs/_moveit_task_constructor_msgs_s.ep.rosidl_typesupport_fastrtps_c.c
[10.718s] -- Up-to-date: /home/kush/UR5_Project_New/install/moveit_task_constructor_msgs/local/lib/python3.10/dist-packages/moveit_task_constructor_msgs/_moveit_task_constructor_msgs_s.ep.rosidl_typesupport_c.c
[10.718s] -- Up-to-date: /home/kush/UR5_Project_New/install/moveit_task_constructor_msgs/local/lib/python3.10/dist-packages/moveit_task_constructor_msgs/moveit_task_constructor_msgs_s__rosidl_typesupport_c.cpython-310-x86_64-linux-gnu.so
[10.798s] Listing '/home/kush/UR5_Project_New/install/moveit_task_constructor_msgs/local/lib/python3.10/dist-packages/moveit_task_constructor_msgs'...
[10.798s] Listing '/home/kush/UR5_Project_New/install/moveit_task_constructor_msgs/local/lib/python3.10/dist-packages/moveit_task_constructor_msgs/action'...
[10.798s] Listing '/home/kush/UR5_Project_New/install/moveit_task_constructor_msgs/local/lib/python3.10/dist-packages/moveit_task_constructor_msgs/msg'...
[10.798s] Listing '/home/kush/UR5_Project_New/install/moveit_task_constructor_msgs/local/lib/python3.10/dist-packages/moveit_task_constructor_msgs/srv'...
[10.849s] -- Up-to-date: /home/kush/UR5_Project_New/install/moveit_task_constructor_msgs/local/lib/python3.10/dist-packages/moveit_task_constructor_msgs/moveit_task_constructor_msgs_s__rosidl_typesupport_fastrtps_c.cpython-310-x86_64-linux-gnu.so
[10.853s] -- Up-to-date: /home/kush/UR5_Project_New/install/moveit_task_constructor_msgs/local/lib/python3.10/dist-packages/moveit_task_constructor_msgs/moveit_task_constructor_msgs_s__rosidl_typesupport_introspection_c.cpython-310-x86_64-linux-gnu.so
[10.887s] -- Up-to-date: /home/kush/UR5_Project_New/install/moveit_task_constructor_msgs/local/lib/python3.10/dist-packages/moveit_task_constructor_msgs/moveit_task_constructor_msgs_s__rosidl_typesupport_c.cpython-310-x86_64-linux-gnu.so
[10.897s] -- Up-to-date: /home/kush/UR5_Project_New/install/moveit_task_constructor_msgs/lib/libmoveit_task_constructor_msgs__rosidl_generator_py.so
[10.898s] -- Up-to-date: /home/kush/UR5_Project_New/install/moveit_task_constructor_msgs/share/moveit_task_constructor_msgs/msg/Property.idl
[10.899s] -- Up-to-date: /home/kush/UR5_Project_New/install/moveit_task_constructor_msgs/share/moveit_task_constructor_msgs/msg/Solution.idl
[10.899s] -- Up-to-date: /home/kush/UR5_Project_New/install/moveit_task_constructor_msgs/share/moveit_task_constructor_msgs/msg/SolutionInfo.idl
[10.900s] -- Up-to-date: /home/kush/UR5_Project_New/install/moveit_task_constructor_msgs/share/moveit_task_constructor_msgs/msg/StageDescription.idl
[10.900s] -- Up-to-date: /home/kush/UR5_Project_New/install/moveit_task_constructor_msgs/share/moveit_task_constructor_msgs/msg/StageStatistics.idl
[10.901s] -- Up-to-date: /home/kush/UR5_Project_New/install/moveit_task_constructor_msgs/share/moveit_task_constructor_msgs/msg/SubSolution.idl
[10.902s] -- Up-to-date: /home/kush/UR5_Project_New/install/moveit_task_constructor_msgs/share/moveit_task_constructor_msgs/msg/SubTrajectory.idl
[10.903s] -- Up-to-date: /home/kush/UR5_Project_New/install/moveit_task_constructor_msgs/share/moveit_task_constructor_msgs/msg/TaskDescription.idl
[10.903s] -- Up-to-date: /home/kush/UR5_Project_New/install/moveit_task_constructor_msgs/share/moveit_task_constructor_msgs/msg/TaskStatistics.idl
[10.904s] -- Up-to-date: /home/kush/UR5_Project_New/install/moveit_task_constructor_msgs/share/moveit_task_constructor_msgs/srv/GetSolution.idl
[10.904s] -- Up-to-date: /home/kush/UR5_Project_New/install/moveit_task_constructor_msgs/share/moveit_task_constructor_msgs/action/ExecuteTaskSolution.idl
[10.905s] -- Up-to-date: /home/kush/UR5_Project_New/install/moveit_task_constructor_msgs/share/moveit_task_constructor_msgs/msg/Property.msg
[10.905s] -- Up-to-date: /home/kush/UR5_Project_New/install/moveit_task_constructor_msgs/share/moveit_task_constructor_msgs/msg/Solution.msg
[10.905s] -- Up-to-date: /home/kush/UR5_Project_New/install/moveit_task_constructor_msgs/share/moveit_task_constructor_msgs/msg/SolutionInfo.msg
[10.906s] -- Up-to-date: /home/kush/UR5_Project_New/install/moveit_task_constructor_msgs/share/moveit_task_constructor_msgs/msg/StageDescription.msg
[10.906s] -- Up-to-date: /home/kush/UR5_Project_New/install/moveit_task_constructor_msgs/share/moveit_task_constructor_msgs/msg/StageStatistics.msg
[10.907s] -- Up-to-date: /home/kush/UR5_Project_New/install/moveit_task_constructor_msgs/share/moveit_task_constructor_msgs/msg/SubSolution.msg
[10.907s] -- Up-to-date: /home/kush/UR5_Project_New/install/moveit_task_constructor_msgs/share/moveit_task_constructor_msgs/msg/SubTrajectory.msg
[10.908s] -- Up-to-date: /home/kush/UR5_Project_New/install/moveit_task_constructor_msgs/share/moveit_task_constructor_msgs/msg/TaskDescription.msg
[10.909s] -- Up-to-date: /home/kush/UR5_Project_New/install/moveit_task_constructor_msgs/share/moveit_task_constructor_msgs/msg/TaskStatistics.msg
[10.909s] -- Up-to-date: /home/kush/UR5_Project_New/install/moveit_task_constructor_msgs/share/moveit_task_constructor_msgs/srv/GetSolution.srv
[10.910s] -- Up-to-date: /home/kush/UR5_Project_New/install/moveit_task_constructor_msgs/share/moveit_task_constructor_msgs/srv/GetSolution_Request.msg
[10.911s] -- Up-to-date: /home/kush/UR5_Project_New/install/moveit_task_constructor_msgs/share/moveit_task_constructor_msgs/srv/GetSolution_Response.msg
[10.911s] -- Up-to-date: /home/kush/UR5_Project_New/install/moveit_task_constructor_msgs/share/moveit_task_constructor_msgs/action/ExecuteTaskSolution.action
[10.912s] -- Up-to-date: /home/kush/UR5_Project_New/install/moveit_task_constructor_msgs/share/ament_index/resource_index/package_run_dependencies/moveit_task_constructor_msgs
[10.912s] -- Up-to-date: /home/kush/UR5_Project_New/install/moveit_task_constructor_msgs/share/ament_index/resource_index/parent_prefix_path/moveit_task_constructor_msgs
[10.913s] -- Up-to-date: /home/kush/UR5_Project_New/install/moveit_task_constructor_msgs/share/moveit_task_constructor_msgs/environment/ament_prefix_path.sh
[10.913s] -- Up-to-date: /home/kush/UR5_Project_New/install/moveit_task_constructor_msgs/share/moveit_task_constructor_msgs/environment/ament_prefix_path.dsv
[10.914s] -- Up-to-date: /home/kush/UR5_Project_New/install/moveit_task_constructor_msgs/share/moveit_task_constructor_msgs/environment/path.sh
[10.914s] -- Up-to-date: /home/kush/UR5_Project_New/install/moveit_task_constructor_msgs/share/moveit_task_constructor_msgs/environment/path.dsv
[10.915s] -- Up-to-date: /home/kush/UR5_Project_New/install/moveit_task_constructor_msgs/share/moveit_task_constructor_msgs/local_setup.bash
[10.915s] -- Up-to-date: /home/kush/UR5_Project_New/install/moveit_task_constructor_msgs/share/moveit_task_constructor_msgs/local_setup.sh
[10.916s] -- Up-to-date: /home/kush/UR5_Project_New/install/moveit_task_constructor_msgs/share/moveit_task_constructor_msgs/local_setup.zsh
[10.917s] -- Up-to-date: /home/kush/UR5_Project_New/install/moveit_task_constructor_msgs/share/moveit_task_constructor_msgs/local_setup.dsv
[10.917s] -- Installing: /home/kush/UR5_Project_New/install/moveit_task_constructor_msgs/share/moveit_task_constructor_msgs/package.dsv
[10.945s] -- Up-to-date: /home/kush/UR5_Project_New/install/moveit_task_constructor_msgs/share/ament_index/resource_index/packages/moveit_task_constructor_msgs
[11.005s] -- Up-to-date: /home/kush/UR5_Project_New/install/moveit_task_constructor_msgs/share/moveit_task_constructor_msgs/cmake/export_moveit_task_constructor_msgs__rosidl_generator_cExport.cmake
[11.006s] -- Up-to-date: /home/kush/UR5_Project_New/install/moveit_task_constructor_msgs/share/moveit_task_constructor_msgs/cmake/export_moveit_task_constructor_msgs__rosidl_generator_cExport-release.cmake
[11.039s] -- Up-to-date: /home/kush/UR5_Project_New/install/moveit_task_constructor_msgs/share/moveit_task_constructor_msgs/cmake/export_moveit_task_constructor_msgs__rosidl_typesupport_fastrtps_cExport.cmake
[11.039s] -- Up-to-date: /home/kush/UR5_Project_New/install/moveit_task_constructor_msgs/share/moveit_task_constructor_msgs/cmake/export_moveit_task_constructor_msgs__rosidl_typesupport_fastrtps_cExport-release.cmake
[11.039s] -- Up-to-date: /home/kush/UR5_Project_New/install/moveit_task_constructor_msgs/share/moveit_task_constructor_msgs/cmake/export_moveit_task_constructor_msgs__rosidl_generator_cppExport.cmake
[11.040s] -- Up-to-date: /home/kush/UR5_Project_New/install/moveit_task_constructor_msgs/share/moveit_task_constructor_msgs/cmake/export_moveit_task_constructor_msgs__rosidl_typesupport_fastrtps_cppExport.cmake
[11.040s] -- Up-to-date: /home/kush/UR5_Project_New/install/moveit_task_constructor_msgs/share/moveit_task_constructor_msgs/cmake/export_moveit_task_constructor_msgs__rosidl_typesupport_fastrtps_cppExport-release.cmake
[11.041s] -- Up-to-date: /home/kush/UR5_Project_New/install/moveit_task_constructor_msgs/share/moveit_task_constructor_msgs/cmake/moveit_task_constructor_msgs__rosidl_typesupport_introspection_cExport.cmake
[11.041s] -- Up-to-date: /home/kush/UR5_Project_New/install/moveit_task_constructor_msgs/share/moveit_task_constructor_msgs/cmake/moveit_task_constructor_msgs__rosidl_typesupport_introspection_cExport-release.cmake
[11.042s] -- Up-to-date: /home/kush/UR5_Project_New/install/moveit_task_constructor_msgs/share/moveit_task_constructor_msgs/cmake/moveit_task_constructor_msgs__rosidl_typesupport_cExport.cmake
[11.042s] -- Up-to-date: /home/kush/UR5_Project_New/install/moveit_task_constructor_msgs/share/moveit_task_constructor_msgs/cmake/moveit_task_constructor_msgs__rosidl_typesupport_cExport-release.cmake
[11.043s] -- Up-to-date: /home/kush/UR5_Project_New/install/moveit_task_constructor_msgs/share/moveit_task_constructor_msgs/cmake/moveit_task_constructor_msgs__rosidl_typesupport_introspection_cppExport.cmake
[11.043s] -- Up-to-date: /home/kush/UR5_Project_New/install/moveit_task_constructor_msgs/share/moveit_task_constructor_msgs/cmake/moveit_task_constructor_msgs__rosidl_typesupport_introspection_cppExport-release.cmake
[11.043s] -- Up-to-date: /home/kush/UR5_Project_New/install/moveit_task_constructor_msgs/share/moveit_task_constructor_msgs/cmake/moveit_task_constructor_msgs__rosidl_typesupport_cppExport.cmake
[11.043s] -- Up-to-date: /home/kush/UR5_Project_New/install/moveit_task_constructor_msgs/share/moveit_task_constructor_msgs/cmake/moveit_task_constructor_msgs__rosidl_typesupport_cppExport-release.cmake
[11.044s] -- Up-to-date: /home/kush/UR5_Project_New/install/moveit_task_constructor_msgs/share/moveit_task_constructor_msgs/cmake/export_moveit_task_constructor_msgs__rosidl_generator_pyExport.cmake
[11.045s] -- Up-to-date: /home/kush/UR5_Project_New/install/moveit_task_constructor_msgs/share/moveit_task_constructor_msgs/cmake/export_moveit_task_constructor_msgs__rosidl_generator_pyExport-release.cmake
[11.045s] -- Up-to-date: /home/kush/UR5_Project_New/install/moveit_task_constructor_msgs/share/moveit_task_constructor_msgs/cmake/rosidl_cmake-extras.cmake
[11.045s] -- Up-to-date: /home/kush/UR5_Project_New/install/moveit_task_constructor_msgs/share/moveit_task_constructor_msgs/cmake/ament_cmake_export_dependencies-extras.cmake
[11.045s] -- Up-to-date: /home/kush/UR5_Project_New/install/moveit_task_constructor_msgs/share/moveit_task_constructor_msgs/cmake/ament_cmake_export_include_directories-extras.cmake
[11.046s] -- Up-to-date: /home/kush/UR5_Project_New/install/moveit_task_constructor_msgs/share/moveit_task_constructor_msgs/cmake/ament_cmake_export_libraries-extras.cmake
[11.046s] -- Up-to-date: /home/kush/UR5_Project_New/install/moveit_task_constructor_msgs/share/moveit_task_constructor_msgs/cmake/ament_cmake_export_targets-extras.cmake
[11.046s] -- Up-to-date: /home/kush/UR5_Project_New/install/moveit_task_constructor_msgs/share/moveit_task_constructor_msgs/cmake/rosidl_cmake_export_typesupport_targets-extras.cmake
[11.046s] -- Up-to-date: /home/kush/UR5_Project_New/install/moveit_task_constructor_msgs/share/moveit_task_constructor_msgs/cmake/rosidl_cmake_export_typesupport_libraries-extras.cmake
[11.046s] -- Up-to-date: /home/kush/UR5_Project_New/install/moveit_task_constructor_msgs/share/moveit_task_constructor_msgs/cmake/moveit_task_constructor_msgsConfig.cmake
[11.047s] -- Up-to-date: /home/kush/UR5_Project_New/install/moveit_task_constructor_msgs/share/moveit_task_constructor_msgs/cmake/moveit_task_constructor_msgsConfig-version.cmake
[11.047s] -- Up-to-date: /home/kush/UR5_Project_New/install/moveit_task_constructor_msgs/share/moveit_task_constructor_msgs/package.xml
[11.055s] Invoked command in '/home/kush/UR5_Project_New/build/moveit_task_constructor_msgs' returned '0': CMAKE_PREFIX_PATH=/opt/ros/humble /usr/bin/cmake --install /home/kush/UR5_Project_New/build/moveit_task_constructor_msgs
