[0.257s] Invoking command in '/home/kush/UR5_Project_New/build/moveit_ros_move_group': AMENT_PREFIX_PATH=/home/kush/UR5_Project_New/install/moveit_kinematics:/home/kush/UR5_Project_New/install/moveit_ros_planning:/home/kush/UR5_Project_New/install/moveit_ros_occupancy_map_monitor:/home/kush/UR5_Project_New/install/moveit_core:/home/kush/UR5_Project_New/install/moveit_resources_fanuc_moveit_config:/home/kush/UR5_Project_New/install/srdfdom:/home/kush/UR5_Project_New/install/moveit_resources_fanuc_description:/home/kush/UR5_Project_New/install/moveit_common:${AMENT_PREFIX_PATH} CMAKE_PREFIX_PATH=/home/kush/UR5_Project_New/install/moveit_kinematics:/home/kush/UR5_Project_New/install/moveit_ros_planning:/home/kush/UR5_Project_New/install/moveit_ros_occupancy_map_monitor:/home/kush/UR5_Project_New/install/moveit_core:/home/kush/UR5_Project_New/install/moveit_resources_fanuc_moveit_config:/home/kush/UR5_Project_New/install/srdfdom:/home/kush/UR5_Project_New/install/moveit_resources_fanuc_description:/home/kush/UR5_Project_New/install/moveit_common:/opt/ros/humble LD_LIBRARY_PATH=/home/kush/UR5_Project_New/install/moveit_kinematics/lib:/home/kush/UR5_Project_New/install/moveit_ros_planning/lib:/home/kush/UR5_Project_New/install/moveit_ros_occupancy_map_monitor/lib:/home/kush/UR5_Project_New/install/moveit_core/lib:/home/kush/UR5_Project_New/install/srdfdom/lib:${LD_LIBRARY_PATH} PATH=/home/kush/UR5_Project_New/install/moveit_core/bin:${PATH} PYTHONPATH=/home/kush/UR5_Project_New/install/srdfdom/local/lib/python3.10/dist-packages:${PYTHONPATH} /usr/bin/cmake /home/kush/UR5_Project_New/src/moveit2/moveit_ros/move_group -DCMAKE_INSTALL_PREFIX=/home/kush/UR5_Project_New/install/moveit_ros_move_group
[0.421s] -- Found moveit_common: 2.5.4 (/home/kush/UR5_Project_New/install/moveit_common/share/moveit_common/cmake)
[0.424s] -- Found ament_cmake: 1.3.5 (/opt/ros/humble/share/ament_cmake/cmake)
[1.170s] -- Could NOT find libbfd (missing: LIBBFD_LIBRARY LIBBFD_INCLUDE_DIR) 
[1.170s] -- BACKWARD_HAS_UNWIND=1
[1.170s] -- BACKWARD_HAS_BACKTRACE=0
[1.170s] -- BACKWARD_HAS_BACKTRACE_SYMBOL=0
[1.171s] -- BACKWARD_HAS_DW=1
[1.171s] -- BACKWARD_HAS_BFD=0
[1.172s] -- Found Backward: /opt/ros/humble/share/backward_ros/cmake  
[1.174s] -- Found moveit_core: 2.5.4 (/home/kush/UR5_Project_New/install/moveit_core/share/moveit_core/cmake)
[1.259s] -- Found Boost: /usr/lib/x86_64-linux-gnu/cmake/Boost-1.74.0/BoostConfig.cmake (found version "1.74.0") found components: chrono date_time filesystem iostreams program_options regex serialization system thread 
[1.301s] -- Found parameter_traits: 0.3.3 (/opt/ros/humble/share/parameter_traits/cmake)
[1.392s] -- Found rosidl_generator_c: 3.1.5 (/opt/ros/humble/share/rosidl_generator_c/cmake)
[1.399s] -- Found rosidl_adapter: 3.1.5 (/opt/ros/humble/share/rosidl_adapter/cmake)
[1.421s] -- Found rosidl_generator_cpp: 3.1.5 (/opt/ros/humble/share/rosidl_generator_cpp/cmake)
[1.460s] -- Using all available rosidl_typesupport_c: rosidl_typesupport_fastrtps_c;rosidl_typesupport_introspection_c
[1.514s] -- Using all available rosidl_typesupport_cpp: rosidl_typesupport_fastrtps_cpp;rosidl_typesupport_introspection_cpp
[1.844s] -- Found rmw_implementation_cmake: 6.1.1 (/opt/ros/humble/share/rmw_implementation_cmake/cmake)
[1.873s] -- Found rmw_fastrtps_cpp: 6.2.3 (/opt/ros/humble/share/rmw_fastrtps_cpp/cmake)
[2.389s] -- Using RMW implementation 'rmw_fastrtps_cpp' as default
[3.097s] -- Found rclcpp_lifecycle: 16.0.5 (/opt/ros/humble/share/rclcpp_lifecycle/cmake)
[3.235s] -- Found Boost: /usr/lib/x86_64-linux-gnu/cmake/Boost-1.74.0/BoostConfig.cmake (found version "1.74.0") found components: filesystem 
[3.447s] -- library: /usr/lib/x86_64-linux-gnu/libcurl.so
[4.425s] -- Ensuring Eigen3 include directory is part of orocos-kdl CMake target
[7.421s] -- Found moveit_ros_planning: 2.5.4 (/home/kush/UR5_Project_New/install/moveit_ros_planning/share/moveit_ros_planning/cmake)
[7.433s] -- Found Boost: /usr/lib/x86_64-linux-gnu/cmake/Boost-1.74.0/BoostConfig.cmake (found version "1.74.0") found components: system filesystem date_time program_options thread chrono 
[8.494s] -- Found std_srvs: 4.2.3 (/opt/ros/humble/share/std_srvs/cmake)
[8.939s] -- Found Boost: /usr/lib/x86_64-linux-gnu/cmake/Boost-1.74.0/BoostConfig.cmake (found version "1.74.0") found components: system filesystem date_time program_options thread 
[9.877s] -- Found ament_lint_auto: 0.12.7 (/opt/ros/humble/share/ament_lint_auto/cmake)
[9.981s] -- Added test 'cppcheck' to perform static code analysis on C / C++ code
[9.983s] -- Configured cppcheck include dirs: /home/kush/UR5_Project_New/src/moveit2/moveit_ros/move_group/include
[9.983s] -- Configured cppcheck exclude dirs and/or files: 
[9.995s] -- Added test 'lint_cmake' to check CMake code style
[10.000s] -- Added test 'pep257' to check Python code against some of the docstring style conventions in PEP 257
[10.002s] -- Added test 'xmllint' to check XML markup files
[10.415s] -- Configuring done
[11.671s] -- Generating done
[11.698s] -- Build files have been written to: /home/kush/UR5_Project_New/build/moveit_ros_move_group
[11.719s] Invoked command in '/home/kush/UR5_Project_New/build/moveit_ros_move_group' returned '0': AMENT_PREFIX_PATH=/home/kush/UR5_Project_New/install/moveit_kinematics:/home/kush/UR5_Project_New/install/moveit_ros_planning:/home/kush/UR5_Project_New/install/moveit_ros_occupancy_map_monitor:/home/kush/UR5_Project_New/install/moveit_core:/home/kush/UR5_Project_New/install/moveit_resources_fanuc_moveit_config:/home/kush/UR5_Project_New/install/srdfdom:/home/kush/UR5_Project_New/install/moveit_resources_fanuc_description:/home/kush/UR5_Project_New/install/moveit_common:${AMENT_PREFIX_PATH} CMAKE_PREFIX_PATH=/home/kush/UR5_Project_New/install/moveit_kinematics:/home/kush/UR5_Project_New/install/moveit_ros_planning:/home/kush/UR5_Project_New/install/moveit_ros_occupancy_map_monitor:/home/kush/UR5_Project_New/install/moveit_core:/home/kush/UR5_Project_New/install/moveit_resources_fanuc_moveit_config:/home/kush/UR5_Project_New/install/srdfdom:/home/kush/UR5_Project_New/install/moveit_resources_fanuc_description:/home/kush/UR5_Project_New/install/moveit_common:/opt/ros/humble LD_LIBRARY_PATH=/home/kush/UR5_Project_New/install/moveit_kinematics/lib:/home/kush/UR5_Project_New/install/moveit_ros_planning/lib:/home/kush/UR5_Project_New/install/moveit_ros_occupancy_map_monitor/lib:/home/kush/UR5_Project_New/install/moveit_core/lib:/home/kush/UR5_Project_New/install/srdfdom/lib:${LD_LIBRARY_PATH} PATH=/home/kush/UR5_Project_New/install/moveit_core/bin:${PATH} PYTHONPATH=/home/kush/UR5_Project_New/install/srdfdom/local/lib/python3.10/dist-packages:${PYTHONPATH} /usr/bin/cmake /home/kush/UR5_Project_New/src/moveit2/moveit_ros/move_group -DCMAKE_INSTALL_PREFIX=/home/kush/UR5_Project_New/install/moveit_ros_move_group
[11.722s] Invoking command in '/home/kush/UR5_Project_New/build/moveit_ros_move_group': AMENT_PREFIX_PATH=/home/kush/UR5_Project_New/install/moveit_kinematics:/home/kush/UR5_Project_New/install/moveit_ros_planning:/home/kush/UR5_Project_New/install/moveit_ros_occupancy_map_monitor:/home/kush/UR5_Project_New/install/moveit_core:/home/kush/UR5_Project_New/install/moveit_resources_fanuc_moveit_config:/home/kush/UR5_Project_New/install/srdfdom:/home/kush/UR5_Project_New/install/moveit_resources_fanuc_description:/home/kush/UR5_Project_New/install/moveit_common:${AMENT_PREFIX_PATH} CMAKE_PREFIX_PATH=/home/kush/UR5_Project_New/install/moveit_kinematics:/home/kush/UR5_Project_New/install/moveit_ros_planning:/home/kush/UR5_Project_New/install/moveit_ros_occupancy_map_monitor:/home/kush/UR5_Project_New/install/moveit_core:/home/kush/UR5_Project_New/install/moveit_resources_fanuc_moveit_config:/home/kush/UR5_Project_New/install/srdfdom:/home/kush/UR5_Project_New/install/moveit_resources_fanuc_description:/home/kush/UR5_Project_New/install/moveit_common:/opt/ros/humble LD_LIBRARY_PATH=/home/kush/UR5_Project_New/install/moveit_kinematics/lib:/home/kush/UR5_Project_New/install/moveit_ros_planning/lib:/home/kush/UR5_Project_New/install/moveit_ros_occupancy_map_monitor/lib:/home/kush/UR5_Project_New/install/moveit_core/lib:/home/kush/UR5_Project_New/install/srdfdom/lib:${LD_LIBRARY_PATH} PATH=/home/kush/UR5_Project_New/install/moveit_core/bin:${PATH} PYTHONPATH=/home/kush/UR5_Project_New/install/srdfdom/local/lib/python3.10/dist-packages:${PYTHONPATH} /usr/bin/cmake --build /home/kush/UR5_Project_New/build/moveit_ros_move_group -- -j4 -l4
[11.939s] [35m[1mConsolidate compiler generated dependencies of target moveit_move_group_capabilities_base[0m
[12.017s] [ 15%] Built target moveit_move_group_capabilities_base
[12.086s] [35m[1mConsolidate compiler generated dependencies of target list_move_group_capabilities[0m
[12.151s] [ 26%] Built target list_move_group_capabilities
[12.231s] [35m[1mConsolidate compiler generated dependencies of target move_group[0m
[12.297s] [ 36%] Built target move_group
[13.058s] [35m[1mConsolidate compiler generated dependencies of target moveit_move_group_default_capabilities[0m
[13.718s] [100%] Built target moveit_move_group_default_capabilities
[13.749s] Invoked command in '/home/kush/UR5_Project_New/build/moveit_ros_move_group' returned '0': AMENT_PREFIX_PATH=/home/kush/UR5_Project_New/install/moveit_kinematics:/home/kush/UR5_Project_New/install/moveit_ros_planning:/home/kush/UR5_Project_New/install/moveit_ros_occupancy_map_monitor:/home/kush/UR5_Project_New/install/moveit_core:/home/kush/UR5_Project_New/install/moveit_resources_fanuc_moveit_config:/home/kush/UR5_Project_New/install/srdfdom:/home/kush/UR5_Project_New/install/moveit_resources_fanuc_description:/home/kush/UR5_Project_New/install/moveit_common:${AMENT_PREFIX_PATH} CMAKE_PREFIX_PATH=/home/kush/UR5_Project_New/install/moveit_kinematics:/home/kush/UR5_Project_New/install/moveit_ros_planning:/home/kush/UR5_Project_New/install/moveit_ros_occupancy_map_monitor:/home/kush/UR5_Project_New/install/moveit_core:/home/kush/UR5_Project_New/install/moveit_resources_fanuc_moveit_config:/home/kush/UR5_Project_New/install/srdfdom:/home/kush/UR5_Project_New/install/moveit_resources_fanuc_description:/home/kush/UR5_Project_New/install/moveit_common:/opt/ros/humble LD_LIBRARY_PATH=/home/kush/UR5_Project_New/install/moveit_kinematics/lib:/home/kush/UR5_Project_New/install/moveit_ros_planning/lib:/home/kush/UR5_Project_New/install/moveit_ros_occupancy_map_monitor/lib:/home/kush/UR5_Project_New/install/moveit_core/lib:/home/kush/UR5_Project_New/install/srdfdom/lib:${LD_LIBRARY_PATH} PATH=/home/kush/UR5_Project_New/install/moveit_core/bin:${PATH} PYTHONPATH=/home/kush/UR5_Project_New/install/srdfdom/local/lib/python3.10/dist-packages:${PYTHONPATH} /usr/bin/cmake --build /home/kush/UR5_Project_New/build/moveit_ros_move_group -- -j4 -l4
[13.927s] Invoking command in '/home/kush/UR5_Project_New/build/moveit_ros_move_group': AMENT_PREFIX_PATH=/home/kush/UR5_Project_New/install/moveit_kinematics:/home/kush/UR5_Project_New/install/moveit_ros_planning:/home/kush/UR5_Project_New/install/moveit_ros_occupancy_map_monitor:/home/kush/UR5_Project_New/install/moveit_core:/home/kush/UR5_Project_New/install/moveit_resources_fanuc_moveit_config:/home/kush/UR5_Project_New/install/srdfdom:/home/kush/UR5_Project_New/install/moveit_resources_fanuc_description:/home/kush/UR5_Project_New/install/moveit_common:${AMENT_PREFIX_PATH} CMAKE_PREFIX_PATH=/home/kush/UR5_Project_New/install/moveit_kinematics:/home/kush/UR5_Project_New/install/moveit_ros_planning:/home/kush/UR5_Project_New/install/moveit_ros_occupancy_map_monitor:/home/kush/UR5_Project_New/install/moveit_core:/home/kush/UR5_Project_New/install/moveit_resources_fanuc_moveit_config:/home/kush/UR5_Project_New/install/srdfdom:/home/kush/UR5_Project_New/install/moveit_resources_fanuc_description:/home/kush/UR5_Project_New/install/moveit_common:/opt/ros/humble LD_LIBRARY_PATH=/home/kush/UR5_Project_New/install/moveit_kinematics/lib:/home/kush/UR5_Project_New/install/moveit_ros_planning/lib:/home/kush/UR5_Project_New/install/moveit_ros_occupancy_map_monitor/lib:/home/kush/UR5_Project_New/install/moveit_core/lib:/home/kush/UR5_Project_New/install/srdfdom/lib:${LD_LIBRARY_PATH} PATH=/home/kush/UR5_Project_New/install/moveit_core/bin:${PATH} PYTHONPATH=/home/kush/UR5_Project_New/install/srdfdom/local/lib/python3.10/dist-packages:${PYTHONPATH} /usr/bin/cmake --install /home/kush/UR5_Project_New/build/moveit_ros_move_group
[13.931s] -- Install configuration: "Release"
[14.555s] -- Up-to-date: /home/kush/UR5_Project_New/install/moveit_ros_move_group/lib/moveit_ros_move_group/move_group
[14.653s] -- Up-to-date: /home/kush/UR5_Project_New/install/moveit_ros_move_group/lib/moveit_ros_move_group/list_move_group_capabilities
[14.819s] -- Up-to-date: /home/kush/UR5_Project_New/install/moveit_ros_move_group/lib/libmoveit_move_group_default_capabilities.so.2.5.4
[14.819s] -- Up-to-date: /home/kush/UR5_Project_New/install/moveit_ros_move_group/lib/libmoveit_move_group_default_capabilities.so
[14.901s] -- Up-to-date: /home/kush/UR5_Project_New/install/moveit_ros_move_group/lib/libmoveit_move_group_capabilities_base.so.2.5.4
[14.901s] -- Up-to-date: /home/kush/UR5_Project_New/install/moveit_ros_move_group/lib/libmoveit_move_group_capabilities_base.so
[14.902s] -- Up-to-date: /home/kush/UR5_Project_New/install/moveit_ros_move_group/include
[14.902s] -- Up-to-date: /home/kush/UR5_Project_New/install/moveit_ros_move_group/include/moveit
[14.903s] -- Up-to-date: /home/kush/UR5_Project_New/install/moveit_ros_move_group/include/moveit/move_group
[14.903s] -- Up-to-date: /home/kush/UR5_Project_New/install/moveit_ros_move_group/include/moveit/move_group/move_group_context.h
[14.903s] -- Up-to-date: /home/kush/UR5_Project_New/install/moveit_ros_move_group/include/moveit/move_group/node_name.h
[14.904s] -- Up-to-date: /home/kush/UR5_Project_New/install/moveit_ros_move_group/include/moveit/move_group/capability_names.h
[14.904s] -- Up-to-date: /home/kush/UR5_Project_New/install/moveit_ros_move_group/include/moveit/move_group/move_group_capability.h
[14.910s] -- Up-to-date: /home/kush/UR5_Project_New/install/moveit_ros_move_group/share/moveit_ros_move_group/environment/library_path.sh
[14.911s] -- Installing: /home/kush/UR5_Project_New/install/moveit_ros_move_group/share/moveit_ros_move_group/environment/library_path.dsv
[14.912s] -- Up-to-date: /home/kush/UR5_Project_New/install/moveit_ros_move_group/lib/moveit_ros_move_group/load_map
[14.912s] -- Up-to-date: /home/kush/UR5_Project_New/install/moveit_ros_move_group/lib/moveit_ros_move_group/save_map
[14.912s] -- Up-to-date: /home/kush/UR5_Project_New/install/moveit_ros_move_group/share/moveit_ros_move_group/default_capabilities_plugin_description.xml
[14.913s] -- Up-to-date: /home/kush/UR5_Project_New/install/moveit_ros_move_group/share/ament_index/resource_index/package_run_dependencies/moveit_ros_move_group
[14.913s] -- Installing: /home/kush/UR5_Project_New/install/moveit_ros_move_group/share/ament_index/resource_index/parent_prefix_path/moveit_ros_move_group
[14.915s] -- Up-to-date: /home/kush/UR5_Project_New/install/moveit_ros_move_group/share/moveit_ros_move_group/environment/ament_prefix_path.sh
[14.915s] -- Installing: /home/kush/UR5_Project_New/install/moveit_ros_move_group/share/moveit_ros_move_group/environment/ament_prefix_path.dsv
[14.915s] -- Up-to-date: /home/kush/UR5_Project_New/install/moveit_ros_move_group/share/moveit_ros_move_group/environment/path.sh
[14.917s] -- Installing: /home/kush/UR5_Project_New/install/moveit_ros_move_group/share/moveit_ros_move_group/environment/path.dsv
[14.921s] -- Up-to-date: /home/kush/UR5_Project_New/install/moveit_ros_move_group/share/moveit_ros_move_group/local_setup.bash
[14.921s] -- Up-to-date: /home/kush/UR5_Project_New/install/moveit_ros_move_group/share/moveit_ros_move_group/local_setup.sh
[14.921s] -- Up-to-date: /home/kush/UR5_Project_New/install/moveit_ros_move_group/share/moveit_ros_move_group/local_setup.zsh
[14.921s] -- Installing: /home/kush/UR5_Project_New/install/moveit_ros_move_group/share/moveit_ros_move_group/local_setup.dsv
[14.921s] -- Installing: /home/kush/UR5_Project_New/install/moveit_ros_move_group/share/moveit_ros_move_group/package.dsv
[14.922s] -- Up-to-date: /home/kush/UR5_Project_New/install/moveit_ros_move_group/share/ament_index/resource_index/packages/moveit_ros_move_group
[14.922s] -- Up-to-date: /home/kush/UR5_Project_New/install/moveit_ros_move_group/share/ament_index/resource_index/moveit_ros_move_group__pluginlib__plugin/moveit_ros_move_group
[14.939s] -- Up-to-date: /home/kush/UR5_Project_New/install/moveit_ros_move_group/share/moveit_ros_move_group/cmake/export_moveit_ros_move_groupExport.cmake
[14.939s] -- Up-to-date: /home/kush/UR5_Project_New/install/moveit_ros_move_group/share/moveit_ros_move_group/cmake/export_moveit_ros_move_groupExport-release.cmake
[14.939s] -- Up-to-date: /home/kush/UR5_Project_New/install/moveit_ros_move_group/share/moveit_ros_move_group/cmake/ConfigExtras.cmake
[14.940s] -- Up-to-date: /home/kush/UR5_Project_New/install/moveit_ros_move_group/share/moveit_ros_move_group/cmake/ament_cmake_export_targets-extras.cmake
[14.940s] -- Up-to-date: /home/kush/UR5_Project_New/install/moveit_ros_move_group/share/moveit_ros_move_group/cmake/ament_cmake_export_dependencies-extras.cmake
[14.940s] -- Up-to-date: /home/kush/UR5_Project_New/install/moveit_ros_move_group/share/moveit_ros_move_group/cmake/moveit_ros_move_groupConfig.cmake
[14.940s] -- Up-to-date: /home/kush/UR5_Project_New/install/moveit_ros_move_group/share/moveit_ros_move_group/cmake/moveit_ros_move_groupConfig-version.cmake
[14.940s] -- Up-to-date: /home/kush/UR5_Project_New/install/moveit_ros_move_group/share/moveit_ros_move_group/package.xml
[14.941s] Invoked command in '/home/kush/UR5_Project_New/build/moveit_ros_move_group' returned '0': AMENT_PREFIX_PATH=/home/kush/UR5_Project_New/install/moveit_kinematics:/home/kush/UR5_Project_New/install/moveit_ros_planning:/home/kush/UR5_Project_New/install/moveit_ros_occupancy_map_monitor:/home/kush/UR5_Project_New/install/moveit_core:/home/kush/UR5_Project_New/install/moveit_resources_fanuc_moveit_config:/home/kush/UR5_Project_New/install/srdfdom:/home/kush/UR5_Project_New/install/moveit_resources_fanuc_description:/home/kush/UR5_Project_New/install/moveit_common:${AMENT_PREFIX_PATH} CMAKE_PREFIX_PATH=/home/kush/UR5_Project_New/install/moveit_kinematics:/home/kush/UR5_Project_New/install/moveit_ros_planning:/home/kush/UR5_Project_New/install/moveit_ros_occupancy_map_monitor:/home/kush/UR5_Project_New/install/moveit_core:/home/kush/UR5_Project_New/install/moveit_resources_fanuc_moveit_config:/home/kush/UR5_Project_New/install/srdfdom:/home/kush/UR5_Project_New/install/moveit_resources_fanuc_description:/home/kush/UR5_Project_New/install/moveit_common:/opt/ros/humble LD_LIBRARY_PATH=/home/kush/UR5_Project_New/install/moveit_kinematics/lib:/home/kush/UR5_Project_New/install/moveit_ros_planning/lib:/home/kush/UR5_Project_New/install/moveit_ros_occupancy_map_monitor/lib:/home/kush/UR5_Project_New/install/moveit_core/lib:/home/kush/UR5_Project_New/install/srdfdom/lib:${LD_LIBRARY_PATH} PATH=/home/kush/UR5_Project_New/install/moveit_core/bin:${PATH} PYTHONPATH=/home/kush/UR5_Project_New/install/srdfdom/local/lib/python3.10/dist-packages:${PYTHONPATH} /usr/bin/cmake --install /home/kush/UR5_Project_New/build/moveit_ros_move_group
