[0.069s] Invoking command in '/home/kush/UR5_Project_New/src/build/moveit_resources_prbt_support': CMAKE_PREFIX_PATH=/opt/ros/humble /usr/bin/cmake /home/kush/UR5_Project_New/src/moveit2/moveit_planners/test_configs/prbt_support -DCMAKE_INSTALL_PREFIX=/home/kush/UR5_Project_New/src/install/moveit_resources_prbt_support
[0.476s] -- The C compiler identification is GNU 11.4.0
[0.631s] -- The CXX compiler identification is GNU 11.4.0
[0.663s] -- Detecting C compiler ABI info
[1.014s] -- Detecting C compiler ABI info - done
[1.052s] -- Check for working C compiler: /usr/bin/cc - skipped
[1.053s] -- Detecting C compile features
[1.055s] -- Detecting C compile features - done
[1.066s] -- Detecting CXX compiler ABI info
[1.394s] -- Detecting CXX compiler ABI info - done
[1.433s] -- Check for working CXX compiler: /usr/bin/c++ - skipped
[1.435s] -- Detecting CXX compile features
[1.436s] -- Detecting CXX compile features - done
[1.444s] -- Found ament_cmake: 1.3.5 (/opt/ros/humble/share/ament_cmake/cmake)
[2.071s] -- Found Python3: /usr/bin/python3.10 (found version "3.10.12") found components: Interpreter 
[2.904s] -- Configuring done
[2.908s] -- Generating done
[2.917s] -- Build files have been written to: /home/kush/UR5_Project_New/src/build/moveit_resources_prbt_support
[2.925s] Invoked command in '/home/kush/UR5_Project_New/src/build/moveit_resources_prbt_support' returned '0': CMAKE_PREFIX_PATH=/opt/ros/humble /usr/bin/cmake /home/kush/UR5_Project_New/src/moveit2/moveit_planners/test_configs/prbt_support -DCMAKE_INSTALL_PREFIX=/home/kush/UR5_Project_New/src/install/moveit_resources_prbt_support
[2.933s] Invoking command in '/home/kush/UR5_Project_New/src/build/moveit_resources_prbt_support': CMAKE_PREFIX_PATH=/opt/ros/humble /usr/bin/cmake --build /home/kush/UR5_Project_New/src/build/moveit_resources_prbt_support -- -j4 -l4
[3.050s] Invoked command in '/home/kush/UR5_Project_New/src/build/moveit_resources_prbt_support' returned '0': CMAKE_PREFIX_PATH=/opt/ros/humble /usr/bin/cmake --build /home/kush/UR5_Project_New/src/build/moveit_resources_prbt_support -- -j4 -l4
[3.112s] Invoking command in '/home/kush/UR5_Project_New/src/build/moveit_resources_prbt_support': CMAKE_PREFIX_PATH=/opt/ros/humble /usr/bin/cmake --install /home/kush/UR5_Project_New/src/build/moveit_resources_prbt_support
[3.137s] -- Install configuration: ""
[3.139s] -- Installing: /home/kush/UR5_Project_New/src/install/moveit_resources_prbt_support/share/ament_index/resource_index/package_run_dependencies/moveit_resources_prbt_support
[3.140s] -- Installing: /home/kush/UR5_Project_New/src/install/moveit_resources_prbt_support/share/ament_index/resource_index/parent_prefix_path/moveit_resources_prbt_support
[3.140s] -- Installing: /home/kush/UR5_Project_New/src/install/moveit_resources_prbt_support/share/moveit_resources_prbt_support/environment/ament_prefix_path.sh
[3.140s] -- Installing: /home/kush/UR5_Project_New/src/install/moveit_resources_prbt_support/share/moveit_resources_prbt_support/environment/ament_prefix_path.dsv
[3.141s] -- Installing: /home/kush/UR5_Project_New/src/install/moveit_resources_prbt_support/share/moveit_resources_prbt_support/environment/path.sh
[3.142s] -- Installing: /home/kush/UR5_Project_New/src/install/moveit_resources_prbt_support/share/moveit_resources_prbt_support/environment/path.dsv
[3.142s] -- Installing: /home/kush/UR5_Project_New/src/install/moveit_resources_prbt_support/share/moveit_resources_prbt_support/local_setup.bash
[3.143s] -- Installing: /home/kush/UR5_Project_New/src/install/moveit_resources_prbt_support/share/moveit_resources_prbt_support/local_setup.sh
[3.143s] -- Installing: /home/kush/UR5_Project_New/src/install/moveit_resources_prbt_support/share/moveit_resources_prbt_support/local_setup.zsh
[3.144s] -- Installing: /home/kush/UR5_Project_New/src/install/moveit_resources_prbt_support/share/moveit_resources_prbt_support/local_setup.dsv
[3.144s] -- Installing: /home/kush/UR5_Project_New/src/install/moveit_resources_prbt_support/share/moveit_resources_prbt_support/package.dsv
[3.148s] -- Installing: /home/kush/UR5_Project_New/src/install/moveit_resources_prbt_support/share/ament_index/resource_index/packages/moveit_resources_prbt_support
[3.148s] -- Installing: /home/kush/UR5_Project_New/src/install/moveit_resources_prbt_support/share/moveit_resources_prbt_support/cmake/moveit_resources_prbt_supportConfig.cmake
[3.148s] -- Installing: /home/kush/UR5_Project_New/src/install/moveit_resources_prbt_support/share/moveit_resources_prbt_support/cmake/moveit_resources_prbt_supportConfig-version.cmake
[3.149s] -- Installing: /home/kush/UR5_Project_New/src/install/moveit_resources_prbt_support/share/moveit_resources_prbt_support/package.xml
[3.149s] -- Installing: /home/kush/UR5_Project_New/src/install/moveit_resources_prbt_support/share/moveit_resources_prbt_support/urdf
[3.149s] -- Installing: /home/kush/UR5_Project_New/src/install/moveit_resources_prbt_support/share/moveit_resources_prbt_support/urdf/prbt.xacro
[3.158s] -- Installing: /home/kush/UR5_Project_New/src/install/moveit_resources_prbt_support/share/moveit_resources_prbt_support/urdf/prbt.ros2_control.xacro
[3.160s] -- Installing: /home/kush/UR5_Project_New/src/install/moveit_resources_prbt_support/share/moveit_resources_prbt_support/urdf/simple_gripper_brackets.urdf.xacro
[3.163s] -- Installing: /home/kush/UR5_Project_New/src/install/moveit_resources_prbt_support/share/moveit_resources_prbt_support/urdf/prbt_macro.xacro
[3.165s] -- Installing: /home/kush/UR5_Project_New/src/install/moveit_resources_prbt_support/share/moveit_resources_prbt_support/meshes
[3.165s] -- Installing: /home/kush/UR5_Project_New/src/install/moveit_resources_prbt_support/share/moveit_resources_prbt_support/meshes/link_2.stl
[3.167s] -- Installing: /home/kush/UR5_Project_New/src/install/moveit_resources_prbt_support/share/moveit_resources_prbt_support/meshes/foot.dae
[3.223s] -- Installing: /home/kush/UR5_Project_New/src/install/moveit_resources_prbt_support/share/moveit_resources_prbt_support/meshes/foot.stl
[3.234s] -- Installing: /home/kush/UR5_Project_New/src/install/moveit_resources_prbt_support/share/moveit_resources_prbt_support/meshes/link_1.dae
[3.254s] -- Installing: /home/kush/UR5_Project_New/src/install/moveit_resources_prbt_support/share/moveit_resources_prbt_support/meshes/link_5.stl
[3.255s] -- Installing: /home/kush/UR5_Project_New/src/install/moveit_resources_prbt_support/share/moveit_resources_prbt_support/meshes/flange.stl
[3.255s] -- Installing: /home/kush/UR5_Project_New/src/install/moveit_resources_prbt_support/share/moveit_resources_prbt_support/meshes/link_5.dae
[3.276s] -- Installing: /home/kush/UR5_Project_New/src/install/moveit_resources_prbt_support/share/moveit_resources_prbt_support/meshes/link_4.stl
[3.278s] -- Installing: /home/kush/UR5_Project_New/src/install/moveit_resources_prbt_support/share/moveit_resources_prbt_support/meshes/link_4.dae
[3.368s] -- Installing: /home/kush/UR5_Project_New/src/install/moveit_resources_prbt_support/share/moveit_resources_prbt_support/meshes/link_2.dae
[3.398s] -- Installing: /home/kush/UR5_Project_New/src/install/moveit_resources_prbt_support/share/moveit_resources_prbt_support/meshes/link_1.stl
[3.401s] -- Installing: /home/kush/UR5_Project_New/src/install/moveit_resources_prbt_support/share/moveit_resources_prbt_support/meshes/flange.dae
[3.425s] -- Installing: /home/kush/UR5_Project_New/src/install/moveit_resources_prbt_support/share/moveit_resources_prbt_support/meshes/link_3.dae
[3.439s] -- Installing: /home/kush/UR5_Project_New/src/install/moveit_resources_prbt_support/share/moveit_resources_prbt_support/meshes/link_3.stl
[3.441s] -- Installing: /home/kush/UR5_Project_New/src/install/moveit_resources_prbt_support/share/moveit_resources_prbt_support/config
[3.442s] -- Installing: /home/kush/UR5_Project_New/src/install/moveit_resources_prbt_support/share/moveit_resources_prbt_support/config/prbt_0_1.dcf
[3.454s] -- Installing: /home/kush/UR5_Project_New/src/install/moveit_resources_prbt_support/share/moveit_resources_prbt_support/config/manipulator_driver.yaml
[3.465s] -- Installing: /home/kush/UR5_Project_New/src/install/moveit_resources_prbt_support/share/moveit_resources_prbt_support/config/manipulator_controller.yaml
[3.473s] Invoked command in '/home/kush/UR5_Project_New/src/build/moveit_resources_prbt_support' returned '0': CMAKE_PREFIX_PATH=/opt/ros/humble /usr/bin/cmake --install /home/kush/UR5_Project_New/src/build/moveit_resources_prbt_support
