[0.189s] Invoking command in '/home/kush/UR5_Project_New/src/build/ur_robot_driver': AMENT_PREFIX_PATH=/home/kush/UR5_Project_New/src/install/ur_controllers:/home/kush/UR5_Project_New/src/install/ur_description:/home/kush/UR5_Project_New/src/install/ur_dashboard_msgs:${AMENT_PREFIX_PATH} CMAKE_PREFIX_PATH=/home/kush/UR5_Project_New/src/install/ur_controllers:/home/kush/UR5_Project_New/src/install/ur_description:/home/kush/UR5_Project_New/src/install/ur_dashboard_msgs:/opt/ros/humble LD_LIBRARY_PATH=/home/kush/UR5_Project_New/src/install/ur_controllers/lib:/home/kush/UR5_Project_New/src/install/ur_dashboard_msgs/lib:${LD_LIBRARY_PATH} PYTHONPATH=/home/kush/UR5_Project_New/src/install/ur_dashboard_msgs/local/lib/python3.10/dist-packages:${PYTHONPATH} /usr/bin/cmake /home/kush/UR5_Project_New/src/Universal_Robots_ROS2_Driver/ur_robot_driver -DCMAKE_INSTALL_PREFIX=/home/kush/UR5_Project_New/src/install/ur_robot_driver
[0.463s] -- The C compiler identification is GNU 11.4.0
[0.783s] -- The CXX compiler identification is GNU 11.4.0
[0.828s] -- Detecting C compiler ABI info
[1.176s] -- Detecting C compiler ABI info - done
[1.201s] -- Check for working C compiler: /usr/bin/cc - skipped
[1.202s] -- Detecting C compile features
[1.203s] -- Detecting C compile features - done
[1.213s] -- Detecting CXX compiler ABI info
[1.722s] -- Detecting CXX compiler ABI info - done
[1.800s] -- Check for working CXX compiler: /usr/bin/c++ - skipped
[1.800s] -- Detecting CXX compile features
[1.802s] -- Detecting CXX compile features - done
[1.808s] [0mur_robot_driver: You did not request a specific build type: selecting 'RelWithDebInfo'.[0m
[1.812s] -- Found ament_cmake: 1.3.5 (/opt/ros/humble/share/ament_cmake/cmake)
[2.407s] -- Found Python3: /usr/bin/python3.10 (found version "3.10.12") found components: Interpreter 
[2.751s] -- Found controller_manager: 2.29.0 (/opt/ros/humble/share/controller_manager/cmake)
[2.925s] -- Found rosidl_generator_c: 3.1.5 (/opt/ros/humble/share/rosidl_generator_c/cmake)
[2.941s] -- Found rosidl_adapter: 3.1.5 (/opt/ros/humble/share/rosidl_adapter/cmake)
[2.969s] -- Found rosidl_generator_cpp: 3.1.5 (/opt/ros/humble/share/rosidl_generator_cpp/cmake)
[3.004s] -- Using all available rosidl_typesupport_c: rosidl_typesupport_fastrtps_c;rosidl_typesupport_introspection_c
[3.065s] -- Using all available rosidl_typesupport_cpp: rosidl_typesupport_fastrtps_cpp;rosidl_typesupport_introspection_cpp
[4.651s] -- Found rmw_implementation_cmake: 6.1.1 (/opt/ros/humble/share/rmw_implementation_cmake/cmake)
[4.658s] -- Found rmw_fastrtps_cpp: 6.2.3 (/opt/ros/humble/share/rmw_fastrtps_cpp/cmake)
[4.949s] -- Found OpenSSL: /usr/lib/x86_64-linux-gnu/libcrypto.so (found version "3.0.2")  
[5.116s] -- Found FastRTPS: /opt/ros/humble/include  
[5.244s] -- Using RMW implementation 'rmw_fastrtps_cpp' as default
[5.270s] -- Looking for pthread.h
[5.500s] -- Looking for pthread.h - found
[5.501s] -- Performing Test CMAKE_HAVE_LIBC_PTHREAD
[5.683s] -- Performing Test CMAKE_HAVE_LIBC_PTHREAD - Success
[5.686s] -- Found Threads: TRUE  
[7.809s] -- Found rclpy: 3.3.9 (/opt/ros/humble/share/rclpy/cmake)
[7.816s] -- Found std_srvs: 4.2.3 (/opt/ros/humble/share/std_srvs/cmake)
[7.873s] -- Found tf2_geometry_msgs: 0.25.3 (/opt/ros/humble/share/tf2_geometry_msgs/cmake)
[7.914s] -- Found eigen3_cmake_module: 0.1.1 (/opt/ros/humble/share/eigen3_cmake_module/cmake)
[7.918s] -- Found Eigen3: TRUE (found version "3.4.0") 
[7.919s] -- Ensuring Eigen3 include directory is part of orocos-kdl CMake target
[8.762s] -- Found ur_dashboard_msgs: 2.2.8 (/home/kush/UR5_Project_New/src/install/ur_dashboard_msgs/share/ur_dashboard_msgs/cmake)
[14.575s] -- Found ur_controllers: 2.2.8 (/home/kush/UR5_Project_New/src/install/ur_controllers/share/ur_controllers/cmake)
[15.176s] -- Found parameter_traits: 0.3.3 (/opt/ros/humble/share/parameter_traits/cmake)
[16.086s] -- Found ur_description: 2.1.0 (/home/kush/UR5_Project_New/src/install/ur_description/share/ur_description/cmake)
[16.091s] -- Found launch_testing_ament_cmake: 1.0.4 (/opt/ros/humble/share/launch_testing_ament_cmake/cmake)
[16.096s] -- Found python_cmake_module: 0.10.0 (/opt/ros/humble/share/python_cmake_module/cmake)
[16.151s] -- Found PythonInterp: /usr/bin/python3 (found suitable version "3.10.12", minimum required is "3.6") 
[16.177s] -- Found PythonLibs: /usr/lib/x86_64-linux-gnu/libpython3.10.so (found suitable version "3.10.12", minimum required is "3.5") 
[16.178s] -- Using PYTHON_EXECUTABLE: /usr/bin/python3
[16.178s] -- Using PYTHON_INCLUDE_DIRS: /usr/include/python3.10
[16.179s] -- Using PYTHON_LIBRARIES: /usr/lib/x86_64-linux-gnu/libpython3.10.so
[16.243s] -- Found PythonExtra: .so  
[16.249s] -- Configuring done
[16.793s] -- Generating done
[16.799s] -- Build files have been written to: /home/kush/UR5_Project_New/src/build/ur_robot_driver
[16.832s] Invoked command in '/home/kush/UR5_Project_New/src/build/ur_robot_driver' returned '0': AMENT_PREFIX_PATH=/home/kush/UR5_Project_New/src/install/ur_controllers:/home/kush/UR5_Project_New/src/install/ur_description:/home/kush/UR5_Project_New/src/install/ur_dashboard_msgs:${AMENT_PREFIX_PATH} CMAKE_PREFIX_PATH=/home/kush/UR5_Project_New/src/install/ur_controllers:/home/kush/UR5_Project_New/src/install/ur_description:/home/kush/UR5_Project_New/src/install/ur_dashboard_msgs:/opt/ros/humble LD_LIBRARY_PATH=/home/kush/UR5_Project_New/src/install/ur_controllers/lib:/home/kush/UR5_Project_New/src/install/ur_dashboard_msgs/lib:${LD_LIBRARY_PATH} PYTHONPATH=/home/kush/UR5_Project_New/src/install/ur_dashboard_msgs/local/lib/python3.10/dist-packages:${PYTHONPATH} /usr/bin/cmake /home/kush/UR5_Project_New/src/Universal_Robots_ROS2_Driver/ur_robot_driver -DCMAKE_INSTALL_PREFIX=/home/kush/UR5_Project_New/src/install/ur_robot_driver
[16.833s] Invoking command in '/home/kush/UR5_Project_New/src/build/ur_robot_driver': AMENT_PREFIX_PATH=/home/kush/UR5_Project_New/src/install/ur_controllers:/home/kush/UR5_Project_New/src/install/ur_description:/home/kush/UR5_Project_New/src/install/ur_dashboard_msgs:${AMENT_PREFIX_PATH} CMAKE_PREFIX_PATH=/home/kush/UR5_Project_New/src/install/ur_controllers:/home/kush/UR5_Project_New/src/install/ur_description:/home/kush/UR5_Project_New/src/install/ur_dashboard_msgs:/opt/ros/humble LD_LIBRARY_PATH=/home/kush/UR5_Project_New/src/install/ur_controllers/lib:/home/kush/UR5_Project_New/src/install/ur_dashboard_msgs/lib:${LD_LIBRARY_PATH} PYTHONPATH=/home/kush/UR5_Project_New/src/install/ur_dashboard_msgs/local/lib/python3.10/dist-packages:${PYTHONPATH} /usr/bin/cmake --build /home/kush/UR5_Project_New/src/build/ur_robot_driver -- -j4 -l4
[16.979s] [  6%] [32mBuilding CXX object CMakeFiles/ur_robot_driver_plugin.dir/src/dashboard_client_ros.cpp.o[0m
[67.776s] [ 13%] [32mBuilding CXX object CMakeFiles/ur_robot_driver_plugin.dir/src/hardware_interface.cpp.o[0m
[96.711s] [ 20%] [32mBuilding CXX object CMakeFiles/ur_robot_driver_plugin.dir/src/urcl_log_handler.cpp.o[0m
[99.202s] [ 26%] [32m[1mLinking CXX shared library libur_robot_driver_plugin.so[0m
[100.797s] [ 26%] Built target ur_robot_driver_plugin
[100.839s] [ 33%] [32mBuilding CXX object CMakeFiles/controller_stopper_node.dir/src/controller_stopper.cpp.o[0m
[149.196s] [ 40%] [32mBuilding CXX object CMakeFiles/controller_stopper_node.dir/src/controller_stopper_node.cpp.o[0m
[159.651s] [ 46%] [32m[1mLinking CXX executable controller_stopper_node[0m
[160.567s] [ 46%] Built target controller_stopper_node
[160.620s] [ 53%] [32mBuilding CXX object CMakeFiles/urscript_interface.dir/src/urscript_interface.cpp.o[0m
[192.456s] [ 60%] [32m[1mLinking CXX executable urscript_interface[0m
[193.392s] [ 60%] Built target urscript_interface
[193.461s] [ 60%] Built target ament_cmake_python_copy_ur_robot_driver
[193.499s] [ 66%] [32mBuilding CXX object CMakeFiles/ur_ros2_control_node.dir/src/ur_ros2_control_node.cpp.o[0m
[204.454s] [ 73%] [32m[1mLinking CXX executable ur_ros2_control_node[0m
[204.825s] [ 73%] Built target ur_ros2_control_node
[205.393s] running egg_info
[205.395s] creating ur_robot_driver.egg-info
[205.396s] writing ur_robot_driver.egg-info/PKG-INFO
[205.396s] writing dependency_links to ur_robot_driver.egg-info/dependency_links.txt
[205.396s] writing top-level names to ur_robot_driver.egg-info/top_level.txt
[205.397s] writing manifest file 'ur_robot_driver.egg-info/SOURCES.txt'
[205.401s] reading manifest file 'ur_robot_driver.egg-info/SOURCES.txt'
[205.403s] writing manifest file 'ur_robot_driver.egg-info/SOURCES.txt'
[205.466s] [ 73%] Built target ament_cmake_python_build_ur_robot_driver_egg
[205.525s] [ 80%] [32mBuilding CXX object CMakeFiles/dashboard_client.dir/src/dashboard_client_ros.cpp.o[0m
[254.204s] [ 86%] [32mBuilding CXX object CMakeFiles/dashboard_client.dir/src/urcl_log_handler.cpp.o[0m
[255.878s] [ 93%] [32mBuilding CXX object CMakeFiles/dashboard_client.dir/src/dashboard_client_node.cpp.o[0m
[267.187s] [100%] [32m[1mLinking CXX executable dashboard_client[0m
[268.002s] [100%] Built target dashboard_client
[268.020s] Invoked command in '/home/kush/UR5_Project_New/src/build/ur_robot_driver' returned '0': AMENT_PREFIX_PATH=/home/kush/UR5_Project_New/src/install/ur_controllers:/home/kush/UR5_Project_New/src/install/ur_description:/home/kush/UR5_Project_New/src/install/ur_dashboard_msgs:${AMENT_PREFIX_PATH} CMAKE_PREFIX_PATH=/home/kush/UR5_Project_New/src/install/ur_controllers:/home/kush/UR5_Project_New/src/install/ur_description:/home/kush/UR5_Project_New/src/install/ur_dashboard_msgs:/opt/ros/humble LD_LIBRARY_PATH=/home/kush/UR5_Project_New/src/install/ur_controllers/lib:/home/kush/UR5_Project_New/src/install/ur_dashboard_msgs/lib:${LD_LIBRARY_PATH} PYTHONPATH=/home/kush/UR5_Project_New/src/install/ur_dashboard_msgs/local/lib/python3.10/dist-packages:${PYTHONPATH} /usr/bin/cmake --build /home/kush/UR5_Project_New/src/build/ur_robot_driver -- -j4 -l4
[268.095s] Invoking command in '/home/kush/UR5_Project_New/src/build/ur_robot_driver': AMENT_PREFIX_PATH=/home/kush/UR5_Project_New/src/install/ur_controllers:/home/kush/UR5_Project_New/src/install/ur_description:/home/kush/UR5_Project_New/src/install/ur_dashboard_msgs:${AMENT_PREFIX_PATH} CMAKE_PREFIX_PATH=/home/kush/UR5_Project_New/src/install/ur_controllers:/home/kush/UR5_Project_New/src/install/ur_description:/home/kush/UR5_Project_New/src/install/ur_dashboard_msgs:/opt/ros/humble LD_LIBRARY_PATH=/home/kush/UR5_Project_New/src/install/ur_controllers/lib:/home/kush/UR5_Project_New/src/install/ur_dashboard_msgs/lib:${LD_LIBRARY_PATH} PYTHONPATH=/home/kush/UR5_Project_New/src/install/ur_dashboard_msgs/local/lib/python3.10/dist-packages:${PYTHONPATH} /usr/bin/cmake --install /home/kush/UR5_Project_New/src/build/ur_robot_driver
[268.108s] -- Install configuration: "RelWithDebInfo"
[268.108s] -- Installing: /home/kush/UR5_Project_New/src/install/ur_robot_driver/share/ur_robot_driver/hardware_interface_plugin.xml
[268.116s] -- Installing: /home/kush/UR5_Project_New/src/install/ur_robot_driver/lib/ur_robot_driver/dashboard_client
[268.139s] -- Set runtime path of "/home/kush/UR5_Project_New/src/install/ur_robot_driver/lib/ur_robot_driver/dashboard_client" to ""
[268.139s] -- Installing: /home/kush/UR5_Project_New/src/install/ur_robot_driver/lib/ur_robot_driver/ur_ros2_control_node
[268.142s] -- Set runtime path of "/home/kush/UR5_Project_New/src/install/ur_robot_driver/lib/ur_robot_driver/ur_ros2_control_node" to ""
[268.142s] -- Installing: /home/kush/UR5_Project_New/src/install/ur_robot_driver/lib/ur_robot_driver/controller_stopper_node
[268.168s] -- Set runtime path of "/home/kush/UR5_Project_New/src/install/ur_robot_driver/lib/ur_robot_driver/controller_stopper_node" to ""
[268.169s] -- Installing: /home/kush/UR5_Project_New/src/install/ur_robot_driver/lib/ur_robot_driver/urscript_interface
[268.187s] -- Set runtime path of "/home/kush/UR5_Project_New/src/install/ur_robot_driver/lib/ur_robot_driver/urscript_interface" to ""
[268.188s] -- Installing: /home/kush/UR5_Project_New/src/install/ur_robot_driver/lib/libur_robot_driver_plugin.so
[268.229s] -- Set runtime path of "/home/kush/UR5_Project_New/src/install/ur_robot_driver/lib/libur_robot_driver_plugin.so" to ""
[268.229s] -- Installing: /home/kush/UR5_Project_New/src/install/ur_robot_driver/include
[268.230s] -- Installing: /home/kush/UR5_Project_New/src/install/ur_robot_driver/include/ur_robot_driver
[268.230s] -- Installing: /home/kush/UR5_Project_New/src/install/ur_robot_driver/include/ur_robot_driver/controller_stopper.hpp
[268.230s] -- Installing: /home/kush/UR5_Project_New/src/install/ur_robot_driver/include/ur_robot_driver/dashboard_client_ros.hpp
[268.230s] -- Installing: /home/kush/UR5_Project_New/src/install/ur_robot_driver/include/ur_robot_driver/hardware_interface.hpp
[268.231s] -- Installing: /home/kush/UR5_Project_New/src/install/ur_robot_driver/include/ur_robot_driver/urcl_log_handler.hpp
[268.231s] -- Installing: /home/kush/UR5_Project_New/src/install/ur_robot_driver/share/ur_robot_driver/environment/library_path.sh
[268.231s] -- Installing: /home/kush/UR5_Project_New/src/install/ur_robot_driver/share/ur_robot_driver/environment/library_path.dsv
[268.231s] -- Installing: /home/kush/UR5_Project_New/src/install/ur_robot_driver/share/ur_robot_driver/resources
[268.231s] -- Installing: /home/kush/UR5_Project_New/src/install/ur_robot_driver/share/ur_robot_driver/resources/externalcontrol-1.0.5.urcap
[268.277s] -- Installing: /home/kush/UR5_Project_New/src/install/ur_robot_driver/share/ur_robot_driver/resources/ros_control.urscript
[268.292s] -- Installing: /home/kush/UR5_Project_New/src/install/ur_robot_driver/share/ur_robot_driver/resources/rtde_output_recipe.txt
[268.303s] -- Installing: /home/kush/UR5_Project_New/src/install/ur_robot_driver/share/ur_robot_driver/resources/rs485-1.0.urcap
[268.389s] -- Installing: /home/kush/UR5_Project_New/src/install/ur_robot_driver/share/ur_robot_driver/resources/rtde_input_recipe.txt
[268.404s] -- Up-to-date: /home/kush/UR5_Project_New/src/install/ur_robot_driver/include
[268.404s] -- Up-to-date: /home/kush/UR5_Project_New/src/install/ur_robot_driver/include/ur_robot_driver
[268.405s] -- Up-to-date: /home/kush/UR5_Project_New/src/install/ur_robot_driver/include/ur_robot_driver/controller_stopper.hpp
[268.405s] -- Up-to-date: /home/kush/UR5_Project_New/src/install/ur_robot_driver/include/ur_robot_driver/dashboard_client_ros.hpp
[268.405s] -- Up-to-date: /home/kush/UR5_Project_New/src/install/ur_robot_driver/include/ur_robot_driver/hardware_interface.hpp
[268.406s] -- Up-to-date: /home/kush/UR5_Project_New/src/install/ur_robot_driver/include/ur_robot_driver/urcl_log_handler.hpp
[268.406s] -- Installing: /home/kush/UR5_Project_New/src/install/ur_robot_driver/share/ur_robot_driver/environment/pythonpath.sh
[268.407s] -- Installing: /home/kush/UR5_Project_New/src/install/ur_robot_driver/share/ur_robot_driver/environment/pythonpath.dsv
[268.408s] -- Installing: /home/kush/UR5_Project_New/src/install/ur_robot_driver/local/lib/python3.10/dist-packages/ur_robot_driver-2.2.8-py3.10.egg-info
[268.409s] -- Installing: /home/kush/UR5_Project_New/src/install/ur_robot_driver/local/lib/python3.10/dist-packages/ur_robot_driver-2.2.8-py3.10.egg-info/SOURCES.txt
[268.409s] -- Installing: /home/kush/UR5_Project_New/src/install/ur_robot_driver/local/lib/python3.10/dist-packages/ur_robot_driver-2.2.8-py3.10.egg-info/dependency_links.txt
[268.412s] -- Installing: /home/kush/UR5_Project_New/src/install/ur_robot_driver/local/lib/python3.10/dist-packages/ur_robot_driver-2.2.8-py3.10.egg-info/PKG-INFO
[268.412s] -- Installing: /home/kush/UR5_Project_New/src/install/ur_robot_driver/local/lib/python3.10/dist-packages/ur_robot_driver-2.2.8-py3.10.egg-info/top_level.txt
[268.413s] -- Installing: /home/kush/UR5_Project_New/src/install/ur_robot_driver/local/lib/python3.10/dist-packages/ur_robot_driver
[268.413s] -- Installing: /home/kush/UR5_Project_New/src/install/ur_robot_driver/local/lib/python3.10/dist-packages/ur_robot_driver/__init__.py
[268.496s] Listing '/home/kush/UR5_Project_New/src/install/ur_robot_driver/local/lib/python3.10/dist-packages/ur_robot_driver'...
[268.496s] Compiling '/home/kush/UR5_Project_New/src/install/ur_robot_driver/local/lib/python3.10/dist-packages/ur_robot_driver/__init__.py'...
[268.513s] -- Installing: /home/kush/UR5_Project_New/src/install/ur_robot_driver/lib/ur_robot_driver/tool_communication.py
[268.513s] -- Installing: /home/kush/UR5_Project_New/src/install/ur_robot_driver/bin/wait_dashboard_server.sh
[268.514s] -- Installing: /home/kush/UR5_Project_New/src/install/ur_robot_driver/lib/ur_robot_driver/start_ursim.sh
[268.515s] -- Installing: /home/kush/UR5_Project_New/src/install/ur_robot_driver/share/ur_robot_driver/config
[268.515s] -- Installing: /home/kush/UR5_Project_New/src/install/ur_robot_driver/share/ur_robot_driver/config/ur_controllers.yaml
[268.529s] -- Installing: /home/kush/UR5_Project_New/src/install/ur_robot_driver/share/ur_robot_driver/config/ur3_update_rate.yaml
[268.537s] -- Installing: /home/kush/UR5_Project_New/src/install/ur_robot_driver/share/ur_robot_driver/config/test_velocity_goal_publishers_config.yaml
[268.554s] -- Installing: /home/kush/UR5_Project_New/src/install/ur_robot_driver/share/ur_robot_driver/config/ur5e_update_rate.yaml
[268.554s] -- Installing: /home/kush/UR5_Project_New/src/install/ur_robot_driver/share/ur_robot_driver/config/test_goal_publishers_config.yaml
[268.557s] -- Installing: /home/kush/UR5_Project_New/src/install/ur_robot_driver/share/ur_robot_driver/config/ur10_update_rate.yaml
[268.557s] -- Installing: /home/kush/UR5_Project_New/src/install/ur_robot_driver/share/ur_robot_driver/config/ur16e_update_rate.yaml
[268.558s] -- Installing: /home/kush/UR5_Project_New/src/install/ur_robot_driver/share/ur_robot_driver/config/ur10e_update_rate.yaml
[268.558s] -- Installing: /home/kush/UR5_Project_New/src/install/ur_robot_driver/share/ur_robot_driver/config/ur5_update_rate.yaml
[268.558s] -- Installing: /home/kush/UR5_Project_New/src/install/ur_robot_driver/share/ur_robot_driver/config/ur3e_update_rate.yaml
[268.559s] -- Installing: /home/kush/UR5_Project_New/src/install/ur_robot_driver/share/ur_robot_driver/launch
[268.559s] -- Installing: /home/kush/UR5_Project_New/src/install/ur_robot_driver/share/ur_robot_driver/launch/test_joint_trajectory_controller.launch.py
[268.559s] -- Installing: /home/kush/UR5_Project_New/src/install/ur_robot_driver/share/ur_robot_driver/launch/ur10e.launch.py
[268.560s] -- Installing: /home/kush/UR5_Project_New/src/install/ur_robot_driver/share/ur_robot_driver/launch/ur5e.launch.py
[268.560s] -- Installing: /home/kush/UR5_Project_New/src/install/ur_robot_driver/share/ur_robot_driver/launch/test_scaled_joint_trajectory_controller.launch.py
[268.560s] -- Installing: /home/kush/UR5_Project_New/src/install/ur_robot_driver/share/ur_robot_driver/launch/ur_control.launch.py
[268.560s] -- Installing: /home/kush/UR5_Project_New/src/install/ur_robot_driver/share/ur_robot_driver/launch/ur3.launch.py
[268.560s] -- Installing: /home/kush/UR5_Project_New/src/install/ur_robot_driver/share/ur_robot_driver/launch/ur16e.launch.py
[268.561s] -- Installing: /home/kush/UR5_Project_New/src/install/ur_robot_driver/share/ur_robot_driver/launch/ur3e.launch.py
[268.561s] -- Installing: /home/kush/UR5_Project_New/src/install/ur_robot_driver/share/ur_robot_driver/launch/test_forward_velocity_controller.launch.py
[268.562s] -- Installing: /home/kush/UR5_Project_New/src/install/ur_robot_driver/share/ur_robot_driver/launch/ur5.launch.py
[268.562s] -- Installing: /home/kush/UR5_Project_New/src/install/ur_robot_driver/share/ur_robot_driver/launch/ur10.launch.py
[268.562s] -- Installing: /home/kush/UR5_Project_New/src/install/ur_robot_driver/share/ur_robot_driver/launch/ur_dashboard_client.launch.py
[268.562s] -- Installing: /home/kush/UR5_Project_New/src/install/ur_robot_driver/share/ament_index/resource_index/package_run_dependencies/ur_robot_driver
[268.563s] -- Installing: /home/kush/UR5_Project_New/src/install/ur_robot_driver/share/ament_index/resource_index/parent_prefix_path/ur_robot_driver
[268.563s] -- Installing: /home/kush/UR5_Project_New/src/install/ur_robot_driver/share/ur_robot_driver/environment/ament_prefix_path.sh
[268.563s] -- Installing: /home/kush/UR5_Project_New/src/install/ur_robot_driver/share/ur_robot_driver/environment/ament_prefix_path.dsv
[268.563s] -- Installing: /home/kush/UR5_Project_New/src/install/ur_robot_driver/share/ur_robot_driver/environment/path.sh
[268.564s] -- Installing: /home/kush/UR5_Project_New/src/install/ur_robot_driver/share/ur_robot_driver/environment/path.dsv
[268.564s] -- Installing: /home/kush/UR5_Project_New/src/install/ur_robot_driver/share/ur_robot_driver/local_setup.bash
[268.564s] -- Installing: /home/kush/UR5_Project_New/src/install/ur_robot_driver/share/ur_robot_driver/local_setup.sh
[268.565s] -- Installing: /home/kush/UR5_Project_New/src/install/ur_robot_driver/share/ur_robot_driver/local_setup.zsh
[268.565s] -- Installing: /home/kush/UR5_Project_New/src/install/ur_robot_driver/share/ur_robot_driver/local_setup.dsv
[268.567s] -- Installing: /home/kush/UR5_Project_New/src/install/ur_robot_driver/share/ur_robot_driver/package.dsv
[268.567s] -- Installing: /home/kush/UR5_Project_New/src/install/ur_robot_driver/share/ament_index/resource_index/packages/ur_robot_driver
[268.567s] -- Installing: /home/kush/UR5_Project_New/src/install/ur_robot_driver/share/ament_index/resource_index/hardware_interface__pluginlib__plugin/ur_robot_driver
[268.568s] -- Installing: /home/kush/UR5_Project_New/src/install/ur_robot_driver/share/ur_robot_driver/cmake/ament_cmake_export_include_directories-extras.cmake
[268.568s] -- Installing: /home/kush/UR5_Project_New/src/install/ur_robot_driver/share/ur_robot_driver/cmake/ament_cmake_export_libraries-extras.cmake
[268.568s] -- Installing: /home/kush/UR5_Project_New/src/install/ur_robot_driver/share/ur_robot_driver/cmake/ament_cmake_export_dependencies-extras.cmake
[268.568s] -- Installing: /home/kush/UR5_Project_New/src/install/ur_robot_driver/share/ur_robot_driver/cmake/ur_robot_driverConfig.cmake
[268.569s] -- Installing: /home/kush/UR5_Project_New/src/install/ur_robot_driver/share/ur_robot_driver/cmake/ur_robot_driverConfig-version.cmake
[268.569s] -- Installing: /home/kush/UR5_Project_New/src/install/ur_robot_driver/share/ur_robot_driver/package.xml
[268.577s] Invoked command in '/home/kush/UR5_Project_New/src/build/ur_robot_driver' returned '0': AMENT_PREFIX_PATH=/home/kush/UR5_Project_New/src/install/ur_controllers:/home/kush/UR5_Project_New/src/install/ur_description:/home/kush/UR5_Project_New/src/install/ur_dashboard_msgs:${AMENT_PREFIX_PATH} CMAKE_PREFIX_PATH=/home/kush/UR5_Project_New/src/install/ur_controllers:/home/kush/UR5_Project_New/src/install/ur_description:/home/kush/UR5_Project_New/src/install/ur_dashboard_msgs:/opt/ros/humble LD_LIBRARY_PATH=/home/kush/UR5_Project_New/src/install/ur_controllers/lib:/home/kush/UR5_Project_New/src/install/ur_dashboard_msgs/lib:${LD_LIBRARY_PATH} PYTHONPATH=/home/kush/UR5_Project_New/src/install/ur_dashboard_msgs/local/lib/python3.10/dist-packages:${PYTHONPATH} /usr/bin/cmake --install /home/kush/UR5_Project_New/src/build/ur_robot_driver
